[2019-02-26 16:05:29,602][INFO][epoch:0	loss:tensor(5.1073, device='cuda:0')]
[2019-02-26 16:05:30,538][INFO][LCC:tensor(0.1339, grad_fn=<DivBackward1>)]
[2019-02-26 16:05:30,539][INFO][Ground Truth:tensor([4.6286, 2.0278, 4.5000, 4.0526, 4.1842, 3.0811, 3.5676, 4.9722, 5.8250,
        4.7179, 5.0811, 1.7273, 5.8571, 5.3095, 2.7619, 5.7692, 6.0303, 1.8158,
        2.0256, 3.2820, 5.0882, 0.9167, 4.1191, 4.0682, 4.7949, 5.3513, 5.8750,
        4.2162, 5.7429, 3.1539, 3.0270, 5.3077, 4.4500, 5.8611, 5.9189, 4.0789,
        3.8947, 5.2353, 5.7027, 4.4762, 3.8421, 5.4615, 5.7436, 2.8461, 5.0233,
        5.9355, 4.8286, 5.1111, 4.3500, 5.2778, 3.0811, 5.5278, 3.2326, 2.4634,
        4.6000, 7.2143, 2.9048, 5.5429, 5.6905, 5.0256, 6.6500, 4.4048, 4.7000,
        5.5294, 3.7368, 5.0571, 4.9714, 3.8500, 3.4848, 5.9556, 4.7368, 2.7436,
        5.1842, 5.0303, 1.9474, 3.3889, 5.4722, 2.0930, 1.2500, 5.3415, 3.7180,
        3.6923, 4.8684, 3.0000, 4.9024, 1.9722, 3.3846, 5.8438, 6.4146, 2.9500,
        5.7561, 3.0000, 6.1429, 6.2632, 3.1053, 4.4324, 4.0952, 5.6923, 4.0278,
        1.6579, 6.8158])]
[2019-02-26 16:05:30,540][INFO][Predicted:tensor([3.9994, 4.1405, 4.7868, 5.4286, 5.3975, 5.1085, 5.7699, 4.6700, 3.8672,
        4.3674, 5.3347, 4.7708, 3.7545, 4.8566, 5.0674, 3.7234, 3.9565, 3.5292,
        3.5788, 3.6050, 4.7604, 3.3371, 4.3301, 3.9348, 5.2378, 5.4359, 3.4947,
        5.0586, 5.3558, 4.7595, 4.4512, 5.0982, 3.8847, 3.1129, 4.1855, 5.2793,
        4.8451, 3.4411, 4.5558, 4.8321, 4.7261, 3.9304, 5.3315, 3.5266, 4.9832,
        5.1172, 4.9116, 4.2656, 3.6250, 5.2976, 4.8963, 5.2397, 4.2141, 3.6978,
        3.7771, 5.1320, 4.5532, 4.0298, 4.1735, 3.9898, 4.3823, 4.6573, 4.3250,
        5.1903, 4.9974, 4.7308, 4.7252, 4.7779, 4.6937, 4.7546, 4.9738, 5.3224,
        3.7753, 4.0566, 4.8016, 3.6883, 4.4563, 3.8965, 4.1540, 4.4272, 3.5202,
        3.4475, 5.0169, 4.7315, 4.7614, 3.9218, 3.6055, 4.1869, 3.8852, 3.2191,
        4.5575, 5.7751, 3.7810, 6.1670, 5.4178, 4.0535, 3.4192, 4.0003, 5.1320,
        4.9227, 5.6841], grad_fn=<CatBackward>)]
