[2019-02-25 21:54:43,481][INFO][epoch:0	loss:tensor(1.2324, device='cuda:0')]
[2019-02-25 21:54:44,362][INFO][LCC:tensor(0.0349, grad_fn=<DivBackward1>)]
[2019-02-25 21:54:44,363][INFO][Ground Truth:tensor([2.1579, 5.4146, 5.3611, 3.9767, 6.2941, 3.5952, 3.2812, 4.2432, 4.6177,
        3.9546, 4.3721, 6.0750, 4.1667, 5.8056, 3.5676, 6.3111, 3.3421, 4.7368,
        1.7273, 1.6579, 3.6486, 5.7727, 3.9524, 5.0000, 5.2258, 6.0909, 3.9762,
        6.0811, 3.8286, 4.8108, 5.7381, 4.6667, 4.1351, 3.7368, 5.2619, 3.6667,
        6.8205, 4.6154, 3.3529, 2.4737, 5.7143, 4.0000, 2.9460, 5.1389, 6.6500,
        5.6250, 4.2558, 5.4054, 3.8809, 4.2778, 4.5000, 6.1282, 6.0540, 4.5385,
        3.4865, 3.7742, 3.5897, 4.4048, 3.6410, 3.1250, 4.4000, 3.8718, 5.5000,
        4.4615, 4.6216, 5.0294, 5.3429, 6.7273, 4.9355, 3.5250, 6.7778, 3.8222,
        4.5278, 5.7027, 6.1177, 3.1892, 5.5814, 6.1500, 4.5676, 5.8056, 4.7500,
        2.7778, 2.6098, 1.5263, 0.3421, 5.8182, 5.5135, 2.8974, 4.9355, 3.1463,
        4.9730, 6.0811, 5.7812, 5.6047, 5.8421, 3.9091, 4.5000, 3.3333, 5.3333,
        5.2250, 6.1579])]
[2019-02-25 21:54:44,363][INFO][Predicted:tensor([5.1827, 5.3435, 5.3325, 5.3401, 5.2108, 5.2879, 5.3097, 5.2477, 5.2386,
        5.3146, 5.3156, 5.2531, 5.2404, 5.2483, 5.2683, 5.3119, 5.4331, 5.3398,
        5.1997, 5.2369, 5.2935, 5.2918, 5.3442, 5.2945, 5.3066, 5.2022, 5.2995,
        5.2341, 5.3628, 5.1744, 5.3483, 5.2484, 5.2534, 5.2536, 5.3233, 5.3337,
        5.2577, 5.2578, 5.3622, 5.3054, 5.3744, 5.2649, 5.2839, 5.2667, 5.2646,
        5.3622, 5.3253, 5.2502, 5.3409, 5.3169, 5.2362, 5.2697, 5.2087, 5.2696,
        5.2258, 5.2869, 5.2091, 5.2439, 5.2523, 5.4096, 5.3185, 5.2730, 5.2057,
        5.2477, 5.2327, 5.2702, 5.2736, 5.2709, 5.2962, 5.3050, 5.2629, 5.2556,
        5.3017, 5.2634, 5.2707, 5.2967, 5.2696, 5.3503, 5.1778, 5.3210, 5.2678,
        5.1787, 5.3177, 5.1665, 5.2498, 5.3236, 5.2604, 5.3292, 5.2879, 5.4146,
        5.2477, 5.2593, 5.2891, 5.3211, 5.2705, 5.2361, 5.3346, 5.2198, 5.3112,
        5.3574, 5.2633], grad_fn=<CatBackward>)]
[2019-02-25 21:54:59,860][INFO][epoch:1	loss:tensor(1.0700, device='cuda:0')]
[2019-02-25 21:55:00,807][INFO][LCC:tensor(-0.0217, grad_fn=<DivBackward1>)]
[2019-02-25 21:55:00,807][INFO][Ground Truth:tensor([2.1579, 5.4146, 5.3611, 3.9767, 6.2941, 3.5952, 3.2812, 4.2432, 4.6177,
        3.9546, 4.3721, 6.0750, 4.1667, 5.8056, 3.5676, 6.3111, 3.3421, 4.7368,
        1.7273, 1.6579, 3.6486, 5.7727, 3.9524, 5.0000, 5.2258, 6.0909, 3.9762,
        6.0811, 3.8286, 4.8108, 5.7381, 4.6667, 4.1351, 3.7368, 5.2619, 3.6667,
        6.8205, 4.6154, 3.3529, 2.4737, 5.7143, 4.0000, 2.9460, 5.1389, 6.6500,
        5.6250, 4.2558, 5.4054, 3.8809, 4.2778, 4.5000, 6.1282, 6.0540, 4.5385,
        3.4865, 3.7742, 3.5897, 4.4048, 3.6410, 3.1250, 4.4000, 3.8718, 5.5000,
        4.4615, 4.6216, 5.0294, 5.3429, 6.7273, 4.9355, 3.5250, 6.7778, 3.8222,
        4.5278, 5.7027, 6.1177, 3.1892, 5.5814, 6.1500, 4.5676, 5.8056, 4.7500,
        2.7778, 2.6098, 1.5263, 0.3421, 5.8182, 5.5135, 2.8974, 4.9355, 3.1463,
        4.9730, 6.0811, 5.7812, 5.6047, 5.8421, 3.9091, 4.5000, 3.3333, 5.3333,
        5.2250, 6.1579])]
[2019-02-25 21:55:00,808][INFO][Predicted:tensor([5.4416, 5.5138, 5.5060, 5.5060, 5.4579, 5.4948, 5.4944, 5.4865, 5.4696,
        5.4868, 5.4875, 5.4769, 5.4860, 5.4680, 5.4895, 5.4869, 5.5809, 5.5129,
        5.4469, 5.4751, 5.5165, 5.4809, 5.5062, 5.5028, 5.5135, 5.4384, 5.5208,
        5.4624, 5.5331, 5.4112, 5.5182, 5.4687, 5.4489, 5.4624, 5.5154, 5.5069,
        5.4826, 5.5073, 5.5600, 5.4990, 5.5512, 5.5015, 5.4857, 5.4846, 5.4845,
        5.5254, 5.5210, 5.4863, 5.5096, 5.5054, 5.4505, 5.4320, 5.4550, 5.4864,
        5.4698, 5.4866, 5.4616, 5.4699, 5.4798, 5.5591, 5.4741, 5.4880, 5.4547,
        5.4790, 5.4702, 5.4895, 5.4777, 5.4935, 5.4919, 5.4760, 5.4740, 5.4643,
        5.5213, 5.5007, 5.4744, 5.5173, 5.4853, 5.5203, 5.4168, 5.5076, 5.4804,
        5.4005, 5.4933, 5.4344, 5.4741, 5.4906, 5.4703, 5.5114, 5.5040, 5.5437,
        5.4790, 5.4766, 5.5027, 5.5180, 5.4445, 5.4547, 5.5109, 5.4637, 5.5024,
        5.5086, 5.4399], grad_fn=<CatBackward>)]
[2019-02-25 21:55:16,063][INFO][epoch:2	loss:tensor(1.0735, device='cuda:0')]
[2019-02-25 21:55:16,538][INFO][LCC:tensor(-0.0771, grad_fn=<DivBackward1>)]
[2019-02-25 21:55:16,539][INFO][Ground Truth:tensor([2.1579, 5.4146, 5.3611, 3.9767, 6.2941, 3.5952, 3.2812, 4.2432, 4.6177,
        3.9546, 4.3721, 6.0750, 4.1667, 5.8056, 3.5676, 6.3111, 3.3421, 4.7368,
        1.7273, 1.6579, 3.6486, 5.7727, 3.9524, 5.0000, 5.2258, 6.0909, 3.9762,
        6.0811, 3.8286, 4.8108, 5.7381, 4.6667, 4.1351, 3.7368, 5.2619, 3.6667,
        6.8205, 4.6154, 3.3529, 2.4737, 5.7143, 4.0000, 2.9460, 5.1389, 6.6500,
        5.6250, 4.2558, 5.4054, 3.8809, 4.2778, 4.5000, 6.1282, 6.0540, 4.5385,
        3.4865, 3.7742, 3.5897, 4.4048, 3.6410, 3.1250, 4.4000, 3.8718, 5.5000,
        4.4615, 4.6216, 5.0294, 5.3429, 6.7273, 4.9355, 3.5250, 6.7778, 3.8222,
        4.5278, 5.7027, 6.1177, 3.1892, 5.5814, 6.1500, 4.5676, 5.8056, 4.7500,
        2.7778, 2.6098, 1.5263, 0.3421, 5.8182, 5.5135, 2.8974, 4.9355, 3.1463,
        4.9730, 6.0811, 5.7812, 5.6047, 5.8421, 3.9091, 4.5000, 3.3333, 5.3333,
        5.2250, 6.1579])]
[2019-02-25 21:55:16,540][INFO][Predicted:tensor([4.1282, 4.0877, 4.0876, 4.0778, 4.0991, 4.1077, 4.0964, 4.1119, 4.0938,
        4.0809, 4.0865, 4.1201, 4.1157, 4.0962, 4.0927, 4.0718, 4.0600, 4.0891,
        4.1019, 4.1008, 4.1000, 4.0835, 4.0920, 4.0962, 4.0793, 4.1141, 4.0936,
        4.1017, 4.0761, 4.1026, 4.0872, 4.1160, 4.0790, 4.1033, 4.0898, 4.0924,
        4.1085, 4.0980, 4.0617, 4.0931, 4.0853, 4.1066, 4.0868, 4.1120, 4.1110,
        4.0888, 4.0911, 4.1094, 4.0841, 4.1034, 4.0955, 4.0626, 4.1077, 4.1076,
        4.1201, 4.0937, 4.1208, 4.1174, 4.1110, 4.0592, 4.0868, 4.0996, 4.1115,
        4.1094, 4.1050, 4.1084, 4.1011, 4.1036, 4.0923, 4.1053, 4.1077, 4.1034,
        4.0953, 4.1050, 4.1038, 4.0857, 4.1108, 4.0851, 4.0810, 4.0926, 4.0961,
        4.1021, 4.0937, 4.1318, 4.1015, 4.0822, 4.1024, 4.0967, 4.0933, 4.0795,
        4.1014, 4.1032, 4.0971, 4.0887, 4.0570, 4.1092, 4.0902, 4.1022, 4.0894,
        4.0981, 4.0667], grad_fn=<CatBackward>)]
[2019-02-25 21:55:31,724][INFO][epoch:3	loss:tensor(1.0693, device='cuda:0')]
[2019-02-25 21:55:32,122][INFO][LCC:tensor(-0.1627, grad_fn=<DivBackward1>)]
[2019-02-25 21:55:32,123][INFO][Ground Truth:tensor([2.1579, 5.4146, 5.3611, 3.9767, 6.2941, 3.5952, 3.2812, 4.2432, 4.6177,
        3.9546, 4.3721, 6.0750, 4.1667, 5.8056, 3.5676, 6.3111, 3.3421, 4.7368,
        1.7273, 1.6579, 3.6486, 5.7727, 3.9524, 5.0000, 5.2258, 6.0909, 3.9762,
        6.0811, 3.8286, 4.8108, 5.7381, 4.6667, 4.1351, 3.7368, 5.2619, 3.6667,
        6.8205, 4.6154, 3.3529, 2.4737, 5.7143, 4.0000, 2.9460, 5.1389, 6.6500,
        5.6250, 4.2558, 5.4054, 3.8809, 4.2778, 4.5000, 6.1282, 6.0540, 4.5385,
        3.4865, 3.7742, 3.5897, 4.4048, 3.6410, 3.1250, 4.4000, 3.8718, 5.5000,
        4.4615, 4.6216, 5.0294, 5.3429, 6.7273, 4.9355, 3.5250, 6.7778, 3.8222,
        4.5278, 5.7027, 6.1177, 3.1892, 5.5814, 6.1500, 4.5676, 5.8056, 4.7500,
        2.7778, 2.6098, 1.5263, 0.3421, 5.8182, 5.5135, 2.8974, 4.9355, 3.1463,
        4.9730, 6.0811, 5.7812, 5.6047, 5.8421, 3.9091, 4.5000, 3.3333, 5.3333,
        5.2250, 6.1579])]
[2019-02-25 21:55:32,124][INFO][Predicted:tensor([5.0167, 4.9917, 4.9935, 4.9916, 5.0070, 5.0092, 5.0001, 5.0068, 5.0009,
        4.9920, 4.9964, 5.0143, 5.0138, 4.9991, 4.9990, 4.9907, 4.9862, 4.9949,
        5.0080, 5.0084, 5.0030, 4.9946, 4.9933, 5.0036, 4.9964, 5.0074, 4.9974,
        5.0046, 4.9938, 5.0036, 4.9943, 5.0114, 4.9873, 5.0069, 4.9976, 5.0000,
        5.0048, 4.9981, 4.9863, 4.9998, 4.9981, 5.0050, 4.9977, 5.0096, 5.0066,
        4.9959, 4.9972, 5.0080, 4.9935, 5.0016, 5.0029, 4.9819, 5.0102, 5.0052,
        5.0175, 5.0018, 5.0096, 5.0155, 5.0045, 4.9872, 4.9933, 4.9989, 5.0131,
        5.0124, 5.0077, 5.0071, 4.9981, 5.0015, 4.9997, 4.9982, 5.0010, 5.0021,
        4.9995, 5.0038, 4.9985, 4.9962, 5.0101, 4.9955, 4.9960, 4.9968, 4.9991,
        5.0055, 5.0000, 5.0239, 5.0031, 4.9907, 5.0007, 4.9962, 5.0007, 4.9957,
        5.0041, 5.0044, 4.9990, 4.9975, 4.9875, 5.0095, 4.9986, 5.0055, 5.0004,
        4.9980, 4.9812], grad_fn=<CatBackward>)]
[2019-02-25 21:55:47,038][INFO][epoch:4	loss:tensor(1.0647, device='cuda:0')]
[2019-02-25 21:55:47,443][INFO][LCC:tensor(-0.0065, grad_fn=<DivBackward1>)]
[2019-02-25 21:55:47,444][INFO][Ground Truth:tensor([2.1579, 5.4146, 5.3611, 3.9767, 6.2941, 3.5952, 3.2812, 4.2432, 4.6177,
        3.9546, 4.3721, 6.0750, 4.1667, 5.8056, 3.5676, 6.3111, 3.3421, 4.7368,
        1.7273, 1.6579, 3.6486, 5.7727, 3.9524, 5.0000, 5.2258, 6.0909, 3.9762,
        6.0811, 3.8286, 4.8108, 5.7381, 4.6667, 4.1351, 3.7368, 5.2619, 3.6667,
        6.8205, 4.6154, 3.3529, 2.4737, 5.7143, 4.0000, 2.9460, 5.1389, 6.6500,
        5.6250, 4.2558, 5.4054, 3.8809, 4.2778, 4.5000, 6.1282, 6.0540, 4.5385,
        3.4865, 3.7742, 3.5897, 4.4048, 3.6410, 3.1250, 4.4000, 3.8718, 5.5000,
        4.4615, 4.6216, 5.0294, 5.3429, 6.7273, 4.9355, 3.5250, 6.7778, 3.8222,
        4.5278, 5.7027, 6.1177, 3.1892, 5.5814, 6.1500, 4.5676, 5.8056, 4.7500,
        2.7778, 2.6098, 1.5263, 0.3421, 5.8182, 5.5135, 2.8974, 4.9355, 3.1463,
        4.9730, 6.0811, 5.7812, 5.6047, 5.8421, 3.9091, 4.5000, 3.3333, 5.3333,
        5.2250, 6.1579])]
[2019-02-25 21:55:47,444][INFO][Predicted:tensor([5.0604, 5.0664, 5.0686, 5.0663, 5.0602, 5.0638, 5.0647, 5.0636, 5.0601,
        5.0642, 5.0648, 5.0642, 5.0641, 5.0617, 5.0630, 5.0668, 5.0726, 5.0670,
        5.0604, 5.0626, 5.0648, 5.0647, 5.0659, 5.0653, 5.0657, 5.0614, 5.0650,
        5.0611, 5.0695, 5.0578, 5.0679, 5.0630, 5.0607, 5.0619, 5.0650, 5.0666,
        5.0630, 5.0629, 5.0663, 5.0668, 5.0696, 5.0639, 5.0617, 5.0637, 5.0622,
        5.0667, 5.0656, 5.0637, 5.0662, 5.0643, 5.0600, 5.0605, 5.0620, 5.0634,
        5.0625, 5.0643, 5.0617, 5.0633, 5.0631, 5.0699, 5.0637, 5.0612, 5.0623,
        5.0619, 5.0615, 5.0632, 5.0643, 5.0646, 5.0644, 5.0642, 5.0632, 5.0623,
        5.0653, 5.0643, 5.0642, 5.0638, 5.0639, 5.0674, 5.0591, 5.0662, 5.0613,
        5.0573, 5.0649, 5.0605, 5.0649, 5.0651, 5.0637, 5.0672, 5.0653, 5.0697,
        5.0618, 5.0618, 5.0646, 5.0656, 5.0607, 5.0617, 5.0664, 5.0616, 5.0639,
        5.0666, 5.0602], grad_fn=<CatBackward>)]
[2019-02-25 21:56:02,404][INFO][epoch:5	loss:tensor(1.0676, device='cuda:0')]
[2019-02-25 21:56:02,813][INFO][LCC:tensor(-0.1751, grad_fn=<DivBackward1>)]
[2019-02-25 21:56:02,814][INFO][Ground Truth:tensor([2.1579, 5.4146, 5.3611, 3.9767, 6.2941, 3.5952, 3.2812, 4.2432, 4.6177,
        3.9546, 4.3721, 6.0750, 4.1667, 5.8056, 3.5676, 6.3111, 3.3421, 4.7368,
        1.7273, 1.6579, 3.6486, 5.7727, 3.9524, 5.0000, 5.2258, 6.0909, 3.9762,
        6.0811, 3.8286, 4.8108, 5.7381, 4.6667, 4.1351, 3.7368, 5.2619, 3.6667,
        6.8205, 4.6154, 3.3529, 2.4737, 5.7143, 4.0000, 2.9460, 5.1389, 6.6500,
        5.6250, 4.2558, 5.4054, 3.8809, 4.2778, 4.5000, 6.1282, 6.0540, 4.5385,
        3.4865, 3.7742, 3.5897, 4.4048, 3.6410, 3.1250, 4.4000, 3.8718, 5.5000,
        4.4615, 4.6216, 5.0294, 5.3429, 6.7273, 4.9355, 3.5250, 6.7778, 3.8222,
        4.5278, 5.7027, 6.1177, 3.1892, 5.5814, 6.1500, 4.5676, 5.8056, 4.7500,
        2.7778, 2.6098, 1.5263, 0.3421, 5.8182, 5.5135, 2.8974, 4.9355, 3.1463,
        4.9730, 6.0811, 5.7812, 5.6047, 5.8421, 3.9091, 4.5000, 3.3333, 5.3333,
        5.2250, 6.1579])]
[2019-02-25 21:56:02,815][INFO][Predicted:tensor([4.7915, 4.7805, 4.7868, 4.7814, 4.7858, 4.7912, 4.7837, 4.7858, 4.7843,
        4.7815, 4.7808, 4.7940, 4.7882, 4.7854, 4.7861, 4.7813, 4.7828, 4.7819,
        4.7886, 4.7877, 4.7826, 4.7814, 4.7808, 4.7834, 4.7833, 4.7892, 4.7829,
        4.7877, 4.7881, 4.7912, 4.7801, 4.7859, 4.7846, 4.7855, 4.7819, 4.7825,
        4.7835, 4.7832, 4.7828, 4.7838, 4.7877, 4.7847, 4.7841, 4.7853, 4.7891,
        4.7819, 4.7819, 4.7841, 4.7803, 4.7832, 4.7869, 4.7842, 4.7898, 4.7831,
        4.7879, 4.7847, 4.7913, 4.7872, 4.7844, 4.7831, 4.7825, 4.7847, 4.7909,
        4.7853, 4.7872, 4.7837, 4.7801, 4.7850, 4.7840, 4.7844, 4.7802, 4.7818,
        4.7821, 4.7840, 4.7796, 4.7840, 4.7859, 4.7819, 4.7890, 4.7833, 4.7851,
        4.7919, 4.7823, 4.7903, 4.7858, 4.7812, 4.7803, 4.7836, 4.7838, 4.7825,
        4.7866, 4.7875, 4.7848, 4.7818, 4.7846, 4.7912, 4.7824, 4.7895, 4.7845,
        4.7826, 4.7841], grad_fn=<CatBackward>)]
[2019-02-25 21:56:17,834][INFO][epoch:6	loss:tensor(1.0647, device='cuda:0')]
[2019-02-25 21:56:18,289][INFO][LCC:tensor(-0.1497, grad_fn=<DivBackward1>)]
[2019-02-25 21:56:18,290][INFO][Ground Truth:tensor([2.1579, 5.4146, 5.3611, 3.9767, 6.2941, 3.5952, 3.2812, 4.2432, 4.6177,
        3.9546, 4.3721, 6.0750, 4.1667, 5.8056, 3.5676, 6.3111, 3.3421, 4.7368,
        1.7273, 1.6579, 3.6486, 5.7727, 3.9524, 5.0000, 5.2258, 6.0909, 3.9762,
        6.0811, 3.8286, 4.8108, 5.7381, 4.6667, 4.1351, 3.7368, 5.2619, 3.6667,
        6.8205, 4.6154, 3.3529, 2.4737, 5.7143, 4.0000, 2.9460, 5.1389, 6.6500,
        5.6250, 4.2558, 5.4054, 3.8809, 4.2778, 4.5000, 6.1282, 6.0540, 4.5385,
        3.4865, 3.7742, 3.5897, 4.4048, 3.6410, 3.1250, 4.4000, 3.8718, 5.5000,
        4.4615, 4.6216, 5.0294, 5.3429, 6.7273, 4.9355, 3.5250, 6.7778, 3.8222,
        4.5278, 5.7027, 6.1177, 3.1892, 5.5814, 6.1500, 4.5676, 5.8056, 4.7500,
        2.7778, 2.6098, 1.5263, 0.3421, 5.8182, 5.5135, 2.8974, 4.9355, 3.1463,
        4.9730, 6.0811, 5.7812, 5.6047, 5.8421, 3.9091, 4.5000, 3.3333, 5.3333,
        5.2250, 6.1579])]
[2019-02-25 21:56:18,291][INFO][Predicted:tensor([4.9803, 4.9567, 4.9617, 4.9578, 4.9691, 4.9715, 4.9638, 4.9674, 4.9650,
        4.9605, 4.9587, 4.9769, 4.9704, 4.9622, 4.9646, 4.9586, 4.9516, 4.9616,
        4.9749, 4.9756, 4.9606, 4.9606, 4.9583, 4.9602, 4.9591, 4.9729, 4.9604,
        4.9661, 4.9627, 4.9732, 4.9563, 4.9727, 4.9628, 4.9689, 4.9595, 4.9593,
        4.9681, 4.9633, 4.9528, 4.9624, 4.9652, 4.9679, 4.9601, 4.9689, 4.9690,
        4.9581, 4.9591, 4.9672, 4.9567, 4.9636, 4.9689, 4.9606, 4.9745, 4.9691,
        4.9748, 4.9633, 4.9798, 4.9720, 4.9649, 4.9527, 4.9629, 4.9638, 4.9741,
        4.9678, 4.9695, 4.9667, 4.9646, 4.9681, 4.9617, 4.9648, 4.9676, 4.9650,
        4.9585, 4.9658, 4.9657, 4.9620, 4.9695, 4.9567, 4.9661, 4.9603, 4.9634,
        4.9716, 4.9610, 4.9842, 4.9712, 4.9581, 4.9665, 4.9612, 4.9615, 4.9555,
        4.9673, 4.9681, 4.9618, 4.9601, 4.9614, 4.9695, 4.9600, 4.9707, 4.9622,
        4.9591, 4.9619], grad_fn=<CatBackward>)]
[2019-02-25 21:56:33,526][INFO][epoch:7	loss:tensor(1.0638, device='cuda:0')]
[2019-02-25 21:56:33,931][INFO][LCC:tensor(-0.1112, grad_fn=<DivBackward1>)]
[2019-02-25 21:56:33,932][INFO][Ground Truth:tensor([2.1579, 5.4146, 5.3611, 3.9767, 6.2941, 3.5952, 3.2812, 4.2432, 4.6177,
        3.9546, 4.3721, 6.0750, 4.1667, 5.8056, 3.5676, 6.3111, 3.3421, 4.7368,
        1.7273, 1.6579, 3.6486, 5.7727, 3.9524, 5.0000, 5.2258, 6.0909, 3.9762,
        6.0811, 3.8286, 4.8108, 5.7381, 4.6667, 4.1351, 3.7368, 5.2619, 3.6667,
        6.8205, 4.6154, 3.3529, 2.4737, 5.7143, 4.0000, 2.9460, 5.1389, 6.6500,
        5.6250, 4.2558, 5.4054, 3.8809, 4.2778, 4.5000, 6.1282, 6.0540, 4.5385,
        3.4865, 3.7742, 3.5897, 4.4048, 3.6410, 3.1250, 4.4000, 3.8718, 5.5000,
        4.4615, 4.6216, 5.0294, 5.3429, 6.7273, 4.9355, 3.5250, 6.7778, 3.8222,
        4.5278, 5.7027, 6.1177, 3.1892, 5.5814, 6.1500, 4.5676, 5.8056, 4.7500,
        2.7778, 2.6098, 1.5263, 0.3421, 5.8182, 5.5135, 2.8974, 4.9355, 3.1463,
        4.9730, 6.0811, 5.7812, 5.6047, 5.8421, 3.9091, 4.5000, 3.3333, 5.3333,
        5.2250, 6.1579])]
[2019-02-25 21:56:33,932][INFO][Predicted:tensor([4.3372, 4.3152, 4.3125, 4.3146, 4.3267, 4.3246, 4.3153, 4.3254, 4.3242,
        4.3167, 4.3131, 4.3317, 4.3223, 4.3225, 4.3225, 4.3116, 4.3037, 4.3157,
        4.3288, 4.3270, 4.3189, 4.3163, 4.3164, 4.3191, 4.3139, 4.3261, 4.3183,
        4.3211, 4.3125, 4.3233, 4.3143, 4.3295, 4.3070, 4.3218, 4.3158, 4.3147,
        4.3249, 4.3212, 4.3053, 4.3165, 4.3115, 4.3250, 4.3175, 4.3301, 4.3222,
        4.3142, 4.3159, 4.3241, 4.3164, 4.3202, 4.3182, 4.3056, 4.3262, 4.3256,
        4.3340, 4.3202, 4.3328, 4.3344, 4.3247, 4.3024, 4.3196, 4.3171, 4.3262,
        4.3283, 4.3235, 4.3241, 4.3227, 4.3206, 4.3170, 4.3226, 4.3259, 4.3232,
        4.3174, 4.3238, 4.3235, 4.3159, 4.3244, 4.3144, 4.3157, 4.3194, 4.3181,
        4.3211, 4.3176, 4.3379, 4.3227, 4.3154, 4.3253, 4.3164, 4.3181, 4.3112,
        4.3211, 4.3210, 4.3206, 4.3159, 4.3042, 4.3259, 4.3174, 4.3221, 4.3141,
        4.3146, 4.3082], grad_fn=<CatBackward>)]
[2019-02-25 21:56:49,036][INFO][epoch:8	loss:tensor(1.0620, device='cuda:0')]
[2019-02-25 21:56:49,441][INFO][LCC:tensor(-0.1216, grad_fn=<DivBackward1>)]
[2019-02-25 21:56:49,442][INFO][Ground Truth:tensor([2.1579, 5.4146, 5.3611, 3.9767, 6.2941, 3.5952, 3.2812, 4.2432, 4.6177,
        3.9546, 4.3721, 6.0750, 4.1667, 5.8056, 3.5676, 6.3111, 3.3421, 4.7368,
        1.7273, 1.6579, 3.6486, 5.7727, 3.9524, 5.0000, 5.2258, 6.0909, 3.9762,
        6.0811, 3.8286, 4.8108, 5.7381, 4.6667, 4.1351, 3.7368, 5.2619, 3.6667,
        6.8205, 4.6154, 3.3529, 2.4737, 5.7143, 4.0000, 2.9460, 5.1389, 6.6500,
        5.6250, 4.2558, 5.4054, 3.8809, 4.2778, 4.5000, 6.1282, 6.0540, 4.5385,
        3.4865, 3.7742, 3.5897, 4.4048, 3.6410, 3.1250, 4.4000, 3.8718, 5.5000,
        4.4615, 4.6216, 5.0294, 5.3429, 6.7273, 4.9355, 3.5250, 6.7778, 3.8222,
        4.5278, 5.7027, 6.1177, 3.1892, 5.5814, 6.1500, 4.5676, 5.8056, 4.7500,
        2.7778, 2.6098, 1.5263, 0.3421, 5.8182, 5.5135, 2.8974, 4.9355, 3.1463,
        4.9730, 6.0811, 5.7812, 5.6047, 5.8421, 3.9091, 4.5000, 3.3333, 5.3333,
        5.2250, 6.1579])]
[2019-02-25 21:56:49,442][INFO][Predicted:tensor([5.4285, 4.5914, 4.7818, 4.6116, 5.0810, 5.1623, 4.7196, 5.0686, 4.8728,
        4.6072, 4.5862, 5.1675, 5.2181, 4.8166, 5.0066, 4.6041, 4.4155, 4.7093,
        5.1582, 5.0750, 4.7455, 4.6732, 4.5414, 4.9817, 4.6419, 5.2544, 4.8622,
        5.0204, 4.6640, 5.1883, 4.5943, 5.2714, 4.6019, 5.0325, 4.7383, 4.6431,
        4.9043, 4.9691, 4.4619, 4.8359, 4.7041, 5.2277, 4.8613, 5.1994, 5.0356,
        4.6688, 4.7760, 5.1221, 4.6540, 4.9899, 4.9529, 4.5322, 5.1855, 4.9763,
        5.4018, 4.8127, 5.4612, 5.2945, 5.0485, 4.3721, 4.6128, 4.9380, 5.2175,
        5.1334, 4.9917, 5.0670, 4.9751, 4.7293, 4.6448, 4.8931, 5.0479, 4.9215,
        4.7950, 5.2459, 4.9612, 4.9445, 5.2086, 4.6721, 4.8210, 4.7333, 4.8780,
        5.0015, 4.7301, 5.5116, 4.8849, 4.7542, 5.0312, 4.8060, 4.8093, 4.5280,
        4.9961, 4.9642, 4.7619, 4.7883, 4.4590, 5.1400, 4.6317, 5.1581, 4.7194,
        4.6274, 4.4049], grad_fn=<CatBackward>)]
[2019-02-25 21:57:04,535][INFO][epoch:9	loss:tensor(1.0645, device='cuda:0')]
[2019-02-25 21:57:04,931][INFO][LCC:tensor(-0.1125, grad_fn=<DivBackward1>)]
[2019-02-25 21:57:04,932][INFO][Ground Truth:tensor([2.1579, 5.4146, 5.3611, 3.9767, 6.2941, 3.5952, 3.2812, 4.2432, 4.6177,
        3.9546, 4.3721, 6.0750, 4.1667, 5.8056, 3.5676, 6.3111, 3.3421, 4.7368,
        1.7273, 1.6579, 3.6486, 5.7727, 3.9524, 5.0000, 5.2258, 6.0909, 3.9762,
        6.0811, 3.8286, 4.8108, 5.7381, 4.6667, 4.1351, 3.7368, 5.2619, 3.6667,
        6.8205, 4.6154, 3.3529, 2.4737, 5.7143, 4.0000, 2.9460, 5.1389, 6.6500,
        5.6250, 4.2558, 5.4054, 3.8809, 4.2778, 4.5000, 6.1282, 6.0540, 4.5385,
        3.4865, 3.7742, 3.5897, 4.4048, 3.6410, 3.1250, 4.4000, 3.8718, 5.5000,
        4.4615, 4.6216, 5.0294, 5.3429, 6.7273, 4.9355, 3.5250, 6.7778, 3.8222,
        4.5278, 5.7027, 6.1177, 3.1892, 5.5814, 6.1500, 4.5676, 5.8056, 4.7500,
        2.7778, 2.6098, 1.5263, 0.3421, 5.8182, 5.5135, 2.8974, 4.9355, 3.1463,
        4.9730, 6.0811, 5.7812, 5.6047, 5.8421, 3.9091, 4.5000, 3.3333, 5.3333,
        5.2250, 6.1579])]
[2019-02-25 21:57:04,932][INFO][Predicted:tensor([5.1749, 5.1435, 5.1661, 5.1338, 5.1393, 5.1686, 5.1251, 5.1406, 5.1334,
        5.1532, 5.1641, 5.1740, 5.1734, 5.1364, 5.1820, 5.1714, 5.1573, 5.1614,
        5.1365, 5.1585, 5.1224, 5.1599, 5.1433, 5.1185, 5.1276, 5.1830, 5.1318,
        5.1783, 5.1522, 5.2094, 5.1504, 5.1267, 5.2036, 5.1397, 5.1240, 5.1428,
        5.1177, 5.1412, 5.1237, 5.1640, 5.1562, 5.1403, 5.1554, 5.1188, 5.1625,
        5.1455, 5.1383, 5.1277, 5.1410, 5.1308, 5.1734, 5.1853, 5.1642, 5.1194,
        5.1472, 5.1345, 5.1633, 5.1349, 5.1357, 5.1311, 5.1522, 5.1824, 5.1851,
        5.1209, 5.1532, 5.1086, 5.1170, 5.1461, 5.1312, 5.1583, 5.1110, 5.1282,
        5.1372, 5.1295, 5.1119, 5.1691, 5.1318, 5.1556, 5.2052, 5.1433, 5.1532,
        5.2207, 5.1351, 5.1660, 5.1695, 5.1628, 5.1137, 5.1661, 5.1255, 5.1542,
        5.1808, 5.1794, 5.1303, 5.1418, 5.1951, 5.1731, 5.1378, 5.1932, 5.1290,
        5.1425, 5.1941], grad_fn=<CatBackward>)]
[2019-02-25 21:57:20,033][INFO][epoch:10	loss:tensor(1.0681, device='cuda:0')]
[2019-02-25 21:57:20,435][INFO][LCC:tensor(-0.0647, grad_fn=<DivBackward1>)]
[2019-02-25 21:57:20,436][INFO][Ground Truth:tensor([2.1579, 5.4146, 5.3611, 3.9767, 6.2941, 3.5952, 3.2812, 4.2432, 4.6177,
        3.9546, 4.3721, 6.0750, 4.1667, 5.8056, 3.5676, 6.3111, 3.3421, 4.7368,
        1.7273, 1.6579, 3.6486, 5.7727, 3.9524, 5.0000, 5.2258, 6.0909, 3.9762,
        6.0811, 3.8286, 4.8108, 5.7381, 4.6667, 4.1351, 3.7368, 5.2619, 3.6667,
        6.8205, 4.6154, 3.3529, 2.4737, 5.7143, 4.0000, 2.9460, 5.1389, 6.6500,
        5.6250, 4.2558, 5.4054, 3.8809, 4.2778, 4.5000, 6.1282, 6.0540, 4.5385,
        3.4865, 3.7742, 3.5897, 4.4048, 3.6410, 3.1250, 4.4000, 3.8718, 5.5000,
        4.4615, 4.6216, 5.0294, 5.3429, 6.7273, 4.9355, 3.5250, 6.7778, 3.8222,
        4.5278, 5.7027, 6.1177, 3.1892, 5.5814, 6.1500, 4.5676, 5.8056, 4.7500,
        2.7778, 2.6098, 1.5263, 0.3421, 5.8182, 5.5135, 2.8974, 4.9355, 3.1463,
        4.9730, 6.0811, 5.7812, 5.6047, 5.8421, 3.9091, 4.5000, 3.3333, 5.3333,
        5.2250, 6.1579])]
[2019-02-25 21:57:20,436][INFO][Predicted:tensor([4.9866, 4.9778, 4.9839, 4.9758, 4.9860, 4.9850, 4.9860, 4.9858, 4.9839,
        4.9778, 4.9783, 4.9881, 4.9861, 4.9873, 4.9879, 4.9754, 4.9801, 4.9823,
        4.9831, 4.9880, 4.9804, 4.9774, 4.9801, 4.9806, 4.9852, 4.9898, 4.9845,
        4.9868, 4.9844, 4.9893, 4.9777, 4.9806, 4.9908, 4.9836, 4.9863, 4.9808,
        4.9838, 4.9878, 4.9874, 4.9785, 4.9836, 4.9872, 4.9899, 4.9856, 4.9887,
        4.9819, 4.9855, 4.9859, 4.9777, 4.9838, 4.9896, 4.9898, 4.9901, 4.9824,
        4.9868, 4.9872, 4.9876, 4.9841, 4.9817, 4.9853, 4.9765, 4.9896, 4.9884,
        4.9844, 4.9845, 4.9839, 4.9720, 4.9856, 4.9876, 4.9808, 4.9707, 4.9779,
        4.9866, 4.9857, 4.9726, 4.9901, 4.9858, 4.9799, 4.9892, 4.9829, 4.9867,
        4.9898, 4.9798, 4.9876, 4.9816, 4.9785, 4.9706, 4.9793, 4.9888, 4.9780,
        4.9872, 4.9871, 4.9876, 4.9836, 4.9871, 4.9886, 4.9794, 4.9881, 4.9871,
        4.9806, 4.9883], grad_fn=<CatBackward>)]
[2019-02-25 21:57:35,553][INFO][epoch:11	loss:tensor(1.0653, device='cuda:0')]
[2019-02-25 21:57:35,971][INFO][LCC:tensor(-0.1013, grad_fn=<DivBackward1>)]
[2019-02-25 21:57:35,972][INFO][Ground Truth:tensor([2.1579, 5.4146, 5.3611, 3.9767, 6.2941, 3.5952, 3.2812, 4.2432, 4.6177,
        3.9546, 4.3721, 6.0750, 4.1667, 5.8056, 3.5676, 6.3111, 3.3421, 4.7368,
        1.7273, 1.6579, 3.6486, 5.7727, 3.9524, 5.0000, 5.2258, 6.0909, 3.9762,
        6.0811, 3.8286, 4.8108, 5.7381, 4.6667, 4.1351, 3.7368, 5.2619, 3.6667,
        6.8205, 4.6154, 3.3529, 2.4737, 5.7143, 4.0000, 2.9460, 5.1389, 6.6500,
        5.6250, 4.2558, 5.4054, 3.8809, 4.2778, 4.5000, 6.1282, 6.0540, 4.5385,
        3.4865, 3.7742, 3.5897, 4.4048, 3.6410, 3.1250, 4.4000, 3.8718, 5.5000,
        4.4615, 4.6216, 5.0294, 5.3429, 6.7273, 4.9355, 3.5250, 6.7778, 3.8222,
        4.5278, 5.7027, 6.1177, 3.1892, 5.5814, 6.1500, 4.5676, 5.8056, 4.7500,
        2.7778, 2.6098, 1.5263, 0.3421, 5.8182, 5.5135, 2.8974, 4.9355, 3.1463,
        4.9730, 6.0811, 5.7812, 5.6047, 5.8421, 3.9091, 4.5000, 3.3333, 5.3333,
        5.2250, 6.1579])]
[2019-02-25 21:57:35,972][INFO][Predicted:tensor([4.8900, 4.8841, 4.8869, 4.8841, 4.8872, 4.8893, 4.8867, 4.8861, 4.8876,
        4.8847, 4.8844, 4.8895, 4.8884, 4.8892, 4.8893, 4.8851, 4.8848, 4.8861,
        4.8874, 4.8888, 4.8864, 4.8841, 4.8842, 4.8863, 4.8875, 4.8906, 4.8859,
        4.8902, 4.8861, 4.8914, 4.8841, 4.8864, 4.8896, 4.8864, 4.8854, 4.8845,
        4.8846, 4.8883, 4.8849, 4.8863, 4.8878, 4.8895, 4.8888, 4.8856, 4.8880,
        4.8848, 4.8857, 4.8860, 4.8839, 4.8869, 4.8887, 4.8895, 4.8908, 4.8853,
        4.8877, 4.8877, 4.8884, 4.8856, 4.8851, 4.8860, 4.8840, 4.8894, 4.8908,
        4.8869, 4.8873, 4.8861, 4.8822, 4.8871, 4.8865, 4.8862, 4.8819, 4.8836,
        4.8853, 4.8879, 4.8829, 4.8890, 4.8873, 4.8853, 4.8905, 4.8860, 4.8890,
        4.8915, 4.8851, 4.8891, 4.8859, 4.8841, 4.8821, 4.8868, 4.8879, 4.8860,
        4.8890, 4.8890, 4.8869, 4.8860, 4.8896, 4.8904, 4.8846, 4.8907, 4.8867,
        4.8851, 4.8890], grad_fn=<CatBackward>)]
[2019-02-25 21:57:50,963][INFO][epoch:12	loss:tensor(1.0663, device='cuda:0')]
[2019-02-25 21:57:51,367][INFO][LCC:tensor(0.1333, grad_fn=<DivBackward1>)]
[2019-02-25 21:57:51,368][INFO][Ground Truth:tensor([2.1579, 5.4146, 5.3611, 3.9767, 6.2941, 3.5952, 3.2812, 4.2432, 4.6177,
        3.9546, 4.3721, 6.0750, 4.1667, 5.8056, 3.5676, 6.3111, 3.3421, 4.7368,
        1.7273, 1.6579, 3.6486, 5.7727, 3.9524, 5.0000, 5.2258, 6.0909, 3.9762,
        6.0811, 3.8286, 4.8108, 5.7381, 4.6667, 4.1351, 3.7368, 5.2619, 3.6667,
        6.8205, 4.6154, 3.3529, 2.4737, 5.7143, 4.0000, 2.9460, 5.1389, 6.6500,
        5.6250, 4.2558, 5.4054, 3.8809, 4.2778, 4.5000, 6.1282, 6.0540, 4.5385,
        3.4865, 3.7742, 3.5897, 4.4048, 3.6410, 3.1250, 4.4000, 3.8718, 5.5000,
        4.4615, 4.6216, 5.0294, 5.3429, 6.7273, 4.9355, 3.5250, 6.7778, 3.8222,
        4.5278, 5.7027, 6.1177, 3.1892, 5.5814, 6.1500, 4.5676, 5.8056, 4.7500,
        2.7778, 2.6098, 1.5263, 0.3421, 5.8182, 5.5135, 2.8974, 4.9355, 3.1463,
        4.9730, 6.0811, 5.7812, 5.6047, 5.8421, 3.9091, 4.5000, 3.3333, 5.3333,
        5.2250, 6.1579])]
[2019-02-25 21:57:51,369][INFO][Predicted:tensor([4.6914, 4.6951, 4.6927, 4.6962, 4.6918, 4.6925, 4.6925, 4.6938, 4.6918,
        4.6959, 4.6946, 4.6918, 4.6922, 4.6918, 4.6921, 4.6965, 4.6943, 4.6948,
        4.6920, 4.6919, 4.6932, 4.6959, 4.6945, 4.6934, 4.6928, 4.6920, 4.6924,
        4.6921, 4.6936, 4.6913, 4.6947, 4.6930, 4.6920, 4.6926, 4.6923, 4.6948,
        4.6934, 4.6917, 4.6923, 4.6938, 4.6933, 4.6922, 4.6918, 4.6921, 4.6926,
        4.6946, 4.6922, 4.6930, 4.6952, 4.6933, 4.6915, 4.6926, 4.6916, 4.6932,
        4.6927, 4.6920, 4.6915, 4.6920, 4.6928, 4.6933, 4.6960, 4.6915, 4.6918,
        4.6927, 4.6925, 4.6921, 4.6968, 4.6925, 4.6926, 4.6951, 4.6969, 4.6933,
        4.6922, 4.6922, 4.6968, 4.6914, 4.6926, 4.6957, 4.6917, 4.6942, 4.6919,
        4.6919, 4.6946, 4.6913, 4.6942, 4.6956, 4.6968, 4.6946, 4.6916, 4.6958,
        4.6919, 4.6919, 4.6925, 4.6927, 4.6920, 4.6916, 4.6951, 4.6917, 4.6923,
        4.6949, 4.6928], grad_fn=<CatBackward>)]
[2019-02-25 21:58:06,658][INFO][epoch:13	loss:tensor(1.0666, device='cuda:0')]
[2019-02-25 21:58:07,065][INFO][LCC:tensor(0.0390, grad_fn=<DivBackward1>)]
[2019-02-25 21:58:07,066][INFO][Ground Truth:tensor([2.1579, 5.4146, 5.3611, 3.9767, 6.2941, 3.5952, 3.2812, 4.2432, 4.6177,
        3.9546, 4.3721, 6.0750, 4.1667, 5.8056, 3.5676, 6.3111, 3.3421, 4.7368,
        1.7273, 1.6579, 3.6486, 5.7727, 3.9524, 5.0000, 5.2258, 6.0909, 3.9762,
        6.0811, 3.8286, 4.8108, 5.7381, 4.6667, 4.1351, 3.7368, 5.2619, 3.6667,
        6.8205, 4.6154, 3.3529, 2.4737, 5.7143, 4.0000, 2.9460, 5.1389, 6.6500,
        5.6250, 4.2558, 5.4054, 3.8809, 4.2778, 4.5000, 6.1282, 6.0540, 4.5385,
        3.4865, 3.7742, 3.5897, 4.4048, 3.6410, 3.1250, 4.4000, 3.8718, 5.5000,
        4.4615, 4.6216, 5.0294, 5.3429, 6.7273, 4.9355, 3.5250, 6.7778, 3.8222,
        4.5278, 5.7027, 6.1177, 3.1892, 5.5814, 6.1500, 4.5676, 5.8056, 4.7500,
        2.7778, 2.6098, 1.5263, 0.3421, 5.8182, 5.5135, 2.8974, 4.9355, 3.1463,
        4.9730, 6.0811, 5.7812, 5.6047, 5.8421, 3.9091, 4.5000, 3.3333, 5.3333,
        5.2250, 6.1579])]
[2019-02-25 21:58:07,066][INFO][Predicted:tensor([4.8847, 5.0964, 4.9819, 5.1155, 4.9263, 4.9402, 4.9445, 4.9674, 4.9001,
        5.0907, 5.1254, 4.9496, 4.9174, 4.9076, 4.9172, 5.1817, 5.0892, 5.1112,
        4.9367, 4.9407, 4.9998, 5.1059, 5.0932, 4.9960, 4.9553, 4.9149, 4.9847,
        4.9231, 4.9996, 4.8568, 5.0719, 4.9448, 4.9752, 4.9311, 4.9679, 5.0770,
        5.0046, 4.9262, 4.9645, 5.1185, 4.9908, 4.9292, 4.9018, 4.9299, 4.9219,
        5.0649, 4.9614, 4.9478, 5.0992, 4.9872, 4.9018, 4.9382, 4.8922, 4.9480,
        4.9370, 4.9242, 4.9046, 4.9447, 4.9779, 5.0021, 5.1448, 4.9220, 4.9168,
        4.9642, 4.9219, 4.9480, 5.0641, 4.9889, 4.9429, 5.0484, 5.0521, 5.0495,
        4.9818, 4.9098, 5.0513, 4.9236, 4.9901, 5.1394, 4.8871, 5.0762, 4.8945,
        4.8904, 5.0423, 4.8892, 5.0756, 5.1511, 5.0794, 5.0767, 4.9700, 5.1234,
        4.9218, 4.9272, 4.9178, 4.9824, 4.9517, 4.9014, 5.0590, 4.8972, 4.9583,
        4.9941, 4.9167], grad_fn=<CatBackward>)]
[2019-02-25 21:58:22,286][INFO][epoch:14	loss:tensor(1.0644, device='cuda:0')]
[2019-02-25 21:58:22,688][INFO][LCC:tensor(-0.1051, grad_fn=<DivBackward1>)]
[2019-02-25 21:58:22,689][INFO][Ground Truth:tensor([2.1579, 5.4146, 5.3611, 3.9767, 6.2941, 3.5952, 3.2812, 4.2432, 4.6177,
        3.9546, 4.3721, 6.0750, 4.1667, 5.8056, 3.5676, 6.3111, 3.3421, 4.7368,
        1.7273, 1.6579, 3.6486, 5.7727, 3.9524, 5.0000, 5.2258, 6.0909, 3.9762,
        6.0811, 3.8286, 4.8108, 5.7381, 4.6667, 4.1351, 3.7368, 5.2619, 3.6667,
        6.8205, 4.6154, 3.3529, 2.4737, 5.7143, 4.0000, 2.9460, 5.1389, 6.6500,
        5.6250, 4.2558, 5.4054, 3.8809, 4.2778, 4.5000, 6.1282, 6.0540, 4.5385,
        3.4865, 3.7742, 3.5897, 4.4048, 3.6410, 3.1250, 4.4000, 3.8718, 5.5000,
        4.4615, 4.6216, 5.0294, 5.3429, 6.7273, 4.9355, 3.5250, 6.7778, 3.8222,
        4.5278, 5.7027, 6.1177, 3.1892, 5.5814, 6.1500, 4.5676, 5.8056, 4.7500,
        2.7778, 2.6098, 1.5263, 0.3421, 5.8182, 5.5135, 2.8974, 4.9355, 3.1463,
        4.9730, 6.0811, 5.7812, 5.6047, 5.8421, 3.9091, 4.5000, 3.3333, 5.3333,
        5.2250, 6.1579])]
[2019-02-25 21:58:22,690][INFO][Predicted:tensor([4.6792, 4.6686, 4.6741, 4.6668, 4.6774, 4.6759, 4.6751, 4.6735, 4.6767,
        4.6689, 4.6663, 4.6767, 4.6779, 4.6780, 4.6776, 4.6640, 4.6663, 4.6699,
        4.6781, 4.6781, 4.6736, 4.6665, 4.6668, 4.6709, 4.6749, 4.6768, 4.6742,
        4.6784, 4.6717, 4.6804, 4.6672, 4.6743, 4.6766, 4.6760, 4.6754, 4.6690,
        4.6736, 4.6778, 4.6759, 4.6689, 4.6718, 4.6775, 4.6792, 4.6762, 4.6745,
        4.6677, 4.6748, 4.6749, 4.6671, 4.6725, 4.6776, 4.6754, 4.6799, 4.6742,
        4.6746, 4.6758, 4.6781, 4.6765, 4.6758, 4.6729, 4.6683, 4.6779, 4.6764,
        4.6757, 4.6764, 4.6751, 4.6685, 4.6725, 4.6748, 4.6701, 4.6687, 4.6709,
        4.6738, 4.6755, 4.6697, 4.6762, 4.6753, 4.6670, 4.6789, 4.6690, 4.6787,
        4.6789, 4.6708, 4.6795, 4.6705, 4.6656, 4.6694, 4.6692, 4.6752, 4.6650,
        4.6777, 4.6763, 4.6754, 4.6742, 4.6768, 4.6777, 4.6686, 4.6776, 4.6771,
        4.6688, 4.6768], grad_fn=<CatBackward>)]
[2019-02-25 21:58:37,723][INFO][epoch:15	loss:tensor(1.0609, device='cuda:0')]
[2019-02-25 21:58:38,127][INFO][LCC:tensor(0.0155, grad_fn=<DivBackward1>)]
[2019-02-25 21:58:38,127][INFO][Ground Truth:tensor([2.1579, 5.4146, 5.3611, 3.9767, 6.2941, 3.5952, 3.2812, 4.2432, 4.6177,
        3.9546, 4.3721, 6.0750, 4.1667, 5.8056, 3.5676, 6.3111, 3.3421, 4.7368,
        1.7273, 1.6579, 3.6486, 5.7727, 3.9524, 5.0000, 5.2258, 6.0909, 3.9762,
        6.0811, 3.8286, 4.8108, 5.7381, 4.6667, 4.1351, 3.7368, 5.2619, 3.6667,
        6.8205, 4.6154, 3.3529, 2.4737, 5.7143, 4.0000, 2.9460, 5.1389, 6.6500,
        5.6250, 4.2558, 5.4054, 3.8809, 4.2778, 4.5000, 6.1282, 6.0540, 4.5385,
        3.4865, 3.7742, 3.5897, 4.4048, 3.6410, 3.1250, 4.4000, 3.8718, 5.5000,
        4.4615, 4.6216, 5.0294, 5.3429, 6.7273, 4.9355, 3.5250, 6.7778, 3.8222,
        4.5278, 5.7027, 6.1177, 3.1892, 5.5814, 6.1500, 4.5676, 5.8056, 4.7500,
        2.7778, 2.6098, 1.5263, 0.3421, 5.8182, 5.5135, 2.8974, 4.9355, 3.1463,
        4.9730, 6.0811, 5.7812, 5.6047, 5.8421, 3.9091, 4.5000, 3.3333, 5.3333,
        5.2250, 6.1579])]
[2019-02-25 21:58:38,128][INFO][Predicted:tensor([5.3151, 5.3151, 5.3164, 5.3157, 5.3167, 5.3174, 5.3162, 5.3165, 5.3164,
        5.3169, 5.3157, 5.3176, 5.3176, 5.3174, 5.3177, 5.3165, 5.3167, 5.3167,
        5.3171, 5.3174, 5.3158, 5.3169, 5.3149, 5.3159, 5.3169, 5.3182, 5.3157,
        5.3179, 5.3167, 5.3195, 5.3155, 5.3153, 5.3185, 5.3164, 5.3157, 5.3161,
        5.3152, 5.3182, 5.3168, 5.3173, 5.3168, 5.3165, 5.3169, 5.3152, 5.3175,
        5.3165, 5.3161, 5.3163, 5.3153, 5.3163, 5.3174, 5.3193, 5.3188, 5.3157,
        5.3167, 5.3179, 5.3155, 5.3154, 5.3149, 5.3167, 5.3165, 5.3179, 5.3187,
        5.3146, 5.3157, 5.3150, 5.3138, 5.3171, 5.3170, 5.3165, 5.3141, 5.3148,
        5.3158, 5.3163, 5.3135, 5.3176, 5.3156, 5.3166, 5.3198, 5.3158, 5.3182,
        5.3193, 5.3163, 5.3165, 5.3162, 5.3169, 5.3135, 5.3162, 5.3164, 5.3170,
        5.3180, 5.3183, 5.3168, 5.3159, 5.3199, 5.3175, 5.3159, 5.3182, 5.3174,
        5.3161, 5.3197], grad_fn=<CatBackward>)]
[2019-02-25 21:58:53,300][INFO][epoch:16	loss:tensor(1.0646, device='cuda:0')]
[2019-02-25 21:58:53,716][INFO][LCC:tensor(-0.0608, grad_fn=<DivBackward1>)]
[2019-02-25 21:58:53,717][INFO][Ground Truth:tensor([2.1579, 5.4146, 5.3611, 3.9767, 6.2941, 3.5952, 3.2812, 4.2432, 4.6177,
        3.9546, 4.3721, 6.0750, 4.1667, 5.8056, 3.5676, 6.3111, 3.3421, 4.7368,
        1.7273, 1.6579, 3.6486, 5.7727, 3.9524, 5.0000, 5.2258, 6.0909, 3.9762,
        6.0811, 3.8286, 4.8108, 5.7381, 4.6667, 4.1351, 3.7368, 5.2619, 3.6667,
        6.8205, 4.6154, 3.3529, 2.4737, 5.7143, 4.0000, 2.9460, 5.1389, 6.6500,
        5.6250, 4.2558, 5.4054, 3.8809, 4.2778, 4.5000, 6.1282, 6.0540, 4.5385,
        3.4865, 3.7742, 3.5897, 4.4048, 3.6410, 3.1250, 4.4000, 3.8718, 5.5000,
        4.4615, 4.6216, 5.0294, 5.3429, 6.7273, 4.9355, 3.5250, 6.7778, 3.8222,
        4.5278, 5.7027, 6.1177, 3.1892, 5.5814, 6.1500, 4.5676, 5.8056, 4.7500,
        2.7778, 2.6098, 1.5263, 0.3421, 5.8182, 5.5135, 2.8974, 4.9355, 3.1463,
        4.9730, 6.0811, 5.7812, 5.6047, 5.8421, 3.9091, 4.5000, 3.3333, 5.3333,
        5.2250, 6.1579])]
[2019-02-25 21:58:53,717][INFO][Predicted:tensor([4.6307, 4.6187, 4.6247, 4.6182, 4.6316, 4.6319, 4.6265, 4.6275, 4.6296,
        4.6182, 4.6199, 4.6284, 4.6313, 4.6365, 4.6320, 4.6173, 4.6210, 4.6207,
        4.6295, 4.6335, 4.6226, 4.6242, 4.6184, 4.6214, 4.6286, 4.6361, 4.6262,
        4.6312, 4.6250, 4.6376, 4.6176, 4.6241, 4.6369, 4.6280, 4.6281, 4.6219,
        4.6243, 4.6313, 4.6295, 4.6213, 4.6281, 4.6292, 4.6330, 4.6249, 4.6277,
        4.6191, 4.6248, 4.6270, 4.6194, 4.6276, 4.6325, 4.6371, 4.6344, 4.6241,
        4.6297, 4.6266, 4.6287, 4.6270, 4.6263, 4.6286, 4.6185, 4.6329, 4.6328,
        4.6261, 4.6263, 4.6275, 4.6166, 4.6273, 4.6288, 4.6229, 4.6163, 4.6209,
        4.6264, 4.6301, 4.6165, 4.6352, 4.6275, 4.6207, 4.6350, 4.6243, 4.6314,
        4.6356, 4.6217, 4.6326, 4.6230, 4.6198, 4.6170, 4.6222, 4.6273, 4.6192,
        4.6337, 4.6341, 4.6270, 4.6231, 4.6349, 4.6352, 4.6205, 4.6321, 4.6288,
        4.6201, 4.6347], grad_fn=<CatBackward>)]
[2019-02-25 21:59:09,127][INFO][epoch:17	loss:tensor(1.0666, device='cuda:0')]
[2019-02-25 21:59:09,548][INFO][LCC:tensor(-0.0015, grad_fn=<DivBackward1>)]
[2019-02-25 21:59:09,549][INFO][Ground Truth:tensor([2.1579, 5.4146, 5.3611, 3.9767, 6.2941, 3.5952, 3.2812, 4.2432, 4.6177,
        3.9546, 4.3721, 6.0750, 4.1667, 5.8056, 3.5676, 6.3111, 3.3421, 4.7368,
        1.7273, 1.6579, 3.6486, 5.7727, 3.9524, 5.0000, 5.2258, 6.0909, 3.9762,
        6.0811, 3.8286, 4.8108, 5.7381, 4.6667, 4.1351, 3.7368, 5.2619, 3.6667,
        6.8205, 4.6154, 3.3529, 2.4737, 5.7143, 4.0000, 2.9460, 5.1389, 6.6500,
        5.6250, 4.2558, 5.4054, 3.8809, 4.2778, 4.5000, 6.1282, 6.0540, 4.5385,
        3.4865, 3.7742, 3.5897, 4.4048, 3.6410, 3.1250, 4.4000, 3.8718, 5.5000,
        4.4615, 4.6216, 5.0294, 5.3429, 6.7273, 4.9355, 3.5250, 6.7778, 3.8222,
        4.5278, 5.7027, 6.1177, 3.1892, 5.5814, 6.1500, 4.5676, 5.8056, 4.7500,
        2.7778, 2.6098, 1.5263, 0.3421, 5.8182, 5.5135, 2.8974, 4.9355, 3.1463,
        4.9730, 6.0811, 5.7812, 5.6047, 5.8421, 3.9091, 4.5000, 3.3333, 5.3333,
        5.2250, 6.1579])]
[2019-02-25 21:59:09,550][INFO][Predicted:tensor([4.6094, 4.6078, 4.6091, 4.6089, 4.6095, 4.6092, 4.6097, 4.6088, 4.6090,
        4.6087, 4.6075, 4.6098, 4.6093, 4.6107, 4.6098, 4.6078, 4.6083, 4.6083,
        4.6090, 4.6100, 4.6081, 4.6088, 4.6079, 4.6083, 4.6092, 4.6104, 4.6091,
        4.6103, 4.6095, 4.6116, 4.6075, 4.6076, 4.6115, 4.6092, 4.6086, 4.6086,
        4.6081, 4.6098, 4.6101, 4.6081, 4.6092, 4.6092, 4.6106, 4.6082, 4.6091,
        4.6081, 4.6092, 4.6086, 4.6079, 4.6092, 4.6105, 4.6116, 4.6108, 4.6081,
        4.6090, 4.6094, 4.6088, 4.6079, 4.6083, 4.6096, 4.6079, 4.6104, 4.6100,
        4.6080, 4.6086, 4.6089, 4.6071, 4.6090, 4.6092, 4.6079, 4.6070, 4.6080,
        4.6080, 4.6086, 4.6072, 4.6108, 4.6081, 4.6083, 4.6118, 4.6078, 4.6102,
        4.6115, 4.6078, 4.6091, 4.6080, 4.6089, 4.6076, 4.6079, 4.6097, 4.6081,
        4.6102, 4.6103, 4.6092, 4.6090, 4.6121, 4.6103, 4.6079, 4.6106, 4.6096,
        4.6081, 4.6117], grad_fn=<CatBackward>)]
[2019-02-25 21:59:24,761][INFO][epoch:18	loss:tensor(1.0616, device='cuda:0')]
[2019-02-25 21:59:25,161][INFO][LCC:tensor(0.0962, grad_fn=<DivBackward1>)]
[2019-02-25 21:59:25,162][INFO][Ground Truth:tensor([2.1579, 5.4146, 5.3611, 3.9767, 6.2941, 3.5952, 3.2812, 4.2432, 4.6177,
        3.9546, 4.3721, 6.0750, 4.1667, 5.8056, 3.5676, 6.3111, 3.3421, 4.7368,
        1.7273, 1.6579, 3.6486, 5.7727, 3.9524, 5.0000, 5.2258, 6.0909, 3.9762,
        6.0811, 3.8286, 4.8108, 5.7381, 4.6667, 4.1351, 3.7368, 5.2619, 3.6667,
        6.8205, 4.6154, 3.3529, 2.4737, 5.7143, 4.0000, 2.9460, 5.1389, 6.6500,
        5.6250, 4.2558, 5.4054, 3.8809, 4.2778, 4.5000, 6.1282, 6.0540, 4.5385,
        3.4865, 3.7742, 3.5897, 4.4048, 3.6410, 3.1250, 4.4000, 3.8718, 5.5000,
        4.4615, 4.6216, 5.0294, 5.3429, 6.7273, 4.9355, 3.5250, 6.7778, 3.8222,
        4.5278, 5.7027, 6.1177, 3.1892, 5.5814, 6.1500, 4.5676, 5.8056, 4.7500,
        2.7778, 2.6098, 1.5263, 0.3421, 5.8182, 5.5135, 2.8974, 4.9355, 3.1463,
        4.9730, 6.0811, 5.7812, 5.6047, 5.8421, 3.9091, 4.5000, 3.3333, 5.3333,
        5.2250, 6.1579])]
[2019-02-25 21:59:25,162][INFO][Predicted:tensor([4.8472, 4.8508, 4.8491, 4.8512, 4.8475, 4.8479, 4.8485, 4.8478, 4.8472,
        4.8500, 4.8511, 4.8478, 4.8477, 4.8471, 4.8478, 4.8522, 4.8505, 4.8507,
        4.8472, 4.8478, 4.8496, 4.8509, 4.8513, 4.8502, 4.8491, 4.8474, 4.8493,
        4.8474, 4.8495, 4.8463, 4.8511, 4.8483, 4.8470, 4.8483, 4.8484, 4.8504,
        4.8497, 4.8479, 4.8489, 4.8499, 4.8490, 4.8478, 4.8478, 4.8480, 4.8485,
        4.8508, 4.8484, 4.8484, 4.8506, 4.8487, 4.8472, 4.8474, 4.8469, 4.8486,
        4.8474, 4.8484, 4.8472, 4.8479, 4.8492, 4.8491, 4.8513, 4.8473, 4.8470,
        4.8481, 4.8481, 4.8479, 4.8503, 4.8491, 4.8484, 4.8499, 4.8499, 4.8496,
        4.8488, 4.8480, 4.8505, 4.8478, 4.8485, 4.8512, 4.8466, 4.8505, 4.8478,
        4.8467, 4.8506, 4.8466, 4.8500, 4.8507, 4.8500, 4.8507, 4.8482, 4.8509,
        4.8472, 4.8477, 4.8480, 4.8493, 4.8481, 4.8472, 4.8507, 4.8471, 4.8489,
        4.8502, 4.8483], grad_fn=<CatBackward>)]
[2019-02-25 21:59:40,340][INFO][epoch:19	loss:tensor(1.0687, device='cuda:0')]
[2019-02-25 21:59:40,762][INFO][LCC:tensor(0.1066, grad_fn=<DivBackward1>)]
[2019-02-25 21:59:40,763][INFO][Ground Truth:tensor([2.1579, 5.4146, 5.3611, 3.9767, 6.2941, 3.5952, 3.2812, 4.2432, 4.6177,
        3.9546, 4.3721, 6.0750, 4.1667, 5.8056, 3.5676, 6.3111, 3.3421, 4.7368,
        1.7273, 1.6579, 3.6486, 5.7727, 3.9524, 5.0000, 5.2258, 6.0909, 3.9762,
        6.0811, 3.8286, 4.8108, 5.7381, 4.6667, 4.1351, 3.7368, 5.2619, 3.6667,
        6.8205, 4.6154, 3.3529, 2.4737, 5.7143, 4.0000, 2.9460, 5.1389, 6.6500,
        5.6250, 4.2558, 5.4054, 3.8809, 4.2778, 4.5000, 6.1282, 6.0540, 4.5385,
        3.4865, 3.7742, 3.5897, 4.4048, 3.6410, 3.1250, 4.4000, 3.8718, 5.5000,
        4.4615, 4.6216, 5.0294, 5.3429, 6.7273, 4.9355, 3.5250, 6.7778, 3.8222,
        4.5278, 5.7027, 6.1177, 3.1892, 5.5814, 6.1500, 4.5676, 5.8056, 4.7500,
        2.7778, 2.6098, 1.5263, 0.3421, 5.8182, 5.5135, 2.8974, 4.9355, 3.1463,
        4.9730, 6.0811, 5.7812, 5.6047, 5.8421, 3.9091, 4.5000, 3.3333, 5.3333,
        5.2250, 6.1579])]
[2019-02-25 21:59:40,763][INFO][Predicted:tensor([4.5734, 4.5820, 4.5792, 4.5804, 4.5755, 4.5753, 4.5762, 4.5768, 4.5755,
        4.5801, 4.5814, 4.5742, 4.5755, 4.5740, 4.5744, 4.5818, 4.5798, 4.5796,
        4.5738, 4.5742, 4.5786, 4.5807, 4.5812, 4.5797, 4.5765, 4.5739, 4.5782,
        4.5740, 4.5764, 4.5715, 4.5808, 4.5790, 4.5721, 4.5749, 4.5768, 4.5798,
        4.5791, 4.5758, 4.5762, 4.5798, 4.5775, 4.5746, 4.5745, 4.5771, 4.5744,
        4.5813, 4.5769, 4.5763, 4.5810, 4.5762, 4.5744, 4.5739, 4.5738, 4.5760,
        4.5753, 4.5758, 4.5747, 4.5763, 4.5761, 4.5788, 4.5805, 4.5726, 4.5739,
        4.5769, 4.5777, 4.5766, 4.5815, 4.5763, 4.5764, 4.5794, 4.5815, 4.5806,
        4.5781, 4.5753, 4.5817, 4.5742, 4.5784, 4.5808, 4.5718, 4.5808, 4.5730,
        4.5726, 4.5804, 4.5737, 4.5783, 4.5815, 4.5815, 4.5812, 4.5755, 4.5800,
        4.5740, 4.5741, 4.5751, 4.5788, 4.5720, 4.5743, 4.5803, 4.5727, 4.5752,
        4.5795, 4.5739], grad_fn=<CatBackward>)]
[2019-02-25 21:59:56,018][INFO][epoch:20	loss:tensor(1.0594, device='cuda:0')]
[2019-02-25 21:59:56,412][INFO][LCC:tensor(-0.1552, grad_fn=<DivBackward1>)]
[2019-02-25 21:59:56,413][INFO][Ground Truth:tensor([2.1579, 5.4146, 5.3611, 3.9767, 6.2941, 3.5952, 3.2812, 4.2432, 4.6177,
        3.9546, 4.3721, 6.0750, 4.1667, 5.8056, 3.5676, 6.3111, 3.3421, 4.7368,
        1.7273, 1.6579, 3.6486, 5.7727, 3.9524, 5.0000, 5.2258, 6.0909, 3.9762,
        6.0811, 3.8286, 4.8108, 5.7381, 4.6667, 4.1351, 3.7368, 5.2619, 3.6667,
        6.8205, 4.6154, 3.3529, 2.4737, 5.7143, 4.0000, 2.9460, 5.1389, 6.6500,
        5.6250, 4.2558, 5.4054, 3.8809, 4.2778, 4.5000, 6.1282, 6.0540, 4.5385,
        3.4865, 3.7742, 3.5897, 4.4048, 3.6410, 3.1250, 4.4000, 3.8718, 5.5000,
        4.4615, 4.6216, 5.0294, 5.3429, 6.7273, 4.9355, 3.5250, 6.7778, 3.8222,
        4.5278, 5.7027, 6.1177, 3.1892, 5.5814, 6.1500, 4.5676, 5.8056, 4.7500,
        2.7778, 2.6098, 1.5263, 0.3421, 5.8182, 5.5135, 2.8974, 4.9355, 3.1463,
        4.9730, 6.0811, 5.7812, 5.6047, 5.8421, 3.9091, 4.5000, 3.3333, 5.3333,
        5.2250, 6.1579])]
[2019-02-25 21:59:56,413][INFO][Predicted:tensor([4.4675, 4.4673, 4.4673, 4.4675, 4.4673, 4.4674, 4.4673, 4.4674, 4.4673,
        4.4674, 4.4674, 4.4675, 4.4675, 4.4674, 4.4674, 4.4677, 4.4674, 4.4674,
        4.4673, 4.4675, 4.4674, 4.4675, 4.4673, 4.4674, 4.4673, 4.4675, 4.4673,
        4.4674, 4.4673, 4.4675, 4.4673, 4.4672, 4.4674, 4.4672, 4.4672, 4.4673,
        4.4673, 4.4673, 4.4671, 4.4676, 4.4673, 4.4673, 4.4674, 4.4672, 4.4674,
        4.4674, 4.4672, 4.4673, 4.4673, 4.4674, 4.4675, 4.4675, 4.4676, 4.4672,
        4.4674, 4.4673, 4.4674, 4.4673, 4.4672, 4.4673, 4.4674, 4.4674, 4.4675,
        4.4672, 4.4672, 4.4673, 4.4672, 4.4675, 4.4674, 4.4675, 4.4671, 4.4671,
        4.4671, 4.4673, 4.4671, 4.4673, 4.4673, 4.4675, 4.4675, 4.4674, 4.4674,
        4.4675, 4.4674, 4.4675, 4.4676, 4.4674, 4.4671, 4.4675, 4.4674, 4.4675,
        4.4674, 4.4674, 4.4673, 4.4673, 4.4675, 4.4675, 4.4675, 4.4674, 4.4673,
        4.4673, 4.4674], grad_fn=<CatBackward>)]
[2019-02-25 22:00:11,330][INFO][epoch:21	loss:tensor(1.0663, device='cuda:0')]
[2019-02-25 22:00:11,757][INFO][LCC:tensor(-0.1579, grad_fn=<DivBackward1>)]
[2019-02-25 22:00:11,758][INFO][Ground Truth:tensor([2.1579, 5.4146, 5.3611, 3.9767, 6.2941, 3.5952, 3.2812, 4.2432, 4.6177,
        3.9546, 4.3721, 6.0750, 4.1667, 5.8056, 3.5676, 6.3111, 3.3421, 4.7368,
        1.7273, 1.6579, 3.6486, 5.7727, 3.9524, 5.0000, 5.2258, 6.0909, 3.9762,
        6.0811, 3.8286, 4.8108, 5.7381, 4.6667, 4.1351, 3.7368, 5.2619, 3.6667,
        6.8205, 4.6154, 3.3529, 2.4737, 5.7143, 4.0000, 2.9460, 5.1389, 6.6500,
        5.6250, 4.2558, 5.4054, 3.8809, 4.2778, 4.5000, 6.1282, 6.0540, 4.5385,
        3.4865, 3.7742, 3.5897, 4.4048, 3.6410, 3.1250, 4.4000, 3.8718, 5.5000,
        4.4615, 4.6216, 5.0294, 5.3429, 6.7273, 4.9355, 3.5250, 6.7778, 3.8222,
        4.5278, 5.7027, 6.1177, 3.1892, 5.5814, 6.1500, 4.5676, 5.8056, 4.7500,
        2.7778, 2.6098, 1.5263, 0.3421, 5.8182, 5.5135, 2.8974, 4.9355, 3.1463,
        4.9730, 6.0811, 5.7812, 5.6047, 5.8421, 3.9091, 4.5000, 3.3333, 5.3333,
        5.2250, 6.1579])]
[2019-02-25 22:00:11,759][INFO][Predicted:tensor([4.5067, 4.5063, 4.5065, 4.5064, 4.5066, 4.5067, 4.5065, 4.5065, 4.5067,
        4.5065, 4.5065, 4.5068, 4.5066, 4.5067, 4.5067, 4.5064, 4.5065, 4.5065,
        4.5066, 4.5067, 4.5065, 4.5065, 4.5064, 4.5065, 4.5065, 4.5067, 4.5064,
        4.5066, 4.5065, 4.5068, 4.5063, 4.5065, 4.5067, 4.5065, 4.5064, 4.5064,
        4.5064, 4.5066, 4.5066, 4.5065, 4.5066, 4.5065, 4.5067, 4.5064, 4.5066,
        4.5064, 4.5066, 4.5065, 4.5063, 4.5066, 4.5067, 4.5067, 4.5068, 4.5065,
        4.5066, 4.5065, 4.5066, 4.5065, 4.5065, 4.5065, 4.5064, 4.5068, 4.5067,
        4.5065, 4.5065, 4.5065, 4.5062, 4.5066, 4.5066, 4.5066, 4.5063, 4.5063,
        4.5065, 4.5066, 4.5062, 4.5067, 4.5065, 4.5064, 4.5068, 4.5065, 4.5067,
        4.5068, 4.5065, 4.5067, 4.5066, 4.5064, 4.5062, 4.5065, 4.5065, 4.5064,
        4.5068, 4.5066, 4.5066, 4.5065, 4.5067, 4.5067, 4.5064, 4.5066, 4.5066,
        4.5063, 4.5067], grad_fn=<CatBackward>)]
[2019-02-25 22:00:26,950][INFO][epoch:22	loss:tensor(1.0674, device='cuda:0')]
[2019-02-25 22:00:27,344][INFO][LCC:tensor(0.0505, grad_fn=<DivBackward1>)]
[2019-02-25 22:00:27,345][INFO][Ground Truth:tensor([2.1579, 5.4146, 5.3611, 3.9767, 6.2941, 3.5952, 3.2812, 4.2432, 4.6177,
        3.9546, 4.3721, 6.0750, 4.1667, 5.8056, 3.5676, 6.3111, 3.3421, 4.7368,
        1.7273, 1.6579, 3.6486, 5.7727, 3.9524, 5.0000, 5.2258, 6.0909, 3.9762,
        6.0811, 3.8286, 4.8108, 5.7381, 4.6667, 4.1351, 3.7368, 5.2619, 3.6667,
        6.8205, 4.6154, 3.3529, 2.4737, 5.7143, 4.0000, 2.9460, 5.1389, 6.6500,
        5.6250, 4.2558, 5.4054, 3.8809, 4.2778, 4.5000, 6.1282, 6.0540, 4.5385,
        3.4865, 3.7742, 3.5897, 4.4048, 3.6410, 3.1250, 4.4000, 3.8718, 5.5000,
        4.4615, 4.6216, 5.0294, 5.3429, 6.7273, 4.9355, 3.5250, 6.7778, 3.8222,
        4.5278, 5.7027, 6.1177, 3.1892, 5.5814, 6.1500, 4.5676, 5.8056, 4.7500,
        2.7778, 2.6098, 1.5263, 0.3421, 5.8182, 5.5135, 2.8974, 4.9355, 3.1463,
        4.9730, 6.0811, 5.7812, 5.6047, 5.8421, 3.9091, 4.5000, 3.3333, 5.3333,
        5.2250, 6.1579])]
[2019-02-25 22:00:27,346][INFO][Predicted:tensor([5.0469, 5.0477, 5.0472, 5.0477, 5.0471, 5.0470, 5.0472, 5.0472, 5.0471,
        5.0477, 5.0476, 5.0471, 5.0471, 5.0470, 5.0470, 5.0477, 5.0478, 5.0476,
        5.0471, 5.0471, 5.0477, 5.0476, 5.0477, 5.0475, 5.0472, 5.0469, 5.0473,
        5.0470, 5.0475, 5.0469, 5.0477, 5.0474, 5.0471, 5.0471, 5.0472, 5.0476,
        5.0474, 5.0470, 5.0473, 5.0476, 5.0473, 5.0472, 5.0470, 5.0472, 5.0471,
        5.0477, 5.0473, 5.0472, 5.0476, 5.0473, 5.0470, 5.0470, 5.0470, 5.0473,
        5.0471, 5.0472, 5.0470, 5.0471, 5.0473, 5.0473, 5.0477, 5.0470, 5.0470,
        5.0472, 5.0471, 5.0471, 5.0475, 5.0474, 5.0472, 5.0474, 5.0475, 5.0474,
        5.0473, 5.0471, 5.0476, 5.0471, 5.0473, 5.0477, 5.0470, 5.0475, 5.0471,
        5.0470, 5.0476, 5.0469, 5.0475, 5.0478, 5.0475, 5.0476, 5.0471, 5.0478,
        5.0470, 5.0471, 5.0472, 5.0473, 5.0471, 5.0470, 5.0476, 5.0471, 5.0472,
        5.0477, 5.0471], grad_fn=<CatBackward>)]
[2019-02-25 22:00:42,481][INFO][epoch:23	loss:tensor(1.0621, device='cuda:0')]
[2019-02-25 22:00:42,886][INFO][LCC:tensor(-0.1868, grad_fn=<DivBackward1>)]
[2019-02-25 22:00:42,887][INFO][Ground Truth:tensor([2.1579, 5.4146, 5.3611, 3.9767, 6.2941, 3.5952, 3.2812, 4.2432, 4.6177,
        3.9546, 4.3721, 6.0750, 4.1667, 5.8056, 3.5676, 6.3111, 3.3421, 4.7368,
        1.7273, 1.6579, 3.6486, 5.7727, 3.9524, 5.0000, 5.2258, 6.0909, 3.9762,
        6.0811, 3.8286, 4.8108, 5.7381, 4.6667, 4.1351, 3.7368, 5.2619, 3.6667,
        6.8205, 4.6154, 3.3529, 2.4737, 5.7143, 4.0000, 2.9460, 5.1389, 6.6500,
        5.6250, 4.2558, 5.4054, 3.8809, 4.2778, 4.5000, 6.1282, 6.0540, 4.5385,
        3.4865, 3.7742, 3.5897, 4.4048, 3.6410, 3.1250, 4.4000, 3.8718, 5.5000,
        4.4615, 4.6216, 5.0294, 5.3429, 6.7273, 4.9355, 3.5250, 6.7778, 3.8222,
        4.5278, 5.7027, 6.1177, 3.1892, 5.5814, 6.1500, 4.5676, 5.8056, 4.7500,
        2.7778, 2.6098, 1.5263, 0.3421, 5.8182, 5.5135, 2.8974, 4.9355, 3.1463,
        4.9730, 6.0811, 5.7812, 5.6047, 5.8421, 3.9091, 4.5000, 3.3333, 5.3333,
        5.2250, 6.1579])]
[2019-02-25 22:00:42,887][INFO][Predicted:tensor([5.4265, 5.4264, 5.4265, 5.4264, 5.4265, 5.4265, 5.4264, 5.4264, 5.4265,
        5.4264, 5.4264, 5.4266, 5.4265, 5.4265, 5.4265, 5.4264, 5.4264, 5.4264,
        5.4265, 5.4265, 5.4265, 5.4263, 5.4263, 5.4265, 5.4264, 5.4266, 5.4265,
        5.4265, 5.4264, 5.4265, 5.4263, 5.4264, 5.4264, 5.4264, 5.4264, 5.4264,
        5.4263, 5.4264, 5.4263, 5.4265, 5.4264, 5.4265, 5.4265, 5.4264, 5.4265,
        5.4264, 5.4264, 5.4264, 5.4263, 5.4264, 5.4265, 5.4264, 5.4266, 5.4264,
        5.4265, 5.4264, 5.4265, 5.4265, 5.4264, 5.4263, 5.4263, 5.4265, 5.4266,
        5.4265, 5.4264, 5.4264, 5.4263, 5.4265, 5.4264, 5.4265, 5.4263, 5.4263,
        5.4263, 5.4265, 5.4263, 5.4264, 5.4265, 5.4264, 5.4265, 5.4264, 5.4264,
        5.4266, 5.4264, 5.4266, 5.4264, 5.4263, 5.4263, 5.4265, 5.4264, 5.4264,
        5.4265, 5.4265, 5.4264, 5.4264, 5.4264, 5.4266, 5.4264, 5.4266, 5.4264,
        5.4264, 5.4264], grad_fn=<CatBackward>)]
[2019-02-25 22:00:58,126][INFO][epoch:24	loss:tensor(1.0682, device='cuda:0')]
[2019-02-25 22:00:58,557][INFO][LCC:tensor(-0.1620, grad_fn=<DivBackward1>)]
[2019-02-25 22:00:58,557][INFO][Ground Truth:tensor([2.1579, 5.4146, 5.3611, 3.9767, 6.2941, 3.5952, 3.2812, 4.2432, 4.6177,
        3.9546, 4.3721, 6.0750, 4.1667, 5.8056, 3.5676, 6.3111, 3.3421, 4.7368,
        1.7273, 1.6579, 3.6486, 5.7727, 3.9524, 5.0000, 5.2258, 6.0909, 3.9762,
        6.0811, 3.8286, 4.8108, 5.7381, 4.6667, 4.1351, 3.7368, 5.2619, 3.6667,
        6.8205, 4.6154, 3.3529, 2.4737, 5.7143, 4.0000, 2.9460, 5.1389, 6.6500,
        5.6250, 4.2558, 5.4054, 3.8809, 4.2778, 4.5000, 6.1282, 6.0540, 4.5385,
        3.4865, 3.7742, 3.5897, 4.4048, 3.6410, 3.1250, 4.4000, 3.8718, 5.5000,
        4.4615, 4.6216, 5.0294, 5.3429, 6.7273, 4.9355, 3.5250, 6.7778, 3.8222,
        4.5278, 5.7027, 6.1177, 3.1892, 5.5814, 6.1500, 4.5676, 5.8056, 4.7500,
        2.7778, 2.6098, 1.5263, 0.3421, 5.8182, 5.5135, 2.8974, 4.9355, 3.1463,
        4.9730, 6.0811, 5.7812, 5.6047, 5.8421, 3.9091, 4.5000, 3.3333, 5.3333,
        5.2250, 6.1579])]
[2019-02-25 22:00:58,558][INFO][Predicted:tensor([5.1443, 5.1439, 5.1441, 5.1440, 5.1442, 5.1443, 5.1440, 5.1440, 5.1442,
        5.1441, 5.1440, 5.1443, 5.1443, 5.1442, 5.1443, 5.1441, 5.1441, 5.1441,
        5.1443, 5.1445, 5.1439, 5.1440, 5.1438, 5.1440, 5.1440, 5.1445, 5.1440,
        5.1443, 5.1441, 5.1447, 5.1439, 5.1439, 5.1445, 5.1441, 5.1439, 5.1439,
        5.1439, 5.1441, 5.1440, 5.1441, 5.1440, 5.1440, 5.1443, 5.1439, 5.1444,
        5.1439, 5.1439, 5.1439, 5.1439, 5.1440, 5.1443, 5.1444, 5.1444, 5.1440,
        5.1441, 5.1440, 5.1442, 5.1440, 5.1440, 5.1439, 5.1439, 5.1443, 5.1444,
        5.1439, 5.1440, 5.1439, 5.1437, 5.1441, 5.1439, 5.1441, 5.1436, 5.1438,
        5.1438, 5.1441, 5.1437, 5.1442, 5.1441, 5.1439, 5.1447, 5.1440, 5.1441,
        5.1449, 5.1439, 5.1443, 5.1442, 5.1440, 5.1436, 5.1440, 5.1440, 5.1440,
        5.1442, 5.1443, 5.1440, 5.1439, 5.1444, 5.1445, 5.1438, 5.1444, 5.1440,
        5.1439, 5.1445], grad_fn=<CatBackward>)]
[2019-02-25 22:01:13,547][INFO][epoch:25	loss:tensor(1.0696, device='cuda:0')]
[2019-02-25 22:01:13,967][INFO][LCC:tensor(0.0242, grad_fn=<DivBackward1>)]
[2019-02-25 22:01:13,968][INFO][Ground Truth:tensor([2.1579, 5.4146, 5.3611, 3.9767, 6.2941, 3.5952, 3.2812, 4.2432, 4.6177,
        3.9546, 4.3721, 6.0750, 4.1667, 5.8056, 3.5676, 6.3111, 3.3421, 4.7368,
        1.7273, 1.6579, 3.6486, 5.7727, 3.9524, 5.0000, 5.2258, 6.0909, 3.9762,
        6.0811, 3.8286, 4.8108, 5.7381, 4.6667, 4.1351, 3.7368, 5.2619, 3.6667,
        6.8205, 4.6154, 3.3529, 2.4737, 5.7143, 4.0000, 2.9460, 5.1389, 6.6500,
        5.6250, 4.2558, 5.4054, 3.8809, 4.2778, 4.5000, 6.1282, 6.0540, 4.5385,
        3.4865, 3.7742, 3.5897, 4.4048, 3.6410, 3.1250, 4.4000, 3.8718, 5.5000,
        4.4615, 4.6216, 5.0294, 5.3429, 6.7273, 4.9355, 3.5250, 6.7778, 3.8222,
        4.5278, 5.7027, 6.1177, 3.1892, 5.5814, 6.1500, 4.5676, 5.8056, 4.7500,
        2.7778, 2.6098, 1.5263, 0.3421, 5.8182, 5.5135, 2.8974, 4.9355, 3.1463,
        4.9730, 6.0811, 5.7812, 5.6047, 5.8421, 3.9091, 4.5000, 3.3333, 5.3333,
        5.2250, 6.1579])]
[2019-02-25 22:01:13,968][INFO][Predicted:tensor([4.4424, 4.4438, 4.4431, 4.4438, 4.4426, 4.4428, 4.4429, 4.4430, 4.4428,
        4.4434, 4.4439, 4.4427, 4.4426, 4.4429, 4.4428, 4.4440, 4.4435, 4.4435,
        4.4425, 4.4426, 4.4436, 4.4437, 4.4436, 4.4435, 4.4431, 4.4424, 4.4430,
        4.4426, 4.4434, 4.4421, 4.4437, 4.4427, 4.4427, 4.4429, 4.4430, 4.4436,
        4.4430, 4.4429, 4.4433, 4.4437, 4.4432, 4.4427, 4.4429, 4.4428, 4.4428,
        4.4436, 4.4432, 4.4427, 4.4439, 4.4430, 4.4427, 4.4431, 4.4426, 4.4429,
        4.4425, 4.4430, 4.4425, 4.4426, 4.4431, 4.4434, 4.4438, 4.4425, 4.4426,
        4.4428, 4.4428, 4.4431, 4.4427, 4.4433, 4.4430, 4.4434, 4.4427, 4.4433,
        4.4432, 4.4428, 4.4429, 4.4428, 4.4431, 4.4436, 4.4424, 4.4435, 4.4427,
        4.4421, 4.4436, 4.4424, 4.4434, 4.4436, 4.4427, 4.4437, 4.4430, 4.4439,
        4.4426, 4.4426, 4.4432, 4.4433, 4.4431, 4.4424, 4.4437, 4.4424, 4.4431,
        4.4435, 4.4429], grad_fn=<CatBackward>)]
[2019-02-25 22:01:29,194][INFO][epoch:26	loss:tensor(1.0664, device='cuda:0')]
[2019-02-25 22:01:29,633][INFO][LCC:tensor(0.0132, grad_fn=<DivBackward1>)]
[2019-02-25 22:01:29,634][INFO][Ground Truth:tensor([2.1579, 5.4146, 5.3611, 3.9767, 6.2941, 3.5952, 3.2812, 4.2432, 4.6177,
        3.9546, 4.3721, 6.0750, 4.1667, 5.8056, 3.5676, 6.3111, 3.3421, 4.7368,
        1.7273, 1.6579, 3.6486, 5.7727, 3.9524, 5.0000, 5.2258, 6.0909, 3.9762,
        6.0811, 3.8286, 4.8108, 5.7381, 4.6667, 4.1351, 3.7368, 5.2619, 3.6667,
        6.8205, 4.6154, 3.3529, 2.4737, 5.7143, 4.0000, 2.9460, 5.1389, 6.6500,
        5.6250, 4.2558, 5.4054, 3.8809, 4.2778, 4.5000, 6.1282, 6.0540, 4.5385,
        3.4865, 3.7742, 3.5897, 4.4048, 3.6410, 3.1250, 4.4000, 3.8718, 5.5000,
        4.4615, 4.6216, 5.0294, 5.3429, 6.7273, 4.9355, 3.5250, 6.7778, 3.8222,
        4.5278, 5.7027, 6.1177, 3.1892, 5.5814, 6.1500, 4.5676, 5.8056, 4.7500,
        2.7778, 2.6098, 1.5263, 0.3421, 5.8182, 5.5135, 2.8974, 4.9355, 3.1463,
        4.9730, 6.0811, 5.7812, 5.6047, 5.8421, 3.9091, 4.5000, 3.3333, 5.3333,
        5.2250, 6.1579])]
[2019-02-25 22:01:29,635][INFO][Predicted:tensor([5.3673, 5.3644, 5.3657, 5.3650, 5.3671, 5.3668, 5.3660, 5.3664, 5.3666,
        5.3650, 5.3645, 5.3670, 5.3672, 5.3666, 5.3666, 5.3645, 5.3647, 5.3655,
        5.3671, 5.3666, 5.3661, 5.3654, 5.3652, 5.3662, 5.3656, 5.3666, 5.3658,
        5.3670, 5.3655, 5.3669, 5.3648, 5.3666, 5.3653, 5.3668, 5.3665, 5.3650,
        5.3664, 5.3665, 5.3658, 5.3650, 5.3660, 5.3670, 5.3662, 5.3668, 5.3664,
        5.3651, 5.3661, 5.3666, 5.3652, 5.3665, 5.3665, 5.3656, 5.3669, 5.3668,
        5.3673, 5.3660, 5.3672, 5.3671, 5.3668, 5.3655, 5.3652, 5.3666, 5.3670,
        5.3665, 5.3669, 5.3669, 5.3672, 5.3657, 5.3658, 5.3656, 5.3671, 5.3658,
        5.3663, 5.3669, 5.3672, 5.3665, 5.3668, 5.3652, 5.3664, 5.3661, 5.3666,
        5.3665, 5.3650, 5.3676, 5.3659, 5.3647, 5.3672, 5.3651, 5.3660, 5.3645,
        5.3667, 5.3669, 5.3662, 5.3660, 5.3653, 5.3662, 5.3649, 5.3665, 5.3658,
        5.3652, 5.3655], grad_fn=<CatBackward>)]
[2019-02-25 22:01:44,892][INFO][epoch:27	loss:tensor(1.0686, device='cuda:0')]
[2019-02-25 22:01:45,289][INFO][LCC:tensor(-0.0909, grad_fn=<DivBackward1>)]
[2019-02-25 22:01:45,290][INFO][Ground Truth:tensor([2.1579, 5.4146, 5.3611, 3.9767, 6.2941, 3.5952, 3.2812, 4.2432, 4.6177,
        3.9546, 4.3721, 6.0750, 4.1667, 5.8056, 3.5676, 6.3111, 3.3421, 4.7368,
        1.7273, 1.6579, 3.6486, 5.7727, 3.9524, 5.0000, 5.2258, 6.0909, 3.9762,
        6.0811, 3.8286, 4.8108, 5.7381, 4.6667, 4.1351, 3.7368, 5.2619, 3.6667,
        6.8205, 4.6154, 3.3529, 2.4737, 5.7143, 4.0000, 2.9460, 5.1389, 6.6500,
        5.6250, 4.2558, 5.4054, 3.8809, 4.2778, 4.5000, 6.1282, 6.0540, 4.5385,
        3.4865, 3.7742, 3.5897, 4.4048, 3.6410, 3.1250, 4.4000, 3.8718, 5.5000,
        4.4615, 4.6216, 5.0294, 5.3429, 6.7273, 4.9355, 3.5250, 6.7778, 3.8222,
        4.5278, 5.7027, 6.1177, 3.1892, 5.5814, 6.1500, 4.5676, 5.8056, 4.7500,
        2.7778, 2.6098, 1.5263, 0.3421, 5.8182, 5.5135, 2.8974, 4.9355, 3.1463,
        4.9730, 6.0811, 5.7812, 5.6047, 5.8421, 3.9091, 4.5000, 3.3333, 5.3333,
        5.2250, 6.1579])]
[2019-02-25 22:01:45,291][INFO][Predicted:tensor([4.5892, 4.5882, 4.5885, 4.5882, 4.5889, 4.5889, 4.5886, 4.5887, 4.5890,
        4.5883, 4.5882, 4.5891, 4.5890, 4.5892, 4.5891, 4.5881, 4.5881, 4.5883,
        4.5892, 4.5893, 4.5884, 4.5883, 4.5883, 4.5885, 4.5886, 4.5893, 4.5886,
        4.5893, 4.5886, 4.5900, 4.5882, 4.5887, 4.5888, 4.5889, 4.5887, 4.5885,
        4.5887, 4.5887, 4.5888, 4.5883, 4.5887, 4.5887, 4.5890, 4.5887, 4.5889,
        4.5882, 4.5885, 4.5889, 4.5882, 4.5886, 4.5891, 4.5887, 4.5892, 4.5889,
        4.5889, 4.5888, 4.5889, 4.5887, 4.5887, 4.5884, 4.5882, 4.5893, 4.5892,
        4.5886, 4.5892, 4.5888, 4.5886, 4.5886, 4.5886, 4.5885, 4.5887, 4.5885,
        4.5885, 4.5888, 4.5886, 4.5889, 4.5887, 4.5881, 4.5897, 4.5884, 4.5887,
        4.5898, 4.5883, 4.5892, 4.5886, 4.5882, 4.5887, 4.5884, 4.5886, 4.5882,
        4.5891, 4.5891, 4.5887, 4.5886, 4.5887, 4.5893, 4.5884, 4.5893, 4.5888,
        4.5882, 4.5887], grad_fn=<CatBackward>)]
[2019-02-25 22:02:00,398][INFO][epoch:28	loss:tensor(1.0643, device='cuda:0')]
[2019-02-25 22:02:00,809][INFO][LCC:tensor(-0.0710, grad_fn=<DivBackward1>)]
[2019-02-25 22:02:00,810][INFO][Ground Truth:tensor([2.1579, 5.4146, 5.3611, 3.9767, 6.2941, 3.5952, 3.2812, 4.2432, 4.6177,
        3.9546, 4.3721, 6.0750, 4.1667, 5.8056, 3.5676, 6.3111, 3.3421, 4.7368,
        1.7273, 1.6579, 3.6486, 5.7727, 3.9524, 5.0000, 5.2258, 6.0909, 3.9762,
        6.0811, 3.8286, 4.8108, 5.7381, 4.6667, 4.1351, 3.7368, 5.2619, 3.6667,
        6.8205, 4.6154, 3.3529, 2.4737, 5.7143, 4.0000, 2.9460, 5.1389, 6.6500,
        5.6250, 4.2558, 5.4054, 3.8809, 4.2778, 4.5000, 6.1282, 6.0540, 4.5385,
        3.4865, 3.7742, 3.5897, 4.4048, 3.6410, 3.1250, 4.4000, 3.8718, 5.5000,
        4.4615, 4.6216, 5.0294, 5.3429, 6.7273, 4.9355, 3.5250, 6.7778, 3.8222,
        4.5278, 5.7027, 6.1177, 3.1892, 5.5814, 6.1500, 4.5676, 5.8056, 4.7500,
        2.7778, 2.6098, 1.5263, 0.3421, 5.8182, 5.5135, 2.8974, 4.9355, 3.1463,
        4.9730, 6.0811, 5.7812, 5.6047, 5.8421, 3.9091, 4.5000, 3.3333, 5.3333,
        5.2250, 6.1579])]
[2019-02-25 22:02:00,811][INFO][Predicted:tensor([5.2466, 5.2463, 5.2463, 5.2463, 5.2465, 5.2464, 5.2463, 5.2464, 5.2464,
        5.2463, 5.2462, 5.2465, 5.2465, 5.2464, 5.2464, 5.2462, 5.2462, 5.2463,
        5.2465, 5.2464, 5.2464, 5.2463, 5.2463, 5.2464, 5.2463, 5.2465, 5.2464,
        5.2464, 5.2463, 5.2464, 5.2463, 5.2465, 5.2461, 5.2465, 5.2464, 5.2463,
        5.2465, 5.2464, 5.2464, 5.2463, 5.2464, 5.2465, 5.2463, 5.2465, 5.2464,
        5.2463, 5.2464, 5.2465, 5.2463, 5.2464, 5.2464, 5.2460, 5.2464, 5.2465,
        5.2465, 5.2464, 5.2465, 5.2465, 5.2465, 5.2463, 5.2462, 5.2464, 5.2465,
        5.2465, 5.2465, 5.2465, 5.2465, 5.2463, 5.2463, 5.2463, 5.2465, 5.2464,
        5.2464, 5.2465, 5.2465, 5.2463, 5.2465, 5.2463, 5.2463, 5.2463, 5.2464,
        5.2463, 5.2463, 5.2466, 5.2464, 5.2463, 5.2465, 5.2463, 5.2463, 5.2463,
        5.2464, 5.2464, 5.2463, 5.2464, 5.2461, 5.2464, 5.2463, 5.2464, 5.2463,
        5.2463, 5.2460], grad_fn=<CatBackward>)]
