[2019-02-26 16:57:01,665][INFO][epoch:0	loss:tensor(5.1189, device='cuda:0')]
[2019-02-26 16:57:02,822][INFO][LCC:tensor(0.2024, grad_fn=<DivBackward1>)]
[2019-02-26 16:57:02,823][INFO][Ground Truth:tensor([5.5405, 3.6154, 2.1111, 6.0000, 4.6429, 0.5238, 4.7000, 3.5385, 5.4595,
        5.3333, 3.7442, 5.7317, 4.3429, 4.9333, 2.8857, 3.6923, 4.3513, 6.2941,
        5.0833, 4.7949, 5.1389, 6.1316, 4.8000, 2.1707, 3.2889, 5.1667, 2.4000,
        6.1316, 5.0270, 6.2273, 5.0526, 3.0454, 4.5385, 3.7111, 2.1000, 5.3056,
        5.3750, 5.3095, 4.5278, 3.7674, 6.1622, 4.1622, 2.9143, 4.4000, 5.0244,
        3.4048, 5.1667, 3.3333, 4.1163, 4.5405, 5.6154, 5.7097, 5.5000, 2.5000,
        5.7778, 4.9231, 4.5128, 4.0000, 4.4545, 5.6250, 4.0278, 5.0278, 5.6579,
        4.5556, 5.5556, 3.2778, 3.7442, 4.9444, 2.8537, 4.9545, 5.6154, 3.2500,
        3.6098, 6.1429, 4.2439, 5.0000, 2.8056, 4.7674, 5.1429, 6.1936, 5.8333,
        4.9474, 5.8286, 5.9714, 5.7250, 5.8000, 3.2564, 3.7941, 3.8421, 6.0278,
        1.8205, 5.4444, 5.1053, 5.3235, 5.5116, 5.6829, 3.6842, 4.3889, 5.3056,
        5.5676, 5.1539])]
[2019-02-26 16:57:02,824][INFO][Predicted:tensor([4.7475, 3.7162, 3.3995, 3.0267, 3.1998, 4.1652, 3.2170, 3.9279, 4.3937,
        4.9534, 4.4921, 3.8887, 2.9017, 3.5104, 3.5379, 4.1027, 4.3643, 4.3946,
        4.0283, 3.1112, 3.9646, 6.1041, 2.3420, 2.9362, 3.6798, 3.5039, 3.9054,
        4.2701, 5.0697, 2.9722, 5.1539, 3.3787, 3.3551, 4.1588, 3.4537, 2.3087,
        4.0669, 4.3627, 3.7199, 3.8188, 2.5026, 5.1793, 3.1507, 3.7585, 3.7013,
        2.9501, 3.8459, 3.4268, 3.8234, 5.4784, 4.1133, 4.4840, 4.6123, 2.9432,
        3.6911, 4.3714, 4.4170, 4.7352, 3.6795, 3.4323, 3.6372, 2.9071, 6.0743,
        2.5241, 5.2221, 4.4080, 4.6758, 3.8407, 4.0937, 3.5539, 4.0696, 5.0550,
        2.9857, 5.0734, 3.1520, 3.1582, 2.1520, 4.1568, 4.8318, 4.5548, 3.5107,
        6.2289, 3.1565, 4.8780, 3.4580, 4.7888, 3.4170, 5.2203, 4.4692, 3.5655,
        2.7630, 4.8429, 6.1320, 3.9428, 3.8022, 3.7560, 3.8625, 2.6149, 2.1002,
        3.8252, 1.9313], grad_fn=<CatBackward>)]
[2019-02-26 16:57:17,594][INFO][epoch:1	loss:tensor(4.8156, device='cuda:0')]
[2019-02-26 16:57:18,533][INFO][LCC:tensor(0.1994, grad_fn=<DivBackward1>)]
[2019-02-26 16:57:18,534][INFO][Ground Truth:tensor([5.5405, 3.6154, 2.1111, 6.0000, 4.6429, 0.5238, 4.7000, 3.5385, 5.4595,
        5.3333, 3.7442, 5.7317, 4.3429, 4.9333, 2.8857, 3.6923, 4.3513, 6.2941,
        5.0833, 4.7949, 5.1389, 6.1316, 4.8000, 2.1707, 3.2889, 5.1667, 2.4000,
        6.1316, 5.0270, 6.2273, 5.0526, 3.0454, 4.5385, 3.7111, 2.1000, 5.3056,
        5.3750, 5.3095, 4.5278, 3.7674, 6.1622, 4.1622, 2.9143, 4.4000, 5.0244,
        3.4048, 5.1667, 3.3333, 4.1163, 4.5405, 5.6154, 5.7097, 5.5000, 2.5000,
        5.7778, 4.9231, 4.5128, 4.0000, 4.4545, 5.6250, 4.0278, 5.0278, 5.6579,
        4.5556, 5.5556, 3.2778, 3.7442, 4.9444, 2.8537, 4.9545, 5.6154, 3.2500,
        3.6098, 6.1429, 4.2439, 5.0000, 2.8056, 4.7674, 5.1429, 6.1936, 5.8333,
        4.9474, 5.8286, 5.9714, 5.7250, 5.8000, 3.2564, 3.7941, 3.8421, 6.0278,
        1.8205, 5.4444, 5.1053, 5.3235, 5.5116, 5.6829, 3.6842, 4.3889, 5.3056,
        5.5676, 5.1539])]
[2019-02-26 16:57:18,534][INFO][Predicted:tensor([4.0243, 2.9710, 2.6131, 2.6167, 2.3235, 3.1384, 2.5252, 3.1203, 3.4522,
        3.7325, 3.3168, 3.3593, 2.4515, 2.6855, 3.0326, 3.1214, 3.4491, 3.1321,
        3.5683, 2.4051, 3.0872, 4.5810, 1.9176, 2.2068, 2.6439, 2.8398, 3.5849,
        3.1480, 3.3661, 2.5348, 4.0064, 2.6777, 2.5953, 2.7294, 2.8208, 1.5916,
        3.4455, 3.2187, 2.9971, 3.1847, 1.9166, 3.7431, 2.5260, 3.0950, 2.8554,
        2.2429, 2.9973, 3.0622, 3.3548, 4.1572, 3.3033, 3.7646, 3.5740, 2.5231,
        2.5245, 3.6710, 3.4762, 3.6928, 2.8983, 2.9452, 2.9405, 2.4221, 4.9590,
        1.8012, 4.1660, 3.5241, 3.2930, 2.9596, 3.2778, 2.9122, 3.2630, 3.7361,
        2.4004, 3.7009, 2.3135, 2.5308, 1.7225, 3.2856, 3.8813, 3.5061, 3.0314,
        4.6230, 2.5984, 3.7269, 2.6743, 3.7023, 2.5567, 3.9133, 3.5251, 2.8458,
        2.7186, 3.8876, 4.4350, 3.8208, 3.1601, 3.1356, 3.2891, 2.3425, 2.1596,
        2.9280, 1.5085], grad_fn=<CatBackward>)]
[2019-02-26 16:57:33,379][INFO][epoch:2	loss:tensor(4.6302, device='cuda:0')]
[2019-02-26 16:57:33,802][INFO][LCC:tensor(0.2010, grad_fn=<DivBackward1>)]
[2019-02-26 16:57:33,803][INFO][Ground Truth:tensor([5.5405, 3.6154, 2.1111, 6.0000, 4.6429, 0.5238, 4.7000, 3.5385, 5.4595,
        5.3333, 3.7442, 5.7317, 4.3429, 4.9333, 2.8857, 3.6923, 4.3513, 6.2941,
        5.0833, 4.7949, 5.1389, 6.1316, 4.8000, 2.1707, 3.2889, 5.1667, 2.4000,
        6.1316, 5.0270, 6.2273, 5.0526, 3.0454, 4.5385, 3.7111, 2.1000, 5.3056,
        5.3750, 5.3095, 4.5278, 3.7674, 6.1622, 4.1622, 2.9143, 4.4000, 5.0244,
        3.4048, 5.1667, 3.3333, 4.1163, 4.5405, 5.6154, 5.7097, 5.5000, 2.5000,
        5.7778, 4.9231, 4.5128, 4.0000, 4.4545, 5.6250, 4.0278, 5.0278, 5.6579,
        4.5556, 5.5556, 3.2778, 3.7442, 4.9444, 2.8537, 4.9545, 5.6154, 3.2500,
        3.6098, 6.1429, 4.2439, 5.0000, 2.8056, 4.7674, 5.1429, 6.1936, 5.8333,
        4.9474, 5.8286, 5.9714, 5.7250, 5.8000, 3.2564, 3.7941, 3.8421, 6.0278,
        1.8205, 5.4444, 5.1053, 5.3235, 5.5116, 5.6829, 3.6842, 4.3889, 5.3056,
        5.5676, 5.1539])]
[2019-02-26 16:57:33,804][INFO][Predicted:tensor([2.9716, 2.3408, 2.1604, 2.0910, 1.8828, 2.5378, 2.1532, 2.7693, 2.7512,
        3.0191, 2.5088, 2.5254, 1.9117, 2.1630, 2.2733, 2.4255, 2.7353, 2.5604,
        2.7527, 2.0800, 2.2983, 3.8930, 1.4225, 1.7862, 2.2328, 2.3011, 2.5744,
        2.8233, 3.2079, 2.0928, 3.3081, 2.1679, 2.2552, 2.6377, 2.2456, 1.5165,
        2.4401, 2.2874, 2.0096, 2.4778, 1.7183, 2.8948, 1.8686, 2.0905, 2.0027,
        1.7008, 2.3717, 2.3616, 2.4226, 3.2850, 2.2442, 3.0529, 2.6925, 1.9227,
        2.1664, 2.7730, 2.8968, 3.1973, 2.3560, 1.9597, 2.3575, 1.8338, 3.5851,
        1.6288, 3.3781, 2.7256, 2.6352, 2.4659, 2.5928, 2.1757, 2.6270, 2.5433,
        1.9656, 2.7294, 2.1824, 2.2091, 1.6003, 2.5719, 3.1836, 2.9206, 2.0990,
        3.5173, 2.0220, 2.6297, 1.9129, 2.7619, 1.9797, 2.9067, 2.6183, 2.2671,
        1.9130, 3.1269, 3.9588, 2.6492, 2.3785, 2.3891, 2.3735, 1.7555, 1.4431,
        2.3836, 1.3610], grad_fn=<CatBackward>)]
[2019-02-26 16:57:48,818][INFO][epoch:3	loss:tensor(4.5746, device='cuda:0')]
[2019-02-26 16:57:49,217][INFO][LCC:tensor(0.2516, grad_fn=<DivBackward1>)]
[2019-02-26 16:57:49,218][INFO][Ground Truth:tensor([5.5405, 3.6154, 2.1111, 6.0000, 4.6429, 0.5238, 4.7000, 3.5385, 5.4595,
        5.3333, 3.7442, 5.7317, 4.3429, 4.9333, 2.8857, 3.6923, 4.3513, 6.2941,
        5.0833, 4.7949, 5.1389, 6.1316, 4.8000, 2.1707, 3.2889, 5.1667, 2.4000,
        6.1316, 5.0270, 6.2273, 5.0526, 3.0454, 4.5385, 3.7111, 2.1000, 5.3056,
        5.3750, 5.3095, 4.5278, 3.7674, 6.1622, 4.1622, 2.9143, 4.4000, 5.0244,
        3.4048, 5.1667, 3.3333, 4.1163, 4.5405, 5.6154, 5.7097, 5.5000, 2.5000,
        5.7778, 4.9231, 4.5128, 4.0000, 4.4545, 5.6250, 4.0278, 5.0278, 5.6579,
        4.5556, 5.5556, 3.2778, 3.7442, 4.9444, 2.8537, 4.9545, 5.6154, 3.2500,
        3.6098, 6.1429, 4.2439, 5.0000, 2.8056, 4.7674, 5.1429, 6.1936, 5.8333,
        4.9474, 5.8286, 5.9714, 5.7250, 5.8000, 3.2564, 3.7941, 3.8421, 6.0278,
        1.8205, 5.4444, 5.1053, 5.3235, 5.5116, 5.6829, 3.6842, 4.3889, 5.3056,
        5.5676, 5.1539])]
[2019-02-26 16:57:49,219][INFO][Predicted:tensor([3.4272, 3.1722, 2.7266, 2.4959, 2.5166, 2.8018, 2.5678, 3.0941, 3.4545,
        3.5271, 2.9533, 3.0969, 2.2984, 2.7321, 3.0966, 3.2208, 3.6155, 3.4923,
        3.5864, 2.8975, 2.8904, 4.7896, 1.9295, 2.4062, 2.6313, 2.9089, 3.4075,
        3.2691, 3.7946, 3.4560, 4.1415, 2.8075, 2.7730, 3.3295, 2.7903, 1.7477,
        3.2213, 2.9456, 2.5955, 2.7623, 2.1388, 3.6816, 2.5667, 2.7556, 2.7325,
        2.0994, 2.9544, 2.8387, 3.1756, 4.1046, 3.1055, 3.7464, 3.6105, 2.4461,
        2.8044, 3.3328, 3.4778, 3.7360, 2.7876, 2.7965, 3.1243, 2.5634, 4.7573,
        1.8079, 4.0180, 3.4078, 3.1685, 3.0088, 3.3053, 2.9143, 2.9485, 3.8337,
        2.1302, 3.4017, 2.5275, 2.7773, 1.6729, 3.3069, 3.4649, 3.5007, 2.8261,
        4.5144, 2.7747, 3.5213, 2.5970, 3.7528, 2.5745, 3.6159, 3.3559, 2.8955,
        2.2321, 3.6964, 4.9115, 3.5344, 3.0688, 3.0077, 3.2242, 2.2729, 2.1482,
        2.9919, 1.6351], grad_fn=<CatBackward>)]
