[2019-03-21 23:37:10,633][WARNING][Model:Try ResNet.]
[2019-03-21 23:37:13,868][INFO][epoch:0	loss:tensor(10.8638, device='cuda:0')]
[2019-03-21 23:37:15,467][INFO][epoch:1	loss:tensor(2.8343, device='cuda:0')]
[2019-03-21 23:37:17,059][INFO][epoch:2	loss:tensor(2.4623, device='cuda:0')]
[2019-03-21 23:37:18,620][INFO][epoch:3	loss:tensor(2.4081, device='cuda:0')]
[2019-03-21 23:37:20,193][INFO][epoch:4	loss:tensor(2.5584, device='cuda:0')]
[2019-03-21 23:37:21,770][INFO][epoch:5	loss:tensor(2.5167, device='cuda:0')]
[2019-03-21 23:37:23,367][INFO][epoch:6	loss:tensor(2.3433, device='cuda:0')]
[2019-03-21 23:37:24,906][INFO][epoch:7	loss:tensor(2.5645, device='cuda:0')]
[2019-03-21 23:37:26,498][INFO][epoch:8	loss:tensor(1.9652, device='cuda:0')]
[2019-03-21 23:37:28,060][INFO][epoch:9	loss:tensor(2.5606, device='cuda:0')]
[2019-03-21 23:37:29,643][INFO][epoch:10	loss:tensor(1.9163, device='cuda:0')]
[2019-03-21 23:37:30,458][WARNING][LCC:0.4161266]
[2019-03-21 23:37:30,458][WARNING][SROCC:0.36693257]
[2019-03-21 23:37:31,980][INFO][epoch:11	loss:tensor(1.7629, device='cuda:0')]
[2019-03-21 23:37:33,504][INFO][epoch:12	loss:tensor(1.7084, device='cuda:0')]
[2019-03-21 23:37:35,057][INFO][epoch:13	loss:tensor(1.5281, device='cuda:0')]
[2019-03-21 23:37:36,630][INFO][epoch:14	loss:tensor(1.3867, device='cuda:0')]
[2019-03-21 23:37:38,159][INFO][epoch:15	loss:tensor(1.5035, device='cuda:0')]
[2019-03-21 23:37:39,719][INFO][epoch:16	loss:tensor(1.3716, device='cuda:0')]
[2019-03-21 23:37:41,272][INFO][epoch:17	loss:tensor(1.3764, device='cuda:0')]
[2019-03-21 23:37:42,835][INFO][epoch:18	loss:tensor(1.3230, device='cuda:0')]
[2019-03-21 23:37:44,421][INFO][epoch:19	loss:tensor(1.4181, device='cuda:0')]
[2019-03-21 23:37:46,007][INFO][epoch:20	loss:tensor(1.3349, device='cuda:0')]
[2019-03-21 23:37:46,831][WARNING][LCC:0.6114638]
[2019-03-21 23:37:46,832][WARNING][SROCC:0.5625481]
[2019-03-21 23:37:48,341][INFO][epoch:21	loss:tensor(1.4673, device='cuda:0')]
[2019-03-21 23:37:49,923][INFO][epoch:22	loss:tensor(1.3896, device='cuda:0')]
[2019-03-21 23:37:51,474][INFO][epoch:23	loss:tensor(1.2623, device='cuda:0')]
[2019-03-21 23:37:53,042][INFO][epoch:24	loss:tensor(1.3103, device='cuda:0')]
[2019-03-21 23:37:54,570][INFO][epoch:25	loss:tensor(1.3288, device='cuda:0')]
[2019-03-21 23:37:56,130][INFO][epoch:26	loss:tensor(1.2283, device='cuda:0')]
[2019-03-21 23:37:57,695][INFO][epoch:27	loss:tensor(1.2957, device='cuda:0')]
[2019-03-21 23:37:59,243][INFO][epoch:28	loss:tensor(1.2632, device='cuda:0')]
[2019-03-21 23:38:00,778][INFO][epoch:29	loss:tensor(1.1757, device='cuda:0')]
[2019-03-21 23:38:02,361][INFO][epoch:30	loss:tensor(1.2419, device='cuda:0')]
[2019-03-21 23:38:03,252][WARNING][LCC:0.64771706]
[2019-03-21 23:38:03,252][WARNING][SROCC:0.6098001]
[2019-03-21 23:38:04,914][INFO][epoch:31	loss:tensor(1.1972, device='cuda:0')]
[2019-03-21 23:38:06,654][INFO][epoch:32	loss:tensor(1.1355, device='cuda:0')]
[2019-03-21 23:38:08,334][INFO][epoch:33	loss:tensor(1.1578, device='cuda:0')]
[2019-03-21 23:38:09,950][INFO][epoch:34	loss:tensor(1.1486, device='cuda:0')]
[2019-03-21 23:38:11,527][INFO][epoch:35	loss:tensor(1.1433, device='cuda:0')]
[2019-03-21 23:38:13,109][INFO][epoch:36	loss:tensor(1.3137, device='cuda:0')]
[2019-03-21 23:38:14,678][INFO][epoch:37	loss:tensor(1.1911, device='cuda:0')]
[2019-03-21 23:38:16,251][INFO][epoch:38	loss:tensor(1.1247, device='cuda:0')]
[2019-03-21 23:38:17,856][INFO][epoch:39	loss:tensor(1.1409, device='cuda:0')]
[2019-03-21 23:38:19,443][INFO][epoch:40	loss:tensor(1.1921, device='cuda:0')]
[2019-03-21 23:38:20,235][WARNING][LCC:0.72476864]
[2019-03-21 23:38:20,235][WARNING][SROCC:0.6862705]
[2019-03-21 23:38:21,770][INFO][epoch:41	loss:tensor(1.2082, device='cuda:0')]
[2019-03-21 23:38:23,380][INFO][epoch:42	loss:tensor(1.1667, device='cuda:0')]
[2019-03-21 23:38:24,942][INFO][epoch:43	loss:tensor(1.0874, device='cuda:0')]
[2019-03-21 23:38:26,516][INFO][epoch:44	loss:tensor(1.0724, device='cuda:0')]
[2019-03-21 23:38:28,097][INFO][epoch:45	loss:tensor(1.0285, device='cuda:0')]
[2019-03-21 23:38:29,666][INFO][epoch:46	loss:tensor(1.0388, device='cuda:0')]
[2019-03-21 23:38:31,251][INFO][epoch:47	loss:tensor(1.2011, device='cuda:0')]
[2019-03-21 23:38:32,812][INFO][epoch:48	loss:tensor(1.0796, device='cuda:0')]
[2019-03-21 23:38:34,387][INFO][epoch:49	loss:tensor(1.1530, device='cuda:0')]
[2019-03-21 23:38:35,976][INFO][epoch:50	loss:tensor(1.0817, device='cuda:0')]
[2019-03-21 23:38:36,851][WARNING][LCC:0.7347546]
[2019-03-21 23:38:36,851][WARNING][SROCC:0.69927245]
[2019-03-21 23:38:36,852][WARNING][Model saved]
[2019-03-21 23:38:38,491][INFO][epoch:51	loss:tensor(0.9964, device='cuda:0')]
[2019-03-21 23:38:40,051][INFO][epoch:52	loss:tensor(1.0635, device='cuda:0')]
[2019-03-21 23:38:41,622][INFO][epoch:53	loss:tensor(1.0349, device='cuda:0')]
[2019-03-21 23:38:43,187][INFO][epoch:54	loss:tensor(1.0266, device='cuda:0')]
[2019-03-21 23:38:44,815][INFO][epoch:55	loss:tensor(0.9422, device='cuda:0')]
[2019-03-21 23:38:46,578][INFO][epoch:56	loss:tensor(1.0802, device='cuda:0')]
[2019-03-21 23:38:48,208][INFO][epoch:57	loss:tensor(0.9814, device='cuda:0')]
[2019-03-21 23:38:49,792][INFO][epoch:58	loss:tensor(0.9098, device='cuda:0')]
[2019-03-21 23:38:51,347][INFO][epoch:59	loss:tensor(0.9660, device='cuda:0')]
[2019-03-21 23:38:52,894][INFO][epoch:60	loss:tensor(0.9708, device='cuda:0')]
[2019-03-21 23:38:53,695][WARNING][LCC:0.75406003]
[2019-03-21 23:38:53,695][WARNING][SROCC:0.70334136]
[2019-03-21 23:38:55,200][INFO][epoch:61	loss:tensor(1.0069, device='cuda:0')]
[2019-03-21 23:38:56,763][INFO][epoch:62	loss:tensor(0.9704, device='cuda:0')]
[2019-03-21 23:38:58,374][INFO][epoch:63	loss:tensor(1.0776, device='cuda:0')]
[2019-03-21 23:38:59,923][INFO][epoch:64	loss:tensor(0.9970, device='cuda:0')]
[2019-03-21 23:39:01,543][INFO][epoch:65	loss:tensor(0.9013, device='cuda:0')]
