[2019-03-14 19:27:27,836][WARNING][Model:Try ResNet.]
[2019-03-14 19:28:03,825][INFO][epoch:0	loss:tensor(7.3937, device='cuda:0')]
[2019-03-14 19:28:09,862][INFO][epoch:1	loss:tensor(5.9014, device='cuda:0')]
[2019-03-14 19:28:15,954][INFO][epoch:2	loss:tensor(5.4754, device='cuda:0')]
[2019-03-14 19:28:22,028][INFO][epoch:3	loss:tensor(5.1055, device='cuda:0')]
[2019-03-14 19:28:28,100][INFO][epoch:4	loss:tensor(4.7825, device='cuda:0')]
[2019-03-14 19:28:34,185][INFO][epoch:5	loss:tensor(4.5272, device='cuda:0')]
[2019-03-14 19:28:40,279][INFO][epoch:6	loss:tensor(4.1986, device='cuda:0')]
[2019-03-14 19:28:46,497][INFO][epoch:7	loss:tensor(3.8698, device='cuda:0')]
[2019-03-14 19:28:52,685][INFO][epoch:8	loss:tensor(3.9082, device='cuda:0')]
[2019-03-14 19:28:58,807][INFO][epoch:9	loss:tensor(3.5612, device='cuda:0')]
[2019-03-14 19:29:04,945][INFO][epoch:10	loss:tensor(3.6298, device='cuda:0')]
[2019-03-14 19:29:09,561][WARNING][LCC:tensor(0.7027)]
[2019-03-14 19:29:09,563][WARNING][SROCC:tensor(0.6572)]
[2019-03-14 19:29:15,701][INFO][epoch:11	loss:tensor(3.5260, device='cuda:0')]
[2019-03-14 19:29:21,825][INFO][epoch:12	loss:tensor(3.3652, device='cuda:0')]
[2019-03-14 19:29:27,951][INFO][epoch:13	loss:tensor(3.3434, device='cuda:0')]
[2019-03-14 19:29:34,083][INFO][epoch:14	loss:tensor(3.3578, device='cuda:0')]
[2019-03-14 19:29:40,217][INFO][epoch:15	loss:tensor(3.1210, device='cuda:0')]
[2019-03-14 19:29:46,326][INFO][epoch:16	loss:tensor(3.1274, device='cuda:0')]
[2019-03-14 19:29:52,464][INFO][epoch:17	loss:tensor(3.1786, device='cuda:0')]
[2019-03-14 19:29:58,575][INFO][epoch:18	loss:tensor(3.0302, device='cuda:0')]
[2019-03-14 19:30:04,708][INFO][epoch:19	loss:tensor(2.9442, device='cuda:0')]
[2019-03-14 19:30:10,848][INFO][epoch:20	loss:tensor(2.9683, device='cuda:0')]
[2019-03-14 19:30:11,759][WARNING][LCC:tensor(0.7968)]
[2019-03-14 19:30:11,759][WARNING][SROCC:tensor(0.7760)]
[2019-03-14 19:30:17,859][INFO][epoch:21	loss:tensor(2.9054, device='cuda:0')]
[2019-03-14 19:30:23,993][INFO][epoch:22	loss:tensor(2.7766, device='cuda:0')]
[2019-03-14 19:30:30,120][INFO][epoch:23	loss:tensor(2.7460, device='cuda:0')]
[2019-03-14 19:30:36,259][INFO][epoch:24	loss:tensor(2.8166, device='cuda:0')]
[2019-03-14 19:30:42,372][INFO][epoch:25	loss:tensor(2.6751, device='cuda:0')]
[2019-03-14 19:30:48,511][INFO][epoch:26	loss:tensor(2.7045, device='cuda:0')]
[2019-03-14 19:30:54,632][INFO][epoch:27	loss:tensor(2.7022, device='cuda:0')]
[2019-03-14 19:31:00,747][INFO][epoch:28	loss:tensor(2.6499, device='cuda:0')]
[2019-03-14 19:31:06,898][INFO][epoch:29	loss:tensor(2.6420, device='cuda:0')]
[2019-03-14 19:31:13,046][INFO][epoch:30	loss:tensor(2.5992, device='cuda:0')]
[2019-03-14 19:31:13,948][WARNING][LCC:tensor(0.8335)]
[2019-03-14 19:31:13,948][WARNING][SROCC:tensor(0.8217)]
[2019-03-14 19:31:20,062][INFO][epoch:31	loss:tensor(2.6420, device='cuda:0')]
[2019-03-14 19:31:26,208][INFO][epoch:32	loss:tensor(2.5883, device='cuda:0')]
[2019-03-14 19:31:32,357][INFO][epoch:33	loss:tensor(2.5691, device='cuda:0')]
[2019-03-14 19:31:38,513][INFO][epoch:34	loss:tensor(2.5150, device='cuda:0')]
[2019-03-14 19:31:44,668][INFO][epoch:35	loss:tensor(2.5194, device='cuda:0')]
[2019-03-14 19:31:50,823][INFO][epoch:36	loss:tensor(2.5001, device='cuda:0')]
[2019-03-14 19:31:56,953][INFO][epoch:37	loss:tensor(2.4145, device='cuda:0')]
[2019-03-14 19:32:03,103][INFO][epoch:38	loss:tensor(2.4466, device='cuda:0')]
[2019-03-14 19:32:09,227][INFO][epoch:39	loss:tensor(2.4608, device='cuda:0')]
[2019-03-14 19:32:15,370][INFO][epoch:40	loss:tensor(2.3636, device='cuda:0')]
[2019-03-14 19:32:16,277][WARNING][LCC:tensor(0.8391)]
[2019-03-14 19:32:16,277][WARNING][SROCC:tensor(0.8377)]
[2019-03-14 19:32:22,402][INFO][epoch:41	loss:tensor(2.3428, device='cuda:0')]
[2019-03-14 19:32:28,555][INFO][epoch:42	loss:tensor(2.3916, device='cuda:0')]
[2019-03-14 19:32:34,684][INFO][epoch:43	loss:tensor(2.4195, device='cuda:0')]
[2019-03-14 19:32:40,824][INFO][epoch:44	loss:tensor(2.2300, device='cuda:0')]
[2019-03-14 19:32:46,977][INFO][epoch:45	loss:tensor(2.2023, device='cuda:0')]
[2019-03-14 19:32:53,127][INFO][epoch:46	loss:tensor(2.2808, device='cuda:0')]
[2019-03-14 19:32:59,270][INFO][epoch:47	loss:tensor(2.3215, device='cuda:0')]
[2019-03-14 19:33:05,406][INFO][epoch:48	loss:tensor(2.3187, device='cuda:0')]
[2019-03-14 19:33:11,557][INFO][epoch:49	loss:tensor(2.2722, device='cuda:0')]
[2019-03-14 19:33:17,684][INFO][epoch:50	loss:tensor(2.2429, device='cuda:0')]
[2019-03-14 19:33:18,588][WARNING][LCC:tensor(0.8835)]
[2019-03-14 19:33:18,588][WARNING][SROCC:tensor(0.8669)]
[2019-03-14 19:33:18,588][WARNING][Model saved]
[2019-03-14 19:33:24,762][INFO][epoch:51	loss:tensor(2.2520, device='cuda:0')]
[2019-03-14 19:33:30,918][INFO][epoch:52	loss:tensor(2.2415, device='cuda:0')]
[2019-03-14 19:33:37,064][INFO][epoch:53	loss:tensor(2.1886, device='cuda:0')]
[2019-03-14 19:33:43,205][INFO][epoch:54	loss:tensor(2.2610, device='cuda:0')]
[2019-03-14 19:33:49,360][INFO][epoch:55	loss:tensor(2.1800, device='cuda:0')]
[2019-03-14 19:33:55,513][INFO][epoch:56	loss:tensor(2.1520, device='cuda:0')]
[2019-03-14 19:34:01,756][INFO][epoch:57	loss:tensor(2.2456, device='cuda:0')]
[2019-03-14 19:34:07,889][INFO][epoch:58	loss:tensor(2.0308, device='cuda:0')]
[2019-03-14 19:34:14,129][INFO][epoch:59	loss:tensor(2.1603, device='cuda:0')]
[2019-03-14 19:34:20,286][INFO][epoch:60	loss:tensor(2.1080, device='cuda:0')]
[2019-03-14 19:34:21,199][WARNING][LCC:tensor(0.8686)]
[2019-03-14 19:34:21,199][WARNING][SROCC:tensor(0.8626)]
[2019-03-14 19:34:27,318][INFO][epoch:61	loss:tensor(2.1920, device='cuda:0')]
[2019-03-14 19:34:33,464][INFO][epoch:62	loss:tensor(2.0791, device='cuda:0')]
[2019-03-14 19:34:39,584][INFO][epoch:63	loss:tensor(2.2230, device='cuda:0')]
[2019-03-14 19:34:45,734][INFO][epoch:64	loss:tensor(2.0404, device='cuda:0')]
[2019-03-14 19:34:51,859][INFO][epoch:65	loss:tensor(2.1734, device='cuda:0')]
[2019-03-14 19:34:58,008][INFO][epoch:66	loss:tensor(2.1327, device='cuda:0')]
[2019-03-14 19:35:04,198][INFO][epoch:67	loss:tensor(2.0745, device='cuda:0')]
[2019-03-14 19:35:10,431][INFO][epoch:68	loss:tensor(2.1164, device='cuda:0')]
[2019-03-14 19:35:16,621][INFO][epoch:69	loss:tensor(2.1244, device='cuda:0')]
[2019-03-14 19:35:22,761][INFO][epoch:70	loss:tensor(2.0565, device='cuda:0')]
[2019-03-14 19:35:23,647][WARNING][LCC:tensor(0.8772)]
[2019-03-14 19:35:23,648][WARNING][SROCC:tensor(0.8615)]
[2019-03-14 19:35:29,759][INFO][epoch:71	loss:tensor(2.0740, device='cuda:0')]
[2019-03-14 19:35:35,874][INFO][epoch:72	loss:tensor(2.0605, device='cuda:0')]
[2019-03-14 19:35:42,000][INFO][epoch:73	loss:tensor(2.1513, device='cuda:0')]
[2019-03-14 19:35:48,149][INFO][epoch:74	loss:tensor(2.0787, device='cuda:0')]
[2019-03-14 19:35:54,293][INFO][epoch:75	loss:tensor(2.0724, device='cuda:0')]
[2019-03-14 19:36:00,433][INFO][epoch:76	loss:tensor(2.0829, device='cuda:0')]
[2019-03-14 19:36:06,569][INFO][epoch:77	loss:tensor(2.0238, device='cuda:0')]
[2019-03-14 19:36:12,713][INFO][epoch:78	loss:tensor(2.0638, device='cuda:0')]
[2019-03-14 19:36:18,871][INFO][epoch:79	loss:tensor(2.0268, device='cuda:0')]
[2019-03-14 19:36:25,010][INFO][epoch:80	loss:tensor(1.9543, device='cuda:0')]
[2019-03-14 19:36:25,908][WARNING][LCC:tensor(0.8933)]
[2019-03-14 19:36:25,909][WARNING][SROCC:tensor(0.8837)]
[2019-03-14 19:36:32,024][INFO][epoch:81	loss:tensor(2.0244, device='cuda:0')]
[2019-03-14 19:36:38,162][INFO][epoch:82	loss:tensor(2.0000, device='cuda:0')]
[2019-03-14 19:36:44,308][INFO][epoch:83	loss:tensor(1.9613, device='cuda:0')]
[2019-03-14 19:36:50,432][INFO][epoch:84	loss:tensor(1.9024, device='cuda:0')]
[2019-03-14 19:36:56,551][INFO][epoch:85	loss:tensor(1.9397, device='cuda:0')]
[2019-03-14 19:37:02,703][INFO][epoch:86	loss:tensor(1.9837, device='cuda:0')]
[2019-03-14 19:37:08,827][INFO][epoch:87	loss:tensor(1.9477, device='cuda:0')]
[2019-03-14 19:37:14,976][INFO][epoch:88	loss:tensor(2.0203, device='cuda:0')]
[2019-03-14 19:37:21,111][INFO][epoch:89	loss:tensor(2.0141, device='cuda:0')]
[2019-03-14 19:37:27,223][INFO][epoch:90	loss:tensor(1.9472, device='cuda:0')]
[2019-03-14 19:37:28,110][WARNING][LCC:tensor(0.9055)]
[2019-03-14 19:37:28,110][WARNING][SROCC:tensor(0.8957)]
[2019-03-14 19:37:34,210][INFO][epoch:91	loss:tensor(1.9093, device='cuda:0')]
[2019-03-14 19:37:40,360][INFO][epoch:92	loss:tensor(1.9996, device='cuda:0')]
[2019-03-14 19:37:46,501][INFO][epoch:93	loss:tensor(2.0125, device='cuda:0')]
[2019-03-14 19:37:52,618][INFO][epoch:94	loss:tensor(1.9514, device='cuda:0')]
[2019-03-14 19:37:58,765][INFO][epoch:95	loss:tensor(1.8234, device='cuda:0')]
[2019-03-14 19:38:04,925][INFO][epoch:96	loss:tensor(1.9325, device='cuda:0')]
[2019-03-14 19:38:11,080][INFO][epoch:97	loss:tensor(1.9628, device='cuda:0')]
[2019-03-14 19:38:17,195][INFO][epoch:98	loss:tensor(1.9421, device='cuda:0')]
[2019-03-14 19:38:23,330][INFO][epoch:99	loss:tensor(1.8501, device='cuda:0')]
[2019-03-14 19:38:29,470][INFO][epoch:100	loss:tensor(1.8731, device='cuda:0')]
[2019-03-14 19:38:30,357][WARNING][LCC:tensor(0.8967)]
[2019-03-14 19:38:30,358][WARNING][SROCC:tensor(0.8914)]
[2019-03-14 19:38:30,358][WARNING][Model saved]
[2019-03-14 19:38:36,481][INFO][epoch:101	loss:tensor(1.8082, device='cuda:0')]
[2019-03-14 19:38:42,621][INFO][epoch:102	loss:tensor(1.9269, device='cuda:0')]
[2019-03-14 19:38:48,762][INFO][epoch:103	loss:tensor(1.7958, device='cuda:0')]
[2019-03-14 19:38:54,881][INFO][epoch:104	loss:tensor(1.8310, device='cuda:0')]
[2019-03-14 19:39:01,021][INFO][epoch:105	loss:tensor(1.8124, device='cuda:0')]
[2019-03-14 19:39:07,164][INFO][epoch:106	loss:tensor(1.8521, device='cuda:0')]
[2019-03-14 19:39:13,297][INFO][epoch:107	loss:tensor(1.8637, device='cuda:0')]
[2019-03-14 19:39:19,448][INFO][epoch:108	loss:tensor(1.9303, device='cuda:0')]
[2019-03-14 19:39:25,585][INFO][epoch:109	loss:tensor(1.8507, device='cuda:0')]
[2019-03-14 19:39:31,733][INFO][epoch:110	loss:tensor(1.7639, device='cuda:0')]
[2019-03-14 19:39:32,621][WARNING][LCC:tensor(0.9078)]
[2019-03-14 19:39:32,621][WARNING][SROCC:tensor(0.8976)]
[2019-03-14 19:39:38,749][INFO][epoch:111	loss:tensor(1.8225, device='cuda:0')]
[2019-03-14 19:39:44,902][INFO][epoch:112	loss:tensor(1.8936, device='cuda:0')]
[2019-03-14 19:39:51,046][INFO][epoch:113	loss:tensor(1.8199, device='cuda:0')]
[2019-03-14 19:39:57,251][INFO][epoch:114	loss:tensor(1.8295, device='cuda:0')]
[2019-03-14 19:40:03,380][INFO][epoch:115	loss:tensor(1.7695, device='cuda:0')]
[2019-03-14 19:40:09,522][INFO][epoch:116	loss:tensor(1.8677, device='cuda:0')]
[2019-03-14 19:40:15,662][INFO][epoch:117	loss:tensor(1.8089, device='cuda:0')]
[2019-03-14 19:40:21,793][INFO][epoch:118	loss:tensor(1.7967, device='cuda:0')]
[2019-03-14 19:40:27,945][INFO][epoch:119	loss:tensor(1.8300, device='cuda:0')]
[2019-03-14 19:40:34,125][INFO][epoch:120	loss:tensor(1.7606, device='cuda:0')]
[2019-03-14 19:40:35,044][WARNING][LCC:tensor(0.9060)]
[2019-03-14 19:40:35,044][WARNING][SROCC:tensor(0.9018)]
[2019-03-14 19:40:41,168][INFO][epoch:121	loss:tensor(1.8294, device='cuda:0')]
[2019-03-14 19:40:47,290][INFO][epoch:122	loss:tensor(1.8049, device='cuda:0')]
[2019-03-14 19:40:53,436][INFO][epoch:123	loss:tensor(1.7283, device='cuda:0')]
[2019-03-14 19:40:59,592][INFO][epoch:124	loss:tensor(1.8218, device='cuda:0')]
[2019-03-14 19:41:05,719][INFO][epoch:125	loss:tensor(1.6464, device='cuda:0')]
[2019-03-14 19:41:11,865][INFO][epoch:126	loss:tensor(1.7629, device='cuda:0')]
[2019-03-14 19:41:18,009][INFO][epoch:127	loss:tensor(1.7967, device='cuda:0')]
[2019-03-14 19:41:24,166][INFO][epoch:128	loss:tensor(1.8202, device='cuda:0')]
[2019-03-14 19:41:30,310][INFO][epoch:129	loss:tensor(1.7449, device='cuda:0')]
[2019-03-14 19:41:36,440][INFO][epoch:130	loss:tensor(1.7910, device='cuda:0')]
[2019-03-14 19:41:37,329][WARNING][LCC:tensor(0.8956)]
[2019-03-14 19:41:37,330][WARNING][SROCC:tensor(0.8898)]
[2019-03-14 19:41:43,424][INFO][epoch:131	loss:tensor(1.7431, device='cuda:0')]
[2019-03-14 19:41:49,566][INFO][epoch:132	loss:tensor(1.7320, device='cuda:0')]
[2019-03-14 19:41:55,714][INFO][epoch:133	loss:tensor(1.8338, device='cuda:0')]
[2019-03-14 19:42:01,866][INFO][epoch:134	loss:tensor(1.7835, device='cuda:0')]
[2019-03-14 19:42:08,020][INFO][epoch:135	loss:tensor(1.7093, device='cuda:0')]
[2019-03-14 19:42:14,161][INFO][epoch:136	loss:tensor(1.6099, device='cuda:0')]
[2019-03-14 19:42:20,276][INFO][epoch:137	loss:tensor(1.7850, device='cuda:0')]
[2019-03-14 19:42:26,423][INFO][epoch:138	loss:tensor(1.6729, device='cuda:0')]
[2019-03-14 19:42:32,557][INFO][epoch:139	loss:tensor(1.7738, device='cuda:0')]
[2019-03-14 19:42:38,711][INFO][epoch:140	loss:tensor(1.6905, device='cuda:0')]
[2019-03-14 19:42:39,598][WARNING][LCC:tensor(0.9004)]
[2019-03-14 19:42:39,599][WARNING][SROCC:tensor(0.8880)]
[2019-03-14 19:42:45,713][INFO][epoch:141	loss:tensor(1.7563, device='cuda:0')]
[2019-03-14 19:42:51,859][INFO][epoch:142	loss:tensor(1.7681, device='cuda:0')]
[2019-03-14 19:42:58,019][INFO][epoch:143	loss:tensor(1.7945, device='cuda:0')]
[2019-03-14 19:43:04,168][INFO][epoch:144	loss:tensor(1.7174, device='cuda:0')]
[2019-03-14 19:43:10,299][INFO][epoch:145	loss:tensor(1.7247, device='cuda:0')]
[2019-03-14 19:43:16,441][INFO][epoch:146	loss:tensor(1.6463, device='cuda:0')]
[2019-03-14 19:43:22,588][INFO][epoch:147	loss:tensor(1.7812, device='cuda:0')]
[2019-03-14 19:43:28,724][INFO][epoch:148	loss:tensor(1.8072, device='cuda:0')]
[2019-03-14 19:43:34,871][INFO][epoch:149	loss:tensor(1.7944, device='cuda:0')]
[2019-03-14 19:43:41,020][INFO][epoch:150	loss:tensor(1.6529, device='cuda:0')]
[2019-03-14 19:43:41,914][WARNING][LCC:tensor(0.9115)]
[2019-03-14 19:43:41,914][WARNING][SROCC:tensor(0.9081)]
[2019-03-14 19:43:41,914][WARNING][Model saved]
[2019-03-14 19:43:48,051][INFO][epoch:151	loss:tensor(1.6748, device='cuda:0')]
[2019-03-14 19:43:54,177][INFO][epoch:152	loss:tensor(1.7421, device='cuda:0')]
[2019-03-14 19:44:00,328][INFO][epoch:153	loss:tensor(1.6776, device='cuda:0')]
[2019-03-14 19:44:06,466][INFO][epoch:154	loss:tensor(1.6932, device='cuda:0')]
[2019-03-14 19:44:12,601][INFO][epoch:155	loss:tensor(1.6632, device='cuda:0')]
[2019-03-14 19:44:18,726][INFO][epoch:156	loss:tensor(1.7198, device='cuda:0')]
[2019-03-14 19:44:24,836][INFO][epoch:157	loss:tensor(1.6404, device='cuda:0')]
[2019-03-14 19:44:30,985][INFO][epoch:158	loss:tensor(1.6567, device='cuda:0')]
[2019-03-14 19:44:37,139][INFO][epoch:159	loss:tensor(1.6796, device='cuda:0')]
[2019-03-14 19:44:43,295][INFO][epoch:160	loss:tensor(1.6734, device='cuda:0')]
[2019-03-14 19:44:44,186][WARNING][LCC:tensor(0.8977)]
[2019-03-14 19:44:44,186][WARNING][SROCC:tensor(0.8910)]
[2019-03-14 19:44:50,311][INFO][epoch:161	loss:tensor(1.6642, device='cuda:0')]
[2019-03-14 19:44:56,439][INFO][epoch:162	loss:tensor(1.6938, device='cuda:0')]
[2019-03-14 19:45:02,570][INFO][epoch:163	loss:tensor(1.6395, device='cuda:0')]
[2019-03-14 19:45:08,724][INFO][epoch:164	loss:tensor(1.6713, device='cuda:0')]
[2019-03-14 19:45:14,874][INFO][epoch:165	loss:tensor(1.7060, device='cuda:0')]
[2019-03-14 19:45:21,001][INFO][epoch:166	loss:tensor(1.6606, device='cuda:0')]
[2019-03-14 19:45:27,155][INFO][epoch:167	loss:tensor(1.6779, device='cuda:0')]
[2019-03-14 19:45:33,313][INFO][epoch:168	loss:tensor(1.6900, device='cuda:0')]
[2019-03-14 19:45:39,461][INFO][epoch:169	loss:tensor(1.7323, device='cuda:0')]
[2019-03-14 19:45:45,609][INFO][epoch:170	loss:tensor(1.6591, device='cuda:0')]
[2019-03-14 19:45:46,498][WARNING][LCC:tensor(0.9101)]
[2019-03-14 19:45:46,498][WARNING][SROCC:tensor(0.9058)]
[2019-03-14 19:45:52,619][INFO][epoch:171	loss:tensor(1.6606, device='cuda:0')]
[2019-03-14 19:45:58,763][INFO][epoch:172	loss:tensor(1.6029, device='cuda:0')]
[2019-03-14 19:46:04,923][INFO][epoch:173	loss:tensor(1.7032, device='cuda:0')]
[2019-03-14 19:46:11,073][INFO][epoch:174	loss:tensor(1.5683, device='cuda:0')]
[2019-03-14 19:46:17,215][INFO][epoch:175	loss:tensor(1.6134, device='cuda:0')]
[2019-03-14 19:46:23,369][INFO][epoch:176	loss:tensor(1.6962, device='cuda:0')]
[2019-03-14 19:46:29,520][INFO][epoch:177	loss:tensor(1.6393, device='cuda:0')]
[2019-03-14 19:46:35,656][INFO][epoch:178	loss:tensor(1.7066, device='cuda:0')]
[2019-03-14 19:46:41,816][INFO][epoch:179	loss:tensor(1.5642, device='cuda:0')]
[2019-03-14 19:46:47,950][INFO][epoch:180	loss:tensor(1.6181, device='cuda:0')]
[2019-03-14 19:46:48,839][WARNING][LCC:tensor(0.9079)]
[2019-03-14 19:46:48,840][WARNING][SROCC:tensor(0.9089)]
[2019-03-14 19:46:54,962][INFO][epoch:181	loss:tensor(1.6066, device='cuda:0')]
[2019-03-14 19:47:01,085][INFO][epoch:182	loss:tensor(1.6259, device='cuda:0')]
[2019-03-14 19:47:07,227][INFO][epoch:183	loss:tensor(1.5756, device='cuda:0')]
[2019-03-14 19:47:13,364][INFO][epoch:184	loss:tensor(1.6226, device='cuda:0')]
[2019-03-14 19:47:19,511][INFO][epoch:185	loss:tensor(1.6308, device='cuda:0')]
[2019-03-14 19:47:25,652][INFO][epoch:186	loss:tensor(1.6461, device='cuda:0')]
[2019-03-14 19:47:31,802][INFO][epoch:187	loss:tensor(1.6234, device='cuda:0')]
[2019-03-14 19:47:37,916][INFO][epoch:188	loss:tensor(1.6395, device='cuda:0')]
[2019-03-14 19:47:44,054][INFO][epoch:189	loss:tensor(1.6000, device='cuda:0')]
[2019-03-14 19:47:50,204][INFO][epoch:190	loss:tensor(1.6287, device='cuda:0')]
[2019-03-14 19:47:51,094][WARNING][LCC:tensor(0.9101)]
[2019-03-14 19:47:51,094][WARNING][SROCC:tensor(0.9078)]
[2019-03-14 19:47:57,194][INFO][epoch:191	loss:tensor(1.6636, device='cuda:0')]
[2019-03-14 19:48:03,313][INFO][epoch:192	loss:tensor(1.6624, device='cuda:0')]
[2019-03-14 19:48:09,456][INFO][epoch:193	loss:tensor(1.5297, device='cuda:0')]
[2019-03-14 19:48:15,612][INFO][epoch:194	loss:tensor(1.6169, device='cuda:0')]
[2019-03-14 19:48:21,769][INFO][epoch:195	loss:tensor(1.5393, device='cuda:0')]
[2019-03-14 19:48:27,921][INFO][epoch:196	loss:tensor(1.6217, device='cuda:0')]
[2019-03-14 19:48:34,049][INFO][epoch:197	loss:tensor(1.5166, device='cuda:0')]
[2019-03-14 19:48:40,203][INFO][epoch:198	loss:tensor(1.5650, device='cuda:0')]
[2019-03-14 19:48:46,359][INFO][epoch:199	loss:tensor(1.5859, device='cuda:0')]
[2019-03-14 19:48:52,512][INFO][epoch:200	loss:tensor(1.5382, device='cuda:0')]
[2019-03-14 19:48:53,400][WARNING][LCC:tensor(0.8988)]
[2019-03-14 19:48:53,401][WARNING][SROCC:tensor(0.8856)]
[2019-03-14 19:48:53,401][WARNING][Model saved]
[2019-03-14 19:48:59,539][INFO][epoch:201	loss:tensor(1.5722, device='cuda:0')]
[2019-03-14 19:49:05,685][INFO][epoch:202	loss:tensor(1.6394, device='cuda:0')]
[2019-03-14 19:49:11,842][INFO][epoch:203	loss:tensor(1.5713, device='cuda:0')]
[2019-03-14 19:49:17,987][INFO][epoch:204	loss:tensor(1.5574, device='cuda:0')]
[2019-03-14 19:49:24,145][INFO][epoch:205	loss:tensor(1.6046, device='cuda:0')]
[2019-03-14 19:49:30,272][INFO][epoch:206	loss:tensor(1.5635, device='cuda:0')]
[2019-03-14 19:49:36,421][INFO][epoch:207	loss:tensor(1.5291, device='cuda:0')]
[2019-03-14 19:49:42,552][INFO][epoch:208	loss:tensor(1.5883, device='cuda:0')]
[2019-03-14 19:49:48,697][INFO][epoch:209	loss:tensor(1.5471, device='cuda:0')]
[2019-03-14 19:49:54,846][INFO][epoch:210	loss:tensor(1.5709, device='cuda:0')]
[2019-03-14 19:49:55,739][WARNING][LCC:tensor(0.9066)]
[2019-03-14 19:49:55,740][WARNING][SROCC:tensor(0.9044)]
[2019-03-14 19:50:01,855][INFO][epoch:211	loss:tensor(1.5294, device='cuda:0')]
[2019-03-14 19:50:07,999][INFO][epoch:212	loss:tensor(1.5960, device='cuda:0')]
[2019-03-14 19:50:14,147][INFO][epoch:213	loss:tensor(1.5255, device='cuda:0')]
[2019-03-14 19:50:20,309][INFO][epoch:214	loss:tensor(1.6110, device='cuda:0')]
[2019-03-14 19:50:26,436][INFO][epoch:215	loss:tensor(1.6012, device='cuda:0')]
[2019-03-14 19:50:32,587][INFO][epoch:216	loss:tensor(1.5613, device='cuda:0')]
[2019-03-14 19:50:38,736][INFO][epoch:217	loss:tensor(1.5349, device='cuda:0')]
[2019-03-14 19:50:44,894][INFO][epoch:218	loss:tensor(1.5708, device='cuda:0')]
[2019-03-14 19:50:51,049][INFO][epoch:219	loss:tensor(1.5749, device='cuda:0')]
[2019-03-14 19:50:57,202][INFO][epoch:220	loss:tensor(1.5134, device='cuda:0')]
[2019-03-14 19:50:58,094][WARNING][LCC:tensor(0.9075)]
[2019-03-14 19:50:58,095][WARNING][SROCC:tensor(0.9028)]
[2019-03-14 19:51:04,218][INFO][epoch:221	loss:tensor(1.5282, device='cuda:0')]
[2019-03-14 19:51:10,332][INFO][epoch:222	loss:tensor(1.5406, device='cuda:0')]
[2019-03-14 19:51:16,453][INFO][epoch:223	loss:tensor(1.4451, device='cuda:0')]
[2019-03-14 19:51:22,610][INFO][epoch:224	loss:tensor(1.4326, device='cuda:0')]
[2019-03-14 19:51:28,761][INFO][epoch:225	loss:tensor(1.4643, device='cuda:0')]
[2019-03-14 19:51:34,890][INFO][epoch:226	loss:tensor(1.5786, device='cuda:0')]
[2019-03-14 19:51:41,044][INFO][epoch:227	loss:tensor(1.4347, device='cuda:0')]
[2019-03-14 19:51:47,176][INFO][epoch:228	loss:tensor(1.5022, device='cuda:0')]
[2019-03-14 19:51:53,286][INFO][epoch:229	loss:tensor(1.5009, device='cuda:0')]
[2019-03-14 19:51:59,439][INFO][epoch:230	loss:tensor(1.5445, device='cuda:0')]
[2019-03-14 19:52:00,330][WARNING][LCC:tensor(0.9008)]
[2019-03-14 19:52:00,331][WARNING][SROCC:tensor(0.8964)]
[2019-03-14 19:52:06,448][INFO][epoch:231	loss:tensor(1.5000, device='cuda:0')]
[2019-03-14 19:52:12,590][INFO][epoch:232	loss:tensor(1.5137, device='cuda:0')]
[2019-03-14 19:52:18,743][INFO][epoch:233	loss:tensor(1.5185, device='cuda:0')]
[2019-03-14 19:52:24,890][INFO][epoch:234	loss:tensor(1.5563, device='cuda:0')]
[2019-03-14 19:52:31,030][INFO][epoch:235	loss:tensor(1.5072, device='cuda:0')]
[2019-03-14 19:52:37,159][INFO][epoch:236	loss:tensor(1.5642, device='cuda:0')]
[2019-03-14 19:52:43,312][INFO][epoch:237	loss:tensor(1.4715, device='cuda:0')]
[2019-03-14 19:52:49,506][INFO][epoch:238	loss:tensor(1.5307, device='cuda:0')]
[2019-03-14 19:52:55,678][INFO][epoch:239	loss:tensor(1.4810, device='cuda:0')]
[2019-03-14 19:53:01,831][INFO][epoch:240	loss:tensor(1.4636, device='cuda:0')]
[2019-03-14 19:53:02,722][WARNING][LCC:tensor(0.9192)]
[2019-03-14 19:53:02,723][WARNING][SROCC:tensor(0.9181)]
[2019-03-14 19:53:08,843][INFO][epoch:241	loss:tensor(1.4710, device='cuda:0')]
[2019-03-14 19:53:14,991][INFO][epoch:242	loss:tensor(1.4878, device='cuda:0')]
[2019-03-14 19:53:21,140][INFO][epoch:243	loss:tensor(1.4072, device='cuda:0')]
[2019-03-14 19:53:27,288][INFO][epoch:244	loss:tensor(1.5281, device='cuda:0')]
[2019-03-14 19:53:33,444][INFO][epoch:245	loss:tensor(1.3945, device='cuda:0')]
[2019-03-14 19:53:39,585][INFO][epoch:246	loss:tensor(1.4388, device='cuda:0')]
[2019-03-14 19:53:45,721][INFO][epoch:247	loss:tensor(1.5103, device='cuda:0')]
[2019-03-14 19:53:51,853][INFO][epoch:248	loss:tensor(1.5151, device='cuda:0')]
[2019-03-14 19:53:57,993][INFO][epoch:249	loss:tensor(1.4697, device='cuda:0')]
[2019-03-14 19:54:04,147][INFO][epoch:250	loss:tensor(1.4652, device='cuda:0')]
[2019-03-14 19:54:05,034][WARNING][LCC:tensor(0.9130)]
[2019-03-14 19:54:05,035][WARNING][SROCC:tensor(0.9080)]
[2019-03-14 19:54:05,035][WARNING][Model saved]
[2019-03-14 19:54:11,180][INFO][epoch:251	loss:tensor(1.4439, device='cuda:0')]
[2019-03-14 19:54:17,318][INFO][epoch:252	loss:tensor(1.4835, device='cuda:0')]
[2019-03-14 19:54:23,457][INFO][epoch:253	loss:tensor(1.3875, device='cuda:0')]
[2019-03-14 19:54:29,593][INFO][epoch:254	loss:tensor(1.4810, device='cuda:0')]
[2019-03-14 19:54:35,730][INFO][epoch:255	loss:tensor(1.5044, device='cuda:0')]
[2019-03-14 19:54:41,872][INFO][epoch:256	loss:tensor(1.4200, device='cuda:0')]
[2019-03-14 19:54:48,020][INFO][epoch:257	loss:tensor(1.4188, device='cuda:0')]
[2019-03-14 19:54:54,169][INFO][epoch:258	loss:tensor(1.4513, device='cuda:0')]
[2019-03-14 19:55:00,325][INFO][epoch:259	loss:tensor(1.4051, device='cuda:0')]
[2019-03-14 19:55:06,459][INFO][epoch:260	loss:tensor(1.4279, device='cuda:0')]
[2019-03-14 19:55:07,350][WARNING][LCC:tensor(0.9057)]
[2019-03-14 19:55:07,350][WARNING][SROCC:tensor(0.9035)]
[2019-03-14 19:55:13,452][INFO][epoch:261	loss:tensor(1.5199, device='cuda:0')]
[2019-03-14 19:55:19,671][INFO][epoch:262	loss:tensor(1.3773, device='cuda:0')]
[2019-03-14 19:55:25,801][INFO][epoch:263	loss:tensor(1.4125, device='cuda:0')]
[2019-03-14 19:55:31,937][INFO][epoch:264	loss:tensor(1.4724, device='cuda:0')]
[2019-03-14 19:55:38,042][INFO][epoch:265	loss:tensor(1.4320, device='cuda:0')]
[2019-03-14 19:55:44,150][INFO][epoch:266	loss:tensor(1.4113, device='cuda:0')]
[2019-03-14 19:55:50,336][INFO][epoch:267	loss:tensor(1.4673, device='cuda:0')]
[2019-03-14 19:55:56,473][INFO][epoch:268	loss:tensor(1.4308, device='cuda:0')]
[2019-03-14 19:56:02,594][INFO][epoch:269	loss:tensor(1.4002, device='cuda:0')]
[2019-03-14 19:56:08,732][INFO][epoch:270	loss:tensor(1.3852, device='cuda:0')]
[2019-03-14 19:56:09,624][WARNING][LCC:tensor(0.9036)]
[2019-03-14 19:56:09,624][WARNING][SROCC:tensor(0.8961)]
[2019-03-14 19:56:15,732][INFO][epoch:271	loss:tensor(1.3919, device='cuda:0')]
[2019-03-14 19:56:21,862][INFO][epoch:272	loss:tensor(1.3944, device='cuda:0')]
[2019-03-14 19:56:28,009][INFO][epoch:273	loss:tensor(1.4247, device='cuda:0')]
[2019-03-14 19:56:34,150][INFO][epoch:274	loss:tensor(1.4975, device='cuda:0')]
[2019-03-14 19:56:40,272][INFO][epoch:275	loss:tensor(1.4017, device='cuda:0')]
[2019-03-14 19:56:46,415][INFO][epoch:276	loss:tensor(1.3937, device='cuda:0')]
[2019-03-14 19:56:52,532][INFO][epoch:277	loss:tensor(1.3969, device='cuda:0')]
[2019-03-14 19:56:58,656][INFO][epoch:278	loss:tensor(1.4657, device='cuda:0')]
[2019-03-14 19:57:04,799][INFO][epoch:279	loss:tensor(1.2828, device='cuda:0')]
[2019-03-14 19:57:10,930][INFO][epoch:280	loss:tensor(1.4087, device='cuda:0')]
[2019-03-14 19:57:11,819][WARNING][LCC:tensor(0.9088)]
[2019-03-14 19:57:11,820][WARNING][SROCC:tensor(0.9022)]
[2019-03-14 19:57:17,929][INFO][epoch:281	loss:tensor(1.4379, device='cuda:0')]
[2019-03-14 19:57:24,057][INFO][epoch:282	loss:tensor(1.4528, device='cuda:0')]
[2019-03-14 19:57:30,193][INFO][epoch:283	loss:tensor(1.4497, device='cuda:0')]
[2019-03-14 19:57:36,331][INFO][epoch:284	loss:tensor(1.4775, device='cuda:0')]
[2019-03-14 19:57:42,438][INFO][epoch:285	loss:tensor(1.4414, device='cuda:0')]
[2019-03-14 19:57:48,539][INFO][epoch:286	loss:tensor(1.4281, device='cuda:0')]
[2019-03-14 19:57:54,683][INFO][epoch:287	loss:tensor(1.4662, device='cuda:0')]
[2019-03-14 19:58:00,815][INFO][epoch:288	loss:tensor(1.4385, device='cuda:0')]
[2019-03-14 19:58:06,947][INFO][epoch:289	loss:tensor(1.4515, device='cuda:0')]
[2019-03-14 19:58:13,086][INFO][epoch:290	loss:tensor(1.4488, device='cuda:0')]
[2019-03-14 19:58:13,977][WARNING][LCC:tensor(0.9059)]
[2019-03-14 19:58:13,977][WARNING][SROCC:tensor(0.8967)]
[2019-03-14 19:58:20,077][INFO][epoch:291	loss:tensor(1.4019, device='cuda:0')]
[2019-03-14 19:58:26,190][INFO][epoch:292	loss:tensor(1.3985, device='cuda:0')]
[2019-03-14 19:58:32,328][INFO][epoch:293	loss:tensor(1.3840, device='cuda:0')]
[2019-03-14 19:58:38,466][INFO][epoch:294	loss:tensor(1.4161, device='cuda:0')]
[2019-03-14 19:58:44,605][INFO][epoch:295	loss:tensor(1.4005, device='cuda:0')]
[2019-03-14 19:58:50,748][INFO][epoch:296	loss:tensor(1.3537, device='cuda:0')]
[2019-03-14 19:58:56,894][INFO][epoch:297	loss:tensor(1.4125, device='cuda:0')]
[2019-03-14 19:59:03,039][INFO][epoch:298	loss:tensor(1.3765, device='cuda:0')]
[2019-03-14 19:59:09,242][INFO][epoch:299	loss:tensor(1.3871, device='cuda:0')]
[2019-03-14 19:59:15,401][INFO][epoch:300	loss:tensor(1.3445, device='cuda:0')]
[2019-03-14 19:59:16,296][WARNING][LCC:tensor(0.9054)]
[2019-03-14 19:59:16,296][WARNING][SROCC:tensor(0.9076)]
[2019-03-14 19:59:16,296][WARNING][Model saved]
[2019-03-14 19:59:22,420][INFO][epoch:301	loss:tensor(1.4113, device='cuda:0')]
[2019-03-14 19:59:28,535][INFO][epoch:302	loss:tensor(1.4043, device='cuda:0')]
[2019-03-14 19:59:34,657][INFO][epoch:303	loss:tensor(1.3199, device='cuda:0')]
[2019-03-14 19:59:40,800][INFO][epoch:304	loss:tensor(1.3046, device='cuda:0')]
[2019-03-14 19:59:46,936][INFO][epoch:305	loss:tensor(1.3662, device='cuda:0')]
[2019-03-14 19:59:53,080][INFO][epoch:306	loss:tensor(1.3790, device='cuda:0')]
[2019-03-14 19:59:59,228][INFO][epoch:307	loss:tensor(1.2887, device='cuda:0')]
[2019-03-14 20:00:05,348][INFO][epoch:308	loss:tensor(1.3831, device='cuda:0')]
[2019-03-14 20:00:11,490][INFO][epoch:309	loss:tensor(1.4044, device='cuda:0')]
[2019-03-14 20:00:17,637][INFO][epoch:310	loss:tensor(1.3826, device='cuda:0')]
[2019-03-14 20:00:18,527][WARNING][LCC:tensor(0.9100)]
[2019-03-14 20:00:18,528][WARNING][SROCC:tensor(0.8983)]
[2019-03-14 20:00:24,655][INFO][epoch:311	loss:tensor(1.4654, device='cuda:0')]
[2019-03-14 20:00:30,768][INFO][epoch:312	loss:tensor(1.3799, device='cuda:0')]
[2019-03-14 20:00:36,881][INFO][epoch:313	loss:tensor(1.3588, device='cuda:0')]
[2019-03-14 20:00:42,996][INFO][epoch:314	loss:tensor(1.4586, device='cuda:0')]
[2019-03-14 20:00:49,122][INFO][epoch:315	loss:tensor(1.4284, device='cuda:0')]
[2019-03-14 20:00:55,264][INFO][epoch:316	loss:tensor(1.3889, device='cuda:0')]
[2019-03-14 20:01:01,382][INFO][epoch:317	loss:tensor(1.3887, device='cuda:0')]
[2019-03-14 20:01:07,511][INFO][epoch:318	loss:tensor(1.4169, device='cuda:0')]
[2019-03-14 20:01:13,655][INFO][epoch:319	loss:tensor(1.3456, device='cuda:0')]
[2019-03-14 20:01:19,783][INFO][epoch:320	loss:tensor(1.4023, device='cuda:0')]
[2019-03-14 20:01:20,672][WARNING][LCC:tensor(0.9153)]
[2019-03-14 20:01:20,672][WARNING][SROCC:tensor(0.9130)]
[2019-03-14 20:01:26,758][INFO][epoch:321	loss:tensor(1.3870, device='cuda:0')]
[2019-03-14 20:01:32,901][INFO][epoch:322	loss:tensor(1.3217, device='cuda:0')]
[2019-03-14 20:01:39,107][INFO][epoch:323	loss:tensor(1.3991, device='cuda:0')]
[2019-03-14 20:01:45,286][INFO][epoch:324	loss:tensor(1.3628, device='cuda:0')]
[2019-03-14 20:01:51,458][INFO][epoch:325	loss:tensor(1.3299, device='cuda:0')]
[2019-03-14 20:01:57,635][INFO][epoch:326	loss:tensor(1.3189, device='cuda:0')]
[2019-03-14 20:02:03,830][INFO][epoch:327	loss:tensor(1.3881, device='cuda:0')]
[2019-03-14 20:02:10,011][INFO][epoch:328	loss:tensor(1.3637, device='cuda:0')]
[2019-03-14 20:02:16,180][INFO][epoch:329	loss:tensor(1.3166, device='cuda:0')]
[2019-03-14 20:02:22,340][INFO][epoch:330	loss:tensor(1.3791, device='cuda:0')]
[2019-03-14 20:02:23,232][WARNING][LCC:tensor(0.9114)]
[2019-03-14 20:02:23,233][WARNING][SROCC:tensor(0.9088)]
[2019-03-14 20:02:29,368][INFO][epoch:331	loss:tensor(1.3140, device='cuda:0')]
[2019-03-14 20:02:35,526][INFO][epoch:332	loss:tensor(1.3465, device='cuda:0')]
[2019-03-14 20:02:41,688][INFO][epoch:333	loss:tensor(1.3485, device='cuda:0')]
[2019-03-14 20:02:47,860][INFO][epoch:334	loss:tensor(1.4379, device='cuda:0')]
[2019-03-14 20:02:54,031][INFO][epoch:335	loss:tensor(1.4155, device='cuda:0')]
[2019-03-14 20:03:00,199][INFO][epoch:336	loss:tensor(1.3469, device='cuda:0')]
[2019-03-14 20:03:06,363][INFO][epoch:337	loss:tensor(1.3986, device='cuda:0')]
[2019-03-14 20:03:12,528][INFO][epoch:338	loss:tensor(1.3296, device='cuda:0')]
[2019-03-14 20:03:18,691][INFO][epoch:339	loss:tensor(1.3195, device='cuda:0')]
[2019-03-14 20:03:24,839][INFO][epoch:340	loss:tensor(1.4228, device='cuda:0')]
[2019-03-14 20:03:25,733][WARNING][LCC:tensor(0.9163)]
[2019-03-14 20:03:25,734][WARNING][SROCC:tensor(0.9165)]
[2019-03-14 20:03:31,876][INFO][epoch:341	loss:tensor(1.3594, device='cuda:0')]
[2019-03-14 20:03:38,012][INFO][epoch:342	loss:tensor(1.2884, device='cuda:0')]
[2019-03-14 20:03:44,168][INFO][epoch:343	loss:tensor(1.3814, device='cuda:0')]
[2019-03-14 20:03:50,303][INFO][epoch:344	loss:tensor(1.3258, device='cuda:0')]
[2019-03-14 20:03:56,450][INFO][epoch:345	loss:tensor(1.3166, device='cuda:0')]
[2019-03-14 20:04:02,620][INFO][epoch:346	loss:tensor(1.3015, device='cuda:0')]
[2019-03-14 20:04:08,787][INFO][epoch:347	loss:tensor(1.3873, device='cuda:0')]
[2019-03-14 20:04:14,938][INFO][epoch:348	loss:tensor(1.2770, device='cuda:0')]
[2019-03-14 20:04:21,094][INFO][epoch:349	loss:tensor(1.3086, device='cuda:0')]
[2019-03-14 20:04:27,225][INFO][epoch:350	loss:tensor(1.2886, device='cuda:0')]
[2019-03-14 20:04:28,121][WARNING][LCC:tensor(0.9145)]
[2019-03-14 20:04:28,122][WARNING][SROCC:tensor(0.9109)]
[2019-03-14 20:04:28,122][WARNING][Model saved]
[2019-03-14 20:04:34,276][INFO][epoch:351	loss:tensor(1.3065, device='cuda:0')]
[2019-03-14 20:04:40,449][INFO][epoch:352	loss:tensor(1.2723, device='cuda:0')]
[2019-03-14 20:04:46,605][INFO][epoch:353	loss:tensor(1.2854, device='cuda:0')]
[2019-03-14 20:04:52,771][INFO][epoch:354	loss:tensor(1.3317, device='cuda:0')]
[2019-03-14 20:04:58,915][INFO][epoch:355	loss:tensor(1.3726, device='cuda:0')]
[2019-03-14 20:05:05,121][INFO][epoch:356	loss:tensor(1.3900, device='cuda:0')]
[2019-03-14 20:05:11,263][INFO][epoch:357	loss:tensor(1.3492, device='cuda:0')]
[2019-03-14 20:05:17,432][INFO][epoch:358	loss:tensor(1.3531, device='cuda:0')]
[2019-03-14 20:05:23,621][INFO][epoch:359	loss:tensor(1.2588, device='cuda:0')]
[2019-03-14 20:05:29,795][INFO][epoch:360	loss:tensor(1.2712, device='cuda:0')]
[2019-03-14 20:05:30,682][WARNING][LCC:tensor(0.9191)]
[2019-03-14 20:05:30,683][WARNING][SROCC:tensor(0.9151)]
[2019-03-14 20:05:36,791][INFO][epoch:361	loss:tensor(1.2620, device='cuda:0')]
[2019-03-14 20:05:42,961][INFO][epoch:362	loss:tensor(1.2930, device='cuda:0')]
[2019-03-14 20:05:49,121][INFO][epoch:363	loss:tensor(1.2846, device='cuda:0')]
[2019-03-14 20:05:55,286][INFO][epoch:364	loss:tensor(1.3412, device='cuda:0')]
[2019-03-14 20:06:01,446][INFO][epoch:365	loss:tensor(1.3194, device='cuda:0')]
[2019-03-14 20:06:07,588][INFO][epoch:366	loss:tensor(1.3069, device='cuda:0')]
[2019-03-14 20:06:13,728][INFO][epoch:367	loss:tensor(1.3091, device='cuda:0')]
[2019-03-14 20:06:19,872][INFO][epoch:368	loss:tensor(1.2427, device='cuda:0')]
[2019-03-14 20:06:26,037][INFO][epoch:369	loss:tensor(1.3229, device='cuda:0')]
[2019-03-14 20:06:32,177][INFO][epoch:370	loss:tensor(1.2684, device='cuda:0')]
[2019-03-14 20:06:33,063][WARNING][LCC:tensor(0.9125)]
[2019-03-14 20:06:33,064][WARNING][SROCC:tensor(0.9085)]
[2019-03-14 20:06:39,172][INFO][epoch:371	loss:tensor(1.2955, device='cuda:0')]
[2019-03-14 20:06:45,328][INFO][epoch:372	loss:tensor(1.2566, device='cuda:0')]
[2019-03-14 20:06:51,484][INFO][epoch:373	loss:tensor(1.3430, device='cuda:0')]
[2019-03-14 20:06:57,629][INFO][epoch:374	loss:tensor(1.3865, device='cuda:0')]
[2019-03-14 20:07:03,798][INFO][epoch:375	loss:tensor(1.2972, device='cuda:0')]
[2019-03-14 20:07:09,967][INFO][epoch:376	loss:tensor(1.2606, device='cuda:0')]
[2019-03-14 20:07:16,117][INFO][epoch:377	loss:tensor(1.2085, device='cuda:0')]
[2019-03-14 20:07:22,270][INFO][epoch:378	loss:tensor(1.2370, device='cuda:0')]
[2019-03-14 20:07:28,426][INFO][epoch:379	loss:tensor(1.2278, device='cuda:0')]
[2019-03-14 20:07:34,590][INFO][epoch:380	loss:tensor(1.2793, device='cuda:0')]
[2019-03-14 20:07:35,482][WARNING][LCC:tensor(0.9175)]
[2019-03-14 20:07:35,482][WARNING][SROCC:tensor(0.9098)]
[2019-03-14 20:07:41,610][INFO][epoch:381	loss:tensor(1.2318, device='cuda:0')]
[2019-03-14 20:07:47,758][INFO][epoch:382	loss:tensor(1.2949, device='cuda:0')]
[2019-03-14 20:07:53,916][INFO][epoch:383	loss:tensor(1.2429, device='cuda:0')]
[2019-03-14 20:08:00,082][INFO][epoch:384	loss:tensor(1.2304, device='cuda:0')]
[2019-03-14 20:08:06,246][INFO][epoch:385	loss:tensor(1.2640, device='cuda:0')]
[2019-03-14 20:08:12,414][INFO][epoch:386	loss:tensor(1.2735, device='cuda:0')]
[2019-03-14 20:08:18,555][INFO][epoch:387	loss:tensor(1.2729, device='cuda:0')]
[2019-03-14 20:08:24,698][INFO][epoch:388	loss:tensor(1.2754, device='cuda:0')]
[2019-03-14 20:08:30,858][INFO][epoch:389	loss:tensor(1.2704, device='cuda:0')]
[2019-03-14 20:08:37,045][INFO][epoch:390	loss:tensor(1.4225, device='cuda:0')]
[2019-03-14 20:08:37,970][WARNING][LCC:tensor(0.9248)]
[2019-03-14 20:08:37,971][WARNING][SROCC:tensor(0.9207)]
[2019-03-14 20:08:44,107][INFO][epoch:391	loss:tensor(1.2623, device='cuda:0')]
[2019-03-14 20:08:50,251][INFO][epoch:392	loss:tensor(1.2399, device='cuda:0')]
[2019-03-14 20:08:56,401][INFO][epoch:393	loss:tensor(1.2283, device='cuda:0')]
[2019-03-14 20:09:02,558][INFO][epoch:394	loss:tensor(1.2339, device='cuda:0')]
[2019-03-14 20:09:08,718][INFO][epoch:395	loss:tensor(1.1997, device='cuda:0')]
[2019-03-14 20:09:14,875][INFO][epoch:396	loss:tensor(1.3007, device='cuda:0')]
[2019-03-14 20:09:21,035][INFO][epoch:397	loss:tensor(1.2443, device='cuda:0')]
[2019-03-14 20:09:27,187][INFO][epoch:398	loss:tensor(1.2282, device='cuda:0')]
[2019-03-14 20:09:33,358][INFO][epoch:399	loss:tensor(1.2084, device='cuda:0')]
[2019-03-14 20:09:39,518][INFO][epoch:400	loss:tensor(1.2142, device='cuda:0')]
[2019-03-14 20:09:40,413][WARNING][LCC:tensor(0.9059)]
[2019-03-14 20:09:40,414][WARNING][SROCC:tensor(0.9047)]
[2019-03-14 20:09:40,414][WARNING][Model saved]
[2019-03-14 20:09:46,579][INFO][epoch:401	loss:tensor(1.3467, device='cuda:0')]
[2019-03-14 20:09:52,736][INFO][epoch:402	loss:tensor(1.2146, device='cuda:0')]
[2019-03-14 20:09:58,885][INFO][epoch:403	loss:tensor(1.2101, device='cuda:0')]
[2019-03-14 20:10:05,034][INFO][epoch:404	loss:tensor(1.2477, device='cuda:0')]
[2019-03-14 20:10:11,203][INFO][epoch:405	loss:tensor(1.2929, device='cuda:0')]
[2019-03-14 20:10:17,346][INFO][epoch:406	loss:tensor(1.2233, device='cuda:0')]
[2019-03-14 20:10:23,519][INFO][epoch:407	loss:tensor(1.3137, device='cuda:0')]
[2019-03-14 20:10:29,681][INFO][epoch:408	loss:tensor(1.2101, device='cuda:0')]
[2019-03-14 20:10:35,849][INFO][epoch:409	loss:tensor(1.2150, device='cuda:0')]
[2019-03-14 20:10:41,984][INFO][epoch:410	loss:tensor(1.1998, device='cuda:0')]
[2019-03-14 20:10:42,881][WARNING][LCC:tensor(0.9111)]
[2019-03-14 20:10:42,881][WARNING][SROCC:tensor(0.9016)]
[2019-03-14 20:10:48,987][INFO][epoch:411	loss:tensor(1.2393, device='cuda:0')]
[2019-03-14 20:10:55,130][INFO][epoch:412	loss:tensor(1.2812, device='cuda:0')]
[2019-03-14 20:11:01,289][INFO][epoch:413	loss:tensor(1.2065, device='cuda:0')]
[2019-03-14 20:11:07,441][INFO][epoch:414	loss:tensor(1.2475, device='cuda:0')]
[2019-03-14 20:11:13,593][INFO][epoch:415	loss:tensor(1.2016, device='cuda:0')]
[2019-03-14 20:11:19,741][INFO][epoch:416	loss:tensor(1.2838, device='cuda:0')]
[2019-03-14 20:11:25,904][INFO][epoch:417	loss:tensor(1.2696, device='cuda:0')]
[2019-03-14 20:11:32,060][INFO][epoch:418	loss:tensor(1.2394, device='cuda:0')]
[2019-03-14 20:11:38,214][INFO][epoch:419	loss:tensor(1.2644, device='cuda:0')]
[2019-03-14 20:11:44,366][INFO][epoch:420	loss:tensor(1.3012, device='cuda:0')]
[2019-03-14 20:11:45,267][WARNING][LCC:tensor(0.9223)]
[2019-03-14 20:11:45,267][WARNING][SROCC:tensor(0.9180)]
[2019-03-14 20:11:51,381][INFO][epoch:421	loss:tensor(1.2817, device='cuda:0')]
[2019-03-14 20:11:57,535][INFO][epoch:422	loss:tensor(1.2279, device='cuda:0')]
[2019-03-14 20:12:03,668][INFO][epoch:423	loss:tensor(1.2444, device='cuda:0')]
[2019-03-14 20:12:09,802][INFO][epoch:424	loss:tensor(1.2877, device='cuda:0')]
[2019-03-14 20:12:15,953][INFO][epoch:425	loss:tensor(1.3283, device='cuda:0')]
[2019-03-14 20:12:22,118][INFO][epoch:426	loss:tensor(1.1897, device='cuda:0')]
[2019-03-14 20:12:28,282][INFO][epoch:427	loss:tensor(1.1881, device='cuda:0')]
[2019-03-14 20:12:34,421][INFO][epoch:428	loss:tensor(1.2128, device='cuda:0')]
[2019-03-14 20:12:40,589][INFO][epoch:429	loss:tensor(1.2944, device='cuda:0')]
[2019-03-14 20:12:46,743][INFO][epoch:430	loss:tensor(1.2808, device='cuda:0')]
[2019-03-14 20:12:47,629][WARNING][LCC:tensor(0.9195)]
[2019-03-14 20:12:47,629][WARNING][SROCC:tensor(0.9146)]
[2019-03-14 20:12:53,757][INFO][epoch:431	loss:tensor(1.2002, device='cuda:0')]
[2019-03-14 20:12:59,910][INFO][epoch:432	loss:tensor(1.2350, device='cuda:0')]
[2019-03-14 20:13:06,137][INFO][epoch:433	loss:tensor(1.2440, device='cuda:0')]
[2019-03-14 20:13:12,293][INFO][epoch:434	loss:tensor(1.1942, device='cuda:0')]
[2019-03-14 20:13:18,449][INFO][epoch:435	loss:tensor(1.2686, device='cuda:0')]
[2019-03-14 20:13:24,572][INFO][epoch:436	loss:tensor(1.2433, device='cuda:0')]
[2019-03-14 20:13:30,710][INFO][epoch:437	loss:tensor(1.2737, device='cuda:0')]
[2019-03-14 20:13:36,865][INFO][epoch:438	loss:tensor(1.2604, device='cuda:0')]
[2019-03-14 20:13:43,029][INFO][epoch:439	loss:tensor(1.2283, device='cuda:0')]
[2019-03-14 20:13:49,184][INFO][epoch:440	loss:tensor(1.2270, device='cuda:0')]
[2019-03-14 20:13:50,071][WARNING][LCC:tensor(0.9158)]
[2019-03-14 20:13:50,071][WARNING][SROCC:tensor(0.9120)]
[2019-03-14 20:13:56,208][INFO][epoch:441	loss:tensor(1.1738, device='cuda:0')]
[2019-03-14 20:14:02,367][INFO][epoch:442	loss:tensor(1.1807, device='cuda:0')]
[2019-03-14 20:14:08,530][INFO][epoch:443	loss:tensor(1.2364, device='cuda:0')]
[2019-03-14 20:14:14,665][INFO][epoch:444	loss:tensor(1.2032, device='cuda:0')]
[2019-03-14 20:14:20,803][INFO][epoch:445	loss:tensor(1.1805, device='cuda:0')]
[2019-03-14 20:14:26,966][INFO][epoch:446	loss:tensor(1.2180, device='cuda:0')]
[2019-03-14 20:14:33,105][INFO][epoch:447	loss:tensor(1.1967, device='cuda:0')]
[2019-03-14 20:14:39,258][INFO][epoch:448	loss:tensor(1.1881, device='cuda:0')]
[2019-03-14 20:14:45,429][INFO][epoch:449	loss:tensor(1.1835, device='cuda:0')]
[2019-03-14 20:14:51,575][INFO][epoch:450	loss:tensor(1.2384, device='cuda:0')]
[2019-03-14 20:14:52,463][WARNING][LCC:tensor(0.9245)]
[2019-03-14 20:14:52,464][WARNING][SROCC:tensor(0.9142)]
[2019-03-14 20:14:52,464][WARNING][Model saved]
[2019-03-14 20:14:58,618][INFO][epoch:451	loss:tensor(1.2907, device='cuda:0')]
[2019-03-14 20:15:04,781][INFO][epoch:452	loss:tensor(1.2369, device='cuda:0')]
[2019-03-14 20:15:10,904][INFO][epoch:453	loss:tensor(1.2268, device='cuda:0')]
[2019-03-14 20:15:17,041][INFO][epoch:454	loss:tensor(1.2173, device='cuda:0')]
[2019-03-14 20:15:23,211][INFO][epoch:455	loss:tensor(1.2491, device='cuda:0')]
[2019-03-14 20:15:29,367][INFO][epoch:456	loss:tensor(1.2094, device='cuda:0')]
[2019-03-14 20:15:35,524][INFO][epoch:457	loss:tensor(1.2058, device='cuda:0')]
[2019-03-14 20:15:41,663][INFO][epoch:458	loss:tensor(1.1278, device='cuda:0')]
[2019-03-14 20:15:47,811][INFO][epoch:459	loss:tensor(1.2479, device='cuda:0')]
[2019-03-14 20:15:53,974][INFO][epoch:460	loss:tensor(1.1633, device='cuda:0')]
[2019-03-14 20:15:54,875][WARNING][LCC:tensor(0.9128)]
[2019-03-14 20:15:54,876][WARNING][SROCC:tensor(0.9057)]
[2019-03-14 20:16:00,981][INFO][epoch:461	loss:tensor(1.2143, device='cuda:0')]
[2019-03-14 20:16:07,145][INFO][epoch:462	loss:tensor(1.1907, device='cuda:0')]
[2019-03-14 20:16:13,286][INFO][epoch:463	loss:tensor(1.3199, device='cuda:0')]
[2019-03-14 20:16:19,431][INFO][epoch:464	loss:tensor(1.2554, device='cuda:0')]
[2019-03-14 20:16:25,594][INFO][epoch:465	loss:tensor(1.1570, device='cuda:0')]
[2019-03-14 20:16:31,751][INFO][epoch:466	loss:tensor(1.1608, device='cuda:0')]
[2019-03-14 20:16:37,913][INFO][epoch:467	loss:tensor(1.1507, device='cuda:0')]
[2019-03-14 20:16:44,081][INFO][epoch:468	loss:tensor(1.1958, device='cuda:0')]
[2019-03-14 20:16:50,236][INFO][epoch:469	loss:tensor(1.2158, device='cuda:0')]
[2019-03-14 20:16:56,367][INFO][epoch:470	loss:tensor(1.1540, device='cuda:0')]
[2019-03-14 20:16:57,257][WARNING][LCC:tensor(0.9095)]
[2019-03-14 20:16:57,257][WARNING][SROCC:tensor(0.8983)]
[2019-03-14 20:17:03,605][INFO][epoch:471	loss:tensor(1.2245, device='cuda:0')]
[2019-03-14 20:17:09,945][INFO][epoch:472	loss:tensor(1.1949, device='cuda:0')]
[2019-03-14 20:17:16,184][INFO][epoch:473	loss:tensor(1.1677, device='cuda:0')]
[2019-03-14 20:17:22,335][INFO][epoch:474	loss:tensor(1.1255, device='cuda:0')]
[2019-03-14 20:17:28,478][INFO][epoch:475	loss:tensor(1.2323, device='cuda:0')]
[2019-03-14 20:17:34,705][INFO][epoch:476	loss:tensor(1.1674, device='cuda:0')]
[2019-03-14 20:17:40,845][INFO][epoch:477	loss:tensor(1.1410, device='cuda:0')]
[2019-03-14 20:17:46,983][INFO][epoch:478	loss:tensor(1.1641, device='cuda:0')]
[2019-03-14 20:17:53,119][INFO][epoch:479	loss:tensor(1.1441, device='cuda:0')]
[2019-03-14 20:17:59,233][INFO][epoch:480	loss:tensor(1.2001, device='cuda:0')]
[2019-03-14 20:18:00,131][WARNING][LCC:tensor(0.9105)]
[2019-03-14 20:18:00,132][WARNING][SROCC:tensor(0.9020)]
[2019-03-14 20:18:06,259][INFO][epoch:481	loss:tensor(1.1507, device='cuda:0')]
[2019-03-14 20:18:12,419][INFO][epoch:482	loss:tensor(1.2236, device='cuda:0')]
[2019-03-14 20:18:18,555][INFO][epoch:483	loss:tensor(1.1970, device='cuda:0')]
[2019-03-14 20:18:24,694][INFO][epoch:484	loss:tensor(1.1515, device='cuda:0')]
[2019-03-14 20:18:30,806][INFO][epoch:485	loss:tensor(1.1576, device='cuda:0')]
[2019-03-14 20:18:36,954][INFO][epoch:486	loss:tensor(1.2137, device='cuda:0')]
[2019-03-14 20:18:43,109][INFO][epoch:487	loss:tensor(1.1440, device='cuda:0')]
[2019-03-14 20:18:49,263][INFO][epoch:488	loss:tensor(1.1453, device='cuda:0')]
[2019-03-14 20:18:55,423][INFO][epoch:489	loss:tensor(1.1580, device='cuda:0')]
[2019-03-14 20:19:01,577][INFO][epoch:490	loss:tensor(1.1557, device='cuda:0')]
[2019-03-14 20:19:02,471][WARNING][LCC:tensor(0.9143)]
[2019-03-14 20:19:02,471][WARNING][SROCC:tensor(0.9081)]
[2019-03-14 20:19:08,586][INFO][epoch:491	loss:tensor(1.1771, device='cuda:0')]
[2019-03-14 20:19:14,732][INFO][epoch:492	loss:tensor(1.1933, device='cuda:0')]
[2019-03-14 20:19:20,883][INFO][epoch:493	loss:tensor(1.2252, device='cuda:0')]
[2019-03-14 20:19:27,039][INFO][epoch:494	loss:tensor(1.1856, device='cuda:0')]
[2019-03-14 20:19:33,191][INFO][epoch:495	loss:tensor(1.2406, device='cuda:0')]
[2019-03-14 20:19:39,329][INFO][epoch:496	loss:tensor(1.1417, device='cuda:0')]
[2019-03-14 20:19:45,457][INFO][epoch:497	loss:tensor(1.1416, device='cuda:0')]
[2019-03-14 20:19:51,620][INFO][epoch:498	loss:tensor(1.1734, device='cuda:0')]
[2019-03-14 20:19:57,785][INFO][epoch:499	loss:tensor(1.1823, device='cuda:0')]
[2019-03-14 20:20:03,941][INFO][epoch:500	loss:tensor(1.1891, device='cuda:0')]
[2019-03-14 20:20:04,838][WARNING][LCC:tensor(0.9210)]
[2019-03-14 20:20:04,839][WARNING][SROCC:tensor(0.9139)]
[2019-03-14 20:20:04,839][WARNING][Model saved]
[2019-03-14 20:20:10,975][INFO][epoch:501	loss:tensor(1.1327, device='cuda:0')]
[2019-03-14 20:20:17,140][INFO][epoch:502	loss:tensor(1.1397, device='cuda:0')]
[2019-03-14 20:20:23,312][INFO][epoch:503	loss:tensor(1.1221, device='cuda:0')]
[2019-03-14 20:20:29,448][INFO][epoch:504	loss:tensor(1.1764, device='cuda:0')]
[2019-03-14 20:20:35,598][INFO][epoch:505	loss:tensor(1.1435, device='cuda:0')]
[2019-03-14 20:20:41,754][INFO][epoch:506	loss:tensor(1.1373, device='cuda:0')]
[2019-03-14 20:20:47,919][INFO][epoch:507	loss:tensor(1.2074, device='cuda:0')]
[2019-03-14 20:20:54,072][INFO][epoch:508	loss:tensor(1.1127, device='cuda:0')]
[2019-03-14 20:21:00,239][INFO][epoch:509	loss:tensor(1.1168, device='cuda:0')]
[2019-03-14 20:21:06,404][INFO][epoch:510	loss:tensor(1.1653, device='cuda:0')]
[2019-03-14 20:21:07,301][WARNING][LCC:tensor(0.9097)]
[2019-03-14 20:21:07,301][WARNING][SROCC:tensor(0.9024)]
[2019-03-14 20:21:13,437][INFO][epoch:511	loss:tensor(1.1691, device='cuda:0')]
[2019-03-14 20:21:19,560][INFO][epoch:512	loss:tensor(1.1452, device='cuda:0')]
[2019-03-14 20:21:25,710][INFO][epoch:513	loss:tensor(1.2064, device='cuda:0')]
[2019-03-14 20:21:31,861][INFO][epoch:514	loss:tensor(1.1895, device='cuda:0')]
[2019-03-14 20:21:38,013][INFO][epoch:515	loss:tensor(1.1746, device='cuda:0')]
[2019-03-14 20:21:44,176][INFO][epoch:516	loss:tensor(1.1804, device='cuda:0')]
[2019-03-14 20:21:50,333][INFO][epoch:517	loss:tensor(1.1919, device='cuda:0')]
[2019-03-14 20:21:56,459][INFO][epoch:518	loss:tensor(1.1220, device='cuda:0')]
[2019-03-14 20:22:02,623][INFO][epoch:519	loss:tensor(1.1032, device='cuda:0')]
[2019-03-14 20:22:08,764][INFO][epoch:520	loss:tensor(1.1849, device='cuda:0')]
[2019-03-14 20:22:09,668][WARNING][LCC:tensor(0.9278)]
[2019-03-14 20:22:09,669][WARNING][SROCC:tensor(0.9247)]
[2019-03-14 20:22:15,783][INFO][epoch:521	loss:tensor(1.1645, device='cuda:0')]
[2019-03-14 20:22:21,941][INFO][epoch:522	loss:tensor(1.1140, device='cuda:0')]
[2019-03-14 20:22:28,073][INFO][epoch:523	loss:tensor(1.1437, device='cuda:0')]
[2019-03-14 20:22:34,230][INFO][epoch:524	loss:tensor(1.2766, device='cuda:0')]
[2019-03-14 20:22:40,376][INFO][epoch:525	loss:tensor(1.1612, device='cuda:0')]
[2019-03-14 20:22:46,505][INFO][epoch:526	loss:tensor(1.1574, device='cuda:0')]
[2019-03-14 20:22:52,665][INFO][epoch:527	loss:tensor(1.1037, device='cuda:0')]
[2019-03-14 20:22:58,794][INFO][epoch:528	loss:tensor(1.1996, device='cuda:0')]
[2019-03-14 20:23:04,924][INFO][epoch:529	loss:tensor(1.1266, device='cuda:0')]
[2019-03-14 20:23:11,087][INFO][epoch:530	loss:tensor(1.1064, device='cuda:0')]
[2019-03-14 20:23:11,975][WARNING][LCC:tensor(0.9117)]
[2019-03-14 20:23:11,976][WARNING][SROCC:tensor(0.9038)]
[2019-03-14 20:23:18,110][INFO][epoch:531	loss:tensor(1.1504, device='cuda:0')]
[2019-03-14 20:23:24,240][INFO][epoch:532	loss:tensor(1.0547, device='cuda:0')]
[2019-03-14 20:23:30,396][INFO][epoch:533	loss:tensor(1.1469, device='cuda:0')]
[2019-03-14 20:23:36,534][INFO][epoch:534	loss:tensor(1.0659, device='cuda:0')]
[2019-03-14 20:23:42,693][INFO][epoch:535	loss:tensor(1.0867, device='cuda:0')]
[2019-03-14 20:23:48,850][INFO][epoch:536	loss:tensor(1.1615, device='cuda:0')]
[2019-03-14 20:23:55,006][INFO][epoch:537	loss:tensor(1.1937, device='cuda:0')]
[2019-03-14 20:24:01,161][INFO][epoch:538	loss:tensor(1.1396, device='cuda:0')]
[2019-03-14 20:24:07,305][INFO][epoch:539	loss:tensor(1.1137, device='cuda:0')]
[2019-03-14 20:24:13,457][INFO][epoch:540	loss:tensor(1.1220, device='cuda:0')]
[2019-03-14 20:24:14,353][WARNING][LCC:tensor(0.9159)]
[2019-03-14 20:24:14,353][WARNING][SROCC:tensor(0.9122)]
[2019-03-14 20:24:20,494][INFO][epoch:541	loss:tensor(1.1392, device='cuda:0')]
[2019-03-14 20:24:26,656][INFO][epoch:542	loss:tensor(1.1028, device='cuda:0')]
[2019-03-14 20:24:32,794][INFO][epoch:543	loss:tensor(1.0900, device='cuda:0')]
[2019-03-14 20:24:38,946][INFO][epoch:544	loss:tensor(1.1551, device='cuda:0')]
[2019-03-14 20:24:45,113][INFO][epoch:545	loss:tensor(1.1129, device='cuda:0')]
[2019-03-14 20:24:51,247][INFO][epoch:546	loss:tensor(1.1331, device='cuda:0')]
[2019-03-14 20:24:57,393][INFO][epoch:547	loss:tensor(1.1363, device='cuda:0')]
[2019-03-14 20:25:03,556][INFO][epoch:548	loss:tensor(1.1545, device='cuda:0')]
[2019-03-14 20:25:09,697][INFO][epoch:549	loss:tensor(1.1930, device='cuda:0')]
[2019-03-14 20:25:15,859][INFO][epoch:550	loss:tensor(1.1064, device='cuda:0')]
[2019-03-14 20:25:16,774][WARNING][LCC:tensor(0.9132)]
[2019-03-14 20:25:16,774][WARNING][SROCC:tensor(0.9106)]
[2019-03-14 20:25:16,775][WARNING][Model saved]
[2019-03-14 20:25:22,926][INFO][epoch:551	loss:tensor(1.1754, device='cuda:0')]
[2019-03-14 20:25:29,078][INFO][epoch:552	loss:tensor(1.1389, device='cuda:0')]
[2019-03-14 20:25:35,233][INFO][epoch:553	loss:tensor(1.1351, device='cuda:0')]
[2019-03-14 20:25:41,373][INFO][epoch:554	loss:tensor(1.0919, device='cuda:0')]
[2019-03-14 20:25:47,531][INFO][epoch:555	loss:tensor(1.1822, device='cuda:0')]
[2019-03-14 20:25:53,684][INFO][epoch:556	loss:tensor(1.0952, device='cuda:0')]
[2019-03-14 20:25:59,819][INFO][epoch:557	loss:tensor(1.1185, device='cuda:0')]
[2019-03-14 20:26:05,968][INFO][epoch:558	loss:tensor(1.1135, device='cuda:0')]
[2019-03-14 20:26:12,129][INFO][epoch:559	loss:tensor(1.2011, device='cuda:0')]
[2019-03-14 20:26:18,289][INFO][epoch:560	loss:tensor(1.1147, device='cuda:0')]
[2019-03-14 20:26:19,192][WARNING][LCC:tensor(0.9159)]
[2019-03-14 20:26:19,192][WARNING][SROCC:tensor(0.9112)]
[2019-03-14 20:26:25,322][INFO][epoch:561	loss:tensor(1.1502, device='cuda:0')]
[2019-03-14 20:26:31,483][INFO][epoch:562	loss:tensor(1.1732, device='cuda:0')]
[2019-03-14 20:26:37,621][INFO][epoch:563	loss:tensor(1.1205, device='cuda:0')]
[2019-03-14 20:26:43,772][INFO][epoch:564	loss:tensor(1.1005, device='cuda:0')]
[2019-03-14 20:26:49,941][INFO][epoch:565	loss:tensor(1.1879, device='cuda:0')]
[2019-03-14 20:26:56,110][INFO][epoch:566	loss:tensor(1.1423, device='cuda:0')]
[2019-03-14 20:27:02,266][INFO][epoch:567	loss:tensor(1.1076, device='cuda:0')]
[2019-03-14 20:27:08,414][INFO][epoch:568	loss:tensor(1.0880, device='cuda:0')]
[2019-03-14 20:27:14,581][INFO][epoch:569	loss:tensor(1.1319, device='cuda:0')]
[2019-03-14 20:27:20,711][INFO][epoch:570	loss:tensor(1.1059, device='cuda:0')]
[2019-03-14 20:27:21,617][WARNING][LCC:tensor(0.9144)]
[2019-03-14 20:27:21,618][WARNING][SROCC:tensor(0.9090)]
[2019-03-14 20:27:27,751][INFO][epoch:571	loss:tensor(1.0721, device='cuda:0')]
[2019-03-14 20:27:33,899][INFO][epoch:572	loss:tensor(1.1302, device='cuda:0')]
[2019-03-14 20:27:40,065][INFO][epoch:573	loss:tensor(1.0773, device='cuda:0')]
[2019-03-14 20:27:46,228][INFO][epoch:574	loss:tensor(1.1185, device='cuda:0')]
[2019-03-14 20:27:52,354][INFO][epoch:575	loss:tensor(1.0630, device='cuda:0')]
[2019-03-14 20:27:58,492][INFO][epoch:576	loss:tensor(1.1227, device='cuda:0')]
[2019-03-14 20:28:04,660][INFO][epoch:577	loss:tensor(1.0190, device='cuda:0')]
[2019-03-14 20:28:10,809][INFO][epoch:578	loss:tensor(1.0717, device='cuda:0')]
[2019-03-14 20:28:16,958][INFO][epoch:579	loss:tensor(1.1804, device='cuda:0')]
[2019-03-14 20:28:23,105][INFO][epoch:580	loss:tensor(1.1298, device='cuda:0')]
[2019-03-14 20:28:24,000][WARNING][LCC:tensor(0.9100)]
[2019-03-14 20:28:24,001][WARNING][SROCC:tensor(0.9070)]
[2019-03-14 20:28:30,128][INFO][epoch:581	loss:tensor(1.1034, device='cuda:0')]
[2019-03-14 20:28:36,267][INFO][epoch:582	loss:tensor(1.1031, device='cuda:0')]
[2019-03-14 20:28:42,432][INFO][epoch:583	loss:tensor(1.0739, device='cuda:0')]
[2019-03-14 20:28:48,566][INFO][epoch:584	loss:tensor(1.0823, device='cuda:0')]
[2019-03-14 20:28:54,694][INFO][epoch:585	loss:tensor(1.1117, device='cuda:0')]
[2019-03-14 20:29:00,827][INFO][epoch:586	loss:tensor(1.1080, device='cuda:0')]
[2019-03-14 20:29:06,978][INFO][epoch:587	loss:tensor(1.0577, device='cuda:0')]
[2019-03-14 20:29:13,140][INFO][epoch:588	loss:tensor(1.0880, device='cuda:0')]
[2019-03-14 20:29:19,301][INFO][epoch:589	loss:tensor(1.0755, device='cuda:0')]
[2019-03-14 20:29:25,460][INFO][epoch:590	loss:tensor(1.0942, device='cuda:0')]
[2019-03-14 20:29:26,363][WARNING][LCC:tensor(0.9187)]
[2019-03-14 20:29:26,364][WARNING][SROCC:tensor(0.9095)]
[2019-03-14 20:29:32,465][INFO][epoch:591	loss:tensor(1.0106, device='cuda:0')]
[2019-03-14 20:29:38,602][INFO][epoch:592	loss:tensor(1.0484, device='cuda:0')]
[2019-03-14 20:29:44,770][INFO][epoch:593	loss:tensor(1.0715, device='cuda:0')]
[2019-03-14 20:29:50,934][INFO][epoch:594	loss:tensor(1.1197, device='cuda:0')]
[2019-03-14 20:29:57,040][INFO][epoch:595	loss:tensor(1.0283, device='cuda:0')]
[2019-03-14 20:30:03,206][INFO][epoch:596	loss:tensor(1.1564, device='cuda:0')]
[2019-03-14 20:30:09,358][INFO][epoch:597	loss:tensor(1.0403, device='cuda:0')]
[2019-03-14 20:30:15,524][INFO][epoch:598	loss:tensor(1.1128, device='cuda:0')]
[2019-03-14 20:30:21,665][INFO][epoch:599	loss:tensor(1.0858, device='cuda:0')]
[2019-03-14 20:30:27,804][INFO][epoch:600	loss:tensor(1.0846, device='cuda:0')]
[2019-03-14 20:30:28,711][WARNING][LCC:tensor(0.9153)]
[2019-03-14 20:30:28,711][WARNING][SROCC:tensor(0.9102)]
[2019-03-14 20:30:28,712][WARNING][Model saved]
[2019-03-14 20:30:34,866][INFO][epoch:601	loss:tensor(1.1220, device='cuda:0')]
[2019-03-14 20:30:41,031][INFO][epoch:602	loss:tensor(1.0384, device='cuda:0')]
[2019-03-14 20:30:47,186][INFO][epoch:603	loss:tensor(1.0707, device='cuda:0')]
[2019-03-14 20:30:53,340][INFO][epoch:604	loss:tensor(1.1037, device='cuda:0')]
[2019-03-14 20:30:59,502][INFO][epoch:605	loss:tensor(1.0287, device='cuda:0')]
[2019-03-14 20:31:05,672][INFO][epoch:606	loss:tensor(1.1000, device='cuda:0')]
[2019-03-14 20:31:11,808][INFO][epoch:607	loss:tensor(1.0239, device='cuda:0')]
[2019-03-14 20:31:17,959][INFO][epoch:608	loss:tensor(1.0153, device='cuda:0')]
[2019-03-14 20:31:24,095][INFO][epoch:609	loss:tensor(1.0899, device='cuda:0')]
[2019-03-14 20:31:30,267][INFO][epoch:610	loss:tensor(1.1132, device='cuda:0')]
[2019-03-14 20:31:31,168][WARNING][LCC:tensor(0.9186)]
[2019-03-14 20:31:31,169][WARNING][SROCC:tensor(0.9112)]
[2019-03-14 20:31:37,291][INFO][epoch:611	loss:tensor(1.1137, device='cuda:0')]
[2019-03-14 20:31:43,459][INFO][epoch:612	loss:tensor(1.1116, device='cuda:0')]
[2019-03-14 20:31:49,619][INFO][epoch:613	loss:tensor(1.0979, device='cuda:0')]
[2019-03-14 20:31:55,777][INFO][epoch:614	loss:tensor(1.0529, device='cuda:0')]
[2019-03-14 20:32:01,909][INFO][epoch:615	loss:tensor(1.1407, device='cuda:0')]
[2019-03-14 20:32:08,050][INFO][epoch:616	loss:tensor(1.0339, device='cuda:0')]
[2019-03-14 20:32:14,213][INFO][epoch:617	loss:tensor(1.0963, device='cuda:0')]
[2019-03-14 20:32:20,347][INFO][epoch:618	loss:tensor(1.0918, device='cuda:0')]
[2019-03-14 20:32:26,508][INFO][epoch:619	loss:tensor(1.0727, device='cuda:0')]
[2019-03-14 20:32:32,656][INFO][epoch:620	loss:tensor(1.1246, device='cuda:0')]
[2019-03-14 20:32:33,568][WARNING][LCC:tensor(0.9166)]
[2019-03-14 20:32:33,568][WARNING][SROCC:tensor(0.9076)]
[2019-03-14 20:32:39,686][INFO][epoch:621	loss:tensor(1.0263, device='cuda:0')]
[2019-03-14 20:32:45,842][INFO][epoch:622	loss:tensor(1.0343, device='cuda:0')]
[2019-03-14 20:32:51,999][INFO][epoch:623	loss:tensor(1.0749, device='cuda:0')]
[2019-03-14 20:32:58,132][INFO][epoch:624	loss:tensor(1.0935, device='cuda:0')]
[2019-03-14 20:33:04,267][INFO][epoch:625	loss:tensor(1.0814, device='cuda:0')]
[2019-03-14 20:33:10,431][INFO][epoch:626	loss:tensor(1.0752, device='cuda:0')]
[2019-03-14 20:33:16,584][INFO][epoch:627	loss:tensor(1.1184, device='cuda:0')]
[2019-03-14 20:33:22,734][INFO][epoch:628	loss:tensor(1.1208, device='cuda:0')]
[2019-03-14 20:33:28,913][INFO][epoch:629	loss:tensor(1.0757, device='cuda:0')]
[2019-03-14 20:33:35,063][INFO][epoch:630	loss:tensor(1.0127, device='cuda:0')]
[2019-03-14 20:33:36,028][WARNING][LCC:tensor(0.9009)]
[2019-03-14 20:33:36,029][WARNING][SROCC:tensor(0.8987)]
[2019-03-14 20:33:42,159][INFO][epoch:631	loss:tensor(1.0677, device='cuda:0')]
[2019-03-14 20:33:48,317][INFO][epoch:632	loss:tensor(1.0719, device='cuda:0')]
[2019-03-14 20:33:54,450][INFO][epoch:633	loss:tensor(1.0449, device='cuda:0')]
[2019-03-14 20:34:00,618][INFO][epoch:634	loss:tensor(1.0855, device='cuda:0')]
[2019-03-14 20:34:06,791][INFO][epoch:635	loss:tensor(1.0814, device='cuda:0')]
[2019-03-14 20:34:12,940][INFO][epoch:636	loss:tensor(1.1138, device='cuda:0')]
[2019-03-14 20:34:19,093][INFO][epoch:637	loss:tensor(1.0849, device='cuda:0')]
[2019-03-14 20:34:25,260][INFO][epoch:638	loss:tensor(1.0840, device='cuda:0')]
[2019-03-14 20:34:31,423][INFO][epoch:639	loss:tensor(1.0725, device='cuda:0')]
[2019-03-14 20:34:37,591][INFO][epoch:640	loss:tensor(1.0827, device='cuda:0')]
[2019-03-14 20:34:38,492][WARNING][LCC:tensor(0.9115)]
[2019-03-14 20:34:38,492][WARNING][SROCC:tensor(0.9030)]
[2019-03-14 20:34:44,632][INFO][epoch:641	loss:tensor(1.0528, device='cuda:0')]
[2019-03-14 20:34:50,774][INFO][epoch:642	loss:tensor(1.1031, device='cuda:0')]
[2019-03-14 20:34:56,936][INFO][epoch:643	loss:tensor(1.0597, device='cuda:0')]
[2019-03-14 20:35:03,108][INFO][epoch:644	loss:tensor(1.0745, device='cuda:0')]
[2019-03-14 20:35:09,272][INFO][epoch:645	loss:tensor(1.0164, device='cuda:0')]
[2019-03-14 20:35:15,440][INFO][epoch:646	loss:tensor(1.0959, device='cuda:0')]
[2019-03-14 20:35:21,602][INFO][epoch:647	loss:tensor(1.0466, device='cuda:0')]
[2019-03-14 20:35:27,754][INFO][epoch:648	loss:tensor(1.0312, device='cuda:0')]
[2019-03-14 20:35:33,991][INFO][epoch:649	loss:tensor(1.0737, device='cuda:0')]
[2019-03-14 20:35:40,198][INFO][epoch:650	loss:tensor(1.1007, device='cuda:0')]
[2019-03-14 20:35:41,090][WARNING][LCC:tensor(0.9214)]
[2019-03-14 20:35:41,091][WARNING][SROCC:tensor(0.9158)]
[2019-03-14 20:35:41,091][WARNING][Model saved]
[2019-03-14 20:35:47,255][INFO][epoch:651	loss:tensor(1.0496, device='cuda:0')]
[2019-03-14 20:35:53,415][INFO][epoch:652	loss:tensor(1.0528, device='cuda:0')]
[2019-03-14 20:35:59,576][INFO][epoch:653	loss:tensor(1.0547, device='cuda:0')]
[2019-03-14 20:36:05,745][INFO][epoch:654	loss:tensor(1.1625, device='cuda:0')]
[2019-03-14 20:36:11,898][INFO][epoch:655	loss:tensor(1.0630, device='cuda:0')]
[2019-03-14 20:36:18,061][INFO][epoch:656	loss:tensor(1.0707, device='cuda:0')]
[2019-03-14 20:36:24,217][INFO][epoch:657	loss:tensor(1.0034, device='cuda:0')]
[2019-03-14 20:36:30,397][INFO][epoch:658	loss:tensor(1.0585, device='cuda:0')]
[2019-03-14 20:36:36,555][INFO][epoch:659	loss:tensor(1.0482, device='cuda:0')]
[2019-03-14 20:36:42,687][INFO][epoch:660	loss:tensor(1.0574, device='cuda:0')]
[2019-03-14 20:36:43,591][WARNING][LCC:tensor(0.9170)]
[2019-03-14 20:36:43,592][WARNING][SROCC:tensor(0.9129)]
[2019-03-14 20:36:49,719][INFO][epoch:661	loss:tensor(1.0068, device='cuda:0')]
[2019-03-14 20:36:55,851][INFO][epoch:662	loss:tensor(1.0473, device='cuda:0')]
[2019-03-14 20:37:02,015][INFO][epoch:663	loss:tensor(1.1124, device='cuda:0')]
[2019-03-14 20:37:08,179][INFO][epoch:664	loss:tensor(1.0825, device='cuda:0')]
[2019-03-14 20:37:14,342][INFO][epoch:665	loss:tensor(1.0589, device='cuda:0')]
[2019-03-14 20:37:20,477][INFO][epoch:666	loss:tensor(1.0582, device='cuda:0')]
[2019-03-14 20:37:26,697][INFO][epoch:667	loss:tensor(1.0660, device='cuda:0')]
[2019-03-14 20:37:32,840][INFO][epoch:668	loss:tensor(1.0074, device='cuda:0')]
[2019-03-14 20:37:38,977][INFO][epoch:669	loss:tensor(1.1040, device='cuda:0')]
[2019-03-14 20:37:45,110][INFO][epoch:670	loss:tensor(1.0790, device='cuda:0')]
[2019-03-14 20:37:46,004][WARNING][LCC:tensor(0.9240)]
[2019-03-14 20:37:46,004][WARNING][SROCC:tensor(0.9190)]
[2019-03-14 20:37:52,120][INFO][epoch:671	loss:tensor(1.0336, device='cuda:0')]
[2019-03-14 20:37:58,283][INFO][epoch:672	loss:tensor(1.0215, device='cuda:0')]
[2019-03-14 20:38:04,432][INFO][epoch:673	loss:tensor(1.0293, device='cuda:0')]
[2019-03-14 20:38:10,590][INFO][epoch:674	loss:tensor(1.0218, device='cuda:0')]
[2019-03-14 20:38:16,753][INFO][epoch:675	loss:tensor(1.0382, device='cuda:0')]
[2019-03-14 20:38:22,918][INFO][epoch:676	loss:tensor(1.0463, device='cuda:0')]
[2019-03-14 20:38:29,041][INFO][epoch:677	loss:tensor(1.0398, device='cuda:0')]
[2019-03-14 20:38:35,196][INFO][epoch:678	loss:tensor(1.1084, device='cuda:0')]
[2019-03-14 20:38:41,359][INFO][epoch:679	loss:tensor(1.0330, device='cuda:0')]
[2019-03-14 20:38:47,520][INFO][epoch:680	loss:tensor(1.0434, device='cuda:0')]
[2019-03-14 20:38:48,415][WARNING][LCC:tensor(0.9164)]
[2019-03-14 20:38:48,416][WARNING][SROCC:tensor(0.9122)]
[2019-03-14 20:38:54,548][INFO][epoch:681	loss:tensor(1.0381, device='cuda:0')]
[2019-03-14 20:39:00,717][INFO][epoch:682	loss:tensor(1.0246, device='cuda:0')]
[2019-03-14 20:39:06,852][INFO][epoch:683	loss:tensor(1.0168, device='cuda:0')]
[2019-03-14 20:39:13,014][INFO][epoch:684	loss:tensor(0.9932, device='cuda:0')]
[2019-03-14 20:39:19,183][INFO][epoch:685	loss:tensor(1.0303, device='cuda:0')]
[2019-03-14 20:39:25,348][INFO][epoch:686	loss:tensor(1.0409, device='cuda:0')]
[2019-03-14 20:39:31,497][INFO][epoch:687	loss:tensor(1.0047, device='cuda:0')]
[2019-03-14 20:39:37,664][INFO][epoch:688	loss:tensor(1.0363, device='cuda:0')]
[2019-03-14 20:39:43,837][INFO][epoch:689	loss:tensor(0.9807, device='cuda:0')]
[2019-03-14 20:39:50,074][INFO][epoch:690	loss:tensor(1.0258, device='cuda:0')]
[2019-03-14 20:39:50,970][WARNING][LCC:tensor(0.9117)]
[2019-03-14 20:39:50,970][WARNING][SROCC:tensor(0.9084)]
[2019-03-14 20:39:57,103][INFO][epoch:691	loss:tensor(1.0015, device='cuda:0')]
[2019-03-14 20:40:03,274][INFO][epoch:692	loss:tensor(0.9672, device='cuda:0')]
[2019-03-14 20:40:09,434][INFO][epoch:693	loss:tensor(1.0971, device='cuda:0')]
[2019-03-14 20:40:15,583][INFO][epoch:694	loss:tensor(1.0422, device='cuda:0')]
[2019-03-14 20:40:21,843][INFO][epoch:695	loss:tensor(1.0805, device='cuda:0')]
[2019-03-14 20:40:28,184][INFO][epoch:696	loss:tensor(1.0163, device='cuda:0')]
[2019-03-14 20:40:34,387][INFO][epoch:697	loss:tensor(1.0411, device='cuda:0')]
[2019-03-14 20:40:40,632][INFO][epoch:698	loss:tensor(0.9951, device='cuda:0')]
[2019-03-14 20:40:46,828][INFO][epoch:699	loss:tensor(1.0879, device='cuda:0')]
[2019-03-14 20:40:52,988][INFO][epoch:700	loss:tensor(1.0388, device='cuda:0')]
[2019-03-14 20:40:53,901][WARNING][LCC:tensor(0.9167)]
[2019-03-14 20:40:53,901][WARNING][SROCC:tensor(0.9095)]
[2019-03-14 20:40:53,902][WARNING][Model saved]
[2019-03-14 20:41:00,039][INFO][epoch:701	loss:tensor(1.0657, device='cuda:0')]
[2019-03-14 20:41:06,191][INFO][epoch:702	loss:tensor(1.0750, device='cuda:0')]
[2019-03-14 20:41:12,364][INFO][epoch:703	loss:tensor(1.1205, device='cuda:0')]
[2019-03-14 20:41:18,573][INFO][epoch:704	loss:tensor(1.0184, device='cuda:0')]
[2019-03-14 20:41:24,748][INFO][epoch:705	loss:tensor(1.0257, device='cuda:0')]
[2019-03-14 20:41:30,930][INFO][epoch:706	loss:tensor(1.0721, device='cuda:0')]
[2019-03-14 20:41:37,097][INFO][epoch:707	loss:tensor(1.0728, device='cuda:0')]
[2019-03-14 20:41:43,292][INFO][epoch:708	loss:tensor(1.0631, device='cuda:0')]
[2019-03-14 20:41:49,460][INFO][epoch:709	loss:tensor(1.0737, device='cuda:0')]
[2019-03-14 20:41:55,590][INFO][epoch:710	loss:tensor(1.0483, device='cuda:0')]
[2019-03-14 20:41:56,495][WARNING][LCC:tensor(0.9221)]
[2019-03-14 20:41:56,495][WARNING][SROCC:tensor(0.9170)]
[2019-03-14 20:42:02,686][INFO][epoch:711	loss:tensor(0.9691, device='cuda:0')]
[2019-03-14 20:42:08,853][INFO][epoch:712	loss:tensor(1.0017, device='cuda:0')]
[2019-03-14 20:42:15,011][INFO][epoch:713	loss:tensor(1.0137, device='cuda:0')]
[2019-03-14 20:42:21,178][INFO][epoch:714	loss:tensor(1.1164, device='cuda:0')]
[2019-03-14 20:42:27,356][INFO][epoch:715	loss:tensor(0.9576, device='cuda:0')]
[2019-03-14 20:42:33,539][INFO][epoch:716	loss:tensor(0.9968, device='cuda:0')]
[2019-03-14 20:42:39,740][INFO][epoch:717	loss:tensor(0.9689, device='cuda:0')]
[2019-03-14 20:42:45,936][INFO][epoch:718	loss:tensor(0.9557, device='cuda:0')]
[2019-03-14 20:42:52,087][INFO][epoch:719	loss:tensor(1.0038, device='cuda:0')]
[2019-03-14 20:42:58,237][INFO][epoch:720	loss:tensor(1.0243, device='cuda:0')]
[2019-03-14 20:42:59,128][WARNING][LCC:tensor(0.9104)]
[2019-03-14 20:42:59,128][WARNING][SROCC:tensor(0.9067)]
[2019-03-14 20:43:05,298][INFO][epoch:721	loss:tensor(0.9945, device='cuda:0')]
[2019-03-14 20:43:11,496][INFO][epoch:722	loss:tensor(1.0093, device='cuda:0')]
