[2019-02-26 16:56:01,813][INFO][epoch:0	loss:tensor(18.0759, device='cuda:0')]
[2019-02-26 16:56:02,916][INFO][LCC:tensor(nan, grad_fn=<DivBackward1>)]
[2019-02-26 16:56:02,917][INFO][Ground Truth:tensor([3.7838, 4.7500, 4.0571, 4.5714, 5.9460, 5.3784, 4.0513, 6.2564, 5.1539,
        4.6905, 3.5938, 4.6667, 0.9722, 3.6486, 3.8064, 5.9048, 5.8378, 6.2750,
        3.8222, 2.1905, 2.9091, 5.5789, 5.5000, 5.7500, 4.2564, 5.6744, 1.4595,
        5.8864, 6.8000, 5.7297, 5.8108, 4.8837, 3.8947, 5.1163, 5.5128, 3.8125,
        4.4146, 5.3333, 1.3438, 3.2619, 5.8000, 6.4250, 5.1163, 4.6774, 4.8000,
        4.0938, 2.3171, 3.7500, 3.0270, 5.6111, 3.3571, 5.8125, 2.1628, 4.5429,
        4.9722, 5.0882, 5.1143, 6.1714, 6.3488, 3.3714, 6.7273, 2.6857, 1.8205,
        6.3030, 2.1622, 4.4324, 2.9355, 5.8378, 6.2632, 6.1163, 3.6757, 3.8158,
        3.2051, 3.1177, 5.3636, 4.2368, 3.0286, 3.2286, 5.4062, 2.6579, 2.6774,
        3.3421, 4.1667, 4.4000, 4.8108, 5.8205, 3.7046, 6.0909, 5.4444, 4.2619,
        4.0000, 1.4762, 2.1707, 2.2703, 0.5833, 5.2500, 3.8781, 2.9048, 5.8809,
        3.9111, 4.3889])]
[2019-02-26 16:56:02,918][INFO][Predicted:tensor([0., 0., 0., 0., 0., 0., 0., 0., 0., 0., 0., 0., 0., 0., 0., 0., 0., 0.,
        0., 0., 0., 0., 0., 0., 0., 0., 0., 0., 0., 0., 0., 0., 0., 0., 0., 0.,
        0., 0., 0., 0., 0., 0., 0., 0., 0., 0., 0., 0., 0., 0., 0., 0., 0., 0.,
        0., 0., 0., 0., 0., 0., 0., 0., 0., 0., 0., 0., 0., 0., 0., 0., 0., 0.,
        0., 0., 0., 0., 0., 0., 0., 0., 0., 0., 0., 0., 0., 0., 0., 0., 0., 0.,
        0., 0., 0., 0., 0., 0., 0., 0., 0., 0., 0.], grad_fn=<CatBackward>)]
[2019-02-26 16:56:17,873][INFO][epoch:1	loss:tensor(18.0244, device='cuda:0')]
[2019-02-26 16:56:18,705][INFO][LCC:tensor(nan, grad_fn=<DivBackward1>)]
[2019-02-26 16:56:18,706][INFO][Ground Truth:tensor([3.7838, 4.7500, 4.0571, 4.5714, 5.9460, 5.3784, 4.0513, 6.2564, 5.1539,
        4.6905, 3.5938, 4.6667, 0.9722, 3.6486, 3.8064, 5.9048, 5.8378, 6.2750,
        3.8222, 2.1905, 2.9091, 5.5789, 5.5000, 5.7500, 4.2564, 5.6744, 1.4595,
        5.8864, 6.8000, 5.7297, 5.8108, 4.8837, 3.8947, 5.1163, 5.5128, 3.8125,
        4.4146, 5.3333, 1.3438, 3.2619, 5.8000, 6.4250, 5.1163, 4.6774, 4.8000,
        4.0938, 2.3171, 3.7500, 3.0270, 5.6111, 3.3571, 5.8125, 2.1628, 4.5429,
        4.9722, 5.0882, 5.1143, 6.1714, 6.3488, 3.3714, 6.7273, 2.6857, 1.8205,
        6.3030, 2.1622, 4.4324, 2.9355, 5.8378, 6.2632, 6.1163, 3.6757, 3.8158,
        3.2051, 3.1177, 5.3636, 4.2368, 3.0286, 3.2286, 5.4062, 2.6579, 2.6774,
        3.3421, 4.1667, 4.4000, 4.8108, 5.8205, 3.7046, 6.0909, 5.4444, 4.2619,
        4.0000, 1.4762, 2.1707, 2.2703, 0.5833, 5.2500, 3.8781, 2.9048, 5.8809,
        3.9111, 4.3889])]
[2019-02-26 16:56:18,706][INFO][Predicted:tensor([0., 0., 0., 0., 0., 0., 0., 0., 0., 0., 0., 0., 0., 0., 0., 0., 0., 0.,
        0., 0., 0., 0., 0., 0., 0., 0., 0., 0., 0., 0., 0., 0., 0., 0., 0., 0.,
        0., 0., 0., 0., 0., 0., 0., 0., 0., 0., 0., 0., 0., 0., 0., 0., 0., 0.,
        0., 0., 0., 0., 0., 0., 0., 0., 0., 0., 0., 0., 0., 0., 0., 0., 0., 0.,
        0., 0., 0., 0., 0., 0., 0., 0., 0., 0., 0., 0., 0., 0., 0., 0., 0., 0.,
        0., 0., 0., 0., 0., 0., 0., 0., 0., 0., 0.], grad_fn=<CatBackward>)]
[2019-02-26 16:56:33,811][INFO][epoch:2	loss:tensor(18.0244, device='cuda:0')]
[2019-02-26 16:56:34,402][INFO][LCC:tensor(nan, grad_fn=<DivBackward1>)]
[2019-02-26 16:56:34,402][INFO][Ground Truth:tensor([3.7838, 4.7500, 4.0571, 4.5714, 5.9460, 5.3784, 4.0513, 6.2564, 5.1539,
        4.6905, 3.5938, 4.6667, 0.9722, 3.6486, 3.8064, 5.9048, 5.8378, 6.2750,
        3.8222, 2.1905, 2.9091, 5.5789, 5.5000, 5.7500, 4.2564, 5.6744, 1.4595,
        5.8864, 6.8000, 5.7297, 5.8108, 4.8837, 3.8947, 5.1163, 5.5128, 3.8125,
        4.4146, 5.3333, 1.3438, 3.2619, 5.8000, 6.4250, 5.1163, 4.6774, 4.8000,
        4.0938, 2.3171, 3.7500, 3.0270, 5.6111, 3.3571, 5.8125, 2.1628, 4.5429,
        4.9722, 5.0882, 5.1143, 6.1714, 6.3488, 3.3714, 6.7273, 2.6857, 1.8205,
        6.3030, 2.1622, 4.4324, 2.9355, 5.8378, 6.2632, 6.1163, 3.6757, 3.8158,
        3.2051, 3.1177, 5.3636, 4.2368, 3.0286, 3.2286, 5.4062, 2.6579, 2.6774,
        3.3421, 4.1667, 4.4000, 4.8108, 5.8205, 3.7046, 6.0909, 5.4444, 4.2619,
        4.0000, 1.4762, 2.1707, 2.2703, 0.5833, 5.2500, 3.8781, 2.9048, 5.8809,
        3.9111, 4.3889])]
[2019-02-26 16:56:34,403][INFO][Predicted:tensor([0., 0., 0., 0., 0., 0., 0., 0., 0., 0., 0., 0., 0., 0., 0., 0., 0., 0.,
        0., 0., 0., 0., 0., 0., 0., 0., 0., 0., 0., 0., 0., 0., 0., 0., 0., 0.,
        0., 0., 0., 0., 0., 0., 0., 0., 0., 0., 0., 0., 0., 0., 0., 0., 0., 0.,
        0., 0., 0., 0., 0., 0., 0., 0., 0., 0., 0., 0., 0., 0., 0., 0., 0., 0.,
        0., 0., 0., 0., 0., 0., 0., 0., 0., 0., 0., 0., 0., 0., 0., 0., 0., 0.,
        0., 0., 0., 0., 0., 0., 0., 0., 0., 0., 0.], grad_fn=<CatBackward>)]
