[2019-02-25 22:09:35,841][INFO][epoch:0	loss:tensor(1.2766, device='cuda:0')]
[2019-02-25 22:09:36,654][INFO][LCC:tensor(0.1053, grad_fn=<DivBackward1>)]
[2019-02-25 22:09:36,655][INFO][Ground Truth:tensor([4.6905, 3.7692, 3.7368, 3.5000, 5.0000, 5.1579, 5.2564, 2.0000, 5.4615,
        0.4211, 5.6111, 4.1351, 3.7500, 3.7619, 3.5676, 3.1463, 1.3658, 3.2308,
        4.6500, 3.6000, 6.2821, 5.6757, 6.0000, 5.5405, 3.7297, 3.6842, 4.7674,
        5.4706, 4.0278, 5.6129, 3.0952, 3.0263, 5.6512, 3.1053, 5.8684, 2.6857,
        4.9474, 3.3590, 4.0500, 6.2812, 4.0682, 3.2188, 3.9000, 5.9355, 5.0811,
        5.8684, 4.6842, 3.5789, 4.0286, 6.2812, 5.0769, 6.3056, 4.7632, 5.5294,
        5.3415, 5.8056, 4.1000, 1.5946, 5.1163, 5.8649, 5.2750, 1.8421, 1.9268,
        5.9677, 3.8605, 3.4750, 5.9714, 5.4286, 3.3684, 3.4250, 6.5250, 5.3864,
        4.6000, 4.0811, 4.6286, 5.7297, 4.4737, 3.6061, 4.7188, 3.6429, 5.0556,
        6.0811, 3.7500, 5.7568, 6.0000, 5.5946, 3.8823, 4.9773, 4.4872, 5.2250,
        5.8864, 3.0278, 5.5429, 5.4848, 3.1282, 6.2632, 5.2368, 2.7317, 2.3750,
        0.4167, 6.1500])]
[2019-02-25 22:09:36,656][INFO][Predicted:tensor([4.3427, 4.2871, 6.1836, 3.8270, 4.5311, 4.4612, 3.8690, 3.7174, 4.3330,
        3.9825, 3.9716, 6.2406, 4.1338, 3.8035, 5.1428, 4.2703, 3.5440, 4.1909,
        4.3019, 5.1577, 4.3685, 4.1252, 4.4322, 3.8159, 6.3749, 4.9021, 3.9744,
        3.8804, 4.0319, 4.8495, 5.0820, 4.2826, 4.6916, 5.2099, 4.4711, 4.0168,
        6.5040, 3.4632, 4.0539, 4.8943, 3.9831, 4.6828, 3.8867, 4.8200, 4.5844,
        3.9230, 4.5209, 6.2680, 3.7567, 4.5568, 4.0055, 4.7359, 6.2628, 4.6145,
        3.9155, 3.7150, 5.2792, 4.1376, 4.5244, 5.1271, 3.7655, 3.8484, 4.1067,
        4.6647, 3.8111, 3.9445, 3.6976, 4.5388, 6.2559, 3.6494, 4.6340, 4.1741,
        4.4562, 5.8397, 4.6421, 5.2727, 3.6805, 4.0228, 5.2541, 4.6362, 5.1274,
        5.3636, 5.7322, 3.9233, 3.8937, 3.7935, 3.8154, 5.2712, 3.9317, 3.5445,
        4.1643, 5.3868, 4.7358, 4.1191, 3.6982, 6.3104, 4.1167, 4.6985, 4.2666,
        3.3024, 3.9774], grad_fn=<CatBackward>)]
[2019-02-25 22:09:52,060][INFO][epoch:1	loss:tensor(1.0735, device='cuda:0')]
[2019-02-25 22:09:52,912][INFO][LCC:tensor(0.0940, grad_fn=<DivBackward1>)]
[2019-02-25 22:09:52,913][INFO][Ground Truth:tensor([4.6905, 3.7692, 3.7368, 3.5000, 5.0000, 5.1579, 5.2564, 2.0000, 5.4615,
        0.4211, 5.6111, 4.1351, 3.7500, 3.7619, 3.5676, 3.1463, 1.3658, 3.2308,
        4.6500, 3.6000, 6.2821, 5.6757, 6.0000, 5.5405, 3.7297, 3.6842, 4.7674,
        5.4706, 4.0278, 5.6129, 3.0952, 3.0263, 5.6512, 3.1053, 5.8684, 2.6857,
        4.9474, 3.3590, 4.0500, 6.2812, 4.0682, 3.2188, 3.9000, 5.9355, 5.0811,
        5.8684, 4.6842, 3.5789, 4.0286, 6.2812, 5.0769, 6.3056, 4.7632, 5.5294,
        5.3415, 5.8056, 4.1000, 1.5946, 5.1163, 5.8649, 5.2750, 1.8421, 1.9268,
        5.9677, 3.8605, 3.4750, 5.9714, 5.4286, 3.3684, 3.4250, 6.5250, 5.3864,
        4.6000, 4.0811, 4.6286, 5.7297, 4.4737, 3.6061, 4.7188, 3.6429, 5.0556,
        6.0811, 3.7500, 5.7568, 6.0000, 5.5946, 3.8823, 4.9773, 4.4872, 5.2250,
        5.8864, 3.0278, 5.5429, 5.4848, 3.1282, 6.2632, 5.2368, 2.7317, 2.3750,
        0.4167, 6.1500])]
[2019-02-25 22:09:52,913][INFO][Predicted:tensor([4.4609, 4.4025, 6.8627, 4.4405, 5.0406, 4.7246, 4.2005, 4.3569, 4.9192,
        4.3151, 4.5456, 6.3915, 4.7111, 4.5015, 5.6939, 4.7953, 4.0192, 4.4595,
        5.0807, 5.2073, 4.2781, 4.4606, 5.6126, 3.8956, 7.0517, 5.6573, 4.7268,
        4.3300, 4.1390, 5.4339, 5.8459, 5.0436, 4.8470, 5.6693, 5.3214, 4.4816,
        6.8377, 3.7132, 4.4659, 4.9584, 4.6821, 5.2666, 5.0238, 5.1428, 5.0556,
        4.5570, 5.4337, 6.7562, 3.8005, 4.7611, 3.7500, 5.2308, 6.7183, 5.6691,
        4.7690, 4.6756, 5.6023, 5.1850, 4.8585, 5.4953, 3.9026, 4.2857, 3.9997,
        5.0676, 4.5881, 4.1036, 4.1703, 4.5573, 6.6320, 3.6443, 5.0846, 4.8472,
        5.5594, 5.8592, 5.1440, 5.7860, 5.1125, 4.3914, 5.4400, 5.3463, 5.8925,
        5.6931, 6.2902, 4.4279, 4.2085, 4.5006, 4.1926, 4.9985, 4.0256, 4.3902,
        4.7442, 5.6104, 4.5917, 3.8714, 3.9862, 6.5514, 5.4607, 4.7902, 4.9632,
        3.4819, 4.1427], grad_fn=<CatBackward>)]
[2019-02-25 22:10:08,112][INFO][epoch:2	loss:tensor(1.0409, device='cuda:0')]
[2019-02-25 22:10:08,528][INFO][LCC:tensor(0.0773, grad_fn=<DivBackward1>)]
[2019-02-25 22:10:08,528][INFO][Ground Truth:tensor([4.6905, 3.7692, 3.7368, 3.5000, 5.0000, 5.1579, 5.2564, 2.0000, 5.4615,
        0.4211, 5.6111, 4.1351, 3.7500, 3.7619, 3.5676, 3.1463, 1.3658, 3.2308,
        4.6500, 3.6000, 6.2821, 5.6757, 6.0000, 5.5405, 3.7297, 3.6842, 4.7674,
        5.4706, 4.0278, 5.6129, 3.0952, 3.0263, 5.6512, 3.1053, 5.8684, 2.6857,
        4.9474, 3.3590, 4.0500, 6.2812, 4.0682, 3.2188, 3.9000, 5.9355, 5.0811,
        5.8684, 4.6842, 3.5789, 4.0286, 6.2812, 5.0769, 6.3056, 4.7632, 5.5294,
        5.3415, 5.8056, 4.1000, 1.5946, 5.1163, 5.8649, 5.2750, 1.8421, 1.9268,
        5.9677, 3.8605, 3.4750, 5.9714, 5.4286, 3.3684, 3.4250, 6.5250, 5.3864,
        4.6000, 4.0811, 4.6286, 5.7297, 4.4737, 3.6061, 4.7188, 3.6429, 5.0556,
        6.0811, 3.7500, 5.7568, 6.0000, 5.5946, 3.8823, 4.9773, 4.4872, 5.2250,
        5.8864, 3.0278, 5.5429, 5.4848, 3.1282, 6.2632, 5.2368, 2.7317, 2.3750,
        0.4167, 6.1500])]
[2019-02-25 22:10:08,529][INFO][Predicted:tensor([5.3882, 5.4790, 7.8220, 4.6143, 5.9159, 4.7297, 5.1387, 4.6408, 5.3244,
        4.8538, 4.8521, 7.2645, 5.3911, 4.5983, 6.2381, 5.3436, 4.5735, 5.3314,
        5.5436, 5.3546, 4.8956, 4.9646, 5.4298, 4.6870, 7.4623, 5.5920, 5.0215,
        4.7296, 5.1931, 6.0392, 6.1049, 5.7289, 5.6481, 6.2303, 5.5624, 4.7745,
        7.5478, 4.3521, 4.4152, 5.4073, 4.8459, 5.9116, 4.7454, 5.7698, 5.1786,
        5.0048, 5.3559, 7.2689, 4.8150, 5.0967, 3.9140, 5.8880, 7.3551, 5.2603,
        4.8277, 4.8259, 6.1820, 4.9382, 5.5170, 6.0294, 4.8347, 4.2361, 5.1830,
        5.8513, 5.4062, 5.2364, 4.6795, 5.4175, 7.1356, 4.1283, 5.3893, 5.0297,
        5.5636, 6.2845, 5.7299, 6.1412, 4.4939, 4.8572, 5.9578, 5.3165, 5.3307,
        6.3214, 6.6094, 4.8285, 4.3909, 4.6261, 4.9023, 5.0617, 4.9117, 4.3289,
        4.7843, 6.3202, 6.0904, 4.8170, 5.0297, 7.3036, 4.8600, 5.3487, 5.1124,
        4.0066, 5.3519], grad_fn=<CatBackward>)]
[2019-02-25 22:10:23,653][INFO][epoch:3	loss:tensor(0.9725, device='cuda:0')]
[2019-02-25 22:10:24,058][INFO][LCC:tensor(0.1775, grad_fn=<DivBackward1>)]
[2019-02-25 22:10:24,059][INFO][Ground Truth:tensor([4.6905, 3.7692, 3.7368, 3.5000, 5.0000, 5.1579, 5.2564, 2.0000, 5.4615,
        0.4211, 5.6111, 4.1351, 3.7500, 3.7619, 3.5676, 3.1463, 1.3658, 3.2308,
        4.6500, 3.6000, 6.2821, 5.6757, 6.0000, 5.5405, 3.7297, 3.6842, 4.7674,
        5.4706, 4.0278, 5.6129, 3.0952, 3.0263, 5.6512, 3.1053, 5.8684, 2.6857,
        4.9474, 3.3590, 4.0500, 6.2812, 4.0682, 3.2188, 3.9000, 5.9355, 5.0811,
        5.8684, 4.6842, 3.5789, 4.0286, 6.2812, 5.0769, 6.3056, 4.7632, 5.5294,
        5.3415, 5.8056, 4.1000, 1.5946, 5.1163, 5.8649, 5.2750, 1.8421, 1.9268,
        5.9677, 3.8605, 3.4750, 5.9714, 5.4286, 3.3684, 3.4250, 6.5250, 5.3864,
        4.6000, 4.0811, 4.6286, 5.7297, 4.4737, 3.6061, 4.7188, 3.6429, 5.0556,
        6.0811, 3.7500, 5.7568, 6.0000, 5.5946, 3.8823, 4.9773, 4.4872, 5.2250,
        5.8864, 3.0278, 5.5429, 5.4848, 3.1282, 6.2632, 5.2368, 2.7317, 2.3750,
        0.4167, 6.1500])]
[2019-02-25 22:10:24,059][INFO][Predicted:tensor([5.4544, 4.9834, 7.1064, 4.7214, 5.3544, 5.0726, 4.9825, 4.3823, 4.8573,
        4.2137, 4.8042, 6.8099, 4.8046, 4.6737, 5.5593, 4.9615, 4.0616, 4.8490,
        5.5164, 5.4947, 5.1297, 4.9101, 5.1851, 4.4506, 7.3079, 6.2129, 5.4454,
        4.8098, 4.9142, 5.8525, 6.2407, 5.3415, 5.7588, 5.7979, 5.7352, 5.0081,
        6.8806, 4.2326, 4.8870, 5.2609, 4.9832, 5.8006, 4.8837, 5.4110, 5.3826,
        5.4395, 5.3652, 6.7159, 4.9605, 5.3887, 4.7223, 5.9898, 6.3444, 5.6990,
        5.3758, 4.6876, 5.9254, 5.3233, 5.4258, 5.7736, 4.6699, 4.6712, 5.3758,
        5.8461, 5.3690, 4.2632, 5.2191, 5.4341, 6.6870, 4.2851, 5.4295, 5.4329,
        5.5308, 6.2664, 5.9703, 5.9333, 4.6864, 4.7985, 6.1748, 5.6773, 5.7921,
        5.8499, 6.4040, 4.9665, 4.2409, 4.3839, 4.5803, 5.1518, 5.1552, 4.4014,
        5.1076, 5.9623, 5.8831, 4.9800, 4.4719, 6.7931, 4.8198, 5.3401, 4.9342,
        3.7803, 4.6306], grad_fn=<CatBackward>)]
[2019-02-25 22:10:38,951][INFO][epoch:4	loss:tensor(0.9308, device='cuda:0')]
[2019-02-25 22:10:39,333][INFO][LCC:tensor(0.1125, grad_fn=<DivBackward1>)]
[2019-02-25 22:10:39,334][INFO][Ground Truth:tensor([4.6905, 3.7692, 3.7368, 3.5000, 5.0000, 5.1579, 5.2564, 2.0000, 5.4615,
        0.4211, 5.6111, 4.1351, 3.7500, 3.7619, 3.5676, 3.1463, 1.3658, 3.2308,
        4.6500, 3.6000, 6.2821, 5.6757, 6.0000, 5.5405, 3.7297, 3.6842, 4.7674,
        5.4706, 4.0278, 5.6129, 3.0952, 3.0263, 5.6512, 3.1053, 5.8684, 2.6857,
        4.9474, 3.3590, 4.0500, 6.2812, 4.0682, 3.2188, 3.9000, 5.9355, 5.0811,
        5.8684, 4.6842, 3.5789, 4.0286, 6.2812, 5.0769, 6.3056, 4.7632, 5.5294,
        5.3415, 5.8056, 4.1000, 1.5946, 5.1163, 5.8649, 5.2750, 1.8421, 1.9268,
        5.9677, 3.8605, 3.4750, 5.9714, 5.4286, 3.3684, 3.4250, 6.5250, 5.3864,
        4.6000, 4.0811, 4.6286, 5.7297, 4.4737, 3.6061, 4.7188, 3.6429, 5.0556,
        6.0811, 3.7500, 5.7568, 6.0000, 5.5946, 3.8823, 4.9773, 4.4872, 5.2250,
        5.8864, 3.0278, 5.5429, 5.4848, 3.1282, 6.2632, 5.2368, 2.7317, 2.3750,
        0.4167, 6.1500])]
[2019-02-25 22:10:39,335][INFO][Predicted:tensor([6.2105, 5.5712, 7.0575, 5.0614, 5.9899, 5.6303, 5.0292, 4.9860, 5.5329,
        5.2927, 5.2260, 7.1475, 5.9802, 5.0825, 6.1673, 5.7731, 4.9741, 5.4971,
        6.1080, 6.1901, 5.1273, 5.3231, 5.8327, 5.6340, 7.1802, 6.2516, 5.6928,
        4.9960, 5.1222, 6.4111, 6.4165, 6.0718, 5.7798, 5.9406, 5.9773, 5.0625,
        7.3027, 4.4686, 5.0793, 5.7593, 5.5378, 6.2823, 5.2464, 6.0997, 6.0039,
        5.5026, 5.1830, 6.7167, 5.3452, 5.6240, 5.1839, 6.0575, 6.8411, 5.6686,
        5.2421, 5.1703, 6.0784, 5.3222, 5.9175, 6.0185, 5.2525, 4.9832, 5.7718,
        6.2670, 6.0286, 4.8063, 5.1982, 5.7610, 7.0464, 4.2652, 5.6052, 5.8179,
        6.2344, 6.5935, 6.2361, 6.2667, 4.9498, 5.1362, 6.5170, 6.2916, 5.8002,
        6.0928, 7.0349, 5.3341, 5.3368, 4.6761, 4.9464, 5.8046, 5.1275, 4.8914,
        5.1690, 6.4992, 6.2001, 5.0622, 5.2112, 6.9595, 5.4989, 5.7433, 5.5862,
        4.2557, 5.3972], grad_fn=<CatBackward>)]
[2019-02-25 22:10:54,207][INFO][epoch:5	loss:tensor(0.8678, device='cuda:0')]
[2019-02-25 22:10:54,594][INFO][LCC:tensor(0.1193, grad_fn=<DivBackward1>)]
[2019-02-25 22:10:54,595][INFO][Ground Truth:tensor([4.6905, 3.7692, 3.7368, 3.5000, 5.0000, 5.1579, 5.2564, 2.0000, 5.4615,
        0.4211, 5.6111, 4.1351, 3.7500, 3.7619, 3.5676, 3.1463, 1.3658, 3.2308,
        4.6500, 3.6000, 6.2821, 5.6757, 6.0000, 5.5405, 3.7297, 3.6842, 4.7674,
        5.4706, 4.0278, 5.6129, 3.0952, 3.0263, 5.6512, 3.1053, 5.8684, 2.6857,
        4.9474, 3.3590, 4.0500, 6.2812, 4.0682, 3.2188, 3.9000, 5.9355, 5.0811,
        5.8684, 4.6842, 3.5789, 4.0286, 6.2812, 5.0769, 6.3056, 4.7632, 5.5294,
        5.3415, 5.8056, 4.1000, 1.5946, 5.1163, 5.8649, 5.2750, 1.8421, 1.9268,
        5.9677, 3.8605, 3.4750, 5.9714, 5.4286, 3.3684, 3.4250, 6.5250, 5.3864,
        4.6000, 4.0811, 4.6286, 5.7297, 4.4737, 3.6061, 4.7188, 3.6429, 5.0556,
        6.0811, 3.7500, 5.7568, 6.0000, 5.5946, 3.8823, 4.9773, 4.4872, 5.2250,
        5.8864, 3.0278, 5.5429, 5.4848, 3.1282, 6.2632, 5.2368, 2.7317, 2.3750,
        0.4167, 6.1500])]
[2019-02-25 22:10:54,596][INFO][Predicted:tensor([5.1427, 4.6502, 5.6935, 4.5438, 5.1683, 4.8938, 4.7216, 4.5284, 4.7454,
        4.6600, 4.6859, 5.7628, 4.9553, 4.5461, 5.5016, 5.1195, 4.4387, 4.8428,
        5.1811, 5.3961, 4.8014, 4.7704, 5.2784, 4.8280, 6.2666, 5.6536, 5.2470,
        4.4402, 4.4480, 5.0361, 5.7397, 5.1023, 5.2331, 5.3353, 5.0979, 4.8539,
        5.9335, 4.2632, 4.5613, 5.0533, 5.0506, 5.2103, 4.8646, 4.9953, 5.1563,
        4.7913, 5.0993, 5.8592, 4.6665, 5.0010, 4.5716, 5.1552, 5.7446, 4.8122,
        4.6529, 5.0725, 5.2228, 4.8069, 5.1552, 5.2815, 4.6302, 4.2960, 4.9484,
        5.3905, 4.8720, 4.5482, 4.8224, 5.1243, 5.8091, 4.5241, 4.8211, 4.9094,
        5.2635, 5.4535, 4.8650, 5.4778, 4.7256, 4.6657, 5.3337, 5.3175, 5.3877,
        5.3658, 5.8335, 4.8405, 4.8260, 4.4108, 4.3921, 5.0741, 4.6102, 4.5860,
        4.8617, 5.4682, 5.1809, 4.8815, 4.4320, 5.3885, 4.8925, 5.1635, 4.7630,
        4.2017, 4.8097], grad_fn=<CatBackward>)]
[2019-02-25 22:11:09,437][INFO][epoch:6	loss:tensor(0.8132, device='cuda:0')]
[2019-02-25 22:11:09,822][INFO][LCC:tensor(-0.0147, grad_fn=<DivBackward1>)]
[2019-02-25 22:11:09,822][INFO][Ground Truth:tensor([4.6905, 3.7692, 3.7368, 3.5000, 5.0000, 5.1579, 5.2564, 2.0000, 5.4615,
        0.4211, 5.6111, 4.1351, 3.7500, 3.7619, 3.5676, 3.1463, 1.3658, 3.2308,
        4.6500, 3.6000, 6.2821, 5.6757, 6.0000, 5.5405, 3.7297, 3.6842, 4.7674,
        5.4706, 4.0278, 5.6129, 3.0952, 3.0263, 5.6512, 3.1053, 5.8684, 2.6857,
        4.9474, 3.3590, 4.0500, 6.2812, 4.0682, 3.2188, 3.9000, 5.9355, 5.0811,
        5.8684, 4.6842, 3.5789, 4.0286, 6.2812, 5.0769, 6.3056, 4.7632, 5.5294,
        5.3415, 5.8056, 4.1000, 1.5946, 5.1163, 5.8649, 5.2750, 1.8421, 1.9268,
        5.9677, 3.8605, 3.4750, 5.9714, 5.4286, 3.3684, 3.4250, 6.5250, 5.3864,
        4.6000, 4.0811, 4.6286, 5.7297, 4.4737, 3.6061, 4.7188, 3.6429, 5.0556,
        6.0811, 3.7500, 5.7568, 6.0000, 5.5946, 3.8823, 4.9773, 4.4872, 5.2250,
        5.8864, 3.0278, 5.5429, 5.4848, 3.1282, 6.2632, 5.2368, 2.7317, 2.3750,
        0.4167, 6.1500])]
[2019-02-25 22:11:09,823][INFO][Predicted:tensor([5.3113, 5.3164, 5.6630, 5.3336, 5.2437, 5.4591, 5.2710, 5.2441, 5.1737,
        5.0893, 5.2248, 5.6251, 5.3190, 5.2708, 5.4539, 5.2767, 5.2892, 5.3748,
        5.4144, 5.3711, 5.1715, 5.2481, 5.0696, 5.2649, 5.6574, 5.3823, 5.4832,
        5.2994, 5.3070, 5.4749, 5.1846, 5.3189, 5.2996, 5.4995, 5.4228, 5.2914,
        5.4485, 5.3412, 5.3819, 5.3475, 5.2735, 5.4386, 5.2619, 5.4969, 5.3189,
        5.4087, 5.1461, 5.6686, 5.3008, 5.4472, 5.3259, 5.3410, 5.7271, 5.3174,
        5.1149, 5.3224, 5.3409, 5.1833, 5.3369, 5.4692, 5.2697, 5.3637, 5.2218,
        5.5023, 5.2396, 5.3284, 5.3412, 5.2514, 5.5307, 5.2806, 5.1723, 5.2392,
        5.0811, 5.4321, 5.2804, 5.4485, 5.1886, 5.4247, 5.4655, 5.3005, 5.2188,
        5.3955, 5.4690, 5.2515, 5.3301, 5.1828, 5.3358, 5.2168, 5.3045, 5.3208,
        5.2926, 5.5301, 5.3669, 5.3274, 5.3217, 5.5071, 5.1732, 5.3456, 5.4035,
        5.2678, 5.1595], grad_fn=<CatBackward>)]
[2019-02-25 22:11:24,660][INFO][epoch:7	loss:tensor(0.7750, device='cuda:0')]
[2019-02-25 22:11:25,044][INFO][LCC:tensor(-0.2527, grad_fn=<DivBackward1>)]
[2019-02-25 22:11:25,045][INFO][Ground Truth:tensor([4.6905, 3.7692, 3.7368, 3.5000, 5.0000, 5.1579, 5.2564, 2.0000, 5.4615,
        0.4211, 5.6111, 4.1351, 3.7500, 3.7619, 3.5676, 3.1463, 1.3658, 3.2308,
        4.6500, 3.6000, 6.2821, 5.6757, 6.0000, 5.5405, 3.7297, 3.6842, 4.7674,
        5.4706, 4.0278, 5.6129, 3.0952, 3.0263, 5.6512, 3.1053, 5.8684, 2.6857,
        4.9474, 3.3590, 4.0500, 6.2812, 4.0682, 3.2188, 3.9000, 5.9355, 5.0811,
        5.8684, 4.6842, 3.5789, 4.0286, 6.2812, 5.0769, 6.3056, 4.7632, 5.5294,
        5.3415, 5.8056, 4.1000, 1.5946, 5.1163, 5.8649, 5.2750, 1.8421, 1.9268,
        5.9677, 3.8605, 3.4750, 5.9714, 5.4286, 3.3684, 3.4250, 6.5250, 5.3864,
        4.6000, 4.0811, 4.6286, 5.7297, 4.4737, 3.6061, 4.7188, 3.6429, 5.0556,
        6.0811, 3.7500, 5.7568, 6.0000, 5.5946, 3.8823, 4.9773, 4.4872, 5.2250,
        5.8864, 3.0278, 5.5429, 5.4848, 3.1282, 6.2632, 5.2368, 2.7317, 2.3750,
        0.4167, 6.1500])]
[2019-02-25 22:11:25,046][INFO][Predicted:tensor([5.1525, 5.3057, 5.3797, 5.2626, 5.1776, 5.3176, 5.3132, 5.3301, 5.1446,
        5.1782, 5.2383, 5.3892, 5.2130, 5.3042, 5.3618, 5.0336, 5.3043, 5.3300,
        5.1546, 5.2306, 5.1846, 5.2208, 4.9415, 5.1775, 5.3738, 5.2891, 5.2081,
        5.2047, 5.2814, 5.2371, 5.0664, 5.2462, 5.1463, 5.3523, 5.2028, 5.2485,
        5.3367, 5.3761, 5.3541, 5.2870, 5.2518, 5.3082, 5.1509, 5.2709, 5.2894,
        5.3574, 5.1705, 5.3849, 5.3053, 5.2737, 5.2724, 5.2142, 5.3293, 5.2233,
        5.0959, 5.3078, 5.1931, 5.2471, 5.1718, 5.3651, 5.1889, 5.3846, 5.2019,
        5.2205, 5.1839, 5.3481, 5.2666, 5.1426, 5.3907, 5.2763, 5.1855, 5.2320,
        4.9430, 5.3134, 5.1354, 5.3696, 5.1869, 5.3662, 5.2499, 5.1626, 5.1271,
        5.2248, 5.2730, 5.2347, 5.3252, 5.1920, 5.3540, 5.2184, 5.1693, 5.3293,
        5.2021, 5.3115, 5.1672, 5.3210, 5.3575, 5.3801, 5.1164, 5.2086, 5.3416,
        5.3908, 5.1101], grad_fn=<CatBackward>)]
[2019-02-25 22:11:39,860][INFO][epoch:8	loss:tensor(0.7765, device='cuda:0')]
[2019-02-25 22:11:40,248][INFO][LCC:tensor(0.1052, grad_fn=<DivBackward1>)]
[2019-02-25 22:11:40,249][INFO][Ground Truth:tensor([4.6905, 3.7692, 3.7368, 3.5000, 5.0000, 5.1579, 5.2564, 2.0000, 5.4615,
        0.4211, 5.6111, 4.1351, 3.7500, 3.7619, 3.5676, 3.1463, 1.3658, 3.2308,
        4.6500, 3.6000, 6.2821, 5.6757, 6.0000, 5.5405, 3.7297, 3.6842, 4.7674,
        5.4706, 4.0278, 5.6129, 3.0952, 3.0263, 5.6512, 3.1053, 5.8684, 2.6857,
        4.9474, 3.3590, 4.0500, 6.2812, 4.0682, 3.2188, 3.9000, 5.9355, 5.0811,
        5.8684, 4.6842, 3.5789, 4.0286, 6.2812, 5.0769, 6.3056, 4.7632, 5.5294,
        5.3415, 5.8056, 4.1000, 1.5946, 5.1163, 5.8649, 5.2750, 1.8421, 1.9268,
        5.9677, 3.8605, 3.4750, 5.9714, 5.4286, 3.3684, 3.4250, 6.5250, 5.3864,
        4.6000, 4.0811, 4.6286, 5.7297, 4.4737, 3.6061, 4.7188, 3.6429, 5.0556,
        6.0811, 3.7500, 5.7568, 6.0000, 5.5946, 3.8823, 4.9773, 4.4872, 5.2250,
        5.8864, 3.0278, 5.5429, 5.4848, 3.1282, 6.2632, 5.2368, 2.7317, 2.3750,
        0.4167, 6.1500])]
[2019-02-25 22:11:40,249][INFO][Predicted:tensor([4.7971, 4.7837, 4.9800, 4.7626, 4.8769, 4.7627, 4.7709, 4.7371, 4.7871,
        4.7212, 4.7827, 4.8968, 4.7869, 4.7478, 4.8514, 4.7970, 4.7143, 4.7728,
        4.8473, 4.8029, 4.7733, 4.7816, 4.8284, 4.7627, 4.9346, 4.9295, 4.8239,
        4.7979, 4.7295, 4.8551, 4.9192, 4.8360, 4.8903, 4.8430, 4.8181, 4.8008,
        4.9582, 4.7095, 4.7118, 4.7575, 4.7954, 4.8355, 4.7348, 4.8188, 4.8336,
        4.7663, 4.8320, 4.9027, 4.7775, 4.8037, 4.6997, 4.7660, 4.8938, 4.8151,
        4.8493, 4.7474, 4.8930, 4.8154, 4.8425, 4.8693, 4.7146, 4.6999, 4.7721,
        4.8761, 4.7768, 4.7436, 4.7888, 4.9012, 4.9335, 4.7440, 4.8041, 4.7609,
        4.8540, 4.9077, 4.7773, 4.8770, 4.7359, 4.7503, 4.8523, 4.8448, 4.9475,
        4.8489, 4.9379, 4.7678, 4.7659, 4.7141, 4.7579, 4.7411, 4.7481, 4.7523,
        4.7733, 4.8885, 4.7137, 4.7237, 4.7196, 4.9225, 4.7842, 4.8470, 4.7727,
        4.7019, 4.7777], grad_fn=<CatBackward>)]
[2019-02-25 22:11:55,117][INFO][epoch:9	loss:tensor(0.7743, device='cuda:0')]
[2019-02-25 22:11:55,498][INFO][LCC:tensor(-0.1588, grad_fn=<DivBackward1>)]
[2019-02-25 22:11:55,499][INFO][Ground Truth:tensor([4.6905, 3.7692, 3.7368, 3.5000, 5.0000, 5.1579, 5.2564, 2.0000, 5.4615,
        0.4211, 5.6111, 4.1351, 3.7500, 3.7619, 3.5676, 3.1463, 1.3658, 3.2308,
        4.6500, 3.6000, 6.2821, 5.6757, 6.0000, 5.5405, 3.7297, 3.6842, 4.7674,
        5.4706, 4.0278, 5.6129, 3.0952, 3.0263, 5.6512, 3.1053, 5.8684, 2.6857,
        4.9474, 3.3590, 4.0500, 6.2812, 4.0682, 3.2188, 3.9000, 5.9355, 5.0811,
        5.8684, 4.6842, 3.5789, 4.0286, 6.2812, 5.0769, 6.3056, 4.7632, 5.5294,
        5.3415, 5.8056, 4.1000, 1.5946, 5.1163, 5.8649, 5.2750, 1.8421, 1.9268,
        5.9677, 3.8605, 3.4750, 5.9714, 5.4286, 3.3684, 3.4250, 6.5250, 5.3864,
        4.6000, 4.0811, 4.6286, 5.7297, 4.4737, 3.6061, 4.7188, 3.6429, 5.0556,
        6.0811, 3.7500, 5.7568, 6.0000, 5.5946, 3.8823, 4.9773, 4.4872, 5.2250,
        5.8864, 3.0278, 5.5429, 5.4848, 3.1282, 6.2632, 5.2368, 2.7317, 2.3750,
        0.4167, 6.1500])]
[2019-02-25 22:11:55,500][INFO][Predicted:tensor([5.3738, 5.4563, 5.3809, 5.5523, 5.4128, 5.4018, 5.4951, 5.5644, 5.4705,
        5.5112, 5.5262, 5.2900, 5.3566, 5.5729, 5.4669, 4.8750, 5.4277, 5.4006,
        5.1499, 5.4420, 5.5077, 5.5150, 5.5027, 5.3425, 5.3882, 5.3987, 5.2513,
        5.3282, 5.4610, 5.1830, 5.0224, 5.4957, 5.2895, 5.5133, 5.5297, 5.4740,
        5.3398, 5.5575, 5.4466, 5.2652, 5.3330, 5.1575, 5.4873, 5.3302, 5.4898,
        5.4627, 5.4441, 5.3668, 5.4509, 5.3591, 5.4183, 5.0517, 5.3864, 5.4933,
        5.3156, 5.4793, 5.0471, 5.5013, 5.2672, 5.5338, 5.2881, 5.5419, 5.2271,
        5.0991, 5.3550, 5.5080, 5.4375, 5.3979, 5.3664, 5.2829, 5.4395, 5.4622,
        5.5043, 5.4491, 4.8861, 5.4581, 5.4753, 5.5183, 5.1885, 5.1914, 5.3887,
        5.2688, 5.4720, 5.4567, 5.4741, 5.3664, 5.5555, 5.3693, 5.2558, 5.5171,
        5.3179, 5.5076, 4.9191, 5.4595, 5.5134, 5.3430, 5.4895, 5.3118, 5.4121,
        5.5612, 5.0759], grad_fn=<CatBackward>)]
[2019-02-25 22:12:10,315][INFO][epoch:10	loss:tensor(0.7762, device='cuda:0')]
[2019-02-25 22:12:10,694][INFO][LCC:tensor(-0.1681, grad_fn=<DivBackward1>)]
[2019-02-25 22:12:10,694][INFO][Ground Truth:tensor([4.6905, 3.7692, 3.7368, 3.5000, 5.0000, 5.1579, 5.2564, 2.0000, 5.4615,
        0.4211, 5.6111, 4.1351, 3.7500, 3.7619, 3.5676, 3.1463, 1.3658, 3.2308,
        4.6500, 3.6000, 6.2821, 5.6757, 6.0000, 5.5405, 3.7297, 3.6842, 4.7674,
        5.4706, 4.0278, 5.6129, 3.0952, 3.0263, 5.6512, 3.1053, 5.8684, 2.6857,
        4.9474, 3.3590, 4.0500, 6.2812, 4.0682, 3.2188, 3.9000, 5.9355, 5.0811,
        5.8684, 4.6842, 3.5789, 4.0286, 6.2812, 5.0769, 6.3056, 4.7632, 5.5294,
        5.3415, 5.8056, 4.1000, 1.5946, 5.1163, 5.8649, 5.2750, 1.8421, 1.9268,
        5.9677, 3.8605, 3.4750, 5.9714, 5.4286, 3.3684, 3.4250, 6.5250, 5.3864,
        4.6000, 4.0811, 4.6286, 5.7297, 4.4737, 3.6061, 4.7188, 3.6429, 5.0556,
        6.0811, 3.7500, 5.7568, 6.0000, 5.5946, 3.8823, 4.9773, 4.4872, 5.2250,
        5.8864, 3.0278, 5.5429, 5.4848, 3.1282, 6.2632, 5.2368, 2.7317, 2.3750,
        0.4167, 6.1500])]
[2019-02-25 22:12:10,695][INFO][Predicted:tensor([5.4381, 5.4674, 5.3036, 5.4085, 5.3821, 5.4202, 5.4716, 5.4324, 5.4576,
        5.4760, 5.4214, 5.4311, 5.4420, 5.4314, 5.4359, 5.2186, 5.4583, 5.3878,
        5.4320, 5.4672, 5.4715, 5.4239, 5.3809, 5.4292, 5.4538, 5.4377, 5.4412,
        5.4134, 5.4691, 5.4330, 5.3560, 5.4465, 5.4254, 5.4393, 5.4288, 5.4438,
        5.3881, 5.4801, 5.4651, 5.1983, 5.4201, 5.3988, 5.4720, 5.3196, 5.4347,
        5.3776, 5.4592, 5.3932, 5.4418, 5.3086, 5.4311, 5.2373, 5.4411, 5.4664,
        5.4270, 5.4437, 5.4121, 5.4433, 5.4404, 5.4411, 5.4046, 5.4966, 5.2682,
        5.4257, 5.4393, 5.4735, 5.4571, 5.4336, 5.4560, 5.4381, 5.4714, 5.4442,
        5.3794, 5.4300, 5.1262, 5.4340, 5.4785, 5.4581, 5.3797, 5.4123, 5.4230,
        5.3859, 5.4081, 5.4239, 5.4532, 5.4497, 5.4624, 5.4244, 5.3881, 5.4831,
        5.4203, 5.4323, 5.1485, 5.4615, 5.4793, 5.4590, 5.4641, 5.4125, 5.3877,
        5.4880, 5.3199], grad_fn=<CatBackward>)]
[2019-02-25 22:12:25,840][INFO][epoch:11	loss:tensor(0.7726, device='cuda:0')]
[2019-02-25 22:12:26,241][INFO][LCC:tensor(-0.1610, grad_fn=<DivBackward1>)]
[2019-02-25 22:12:26,241][INFO][Ground Truth:tensor([4.6905, 3.7692, 3.7368, 3.5000, 5.0000, 5.1579, 5.2564, 2.0000, 5.4615,
        0.4211, 5.6111, 4.1351, 3.7500, 3.7619, 3.5676, 3.1463, 1.3658, 3.2308,
        4.6500, 3.6000, 6.2821, 5.6757, 6.0000, 5.5405, 3.7297, 3.6842, 4.7674,
        5.4706, 4.0278, 5.6129, 3.0952, 3.0263, 5.6512, 3.1053, 5.8684, 2.6857,
        4.9474, 3.3590, 4.0500, 6.2812, 4.0682, 3.2188, 3.9000, 5.9355, 5.0811,
        5.8684, 4.6842, 3.5789, 4.0286, 6.2812, 5.0769, 6.3056, 4.7632, 5.5294,
        5.3415, 5.8056, 4.1000, 1.5946, 5.1163, 5.8649, 5.2750, 1.8421, 1.9268,
        5.9677, 3.8605, 3.4750, 5.9714, 5.4286, 3.3684, 3.4250, 6.5250, 5.3864,
        4.6000, 4.0811, 4.6286, 5.7297, 4.4737, 3.6061, 4.7188, 3.6429, 5.0556,
        6.0811, 3.7500, 5.7568, 6.0000, 5.5946, 3.8823, 4.9773, 4.4872, 5.2250,
        5.8864, 3.0278, 5.5429, 5.4848, 3.1282, 6.2632, 5.2368, 2.7317, 2.3750,
        0.4167, 6.1500])]
[2019-02-25 22:12:26,242][INFO][Predicted:tensor([5.2481, 5.2538, 5.2183, 5.2637, 5.2414, 5.1930, 5.2599, 5.2656, 5.2571,
        5.2616, 5.2534, 5.2103, 5.2435, 5.2661, 5.2515, 5.1474, 5.2600, 5.2460,
        5.2412, 5.2488, 5.2401, 5.2535, 5.2594, 5.2380, 5.2507, 5.2513, 5.2495,
        5.2360, 5.2594, 5.2442, 5.2174, 5.2549, 5.2473, 5.2502, 5.2560, 5.2561,
        5.2239, 5.2628, 5.2575, 5.2301, 5.2500, 5.2437, 5.2437, 5.2131, 5.2554,
        5.2414, 5.2402, 5.1827, 5.2453, 5.2135, 5.2530, 5.0589, 5.2439, 5.2465,
        5.2476, 5.2573, 5.2297, 5.2584, 5.2449, 5.2568, 5.2471, 5.2636, 5.2460,
        5.2454, 5.2532, 5.2573, 5.2622, 5.2471, 5.2243, 5.2509, 5.2495, 5.2537,
        5.2605, 5.2472, 4.9909, 5.2494, 5.2558, 5.2581, 5.2360, 5.2221, 5.2424,
        5.2423, 5.2459, 5.2540, 5.2590, 5.2535, 5.2624, 5.2622, 5.2380, 5.2601,
        5.2479, 5.2522, 4.9370, 5.2572, 5.2601, 5.2419, 5.2429, 5.2453, 5.2540,
        5.2713, 5.2137], grad_fn=<CatBackward>)]
[2019-02-25 22:12:41,180][INFO][epoch:12	loss:tensor(0.7734, device='cuda:0')]
[2019-02-25 22:12:41,569][INFO][LCC:tensor(-0.0096, grad_fn=<DivBackward1>)]
[2019-02-25 22:12:41,570][INFO][Ground Truth:tensor([4.6905, 3.7692, 3.7368, 3.5000, 5.0000, 5.1579, 5.2564, 2.0000, 5.4615,
        0.4211, 5.6111, 4.1351, 3.7500, 3.7619, 3.5676, 3.1463, 1.3658, 3.2308,
        4.6500, 3.6000, 6.2821, 5.6757, 6.0000, 5.5405, 3.7297, 3.6842, 4.7674,
        5.4706, 4.0278, 5.6129, 3.0952, 3.0263, 5.6512, 3.1053, 5.8684, 2.6857,
        4.9474, 3.3590, 4.0500, 6.2812, 4.0682, 3.2188, 3.9000, 5.9355, 5.0811,
        5.8684, 4.6842, 3.5789, 4.0286, 6.2812, 5.0769, 6.3056, 4.7632, 5.5294,
        5.3415, 5.8056, 4.1000, 1.5946, 5.1163, 5.8649, 5.2750, 1.8421, 1.9268,
        5.9677, 3.8605, 3.4750, 5.9714, 5.4286, 3.3684, 3.4250, 6.5250, 5.3864,
        4.6000, 4.0811, 4.6286, 5.7297, 4.4737, 3.6061, 4.7188, 3.6429, 5.0556,
        6.0811, 3.7500, 5.7568, 6.0000, 5.5946, 3.8823, 4.9773, 4.4872, 5.2250,
        5.8864, 3.0278, 5.5429, 5.4848, 3.1282, 6.2632, 5.2368, 2.7317, 2.3750,
        0.4167, 6.1500])]
[2019-02-25 22:12:41,571][INFO][Predicted:tensor([5.2442, 5.2323, 5.2327, 5.2491, 5.2261, 5.2067, 5.2198, 5.2456, 5.2061,
        5.2027, 5.2352, 5.2390, 5.2345, 5.2553, 5.2420, 5.1929, 5.2263, 5.2127,
        5.2344, 5.2019, 5.2074, 5.2337, 5.2376, 5.2066, 5.2179, 5.2497, 5.2301,
        5.2173, 5.2355, 5.2532, 5.1929, 5.2488, 5.2351, 5.2438, 5.2380, 5.2383,
        5.2583, 5.2175, 5.2274, 5.1990, 5.2298, 5.2338, 5.1786, 5.2218, 5.2530,
        5.2078, 5.1900, 5.2115, 5.2380, 5.2157, 5.2096, 5.1789, 5.2435, 5.2235,
        5.2315, 5.2370, 5.2288, 5.2242, 5.2442, 5.2567, 5.2176, 5.2157, 5.2158,
        5.2556, 5.2262, 5.2259, 5.2253, 5.2439, 5.2486, 5.1668, 5.2215, 5.2373,
        5.2359, 5.2535, 5.0913, 5.2448, 5.1861, 5.2431, 5.2487, 5.2352, 5.2318,
        5.1936, 5.2544, 5.2377, 5.2430, 5.2162, 5.2343, 5.2107, 5.2237, 5.2187,
        5.2276, 5.2477, 5.1530, 5.2472, 5.2146, 5.2529, 5.2162, 5.2395, 5.2305,
        5.2223, 5.2334], grad_fn=<CatBackward>)]
[2019-02-25 22:12:56,531][INFO][epoch:13	loss:tensor(0.7807, device='cuda:0')]
[2019-02-25 22:12:56,946][INFO][LCC:tensor(-0.0844, grad_fn=<DivBackward1>)]
[2019-02-25 22:12:56,946][INFO][Ground Truth:tensor([4.6905, 3.7692, 3.7368, 3.5000, 5.0000, 5.1579, 5.2564, 2.0000, 5.4615,
        0.4211, 5.6111, 4.1351, 3.7500, 3.7619, 3.5676, 3.1463, 1.3658, 3.2308,
        4.6500, 3.6000, 6.2821, 5.6757, 6.0000, 5.5405, 3.7297, 3.6842, 4.7674,
        5.4706, 4.0278, 5.6129, 3.0952, 3.0263, 5.6512, 3.1053, 5.8684, 2.6857,
        4.9474, 3.3590, 4.0500, 6.2812, 4.0682, 3.2188, 3.9000, 5.9355, 5.0811,
        5.8684, 4.6842, 3.5789, 4.0286, 6.2812, 5.0769, 6.3056, 4.7632, 5.5294,
        5.3415, 5.8056, 4.1000, 1.5946, 5.1163, 5.8649, 5.2750, 1.8421, 1.9268,
        5.9677, 3.8605, 3.4750, 5.9714, 5.4286, 3.3684, 3.4250, 6.5250, 5.3864,
        4.6000, 4.0811, 4.6286, 5.7297, 4.4737, 3.6061, 4.7188, 3.6429, 5.0556,
        6.0811, 3.7500, 5.7568, 6.0000, 5.5946, 3.8823, 4.9773, 4.4872, 5.2250,
        5.8864, 3.0278, 5.5429, 5.4848, 3.1282, 6.2632, 5.2368, 2.7317, 2.3750,
        0.4167, 6.1500])]
[2019-02-25 22:12:56,947][INFO][Predicted:tensor([4.9267, 4.9478, 4.8780, 4.9822, 4.9385, 4.9585, 4.9629, 5.0008, 4.9842,
        4.9831, 4.9290, 4.9277, 4.9403, 4.9897, 4.9183, 4.9232, 4.9943, 4.9495,
        4.9288, 4.9576, 4.9873, 4.9387, 5.0063, 4.9830, 4.9069, 4.9256, 4.9414,
        4.9825, 4.9691, 4.9348, 4.9027, 4.9489, 4.9389, 4.9271, 4.9508, 4.9381,
        4.9014, 4.9688, 4.9741, 4.9310, 4.9459, 4.9407, 4.9929, 4.9306, 4.9438,
        4.9557, 4.9658, 4.9109, 4.9680, 4.9525, 4.9821, 4.8810, 4.9184, 4.9615,
        4.9786, 4.9569, 4.9187, 4.9692, 4.9368, 4.9294, 4.9684, 4.9823, 4.9411,
        4.9445, 4.9508, 4.9622, 4.9610, 4.9478, 4.9192, 4.9871, 4.9813, 4.9808,
        4.9912, 4.9081, 4.9043, 4.9236, 4.9832, 4.9536, 4.9311, 4.9348, 4.9252,
        4.9176, 4.8889, 4.9443, 4.9625, 4.9888, 4.9747, 4.9795, 4.9616, 4.9788,
        4.9551, 4.8997, 4.8909, 4.9633, 4.9798, 4.9240, 4.9702, 4.9280, 4.9675,
        4.9904, 4.9618], grad_fn=<CatBackward>)]
[2019-02-25 22:13:11,833][INFO][epoch:14	loss:tensor(0.7725, device='cuda:0')]
[2019-02-25 22:13:12,224][INFO][LCC:tensor(-0.0018, grad_fn=<DivBackward1>)]
[2019-02-25 22:13:12,224][INFO][Ground Truth:tensor([4.6905, 3.7692, 3.7368, 3.5000, 5.0000, 5.1579, 5.2564, 2.0000, 5.4615,
        0.4211, 5.6111, 4.1351, 3.7500, 3.7619, 3.5676, 3.1463, 1.3658, 3.2308,
        4.6500, 3.6000, 6.2821, 5.6757, 6.0000, 5.5405, 3.7297, 3.6842, 4.7674,
        5.4706, 4.0278, 5.6129, 3.0952, 3.0263, 5.6512, 3.1053, 5.8684, 2.6857,
        4.9474, 3.3590, 4.0500, 6.2812, 4.0682, 3.2188, 3.9000, 5.9355, 5.0811,
        5.8684, 4.6842, 3.5789, 4.0286, 6.2812, 5.0769, 6.3056, 4.7632, 5.5294,
        5.3415, 5.8056, 4.1000, 1.5946, 5.1163, 5.8649, 5.2750, 1.8421, 1.9268,
        5.9677, 3.8605, 3.4750, 5.9714, 5.4286, 3.3684, 3.4250, 6.5250, 5.3864,
        4.6000, 4.0811, 4.6286, 5.7297, 4.4737, 3.6061, 4.7188, 3.6429, 5.0556,
        6.0811, 3.7500, 5.7568, 6.0000, 5.5946, 3.8823, 4.9773, 4.4872, 5.2250,
        5.8864, 3.0278, 5.5429, 5.4848, 3.1282, 6.2632, 5.2368, 2.7317, 2.3750,
        0.4167, 6.1500])]
[2019-02-25 22:13:12,225][INFO][Predicted:tensor([5.3985, 5.3577, 5.3356, 5.3740, 5.3936, 5.3497, 5.3915, 5.3793, 5.4281,
        5.4400, 5.3370, 5.4073, 5.3629, 5.3704, 5.3460, 5.3627, 5.4189, 5.3474,
        5.3540, 5.4178, 5.4215, 5.3524, 5.3789, 5.4296, 5.3628, 5.3608, 5.3448,
        5.4203, 5.3983, 5.3582, 5.3487, 5.3644, 5.3970, 5.3323, 5.3648, 5.3668,
        5.3825, 5.3884, 5.3712, 5.3633, 5.3896, 5.3676, 5.4335, 5.3388, 5.3569,
        5.3590, 5.3997, 5.3980, 5.4143, 5.3923, 5.4712, 5.3718, 5.3601, 5.4048,
        5.4578, 5.3903, 5.3553, 5.4285, 5.3291, 5.3306, 5.4976, 5.4036, 5.3676,
        5.3564, 5.4078, 5.3801, 5.3827, 5.3961, 5.3748, 5.5001, 5.4145, 5.4915,
        5.3909, 5.3329, 5.3868, 5.3509, 5.4505, 5.3423, 5.3673, 5.3427, 5.3938,
        5.3599, 5.3315, 5.3482, 5.3907, 5.4408, 5.3726, 5.4624, 5.4455, 5.3772,
        5.3762, 5.3257, 5.3867, 5.4043, 5.3820, 5.3990, 5.4069, 5.3407, 5.3542,
        5.4557, 5.3829], grad_fn=<CatBackward>)]
[2019-02-25 22:13:27,118][INFO][epoch:15	loss:tensor(0.7789, device='cuda:0')]
[2019-02-25 22:13:27,530][INFO][LCC:tensor(-0.1675, grad_fn=<DivBackward1>)]
[2019-02-25 22:13:27,531][INFO][Ground Truth:tensor([4.6905, 3.7692, 3.7368, 3.5000, 5.0000, 5.1579, 5.2564, 2.0000, 5.4615,
        0.4211, 5.6111, 4.1351, 3.7500, 3.7619, 3.5676, 3.1463, 1.3658, 3.2308,
        4.6500, 3.6000, 6.2821, 5.6757, 6.0000, 5.5405, 3.7297, 3.6842, 4.7674,
        5.4706, 4.0278, 5.6129, 3.0952, 3.0263, 5.6512, 3.1053, 5.8684, 2.6857,
        4.9474, 3.3590, 4.0500, 6.2812, 4.0682, 3.2188, 3.9000, 5.9355, 5.0811,
        5.8684, 4.6842, 3.5789, 4.0286, 6.2812, 5.0769, 6.3056, 4.7632, 5.5294,
        5.3415, 5.8056, 4.1000, 1.5946, 5.1163, 5.8649, 5.2750, 1.8421, 1.9268,
        5.9677, 3.8605, 3.4750, 5.9714, 5.4286, 3.3684, 3.4250, 6.5250, 5.3864,
        4.6000, 4.0811, 4.6286, 5.7297, 4.4737, 3.6061, 4.7188, 3.6429, 5.0556,
        6.0811, 3.7500, 5.7568, 6.0000, 5.5946, 3.8823, 4.9773, 4.4872, 5.2250,
        5.8864, 3.0278, 5.5429, 5.4848, 3.1282, 6.2632, 5.2368, 2.7317, 2.3750,
        0.4167, 6.1500])]
[2019-02-25 22:13:27,532][INFO][Predicted:tensor([5.0867, 5.1029, 4.8911, 5.1014, 5.0934, 5.0154, 5.0843, 5.1019, 5.1352,
        5.1470, 5.0959, 4.9392, 5.0912, 5.0948, 5.0343, 4.9429, 5.1420, 5.0714,
        5.0260, 5.0826, 5.1421, 5.0849, 4.9948, 5.0943, 4.9680, 5.0324, 5.0497,
        5.1215, 5.0890, 4.9756, 4.9841, 5.0867, 5.0437, 5.0256, 5.0966, 5.1083,
        4.9844, 5.1301, 5.1151, 5.0372, 5.0816, 5.0010, 5.1311, 5.0476, 5.0787,
        4.9997, 5.0945, 4.9881, 5.1219, 5.0498, 5.1484, 4.9258, 4.9923, 5.0842,
        5.0780, 5.1173, 5.0237, 5.1236, 5.0404, 5.0257, 5.1405, 5.1403, 5.0601,
        5.0235, 5.1067, 5.1355, 5.1159, 5.1052, 5.0440, 5.1314, 5.1141, 5.0996,
        4.9900, 5.0180, 4.9702, 5.0323, 5.1046, 5.0837, 4.9994, 5.0273, 5.0614,
        4.9415, 4.9926, 5.0851, 5.1220, 5.1405, 5.1157, 5.0949, 5.0994, 5.1191,
        5.0988, 5.0230, 4.9106, 5.1063, 5.1157, 4.9729, 5.1092, 5.0352, 5.0766,
        5.1605, 5.0496], grad_fn=<CatBackward>)]
[2019-02-25 22:13:42,398][INFO][epoch:16	loss:tensor(0.7762, device='cuda:0')]
[2019-02-25 22:13:42,776][INFO][LCC:tensor(-0.0724, grad_fn=<DivBackward1>)]
[2019-02-25 22:13:42,777][INFO][Ground Truth:tensor([4.6905, 3.7692, 3.7368, 3.5000, 5.0000, 5.1579, 5.2564, 2.0000, 5.4615,
        0.4211, 5.6111, 4.1351, 3.7500, 3.7619, 3.5676, 3.1463, 1.3658, 3.2308,
        4.6500, 3.6000, 6.2821, 5.6757, 6.0000, 5.5405, 3.7297, 3.6842, 4.7674,
        5.4706, 4.0278, 5.6129, 3.0952, 3.0263, 5.6512, 3.1053, 5.8684, 2.6857,
        4.9474, 3.3590, 4.0500, 6.2812, 4.0682, 3.2188, 3.9000, 5.9355, 5.0811,
        5.8684, 4.6842, 3.5789, 4.0286, 6.2812, 5.0769, 6.3056, 4.7632, 5.5294,
        5.3415, 5.8056, 4.1000, 1.5946, 5.1163, 5.8649, 5.2750, 1.8421, 1.9268,
        5.9677, 3.8605, 3.4750, 5.9714, 5.4286, 3.3684, 3.4250, 6.5250, 5.3864,
        4.6000, 4.0811, 4.6286, 5.7297, 4.4737, 3.6061, 4.7188, 3.6429, 5.0556,
        6.0811, 3.7500, 5.7568, 6.0000, 5.5946, 3.8823, 4.9773, 4.4872, 5.2250,
        5.8864, 3.0278, 5.5429, 5.4848, 3.1282, 6.2632, 5.2368, 2.7317, 2.3750,
        0.4167, 6.1500])]
[2019-02-25 22:13:42,778][INFO][Predicted:tensor([5.4015, 5.3823, 5.3310, 5.3552, 5.3615, 5.3844, 5.4008, 5.3689, 5.4148,
        5.4121, 5.3677, 5.3500, 5.3682, 5.3712, 5.3486, 5.3444, 5.4048, 5.3779,
        5.3763, 5.3714, 5.4271, 5.3584, 5.3205, 5.4317, 5.3373, 5.3701, 5.3905,
        5.4269, 5.3906, 5.3589, 5.3313, 5.3757, 5.3856, 5.3531, 5.3692, 5.3697,
        5.3423, 5.4111, 5.3950, 5.3573, 5.3921, 5.3693, 5.4378, 5.3634, 5.3557,
        5.3996, 5.4092, 5.3525, 5.3999, 5.3623, 5.4233, 5.3575, 5.3507, 5.3755,
        5.3758, 5.3864, 5.3453, 5.4195, 5.3619, 5.3582, 5.3971, 5.4286, 5.3828,
        5.3525, 5.3936, 5.3882, 5.4059, 5.3813, 5.3614, 5.4573, 5.4266, 5.4211,
        5.3184, 5.3350, 5.3645, 5.3419, 5.4287, 5.3696, 5.3554, 5.3709, 5.3601,
        5.3367, 5.3282, 5.3609, 5.3781, 5.4287, 5.4100, 5.4174, 5.3981, 5.4073,
        5.4114, 5.3367, 5.3771, 5.3945, 5.4145, 5.3431, 5.4127, 5.3766, 5.3879,
        5.4133, 5.3790], grad_fn=<CatBackward>)]
[2019-02-25 22:13:57,871][INFO][epoch:17	loss:tensor(0.7746, device='cuda:0')]
[2019-02-25 22:13:58,256][INFO][LCC:tensor(0.0509, grad_fn=<DivBackward1>)]
[2019-02-25 22:13:58,256][INFO][Ground Truth:tensor([4.6905, 3.7692, 3.7368, 3.5000, 5.0000, 5.1579, 5.2564, 2.0000, 5.4615,
        0.4211, 5.6111, 4.1351, 3.7500, 3.7619, 3.5676, 3.1463, 1.3658, 3.2308,
        4.6500, 3.6000, 6.2821, 5.6757, 6.0000, 5.5405, 3.7297, 3.6842, 4.7674,
        5.4706, 4.0278, 5.6129, 3.0952, 3.0263, 5.6512, 3.1053, 5.8684, 2.6857,
        4.9474, 3.3590, 4.0500, 6.2812, 4.0682, 3.2188, 3.9000, 5.9355, 5.0811,
        5.8684, 4.6842, 3.5789, 4.0286, 6.2812, 5.0769, 6.3056, 4.7632, 5.5294,
        5.3415, 5.8056, 4.1000, 1.5946, 5.1163, 5.8649, 5.2750, 1.8421, 1.9268,
        5.9677, 3.8605, 3.4750, 5.9714, 5.4286, 3.3684, 3.4250, 6.5250, 5.3864,
        4.6000, 4.0811, 4.6286, 5.7297, 4.4737, 3.6061, 4.7188, 3.6429, 5.0556,
        6.0811, 3.7500, 5.7568, 6.0000, 5.5946, 3.8823, 4.9773, 4.4872, 5.2250,
        5.8864, 3.0278, 5.5429, 5.4848, 3.1282, 6.2632, 5.2368, 2.7317, 2.3750,
        0.4167, 6.1500])]
[2019-02-25 22:13:58,257][INFO][Predicted:tensor([5.3797, 5.3760, 5.4339, 5.3667, 5.3741, 5.3773, 5.3597, 5.3539, 5.3606,
        5.3534, 5.3691, 5.4364, 5.3709, 5.3626, 5.3883, 5.3797, 5.3566, 5.3759,
        5.3890, 5.3800, 5.3622, 5.3695, 5.3765, 5.3751, 5.4241, 5.3851, 5.3824,
        5.3800, 5.3557, 5.4005, 5.3972, 5.3799, 5.3719, 5.3942, 5.3761, 5.3728,
        5.4160, 5.3606, 5.3687, 5.3847, 5.3632, 5.3954, 5.3593, 5.3893, 5.3796,
        5.3782, 5.3647, 5.4221, 5.3563, 5.3866, 5.4003, 5.3918, 5.4123, 5.3679,
        5.3630, 5.3634, 5.4126, 5.3676, 5.3860, 5.3865, 5.3762, 5.3622, 5.3730,
        5.3925, 5.3756, 5.3728, 5.3666, 5.3750, 5.4475, 5.3777, 5.3693, 5.3587,
        5.3739, 5.4050, 5.3621, 5.4004, 5.3635, 5.3775, 5.4021, 5.3898, 5.3745,
        5.3836, 5.4055, 5.3720, 5.3654, 5.3653, 5.3639, 5.3841, 5.3738, 5.3682,
        5.3607, 5.4032, 5.3575, 5.3604, 5.3638, 5.4200, 5.3720, 5.3860, 5.3765,
        5.3468, 5.3679], grad_fn=<CatBackward>)]
[2019-02-25 22:14:13,139][INFO][epoch:18	loss:tensor(0.7697, device='cuda:0')]
[2019-02-25 22:14:13,552][INFO][LCC:tensor(-0.0058, grad_fn=<DivBackward1>)]
[2019-02-25 22:14:13,553][INFO][Ground Truth:tensor([4.6905, 3.7692, 3.7368, 3.5000, 5.0000, 5.1579, 5.2564, 2.0000, 5.4615,
        0.4211, 5.6111, 4.1351, 3.7500, 3.7619, 3.5676, 3.1463, 1.3658, 3.2308,
        4.6500, 3.6000, 6.2821, 5.6757, 6.0000, 5.5405, 3.7297, 3.6842, 4.7674,
        5.4706, 4.0278, 5.6129, 3.0952, 3.0263, 5.6512, 3.1053, 5.8684, 2.6857,
        4.9474, 3.3590, 4.0500, 6.2812, 4.0682, 3.2188, 3.9000, 5.9355, 5.0811,
        5.8684, 4.6842, 3.5789, 4.0286, 6.2812, 5.0769, 6.3056, 4.7632, 5.5294,
        5.3415, 5.8056, 4.1000, 1.5946, 5.1163, 5.8649, 5.2750, 1.8421, 1.9268,
        5.9677, 3.8605, 3.4750, 5.9714, 5.4286, 3.3684, 3.4250, 6.5250, 5.3864,
        4.6000, 4.0811, 4.6286, 5.7297, 4.4737, 3.6061, 4.7188, 3.6429, 5.0556,
        6.0811, 3.7500, 5.7568, 6.0000, 5.5946, 3.8823, 4.9773, 4.4872, 5.2250,
        5.8864, 3.0278, 5.5429, 5.4848, 3.1282, 6.2632, 5.2368, 2.7317, 2.3750,
        0.4167, 6.1500])]
[2019-02-25 22:14:13,554][INFO][Predicted:tensor([5.5619, 5.5713, 5.6175, 5.5610, 5.5319, 5.5878, 5.5603, 5.5516, 5.5324,
        5.5162, 5.5719, 5.6577, 5.5662, 5.5438, 5.6272, 5.5852, 5.5251, 5.5865,
        5.5919, 5.5705, 5.5165, 5.5758, 5.5418, 5.5592, 5.6973, 5.6157, 5.5950,
        5.5503, 5.5606, 5.6332, 5.6154, 5.5952, 5.5846, 5.6249, 5.5693, 5.5771,
        5.6738, 5.5518, 5.5795, 5.5945, 5.5521, 5.6174, 5.5167, 5.5931, 5.5894,
        5.5822, 5.5430, 5.6626, 5.5548, 5.5832, 5.5660, 5.5266, 5.6410, 5.5711,
        5.5619, 5.5693, 5.6206, 5.5536, 5.5996, 5.6151, 5.5689, 5.5544, 5.5803,
        5.6214, 5.5835, 5.5698, 5.5684, 5.5905, 5.6497, 5.5759, 5.5430, 5.5724,
        5.5525, 5.6597, 5.5996, 5.6161, 5.5282, 5.5773, 5.6303, 5.6016, 5.5670,
        5.6076, 5.6540, 5.5747, 5.5559, 5.5417, 5.5589, 5.5513, 5.5647, 5.5569,
        5.5562, 5.6381, 5.5878, 5.5645, 5.5490, 5.6423, 5.5374, 5.5960, 5.5854,
        5.5330, 5.5531], grad_fn=<CatBackward>)]
[2019-02-25 22:14:28,481][INFO][epoch:19	loss:tensor(0.7724, device='cuda:0')]
[2019-02-25 22:14:28,889][INFO][LCC:tensor(-0.0105, grad_fn=<DivBackward1>)]
[2019-02-25 22:14:28,889][INFO][Ground Truth:tensor([4.6905, 3.7692, 3.7368, 3.5000, 5.0000, 5.1579, 5.2564, 2.0000, 5.4615,
        0.4211, 5.6111, 4.1351, 3.7500, 3.7619, 3.5676, 3.1463, 1.3658, 3.2308,
        4.6500, 3.6000, 6.2821, 5.6757, 6.0000, 5.5405, 3.7297, 3.6842, 4.7674,
        5.4706, 4.0278, 5.6129, 3.0952, 3.0263, 5.6512, 3.1053, 5.8684, 2.6857,
        4.9474, 3.3590, 4.0500, 6.2812, 4.0682, 3.2188, 3.9000, 5.9355, 5.0811,
        5.8684, 4.6842, 3.5789, 4.0286, 6.2812, 5.0769, 6.3056, 4.7632, 5.5294,
        5.3415, 5.8056, 4.1000, 1.5946, 5.1163, 5.8649, 5.2750, 1.8421, 1.9268,
        5.9677, 3.8605, 3.4750, 5.9714, 5.4286, 3.3684, 3.4250, 6.5250, 5.3864,
        4.6000, 4.0811, 4.6286, 5.7297, 4.4737, 3.6061, 4.7188, 3.6429, 5.0556,
        6.0811, 3.7500, 5.7568, 6.0000, 5.5946, 3.8823, 4.9773, 4.4872, 5.2250,
        5.8864, 3.0278, 5.5429, 5.4848, 3.1282, 6.2632, 5.2368, 2.7317, 2.3750,
        0.4167, 6.1500])]
[2019-02-25 22:14:28,890][INFO][Predicted:tensor([4.9833, 5.0309, 5.0682, 4.9557, 4.9677, 5.0414, 5.0205, 4.9644, 4.9467,
        4.9337, 5.0017, 5.1221, 5.0028, 4.9721, 5.0446, 4.9951, 4.9720, 5.0275,
        5.0468, 4.9597, 4.9286, 4.9995, 4.9400, 4.9759, 5.0978, 5.0119, 5.0308,
        4.9689, 4.9894, 5.0494, 5.0374, 5.0029, 5.0054, 5.0597, 4.9897, 5.0079,
        5.0798, 5.0170, 5.0259, 5.0365, 4.9936, 5.0511, 4.9336, 5.0403, 4.9813,
        5.0435, 4.9330, 5.0857, 4.9909, 5.0240, 4.9796, 5.0471, 5.0577, 4.9854,
        4.9358, 4.9863, 5.0536, 4.9588, 5.0454, 5.0506, 5.0027, 4.9961, 5.0102,
        5.0669, 4.9806, 5.0103, 4.9792, 4.9967, 5.0469, 4.9618, 4.9571, 4.9606,
        4.9301, 5.0664, 5.0624, 5.0665, 4.9286, 5.0473, 5.0556, 5.0341, 4.9788,
        4.9969, 5.0723, 5.0066, 4.9874, 4.9680, 4.9959, 4.9614, 5.0011, 5.0068,
        4.9748, 5.0648, 5.0563, 4.9887, 5.0030, 5.0801, 4.9480, 5.0449, 5.0410,
        4.9711, 4.9727], grad_fn=<CatBackward>)]
