[2019-03-15 16:46:41,178][WARNING][Model:Try ResNet.]
[2019-03-15 16:46:44,514][INFO][epoch:0	loss:tensor(6.0535, device='cuda:0')]
[2019-03-15 16:46:46,200][INFO][epoch:1	loss:tensor(2.9257, device='cuda:0')]
[2019-03-15 16:46:47,918][INFO][epoch:2	loss:tensor(2.6963, device='cuda:0')]
[2019-03-15 16:46:49,635][INFO][epoch:3	loss:tensor(2.3491, device='cuda:0')]
[2019-03-15 16:46:51,352][INFO][epoch:4	loss:tensor(2.0745, device='cuda:0')]
[2019-03-15 16:46:53,068][INFO][epoch:5	loss:tensor(1.9595, device='cuda:0')]
[2019-03-15 16:46:54,790][INFO][epoch:6	loss:tensor(1.8995, device='cuda:0')]
[2019-03-15 16:46:56,536][INFO][epoch:7	loss:tensor(1.7408, device='cuda:0')]
[2019-03-15 16:46:58,251][INFO][epoch:8	loss:tensor(1.8376, device='cuda:0')]
[2019-03-15 16:46:59,980][INFO][epoch:9	loss:tensor(1.9059, device='cuda:0')]
[2019-03-15 16:47:01,658][INFO][epoch:10	loss:tensor(1.6072, device='cuda:0')]
[2019-03-15 16:47:02,412][WARNING][LCC:0.59236526]
[2019-03-15 16:47:02,412][WARNING][SROCC:0.58026123]
[2019-03-15 16:47:04,072][INFO][epoch:11	loss:tensor(1.5766, device='cuda:0')]
[2019-03-15 16:47:05,792][INFO][epoch:12	loss:tensor(1.4532, device='cuda:0')]
[2019-03-15 16:47:07,508][INFO][epoch:13	loss:tensor(1.3899, device='cuda:0')]
[2019-03-15 16:47:09,244][INFO][epoch:14	loss:tensor(1.3505, device='cuda:0')]
[2019-03-15 16:47:10,963][INFO][epoch:15	loss:tensor(1.3611, device='cuda:0')]
[2019-03-15 16:47:12,700][INFO][epoch:16	loss:tensor(1.3517, device='cuda:0')]
[2019-03-15 16:47:14,418][INFO][epoch:17	loss:tensor(1.3574, device='cuda:0')]
[2019-03-15 16:47:16,129][INFO][epoch:18	loss:tensor(1.2882, device='cuda:0')]
[2019-03-15 16:47:17,860][INFO][epoch:19	loss:tensor(1.3764, device='cuda:0')]
[2019-03-15 16:47:19,557][INFO][epoch:20	loss:tensor(1.3649, device='cuda:0')]
[2019-03-15 16:47:20,285][WARNING][LCC:0.70635635]
[2019-03-15 16:47:20,285][WARNING][SROCC:0.69607055]
[2019-03-15 16:47:21,936][INFO][epoch:21	loss:tensor(1.1746, device='cuda:0')]
[2019-03-15 16:47:23,650][INFO][epoch:22	loss:tensor(1.2649, device='cuda:0')]
[2019-03-15 16:47:25,363][INFO][epoch:23	loss:tensor(1.2345, device='cuda:0')]
[2019-03-15 16:47:27,057][INFO][epoch:24	loss:tensor(1.2921, device='cuda:0')]
[2019-03-15 16:47:28,781][INFO][epoch:25	loss:tensor(1.1900, device='cuda:0')]
[2019-03-15 16:47:30,491][INFO][epoch:26	loss:tensor(1.1996, device='cuda:0')]
[2019-03-15 16:47:32,240][INFO][epoch:27	loss:tensor(1.1185, device='cuda:0')]
[2019-03-15 16:47:33,979][INFO][epoch:28	loss:tensor(1.2027, device='cuda:0')]
[2019-03-15 16:47:35,757][INFO][epoch:29	loss:tensor(1.2842, device='cuda:0')]
[2019-03-15 16:47:37,516][INFO][epoch:30	loss:tensor(1.0949, device='cuda:0')]
[2019-03-15 16:47:38,238][WARNING][LCC:0.7267849]
[2019-03-15 16:47:38,238][WARNING][SROCC:0.71085274]
[2019-03-15 16:47:39,901][INFO][epoch:31	loss:tensor(1.0746, device='cuda:0')]
[2019-03-15 16:47:41,626][INFO][epoch:32	loss:tensor(1.2168, device='cuda:0')]
[2019-03-15 16:47:43,357][INFO][epoch:33	loss:tensor(1.0425, device='cuda:0')]
[2019-03-15 16:47:45,126][INFO][epoch:34	loss:tensor(1.0236, device='cuda:0')]
[2019-03-15 16:47:46,847][INFO][epoch:35	loss:tensor(1.0637, device='cuda:0')]
[2019-03-15 16:47:48,601][INFO][epoch:36	loss:tensor(1.0893, device='cuda:0')]
[2019-03-15 16:47:50,334][INFO][epoch:37	loss:tensor(0.9643, device='cuda:0')]
[2019-03-15 16:47:52,068][INFO][epoch:38	loss:tensor(1.0576, device='cuda:0')]
[2019-03-15 16:47:53,795][INFO][epoch:39	loss:tensor(1.0081, device='cuda:0')]
[2019-03-15 16:47:55,543][INFO][epoch:40	loss:tensor(1.0326, device='cuda:0')]
[2019-03-15 16:47:56,259][WARNING][LCC:0.7720218]
[2019-03-15 16:47:56,260][WARNING][SROCC:0.7486824]
[2019-03-15 16:47:57,932][INFO][epoch:41	loss:tensor(0.9873, device='cuda:0')]
[2019-03-15 16:47:59,657][INFO][epoch:42	loss:tensor(1.0108, device='cuda:0')]
[2019-03-15 16:48:01,391][INFO][epoch:43	loss:tensor(0.9713, device='cuda:0')]
[2019-03-15 16:48:03,107][INFO][epoch:44	loss:tensor(0.9805, device='cuda:0')]
[2019-03-15 16:48:04,847][INFO][epoch:45	loss:tensor(0.9760, device='cuda:0')]
[2019-03-15 16:48:06,569][INFO][epoch:46	loss:tensor(0.9117, device='cuda:0')]
[2019-03-15 16:48:08,298][INFO][epoch:47	loss:tensor(0.9463, device='cuda:0')]
[2019-03-15 16:48:10,030][INFO][epoch:48	loss:tensor(0.9010, device='cuda:0')]
[2019-03-15 16:48:11,776][INFO][epoch:49	loss:tensor(0.9489, device='cuda:0')]
[2019-03-15 16:48:13,496][INFO][epoch:50	loss:tensor(0.9610, device='cuda:0')]
[2019-03-15 16:48:14,216][WARNING][LCC:0.7829116]
[2019-03-15 16:48:14,217][WARNING][SROCC:0.7359625]
[2019-03-15 16:48:14,217][WARNING][Model saved]
[2019-03-15 16:48:15,977][INFO][epoch:51	loss:tensor(0.9298, device='cuda:0')]
[2019-03-15 16:48:17,691][INFO][epoch:52	loss:tensor(0.8286, device='cuda:0')]
[2019-03-15 16:48:19,456][INFO][epoch:53	loss:tensor(0.9638, device='cuda:0')]
[2019-03-15 16:48:21,299][INFO][epoch:54	loss:tensor(0.9595, device='cuda:0')]
[2019-03-15 16:48:23,115][INFO][epoch:55	loss:tensor(0.9698, device='cuda:0')]
[2019-03-15 16:48:24,976][INFO][epoch:56	loss:tensor(0.9335, device='cuda:0')]
[2019-03-15 16:48:26,728][INFO][epoch:57	loss:tensor(0.8726, device='cuda:0')]
[2019-03-15 16:48:28,460][INFO][epoch:58	loss:tensor(0.9081, device='cuda:0')]
[2019-03-15 16:48:30,164][INFO][epoch:59	loss:tensor(0.9194, device='cuda:0')]
[2019-03-15 16:48:31,881][INFO][epoch:60	loss:tensor(0.8320, device='cuda:0')]
[2019-03-15 16:48:32,593][WARNING][LCC:0.79861325]
[2019-03-15 16:48:32,593][WARNING][SROCC:0.74876523]
[2019-03-15 16:48:34,258][INFO][epoch:61	loss:tensor(0.9026, device='cuda:0')]
[2019-03-15 16:48:35,983][INFO][epoch:62	loss:tensor(0.8312, device='cuda:0')]
[2019-03-15 16:48:37,726][INFO][epoch:63	loss:tensor(0.8473, device='cuda:0')]
[2019-03-15 16:48:39,458][INFO][epoch:64	loss:tensor(0.9547, device='cuda:0')]
[2019-03-15 16:48:41,188][INFO][epoch:65	loss:tensor(0.9237, device='cuda:0')]
[2019-03-15 16:48:42,898][INFO][epoch:66	loss:tensor(0.7933, device='cuda:0')]
[2019-03-15 16:48:44,643][INFO][epoch:67	loss:tensor(0.7594, device='cuda:0')]
[2019-03-15 16:48:46,359][INFO][epoch:68	loss:tensor(0.7936, device='cuda:0')]
[2019-03-15 16:48:48,076][INFO][epoch:69	loss:tensor(0.7994, device='cuda:0')]
[2019-03-15 16:48:49,820][INFO][epoch:70	loss:tensor(0.7563, device='cuda:0')]
[2019-03-15 16:48:50,532][WARNING][LCC:0.8192813]
[2019-03-15 16:48:50,532][WARNING][SROCC:0.7776618]
[2019-03-15 16:48:52,209][INFO][epoch:71	loss:tensor(0.9103, device='cuda:0')]
[2019-03-15 16:48:53,921][INFO][epoch:72	loss:tensor(0.8255, device='cuda:0')]
[2019-03-15 16:48:55,648][INFO][epoch:73	loss:tensor(0.7324, device='cuda:0')]
[2019-03-15 16:48:57,376][INFO][epoch:74	loss:tensor(0.7163, device='cuda:0')]
[2019-03-15 16:48:59,112][INFO][epoch:75	loss:tensor(0.7779, device='cuda:0')]
[2019-03-15 16:49:00,825][INFO][epoch:76	loss:tensor(0.7581, device='cuda:0')]
[2019-03-15 16:49:02,555][INFO][epoch:77	loss:tensor(0.7262, device='cuda:0')]
[2019-03-15 16:49:04,276][INFO][epoch:78	loss:tensor(0.7868, device='cuda:0')]
[2019-03-15 16:49:06,015][INFO][epoch:79	loss:tensor(0.7283, device='cuda:0')]
[2019-03-15 16:49:07,744][INFO][epoch:80	loss:tensor(0.8178, device='cuda:0')]
[2019-03-15 16:49:08,446][WARNING][LCC:0.81578976]
[2019-03-15 16:49:08,446][WARNING][SROCC:0.78306144]
[2019-03-15 16:49:10,127][INFO][epoch:81	loss:tensor(0.8003, device='cuda:0')]
[2019-03-15 16:49:11,862][INFO][epoch:82	loss:tensor(0.7355, device='cuda:0')]
[2019-03-15 16:49:13,572][INFO][epoch:83	loss:tensor(0.7427, device='cuda:0')]
[2019-03-15 16:49:15,319][INFO][epoch:84	loss:tensor(0.6722, device='cuda:0')]
[2019-03-15 16:49:17,057][INFO][epoch:85	loss:tensor(0.7550, device='cuda:0')]
[2019-03-15 16:49:18,781][INFO][epoch:86	loss:tensor(0.7338, device='cuda:0')]
[2019-03-15 16:49:20,511][INFO][epoch:87	loss:tensor(0.7194, device='cuda:0')]
[2019-03-15 16:49:22,250][INFO][epoch:88	loss:tensor(0.6986, device='cuda:0')]
[2019-03-15 16:49:23,986][INFO][epoch:89	loss:tensor(0.6991, device='cuda:0')]
[2019-03-15 16:49:25,718][INFO][epoch:90	loss:tensor(0.7409, device='cuda:0')]
[2019-03-15 16:49:26,413][WARNING][LCC:0.7857797]
[2019-03-15 16:49:26,413][WARNING][SROCC:0.78482896]
[2019-03-15 16:49:28,088][INFO][epoch:91	loss:tensor(0.7524, device='cuda:0')]
[2019-03-15 16:49:29,837][INFO][epoch:92	loss:tensor(0.6764, device='cuda:0')]
[2019-03-15 16:49:31,626][INFO][epoch:93	loss:tensor(0.7403, device='cuda:0')]
[2019-03-15 16:49:33,312][INFO][epoch:94	loss:tensor(0.6562, device='cuda:0')]
[2019-03-15 16:49:35,036][INFO][epoch:95	loss:tensor(0.7115, device='cuda:0')]
[2019-03-15 16:49:36,780][INFO][epoch:96	loss:tensor(0.7140, device='cuda:0')]
[2019-03-15 16:49:38,505][INFO][epoch:97	loss:tensor(0.6512, device='cuda:0')]
[2019-03-15 16:49:40,251][INFO][epoch:98	loss:tensor(0.6740, device='cuda:0')]
[2019-03-15 16:49:41,974][INFO][epoch:99	loss:tensor(0.6794, device='cuda:0')]
[2019-03-15 16:49:43,706][INFO][epoch:100	loss:tensor(0.6589, device='cuda:0')]
[2019-03-15 16:49:44,408][WARNING][LCC:0.82570446]
[2019-03-15 16:49:44,408][WARNING][SROCC:0.7976651]
[2019-03-15 16:49:44,409][WARNING][Model saved]
[2019-03-15 16:49:46,161][INFO][epoch:101	loss:tensor(0.7016, device='cuda:0')]
[2019-03-15 16:49:47,876][INFO][epoch:102	loss:tensor(0.6314, device='cuda:0')]
[2019-03-15 16:49:49,606][INFO][epoch:103	loss:tensor(0.6598, device='cuda:0')]
[2019-03-15 16:49:51,329][INFO][epoch:104	loss:tensor(0.6649, device='cuda:0')]
[2019-03-15 16:49:53,047][INFO][epoch:105	loss:tensor(0.6668, device='cuda:0')]
[2019-03-15 16:49:54,779][INFO][epoch:106	loss:tensor(0.6482, device='cuda:0')]
[2019-03-15 16:49:56,505][INFO][epoch:107	loss:tensor(0.6469, device='cuda:0')]
[2019-03-15 16:49:58,223][INFO][epoch:108	loss:tensor(0.6811, device='cuda:0')]
[2019-03-15 16:49:59,935][INFO][epoch:109	loss:tensor(0.6844, device='cuda:0')]
[2019-03-15 16:50:01,656][INFO][epoch:110	loss:tensor(0.6305, device='cuda:0')]
[2019-03-15 16:50:02,355][WARNING][LCC:0.8426324]
[2019-03-15 16:50:02,355][WARNING][SROCC:0.8189993]
[2019-03-15 16:50:04,021][INFO][epoch:111	loss:tensor(0.6560, device='cuda:0')]
[2019-03-15 16:50:05,734][INFO][epoch:112	loss:tensor(0.6042, device='cuda:0')]
[2019-03-15 16:50:07,472][INFO][epoch:113	loss:tensor(0.6436, device='cuda:0')]
[2019-03-15 16:50:09,204][INFO][epoch:114	loss:tensor(0.6215, device='cuda:0')]
[2019-03-15 16:50:10,903][INFO][epoch:115	loss:tensor(0.6562, device='cuda:0')]
[2019-03-15 16:50:12,628][INFO][epoch:116	loss:tensor(0.6163, device='cuda:0')]
[2019-03-15 16:50:14,351][INFO][epoch:117	loss:tensor(0.6190, device='cuda:0')]
[2019-03-15 16:50:16,068][INFO][epoch:118	loss:tensor(0.6180, device='cuda:0')]
[2019-03-15 16:50:17,782][INFO][epoch:119	loss:tensor(0.5935, device='cuda:0')]
[2019-03-15 16:50:19,479][INFO][epoch:120	loss:tensor(0.5931, device='cuda:0')]
[2019-03-15 16:50:20,197][WARNING][LCC:0.8447768]
[2019-03-15 16:50:20,197][WARNING][SROCC:0.81702936]
[2019-03-15 16:50:21,876][INFO][epoch:121	loss:tensor(0.5813, device='cuda:0')]
[2019-03-15 16:50:23,595][INFO][epoch:122	loss:tensor(0.6198, device='cuda:0')]
[2019-03-15 16:50:25,302][INFO][epoch:123	loss:tensor(0.6138, device='cuda:0')]
[2019-03-15 16:50:27,046][INFO][epoch:124	loss:tensor(0.5990, device='cuda:0')]
[2019-03-15 16:50:28,755][INFO][epoch:125	loss:tensor(0.6311, device='cuda:0')]
[2019-03-15 16:50:30,467][INFO][epoch:126	loss:tensor(0.5841, device='cuda:0')]
[2019-03-15 16:50:32,182][INFO][epoch:127	loss:tensor(0.5729, device='cuda:0')]
[2019-03-15 16:50:33,897][INFO][epoch:128	loss:tensor(0.5697, device='cuda:0')]
[2019-03-15 16:50:35,628][INFO][epoch:129	loss:tensor(0.5981, device='cuda:0')]
[2019-03-15 16:50:37,344][INFO][epoch:130	loss:tensor(0.5760, device='cuda:0')]
[2019-03-15 16:50:38,025][WARNING][LCC:0.8648663]
[2019-03-15 16:50:38,025][WARNING][SROCC:0.8326005]
[2019-03-15 16:50:39,690][INFO][epoch:131	loss:tensor(0.5823, device='cuda:0')]
[2019-03-15 16:50:41,439][INFO][epoch:132	loss:tensor(0.6370, device='cuda:0')]
[2019-03-15 16:50:43,178][INFO][epoch:133	loss:tensor(0.5565, device='cuda:0')]
[2019-03-15 16:50:44,876][INFO][epoch:134	loss:tensor(0.5999, device='cuda:0')]
[2019-03-15 16:50:46,602][INFO][epoch:135	loss:tensor(0.5874, device='cuda:0')]
[2019-03-15 16:50:48,327][INFO][epoch:136	loss:tensor(0.5764, device='cuda:0')]
[2019-03-15 16:50:50,061][INFO][epoch:137	loss:tensor(0.5105, device='cuda:0')]
[2019-03-15 16:50:51,767][INFO][epoch:138	loss:tensor(0.5919, device='cuda:0')]
[2019-03-15 16:50:53,483][INFO][epoch:139	loss:tensor(0.5904, device='cuda:0')]
[2019-03-15 16:50:55,199][INFO][epoch:140	loss:tensor(0.6373, device='cuda:0')]
[2019-03-15 16:50:55,915][WARNING][LCC:0.82296103]
[2019-03-15 16:50:55,915][WARNING][SROCC:0.801114]
[2019-03-15 16:50:57,596][INFO][epoch:141	loss:tensor(0.6133, device='cuda:0')]
[2019-03-15 16:50:59,300][INFO][epoch:142	loss:tensor(0.5469, device='cuda:0')]
[2019-03-15 16:51:01,065][INFO][epoch:143	loss:tensor(0.5396, device='cuda:0')]
[2019-03-15 16:51:02,762][INFO][epoch:144	loss:tensor(0.5438, device='cuda:0')]
[2019-03-15 16:51:04,507][INFO][epoch:145	loss:tensor(0.5069, device='cuda:0')]
[2019-03-15 16:51:06,216][INFO][epoch:146	loss:tensor(0.6148, device='cuda:0')]
[2019-03-15 16:51:07,922][INFO][epoch:147	loss:tensor(0.5853, device='cuda:0')]
[2019-03-15 16:51:09,644][INFO][epoch:148	loss:tensor(0.5756, device='cuda:0')]
[2019-03-15 16:51:11,349][INFO][epoch:149	loss:tensor(0.5264, device='cuda:0')]
[2019-03-15 16:51:13,067][INFO][epoch:150	loss:tensor(0.5087, device='cuda:0')]
[2019-03-15 16:51:13,768][WARNING][LCC:0.82906467]
[2019-03-15 16:51:13,768][WARNING][SROCC:0.8028879]
[2019-03-15 16:51:13,769][WARNING][Model saved]
[2019-03-15 16:51:15,475][INFO][epoch:151	loss:tensor(0.5092, device='cuda:0')]
[2019-03-15 16:51:17,200][INFO][epoch:152	loss:tensor(0.5299, device='cuda:0')]
[2019-03-15 16:51:18,920][INFO][epoch:153	loss:tensor(0.5566, device='cuda:0')]
[2019-03-15 16:51:20,622][INFO][epoch:154	loss:tensor(0.5525, device='cuda:0')]
[2019-03-15 16:51:22,368][INFO][epoch:155	loss:tensor(0.5383, device='cuda:0')]
[2019-03-15 16:51:24,112][INFO][epoch:156	loss:tensor(0.5229, device='cuda:0')]
[2019-03-15 16:51:25,821][INFO][epoch:157	loss:tensor(0.5289, device='cuda:0')]
[2019-03-15 16:51:27,565][INFO][epoch:158	loss:tensor(0.5223, device='cuda:0')]
[2019-03-15 16:51:29,251][INFO][epoch:159	loss:tensor(0.5153, device='cuda:0')]
[2019-03-15 16:51:30,980][INFO][epoch:160	loss:tensor(0.4927, device='cuda:0')]
[2019-03-15 16:51:31,677][WARNING][LCC:0.8374798]
[2019-03-15 16:51:31,677][WARNING][SROCC:0.8229948]
[2019-03-15 16:51:33,348][INFO][epoch:161	loss:tensor(0.5484, device='cuda:0')]
[2019-03-15 16:51:35,039][INFO][epoch:162	loss:tensor(0.5423, device='cuda:0')]
[2019-03-15 16:51:36,775][INFO][epoch:163	loss:tensor(0.6305, device='cuda:0')]
[2019-03-15 16:51:38,484][INFO][epoch:164	loss:tensor(0.5494, device='cuda:0')]
[2019-03-15 16:51:40,223][INFO][epoch:165	loss:tensor(0.5069, device='cuda:0')]
[2019-03-15 16:51:41,923][INFO][epoch:166	loss:tensor(0.4774, device='cuda:0')]
[2019-03-15 16:51:43,641][INFO][epoch:167	loss:tensor(0.4996, device='cuda:0')]
[2019-03-15 16:51:45,358][INFO][epoch:168	loss:tensor(0.4802, device='cuda:0')]
[2019-03-15 16:51:47,043][INFO][epoch:169	loss:tensor(0.4803, device='cuda:0')]
[2019-03-15 16:51:48,764][INFO][epoch:170	loss:tensor(0.5438, device='cuda:0')]
[2019-03-15 16:51:49,457][WARNING][LCC:0.85923094]
[2019-03-15 16:51:49,458][WARNING][SROCC:0.83869344]
[2019-03-15 16:51:51,122][INFO][epoch:171	loss:tensor(0.5269, device='cuda:0')]
[2019-03-15 16:51:52,856][INFO][epoch:172	loss:tensor(0.4804, device='cuda:0')]
[2019-03-15 16:51:54,570][INFO][epoch:173	loss:tensor(0.4909, device='cuda:0')]
[2019-03-15 16:51:56,297][INFO][epoch:174	loss:tensor(0.5158, device='cuda:0')]
[2019-03-15 16:51:58,003][INFO][epoch:175	loss:tensor(0.5163, device='cuda:0')]
[2019-03-15 16:51:59,747][INFO][epoch:176	loss:tensor(0.4974, device='cuda:0')]
[2019-03-15 16:52:01,443][INFO][epoch:177	loss:tensor(0.5636, device='cuda:0')]
[2019-03-15 16:52:03,177][INFO][epoch:178	loss:tensor(0.4931, device='cuda:0')]
[2019-03-15 16:52:04,907][INFO][epoch:179	loss:tensor(0.4773, device='cuda:0')]
[2019-03-15 16:52:06,646][INFO][epoch:180	loss:tensor(0.5171, device='cuda:0')]
[2019-03-15 16:52:07,344][WARNING][LCC:0.86586595]
[2019-03-15 16:52:07,344][WARNING][SROCC:0.8437871]
[2019-03-15 16:52:09,013][INFO][epoch:181	loss:tensor(0.4667, device='cuda:0')]
[2019-03-15 16:52:10,737][INFO][epoch:182	loss:tensor(0.4743, device='cuda:0')]
[2019-03-15 16:52:12,480][INFO][epoch:183	loss:tensor(0.4965, device='cuda:0')]
[2019-03-15 16:52:14,202][INFO][epoch:184	loss:tensor(0.4612, device='cuda:0')]
[2019-03-15 16:52:15,960][INFO][epoch:185	loss:tensor(0.4761, device='cuda:0')]
[2019-03-15 16:52:17,835][INFO][epoch:186	loss:tensor(0.6021, device='cuda:0')]
[2019-03-15 16:52:19,563][INFO][epoch:187	loss:tensor(0.5590, device='cuda:0')]
[2019-03-15 16:52:21,305][INFO][epoch:188	loss:tensor(0.5178, device='cuda:0')]
[2019-03-15 16:52:23,061][INFO][epoch:189	loss:tensor(0.4931, device='cuda:0')]
[2019-03-15 16:52:24,798][INFO][epoch:190	loss:tensor(0.4634, device='cuda:0')]
[2019-03-15 16:52:25,504][WARNING][LCC:0.83651507]
[2019-03-15 16:52:25,504][WARNING][SROCC:0.8288727]
[2019-03-15 16:52:27,183][INFO][epoch:191	loss:tensor(0.4406, device='cuda:0')]
[2019-03-15 16:52:28,915][INFO][epoch:192	loss:tensor(0.4641, device='cuda:0')]
[2019-03-15 16:52:30,640][INFO][epoch:193	loss:tensor(0.5651, device='cuda:0')]
[2019-03-15 16:52:32,370][INFO][epoch:194	loss:tensor(0.4773, device='cuda:0')]
[2019-03-15 16:52:34,094][INFO][epoch:195	loss:tensor(0.4991, device='cuda:0')]
[2019-03-15 16:52:35,820][INFO][epoch:196	loss:tensor(0.5130, device='cuda:0')]
[2019-03-15 16:52:37,552][INFO][epoch:197	loss:tensor(0.4319, device='cuda:0')]
[2019-03-15 16:52:39,291][INFO][epoch:198	loss:tensor(0.4798, device='cuda:0')]
[2019-03-15 16:52:41,061][INFO][epoch:199	loss:tensor(0.4295, device='cuda:0')]
[2019-03-15 16:52:42,802][INFO][epoch:200	loss:tensor(0.4388, device='cuda:0')]
[2019-03-15 16:52:43,496][WARNING][LCC:0.87761945]
[2019-03-15 16:52:43,497][WARNING][SROCC:0.8550439]
[2019-03-15 16:52:43,497][WARNING][Model saved]
[2019-03-15 16:52:45,241][INFO][epoch:201	loss:tensor(0.4808, device='cuda:0')]
[2019-03-15 16:52:46,991][INFO][epoch:202	loss:tensor(0.4962, device='cuda:0')]
[2019-03-15 16:52:48,695][INFO][epoch:203	loss:tensor(0.4834, device='cuda:0')]
[2019-03-15 16:52:50,427][INFO][epoch:204	loss:tensor(0.4471, device='cuda:0')]
[2019-03-15 16:52:52,170][INFO][epoch:205	loss:tensor(0.4574, device='cuda:0')]
[2019-03-15 16:52:53,921][INFO][epoch:206	loss:tensor(0.5059, device='cuda:0')]
[2019-03-15 16:52:55,644][INFO][epoch:207	loss:tensor(0.4917, device='cuda:0')]
[2019-03-15 16:52:57,360][INFO][epoch:208	loss:tensor(0.4603, device='cuda:0')]
[2019-03-15 16:52:59,092][INFO][epoch:209	loss:tensor(0.4392, device='cuda:0')]
[2019-03-15 16:53:00,821][INFO][epoch:210	loss:tensor(0.4625, device='cuda:0')]
[2019-03-15 16:53:01,517][WARNING][LCC:0.8720809]
[2019-03-15 16:53:01,517][WARNING][SROCC:0.8435895]
[2019-03-15 16:53:03,196][INFO][epoch:211	loss:tensor(0.4939, device='cuda:0')]
[2019-03-15 16:53:04,920][INFO][epoch:212	loss:tensor(0.4909, device='cuda:0')]
[2019-03-15 16:53:06,631][INFO][epoch:213	loss:tensor(0.5047, device='cuda:0')]
[2019-03-15 16:53:08,366][INFO][epoch:214	loss:tensor(0.4499, device='cuda:0')]
[2019-03-15 16:53:10,087][INFO][epoch:215	loss:tensor(0.4248, device='cuda:0')]
[2019-03-15 16:53:11,820][INFO][epoch:216	loss:tensor(0.4377, device='cuda:0')]
[2019-03-15 16:53:13,546][INFO][epoch:217	loss:tensor(0.3942, device='cuda:0')]
[2019-03-15 16:53:15,292][INFO][epoch:218	loss:tensor(0.3860, device='cuda:0')]
[2019-03-15 16:53:17,029][INFO][epoch:219	loss:tensor(0.4004, device='cuda:0')]
[2019-03-15 16:53:18,758][INFO][epoch:220	loss:tensor(0.4726, device='cuda:0')]
[2019-03-15 16:53:19,450][WARNING][LCC:0.8767668]
[2019-03-15 16:53:19,450][WARNING][SROCC:0.8563523]
[2019-03-15 16:53:21,124][INFO][epoch:221	loss:tensor(0.4549, device='cuda:0')]
[2019-03-15 16:53:22,863][INFO][epoch:222	loss:tensor(0.4448, device='cuda:0')]
[2019-03-15 16:53:24,594][INFO][epoch:223	loss:tensor(0.4430, device='cuda:0')]
[2019-03-15 16:53:26,340][INFO][epoch:224	loss:tensor(0.4588, device='cuda:0')]
[2019-03-15 16:53:28,083][INFO][epoch:225	loss:tensor(0.4758, device='cuda:0')]
[2019-03-15 16:53:29,801][INFO][epoch:226	loss:tensor(0.4794, device='cuda:0')]
[2019-03-15 16:53:31,515][INFO][epoch:227	loss:tensor(0.4220, device='cuda:0')]
[2019-03-15 16:53:33,246][INFO][epoch:228	loss:tensor(0.4082, device='cuda:0')]
[2019-03-15 16:53:35,015][INFO][epoch:229	loss:tensor(0.4145, device='cuda:0')]
[2019-03-15 16:53:36,713][INFO][epoch:230	loss:tensor(0.3920, device='cuda:0')]
[2019-03-15 16:53:37,415][WARNING][LCC:0.8703816]
[2019-03-15 16:53:37,415][WARNING][SROCC:0.84895885]
[2019-03-15 16:53:39,100][INFO][epoch:231	loss:tensor(0.4169, device='cuda:0')]
[2019-03-15 16:53:40,834][INFO][epoch:232	loss:tensor(0.4433, device='cuda:0')]
[2019-03-15 16:53:42,561][INFO][epoch:233	loss:tensor(0.4136, device='cuda:0')]
[2019-03-15 16:53:44,298][INFO][epoch:234	loss:tensor(0.4040, device='cuda:0')]
[2019-03-15 16:53:46,040][INFO][epoch:235	loss:tensor(0.3892, device='cuda:0')]
[2019-03-15 16:53:47,770][INFO][epoch:236	loss:tensor(0.3938, device='cuda:0')]
[2019-03-15 16:53:49,498][INFO][epoch:237	loss:tensor(0.3835, device='cuda:0')]
[2019-03-15 16:53:51,222][INFO][epoch:238	loss:tensor(0.4106, device='cuda:0')]
[2019-03-15 16:53:52,979][INFO][epoch:239	loss:tensor(0.4063, device='cuda:0')]
[2019-03-15 16:53:54,702][INFO][epoch:240	loss:tensor(0.4495, device='cuda:0')]
[2019-03-15 16:53:55,396][WARNING][LCC:0.8733515]
[2019-03-15 16:53:55,397][WARNING][SROCC:0.8658735]
[2019-03-15 16:53:57,087][INFO][epoch:241	loss:tensor(0.4499, device='cuda:0')]
[2019-03-15 16:53:58,816][INFO][epoch:242	loss:tensor(0.4372, device='cuda:0')]
[2019-03-15 16:54:00,552][INFO][epoch:243	loss:tensor(0.4074, device='cuda:0')]
[2019-03-15 16:54:02,269][INFO][epoch:244	loss:tensor(0.4314, device='cuda:0')]
[2019-03-15 16:54:03,983][INFO][epoch:245	loss:tensor(0.4350, device='cuda:0')]
[2019-03-15 16:54:05,744][INFO][epoch:246	loss:tensor(0.3900, device='cuda:0')]
[2019-03-15 16:54:07,471][INFO][epoch:247	loss:tensor(0.3889, device='cuda:0')]
[2019-03-15 16:54:09,193][INFO][epoch:248	loss:tensor(0.4309, device='cuda:0')]
[2019-03-15 16:54:10,936][INFO][epoch:249	loss:tensor(0.4326, device='cuda:0')]
[2019-03-15 16:54:12,646][INFO][epoch:250	loss:tensor(0.3986, device='cuda:0')]
[2019-03-15 16:54:13,353][WARNING][LCC:0.89848983]
[2019-03-15 16:54:13,353][WARNING][SROCC:0.88084376]
[2019-03-15 16:54:13,354][WARNING][Model saved]
[2019-03-15 16:54:15,068][INFO][epoch:251	loss:tensor(0.4410, device='cuda:0')]
[2019-03-15 16:54:16,808][INFO][epoch:252	loss:tensor(0.4835, device='cuda:0')]
[2019-03-15 16:54:18,555][INFO][epoch:253	loss:tensor(0.4118, device='cuda:0')]
[2019-03-15 16:54:20,286][INFO][epoch:254	loss:tensor(0.3999, device='cuda:0')]
[2019-03-15 16:54:22,032][INFO][epoch:255	loss:tensor(0.4036, device='cuda:0')]
[2019-03-15 16:54:23,764][INFO][epoch:256	loss:tensor(0.3968, device='cuda:0')]
[2019-03-15 16:54:25,509][INFO][epoch:257	loss:tensor(0.3726, device='cuda:0')]
[2019-03-15 16:54:27,238][INFO][epoch:258	loss:tensor(0.3924, device='cuda:0')]
[2019-03-15 16:54:29,039][INFO][epoch:259	loss:tensor(0.4415, device='cuda:0')]
[2019-03-15 16:54:30,784][INFO][epoch:260	loss:tensor(0.4409, device='cuda:0')]
[2019-03-15 16:54:31,485][WARNING][LCC:0.8785893]
[2019-03-15 16:54:31,485][WARNING][SROCC:0.8700189]
[2019-03-15 16:54:33,176][INFO][epoch:261	loss:tensor(0.4316, device='cuda:0')]
[2019-03-15 16:54:34,913][INFO][epoch:262	loss:tensor(0.4061, device='cuda:0')]
[2019-03-15 16:54:36,655][INFO][epoch:263	loss:tensor(0.3807, device='cuda:0')]
[2019-03-15 16:54:38,404][INFO][epoch:264	loss:tensor(0.3570, device='cuda:0')]
[2019-03-15 16:54:40,142][INFO][epoch:265	loss:tensor(0.3700, device='cuda:0')]
[2019-03-15 16:54:41,881][INFO][epoch:266	loss:tensor(0.4176, device='cuda:0')]
[2019-03-15 16:54:43,632][INFO][epoch:267	loss:tensor(0.4079, device='cuda:0')]
[2019-03-15 16:54:45,358][INFO][epoch:268	loss:tensor(0.3748, device='cuda:0')]
[2019-03-15 16:54:47,103][INFO][epoch:269	loss:tensor(0.3428, device='cuda:0')]
[2019-03-15 16:54:48,830][INFO][epoch:270	loss:tensor(0.4207, device='cuda:0')]
[2019-03-15 16:54:49,519][WARNING][LCC:0.85151166]
[2019-03-15 16:54:49,520][WARNING][SROCC:0.8498864]
[2019-03-15 16:54:51,204][INFO][epoch:271	loss:tensor(0.4101, device='cuda:0')]
[2019-03-15 16:54:52,940][INFO][epoch:272	loss:tensor(0.3841, device='cuda:0')]
[2019-03-15 16:54:54,720][INFO][epoch:273	loss:tensor(0.3696, device='cuda:0')]
[2019-03-15 16:54:56,452][INFO][epoch:274	loss:tensor(0.3422, device='cuda:0')]
[2019-03-15 16:54:58,199][INFO][epoch:275	loss:tensor(0.3885, device='cuda:0')]
[2019-03-15 16:54:59,948][INFO][epoch:276	loss:tensor(0.3803, device='cuda:0')]
[2019-03-15 16:55:01,686][INFO][epoch:277	loss:tensor(0.3844, device='cuda:0')]
[2019-03-15 16:55:03,427][INFO][epoch:278	loss:tensor(0.3967, device='cuda:0')]
[2019-03-15 16:55:05,183][INFO][epoch:279	loss:tensor(0.3727, device='cuda:0')]
[2019-03-15 16:55:06,910][INFO][epoch:280	loss:tensor(0.3539, device='cuda:0')]
[2019-03-15 16:55:07,599][WARNING][LCC:0.88750297]
[2019-03-15 16:55:07,600][WARNING][SROCC:0.87978864]
[2019-03-15 16:55:09,279][INFO][epoch:281	loss:tensor(0.3997, device='cuda:0')]
[2019-03-15 16:55:11,025][INFO][epoch:282	loss:tensor(0.3610, device='cuda:0')]
[2019-03-15 16:55:12,761][INFO][epoch:283	loss:tensor(0.3412, device='cuda:0')]
[2019-03-15 16:55:14,500][INFO][epoch:284	loss:tensor(0.3722, device='cuda:0')]
[2019-03-15 16:55:16,237][INFO][epoch:285	loss:tensor(0.3791, device='cuda:0')]
[2019-03-15 16:55:17,969][INFO][epoch:286	loss:tensor(0.3690, device='cuda:0')]
[2019-03-15 16:55:19,742][INFO][epoch:287	loss:tensor(0.3387, device='cuda:0')]
[2019-03-15 16:55:21,418][INFO][epoch:288	loss:tensor(0.3310, device='cuda:0')]
[2019-03-15 16:55:23,145][INFO][epoch:289	loss:tensor(0.3657, device='cuda:0')]
[2019-03-15 16:55:24,888][INFO][epoch:290	loss:tensor(0.3599, device='cuda:0')]
[2019-03-15 16:55:25,579][WARNING][LCC:0.8909559]
[2019-03-15 16:55:25,579][WARNING][SROCC:0.875358]
[2019-03-15 16:55:27,277][INFO][epoch:291	loss:tensor(0.3663, device='cuda:0')]
[2019-03-15 16:55:29,005][INFO][epoch:292	loss:tensor(0.3529, device='cuda:0')]
[2019-03-15 16:55:30,738][INFO][epoch:293	loss:tensor(0.4257, device='cuda:0')]
[2019-03-15 16:55:32,460][INFO][epoch:294	loss:tensor(0.4272, device='cuda:0')]
[2019-03-15 16:55:34,185][INFO][epoch:295	loss:tensor(0.3597, device='cuda:0')]
[2019-03-15 16:55:35,911][INFO][epoch:296	loss:tensor(0.3654, device='cuda:0')]
[2019-03-15 16:55:37,676][INFO][epoch:297	loss:tensor(0.3435, device='cuda:0')]
[2019-03-15 16:55:39,412][INFO][epoch:298	loss:tensor(0.3575, device='cuda:0')]
[2019-03-15 16:55:41,165][INFO][epoch:299	loss:tensor(0.3561, device='cuda:0')]
[2019-03-15 16:55:42,900][INFO][epoch:300	loss:tensor(0.3440, device='cuda:0')]
[2019-03-15 16:55:43,596][WARNING][LCC:0.8964711]
[2019-03-15 16:55:43,596][WARNING][SROCC:0.8825076]
[2019-03-15 16:55:43,596][WARNING][Model saved]
[2019-03-15 16:55:45,344][INFO][epoch:301	loss:tensor(0.3681, device='cuda:0')]
[2019-03-15 16:55:47,093][INFO][epoch:302	loss:tensor(0.3405, device='cuda:0')]
[2019-03-15 16:55:48,844][INFO][epoch:303	loss:tensor(0.3761, device='cuda:0')]
[2019-03-15 16:55:50,587][INFO][epoch:304	loss:tensor(0.3513, device='cuda:0')]
[2019-03-15 16:55:52,343][INFO][epoch:305	loss:tensor(0.3545, device='cuda:0')]
[2019-03-15 16:55:54,092][INFO][epoch:306	loss:tensor(0.4181, device='cuda:0')]
[2019-03-15 16:55:55,856][INFO][epoch:307	loss:tensor(0.3501, device='cuda:0')]
[2019-03-15 16:55:57,594][INFO][epoch:308	loss:tensor(0.2997, device='cuda:0')]
[2019-03-15 16:55:59,378][INFO][epoch:309	loss:tensor(0.3337, device='cuda:0')]
[2019-03-15 16:56:01,116][INFO][epoch:310	loss:tensor(0.3583, device='cuda:0')]
[2019-03-15 16:56:01,805][WARNING][LCC:0.8875808]
[2019-03-15 16:56:01,805][WARNING][SROCC:0.8762521]
[2019-03-15 16:56:03,498][INFO][epoch:311	loss:tensor(0.3488, device='cuda:0')]
[2019-03-15 16:56:05,243][INFO][epoch:312	loss:tensor(0.3337, device='cuda:0')]
[2019-03-15 16:56:06,979][INFO][epoch:313	loss:tensor(0.3695, device='cuda:0')]
[2019-03-15 16:56:08,708][INFO][epoch:314	loss:tensor(0.3544, device='cuda:0')]
[2019-03-15 16:56:10,476][INFO][epoch:315	loss:tensor(0.3305, device='cuda:0')]
[2019-03-15 16:56:12,199][INFO][epoch:316	loss:tensor(0.3700, device='cuda:0')]
[2019-03-15 16:56:13,942][INFO][epoch:317	loss:tensor(0.3714, device='cuda:0')]
[2019-03-15 16:56:15,685][INFO][epoch:318	loss:tensor(0.3546, device='cuda:0')]
[2019-03-15 16:56:17,426][INFO][epoch:319	loss:tensor(0.3533, device='cuda:0')]
[2019-03-15 16:56:19,160][INFO][epoch:320	loss:tensor(0.3365, device='cuda:0')]
[2019-03-15 16:56:19,876][WARNING][LCC:0.89803505]
[2019-03-15 16:56:19,876][WARNING][SROCC:0.88973695]
[2019-03-15 16:56:21,580][INFO][epoch:321	loss:tensor(0.3385, device='cuda:0')]
[2019-03-15 16:56:23,310][INFO][epoch:322	loss:tensor(0.3968, device='cuda:0')]
[2019-03-15 16:56:25,059][INFO][epoch:323	loss:tensor(0.3347, device='cuda:0')]
[2019-03-15 16:56:26,798][INFO][epoch:324	loss:tensor(0.3275, device='cuda:0')]
[2019-03-15 16:56:28,549][INFO][epoch:325	loss:tensor(0.3315, device='cuda:0')]
[2019-03-15 16:56:30,306][INFO][epoch:326	loss:tensor(0.3266, device='cuda:0')]
[2019-03-15 16:56:32,033][INFO][epoch:327	loss:tensor(0.3076, device='cuda:0')]
[2019-03-15 16:56:33,787][INFO][epoch:328	loss:tensor(0.3281, device='cuda:0')]
[2019-03-15 16:56:35,540][INFO][epoch:329	loss:tensor(0.3475, device='cuda:0')]
[2019-03-15 16:56:37,285][INFO][epoch:330	loss:tensor(0.3575, device='cuda:0')]
[2019-03-15 16:56:37,979][WARNING][LCC:0.8899186]
[2019-03-15 16:56:37,979][WARNING][SROCC:0.8744846]
[2019-03-15 16:56:39,679][INFO][epoch:331	loss:tensor(0.3685, device='cuda:0')]
[2019-03-15 16:56:41,421][INFO][epoch:332	loss:tensor(0.3119, device='cuda:0')]
[2019-03-15 16:56:43,184][INFO][epoch:333	loss:tensor(0.3309, device='cuda:0')]
[2019-03-15 16:56:44,948][INFO][epoch:334	loss:tensor(0.3089, device='cuda:0')]
[2019-03-15 16:56:46,677][INFO][epoch:335	loss:tensor(0.3349, device='cuda:0')]
[2019-03-15 16:56:48,427][INFO][epoch:336	loss:tensor(0.3011, device='cuda:0')]
[2019-03-15 16:56:50,181][INFO][epoch:337	loss:tensor(0.3003, device='cuda:0')]
[2019-03-15 16:56:51,944][INFO][epoch:338	loss:tensor(0.3178, device='cuda:0')]
[2019-03-15 16:56:53,685][INFO][epoch:339	loss:tensor(0.3142, device='cuda:0')]
[2019-03-15 16:56:55,432][INFO][epoch:340	loss:tensor(0.3252, device='cuda:0')]
[2019-03-15 16:56:56,129][WARNING][LCC:0.8828968]
[2019-03-15 16:56:56,129][WARNING][SROCC:0.8823355]
[2019-03-15 16:56:57,818][INFO][epoch:341	loss:tensor(0.3393, device='cuda:0')]
[2019-03-15 16:56:59,567][INFO][epoch:342	loss:tensor(0.3391, device='cuda:0')]
[2019-03-15 16:57:01,309][INFO][epoch:343	loss:tensor(0.3103, device='cuda:0')]
[2019-03-15 16:57:03,041][INFO][epoch:344	loss:tensor(0.3173, device='cuda:0')]
[2019-03-15 16:57:04,790][INFO][epoch:345	loss:tensor(0.3459, device='cuda:0')]
[2019-03-15 16:57:06,557][INFO][epoch:346	loss:tensor(0.3368, device='cuda:0')]
[2019-03-15 16:57:08,283][INFO][epoch:347	loss:tensor(0.3214, device='cuda:0')]
[2019-03-15 16:57:10,017][INFO][epoch:348	loss:tensor(0.3554, device='cuda:0')]
[2019-03-15 16:57:11,774][INFO][epoch:349	loss:tensor(0.3633, device='cuda:0')]
[2019-03-15 16:57:13,530][INFO][epoch:350	loss:tensor(0.2751, device='cuda:0')]
[2019-03-15 16:57:14,216][WARNING][LCC:0.9031411]
[2019-03-15 16:57:14,216][WARNING][SROCC:0.8982588]
[2019-03-15 16:57:14,216][WARNING][Model saved]
[2019-03-15 16:57:15,935][INFO][epoch:351	loss:tensor(0.3256, device='cuda:0')]
[2019-03-15 16:57:17,656][INFO][epoch:352	loss:tensor(0.3418, device='cuda:0')]
[2019-03-15 16:57:19,397][INFO][epoch:353	loss:tensor(0.3409, device='cuda:0')]
[2019-03-15 16:57:21,149][INFO][epoch:354	loss:tensor(0.3116, device='cuda:0')]
[2019-03-15 16:57:22,909][INFO][epoch:355	loss:tensor(0.3354, device='cuda:0')]
[2019-03-15 16:57:24,624][INFO][epoch:356	loss:tensor(0.3210, device='cuda:0')]
[2019-03-15 16:57:26,367][INFO][epoch:357	loss:tensor(0.3213, device='cuda:0')]
[2019-03-15 16:57:28,095][INFO][epoch:358	loss:tensor(0.3275, device='cuda:0')]
[2019-03-15 16:57:29,853][INFO][epoch:359	loss:tensor(0.3499, device='cuda:0')]
[2019-03-15 16:57:31,608][INFO][epoch:360	loss:tensor(0.3155, device='cuda:0')]
[2019-03-15 16:57:32,297][WARNING][LCC:0.8583106]
[2019-03-15 16:57:32,297][WARNING][SROCC:0.8360032]
[2019-03-15 16:57:33,977][INFO][epoch:361	loss:tensor(0.3197, device='cuda:0')]
[2019-03-15 16:57:35,726][INFO][epoch:362	loss:tensor(0.3354, device='cuda:0')]
[2019-03-15 16:57:37,478][INFO][epoch:363	loss:tensor(0.3462, device='cuda:0')]
[2019-03-15 16:57:39,229][INFO][epoch:364	loss:tensor(0.2957, device='cuda:0')]
[2019-03-15 16:57:40,992][INFO][epoch:365	loss:tensor(0.3224, device='cuda:0')]
[2019-03-15 16:57:42,739][INFO][epoch:366	loss:tensor(0.3084, device='cuda:0')]
[2019-03-15 16:57:44,463][INFO][epoch:367	loss:tensor(0.3114, device='cuda:0')]
[2019-03-15 16:57:46,212][INFO][epoch:368	loss:tensor(0.3059, device='cuda:0')]
[2019-03-15 16:57:47,952][INFO][epoch:369	loss:tensor(0.2874, device='cuda:0')]
[2019-03-15 16:57:49,712][INFO][epoch:370	loss:tensor(0.3286, device='cuda:0')]
[2019-03-15 16:57:50,402][WARNING][LCC:0.9027709]
[2019-03-15 16:57:50,402][WARNING][SROCC:0.89681804]
[2019-03-15 16:57:52,100][INFO][epoch:371	loss:tensor(0.3411, device='cuda:0')]
[2019-03-15 16:57:53,821][INFO][epoch:372	loss:tensor(0.3345, device='cuda:0')]
[2019-03-15 16:57:55,557][INFO][epoch:373	loss:tensor(0.3052, device='cuda:0')]
[2019-03-15 16:57:57,280][INFO][epoch:374	loss:tensor(0.3084, device='cuda:0')]
[2019-03-15 16:57:59,015][INFO][epoch:375	loss:tensor(0.3209, device='cuda:0')]
[2019-03-15 16:58:00,764][INFO][epoch:376	loss:tensor(0.3449, device='cuda:0')]
[2019-03-15 16:58:02,500][INFO][epoch:377	loss:tensor(0.2972, device='cuda:0')]
[2019-03-15 16:58:04,223][INFO][epoch:378	loss:tensor(0.3106, device='cuda:0')]
[2019-03-15 16:58:05,984][INFO][epoch:379	loss:tensor(0.3090, device='cuda:0')]
[2019-03-15 16:58:07,719][INFO][epoch:380	loss:tensor(0.2765, device='cuda:0')]
[2019-03-15 16:58:08,398][WARNING][LCC:0.8896097]
[2019-03-15 16:58:08,398][WARNING][SROCC:0.8767876]
[2019-03-15 16:58:10,094][INFO][epoch:381	loss:tensor(0.2956, device='cuda:0')]
[2019-03-15 16:58:11,844][INFO][epoch:382	loss:tensor(0.3160, device='cuda:0')]
[2019-03-15 16:58:13,569][INFO][epoch:383	loss:tensor(0.3303, device='cuda:0')]
[2019-03-15 16:58:15,305][INFO][epoch:384	loss:tensor(0.2832, device='cuda:0')]
[2019-03-15 16:58:17,047][INFO][epoch:385	loss:tensor(0.3369, device='cuda:0')]
[2019-03-15 16:58:18,804][INFO][epoch:386	loss:tensor(0.3114, device='cuda:0')]
[2019-03-15 16:58:20,546][INFO][epoch:387	loss:tensor(0.3531, device='cuda:0')]
[2019-03-15 16:58:22,313][INFO][epoch:388	loss:tensor(0.3166, device='cuda:0')]
[2019-03-15 16:58:24,056][INFO][epoch:389	loss:tensor(0.3007, device='cuda:0')]
[2019-03-15 16:58:25,812][INFO][epoch:390	loss:tensor(0.3355, device='cuda:0')]
[2019-03-15 16:58:26,505][WARNING][LCC:0.89024717]
[2019-03-15 16:58:26,505][WARNING][SROCC:0.88331246]
[2019-03-15 16:58:28,194][INFO][epoch:391	loss:tensor(0.2741, device='cuda:0')]
[2019-03-15 16:58:29,930][INFO][epoch:392	loss:tensor(0.2899, device='cuda:0')]
[2019-03-15 16:58:31,688][INFO][epoch:393	loss:tensor(0.3414, device='cuda:0')]
[2019-03-15 16:58:33,422][INFO][epoch:394	loss:tensor(0.3319, device='cuda:0')]
[2019-03-15 16:58:35,174][INFO][epoch:395	loss:tensor(0.3929, device='cuda:0')]
[2019-03-15 16:58:36,936][INFO][epoch:396	loss:tensor(0.2946, device='cuda:0')]
[2019-03-15 16:58:38,658][INFO][epoch:397	loss:tensor(0.2691, device='cuda:0')]
[2019-03-15 16:58:40,416][INFO][epoch:398	loss:tensor(0.2814, device='cuda:0')]
[2019-03-15 16:58:42,176][INFO][epoch:399	loss:tensor(0.3151, device='cuda:0')]
[2019-03-15 16:58:43,924][INFO][epoch:400	loss:tensor(0.2675, device='cuda:0')]
[2019-03-15 16:58:44,603][WARNING][LCC:0.8990144]
[2019-03-15 16:58:44,603][WARNING][SROCC:0.8911283]
[2019-03-15 16:58:44,604][WARNING][Model saved]
[2019-03-15 16:58:46,332][INFO][epoch:401	loss:tensor(0.2873, device='cuda:0')]
[2019-03-15 16:58:48,081][INFO][epoch:402	loss:tensor(0.3002, device='cuda:0')]
[2019-03-15 16:58:49,848][INFO][epoch:403	loss:tensor(0.3190, device='cuda:0')]
[2019-03-15 16:58:51,571][INFO][epoch:404	loss:tensor(0.2630, device='cuda:0')]
[2019-03-15 16:58:53,344][INFO][epoch:405	loss:tensor(0.3296, device='cuda:0')]
[2019-03-15 16:58:55,071][INFO][epoch:406	loss:tensor(0.2949, device='cuda:0')]
[2019-03-15 16:58:56,828][INFO][epoch:407	loss:tensor(0.2751, device='cuda:0')]
[2019-03-15 16:58:58,557][INFO][epoch:408	loss:tensor(0.3049, device='cuda:0')]
[2019-03-15 16:59:00,294][INFO][epoch:409	loss:tensor(0.2941, device='cuda:0')]
[2019-03-15 16:59:02,019][INFO][epoch:410	loss:tensor(0.2977, device='cuda:0')]
[2019-03-15 16:59:02,723][WARNING][LCC:0.8868147]
[2019-03-15 16:59:02,723][WARNING][SROCC:0.8692427]
[2019-03-15 16:59:04,427][INFO][epoch:411	loss:tensor(0.3134, device='cuda:0')]
[2019-03-15 16:59:06,201][INFO][epoch:412	loss:tensor(0.2822, device='cuda:0')]
[2019-03-15 16:59:07,984][INFO][epoch:413	loss:tensor(0.2758, device='cuda:0')]
[2019-03-15 16:59:09,707][INFO][epoch:414	loss:tensor(0.2723, device='cuda:0')]
[2019-03-15 16:59:11,434][INFO][epoch:415	loss:tensor(0.2761, device='cuda:0')]
[2019-03-15 16:59:13,200][INFO][epoch:416	loss:tensor(0.2974, device='cuda:0')]
[2019-03-15 16:59:14,937][INFO][epoch:417	loss:tensor(0.2919, device='cuda:0')]
[2019-03-15 16:59:16,684][INFO][epoch:418	loss:tensor(0.2662, device='cuda:0')]
[2019-03-15 16:59:18,444][INFO][epoch:419	loss:tensor(0.2985, device='cuda:0')]
[2019-03-15 16:59:20,186][INFO][epoch:420	loss:tensor(0.2801, device='cuda:0')]
[2019-03-15 16:59:20,891][WARNING][LCC:0.89458346]
[2019-03-15 16:59:20,892][WARNING][SROCC:0.88462734]
[2019-03-15 16:59:22,603][INFO][epoch:421	loss:tensor(0.3237, device='cuda:0')]
[2019-03-15 16:59:24,344][INFO][epoch:422	loss:tensor(0.2820, device='cuda:0')]
[2019-03-15 16:59:26,072][INFO][epoch:423	loss:tensor(0.2898, device='cuda:0')]
[2019-03-15 16:59:27,824][INFO][epoch:424	loss:tensor(0.3216, device='cuda:0')]
[2019-03-15 16:59:29,547][INFO][epoch:425	loss:tensor(0.2813, device='cuda:0')]
[2019-03-15 16:59:31,300][INFO][epoch:426	loss:tensor(0.2861, device='cuda:0')]
[2019-03-15 16:59:33,047][INFO][epoch:427	loss:tensor(0.2842, device='cuda:0')]
[2019-03-15 16:59:34,790][INFO][epoch:428	loss:tensor(0.2812, device='cuda:0')]
[2019-03-15 16:59:36,536][INFO][epoch:429	loss:tensor(0.2862, device='cuda:0')]
[2019-03-15 16:59:38,273][INFO][epoch:430	loss:tensor(0.2853, device='cuda:0')]
[2019-03-15 16:59:38,963][WARNING][LCC:0.89515007]
[2019-03-15 16:59:38,964][WARNING][SROCC:0.8885305]
[2019-03-15 16:59:40,651][INFO][epoch:431	loss:tensor(0.2802, device='cuda:0')]
[2019-03-15 16:59:42,391][INFO][epoch:432	loss:tensor(0.3229, device='cuda:0')]
[2019-03-15 16:59:44,148][INFO][epoch:433	loss:tensor(0.2733, device='cuda:0')]
[2019-03-15 16:59:45,888][INFO][epoch:434	loss:tensor(0.3116, device='cuda:0')]
[2019-03-15 16:59:47,608][INFO][epoch:435	loss:tensor(0.2802, device='cuda:0')]
[2019-03-15 16:59:49,340][INFO][epoch:436	loss:tensor(0.2656, device='cuda:0')]
[2019-03-15 16:59:51,102][INFO][epoch:437	loss:tensor(0.2530, device='cuda:0')]
[2019-03-15 16:59:52,848][INFO][epoch:438	loss:tensor(0.2611, device='cuda:0')]
[2019-03-15 16:59:54,592][INFO][epoch:439	loss:tensor(0.2831, device='cuda:0')]
[2019-03-15 16:59:56,308][INFO][epoch:440	loss:tensor(0.2484, device='cuda:0')]
[2019-03-15 16:59:56,999][WARNING][LCC:0.8907769]
[2019-03-15 16:59:56,999][WARNING][SROCC:0.8869813]
[2019-03-15 16:59:58,706][INFO][epoch:441	loss:tensor(0.2218, device='cuda:0')]
[2019-03-15 17:00:00,444][INFO][epoch:442	loss:tensor(0.2890, device='cuda:0')]
[2019-03-15 17:00:02,178][INFO][epoch:443	loss:tensor(0.2859, device='cuda:0')]
[2019-03-15 17:00:03,915][INFO][epoch:444	loss:tensor(0.2786, device='cuda:0')]
[2019-03-15 17:00:05,666][INFO][epoch:445	loss:tensor(0.2683, device='cuda:0')]
[2019-03-15 17:00:07,398][INFO][epoch:446	loss:tensor(0.2800, device='cuda:0')]
[2019-03-15 17:00:09,161][INFO][epoch:447	loss:tensor(0.2775, device='cuda:0')]
[2019-03-15 17:00:10,903][INFO][epoch:448	loss:tensor(0.2821, device='cuda:0')]
[2019-03-15 17:00:12,641][INFO][epoch:449	loss:tensor(0.2930, device='cuda:0')]
[2019-03-15 17:00:14,372][INFO][epoch:450	loss:tensor(0.2958, device='cuda:0')]
[2019-03-15 17:00:15,066][WARNING][LCC:0.88174]
[2019-03-15 17:00:15,067][WARNING][SROCC:0.8671772]
[2019-03-15 17:00:15,067][WARNING][Model saved]
[2019-03-15 17:00:16,804][INFO][epoch:451	loss:tensor(0.2607, device='cuda:0')]
[2019-03-15 17:00:18,548][INFO][epoch:452	loss:tensor(0.2866, device='cuda:0')]
[2019-03-15 17:00:20,289][INFO][epoch:453	loss:tensor(0.2837, device='cuda:0')]
[2019-03-15 17:00:22,040][INFO][epoch:454	loss:tensor(0.2828, device='cuda:0')]
[2019-03-15 17:00:23,777][INFO][epoch:455	loss:tensor(0.2675, device='cuda:0')]
[2019-03-15 17:00:25,505][INFO][epoch:456	loss:tensor(0.2839, device='cuda:0')]
[2019-03-15 17:00:27,257][INFO][epoch:457	loss:tensor(0.2726, device='cuda:0')]
[2019-03-15 17:00:29,001][INFO][epoch:458	loss:tensor(0.2553, device='cuda:0')]
[2019-03-15 17:00:30,722][INFO][epoch:459	loss:tensor(0.2868, device='cuda:0')]
[2019-03-15 17:00:32,471][INFO][epoch:460	loss:tensor(0.2566, device='cuda:0')]
[2019-03-15 17:00:33,176][WARNING][LCC:0.88406396]
[2019-03-15 17:00:33,176][WARNING][SROCC:0.88321364]
[2019-03-15 17:00:34,867][INFO][epoch:461	loss:tensor(0.2906, device='cuda:0')]
[2019-03-15 17:00:36,601][INFO][epoch:462	loss:tensor(0.2821, device='cuda:0')]
[2019-03-15 17:00:38,348][INFO][epoch:463	loss:tensor(0.2554, device='cuda:0')]
[2019-03-15 17:00:40,101][INFO][epoch:464	loss:tensor(0.2942, device='cuda:0')]
[2019-03-15 17:00:41,854][INFO][epoch:465	loss:tensor(0.2472, device='cuda:0')]
[2019-03-15 17:00:43,619][INFO][epoch:466	loss:tensor(0.2727, device='cuda:0')]
[2019-03-15 17:00:45,363][INFO][epoch:467	loss:tensor(0.2458, device='cuda:0')]
[2019-03-15 17:00:47,126][INFO][epoch:468	loss:tensor(0.3054, device='cuda:0')]
[2019-03-15 17:00:48,838][INFO][epoch:469	loss:tensor(0.3125, device='cuda:0')]
[2019-03-15 17:00:50,589][INFO][epoch:470	loss:tensor(0.2934, device='cuda:0')]
[2019-03-15 17:00:51,275][WARNING][LCC:0.90917253]
[2019-03-15 17:00:51,275][WARNING][SROCC:0.89778227]
[2019-03-15 17:00:52,970][INFO][epoch:471	loss:tensor(0.2488, device='cuda:0')]
[2019-03-15 17:00:54,726][INFO][epoch:472	loss:tensor(0.3051, device='cuda:0')]
[2019-03-15 17:00:56,482][INFO][epoch:473	loss:tensor(0.2440, device='cuda:0')]
[2019-03-15 17:00:58,205][INFO][epoch:474	loss:tensor(0.2576, device='cuda:0')]
[2019-03-15 17:00:59,956][INFO][epoch:475	loss:tensor(0.2686, device='cuda:0')]
[2019-03-15 17:01:01,686][INFO][epoch:476	loss:tensor(0.2551, device='cuda:0')]
[2019-03-15 17:01:03,456][INFO][epoch:477	loss:tensor(0.2433, device='cuda:0')]
[2019-03-15 17:01:05,206][INFO][epoch:478	loss:tensor(0.2653, device='cuda:0')]
[2019-03-15 17:01:06,947][INFO][epoch:479	loss:tensor(0.2574, device='cuda:0')]
[2019-03-15 17:01:08,682][INFO][epoch:480	loss:tensor(0.3047, device='cuda:0')]
[2019-03-15 17:01:09,379][WARNING][LCC:0.879293]
[2019-03-15 17:01:09,379][WARNING][SROCC:0.8775606]
[2019-03-15 17:01:11,070][INFO][epoch:481	loss:tensor(0.2673, device='cuda:0')]
[2019-03-15 17:01:12,796][INFO][epoch:482	loss:tensor(0.2948, device='cuda:0')]
[2019-03-15 17:01:14,537][INFO][epoch:483	loss:tensor(0.2683, device='cuda:0')]
[2019-03-15 17:01:16,283][INFO][epoch:484	loss:tensor(0.2709, device='cuda:0')]
[2019-03-15 17:01:18,029][INFO][epoch:485	loss:tensor(0.2708, device='cuda:0')]
[2019-03-15 17:01:19,812][INFO][epoch:486	loss:tensor(0.2628, device='cuda:0')]
[2019-03-15 17:01:21,521][INFO][epoch:487	loss:tensor(0.2589, device='cuda:0')]
[2019-03-15 17:01:23,247][INFO][epoch:488	loss:tensor(0.2525, device='cuda:0')]
[2019-03-15 17:01:25,039][INFO][epoch:489	loss:tensor(0.2580, device='cuda:0')]
[2019-03-15 17:01:26,767][INFO][epoch:490	loss:tensor(0.2683, device='cuda:0')]
[2019-03-15 17:01:27,463][WARNING][LCC:0.8931423]
[2019-03-15 17:01:27,463][WARNING][SROCC:0.8924129]
[2019-03-15 17:01:29,169][INFO][epoch:491	loss:tensor(0.2533, device='cuda:0')]
[2019-03-15 17:01:30,927][INFO][epoch:492	loss:tensor(0.2744, device='cuda:0')]
[2019-03-15 17:01:32,668][INFO][epoch:493	loss:tensor(0.2435, device='cuda:0')]
[2019-03-15 17:01:34,428][INFO][epoch:494	loss:tensor(0.2321, device='cuda:0')]
[2019-03-15 17:01:36,153][INFO][epoch:495	loss:tensor(0.2380, device='cuda:0')]
[2019-03-15 17:01:37,876][INFO][epoch:496	loss:tensor(0.2577, device='cuda:0')]
[2019-03-15 17:01:39,619][INFO][epoch:497	loss:tensor(0.2741, device='cuda:0')]
[2019-03-15 17:01:41,362][INFO][epoch:498	loss:tensor(0.2478, device='cuda:0')]
[2019-03-15 17:01:43,101][INFO][epoch:499	loss:tensor(0.2495, device='cuda:0')]
[2019-03-15 17:01:44,876][INFO][epoch:500	loss:tensor(0.2509, device='cuda:0')]
[2019-03-15 17:01:45,553][WARNING][LCC:0.8807564]
[2019-03-15 17:01:45,553][WARNING][SROCC:0.8827483]
[2019-03-15 17:01:45,553][WARNING][Model saved]
[2019-03-15 17:01:47,292][INFO][epoch:501	loss:tensor(0.3009, device='cuda:0')]
[2019-03-15 17:01:49,025][INFO][epoch:502	loss:tensor(0.2727, device='cuda:0')]
[2019-03-15 17:01:50,767][INFO][epoch:503	loss:tensor(0.2718, device='cuda:0')]
[2019-03-15 17:01:52,496][INFO][epoch:504	loss:tensor(0.2371, device='cuda:0')]
[2019-03-15 17:01:54,237][INFO][epoch:505	loss:tensor(0.2468, device='cuda:0')]
[2019-03-15 17:01:55,991][INFO][epoch:506	loss:tensor(0.2426, device='cuda:0')]
[2019-03-15 17:01:57,696][INFO][epoch:507	loss:tensor(0.2616, device='cuda:0')]
[2019-03-15 17:01:59,447][INFO][epoch:508	loss:tensor(0.2254, device='cuda:0')]
[2019-03-15 17:02:01,178][INFO][epoch:509	loss:tensor(0.2502, device='cuda:0')]
[2019-03-15 17:02:02,932][INFO][epoch:510	loss:tensor(0.2824, device='cuda:0')]
[2019-03-15 17:02:03,631][WARNING][LCC:0.89731586]
[2019-03-15 17:02:03,631][WARNING][SROCC:0.88911855]
[2019-03-15 17:02:05,335][INFO][epoch:511	loss:tensor(0.2488, device='cuda:0')]
[2019-03-15 17:02:07,058][INFO][epoch:512	loss:tensor(0.2584, device='cuda:0')]
[2019-03-15 17:02:08,783][INFO][epoch:513	loss:tensor(0.2447, device='cuda:0')]
[2019-03-15 17:02:10,545][INFO][epoch:514	loss:tensor(0.2814, device='cuda:0')]
[2019-03-15 17:02:12,284][INFO][epoch:515	loss:tensor(0.2466, device='cuda:0')]
[2019-03-15 17:02:14,008][INFO][epoch:516	loss:tensor(0.2572, device='cuda:0')]
[2019-03-15 17:02:15,738][INFO][epoch:517	loss:tensor(0.2409, device='cuda:0')]
[2019-03-15 17:02:17,483][INFO][epoch:518	loss:tensor(0.2366, device='cuda:0')]
[2019-03-15 17:02:19,219][INFO][epoch:519	loss:tensor(0.2648, device='cuda:0')]
[2019-03-15 17:02:20,950][INFO][epoch:520	loss:tensor(0.2401, device='cuda:0')]
[2019-03-15 17:02:21,635][WARNING][LCC:0.9031909]
[2019-03-15 17:02:21,635][WARNING][SROCC:0.8995338]
[2019-03-15 17:02:23,313][INFO][epoch:521	loss:tensor(0.2605, device='cuda:0')]
[2019-03-15 17:02:25,088][INFO][epoch:522	loss:tensor(0.2318, device='cuda:0')]
[2019-03-15 17:02:26,810][INFO][epoch:523	loss:tensor(0.2376, device='cuda:0')]
[2019-03-15 17:02:28,544][INFO][epoch:524	loss:tensor(0.2429, device='cuda:0')]
[2019-03-15 17:02:30,292][INFO][epoch:525	loss:tensor(0.2479, device='cuda:0')]
[2019-03-15 17:02:31,990][INFO][epoch:526	loss:tensor(0.2406, device='cuda:0')]
[2019-03-15 17:02:33,717][INFO][epoch:527	loss:tensor(0.2290, device='cuda:0')]
[2019-03-15 17:02:35,473][INFO][epoch:528	loss:tensor(0.2689, device='cuda:0')]
[2019-03-15 17:02:37,212][INFO][epoch:529	loss:tensor(0.2917, device='cuda:0')]
[2019-03-15 17:02:38,954][INFO][epoch:530	loss:tensor(0.2430, device='cuda:0')]
[2019-03-15 17:02:39,653][WARNING][LCC:0.90260327]
[2019-03-15 17:02:39,653][WARNING][SROCC:0.8970651]
[2019-03-15 17:02:41,351][INFO][epoch:531	loss:tensor(0.2418, device='cuda:0')]
[2019-03-15 17:02:43,064][INFO][epoch:532	loss:tensor(0.2425, device='cuda:0')]
[2019-03-15 17:02:44,812][INFO][epoch:533	loss:tensor(0.2535, device='cuda:0')]
[2019-03-15 17:02:46,575][INFO][epoch:534	loss:tensor(0.2864, device='cuda:0')]
[2019-03-15 17:02:48,294][INFO][epoch:535	loss:tensor(0.2424, device='cuda:0')]
[2019-03-15 17:02:50,034][INFO][epoch:536	loss:tensor(0.2613, device='cuda:0')]
[2019-03-15 17:02:51,783][INFO][epoch:537	loss:tensor(0.2220, device='cuda:0')]
[2019-03-15 17:02:53,503][INFO][epoch:538	loss:tensor(0.2620, device='cuda:0')]
[2019-03-15 17:02:55,236][INFO][epoch:539	loss:tensor(0.2640, device='cuda:0')]
[2019-03-15 17:02:56,980][INFO][epoch:540	loss:tensor(0.2443, device='cuda:0')]
[2019-03-15 17:02:57,660][WARNING][LCC:0.88574046]
[2019-03-15 17:02:57,660][WARNING][SROCC:0.8787336]
[2019-03-15 17:02:59,330][INFO][epoch:541	loss:tensor(0.2533, device='cuda:0')]
[2019-03-15 17:03:01,064][INFO][epoch:542	loss:tensor(0.2165, device='cuda:0')]
[2019-03-15 17:03:02,794][INFO][epoch:543	loss:tensor(0.2304, device='cuda:0')]
[2019-03-15 17:03:04,551][INFO][epoch:544	loss:tensor(0.2203, device='cuda:0')]
[2019-03-15 17:03:06,313][INFO][epoch:545	loss:tensor(0.2237, device='cuda:0')]
[2019-03-15 17:03:08,057][INFO][epoch:546	loss:tensor(0.2283, device='cuda:0')]
[2019-03-15 17:03:09,781][INFO][epoch:547	loss:tensor(0.2242, device='cuda:0')]
[2019-03-15 17:03:11,532][INFO][epoch:548	loss:tensor(0.2501, device='cuda:0')]
[2019-03-15 17:03:13,268][INFO][epoch:549	loss:tensor(0.2617, device='cuda:0')]
[2019-03-15 17:03:15,002][INFO][epoch:550	loss:tensor(0.2341, device='cuda:0')]
[2019-03-15 17:03:15,702][WARNING][LCC:0.8983407]
[2019-03-15 17:03:15,702][WARNING][SROCC:0.8864506]
[2019-03-15 17:03:15,702][WARNING][Model saved]
[2019-03-15 17:03:17,440][INFO][epoch:551	loss:tensor(0.2380, device='cuda:0')]
[2019-03-15 17:03:19,168][INFO][epoch:552	loss:tensor(0.2584, device='cuda:0')]
[2019-03-15 17:03:20,949][INFO][epoch:553	loss:tensor(0.2273, device='cuda:0')]
[2019-03-15 17:03:22,663][INFO][epoch:554	loss:tensor(0.2180, device='cuda:0')]
[2019-03-15 17:03:24,395][INFO][epoch:555	loss:tensor(0.2245, device='cuda:0')]
[2019-03-15 17:03:26,139][INFO][epoch:556	loss:tensor(0.2369, device='cuda:0')]
[2019-03-15 17:03:27,880][INFO][epoch:557	loss:tensor(0.2184, device='cuda:0')]
[2019-03-15 17:03:29,616][INFO][epoch:558	loss:tensor(0.2620, device='cuda:0')]
[2019-03-15 17:03:31,354][INFO][epoch:559	loss:tensor(0.2322, device='cuda:0')]
[2019-03-15 17:03:33,103][INFO][epoch:560	loss:tensor(0.2308, device='cuda:0')]
[2019-03-15 17:03:33,809][WARNING][LCC:0.9085925]
[2019-03-15 17:03:33,810][WARNING][SROCC:0.906183]
[2019-03-15 17:03:35,500][INFO][epoch:561	loss:tensor(0.2306, device='cuda:0')]
[2019-03-15 17:03:37,228][INFO][epoch:562	loss:tensor(0.2642, device='cuda:0')]
[2019-03-15 17:03:38,963][INFO][epoch:563	loss:tensor(0.2399, device='cuda:0')]
[2019-03-15 17:03:40,704][INFO][epoch:564	loss:tensor(0.2218, device='cuda:0')]
[2019-03-15 17:03:42,420][INFO][epoch:565	loss:tensor(0.2384, device='cuda:0')]
[2019-03-15 17:03:44,146][INFO][epoch:566	loss:tensor(0.2355, device='cuda:0')]
[2019-03-15 17:03:45,897][INFO][epoch:567	loss:tensor(0.2221, device='cuda:0')]
[2019-03-15 17:03:47,649][INFO][epoch:568	loss:tensor(0.2583, device='cuda:0')]
[2019-03-15 17:03:49,393][INFO][epoch:569	loss:tensor(0.2317, device='cuda:0')]
[2019-03-15 17:03:51,138][INFO][epoch:570	loss:tensor(0.2195, device='cuda:0')]
[2019-03-15 17:03:51,828][WARNING][LCC:0.9016287]
[2019-03-15 17:03:51,828][WARNING][SROCC:0.89383614]
[2019-03-15 17:03:53,501][INFO][epoch:571	loss:tensor(0.2263, device='cuda:0')]
[2019-03-15 17:03:55,231][INFO][epoch:572	loss:tensor(0.2349, device='cuda:0')]
[2019-03-15 17:03:56,982][INFO][epoch:573	loss:tensor(0.2556, device='cuda:0')]
[2019-03-15 17:03:58,728][INFO][epoch:574	loss:tensor(0.2365, device='cuda:0')]
[2019-03-15 17:04:00,449][INFO][epoch:575	loss:tensor(0.2284, device='cuda:0')]
[2019-03-15 17:04:02,169][INFO][epoch:576	loss:tensor(0.2343, device='cuda:0')]
[2019-03-15 17:04:03,909][INFO][epoch:577	loss:tensor(0.2290, device='cuda:0')]
[2019-03-15 17:04:05,655][INFO][epoch:578	loss:tensor(0.2305, device='cuda:0')]
[2019-03-15 17:04:07,411][INFO][epoch:579	loss:tensor(0.1975, device='cuda:0')]
[2019-03-15 17:04:09,145][INFO][epoch:580	loss:tensor(0.2455, device='cuda:0')]
[2019-03-15 17:04:09,844][WARNING][LCC:0.8966391]
[2019-03-15 17:04:09,844][WARNING][SROCC:0.88436913]
[2019-03-15 17:04:11,517][INFO][epoch:581	loss:tensor(0.2268, device='cuda:0')]
[2019-03-15 17:04:13,272][INFO][epoch:582	loss:tensor(0.2477, device='cuda:0')]
[2019-03-15 17:04:15,001][INFO][epoch:583	loss:tensor(0.2361, device='cuda:0')]
[2019-03-15 17:04:16,738][INFO][epoch:584	loss:tensor(0.2297, device='cuda:0')]
[2019-03-15 17:04:18,488][INFO][epoch:585	loss:tensor(0.2262, device='cuda:0')]
[2019-03-15 17:04:20,213][INFO][epoch:586	loss:tensor(0.2483, device='cuda:0')]
[2019-03-15 17:04:21,972][INFO][epoch:587	loss:tensor(0.2317, device='cuda:0')]
[2019-03-15 17:04:23,707][INFO][epoch:588	loss:tensor(0.2516, device='cuda:0')]
[2019-03-15 17:04:25,448][INFO][epoch:589	loss:tensor(0.2353, device='cuda:0')]
[2019-03-15 17:04:27,187][INFO][epoch:590	loss:tensor(0.2763, device='cuda:0')]
[2019-03-15 17:04:27,884][WARNING][LCC:0.9123876]
[2019-03-15 17:04:27,884][WARNING][SROCC:0.8976229]
[2019-03-15 17:04:29,559][INFO][epoch:591	loss:tensor(0.2416, device='cuda:0')]
[2019-03-15 17:04:31,298][INFO][epoch:592	loss:tensor(0.2200, device='cuda:0')]
[2019-03-15 17:04:33,034][INFO][epoch:593	loss:tensor(0.2178, device='cuda:0')]
[2019-03-15 17:04:34,732][INFO][epoch:594	loss:tensor(0.2358, device='cuda:0')]
[2019-03-15 17:04:36,462][INFO][epoch:595	loss:tensor(0.2243, device='cuda:0')]
[2019-03-15 17:04:38,191][INFO][epoch:596	loss:tensor(0.2318, device='cuda:0')]
[2019-03-15 17:04:39,912][INFO][epoch:597	loss:tensor(0.2335, device='cuda:0')]
[2019-03-15 17:04:41,637][INFO][epoch:598	loss:tensor(0.2353, device='cuda:0')]
[2019-03-15 17:04:43,388][INFO][epoch:599	loss:tensor(0.2324, device='cuda:0')]
[2019-03-15 17:04:45,120][INFO][epoch:600	loss:tensor(0.2301, device='cuda:0')]
[2019-03-15 17:04:45,798][WARNING][LCC:0.89623415]
[2019-03-15 17:04:45,799][WARNING][SROCC:0.88400894]
[2019-03-15 17:04:45,799][WARNING][Model saved]
[2019-03-15 17:04:47,523][INFO][epoch:601	loss:tensor(0.2429, device='cuda:0')]
[2019-03-15 17:04:49,277][INFO][epoch:602	loss:tensor(0.2028, device='cuda:0')]
[2019-03-15 17:04:50,997][INFO][epoch:603	loss:tensor(0.2162, device='cuda:0')]
[2019-03-15 17:04:52,744][INFO][epoch:604	loss:tensor(0.1969, device='cuda:0')]
[2019-03-15 17:04:54,476][INFO][epoch:605	loss:tensor(0.2219, device='cuda:0')]
[2019-03-15 17:04:56,194][INFO][epoch:606	loss:tensor(0.2457, device='cuda:0')]
[2019-03-15 17:04:57,929][INFO][epoch:607	loss:tensor(0.2307, device='cuda:0')]
[2019-03-15 17:04:59,668][INFO][epoch:608	loss:tensor(0.2175, device='cuda:0')]
[2019-03-15 17:05:01,394][INFO][epoch:609	loss:tensor(0.2185, device='cuda:0')]
[2019-03-15 17:05:03,133][INFO][epoch:610	loss:tensor(0.2312, device='cuda:0')]
[2019-03-15 17:05:03,834][WARNING][LCC:0.9044988]
[2019-03-15 17:05:03,834][WARNING][SROCC:0.8992852]
[2019-03-15 17:05:05,529][INFO][epoch:611	loss:tensor(0.2278, device='cuda:0')]
[2019-03-15 17:05:07,264][INFO][epoch:612	loss:tensor(0.2323, device='cuda:0')]
[2019-03-15 17:05:08,993][INFO][epoch:613	loss:tensor(0.2494, device='cuda:0')]
[2019-03-15 17:05:10,722][INFO][epoch:614	loss:tensor(0.2214, device='cuda:0')]
[2019-03-15 17:05:12,471][INFO][epoch:615	loss:tensor(0.2582, device='cuda:0')]
[2019-03-15 17:05:14,191][INFO][epoch:616	loss:tensor(0.2132, device='cuda:0')]
[2019-03-15 17:05:15,927][INFO][epoch:617	loss:tensor(0.2099, device='cuda:0')]
[2019-03-15 17:05:17,668][INFO][epoch:618	loss:tensor(0.1983, device='cuda:0')]
[2019-03-15 17:05:19,411][INFO][epoch:619	loss:tensor(0.2489, device='cuda:0')]
[2019-03-15 17:05:21,155][INFO][epoch:620	loss:tensor(0.2180, device='cuda:0')]
[2019-03-15 17:05:21,869][WARNING][LCC:0.8960815]
[2019-03-15 17:05:21,869][WARNING][SROCC:0.8908]
[2019-03-15 17:05:23,544][INFO][epoch:621	loss:tensor(0.2466, device='cuda:0')]
[2019-03-15 17:05:25,290][INFO][epoch:622	loss:tensor(0.2220, device='cuda:0')]
[2019-03-15 17:05:27,045][INFO][epoch:623	loss:tensor(0.2297, device='cuda:0')]
[2019-03-15 17:05:28,787][INFO][epoch:624	loss:tensor(0.2121, device='cuda:0')]
[2019-03-15 17:05:30,520][INFO][epoch:625	loss:tensor(0.2233, device='cuda:0')]
[2019-03-15 17:05:32,268][INFO][epoch:626	loss:tensor(0.2191, device='cuda:0')]
[2019-03-15 17:05:34,013][INFO][epoch:627	loss:tensor(0.2470, device='cuda:0')]
[2019-03-15 17:05:35,744][INFO][epoch:628	loss:tensor(0.2130, device='cuda:0')]
[2019-03-15 17:05:37,492][INFO][epoch:629	loss:tensor(0.2024, device='cuda:0')]
[2019-03-15 17:05:39,214][INFO][epoch:630	loss:tensor(0.2010, device='cuda:0')]
[2019-03-15 17:05:39,918][WARNING][LCC:0.8984714]
[2019-03-15 17:05:39,918][WARNING][SROCC:0.90607464]
[2019-03-15 17:05:41,591][INFO][epoch:631	loss:tensor(0.1901, device='cuda:0')]
[2019-03-15 17:05:43,320][INFO][epoch:632	loss:tensor(0.2167, device='cuda:0')]
[2019-03-15 17:05:45,059][INFO][epoch:633	loss:tensor(0.2315, device='cuda:0')]
[2019-03-15 17:05:46,797][INFO][epoch:634	loss:tensor(0.2056, device='cuda:0')]
[2019-03-15 17:05:48,522][INFO][epoch:635	loss:tensor(0.2295, device='cuda:0')]
[2019-03-15 17:05:50,276][INFO][epoch:636	loss:tensor(0.2190, device='cuda:0')]
[2019-03-15 17:05:52,020][INFO][epoch:637	loss:tensor(0.2126, device='cuda:0')]
[2019-03-15 17:05:53,777][INFO][epoch:638	loss:tensor(0.2262, device='cuda:0')]
[2019-03-15 17:05:55,500][INFO][epoch:639	loss:tensor(0.2302, device='cuda:0')]
[2019-03-15 17:05:57,236][INFO][epoch:640	loss:tensor(0.2073, device='cuda:0')]
[2019-03-15 17:05:57,941][WARNING][LCC:0.9033522]
[2019-03-15 17:05:57,942][WARNING][SROCC:0.8952673]
[2019-03-15 17:05:59,629][INFO][epoch:641	loss:tensor(0.2232, device='cuda:0')]
[2019-03-15 17:06:01,373][INFO][epoch:642	loss:tensor(0.2250, device='cuda:0')]
[2019-03-15 17:06:03,128][INFO][epoch:643	loss:tensor(0.2131, device='cuda:0')]
[2019-03-15 17:06:04,850][INFO][epoch:644	loss:tensor(0.2182, device='cuda:0')]
[2019-03-15 17:06:06,616][INFO][epoch:645	loss:tensor(0.2134, device='cuda:0')]
[2019-03-15 17:06:08,371][INFO][epoch:646	loss:tensor(0.2138, device='cuda:0')]
[2019-03-15 17:06:10,101][INFO][epoch:647	loss:tensor(0.2138, device='cuda:0')]
[2019-03-15 17:06:11,822][INFO][epoch:648	loss:tensor(0.2354, device='cuda:0')]
[2019-03-15 17:06:13,580][INFO][epoch:649	loss:tensor(0.2225, device='cuda:0')]
[2019-03-15 17:06:15,332][INFO][epoch:650	loss:tensor(0.2012, device='cuda:0')]
[2019-03-15 17:06:16,027][WARNING][LCC:0.9055602]
[2019-03-15 17:06:16,027][WARNING][SROCC:0.9048427]
[2019-03-15 17:06:16,028][WARNING][Model saved]
[2019-03-15 17:06:17,772][INFO][epoch:651	loss:tensor(0.2489, device='cuda:0')]
[2019-03-15 17:06:19,512][INFO][epoch:652	loss:tensor(0.2114, device='cuda:0')]
[2019-03-15 17:06:21,244][INFO][epoch:653	loss:tensor(0.2257, device='cuda:0')]
[2019-03-15 17:06:22,998][INFO][epoch:654	loss:tensor(0.1980, device='cuda:0')]
[2019-03-15 17:06:24,760][INFO][epoch:655	loss:tensor(0.2121, device='cuda:0')]
[2019-03-15 17:06:26,479][INFO][epoch:656	loss:tensor(0.2100, device='cuda:0')]
[2019-03-15 17:06:28,217][INFO][epoch:657	loss:tensor(0.2360, device='cuda:0')]
[2019-03-15 17:06:29,971][INFO][epoch:658	loss:tensor(0.2410, device='cuda:0')]
[2019-03-15 17:06:31,692][INFO][epoch:659	loss:tensor(0.2192, device='cuda:0')]
[2019-03-15 17:06:33,434][INFO][epoch:660	loss:tensor(0.2171, device='cuda:0')]
[2019-03-15 17:06:34,134][WARNING][LCC:0.89367646]
[2019-03-15 17:06:34,135][WARNING][SROCC:0.88931936]
[2019-03-15 17:06:35,826][INFO][epoch:661	loss:tensor(0.2160, device='cuda:0')]
[2019-03-15 17:06:37,621][INFO][epoch:662	loss:tensor(0.2215, device='cuda:0')]
[2019-03-15 17:06:39,377][INFO][epoch:663	loss:tensor(0.2074, device='cuda:0')]
[2019-03-15 17:06:41,136][INFO][epoch:664	loss:tensor(0.2396, device='cuda:0')]
[2019-03-15 17:06:42,894][INFO][epoch:665	loss:tensor(0.2199, device='cuda:0')]
[2019-03-15 17:06:44,623][INFO][epoch:666	loss:tensor(0.2150, device='cuda:0')]
[2019-03-15 17:06:46,361][INFO][epoch:667	loss:tensor(0.2037, device='cuda:0')]
[2019-03-15 17:06:48,101][INFO][epoch:668	loss:tensor(0.2174, device='cuda:0')]
[2019-03-15 17:06:49,846][INFO][epoch:669	loss:tensor(0.2098, device='cuda:0')]
[2019-03-15 17:06:51,602][INFO][epoch:670	loss:tensor(0.2135, device='cuda:0')]
[2019-03-15 17:06:52,319][WARNING][LCC:0.8966055]
[2019-03-15 17:06:52,319][WARNING][SROCC:0.8858657]
[2019-03-15 17:06:54,037][INFO][epoch:671	loss:tensor(0.1903, device='cuda:0')]
[2019-03-15 17:06:55,785][INFO][epoch:672	loss:tensor(0.2199, device='cuda:0')]
[2019-03-15 17:06:57,521][INFO][epoch:673	loss:tensor(0.2023, device='cuda:0')]
[2019-03-15 17:06:59,287][INFO][epoch:674	loss:tensor(0.2172, device='cuda:0')]
[2019-03-15 17:07:01,040][INFO][epoch:675	loss:tensor(0.1940, device='cuda:0')]
[2019-03-15 17:07:02,807][INFO][epoch:676	loss:tensor(0.2197, device='cuda:0')]
[2019-03-15 17:07:04,516][INFO][epoch:677	loss:tensor(0.2388, device='cuda:0')]
[2019-03-15 17:07:06,296][INFO][epoch:678	loss:tensor(0.2124, device='cuda:0')]
[2019-03-15 17:07:08,030][INFO][epoch:679	loss:tensor(0.2174, device='cuda:0')]
[2019-03-15 17:07:09,779][INFO][epoch:680	loss:tensor(0.2177, device='cuda:0')]
[2019-03-15 17:07:10,489][WARNING][LCC:0.9078177]
[2019-03-15 17:07:10,489][WARNING][SROCC:0.9055439]
[2019-03-15 17:07:12,204][INFO][epoch:681	loss:tensor(0.2240, device='cuda:0')]
[2019-03-15 17:07:13,951][INFO][epoch:682	loss:tensor(0.2216, device='cuda:0')]
[2019-03-15 17:07:15,691][INFO][epoch:683	loss:tensor(0.2162, device='cuda:0')]
[2019-03-15 17:07:17,429][INFO][epoch:684	loss:tensor(0.2399, device='cuda:0')]
[2019-03-15 17:07:19,178][INFO][epoch:685	loss:tensor(0.2032, device='cuda:0')]
[2019-03-15 17:07:20,924][INFO][epoch:686	loss:tensor(0.2170, device='cuda:0')]
[2019-03-15 17:07:22,659][INFO][epoch:687	loss:tensor(0.1973, device='cuda:0')]
[2019-03-15 17:07:24,417][INFO][epoch:688	loss:tensor(0.2035, device='cuda:0')]
[2019-03-15 17:07:26,152][INFO][epoch:689	loss:tensor(0.1909, device='cuda:0')]
[2019-03-15 17:07:27,897][INFO][epoch:690	loss:tensor(0.2108, device='cuda:0')]
[2019-03-15 17:07:28,623][WARNING][LCC:0.8989574]
[2019-03-15 17:07:28,624][WARNING][SROCC:0.8925165]
[2019-03-15 17:07:30,312][INFO][epoch:691	loss:tensor(0.1982, device='cuda:0')]
[2019-03-15 17:07:32,036][INFO][epoch:692	loss:tensor(0.2272, device='cuda:0')]
[2019-03-15 17:07:33,786][INFO][epoch:693	loss:tensor(0.2140, device='cuda:0')]
[2019-03-15 17:07:35,514][INFO][epoch:694	loss:tensor(0.2164, device='cuda:0')]
[2019-03-15 17:07:37,260][INFO][epoch:695	loss:tensor(0.2036, device='cuda:0')]
[2019-03-15 17:07:38,987][INFO][epoch:696	loss:tensor(0.2074, device='cuda:0')]
[2019-03-15 17:07:40,724][INFO][epoch:697	loss:tensor(0.2236, device='cuda:0')]
[2019-03-15 17:07:42,452][INFO][epoch:698	loss:tensor(0.2086, device='cuda:0')]
[2019-03-15 17:07:44,212][INFO][epoch:699	loss:tensor(0.1872, device='cuda:0')]
[2019-03-15 17:07:45,937][INFO][epoch:700	loss:tensor(0.1971, device='cuda:0')]
[2019-03-15 17:07:46,647][WARNING][LCC:0.89223576]
[2019-03-15 17:07:46,647][WARNING][SROCC:0.88559955]
[2019-03-15 17:07:46,647][WARNING][Model saved]
[2019-03-15 17:07:48,379][INFO][epoch:701	loss:tensor(0.2089, device='cuda:0')]
[2019-03-15 17:07:50,114][INFO][epoch:702	loss:tensor(0.2053, device='cuda:0')]
[2019-03-15 17:07:51,856][INFO][epoch:703	loss:tensor(0.2065, device='cuda:0')]
[2019-03-15 17:07:53,611][INFO][epoch:704	loss:tensor(0.2046, device='cuda:0')]
[2019-03-15 17:07:55,352][INFO][epoch:705	loss:tensor(0.1915, device='cuda:0')]
[2019-03-15 17:07:57,081][INFO][epoch:706	loss:tensor(0.2257, device='cuda:0')]
[2019-03-15 17:07:58,805][INFO][epoch:707	loss:tensor(0.2418, device='cuda:0')]
[2019-03-15 17:08:00,537][INFO][epoch:708	loss:tensor(0.2143, device='cuda:0')]
[2019-03-15 17:08:02,267][INFO][epoch:709	loss:tensor(0.2278, device='cuda:0')]
[2019-03-15 17:08:04,025][INFO][epoch:710	loss:tensor(0.1995, device='cuda:0')]
[2019-03-15 17:08:04,708][WARNING][LCC:0.9014353]
[2019-03-15 17:08:04,709][WARNING][SROCC:0.89716387]
[2019-03-15 17:08:06,396][INFO][epoch:711	loss:tensor(0.2116, device='cuda:0')]
[2019-03-15 17:08:08,116][INFO][epoch:712	loss:tensor(0.1730, device='cuda:0')]
[2019-03-15 17:08:09,873][INFO][epoch:713	loss:tensor(0.2023, device='cuda:0')]
[2019-03-15 17:08:11,611][INFO][epoch:714	loss:tensor(0.2024, device='cuda:0')]
[2019-03-15 17:08:13,358][INFO][epoch:715	loss:tensor(0.2000, device='cuda:0')]
[2019-03-15 17:08:15,128][INFO][epoch:716	loss:tensor(0.2151, device='cuda:0')]
[2019-03-15 17:08:16,872][INFO][epoch:717	loss:tensor(0.2035, device='cuda:0')]
[2019-03-15 17:08:18,556][INFO][epoch:718	loss:tensor(0.2060, device='cuda:0')]
[2019-03-15 17:08:20,290][INFO][epoch:719	loss:tensor(0.2050, device='cuda:0')]
[2019-03-15 17:08:22,033][INFO][epoch:720	loss:tensor(0.1955, device='cuda:0')]
[2019-03-15 17:08:22,736][WARNING][LCC:0.89101535]
[2019-03-15 17:08:22,736][WARNING][SROCC:0.8936337]
[2019-03-15 17:08:24,456][INFO][epoch:721	loss:tensor(0.1990, device='cuda:0')]
[2019-03-15 17:08:26,166][INFO][epoch:722	loss:tensor(0.2059, device='cuda:0')]
[2019-03-15 17:08:27,895][INFO][epoch:723	loss:tensor(0.2111, device='cuda:0')]
[2019-03-15 17:08:29,640][INFO][epoch:724	loss:tensor(0.1800, device='cuda:0')]
[2019-03-15 17:08:31,376][INFO][epoch:725	loss:tensor(0.1991, device='cuda:0')]
[2019-03-15 17:08:33,091][INFO][epoch:726	loss:tensor(0.2079, device='cuda:0')]
[2019-03-15 17:08:34,853][INFO][epoch:727	loss:tensor(0.2133, device='cuda:0')]
[2019-03-15 17:08:36,574][INFO][epoch:728	loss:tensor(0.2243, device='cuda:0')]
[2019-03-15 17:08:38,323][INFO][epoch:729	loss:tensor(0.2199, device='cuda:0')]
[2019-03-15 17:08:40,046][INFO][epoch:730	loss:tensor(0.2070, device='cuda:0')]
[2019-03-15 17:08:40,751][WARNING][LCC:0.9074936]
[2019-03-15 17:08:40,752][WARNING][SROCC:0.89280176]
[2019-03-15 17:08:42,439][INFO][epoch:731	loss:tensor(0.2187, device='cuda:0')]
[2019-03-15 17:08:44,192][INFO][epoch:732	loss:tensor(0.1925, device='cuda:0')]
[2019-03-15 17:08:45,930][INFO][epoch:733	loss:tensor(0.1972, device='cuda:0')]
[2019-03-15 17:08:47,651][INFO][epoch:734	loss:tensor(0.2147, device='cuda:0')]
[2019-03-15 17:08:49,394][INFO][epoch:735	loss:tensor(0.2143, device='cuda:0')]
[2019-03-15 17:08:51,130][INFO][epoch:736	loss:tensor(0.2266, device='cuda:0')]
[2019-03-15 17:08:52,876][INFO][epoch:737	loss:tensor(0.1863, device='cuda:0')]
[2019-03-15 17:08:54,613][INFO][epoch:738	loss:tensor(0.1925, device='cuda:0')]
[2019-03-15 17:08:56,348][INFO][epoch:739	loss:tensor(0.2146, device='cuda:0')]
[2019-03-15 17:08:58,089][INFO][epoch:740	loss:tensor(0.1923, device='cuda:0')]
[2019-03-15 17:08:58,810][WARNING][LCC:0.9033846]
[2019-03-15 17:08:58,810][WARNING][SROCC:0.9023755]
[2019-03-15 17:09:00,500][INFO][epoch:741	loss:tensor(0.1922, device='cuda:0')]
[2019-03-15 17:09:02,227][INFO][epoch:742	loss:tensor(0.1771, device='cuda:0')]
[2019-03-15 17:09:03,961][INFO][epoch:743	loss:tensor(0.1916, device='cuda:0')]
[2019-03-15 17:09:05,727][INFO][epoch:744	loss:tensor(0.1976, device='cuda:0')]
[2019-03-15 17:09:07,448][INFO][epoch:745	loss:tensor(0.1947, device='cuda:0')]
[2019-03-15 17:09:09,165][INFO][epoch:746	loss:tensor(0.1895, device='cuda:0')]
[2019-03-15 17:09:10,908][INFO][epoch:747	loss:tensor(0.1981, device='cuda:0')]
[2019-03-15 17:09:12,646][INFO][epoch:748	loss:tensor(0.1920, device='cuda:0')]
[2019-03-15 17:09:14,402][INFO][epoch:749	loss:tensor(0.2065, device='cuda:0')]
[2019-03-15 17:09:16,160][INFO][epoch:750	loss:tensor(0.1843, device='cuda:0')]
[2019-03-15 17:09:16,868][WARNING][LCC:0.9083718]
[2019-03-15 17:09:16,868][WARNING][SROCC:0.8918216]
[2019-03-15 17:09:16,868][WARNING][Model saved]
[2019-03-15 17:09:18,609][INFO][epoch:751	loss:tensor(0.2061, device='cuda:0')]
[2019-03-15 17:09:20,332][INFO][epoch:752	loss:tensor(0.1959, device='cuda:0')]
[2019-03-15 17:09:22,067][INFO][epoch:753	loss:tensor(0.2054, device='cuda:0')]
[2019-03-15 17:09:23,825][INFO][epoch:754	loss:tensor(0.2097, device='cuda:0')]
[2019-03-15 17:09:25,560][INFO][epoch:755	loss:tensor(0.1894, device='cuda:0')]
[2019-03-15 17:09:27,324][INFO][epoch:756	loss:tensor(0.1955, device='cuda:0')]
[2019-03-15 17:09:29,084][INFO][epoch:757	loss:tensor(0.1990, device='cuda:0')]
[2019-03-15 17:09:30,812][INFO][epoch:758	loss:tensor(0.2199, device='cuda:0')]
[2019-03-15 17:09:32,547][INFO][epoch:759	loss:tensor(0.2144, device='cuda:0')]
[2019-03-15 17:09:34,281][INFO][epoch:760	loss:tensor(0.1797, device='cuda:0')]
[2019-03-15 17:09:35,016][WARNING][LCC:0.912905]
[2019-03-15 17:09:35,017][WARNING][SROCC:0.9022193]
[2019-03-15 17:09:36,704][INFO][epoch:761	loss:tensor(0.1825, device='cuda:0')]
[2019-03-15 17:09:38,468][INFO][epoch:762	loss:tensor(0.1999, device='cuda:0')]
[2019-03-15 17:09:40,224][INFO][epoch:763	loss:tensor(0.2039, device='cuda:0')]
[2019-03-15 17:09:41,962][INFO][epoch:764	loss:tensor(0.1927, device='cuda:0')]
[2019-03-15 17:09:43,692][INFO][epoch:765	loss:tensor(0.2077, device='cuda:0')]
[2019-03-15 17:09:45,456][INFO][epoch:766	loss:tensor(0.2040, device='cuda:0')]
[2019-03-15 17:09:47,186][INFO][epoch:767	loss:tensor(0.2057, device='cuda:0')]
[2019-03-15 17:09:48,900][INFO][epoch:768	loss:tensor(0.1980, device='cuda:0')]
[2019-03-15 17:09:50,655][INFO][epoch:769	loss:tensor(0.2010, device='cuda:0')]
[2019-03-15 17:09:52,399][INFO][epoch:770	loss:tensor(0.2207, device='cuda:0')]
[2019-03-15 17:09:53,097][WARNING][LCC:0.8943452]
[2019-03-15 17:09:53,097][WARNING][SROCC:0.8820789]
[2019-03-15 17:09:54,789][INFO][epoch:771	loss:tensor(0.2078, device='cuda:0')]
[2019-03-15 17:09:56,564][INFO][epoch:772	loss:tensor(0.2042, device='cuda:0')]
[2019-03-15 17:09:58,302][INFO][epoch:773	loss:tensor(0.1985, device='cuda:0')]
[2019-03-15 17:10:00,068][INFO][epoch:774	loss:tensor(0.2160, device='cuda:0')]
[2019-03-15 17:10:01,824][INFO][epoch:775	loss:tensor(0.1860, device='cuda:0')]
[2019-03-15 17:10:03,564][INFO][epoch:776	loss:tensor(0.1851, device='cuda:0')]
[2019-03-15 17:10:05,313][INFO][epoch:777	loss:tensor(0.1914, device='cuda:0')]
[2019-03-15 17:10:07,077][INFO][epoch:778	loss:tensor(0.2129, device='cuda:0')]
[2019-03-15 17:10:08,806][INFO][epoch:779	loss:tensor(0.1888, device='cuda:0')]
[2019-03-15 17:10:10,548][INFO][epoch:780	loss:tensor(0.2123, device='cuda:0')]
[2019-03-15 17:10:11,266][WARNING][LCC:0.8886315]
[2019-03-15 17:10:11,266][WARNING][SROCC:0.88122463]
[2019-03-15 17:10:12,969][INFO][epoch:781	loss:tensor(0.2175, device='cuda:0')]
[2019-03-15 17:10:14,720][INFO][epoch:782	loss:tensor(0.1991, device='cuda:0')]
[2019-03-15 17:10:16,457][INFO][epoch:783	loss:tensor(0.2067, device='cuda:0')]
[2019-03-15 17:10:18,199][INFO][epoch:784	loss:tensor(0.1941, device='cuda:0')]
[2019-03-15 17:10:19,961][INFO][epoch:785	loss:tensor(0.1800, device='cuda:0')]
[2019-03-15 17:10:21,701][INFO][epoch:786	loss:tensor(0.1841, device='cuda:0')]
[2019-03-15 17:10:23,440][INFO][epoch:787	loss:tensor(0.2075, device='cuda:0')]
[2019-03-15 17:10:25,170][INFO][epoch:788	loss:tensor(0.1851, device='cuda:0')]
[2019-03-15 17:10:26,928][INFO][epoch:789	loss:tensor(0.1946, device='cuda:0')]
[2019-03-15 17:10:28,667][INFO][epoch:790	loss:tensor(0.1940, device='cuda:0')]
[2019-03-15 17:10:29,385][WARNING][LCC:0.90681094]
[2019-03-15 17:10:29,386][WARNING][SROCC:0.89564025]
[2019-03-15 17:10:31,098][INFO][epoch:791	loss:tensor(0.1935, device='cuda:0')]
[2019-03-15 17:10:32,836][INFO][epoch:792	loss:tensor(0.1869, device='cuda:0')]
[2019-03-15 17:10:34,580][INFO][epoch:793	loss:tensor(0.2056, device='cuda:0')]
[2019-03-15 17:10:36,328][INFO][epoch:794	loss:tensor(0.1844, device='cuda:0')]
[2019-03-15 17:10:38,108][INFO][epoch:795	loss:tensor(0.1946, device='cuda:0')]
[2019-03-15 17:10:39,829][INFO][epoch:796	loss:tensor(0.2006, device='cuda:0')]
[2019-03-15 17:10:41,558][INFO][epoch:797	loss:tensor(0.1850, device='cuda:0')]
[2019-03-15 17:10:43,291][INFO][epoch:798	loss:tensor(0.1909, device='cuda:0')]
[2019-03-15 17:10:45,020][INFO][epoch:799	loss:tensor(0.1636, device='cuda:0')]
[2019-03-15 17:10:46,781][INFO][epoch:800	loss:tensor(0.1971, device='cuda:0')]
[2019-03-15 17:10:47,485][WARNING][LCC:0.8997631]
[2019-03-15 17:10:47,485][WARNING][SROCC:0.89153314]
[2019-03-15 17:10:47,485][WARNING][Model saved]
[2019-03-15 17:10:49,224][INFO][epoch:801	loss:tensor(0.1932, device='cuda:0')]
[2019-03-15 17:10:50,948][INFO][epoch:802	loss:tensor(0.2361, device='cuda:0')]
[2019-03-15 17:10:52,681][INFO][epoch:803	loss:tensor(0.1943, device='cuda:0')]
[2019-03-15 17:10:54,424][INFO][epoch:804	loss:tensor(0.1845, device='cuda:0')]
[2019-03-15 17:10:56,138][INFO][epoch:805	loss:tensor(0.1826, device='cuda:0')]
[2019-03-15 17:10:57,874][INFO][epoch:806	loss:tensor(0.1726, device='cuda:0')]
[2019-03-15 17:10:59,608][INFO][epoch:807	loss:tensor(0.2177, device='cuda:0')]
[2019-03-15 17:11:01,325][INFO][epoch:808	loss:tensor(0.1720, device='cuda:0')]
[2019-03-15 17:11:03,061][INFO][epoch:809	loss:tensor(0.1984, device='cuda:0')]
[2019-03-15 17:11:04,806][INFO][epoch:810	loss:tensor(0.1803, device='cuda:0')]
[2019-03-15 17:11:05,521][WARNING][LCC:0.90548027]
[2019-03-15 17:11:05,521][WARNING][SROCC:0.8981297]
[2019-03-15 17:11:07,203][INFO][epoch:811	loss:tensor(0.2054, device='cuda:0')]
[2019-03-15 17:11:08,948][INFO][epoch:812	loss:tensor(0.1860, device='cuda:0')]
[2019-03-15 17:11:10,708][INFO][epoch:813	loss:tensor(0.1898, device='cuda:0')]
[2019-03-15 17:11:12,443][INFO][epoch:814	loss:tensor(0.1871, device='cuda:0')]
[2019-03-15 17:11:14,180][INFO][epoch:815	loss:tensor(0.1922, device='cuda:0')]
[2019-03-15 17:11:15,904][INFO][epoch:816	loss:tensor(0.1930, device='cuda:0')]
[2019-03-15 17:11:17,633][INFO][epoch:817	loss:tensor(0.1969, device='cuda:0')]
[2019-03-15 17:11:19,392][INFO][epoch:818	loss:tensor(0.1817, device='cuda:0')]
[2019-03-15 17:11:21,071][INFO][epoch:819	loss:tensor(0.1792, device='cuda:0')]
[2019-03-15 17:11:22,826][INFO][epoch:820	loss:tensor(0.1944, device='cuda:0')]
[2019-03-15 17:11:23,556][WARNING][LCC:0.91788554]
[2019-03-15 17:11:23,556][WARNING][SROCC:0.91250867]
[2019-03-15 17:11:25,244][INFO][epoch:821	loss:tensor(0.1743, device='cuda:0')]
[2019-03-15 17:11:26,964][INFO][epoch:822	loss:tensor(0.1749, device='cuda:0')]
[2019-03-15 17:11:28,703][INFO][epoch:823	loss:tensor(0.1875, device='cuda:0')]
[2019-03-15 17:11:30,466][INFO][epoch:824	loss:tensor(0.1523, device='cuda:0')]
[2019-03-15 17:11:32,203][INFO][epoch:825	loss:tensor(0.1696, device='cuda:0')]
[2019-03-15 17:11:33,948][INFO][epoch:826	loss:tensor(0.1841, device='cuda:0')]
[2019-03-15 17:11:35,680][INFO][epoch:827	loss:tensor(0.2097, device='cuda:0')]
[2019-03-15 17:11:37,424][INFO][epoch:828	loss:tensor(0.2018, device='cuda:0')]
[2019-03-15 17:11:39,177][INFO][epoch:829	loss:tensor(0.1716, device='cuda:0')]
[2019-03-15 17:11:40,904][INFO][epoch:830	loss:tensor(0.1722, device='cuda:0')]
[2019-03-15 17:11:41,629][WARNING][LCC:0.9111061]
[2019-03-15 17:11:41,630][WARNING][SROCC:0.90256196]
[2019-03-15 17:11:43,320][INFO][epoch:831	loss:tensor(0.1835, device='cuda:0')]
[2019-03-15 17:11:45,068][INFO][epoch:832	loss:tensor(0.1849, device='cuda:0')]
[2019-03-15 17:11:46,791][INFO][epoch:833	loss:tensor(0.1746, device='cuda:0')]
[2019-03-15 17:11:48,528][INFO][epoch:834	loss:tensor(0.1777, device='cuda:0')]
[2019-03-15 17:11:50,260][INFO][epoch:835	loss:tensor(0.1937, device='cuda:0')]
[2019-03-15 17:11:52,012][INFO][epoch:836	loss:tensor(0.1686, device='cuda:0')]
[2019-03-15 17:11:53,741][INFO][epoch:837	loss:tensor(0.1741, device='cuda:0')]
[2019-03-15 17:11:55,449][INFO][epoch:838	loss:tensor(0.2096, device='cuda:0')]
[2019-03-15 17:11:57,180][INFO][epoch:839	loss:tensor(0.1900, device='cuda:0')]
[2019-03-15 17:11:58,919][INFO][epoch:840	loss:tensor(0.1944, device='cuda:0')]
[2019-03-15 17:11:59,646][WARNING][LCC:0.9086642]
[2019-03-15 17:11:59,646][WARNING][SROCC:0.8999737]
[2019-03-15 17:12:01,329][INFO][epoch:841	loss:tensor(0.1717, device='cuda:0')]
[2019-03-15 17:12:03,096][INFO][epoch:842	loss:tensor(0.1993, device='cuda:0')]
[2019-03-15 17:12:04,829][INFO][epoch:843	loss:tensor(0.1846, device='cuda:0')]
[2019-03-15 17:12:06,566][INFO][epoch:844	loss:tensor(0.1964, device='cuda:0')]
[2019-03-15 17:12:08,303][INFO][epoch:845	loss:tensor(0.1824, device='cuda:0')]
[2019-03-15 17:12:10,034][INFO][epoch:846	loss:tensor(0.1856, device='cuda:0')]
[2019-03-15 17:12:11,775][INFO][epoch:847	loss:tensor(0.1914, device='cuda:0')]
[2019-03-15 17:12:13,492][INFO][epoch:848	loss:tensor(0.1666, device='cuda:0')]
[2019-03-15 17:12:15,218][INFO][epoch:849	loss:tensor(0.1806, device='cuda:0')]
[2019-03-15 17:12:16,947][INFO][epoch:850	loss:tensor(0.1848, device='cuda:0')]
[2019-03-15 17:12:17,672][WARNING][LCC:0.8928312]
[2019-03-15 17:12:17,672][WARNING][SROCC:0.8877208]
[2019-03-15 17:12:17,672][WARNING][Model saved]
[2019-03-15 17:12:19,380][INFO][epoch:851	loss:tensor(0.1754, device='cuda:0')]
[2019-03-15 17:12:21,105][INFO][epoch:852	loss:tensor(0.1915, device='cuda:0')]
[2019-03-15 17:12:22,852][INFO][epoch:853	loss:tensor(0.1982, device='cuda:0')]
[2019-03-15 17:12:24,574][INFO][epoch:854	loss:tensor(0.1793, device='cuda:0')]
[2019-03-15 17:12:26,308][INFO][epoch:855	loss:tensor(0.1933, device='cuda:0')]
[2019-03-15 17:12:28,068][INFO][epoch:856	loss:tensor(0.1765, device='cuda:0')]
[2019-03-15 17:12:29,804][INFO][epoch:857	loss:tensor(0.1833, device='cuda:0')]
[2019-03-15 17:12:31,542][INFO][epoch:858	loss:tensor(0.1885, device='cuda:0')]
[2019-03-15 17:12:33,266][INFO][epoch:859	loss:tensor(0.1835, device='cuda:0')]
[2019-03-15 17:12:34,995][INFO][epoch:860	loss:tensor(0.1681, device='cuda:0')]
[2019-03-15 17:12:35,713][WARNING][LCC:0.901353]
[2019-03-15 17:12:35,714][WARNING][SROCC:0.89355564]
[2019-03-15 17:12:37,416][INFO][epoch:861	loss:tensor(0.1571, device='cuda:0')]
[2019-03-15 17:12:39,148][INFO][epoch:862	loss:tensor(0.1789, device='cuda:0')]
[2019-03-15 17:12:40,863][INFO][epoch:863	loss:tensor(0.1622, device='cuda:0')]
[2019-03-15 17:12:42,595][INFO][epoch:864	loss:tensor(0.1646, device='cuda:0')]
[2019-03-15 17:12:44,338][INFO][epoch:865	loss:tensor(0.1904, device='cuda:0')]
[2019-03-15 17:12:46,079][INFO][epoch:866	loss:tensor(0.1813, device='cuda:0')]
[2019-03-15 17:12:47,835][INFO][epoch:867	loss:tensor(0.2025, device='cuda:0')]
[2019-03-15 17:12:49,553][INFO][epoch:868	loss:tensor(0.2106, device='cuda:0')]
[2019-03-15 17:12:51,288][INFO][epoch:869	loss:tensor(0.1678, device='cuda:0')]
[2019-03-15 17:12:53,028][INFO][epoch:870	loss:tensor(0.1727, device='cuda:0')]
[2019-03-15 17:12:53,744][WARNING][LCC:0.90767705]
[2019-03-15 17:12:53,745][WARNING][SROCC:0.8989569]
[2019-03-15 17:12:55,412][INFO][epoch:871	loss:tensor(0.1792, device='cuda:0')]
[2019-03-15 17:12:57,125][INFO][epoch:872	loss:tensor(0.1825, device='cuda:0')]
[2019-03-15 17:12:58,874][INFO][epoch:873	loss:tensor(0.1680, device='cuda:0')]
[2019-03-15 17:13:00,629][INFO][epoch:874	loss:tensor(0.1756, device='cuda:0')]
[2019-03-15 17:13:02,348][INFO][epoch:875	loss:tensor(0.1721, device='cuda:0')]
[2019-03-15 17:13:04,094][INFO][epoch:876	loss:tensor(0.1752, device='cuda:0')]
[2019-03-15 17:13:05,827][INFO][epoch:877	loss:tensor(0.1980, device='cuda:0')]
[2019-03-15 17:13:07,563][INFO][epoch:878	loss:tensor(0.1691, device='cuda:0')]
[2019-03-15 17:13:09,286][INFO][epoch:879	loss:tensor(0.2119, device='cuda:0')]
[2019-03-15 17:13:11,032][INFO][epoch:880	loss:tensor(0.1688, device='cuda:0')]
[2019-03-15 17:13:11,732][WARNING][LCC:0.90849173]
[2019-03-15 17:13:11,733][WARNING][SROCC:0.8956211]
[2019-03-15 17:13:13,440][INFO][epoch:881	loss:tensor(0.1688, device='cuda:0')]
[2019-03-15 17:13:15,183][INFO][epoch:882	loss:tensor(0.1642, device='cuda:0')]
[2019-03-15 17:13:16,936][INFO][epoch:883	loss:tensor(0.1653, device='cuda:0')]
[2019-03-15 17:13:18,704][INFO][epoch:884	loss:tensor(0.1712, device='cuda:0')]
[2019-03-15 17:13:20,436][INFO][epoch:885	loss:tensor(0.1967, device='cuda:0')]
[2019-03-15 17:13:22,180][INFO][epoch:886	loss:tensor(0.1744, device='cuda:0')]
[2019-03-15 17:13:23,900][INFO][epoch:887	loss:tensor(0.1628, device='cuda:0')]
[2019-03-15 17:13:25,660][INFO][epoch:888	loss:tensor(0.1666, device='cuda:0')]
[2019-03-15 17:13:27,423][INFO][epoch:889	loss:tensor(0.1854, device='cuda:0')]
[2019-03-15 17:13:29,185][INFO][epoch:890	loss:tensor(0.1576, device='cuda:0')]
[2019-03-15 17:13:29,911][WARNING][LCC:0.90265226]
[2019-03-15 17:13:29,911][WARNING][SROCC:0.89738864]
[2019-03-15 17:13:31,584][INFO][epoch:891	loss:tensor(0.1600, device='cuda:0')]
[2019-03-15 17:13:33,310][INFO][epoch:892	loss:tensor(0.1648, device='cuda:0')]
[2019-03-15 17:13:35,044][INFO][epoch:893	loss:tensor(0.1763, device='cuda:0')]
[2019-03-15 17:13:36,818][INFO][epoch:894	loss:tensor(0.1687, device='cuda:0')]
[2019-03-15 17:13:38,680][INFO][epoch:895	loss:tensor(0.1650, device='cuda:0')]
[2019-03-15 17:13:40,851][INFO][epoch:896	loss:tensor(0.1774, device='cuda:0')]
[2019-03-15 17:13:42,692][INFO][epoch:897	loss:tensor(0.1653, device='cuda:0')]
[2019-03-15 17:13:44,591][INFO][epoch:898	loss:tensor(0.1945, device='cuda:0')]
[2019-03-15 17:13:46,432][INFO][epoch:899	loss:tensor(0.1859, device='cuda:0')]
[2019-03-15 17:13:48,337][INFO][epoch:900	loss:tensor(0.1697, device='cuda:0')]
[2019-03-15 17:13:49,173][WARNING][LCC:0.89874923]
[2019-03-15 17:13:49,174][WARNING][SROCC:0.89180565]
[2019-03-15 17:13:49,174][WARNING][Model saved]
[2019-03-15 17:13:50,912][INFO][epoch:901	loss:tensor(0.1829, device='cuda:0')]
[2019-03-15 17:13:52,665][INFO][epoch:902	loss:tensor(0.1874, device='cuda:0')]
[2019-03-15 17:13:54,401][INFO][epoch:903	loss:tensor(0.1727, device='cuda:0')]
[2019-03-15 17:13:56,127][INFO][epoch:904	loss:tensor(0.1994, device='cuda:0')]
[2019-03-15 17:13:57,856][INFO][epoch:905	loss:tensor(0.1978, device='cuda:0')]
[2019-03-15 17:13:59,572][INFO][epoch:906	loss:tensor(0.1903, device='cuda:0')]
[2019-03-15 17:14:01,295][INFO][epoch:907	loss:tensor(0.1712, device='cuda:0')]
[2019-03-15 17:14:03,028][INFO][epoch:908	loss:tensor(0.1611, device='cuda:0')]
[2019-03-15 17:14:04,740][INFO][epoch:909	loss:tensor(0.1638, device='cuda:0')]
[2019-03-15 17:14:06,464][INFO][epoch:910	loss:tensor(0.1688, device='cuda:0')]
[2019-03-15 17:14:07,178][WARNING][LCC:0.9028079]
[2019-03-15 17:14:07,179][WARNING][SROCC:0.8891154]
[2019-03-15 17:14:08,855][INFO][epoch:911	loss:tensor(0.1722, device='cuda:0')]
[2019-03-15 17:14:10,589][INFO][epoch:912	loss:tensor(0.1656, device='cuda:0')]
[2019-03-15 17:14:12,322][INFO][epoch:913	loss:tensor(0.1712, device='cuda:0')]
[2019-03-15 17:14:14,076][INFO][epoch:914	loss:tensor(0.1737, device='cuda:0')]
[2019-03-15 17:14:15,802][INFO][epoch:915	loss:tensor(0.1722, device='cuda:0')]
[2019-03-15 17:14:17,529][INFO][epoch:916	loss:tensor(0.1622, device='cuda:0')]
[2019-03-15 17:14:19,268][INFO][epoch:917	loss:tensor(0.1821, device='cuda:0')]
[2019-03-15 17:14:20,974][INFO][epoch:918	loss:tensor(0.1812, device='cuda:0')]
[2019-03-15 17:14:22,694][INFO][epoch:919	loss:tensor(0.1745, device='cuda:0')]
[2019-03-15 17:14:24,432][INFO][epoch:920	loss:tensor(0.1673, device='cuda:0')]
[2019-03-15 17:14:25,144][WARNING][LCC:0.8965457]
[2019-03-15 17:14:25,144][WARNING][SROCC:0.89454377]
[2019-03-15 17:14:26,824][INFO][epoch:921	loss:tensor(0.1635, device='cuda:0')]
[2019-03-15 17:14:28,539][INFO][epoch:922	loss:tensor(0.1673, device='cuda:0')]
[2019-03-15 17:14:30,286][INFO][epoch:923	loss:tensor(0.1884, device='cuda:0')]
[2019-03-15 17:14:32,026][INFO][epoch:924	loss:tensor(0.1683, device='cuda:0')]
[2019-03-15 17:14:33,749][INFO][epoch:925	loss:tensor(0.1689, device='cuda:0')]
[2019-03-15 17:14:35,490][INFO][epoch:926	loss:tensor(0.1790, device='cuda:0')]
[2019-03-15 17:14:37,251][INFO][epoch:927	loss:tensor(0.1657, device='cuda:0')]
[2019-03-15 17:14:38,938][INFO][epoch:928	loss:tensor(0.1649, device='cuda:0')]
[2019-03-15 17:14:40,692][INFO][epoch:929	loss:tensor(0.1654, device='cuda:0')]
[2019-03-15 17:14:42,410][INFO][epoch:930	loss:tensor(0.1821, device='cuda:0')]
[2019-03-15 17:14:43,120][WARNING][LCC:0.9071267]
[2019-03-15 17:14:43,121][WARNING][SROCC:0.905163]
[2019-03-15 17:14:44,791][INFO][epoch:931	loss:tensor(0.1658, device='cuda:0')]
[2019-03-15 17:14:46,535][INFO][epoch:932	loss:tensor(0.1609, device='cuda:0')]
[2019-03-15 17:14:48,262][INFO][epoch:933	loss:tensor(0.1660, device='cuda:0')]
[2019-03-15 17:14:50,017][INFO][epoch:934	loss:tensor(0.1544, device='cuda:0')]
[2019-03-15 17:14:51,765][INFO][epoch:935	loss:tensor(0.1595, device='cuda:0')]
[2019-03-15 17:14:53,488][INFO][epoch:936	loss:tensor(0.1610, device='cuda:0')]
[2019-03-15 17:14:55,213][INFO][epoch:937	loss:tensor(0.1618, device='cuda:0')]
[2019-03-15 17:14:56,962][INFO][epoch:938	loss:tensor(0.1814, device='cuda:0')]
[2019-03-15 17:14:58,675][INFO][epoch:939	loss:tensor(0.1611, device='cuda:0')]
[2019-03-15 17:15:00,391][INFO][epoch:940	loss:tensor(0.1635, device='cuda:0')]
[2019-03-15 17:15:01,106][WARNING][LCC:0.91752046]
[2019-03-15 17:15:01,106][WARNING][SROCC:0.91411835]
[2019-03-15 17:15:02,776][INFO][epoch:941	loss:tensor(0.1717, device='cuda:0')]
[2019-03-15 17:15:04,490][INFO][epoch:942	loss:tensor(0.1579, device='cuda:0')]
[2019-03-15 17:15:06,225][INFO][epoch:943	loss:tensor(0.1644, device='cuda:0')]
[2019-03-15 17:15:08,068][INFO][epoch:944	loss:tensor(0.1796, device='cuda:0')]
[2019-03-15 17:15:09,846][INFO][epoch:945	loss:tensor(0.1692, device='cuda:0')]
[2019-03-15 17:15:11,595][INFO][epoch:946	loss:tensor(0.1622, device='cuda:0')]
[2019-03-15 17:15:13,351][INFO][epoch:947	loss:tensor(0.1689, device='cuda:0')]
