[2019-03-05 19:14:12,466][WARNING][Model:Try original network again.]
[2019-03-05 19:15:19,402][INFO][epoch:0	loss:tensor(6.4646, device='cuda:0')]
[2019-03-05 19:16:23,677][INFO][epoch:1	loss:tensor(5.5381, device='cuda:0')]
[2019-03-05 19:17:27,890][INFO][epoch:2	loss:tensor(5.5139, device='cuda:0')]
[2019-03-05 19:18:32,033][INFO][epoch:3	loss:tensor(5.0775, device='cuda:0')]
[2019-03-05 19:19:36,197][INFO][epoch:4	loss:tensor(4.7149, device='cuda:0')]
[2019-03-05 19:20:40,382][INFO][epoch:5	loss:tensor(4.4153, device='cuda:0')]
[2019-03-05 19:21:44,561][INFO][epoch:6	loss:tensor(4.0500, device='cuda:0')]
[2019-03-05 19:22:48,725][INFO][epoch:7	loss:tensor(4.4322, device='cuda:0')]
[2019-03-05 19:23:52,835][INFO][epoch:8	loss:tensor(3.8186, device='cuda:0')]
[2019-03-05 19:24:56,975][INFO][epoch:9	loss:tensor(3.7911, device='cuda:0')]
[2019-03-05 19:26:01,109][INFO][epoch:10	loss:tensor(3.8640, device='cuda:0')]
[2019-03-05 19:26:04,829][WARNING][LCC:tensor(0.7185)]
[2019-03-05 19:26:04,829][WARNING][SROCC:tensor(0.6593)]
[2019-03-05 19:27:08,967][INFO][epoch:11	loss:tensor(3.7668, device='cuda:0')]
[2019-03-05 19:28:13,125][INFO][epoch:12	loss:tensor(3.6038, device='cuda:0')]
[2019-03-05 19:29:17,258][INFO][epoch:13	loss:tensor(3.7538, device='cuda:0')]
[2019-03-05 19:30:21,361][INFO][epoch:14	loss:tensor(3.5100, device='cuda:0')]
[2019-03-05 19:31:25,404][INFO][epoch:15	loss:tensor(3.5418, device='cuda:0')]
[2019-03-05 19:32:29,542][INFO][epoch:16	loss:tensor(3.4025, device='cuda:0')]
[2019-03-05 19:33:33,674][INFO][epoch:17	loss:tensor(3.4400, device='cuda:0')]
[2019-03-05 19:34:37,810][INFO][epoch:18	loss:tensor(3.6841, device='cuda:0')]
[2019-03-05 19:35:41,924][INFO][epoch:19	loss:tensor(3.2343, device='cuda:0')]
[2019-03-05 19:36:46,025][INFO][epoch:20	loss:tensor(3.2167, device='cuda:0')]
[2019-03-05 19:36:49,738][WARNING][LCC:tensor(0.7985)]
[2019-03-05 19:36:49,738][WARNING][SROCC:tensor(0.7473)]
[2019-03-05 19:37:53,861][INFO][epoch:21	loss:tensor(3.0967, device='cuda:0')]
[2019-03-05 19:38:57,988][INFO][epoch:22	loss:tensor(3.1763, device='cuda:0')]
[2019-03-05 19:40:02,112][INFO][epoch:23	loss:tensor(3.1708, device='cuda:0')]
[2019-03-05 19:41:06,224][INFO][epoch:24	loss:tensor(3.0297, device='cuda:0')]
[2019-03-05 19:42:10,360][INFO][epoch:25	loss:tensor(3.0954, device='cuda:0')]
[2019-03-05 19:43:14,456][INFO][epoch:26	loss:tensor(3.1028, device='cuda:0')]
[2019-03-05 19:44:18,642][INFO][epoch:27	loss:tensor(2.8800, device='cuda:0')]
[2019-03-05 19:45:22,734][INFO][epoch:28	loss:tensor(3.0013, device='cuda:0')]
[2019-03-05 19:46:26,850][INFO][epoch:29	loss:tensor(2.9739, device='cuda:0')]
[2019-03-05 19:47:30,975][INFO][epoch:30	loss:tensor(2.8452, device='cuda:0')]
[2019-03-05 19:47:34,672][WARNING][LCC:tensor(0.8184)]
[2019-03-05 19:47:34,673][WARNING][SROCC:tensor(0.7821)]
[2019-03-05 19:48:38,796][INFO][epoch:31	loss:tensor(2.9551, device='cuda:0')]
[2019-03-05 19:49:42,868][INFO][epoch:32	loss:tensor(2.8179, device='cuda:0')]
[2019-03-05 19:50:47,022][INFO][epoch:33	loss:tensor(2.8854, device='cuda:0')]
[2019-03-05 19:51:51,102][INFO][epoch:34	loss:tensor(2.6456, device='cuda:0')]
[2019-03-05 19:52:55,203][INFO][epoch:35	loss:tensor(2.7312, device='cuda:0')]
[2019-03-05 19:53:59,295][INFO][epoch:36	loss:tensor(2.6461, device='cuda:0')]
[2019-03-05 19:55:03,387][INFO][epoch:37	loss:tensor(2.6318, device='cuda:0')]
[2019-03-05 19:56:07,477][INFO][epoch:38	loss:tensor(2.7409, device='cuda:0')]
[2019-03-05 19:57:11,530][INFO][epoch:39	loss:tensor(2.6686, device='cuda:0')]
[2019-03-05 19:58:15,574][INFO][epoch:40	loss:tensor(2.6905, device='cuda:0')]
[2019-03-05 19:58:19,279][WARNING][LCC:tensor(0.8634)]
[2019-03-05 19:58:19,280][WARNING][SROCC:tensor(0.8491)]
[2019-03-05 19:59:23,335][INFO][epoch:41	loss:tensor(2.5927, device='cuda:0')]
[2019-03-05 20:00:27,363][INFO][epoch:42	loss:tensor(2.5751, device='cuda:0')]
[2019-03-05 20:01:31,448][INFO][epoch:43	loss:tensor(2.5762, device='cuda:0')]
[2019-03-05 20:02:35,499][INFO][epoch:44	loss:tensor(2.5381, device='cuda:0')]
[2019-03-05 20:03:39,571][INFO][epoch:45	loss:tensor(2.5794, device='cuda:0')]
[2019-03-05 20:04:43,685][INFO][epoch:46	loss:tensor(2.6242, device='cuda:0')]
[2019-03-05 20:05:47,770][INFO][epoch:47	loss:tensor(2.5275, device='cuda:0')]
[2019-03-05 20:06:51,827][INFO][epoch:48	loss:tensor(2.6242, device='cuda:0')]
[2019-03-05 20:07:55,908][INFO][epoch:49	loss:tensor(2.4809, device='cuda:0')]
[2019-03-05 20:08:59,957][INFO][epoch:50	loss:tensor(2.3854, device='cuda:0')]
[2019-03-05 20:09:03,677][WARNING][LCC:tensor(0.8552)]
[2019-03-05 20:09:03,678][WARNING][SROCC:tensor(0.8340)]
[2019-03-05 20:09:03,678][WARNING][Model saved]
[2019-03-05 20:10:07,946][INFO][epoch:51	loss:tensor(2.4742, device='cuda:0')]
[2019-03-05 20:11:12,016][INFO][epoch:52	loss:tensor(2.3891, device='cuda:0')]
[2019-03-05 20:12:16,097][INFO][epoch:53	loss:tensor(2.4191, device='cuda:0')]
[2019-03-05 20:13:20,200][INFO][epoch:54	loss:tensor(2.4994, device='cuda:0')]
[2019-03-05 20:14:24,324][INFO][epoch:55	loss:tensor(2.2588, device='cuda:0')]
[2019-03-05 20:15:28,389][INFO][epoch:56	loss:tensor(2.3030, device='cuda:0')]
[2019-03-05 20:16:32,465][INFO][epoch:57	loss:tensor(2.5014, device='cuda:0')]
[2019-03-05 20:17:36,544][INFO][epoch:58	loss:tensor(2.1023, device='cuda:0')]
[2019-03-05 20:18:40,584][INFO][epoch:59	loss:tensor(2.3696, device='cuda:0')]
[2019-03-05 20:19:44,629][INFO][epoch:60	loss:tensor(2.2516, device='cuda:0')]
[2019-03-05 20:19:48,329][WARNING][LCC:tensor(0.8740)]
[2019-03-05 20:19:48,330][WARNING][SROCC:tensor(0.8735)]
[2019-03-05 20:20:52,418][INFO][epoch:61	loss:tensor(2.1452, device='cuda:0')]
[2019-03-05 20:21:56,519][INFO][epoch:62	loss:tensor(2.2958, device='cuda:0')]
[2019-03-05 20:23:00,619][INFO][epoch:63	loss:tensor(2.2285, device='cuda:0')]
[2019-03-05 20:24:04,716][INFO][epoch:64	loss:tensor(2.3152, device='cuda:0')]
[2019-03-05 20:25:08,811][INFO][epoch:65	loss:tensor(2.1045, device='cuda:0')]
[2019-03-05 20:26:12,874][INFO][epoch:66	loss:tensor(2.1306, device='cuda:0')]
[2019-03-05 20:27:16,914][INFO][epoch:67	loss:tensor(2.1273, device='cuda:0')]
[2019-03-05 20:28:20,972][INFO][epoch:68	loss:tensor(2.1523, device='cuda:0')]
[2019-03-05 20:29:25,058][INFO][epoch:69	loss:tensor(2.3428, device='cuda:0')]
[2019-03-05 20:30:29,111][INFO][epoch:70	loss:tensor(2.2652, device='cuda:0')]
[2019-03-05 20:30:32,804][WARNING][LCC:tensor(0.8852)]
[2019-03-05 20:30:32,805][WARNING][SROCC:tensor(0.8771)]
[2019-03-05 20:31:36,851][INFO][epoch:71	loss:tensor(2.1973, device='cuda:0')]
[2019-03-05 20:32:40,901][INFO][epoch:72	loss:tensor(2.1351, device='cuda:0')]
[2019-03-05 20:33:44,990][INFO][epoch:73	loss:tensor(2.3122, device='cuda:0')]
[2019-03-05 20:34:49,070][INFO][epoch:74	loss:tensor(2.0458, device='cuda:0')]
[2019-03-05 20:35:53,128][INFO][epoch:75	loss:tensor(2.0900, device='cuda:0')]
[2019-03-05 20:36:57,177][INFO][epoch:76	loss:tensor(2.0209, device='cuda:0')]
[2019-03-05 20:38:01,267][INFO][epoch:77	loss:tensor(2.1724, device='cuda:0')]
[2019-03-05 20:39:05,484][INFO][epoch:78	loss:tensor(2.0690, device='cuda:0')]
[2019-03-05 20:40:09,813][INFO][epoch:79	loss:tensor(2.1793, device='cuda:0')]
[2019-03-05 20:41:13,926][INFO][epoch:80	loss:tensor(2.0857, device='cuda:0')]
[2019-03-05 20:41:17,626][WARNING][LCC:tensor(0.8704)]
[2019-03-05 20:41:17,626][WARNING][SROCC:tensor(0.8540)]
[2019-03-05 20:42:21,690][INFO][epoch:81	loss:tensor(2.0671, device='cuda:0')]
[2019-03-05 20:43:25,760][INFO][epoch:82	loss:tensor(2.1459, device='cuda:0')]
[2019-03-05 20:44:29,832][INFO][epoch:83	loss:tensor(2.0635, device='cuda:0')]
[2019-03-05 20:45:33,884][INFO][epoch:84	loss:tensor(2.1238, device='cuda:0')]
[2019-03-05 20:46:37,939][INFO][epoch:85	loss:tensor(1.9869, device='cuda:0')]
[2019-03-05 20:47:42,004][INFO][epoch:86	loss:tensor(2.1399, device='cuda:0')]
[2019-03-05 20:48:46,044][INFO][epoch:87	loss:tensor(1.9945, device='cuda:0')]
[2019-03-05 20:49:50,100][INFO][epoch:88	loss:tensor(2.1751, device='cuda:0')]
[2019-03-05 20:50:54,184][INFO][epoch:89	loss:tensor(2.0019, device='cuda:0')]
[2019-03-05 20:51:58,258][INFO][epoch:90	loss:tensor(2.0598, device='cuda:0')]
[2019-03-05 20:52:01,948][WARNING][LCC:tensor(0.8959)]
[2019-03-05 20:52:01,948][WARNING][SROCC:tensor(0.8882)]
[2019-03-05 20:53:06,022][INFO][epoch:91	loss:tensor(2.0147, device='cuda:0')]
[2019-03-05 20:54:10,074][INFO][epoch:92	loss:tensor(2.0732, device='cuda:0')]
[2019-03-05 20:55:14,165][INFO][epoch:93	loss:tensor(2.0260, device='cuda:0')]
[2019-03-05 20:56:18,222][INFO][epoch:94	loss:tensor(1.8962, device='cuda:0')]
[2019-03-05 20:57:22,294][INFO][epoch:95	loss:tensor(1.8555, device='cuda:0')]
[2019-03-05 20:58:26,350][INFO][epoch:96	loss:tensor(2.0211, device='cuda:0')]
[2019-03-05 20:59:30,443][INFO][epoch:97	loss:tensor(1.9781, device='cuda:0')]
[2019-03-05 21:00:34,501][INFO][epoch:98	loss:tensor(2.0199, device='cuda:0')]
[2019-03-05 21:01:38,538][INFO][epoch:99	loss:tensor(2.0202, device='cuda:0')]
[2019-03-05 21:02:42,594][INFO][epoch:100	loss:tensor(2.0197, device='cuda:0')]
[2019-03-05 21:02:46,278][WARNING][LCC:tensor(0.8735)]
[2019-03-05 21:02:46,278][WARNING][SROCC:tensor(0.8703)]
[2019-03-05 21:02:46,278][WARNING][Model saved]
[2019-03-05 21:03:50,485][INFO][epoch:101	loss:tensor(1.9697, device='cuda:0')]
[2019-03-05 21:04:54,567][INFO][epoch:102	loss:tensor(2.0254, device='cuda:0')]
[2019-03-05 21:05:58,603][INFO][epoch:103	loss:tensor(1.9842, device='cuda:0')]
[2019-03-05 21:07:02,665][INFO][epoch:104	loss:tensor(1.9961, device='cuda:0')]
[2019-03-05 21:08:06,763][INFO][epoch:105	loss:tensor(1.8773, device='cuda:0')]
[2019-03-05 21:09:10,811][INFO][epoch:106	loss:tensor(1.9623, device='cuda:0')]
[2019-03-05 21:10:14,836][INFO][epoch:107	loss:tensor(2.0140, device='cuda:0')]
[2019-03-05 21:11:18,879][INFO][epoch:108	loss:tensor(1.9868, device='cuda:0')]
[2019-03-05 21:12:22,910][INFO][epoch:109	loss:tensor(1.9172, device='cuda:0')]
[2019-03-05 21:13:26,970][INFO][epoch:110	loss:tensor(1.9647, device='cuda:0')]
[2019-03-05 21:13:30,660][WARNING][LCC:tensor(0.9103)]
[2019-03-05 21:13:30,660][WARNING][SROCC:tensor(0.9084)]
[2019-03-05 21:14:34,746][INFO][epoch:111	loss:tensor(1.9192, device='cuda:0')]
[2019-03-05 21:15:38,799][INFO][epoch:112	loss:tensor(1.9467, device='cuda:0')]
[2019-03-05 21:16:42,836][INFO][epoch:113	loss:tensor(1.9493, device='cuda:0')]
[2019-03-05 21:17:46,890][INFO][epoch:114	loss:tensor(1.9883, device='cuda:0')]
[2019-03-05 21:18:50,965][INFO][epoch:115	loss:tensor(1.8615, device='cuda:0')]
[2019-03-05 21:19:55,009][INFO][epoch:116	loss:tensor(1.9760, device='cuda:0')]
[2019-03-05 21:20:59,041][INFO][epoch:117	loss:tensor(1.9086, device='cuda:0')]
[2019-03-05 21:22:03,091][INFO][epoch:118	loss:tensor(1.8435, device='cuda:0')]
[2019-03-05 21:23:07,144][INFO][epoch:119	loss:tensor(1.7713, device='cuda:0')]
[2019-03-05 21:24:11,227][INFO][epoch:120	loss:tensor(1.8079, device='cuda:0')]
[2019-03-05 21:24:14,919][WARNING][LCC:tensor(0.8540)]
[2019-03-05 21:24:14,919][WARNING][SROCC:tensor(0.8645)]
[2019-03-05 21:25:18,999][INFO][epoch:121	loss:tensor(1.8446, device='cuda:0')]
[2019-03-05 21:26:23,017][INFO][epoch:122	loss:tensor(1.9156, device='cuda:0')]
[2019-03-05 21:27:27,053][INFO][epoch:123	loss:tensor(1.8534, device='cuda:0')]
[2019-03-05 21:28:31,067][INFO][epoch:124	loss:tensor(1.8327, device='cuda:0')]
[2019-03-05 21:29:35,133][INFO][epoch:125	loss:tensor(1.8489, device='cuda:0')]
[2019-03-05 21:30:39,173][INFO][epoch:126	loss:tensor(1.8030, device='cuda:0')]
[2019-03-05 21:31:43,212][INFO][epoch:127	loss:tensor(1.8099, device='cuda:0')]
[2019-03-05 21:32:47,228][INFO][epoch:128	loss:tensor(1.9519, device='cuda:0')]
[2019-03-05 21:33:51,272][INFO][epoch:129	loss:tensor(1.8326, device='cuda:0')]
[2019-03-05 21:34:55,332][INFO][epoch:130	loss:tensor(1.9147, device='cuda:0')]
[2019-03-05 21:34:59,011][WARNING][LCC:tensor(0.8974)]
[2019-03-05 21:34:59,012][WARNING][SROCC:tensor(0.9009)]
[2019-03-05 21:36:03,058][INFO][epoch:131	loss:tensor(1.8164, device='cuda:0')]
[2019-03-05 21:37:07,104][INFO][epoch:132	loss:tensor(1.9328, device='cuda:0')]
[2019-03-05 21:38:11,129][INFO][epoch:133	loss:tensor(1.7863, device='cuda:0')]
[2019-03-05 21:39:15,144][INFO][epoch:134	loss:tensor(1.8094, device='cuda:0')]
[2019-03-05 21:40:19,159][INFO][epoch:135	loss:tensor(1.8877, device='cuda:0')]
[2019-03-05 21:41:23,221][INFO][epoch:136	loss:tensor(1.8347, device='cuda:0')]
[2019-03-05 21:42:27,282][INFO][epoch:137	loss:tensor(1.8521, device='cuda:0')]
[2019-03-05 21:43:31,323][INFO][epoch:138	loss:tensor(1.8191, device='cuda:0')]
[2019-03-05 21:44:35,383][INFO][epoch:139	loss:tensor(1.8285, device='cuda:0')]
[2019-03-05 21:45:39,430][INFO][epoch:140	loss:tensor(1.7455, device='cuda:0')]
[2019-03-05 21:45:43,131][WARNING][LCC:tensor(0.9017)]
[2019-03-05 21:45:43,132][WARNING][SROCC:tensor(0.9024)]
[2019-03-05 21:46:47,170][INFO][epoch:141	loss:tensor(1.8311, device='cuda:0')]
[2019-03-05 21:47:51,215][INFO][epoch:142	loss:tensor(1.8300, device='cuda:0')]
[2019-03-05 21:48:55,232][INFO][epoch:143	loss:tensor(1.7822, device='cuda:0')]
[2019-03-05 21:49:59,311][INFO][epoch:144	loss:tensor(1.8646, device='cuda:0')]
[2019-03-05 21:51:03,346][INFO][epoch:145	loss:tensor(1.7938, device='cuda:0')]
[2019-03-05 21:52:07,431][INFO][epoch:146	loss:tensor(1.8076, device='cuda:0')]
[2019-03-05 21:53:11,469][INFO][epoch:147	loss:tensor(1.7742, device='cuda:0')]
[2019-03-05 21:54:15,516][INFO][epoch:148	loss:tensor(1.7908, device='cuda:0')]
[2019-03-05 21:55:19,560][INFO][epoch:149	loss:tensor(1.7650, device='cuda:0')]
[2019-03-05 21:56:23,610][INFO][epoch:150	loss:tensor(1.7157, device='cuda:0')]
[2019-03-05 21:56:27,304][WARNING][LCC:tensor(0.9167)]
[2019-03-05 21:56:27,304][WARNING][SROCC:tensor(0.9120)]
[2019-03-05 21:56:27,304][WARNING][Model saved]
[2019-03-05 21:57:31,470][INFO][epoch:151	loss:tensor(1.8029, device='cuda:0')]
[2019-03-05 21:58:35,498][INFO][epoch:152	loss:tensor(1.7393, device='cuda:0')]
[2019-03-05 21:59:39,542][INFO][epoch:153	loss:tensor(1.7742, device='cuda:0')]
[2019-03-05 22:00:43,564][INFO][epoch:154	loss:tensor(1.7174, device='cuda:0')]
[2019-03-05 22:01:47,609][INFO][epoch:155	loss:tensor(1.7312, device='cuda:0')]
[2019-03-05 22:02:51,666][INFO][epoch:156	loss:tensor(1.7342, device='cuda:0')]
[2019-03-05 22:03:55,714][INFO][epoch:157	loss:tensor(1.8457, device='cuda:0')]
[2019-03-05 22:04:59,809][INFO][epoch:158	loss:tensor(1.7632, device='cuda:0')]
[2019-03-05 22:06:03,844][INFO][epoch:159	loss:tensor(1.7858, device='cuda:0')]
[2019-03-05 22:07:07,880][INFO][epoch:160	loss:tensor(1.6995, device='cuda:0')]
[2019-03-05 22:07:11,574][WARNING][LCC:tensor(0.9061)]
[2019-03-05 22:07:11,574][WARNING][SROCC:tensor(0.9002)]
[2019-03-05 22:08:15,612][INFO][epoch:161	loss:tensor(1.7561, device='cuda:0')]
[2019-03-05 22:09:19,628][INFO][epoch:162	loss:tensor(1.8407, device='cuda:0')]
[2019-03-05 22:10:23,690][INFO][epoch:163	loss:tensor(1.6839, device='cuda:0')]
[2019-03-05 22:11:27,723][INFO][epoch:164	loss:tensor(1.7560, device='cuda:0')]
[2019-03-05 22:12:31,771][INFO][epoch:165	loss:tensor(1.6675, device='cuda:0')]
[2019-03-05 22:13:35,806][INFO][epoch:166	loss:tensor(1.7790, device='cuda:0')]
[2019-03-05 22:14:39,846][INFO][epoch:167	loss:tensor(1.7888, device='cuda:0')]
[2019-03-05 22:15:43,918][INFO][epoch:168	loss:tensor(1.6701, device='cuda:0')]
[2019-03-05 22:16:47,946][INFO][epoch:169	loss:tensor(1.7311, device='cuda:0')]
[2019-03-05 22:17:52,013][INFO][epoch:170	loss:tensor(1.7301, device='cuda:0')]
[2019-03-05 22:17:55,690][WARNING][LCC:tensor(0.8867)]
[2019-03-05 22:17:55,691][WARNING][SROCC:tensor(0.8702)]
[2019-03-05 22:18:59,705][INFO][epoch:171	loss:tensor(1.7772, device='cuda:0')]
[2019-03-05 22:20:03,753][INFO][epoch:172	loss:tensor(1.7835, device='cuda:0')]
[2019-03-05 22:21:07,776][INFO][epoch:173	loss:tensor(1.7106, device='cuda:0')]
[2019-03-05 22:22:11,815][INFO][epoch:174	loss:tensor(1.7544, device='cuda:0')]
[2019-03-05 22:23:15,846][INFO][epoch:175	loss:tensor(1.6811, device='cuda:0')]
[2019-03-05 22:24:19,901][INFO][epoch:176	loss:tensor(1.7646, device='cuda:0')]
[2019-03-05 22:25:23,939][INFO][epoch:177	loss:tensor(1.6788, device='cuda:0')]
[2019-03-05 22:26:28,009][INFO][epoch:178	loss:tensor(1.7006, device='cuda:0')]
[2019-03-05 22:27:32,058][INFO][epoch:179	loss:tensor(1.7826, device='cuda:0')]
[2019-03-05 22:28:36,124][INFO][epoch:180	loss:tensor(1.7297, device='cuda:0')]
[2019-03-05 22:28:39,818][WARNING][LCC:tensor(0.8918)]
[2019-03-05 22:28:39,819][WARNING][SROCC:tensor(0.8871)]
[2019-03-05 22:29:43,865][INFO][epoch:181	loss:tensor(1.7030, device='cuda:0')]
[2019-03-05 22:30:47,900][INFO][epoch:182	loss:tensor(1.7034, device='cuda:0')]
[2019-03-05 22:31:51,907][INFO][epoch:183	loss:tensor(1.7365, device='cuda:0')]
[2019-03-05 22:32:55,937][INFO][epoch:184	loss:tensor(1.7187, device='cuda:0')]
[2019-03-05 22:33:59,968][INFO][epoch:185	loss:tensor(1.7536, device='cuda:0')]
[2019-03-05 22:35:04,059][INFO][epoch:186	loss:tensor(1.6905, device='cuda:0')]
[2019-03-05 22:36:08,094][INFO][epoch:187	loss:tensor(1.8744, device='cuda:0')]
[2019-03-05 22:37:12,136][INFO][epoch:188	loss:tensor(1.6653, device='cuda:0')]
[2019-03-05 22:38:16,189][INFO][epoch:189	loss:tensor(1.6375, device='cuda:0')]
[2019-03-05 22:39:20,193][INFO][epoch:190	loss:tensor(1.7231, device='cuda:0')]
[2019-03-05 22:39:23,886][WARNING][LCC:tensor(0.8980)]
[2019-03-05 22:39:23,887][WARNING][SROCC:tensor(0.8932)]
[2019-03-05 22:40:27,916][INFO][epoch:191	loss:tensor(1.5963, device='cuda:0')]
[2019-03-05 22:41:31,979][INFO][epoch:192	loss:tensor(1.6764, device='cuda:0')]
[2019-03-05 22:42:36,242][INFO][epoch:193	loss:tensor(1.6533, device='cuda:0')]
[2019-03-05 22:43:40,307][INFO][epoch:194	loss:tensor(1.6842, device='cuda:0')]
[2019-03-05 22:44:44,395][INFO][epoch:195	loss:tensor(1.7101, device='cuda:0')]
[2019-03-05 22:45:48,417][INFO][epoch:196	loss:tensor(1.6855, device='cuda:0')]
[2019-03-05 22:46:52,507][INFO][epoch:197	loss:tensor(1.6963, device='cuda:0')]
[2019-03-05 22:47:56,533][INFO][epoch:198	loss:tensor(1.6197, device='cuda:0')]
[2019-03-05 22:49:00,545][INFO][epoch:199	loss:tensor(1.7114, device='cuda:0')]
[2019-03-05 22:50:04,596][INFO][epoch:200	loss:tensor(1.6626, device='cuda:0')]
[2019-03-05 22:50:08,286][WARNING][LCC:tensor(0.9152)]
[2019-03-05 22:50:08,287][WARNING][SROCC:tensor(0.9105)]
[2019-03-05 22:50:08,287][WARNING][Model saved]
[2019-03-05 22:51:12,443][INFO][epoch:201	loss:tensor(1.6240, device='cuda:0')]
[2019-03-05 22:52:16,520][INFO][epoch:202	loss:tensor(1.6190, device='cuda:0')]
[2019-03-05 22:53:20,520][INFO][epoch:203	loss:tensor(1.6452, device='cuda:0')]
[2019-03-05 22:54:24,536][INFO][epoch:204	loss:tensor(1.6668, device='cuda:0')]
[2019-03-05 22:55:28,575][INFO][epoch:205	loss:tensor(1.6492, device='cuda:0')]
[2019-03-05 22:56:32,608][INFO][epoch:206	loss:tensor(1.6489, device='cuda:0')]
[2019-03-05 22:57:36,699][INFO][epoch:207	loss:tensor(1.6803, device='cuda:0')]
[2019-03-05 22:58:40,737][INFO][epoch:208	loss:tensor(1.6605, device='cuda:0')]
[2019-03-05 22:59:44,838][INFO][epoch:209	loss:tensor(1.7045, device='cuda:0')]
[2019-03-05 23:00:48,879][INFO][epoch:210	loss:tensor(1.5527, device='cuda:0')]
[2019-03-05 23:00:52,553][WARNING][LCC:tensor(0.9220)]
[2019-03-05 23:00:52,553][WARNING][SROCC:tensor(0.9240)]
[2019-03-05 23:01:56,611][INFO][epoch:211	loss:tensor(1.5539, device='cuda:0')]
[2019-03-05 23:03:00,635][INFO][epoch:212	loss:tensor(1.6065, device='cuda:0')]
[2019-03-05 23:04:04,680][INFO][epoch:213	loss:tensor(1.6101, device='cuda:0')]
[2019-03-05 23:05:08,718][INFO][epoch:214	loss:tensor(1.7049, device='cuda:0')]
[2019-03-05 23:06:12,781][INFO][epoch:215	loss:tensor(1.5610, device='cuda:0')]
[2019-03-05 23:07:16,798][INFO][epoch:216	loss:tensor(1.6141, device='cuda:0')]
[2019-03-05 23:08:20,822][INFO][epoch:217	loss:tensor(1.6382, device='cuda:0')]
[2019-03-05 23:09:24,885][INFO][epoch:218	loss:tensor(1.7183, device='cuda:0')]
[2019-03-05 23:10:28,914][INFO][epoch:219	loss:tensor(1.5754, device='cuda:0')]
[2019-03-05 23:11:32,926][INFO][epoch:220	loss:tensor(1.6421, device='cuda:0')]
[2019-03-05 23:11:36,607][WARNING][LCC:tensor(0.8995)]
[2019-03-05 23:11:36,607][WARNING][SROCC:tensor(0.8918)]
[2019-03-05 23:12:40,638][INFO][epoch:221	loss:tensor(1.6512, device='cuda:0')]
[2019-03-05 23:13:44,676][INFO][epoch:222	loss:tensor(1.6074, device='cuda:0')]
[2019-03-05 23:14:48,755][INFO][epoch:223	loss:tensor(1.7133, device='cuda:0')]
[2019-03-05 23:15:52,824][INFO][epoch:224	loss:tensor(1.5342, device='cuda:0')]
[2019-03-05 23:16:56,891][INFO][epoch:225	loss:tensor(1.6279, device='cuda:0')]
[2019-03-05 23:18:00,945][INFO][epoch:226	loss:tensor(1.6311, device='cuda:0')]
[2019-03-05 23:19:04,981][INFO][epoch:227	loss:tensor(1.6427, device='cuda:0')]
[2019-03-05 23:20:09,013][INFO][epoch:228	loss:tensor(1.6077, device='cuda:0')]
[2019-03-05 23:21:13,039][INFO][epoch:229	loss:tensor(1.6017, device='cuda:0')]
[2019-03-05 23:22:17,057][INFO][epoch:230	loss:tensor(1.6171, device='cuda:0')]
[2019-03-05 23:22:20,769][WARNING][LCC:tensor(0.9166)]
[2019-03-05 23:22:20,769][WARNING][SROCC:tensor(0.9150)]
[2019-03-05 23:23:24,830][INFO][epoch:231	loss:tensor(1.5788, device='cuda:0')]
[2019-03-05 23:24:28,894][INFO][epoch:232	loss:tensor(1.6228, device='cuda:0')]
[2019-03-05 23:25:32,938][INFO][epoch:233	loss:tensor(1.5942, device='cuda:0')]
[2019-03-05 23:26:36,970][INFO][epoch:234	loss:tensor(1.5737, device='cuda:0')]
[2019-03-05 23:27:41,013][INFO][epoch:235	loss:tensor(1.5805, device='cuda:0')]
[2019-03-05 23:28:45,043][INFO][epoch:236	loss:tensor(1.5758, device='cuda:0')]
[2019-03-05 23:29:49,100][INFO][epoch:237	loss:tensor(1.6206, device='cuda:0')]
[2019-03-05 23:30:53,150][INFO][epoch:238	loss:tensor(1.5440, device='cuda:0')]
[2019-03-05 23:31:57,197][INFO][epoch:239	loss:tensor(1.5915, device='cuda:0')]
[2019-03-05 23:33:01,259][INFO][epoch:240	loss:tensor(1.5678, device='cuda:0')]
[2019-03-05 23:33:04,957][WARNING][LCC:tensor(0.9045)]
[2019-03-05 23:33:04,957][WARNING][SROCC:tensor(0.9007)]
[2019-03-05 23:34:09,024][INFO][epoch:241	loss:tensor(1.5253, device='cuda:0')]
[2019-03-05 23:35:13,079][INFO][epoch:242	loss:tensor(1.6327, device='cuda:0')]
[2019-03-05 23:36:17,122][INFO][epoch:243	loss:tensor(1.6041, device='cuda:0')]
[2019-03-05 23:37:21,168][INFO][epoch:244	loss:tensor(1.6862, device='cuda:0')]
[2019-03-05 23:38:25,226][INFO][epoch:245	loss:tensor(1.5064, device='cuda:0')]
[2019-03-05 23:39:29,285][INFO][epoch:246	loss:tensor(1.5148, device='cuda:0')]
[2019-03-05 23:40:33,345][INFO][epoch:247	loss:tensor(1.6287, device='cuda:0')]
[2019-03-05 23:41:37,352][INFO][epoch:248	loss:tensor(1.6011, device='cuda:0')]
[2019-03-05 23:42:41,413][INFO][epoch:249	loss:tensor(1.5648, device='cuda:0')]
[2019-03-05 23:43:45,442][INFO][epoch:250	loss:tensor(1.5643, device='cuda:0')]
[2019-03-05 23:43:49,133][WARNING][LCC:tensor(0.9021)]
[2019-03-05 23:43:49,134][WARNING][SROCC:tensor(0.9043)]
[2019-03-05 23:43:49,134][WARNING][Model saved]
[2019-03-05 23:44:53,335][INFO][epoch:251	loss:tensor(1.5660, device='cuda:0')]
[2019-03-05 23:45:57,380][INFO][epoch:252	loss:tensor(1.4730, device='cuda:0')]
[2019-03-05 23:47:01,428][INFO][epoch:253	loss:tensor(1.5548, device='cuda:0')]
[2019-03-05 23:48:05,524][INFO][epoch:254	loss:tensor(1.5419, device='cuda:0')]
[2019-03-05 23:49:09,565][INFO][epoch:255	loss:tensor(1.5797, device='cuda:0')]
[2019-03-05 23:50:13,590][INFO][epoch:256	loss:tensor(1.5414, device='cuda:0')]
[2019-03-05 23:51:17,665][INFO][epoch:257	loss:tensor(1.5698, device='cuda:0')]
[2019-03-05 23:52:21,664][INFO][epoch:258	loss:tensor(1.5534, device='cuda:0')]
[2019-03-05 23:53:25,701][INFO][epoch:259	loss:tensor(1.5573, device='cuda:0')]
[2019-03-05 23:54:29,781][INFO][epoch:260	loss:tensor(1.6231, device='cuda:0')]
[2019-03-05 23:54:33,460][WARNING][LCC:tensor(0.9105)]
[2019-03-05 23:54:33,461][WARNING][SROCC:tensor(0.9130)]
[2019-03-05 23:55:37,510][INFO][epoch:261	loss:tensor(1.4704, device='cuda:0')]
[2019-03-05 23:56:41,573][INFO][epoch:262	loss:tensor(1.5556, device='cuda:0')]
[2019-03-05 23:57:45,632][INFO][epoch:263	loss:tensor(1.5317, device='cuda:0')]
[2019-03-05 23:58:49,699][INFO][epoch:264	loss:tensor(1.5606, device='cuda:0')]
[2019-03-05 23:59:53,741][INFO][epoch:265	loss:tensor(1.5047, device='cuda:0')]
[2019-03-06 00:00:57,796][INFO][epoch:266	loss:tensor(1.4601, device='cuda:0')]
[2019-03-06 00:02:01,838][INFO][epoch:267	loss:tensor(1.5182, device='cuda:0')]
[2019-03-06 00:03:05,909][INFO][epoch:268	loss:tensor(1.5477, device='cuda:0')]
[2019-03-06 00:04:09,984][INFO][epoch:269	loss:tensor(1.4860, device='cuda:0')]
[2019-03-06 00:05:14,035][INFO][epoch:270	loss:tensor(1.5516, device='cuda:0')]
[2019-03-06 00:05:17,733][WARNING][LCC:tensor(0.9002)]
[2019-03-06 00:05:17,734][WARNING][SROCC:tensor(0.8951)]
[2019-03-06 00:06:21,775][INFO][epoch:271	loss:tensor(1.5269, device='cuda:0')]
[2019-03-06 00:07:25,830][INFO][epoch:272	loss:tensor(1.4674, device='cuda:0')]
[2019-03-06 00:08:29,867][INFO][epoch:273	loss:tensor(1.5404, device='cuda:0')]
[2019-03-06 00:09:33,877][INFO][epoch:274	loss:tensor(1.5265, device='cuda:0')]
[2019-03-06 00:10:37,964][INFO][epoch:275	loss:tensor(1.4627, device='cuda:0')]
[2019-03-06 00:11:41,990][INFO][epoch:276	loss:tensor(1.5208, device='cuda:0')]
[2019-03-06 00:12:46,032][INFO][epoch:277	loss:tensor(1.4901, device='cuda:0')]
[2019-03-06 00:13:50,085][INFO][epoch:278	loss:tensor(1.5066, device='cuda:0')]
[2019-03-06 00:14:54,116][INFO][epoch:279	loss:tensor(1.4575, device='cuda:0')]
[2019-03-06 00:15:58,148][INFO][epoch:280	loss:tensor(1.5054, device='cuda:0')]
[2019-03-06 00:16:01,843][WARNING][LCC:tensor(0.9086)]
[2019-03-06 00:16:01,844][WARNING][SROCC:tensor(0.9067)]
[2019-03-06 00:17:05,918][INFO][epoch:281	loss:tensor(1.5405, device='cuda:0')]
[2019-03-06 00:18:09,941][INFO][epoch:282	loss:tensor(1.4957, device='cuda:0')]
[2019-03-06 00:19:13,956][INFO][epoch:283	loss:tensor(1.5118, device='cuda:0')]
[2019-03-06 00:20:18,028][INFO][epoch:284	loss:tensor(1.4150, device='cuda:0')]
[2019-03-06 00:21:22,054][INFO][epoch:285	loss:tensor(1.4753, device='cuda:0')]
[2019-03-06 00:22:26,091][INFO][epoch:286	loss:tensor(1.4822, device='cuda:0')]
[2019-03-06 00:23:30,113][INFO][epoch:287	loss:tensor(1.4850, device='cuda:0')]
[2019-03-06 00:24:34,150][INFO][epoch:288	loss:tensor(1.4857, device='cuda:0')]
[2019-03-06 00:25:38,188][INFO][epoch:289	loss:tensor(1.4751, device='cuda:0')]
[2019-03-06 00:26:42,212][INFO][epoch:290	loss:tensor(1.5796, device='cuda:0')]
[2019-03-06 00:26:45,891][WARNING][LCC:tensor(0.9053)]
[2019-03-06 00:26:45,891][WARNING][SROCC:tensor(0.9015)]
[2019-03-06 00:27:49,930][INFO][epoch:291	loss:tensor(1.5730, device='cuda:0')]
[2019-03-06 00:28:53,970][INFO][epoch:292	loss:tensor(1.3985, device='cuda:0')]
[2019-03-06 00:29:57,994][INFO][epoch:293	loss:tensor(1.4701, device='cuda:0')]
[2019-03-06 00:31:02,020][INFO][epoch:294	loss:tensor(1.4269, device='cuda:0')]
[2019-03-06 00:32:06,058][INFO][epoch:295	loss:tensor(1.4525, device='cuda:0')]
[2019-03-06 00:33:10,073][INFO][epoch:296	loss:tensor(1.4886, device='cuda:0')]
[2019-03-06 00:34:14,155][INFO][epoch:297	loss:tensor(1.5818, device='cuda:0')]
[2019-03-06 00:35:18,202][INFO][epoch:298	loss:tensor(1.4713, device='cuda:0')]
[2019-03-06 00:36:22,255][INFO][epoch:299	loss:tensor(1.4448, device='cuda:0')]
[2019-03-06 00:37:26,278][INFO][epoch:300	loss:tensor(1.4443, device='cuda:0')]
[2019-03-06 00:37:29,962][WARNING][LCC:tensor(0.9191)]
[2019-03-06 00:37:29,963][WARNING][SROCC:tensor(0.9168)]
[2019-03-06 00:37:29,963][WARNING][Model saved]
[2019-03-06 00:38:34,202][INFO][epoch:301	loss:tensor(1.4556, device='cuda:0')]
[2019-03-06 00:39:38,235][INFO][epoch:302	loss:tensor(1.4682, device='cuda:0')]
[2019-03-06 00:40:42,265][INFO][epoch:303	loss:tensor(1.5413, device='cuda:0')]
[2019-03-06 00:41:46,319][INFO][epoch:304	loss:tensor(1.4944, device='cuda:0')]
[2019-03-06 00:42:50,332][INFO][epoch:305	loss:tensor(1.5170, device='cuda:0')]
[2019-03-06 00:43:54,379][INFO][epoch:306	loss:tensor(1.4401, device='cuda:0')]
[2019-03-06 00:44:58,425][INFO][epoch:307	loss:tensor(1.4915, device='cuda:0')]
[2019-03-06 00:46:02,439][INFO][epoch:308	loss:tensor(1.4616, device='cuda:0')]
[2019-03-06 00:47:06,483][INFO][epoch:309	loss:tensor(1.4077, device='cuda:0')]
[2019-03-06 00:48:10,490][INFO][epoch:310	loss:tensor(1.4425, device='cuda:0')]
[2019-03-06 00:48:14,173][WARNING][LCC:tensor(0.9027)]
[2019-03-06 00:48:14,174][WARNING][SROCC:tensor(0.9021)]
[2019-03-06 00:49:18,223][INFO][epoch:311	loss:tensor(1.4010, device='cuda:0')]
[2019-03-06 00:50:22,292][INFO][epoch:312	loss:tensor(1.5104, device='cuda:0')]
[2019-03-06 00:51:26,312][INFO][epoch:313	loss:tensor(1.5154, device='cuda:0')]
[2019-03-06 00:52:30,354][INFO][epoch:314	loss:tensor(1.4209, device='cuda:0')]
[2019-03-06 00:53:34,378][INFO][epoch:315	loss:tensor(1.4739, device='cuda:0')]
[2019-03-06 00:54:38,393][INFO][epoch:316	loss:tensor(1.4873, device='cuda:0')]
[2019-03-06 00:55:42,466][INFO][epoch:317	loss:tensor(1.4534, device='cuda:0')]
[2019-03-06 00:56:46,516][INFO][epoch:318	loss:tensor(1.5019, device='cuda:0')]
[2019-03-06 00:57:50,563][INFO][epoch:319	loss:tensor(1.4176, device='cuda:0')]
[2019-03-06 00:58:54,622][INFO][epoch:320	loss:tensor(1.4743, device='cuda:0')]
[2019-03-06 00:58:58,307][WARNING][LCC:tensor(0.9028)]
[2019-03-06 00:58:58,307][WARNING][SROCC:tensor(0.8991)]
[2019-03-06 01:00:02,362][INFO][epoch:321	loss:tensor(1.4221, device='cuda:0')]
[2019-03-06 01:01:06,424][INFO][epoch:322	loss:tensor(1.4985, device='cuda:0')]
[2019-03-06 01:02:10,482][INFO][epoch:323	loss:tensor(1.4826, device='cuda:0')]
[2019-03-06 01:03:14,528][INFO][epoch:324	loss:tensor(1.4556, device='cuda:0')]
[2019-03-06 01:04:18,597][INFO][epoch:325	loss:tensor(1.4194, device='cuda:0')]
[2019-03-06 01:05:22,618][INFO][epoch:326	loss:tensor(1.4159, device='cuda:0')]
[2019-03-06 01:06:26,648][INFO][epoch:327	loss:tensor(1.3902, device='cuda:0')]
[2019-03-06 01:07:30,672][INFO][epoch:328	loss:tensor(1.4274, device='cuda:0')]
[2019-03-06 01:08:34,715][INFO][epoch:329	loss:tensor(1.4063, device='cuda:0')]
[2019-03-06 01:09:38,787][INFO][epoch:330	loss:tensor(1.4766, device='cuda:0')]
[2019-03-06 01:09:42,465][WARNING][LCC:tensor(0.9041)]
[2019-03-06 01:09:42,466][WARNING][SROCC:tensor(0.8991)]
[2019-03-06 01:10:46,523][INFO][epoch:331	loss:tensor(1.4044, device='cuda:0')]
[2019-03-06 01:11:50,550][INFO][epoch:332	loss:tensor(1.4464, device='cuda:0')]
[2019-03-06 01:12:54,603][INFO][epoch:333	loss:tensor(1.4585, device='cuda:0')]
[2019-03-06 01:13:58,670][INFO][epoch:334	loss:tensor(1.3235, device='cuda:0')]
[2019-03-06 01:15:02,714][INFO][epoch:335	loss:tensor(1.3727, device='cuda:0')]
[2019-03-06 01:16:06,769][INFO][epoch:336	loss:tensor(1.3839, device='cuda:0')]
[2019-03-06 01:17:10,827][INFO][epoch:337	loss:tensor(1.3493, device='cuda:0')]
[2019-03-06 01:18:14,862][INFO][epoch:338	loss:tensor(1.3899, device='cuda:0')]
[2019-03-06 01:19:18,947][INFO][epoch:339	loss:tensor(1.4951, device='cuda:0')]
[2019-03-06 01:20:22,985][INFO][epoch:340	loss:tensor(1.4405, device='cuda:0')]
[2019-03-06 01:20:26,667][WARNING][LCC:tensor(0.9037)]
[2019-03-06 01:20:26,668][WARNING][SROCC:tensor(0.9023)]
[2019-03-06 01:21:30,704][INFO][epoch:341	loss:tensor(1.4006, device='cuda:0')]
[2019-03-06 01:22:34,743][INFO][epoch:342	loss:tensor(1.4430, device='cuda:0')]
[2019-03-06 01:23:38,760][INFO][epoch:343	loss:tensor(1.4508, device='cuda:0')]
[2019-03-06 01:24:42,849][INFO][epoch:344	loss:tensor(1.4889, device='cuda:0')]
[2019-03-06 01:25:46,884][INFO][epoch:345	loss:tensor(1.4027, device='cuda:0')]
[2019-03-06 01:26:50,929][INFO][epoch:346	loss:tensor(1.3755, device='cuda:0')]
[2019-03-06 01:27:54,973][INFO][epoch:347	loss:tensor(1.4149, device='cuda:0')]
[2019-03-06 01:28:59,040][INFO][epoch:348	loss:tensor(1.3585, device='cuda:0')]
[2019-03-06 01:30:03,068][INFO][epoch:349	loss:tensor(1.4602, device='cuda:0')]
[2019-03-06 01:31:07,120][INFO][epoch:350	loss:tensor(1.3694, device='cuda:0')]
[2019-03-06 01:31:10,829][WARNING][LCC:tensor(0.9089)]
[2019-03-06 01:31:10,830][WARNING][SROCC:tensor(0.9118)]
[2019-03-06 01:31:10,830][WARNING][Model saved]
[2019-03-06 01:32:15,035][INFO][epoch:351	loss:tensor(1.4040, device='cuda:0')]
[2019-03-06 01:33:19,087][INFO][epoch:352	loss:tensor(1.4097, device='cuda:0')]
[2019-03-06 01:34:23,102][INFO][epoch:353	loss:tensor(1.3822, device='cuda:0')]
[2019-03-06 01:35:27,162][INFO][epoch:354	loss:tensor(1.4228, device='cuda:0')]
[2019-03-06 01:36:31,206][INFO][epoch:355	loss:tensor(1.3021, device='cuda:0')]
[2019-03-06 01:37:35,205][INFO][epoch:356	loss:tensor(1.3832, device='cuda:0')]
[2019-03-06 01:38:39,204][INFO][epoch:357	loss:tensor(1.4168, device='cuda:0')]
[2019-03-06 01:39:43,259][INFO][epoch:358	loss:tensor(1.3937, device='cuda:0')]
[2019-03-06 01:40:47,308][INFO][epoch:359	loss:tensor(1.4346, device='cuda:0')]
[2019-03-06 01:41:51,351][INFO][epoch:360	loss:tensor(1.3607, device='cuda:0')]
[2019-03-06 01:41:55,037][WARNING][LCC:tensor(0.9223)]
[2019-03-06 01:41:55,038][WARNING][SROCC:tensor(0.9197)]
[2019-03-06 01:42:59,059][INFO][epoch:361	loss:tensor(1.4508, device='cuda:0')]
[2019-03-06 01:44:03,087][INFO][epoch:362	loss:tensor(1.4453, device='cuda:0')]
[2019-03-06 01:45:07,101][INFO][epoch:363	loss:tensor(1.4051, device='cuda:0')]
[2019-03-06 01:46:11,123][INFO][epoch:364	loss:tensor(1.3895, device='cuda:0')]
[2019-03-06 01:47:15,153][INFO][epoch:365	loss:tensor(1.3790, device='cuda:0')]
[2019-03-06 01:48:19,597][INFO][epoch:366	loss:tensor(1.3050, device='cuda:0')]
[2019-03-06 01:49:24,401][INFO][epoch:367	loss:tensor(1.3322, device='cuda:0')]
[2019-03-06 01:50:28,475][INFO][epoch:368	loss:tensor(1.4015, device='cuda:0')]
[2019-03-06 01:51:32,441][INFO][epoch:369	loss:tensor(1.3486, device='cuda:0')]
[2019-03-06 01:52:36,474][INFO][epoch:370	loss:tensor(1.3079, device='cuda:0')]
[2019-03-06 01:52:40,170][WARNING][LCC:tensor(0.9029)]
[2019-03-06 01:52:40,171][WARNING][SROCC:tensor(0.9030)]
[2019-03-06 01:53:44,196][INFO][epoch:371	loss:tensor(1.4155, device='cuda:0')]
[2019-03-06 01:54:48,242][INFO][epoch:372	loss:tensor(1.3973, device='cuda:0')]
[2019-03-06 01:55:52,236][INFO][epoch:373	loss:tensor(1.4146, device='cuda:0')]
[2019-03-06 01:56:56,270][INFO][epoch:374	loss:tensor(1.3742, device='cuda:0')]
[2019-03-06 01:58:00,277][INFO][epoch:375	loss:tensor(1.3894, device='cuda:0')]
[2019-03-06 01:59:04,282][INFO][epoch:376	loss:tensor(1.3749, device='cuda:0')]
[2019-03-06 02:00:08,315][INFO][epoch:377	loss:tensor(1.3814, device='cuda:0')]
[2019-03-06 02:01:12,369][INFO][epoch:378	loss:tensor(1.3521, device='cuda:0')]
[2019-03-06 02:02:16,362][INFO][epoch:379	loss:tensor(1.4513, device='cuda:0')]
[2019-03-06 02:03:20,391][INFO][epoch:380	loss:tensor(1.3405, device='cuda:0')]
[2019-03-06 02:03:24,076][WARNING][LCC:tensor(0.9206)]
[2019-03-06 02:03:24,077][WARNING][SROCC:tensor(0.9212)]
[2019-03-06 02:04:28,155][INFO][epoch:381	loss:tensor(1.3417, device='cuda:0')]
[2019-03-06 02:05:32,184][INFO][epoch:382	loss:tensor(1.3121, device='cuda:0')]
[2019-03-06 02:06:36,180][INFO][epoch:383	loss:tensor(1.3411, device='cuda:0')]
[2019-03-06 02:07:40,179][INFO][epoch:384	loss:tensor(1.3617, device='cuda:0')]
[2019-03-06 02:08:44,193][INFO][epoch:385	loss:tensor(1.3402, device='cuda:0')]
[2019-03-06 02:09:48,169][INFO][epoch:386	loss:tensor(1.3517, device='cuda:0')]
[2019-03-06 02:10:52,206][INFO][epoch:387	loss:tensor(1.3786, device='cuda:0')]
[2019-03-06 02:11:56,223][INFO][epoch:388	loss:tensor(1.3725, device='cuda:0')]
[2019-03-06 02:13:00,260][INFO][epoch:389	loss:tensor(1.3481, device='cuda:0')]
[2019-03-06 02:14:04,275][INFO][epoch:390	loss:tensor(1.3437, device='cuda:0')]
[2019-03-06 02:14:07,979][WARNING][LCC:tensor(0.9096)]
[2019-03-06 02:14:07,980][WARNING][SROCC:tensor(0.9083)]
[2019-03-06 02:15:11,995][INFO][epoch:391	loss:tensor(1.3882, device='cuda:0')]
[2019-03-06 02:16:15,990][INFO][epoch:392	loss:tensor(1.3525, device='cuda:0')]
[2019-03-06 02:17:19,997][INFO][epoch:393	loss:tensor(1.3177, device='cuda:0')]
[2019-03-06 02:18:24,011][INFO][epoch:394	loss:tensor(1.3852, device='cuda:0')]
[2019-03-06 02:19:27,999][INFO][epoch:395	loss:tensor(1.3255, device='cuda:0')]
[2019-03-06 02:20:32,014][INFO][epoch:396	loss:tensor(1.3260, device='cuda:0')]
[2019-03-06 02:21:36,051][INFO][epoch:397	loss:tensor(1.2713, device='cuda:0')]
[2019-03-06 02:22:40,068][INFO][epoch:398	loss:tensor(1.3493, device='cuda:0')]
[2019-03-06 02:23:44,062][INFO][epoch:399	loss:tensor(1.3689, device='cuda:0')]
[2019-03-06 02:24:48,062][INFO][epoch:400	loss:tensor(1.3247, device='cuda:0')]
[2019-03-06 02:24:51,743][WARNING][LCC:tensor(0.9151)]
[2019-03-06 02:24:51,743][WARNING][SROCC:tensor(0.9175)]
[2019-03-06 02:24:51,744][WARNING][Model saved]
[2019-03-06 02:25:55,901][INFO][epoch:401	loss:tensor(1.3808, device='cuda:0')]
[2019-03-06 02:26:59,901][INFO][epoch:402	loss:tensor(1.3921, device='cuda:0')]
[2019-03-06 02:28:03,961][INFO][epoch:403	loss:tensor(1.3020, device='cuda:0')]
[2019-03-06 02:29:08,021][INFO][epoch:404	loss:tensor(1.3534, device='cuda:0')]
[2019-03-06 02:30:12,021][INFO][epoch:405	loss:tensor(1.3557, device='cuda:0')]
[2019-03-06 02:31:16,022][INFO][epoch:406	loss:tensor(1.3489, device='cuda:0')]
[2019-03-06 02:32:20,053][INFO][epoch:407	loss:tensor(1.3469, device='cuda:0')]
[2019-03-06 02:33:24,101][INFO][epoch:408	loss:tensor(1.3200, device='cuda:0')]
[2019-03-06 02:34:28,110][INFO][epoch:409	loss:tensor(1.3358, device='cuda:0')]
[2019-03-06 02:35:32,136][INFO][epoch:410	loss:tensor(1.3125, device='cuda:0')]
[2019-03-06 02:35:35,817][WARNING][LCC:tensor(0.9129)]
[2019-03-06 02:35:35,818][WARNING][SROCC:tensor(0.9095)]
[2019-03-06 02:36:39,855][INFO][epoch:411	loss:tensor(1.2613, device='cuda:0')]
[2019-03-06 02:37:43,878][INFO][epoch:412	loss:tensor(1.2709, device='cuda:0')]
[2019-03-06 02:38:47,911][INFO][epoch:413	loss:tensor(1.3585, device='cuda:0')]
[2019-03-06 02:39:51,922][INFO][epoch:414	loss:tensor(1.3476, device='cuda:0')]
[2019-03-06 02:40:55,925][INFO][epoch:415	loss:tensor(1.3291, device='cuda:0')]
[2019-03-06 02:41:59,917][INFO][epoch:416	loss:tensor(1.3363, device='cuda:0')]
[2019-03-06 02:43:03,924][INFO][epoch:417	loss:tensor(1.3515, device='cuda:0')]
[2019-03-06 02:44:07,950][INFO][epoch:418	loss:tensor(1.3737, device='cuda:0')]
[2019-03-06 02:45:11,932][INFO][epoch:419	loss:tensor(1.3040, device='cuda:0')]
[2019-03-06 02:46:15,960][INFO][epoch:420	loss:tensor(1.2453, device='cuda:0')]
[2019-03-06 02:46:19,648][WARNING][LCC:tensor(0.9118)]
[2019-03-06 02:46:19,649][WARNING][SROCC:tensor(0.9078)]
[2019-03-06 02:47:23,664][INFO][epoch:421	loss:tensor(1.3374, device='cuda:0')]
[2019-03-06 02:48:27,664][INFO][epoch:422	loss:tensor(1.3334, device='cuda:0')]
[2019-03-06 02:49:31,695][INFO][epoch:423	loss:tensor(1.3322, device='cuda:0')]
[2019-03-06 02:50:35,685][INFO][epoch:424	loss:tensor(1.3629, device='cuda:0')]
[2019-03-06 02:51:39,727][INFO][epoch:425	loss:tensor(1.2919, device='cuda:0')]
[2019-03-06 02:52:43,739][INFO][epoch:426	loss:tensor(1.2880, device='cuda:0')]
[2019-03-06 02:53:47,751][INFO][epoch:427	loss:tensor(1.3225, device='cuda:0')]
[2019-03-06 02:54:51,766][INFO][epoch:428	loss:tensor(1.3079, device='cuda:0')]
[2019-03-06 02:55:55,752][INFO][epoch:429	loss:tensor(1.2872, device='cuda:0')]
[2019-03-06 02:56:59,795][INFO][epoch:430	loss:tensor(1.3242, device='cuda:0')]
[2019-03-06 02:57:03,494][WARNING][LCC:tensor(0.9052)]
[2019-03-06 02:57:03,495][WARNING][SROCC:tensor(0.9032)]
[2019-03-06 02:58:07,519][INFO][epoch:431	loss:tensor(1.3058, device='cuda:0')]
[2019-03-06 02:59:11,550][INFO][epoch:432	loss:tensor(1.2770, device='cuda:0')]
[2019-03-06 03:00:15,573][INFO][epoch:433	loss:tensor(1.3237, device='cuda:0')]
[2019-03-06 03:01:19,588][INFO][epoch:434	loss:tensor(1.3773, device='cuda:0')]
[2019-03-06 03:02:23,578][INFO][epoch:435	loss:tensor(1.3462, device='cuda:0')]
[2019-03-06 03:03:27,592][INFO][epoch:436	loss:tensor(1.2452, device='cuda:0')]
[2019-03-06 03:04:31,581][INFO][epoch:437	loss:tensor(1.2991, device='cuda:0')]
[2019-03-06 03:05:35,561][INFO][epoch:438	loss:tensor(1.3380, device='cuda:0')]
[2019-03-06 03:06:39,591][INFO][epoch:439	loss:tensor(1.2906, device='cuda:0')]
[2019-03-06 03:07:43,574][INFO][epoch:440	loss:tensor(1.2868, device='cuda:0')]
[2019-03-06 03:07:47,254][WARNING][LCC:tensor(0.8997)]
[2019-03-06 03:07:47,255][WARNING][SROCC:tensor(0.9025)]
[2019-03-06 03:08:51,290][INFO][epoch:441	loss:tensor(1.3014, device='cuda:0')]
[2019-03-06 03:09:55,294][INFO][epoch:442	loss:tensor(1.2349, device='cuda:0')]
[2019-03-06 03:10:59,300][INFO][epoch:443	loss:tensor(1.3460, device='cuda:0')]
[2019-03-06 03:12:03,287][INFO][epoch:444	loss:tensor(1.2886, device='cuda:0')]
[2019-03-06 03:13:07,267][INFO][epoch:445	loss:tensor(1.2857, device='cuda:0')]
[2019-03-06 03:14:11,282][INFO][epoch:446	loss:tensor(1.3404, device='cuda:0')]
[2019-03-06 03:15:15,304][INFO][epoch:447	loss:tensor(1.2755, device='cuda:0')]
[2019-03-06 03:16:19,330][INFO][epoch:448	loss:tensor(1.3163, device='cuda:0')]
[2019-03-06 03:17:23,401][INFO][epoch:449	loss:tensor(1.2668, device='cuda:0')]
[2019-03-06 03:18:27,419][INFO][epoch:450	loss:tensor(1.3065, device='cuda:0')]
[2019-03-06 03:18:31,108][WARNING][LCC:tensor(0.9028)]
[2019-03-06 03:18:31,109][WARNING][SROCC:tensor(0.9013)]
[2019-03-06 03:18:31,109][WARNING][Model saved]
[2019-03-06 03:19:35,259][INFO][epoch:451	loss:tensor(1.3423, device='cuda:0')]
[2019-03-06 03:20:39,261][INFO][epoch:452	loss:tensor(1.3428, device='cuda:0')]
[2019-03-06 03:21:43,286][INFO][epoch:453	loss:tensor(1.2634, device='cuda:0')]
[2019-03-06 03:22:47,220][INFO][epoch:454	loss:tensor(1.2836, device='cuda:0')]
[2019-03-06 03:23:51,235][INFO][epoch:455	loss:tensor(1.2533, device='cuda:0')]
[2019-03-06 03:24:55,210][INFO][epoch:456	loss:tensor(1.3087, device='cuda:0')]
[2019-03-06 03:25:59,212][INFO][epoch:457	loss:tensor(1.2596, device='cuda:0')]
[2019-03-06 03:27:03,232][INFO][epoch:458	loss:tensor(1.2300, device='cuda:0')]
[2019-03-06 03:28:07,245][INFO][epoch:459	loss:tensor(1.2779, device='cuda:0')]
[2019-03-06 03:29:11,242][INFO][epoch:460	loss:tensor(1.2852, device='cuda:0')]
[2019-03-06 03:29:14,938][WARNING][LCC:tensor(0.9152)]
[2019-03-06 03:29:14,939][WARNING][SROCC:tensor(0.9134)]
[2019-03-06 03:30:18,953][INFO][epoch:461	loss:tensor(1.2709, device='cuda:0')]
[2019-03-06 03:31:22,958][INFO][epoch:462	loss:tensor(1.2730, device='cuda:0')]
[2019-03-06 03:32:26,982][INFO][epoch:463	loss:tensor(1.2573, device='cuda:0')]
[2019-03-06 03:33:30,989][INFO][epoch:464	loss:tensor(1.3618, device='cuda:0')]
[2019-03-06 03:34:34,979][INFO][epoch:465	loss:tensor(1.2326, device='cuda:0')]
[2019-03-06 03:35:38,995][INFO][epoch:466	loss:tensor(1.3186, device='cuda:0')]
[2019-03-06 03:36:43,005][INFO][epoch:467	loss:tensor(1.2415, device='cuda:0')]
[2019-03-06 03:37:47,006][INFO][epoch:468	loss:tensor(1.2478, device='cuda:0')]
[2019-03-06 03:38:51,014][INFO][epoch:469	loss:tensor(1.2743, device='cuda:0')]
[2019-03-06 03:39:55,017][INFO][epoch:470	loss:tensor(1.3097, device='cuda:0')]
[2019-03-06 03:39:58,719][WARNING][LCC:tensor(0.9157)]
[2019-03-06 03:39:58,719][WARNING][SROCC:tensor(0.9192)]
[2019-03-06 03:41:02,764][INFO][epoch:471	loss:tensor(1.3073, device='cuda:0')]
[2019-03-06 03:42:06,780][INFO][epoch:472	loss:tensor(1.3223, device='cuda:0')]
[2019-03-06 03:43:10,783][INFO][epoch:473	loss:tensor(1.2708, device='cuda:0')]
[2019-03-06 03:44:14,834][INFO][epoch:474	loss:tensor(1.2859, device='cuda:0')]
[2019-03-06 03:45:18,869][INFO][epoch:475	loss:tensor(1.2689, device='cuda:0')]
[2019-03-06 03:46:22,839][INFO][epoch:476	loss:tensor(1.2702, device='cuda:0')]
[2019-03-06 03:47:26,856][INFO][epoch:477	loss:tensor(1.2882, device='cuda:0')]
[2019-03-06 03:48:30,851][INFO][epoch:478	loss:tensor(1.2943, device='cuda:0')]
[2019-03-06 03:49:34,843][INFO][epoch:479	loss:tensor(1.3044, device='cuda:0')]
[2019-03-06 03:50:38,839][INFO][epoch:480	loss:tensor(1.2405, device='cuda:0')]
[2019-03-06 03:50:42,527][WARNING][LCC:tensor(0.9115)]
[2019-03-06 03:50:42,528][WARNING][SROCC:tensor(0.9097)]
[2019-03-06 03:51:46,542][INFO][epoch:481	loss:tensor(1.3461, device='cuda:0')]
[2019-03-06 03:52:50,562][INFO][epoch:482	loss:tensor(1.2944, device='cuda:0')]
[2019-03-06 03:53:54,617][INFO][epoch:483	loss:tensor(1.2430, device='cuda:0')]
[2019-03-06 03:54:58,622][INFO][epoch:484	loss:tensor(1.2647, device='cuda:0')]
[2019-03-06 03:56:02,622][INFO][epoch:485	loss:tensor(1.2793, device='cuda:0')]
[2019-03-06 03:57:06,584][INFO][epoch:486	loss:tensor(1.2331, device='cuda:0')]
[2019-03-06 03:58:10,568][INFO][epoch:487	loss:tensor(1.2461, device='cuda:0')]
[2019-03-06 03:59:14,595][INFO][epoch:488	loss:tensor(1.2485, device='cuda:0')]
[2019-03-06 04:00:18,603][INFO][epoch:489	loss:tensor(1.2269, device='cuda:0')]
[2019-03-06 04:01:22,619][INFO][epoch:490	loss:tensor(1.2641, device='cuda:0')]
[2019-03-06 04:01:26,309][WARNING][LCC:tensor(0.9082)]
[2019-03-06 04:01:26,309][WARNING][SROCC:tensor(0.9091)]
[2019-03-06 04:02:30,308][INFO][epoch:491	loss:tensor(1.3079, device='cuda:0')]
[2019-03-06 04:03:34,326][INFO][epoch:492	loss:tensor(1.2626, device='cuda:0')]
[2019-03-06 04:04:38,305][INFO][epoch:493	loss:tensor(1.2832, device='cuda:0')]
[2019-03-06 04:05:42,313][INFO][epoch:494	loss:tensor(1.2708, device='cuda:0')]
[2019-03-06 04:06:46,331][INFO][epoch:495	loss:tensor(1.2556, device='cuda:0')]
[2019-03-06 04:07:50,351][INFO][epoch:496	loss:tensor(1.2128, device='cuda:0')]
[2019-03-06 04:08:54,368][INFO][epoch:497	loss:tensor(1.2700, device='cuda:0')]
[2019-03-06 04:09:58,358][INFO][epoch:498	loss:tensor(1.2931, device='cuda:0')]
[2019-03-06 04:11:02,392][INFO][epoch:499	loss:tensor(1.2221, device='cuda:0')]
[2019-03-06 04:12:06,381][INFO][epoch:500	loss:tensor(1.3288, device='cuda:0')]
[2019-03-06 04:12:10,082][WARNING][LCC:tensor(0.9151)]
[2019-03-06 04:12:10,083][WARNING][SROCC:tensor(0.9107)]
[2019-03-06 04:12:10,083][WARNING][Model saved]
[2019-03-06 04:13:14,216][INFO][epoch:501	loss:tensor(1.2435, device='cuda:0')]
[2019-03-06 04:14:18,209][INFO][epoch:502	loss:tensor(1.2184, device='cuda:0')]
[2019-03-06 04:15:22,224][INFO][epoch:503	loss:tensor(1.2983, device='cuda:0')]
[2019-03-06 04:16:26,275][INFO][epoch:504	loss:tensor(1.2669, device='cuda:0')]
[2019-03-06 04:17:30,267][INFO][epoch:505	loss:tensor(1.3086, device='cuda:0')]
[2019-03-06 04:18:34,262][INFO][epoch:506	loss:tensor(1.1898, device='cuda:0')]
[2019-03-06 04:19:38,306][INFO][epoch:507	loss:tensor(1.2707, device='cuda:0')]
[2019-03-06 04:20:42,327][INFO][epoch:508	loss:tensor(1.2661, device='cuda:0')]
[2019-03-06 04:21:46,367][INFO][epoch:509	loss:tensor(1.2743, device='cuda:0')]
[2019-03-06 04:22:50,459][INFO][epoch:510	loss:tensor(1.2735, device='cuda:0')]
[2019-03-06 04:22:54,156][WARNING][LCC:tensor(0.9147)]
[2019-03-06 04:22:54,156][WARNING][SROCC:tensor(0.9129)]
[2019-03-06 04:23:58,150][INFO][epoch:511	loss:tensor(1.2581, device='cuda:0')]
[2019-03-06 04:25:02,171][INFO][epoch:512	loss:tensor(1.3075, device='cuda:0')]
[2019-03-06 04:26:06,221][INFO][epoch:513	loss:tensor(1.3338, device='cuda:0')]
[2019-03-06 04:27:10,250][INFO][epoch:514	loss:tensor(1.2442, device='cuda:0')]
[2019-03-06 04:28:14,282][INFO][epoch:515	loss:tensor(1.2321, device='cuda:0')]
[2019-03-06 04:29:18,310][INFO][epoch:516	loss:tensor(1.2935, device='cuda:0')]
[2019-03-06 04:30:22,339][INFO][epoch:517	loss:tensor(1.2676, device='cuda:0')]
[2019-03-06 04:31:26,344][INFO][epoch:518	loss:tensor(1.3165, device='cuda:0')]
[2019-03-06 04:32:30,386][INFO][epoch:519	loss:tensor(1.2977, device='cuda:0')]
[2019-03-06 04:33:34,396][INFO][epoch:520	loss:tensor(1.2272, device='cuda:0')]
[2019-03-06 04:33:38,089][WARNING][LCC:tensor(0.9151)]
[2019-03-06 04:33:38,090][WARNING][SROCC:tensor(0.9067)]
[2019-03-06 04:34:42,101][INFO][epoch:521	loss:tensor(1.2595, device='cuda:0')]
[2019-03-06 04:35:46,144][INFO][epoch:522	loss:tensor(1.2022, device='cuda:0')]
[2019-03-06 04:36:50,167][INFO][epoch:523	loss:tensor(1.3028, device='cuda:0')]
[2019-03-06 04:37:54,153][INFO][epoch:524	loss:tensor(1.2507, device='cuda:0')]
[2019-03-06 04:38:58,175][INFO][epoch:525	loss:tensor(1.2291, device='cuda:0')]
[2019-03-06 04:40:02,169][INFO][epoch:526	loss:tensor(1.2206, device='cuda:0')]
[2019-03-06 04:41:06,184][INFO][epoch:527	loss:tensor(1.2513, device='cuda:0')]
[2019-03-06 04:42:10,296][INFO][epoch:528	loss:tensor(1.2410, device='cuda:0')]
[2019-03-06 04:43:14,323][INFO][epoch:529	loss:tensor(1.2447, device='cuda:0')]
[2019-03-06 04:44:18,340][INFO][epoch:530	loss:tensor(1.1931, device='cuda:0')]
[2019-03-06 04:44:22,040][WARNING][LCC:tensor(0.9151)]
[2019-03-06 04:44:22,041][WARNING][SROCC:tensor(0.9152)]
[2019-03-06 04:45:26,036][INFO][epoch:531	loss:tensor(1.2002, device='cuda:0')]
[2019-03-06 04:46:30,071][INFO][epoch:532	loss:tensor(1.1783, device='cuda:0')]
[2019-03-06 04:47:34,106][INFO][epoch:533	loss:tensor(1.3262, device='cuda:0')]
[2019-03-06 04:48:38,168][INFO][epoch:534	loss:tensor(1.1827, device='cuda:0')]
[2019-03-06 04:49:42,190][INFO][epoch:535	loss:tensor(1.2029, device='cuda:0')]
[2019-03-06 04:50:46,190][INFO][epoch:536	loss:tensor(1.2863, device='cuda:0')]
[2019-03-06 04:51:50,174][INFO][epoch:537	loss:tensor(1.2473, device='cuda:0')]
[2019-03-06 04:52:54,223][INFO][epoch:538	loss:tensor(1.2687, device='cuda:0')]
[2019-03-06 04:53:58,236][INFO][epoch:539	loss:tensor(1.2535, device='cuda:0')]
[2019-03-06 04:55:02,290][INFO][epoch:540	loss:tensor(1.2618, device='cuda:0')]
[2019-03-06 04:55:05,993][WARNING][LCC:tensor(0.9088)]
[2019-03-06 04:55:05,994][WARNING][SROCC:tensor(0.9054)]
[2019-03-06 04:56:10,021][INFO][epoch:541	loss:tensor(1.1780, device='cuda:0')]
[2019-03-06 04:57:14,047][INFO][epoch:542	loss:tensor(1.2271, device='cuda:0')]
[2019-03-06 04:58:18,035][INFO][epoch:543	loss:tensor(1.3073, device='cuda:0')]
[2019-03-06 04:59:22,040][INFO][epoch:544	loss:tensor(1.1941, device='cuda:0')]
[2019-03-06 05:00:26,063][INFO][epoch:545	loss:tensor(1.2382, device='cuda:0')]
[2019-03-06 05:01:30,097][INFO][epoch:546	loss:tensor(1.1851, device='cuda:0')]
[2019-03-06 05:02:34,101][INFO][epoch:547	loss:tensor(1.2620, device='cuda:0')]
[2019-03-06 05:03:38,098][INFO][epoch:548	loss:tensor(1.2438, device='cuda:0')]
[2019-03-06 05:04:42,109][INFO][epoch:549	loss:tensor(1.1586, device='cuda:0')]
[2019-03-06 05:05:46,110][INFO][epoch:550	loss:tensor(1.2581, device='cuda:0')]
[2019-03-06 05:05:49,804][WARNING][LCC:tensor(0.9038)]
[2019-03-06 05:05:49,805][WARNING][SROCC:tensor(0.9000)]
[2019-03-06 05:05:49,805][WARNING][Model saved]
[2019-03-06 05:06:53,932][INFO][epoch:551	loss:tensor(1.2419, device='cuda:0')]
[2019-03-06 05:07:57,938][INFO][epoch:552	loss:tensor(1.2073, device='cuda:0')]
[2019-03-06 05:09:01,942][INFO][epoch:553	loss:tensor(1.2499, device='cuda:0')]
[2019-03-06 05:10:05,983][INFO][epoch:554	loss:tensor(1.2001, device='cuda:0')]
[2019-03-06 05:11:10,024][INFO][epoch:555	loss:tensor(1.2962, device='cuda:0')]
[2019-03-06 05:12:14,031][INFO][epoch:556	loss:tensor(1.2135, device='cuda:0')]
[2019-03-06 05:13:18,004][INFO][epoch:557	loss:tensor(1.1997, device='cuda:0')]
[2019-03-06 05:14:22,055][INFO][epoch:558	loss:tensor(1.2658, device='cuda:0')]
[2019-03-06 05:15:26,090][INFO][epoch:559	loss:tensor(1.2274, device='cuda:0')]
[2019-03-06 05:16:30,103][INFO][epoch:560	loss:tensor(1.2560, device='cuda:0')]
[2019-03-06 05:16:33,800][WARNING][LCC:tensor(0.9034)]
[2019-03-06 05:16:33,801][WARNING][SROCC:tensor(0.9068)]
[2019-03-06 05:17:37,835][INFO][epoch:561	loss:tensor(1.1546, device='cuda:0')]
[2019-03-06 05:18:41,868][INFO][epoch:562	loss:tensor(1.2136, device='cuda:0')]
[2019-03-06 05:19:45,904][INFO][epoch:563	loss:tensor(1.1779, device='cuda:0')]
[2019-03-06 05:20:49,932][INFO][epoch:564	loss:tensor(1.1784, device='cuda:0')]
[2019-03-06 05:21:53,923][INFO][epoch:565	loss:tensor(1.1811, device='cuda:0')]
[2019-03-06 05:22:57,888][INFO][epoch:566	loss:tensor(1.2230, device='cuda:0')]
[2019-03-06 05:24:01,898][INFO][epoch:567	loss:tensor(1.2619, device='cuda:0')]
[2019-03-06 05:25:05,903][INFO][epoch:568	loss:tensor(1.2486, device='cuda:0')]
[2019-03-06 05:26:09,956][INFO][epoch:569	loss:tensor(1.2280, device='cuda:0')]
[2019-03-06 05:27:13,998][INFO][epoch:570	loss:tensor(1.1961, device='cuda:0')]
[2019-03-06 05:27:17,691][WARNING][LCC:tensor(0.9106)]
[2019-03-06 05:27:17,692][WARNING][SROCC:tensor(0.9115)]
[2019-03-06 05:28:21,679][INFO][epoch:571	loss:tensor(1.2179, device='cuda:0')]
[2019-03-06 05:29:25,661][INFO][epoch:572	loss:tensor(1.2064, device='cuda:0')]
[2019-03-06 05:30:29,670][INFO][epoch:573	loss:tensor(1.1845, device='cuda:0')]
[2019-03-06 05:31:33,673][INFO][epoch:574	loss:tensor(1.2602, device='cuda:0')]
[2019-03-06 05:32:37,700][INFO][epoch:575	loss:tensor(1.1610, device='cuda:0')]
[2019-03-06 05:33:41,688][INFO][epoch:576	loss:tensor(1.1698, device='cuda:0')]
[2019-03-06 05:34:45,679][INFO][epoch:577	loss:tensor(1.2171, device='cuda:0')]
[2019-03-06 05:35:49,691][INFO][epoch:578	loss:tensor(1.2955, device='cuda:0')]
[2019-03-06 05:36:53,692][INFO][epoch:579	loss:tensor(1.2189, device='cuda:0')]
[2019-03-06 05:37:57,712][INFO][epoch:580	loss:tensor(1.2085, device='cuda:0')]
[2019-03-06 05:38:01,411][WARNING][LCC:tensor(0.9047)]
[2019-03-06 05:38:01,411][WARNING][SROCC:tensor(0.9011)]
[2019-03-06 05:39:05,433][INFO][epoch:581	loss:tensor(1.2279, device='cuda:0')]
[2019-03-06 05:40:09,448][INFO][epoch:582	loss:tensor(1.1945, device='cuda:0')]
[2019-03-06 05:41:13,441][INFO][epoch:583	loss:tensor(1.2746, device='cuda:0')]
[2019-03-06 05:42:17,431][INFO][epoch:584	loss:tensor(1.2046, device='cuda:0')]
[2019-03-06 05:43:21,427][INFO][epoch:585	loss:tensor(1.1914, device='cuda:0')]
[2019-03-06 05:44:25,442][INFO][epoch:586	loss:tensor(1.1871, device='cuda:0')]
[2019-03-06 05:45:29,436][INFO][epoch:587	loss:tensor(1.1862, device='cuda:0')]
[2019-03-06 05:46:33,471][INFO][epoch:588	loss:tensor(1.2043, device='cuda:0')]
[2019-03-06 05:47:37,470][INFO][epoch:589	loss:tensor(1.1807, device='cuda:0')]
[2019-03-06 05:48:41,483][INFO][epoch:590	loss:tensor(1.1679, device='cuda:0')]
[2019-03-06 05:48:45,152][WARNING][LCC:tensor(0.9066)]
[2019-03-06 05:48:45,153][WARNING][SROCC:tensor(0.9093)]
[2019-03-06 05:49:49,180][INFO][epoch:591	loss:tensor(1.1678, device='cuda:0')]
[2019-03-06 05:50:53,209][INFO][epoch:592	loss:tensor(1.2024, device='cuda:0')]
[2019-03-06 05:51:57,249][INFO][epoch:593	loss:tensor(1.2729, device='cuda:0')]
[2019-03-06 05:53:01,309][INFO][epoch:594	loss:tensor(1.1719, device='cuda:0')]
[2019-03-06 05:54:05,318][INFO][epoch:595	loss:tensor(1.2348, device='cuda:0')]
[2019-03-06 05:55:09,322][INFO][epoch:596	loss:tensor(1.1928, device='cuda:0')]
[2019-03-06 05:56:13,323][INFO][epoch:597	loss:tensor(1.1660, device='cuda:0')]
[2019-03-06 05:57:17,347][INFO][epoch:598	loss:tensor(1.1348, device='cuda:0')]
[2019-03-06 05:58:21,333][INFO][epoch:599	loss:tensor(1.2260, device='cuda:0')]
[2019-03-06 05:59:25,333][INFO][epoch:600	loss:tensor(1.2187, device='cuda:0')]
[2019-03-06 05:59:29,013][WARNING][LCC:tensor(0.9124)]
[2019-03-06 05:59:29,013][WARNING][SROCC:tensor(0.9074)]
[2019-03-06 05:59:29,014][WARNING][Model saved]
[2019-03-06 06:00:33,195][INFO][epoch:601	loss:tensor(1.1365, device='cuda:0')]
[2019-03-06 06:01:37,241][INFO][epoch:602	loss:tensor(1.1380, device='cuda:0')]
[2019-03-06 06:02:41,256][INFO][epoch:603	loss:tensor(1.1599, device='cuda:0')]
[2019-03-06 06:03:45,284][INFO][epoch:604	loss:tensor(1.2830, device='cuda:0')]
[2019-03-06 06:04:49,316][INFO][epoch:605	loss:tensor(1.1626, device='cuda:0')]
[2019-03-06 06:05:53,286][INFO][epoch:606	loss:tensor(1.1820, device='cuda:0')]
[2019-03-06 06:06:57,284][INFO][epoch:607	loss:tensor(1.2028, device='cuda:0')]
[2019-03-06 06:08:01,251][INFO][epoch:608	loss:tensor(1.1816, device='cuda:0')]
[2019-03-06 06:09:05,271][INFO][epoch:609	loss:tensor(1.1946, device='cuda:0')]
[2019-03-06 06:10:09,282][INFO][epoch:610	loss:tensor(1.1553, device='cuda:0')]
[2019-03-06 06:10:12,977][WARNING][LCC:tensor(0.9172)]
[2019-03-06 06:10:12,978][WARNING][SROCC:tensor(0.9145)]
[2019-03-06 06:11:16,985][INFO][epoch:611	loss:tensor(1.1902, device='cuda:0')]
[2019-03-06 06:12:21,003][INFO][epoch:612	loss:tensor(1.2283, device='cuda:0')]
[2019-03-06 06:13:25,056][INFO][epoch:613	loss:tensor(1.1728, device='cuda:0')]
[2019-03-06 06:14:29,069][INFO][epoch:614	loss:tensor(1.2222, device='cuda:0')]
[2019-03-06 06:15:33,103][INFO][epoch:615	loss:tensor(1.2373, device='cuda:0')]
[2019-03-06 06:16:37,105][INFO][epoch:616	loss:tensor(1.1608, device='cuda:0')]
[2019-03-06 06:17:41,112][INFO][epoch:617	loss:tensor(1.1397, device='cuda:0')]
[2019-03-06 06:18:45,124][INFO][epoch:618	loss:tensor(1.1613, device='cuda:0')]
[2019-03-06 06:19:49,135][INFO][epoch:619	loss:tensor(1.1442, device='cuda:0')]
[2019-03-06 06:20:53,158][INFO][epoch:620	loss:tensor(1.2327, device='cuda:0')]
[2019-03-06 06:20:56,854][WARNING][LCC:tensor(0.9074)]
[2019-03-06 06:20:56,855][WARNING][SROCC:tensor(0.9077)]
[2019-03-06 06:22:00,870][INFO][epoch:621	loss:tensor(1.1827, device='cuda:0')]
[2019-03-06 06:23:04,866][INFO][epoch:622	loss:tensor(1.1826, device='cuda:0')]
[2019-03-06 06:24:08,865][INFO][epoch:623	loss:tensor(1.2045, device='cuda:0')]
[2019-03-06 06:25:12,884][INFO][epoch:624	loss:tensor(1.2219, device='cuda:0')]
[2019-03-06 06:26:16,892][INFO][epoch:625	loss:tensor(1.1587, device='cuda:0')]
[2019-03-06 06:27:20,901][INFO][epoch:626	loss:tensor(1.1810, device='cuda:0')]
[2019-03-06 06:28:24,950][INFO][epoch:627	loss:tensor(1.2016, device='cuda:0')]
[2019-03-06 06:29:28,965][INFO][epoch:628	loss:tensor(1.2181, device='cuda:0')]
[2019-03-06 06:30:32,965][INFO][epoch:629	loss:tensor(1.1786, device='cuda:0')]
[2019-03-06 06:31:36,992][INFO][epoch:630	loss:tensor(1.1349, device='cuda:0')]
[2019-03-06 06:31:40,670][WARNING][LCC:tensor(0.9092)]
[2019-03-06 06:31:40,671][WARNING][SROCC:tensor(0.9033)]
[2019-03-06 06:32:44,703][INFO][epoch:631	loss:tensor(1.1466, device='cuda:0')]
[2019-03-06 06:33:48,780][INFO][epoch:632	loss:tensor(1.2074, device='cuda:0')]
[2019-03-06 06:34:52,790][INFO][epoch:633	loss:tensor(1.1241, device='cuda:0')]
[2019-03-06 06:35:56,836][INFO][epoch:634	loss:tensor(1.1923, device='cuda:0')]
[2019-03-06 06:37:00,861][INFO][epoch:635	loss:tensor(1.1356, device='cuda:0')]
[2019-03-06 06:38:04,822][INFO][epoch:636	loss:tensor(1.1456, device='cuda:0')]
[2019-03-06 06:39:08,808][INFO][epoch:637	loss:tensor(1.1529, device='cuda:0')]
[2019-03-06 06:40:12,790][INFO][epoch:638	loss:tensor(1.1713, device='cuda:0')]
[2019-03-06 06:41:16,785][INFO][epoch:639	loss:tensor(1.1762, device='cuda:0')]
[2019-03-06 06:42:20,788][INFO][epoch:640	loss:tensor(1.2031, device='cuda:0')]
[2019-03-06 06:42:24,491][WARNING][LCC:tensor(0.9114)]
[2019-03-06 06:42:24,491][WARNING][SROCC:tensor(0.9096)]
[2019-03-06 06:43:28,476][INFO][epoch:641	loss:tensor(1.1815, device='cuda:0')]
[2019-03-06 06:44:32,475][INFO][epoch:642	loss:tensor(1.1722, device='cuda:0')]
[2019-03-06 06:45:36,494][INFO][epoch:643	loss:tensor(1.1864, device='cuda:0')]
[2019-03-06 06:46:40,524][INFO][epoch:644	loss:tensor(1.1839, device='cuda:0')]
[2019-03-06 06:47:44,518][INFO][epoch:645	loss:tensor(1.1937, device='cuda:0')]
[2019-03-06 06:48:48,598][INFO][epoch:646	loss:tensor(1.1712, device='cuda:0')]
[2019-03-06 06:49:56,486][INFO][epoch:647	loss:tensor(1.1537, device='cuda:0')]
[2019-03-06 06:51:04,690][INFO][epoch:648	loss:tensor(1.1331, device='cuda:0')]
[2019-03-06 06:52:12,938][INFO][epoch:649	loss:tensor(1.1968, device='cuda:0')]
[2019-03-06 06:53:21,110][INFO][epoch:650	loss:tensor(1.2125, device='cuda:0')]
[2019-03-06 06:53:25,021][WARNING][LCC:tensor(0.9103)]
[2019-03-06 06:53:25,021][WARNING][SROCC:tensor(0.9092)]
[2019-03-06 06:53:25,022][WARNING][Model saved]
[2019-03-06 06:54:33,418][INFO][epoch:651	loss:tensor(1.1219, device='cuda:0')]
[2019-03-06 06:55:41,620][INFO][epoch:652	loss:tensor(1.1657, device='cuda:0')]
[2019-03-06 06:56:49,808][INFO][epoch:653	loss:tensor(1.2232, device='cuda:0')]
[2019-03-06 06:57:57,998][INFO][epoch:654	loss:tensor(1.1504, device='cuda:0')]
[2019-03-06 06:59:06,188][INFO][epoch:655	loss:tensor(1.1822, device='cuda:0')]
[2019-03-06 07:00:14,329][INFO][epoch:656	loss:tensor(1.1441, device='cuda:0')]
[2019-03-06 07:01:22,505][INFO][epoch:657	loss:tensor(1.1926, device='cuda:0')]
[2019-03-06 07:02:30,728][INFO][epoch:658	loss:tensor(1.1620, device='cuda:0')]
[2019-03-06 07:03:38,931][INFO][epoch:659	loss:tensor(1.1512, device='cuda:0')]
[2019-03-06 07:04:47,120][INFO][epoch:660	loss:tensor(1.1673, device='cuda:0')]
[2019-03-06 07:04:51,053][WARNING][LCC:tensor(0.9014)]
[2019-03-06 07:04:51,054][WARNING][SROCC:tensor(0.9007)]
[2019-03-06 07:05:59,305][INFO][epoch:661	loss:tensor(1.1295, device='cuda:0')]
[2019-03-06 07:07:07,531][INFO][epoch:662	loss:tensor(1.1182, device='cuda:0')]
[2019-03-06 07:08:15,700][INFO][epoch:663	loss:tensor(1.1123, device='cuda:0')]
[2019-03-06 07:09:23,913][INFO][epoch:664	loss:tensor(1.1434, device='cuda:0')]
[2019-03-06 07:10:32,094][INFO][epoch:665	loss:tensor(1.1392, device='cuda:0')]
[2019-03-06 07:11:40,241][INFO][epoch:666	loss:tensor(1.1534, device='cuda:0')]
[2019-03-06 07:12:48,448][INFO][epoch:667	loss:tensor(1.1524, device='cuda:0')]
[2019-03-06 07:13:56,601][INFO][epoch:668	loss:tensor(1.1477, device='cuda:0')]
[2019-03-06 07:15:04,798][INFO][epoch:669	loss:tensor(1.1229, device='cuda:0')]
[2019-03-06 07:16:12,970][INFO][epoch:670	loss:tensor(1.1379, device='cuda:0')]
[2019-03-06 07:16:16,902][WARNING][LCC:tensor(0.9072)]
[2019-03-06 07:16:16,903][WARNING][SROCC:tensor(0.9004)]
[2019-03-06 07:17:25,050][INFO][epoch:671	loss:tensor(1.1773, device='cuda:0')]
[2019-03-06 07:18:33,248][INFO][epoch:672	loss:tensor(1.2127, device='cuda:0')]
[2019-03-06 07:19:41,442][INFO][epoch:673	loss:tensor(1.1498, device='cuda:0')]
[2019-03-06 07:20:49,650][INFO][epoch:674	loss:tensor(1.1536, device='cuda:0')]
[2019-03-06 07:21:57,822][INFO][epoch:675	loss:tensor(1.1309, device='cuda:0')]
[2019-03-06 07:23:06,036][INFO][epoch:676	loss:tensor(1.1375, device='cuda:0')]
[2019-03-06 07:24:14,252][INFO][epoch:677	loss:tensor(1.1898, device='cuda:0')]
[2019-03-06 07:25:22,492][INFO][epoch:678	loss:tensor(1.1485, device='cuda:0')]
[2019-03-06 07:26:30,729][INFO][epoch:679	loss:tensor(1.1641, device='cuda:0')]
[2019-03-06 07:27:38,908][INFO][epoch:680	loss:tensor(1.1454, device='cuda:0')]
[2019-03-06 07:27:42,839][WARNING][LCC:tensor(0.9113)]
[2019-03-06 07:27:42,840][WARNING][SROCC:tensor(0.9092)]
[2019-03-06 07:28:51,095][INFO][epoch:681	loss:tensor(1.1711, device='cuda:0')]
[2019-03-06 07:29:59,325][INFO][epoch:682	loss:tensor(1.1774, device='cuda:0')]
[2019-03-06 07:31:07,542][INFO][epoch:683	loss:tensor(1.1358, device='cuda:0')]
[2019-03-06 07:32:15,774][INFO][epoch:684	loss:tensor(1.1393, device='cuda:0')]
[2019-03-06 07:33:23,945][INFO][epoch:685	loss:tensor(1.1623, device='cuda:0')]
[2019-03-06 07:34:30,577][INFO][epoch:686	loss:tensor(1.1197, device='cuda:0')]
[2019-03-06 07:35:34,733][INFO][epoch:687	loss:tensor(1.1865, device='cuda:0')]
[2019-03-06 07:36:39,069][INFO][epoch:688	loss:tensor(1.1286, device='cuda:0')]
[2019-03-06 07:37:43,201][INFO][epoch:689	loss:tensor(1.1492, device='cuda:0')]
[2019-03-06 07:38:47,228][INFO][epoch:690	loss:tensor(1.1635, device='cuda:0')]
[2019-03-06 07:38:50,931][WARNING][LCC:tensor(0.9098)]
[2019-03-06 07:38:50,932][WARNING][SROCC:tensor(0.9060)]
[2019-03-06 07:39:55,271][INFO][epoch:691	loss:tensor(1.1781, device='cuda:0')]
[2019-03-06 07:40:59,890][INFO][epoch:692	loss:tensor(1.1255, device='cuda:0')]
