[2019-03-05 17:07:11,044][WARNING][Model:Cat at dense.]
[2019-03-05 17:07:37,896][INFO][epoch:0	loss:tensor(6.8226, device='cuda:0')]
[2019-03-05 17:08:02,835][INFO][epoch:1	loss:tensor(5.7530, device='cuda:0')]
[2019-03-05 17:08:27,671][INFO][epoch:2	loss:tensor(5.6077, device='cuda:0')]
[2019-03-05 17:08:52,938][INFO][epoch:3	loss:tensor(4.9739, device='cuda:0')]
[2019-03-05 17:09:17,838][INFO][epoch:4	loss:tensor(5.0849, device='cuda:0')]
[2019-03-05 17:09:42,730][INFO][epoch:5	loss:tensor(4.2367, device='cuda:0')]
[2019-03-05 17:10:07,617][INFO][epoch:6	loss:tensor(4.3708, device='cuda:0')]
[2019-03-05 17:10:32,494][INFO][epoch:7	loss:tensor(4.4384, device='cuda:0')]
[2019-03-05 17:10:57,372][INFO][epoch:8	loss:tensor(3.8873, device='cuda:0')]
[2019-03-05 17:11:22,257][INFO][epoch:9	loss:tensor(3.6923, device='cuda:0')]
[2019-03-05 17:11:47,163][INFO][epoch:10	loss:tensor(3.5972, device='cuda:0')]
[2019-03-05 17:11:49,315][WARNING][LCC:tensor(0.7672)]
[2019-03-05 17:11:49,316][WARNING][SROCC:tensor(0.7266)]
[2019-03-05 17:12:14,255][INFO][epoch:11	loss:tensor(3.5185, device='cuda:0')]
[2019-03-05 17:12:39,623][INFO][epoch:12	loss:tensor(3.5837, device='cuda:0')]
[2019-03-05 17:13:04,632][INFO][epoch:13	loss:tensor(3.2898, device='cuda:0')]
[2019-03-05 17:13:29,401][INFO][epoch:14	loss:tensor(3.2791, device='cuda:0')]
[2019-03-05 17:13:54,161][INFO][epoch:15	loss:tensor(3.1307, device='cuda:0')]
[2019-03-05 17:14:18,956][INFO][epoch:16	loss:tensor(3.3208, device='cuda:0')]
[2019-03-05 17:14:43,711][INFO][epoch:17	loss:tensor(3.2862, device='cuda:0')]
[2019-03-05 17:15:08,469][INFO][epoch:18	loss:tensor(3.1965, device='cuda:0')]
[2019-03-05 17:15:33,245][INFO][epoch:19	loss:tensor(3.0071, device='cuda:0')]
[2019-03-05 17:15:57,978][INFO][epoch:20	loss:tensor(2.9543, device='cuda:0')]
[2019-03-05 17:16:00,081][WARNING][LCC:tensor(0.8178)]
[2019-03-05 17:16:00,082][WARNING][SROCC:tensor(0.7889)]
[2019-03-05 17:16:24,843][INFO][epoch:21	loss:tensor(2.9751, device='cuda:0')]
[2019-03-05 17:16:49,591][INFO][epoch:22	loss:tensor(2.8330, device='cuda:0')]
[2019-03-05 17:17:14,364][INFO][epoch:23	loss:tensor(2.9625, device='cuda:0')]
[2019-03-05 17:17:39,141][INFO][epoch:24	loss:tensor(2.8724, device='cuda:0')]
[2019-03-05 17:18:03,894][INFO][epoch:25	loss:tensor(2.8095, device='cuda:0')]
[2019-03-05 17:18:28,653][INFO][epoch:26	loss:tensor(2.9222, device='cuda:0')]
[2019-03-05 17:18:53,426][INFO][epoch:27	loss:tensor(2.8335, device='cuda:0')]
[2019-03-05 17:19:18,195][INFO][epoch:28	loss:tensor(2.6867, device='cuda:0')]
[2019-03-05 17:19:42,954][INFO][epoch:29	loss:tensor(2.7126, device='cuda:0')]
[2019-03-05 17:20:07,719][INFO][epoch:30	loss:tensor(2.7325, device='cuda:0')]
[2019-03-05 17:20:09,839][WARNING][LCC:tensor(0.8456)]
[2019-03-05 17:20:09,839][WARNING][SROCC:tensor(0.8283)]
[2019-03-05 17:20:34,608][INFO][epoch:31	loss:tensor(2.8222, device='cuda:0')]
[2019-03-05 17:20:59,374][INFO][epoch:32	loss:tensor(2.8598, device='cuda:0')]
[2019-03-05 17:21:24,136][INFO][epoch:33	loss:tensor(2.8166, device='cuda:0')]
[2019-03-05 17:21:48,908][INFO][epoch:34	loss:tensor(2.5974, device='cuda:0')]
[2019-03-05 17:22:13,692][INFO][epoch:35	loss:tensor(2.6878, device='cuda:0')]
[2019-03-05 17:22:38,447][INFO][epoch:36	loss:tensor(2.5759, device='cuda:0')]
[2019-03-05 17:23:03,207][INFO][epoch:37	loss:tensor(2.5702, device='cuda:0')]
[2019-03-05 17:23:27,959][INFO][epoch:38	loss:tensor(2.4944, device='cuda:0')]
[2019-03-05 17:23:52,713][INFO][epoch:39	loss:tensor(2.5157, device='cuda:0')]
[2019-03-05 17:24:17,460][INFO][epoch:40	loss:tensor(2.6026, device='cuda:0')]
[2019-03-05 17:24:19,568][WARNING][LCC:tensor(0.8554)]
[2019-03-05 17:24:19,568][WARNING][SROCC:tensor(0.8066)]
[2019-03-05 17:24:44,318][INFO][epoch:41	loss:tensor(2.5430, device='cuda:0')]
[2019-03-05 17:25:09,082][INFO][epoch:42	loss:tensor(2.5568, device='cuda:0')]
[2019-03-05 17:25:33,829][INFO][epoch:43	loss:tensor(2.5465, device='cuda:0')]
[2019-03-05 17:25:58,594][INFO][epoch:44	loss:tensor(2.4475, device='cuda:0')]
[2019-03-05 17:26:23,346][INFO][epoch:45	loss:tensor(2.3968, device='cuda:0')]
[2019-03-05 17:26:48,105][INFO][epoch:46	loss:tensor(2.5513, device='cuda:0')]
[2019-03-05 17:27:12,906][INFO][epoch:47	loss:tensor(2.5280, device='cuda:0')]
[2019-03-05 17:27:37,619][INFO][epoch:48	loss:tensor(2.3355, device='cuda:0')]
[2019-03-05 17:28:02,376][INFO][epoch:49	loss:tensor(2.3236, device='cuda:0')]
[2019-03-05 17:28:27,134][INFO][epoch:50	loss:tensor(2.4468, device='cuda:0')]
[2019-03-05 17:28:29,243][WARNING][LCC:tensor(0.8784)]
[2019-03-05 17:28:29,244][WARNING][SROCC:tensor(0.8724)]
[2019-03-05 17:28:29,244][WARNING][Model saved]
[2019-03-05 17:28:54,114][INFO][epoch:51	loss:tensor(2.3710, device='cuda:0')]
[2019-03-05 17:29:18,854][INFO][epoch:52	loss:tensor(2.3212, device='cuda:0')]
[2019-03-05 17:29:43,613][INFO][epoch:53	loss:tensor(2.3455, device='cuda:0')]
[2019-03-05 17:30:08,390][INFO][epoch:54	loss:tensor(2.3000, device='cuda:0')]
[2019-03-05 17:30:33,145][INFO][epoch:55	loss:tensor(2.3937, device='cuda:0')]
[2019-03-05 17:30:57,904][INFO][epoch:56	loss:tensor(2.2434, device='cuda:0')]
[2019-03-05 17:31:22,656][INFO][epoch:57	loss:tensor(2.3013, device='cuda:0')]
[2019-03-05 17:31:47,404][INFO][epoch:58	loss:tensor(2.2809, device='cuda:0')]
[2019-03-05 17:32:12,148][INFO][epoch:59	loss:tensor(2.2692, device='cuda:0')]
[2019-03-05 17:32:36,884][INFO][epoch:60	loss:tensor(2.3063, device='cuda:0')]
[2019-03-05 17:32:38,998][WARNING][LCC:tensor(0.8905)]
[2019-03-05 17:32:38,999][WARNING][SROCC:tensor(0.8703)]
[2019-03-05 17:33:03,777][INFO][epoch:61	loss:tensor(2.3306, device='cuda:0')]
[2019-03-05 17:33:28,560][INFO][epoch:62	loss:tensor(2.2000, device='cuda:0')]
[2019-03-05 17:33:53,311][INFO][epoch:63	loss:tensor(2.3380, device='cuda:0')]
[2019-03-05 17:34:18,112][INFO][epoch:64	loss:tensor(2.1994, device='cuda:0')]
[2019-03-05 17:34:42,853][INFO][epoch:65	loss:tensor(2.4089, device='cuda:0')]
[2019-03-05 17:35:07,578][INFO][epoch:66	loss:tensor(2.2644, device='cuda:0')]
[2019-03-05 17:35:32,334][INFO][epoch:67	loss:tensor(2.1938, device='cuda:0')]
[2019-03-05 17:35:57,077][INFO][epoch:68	loss:tensor(2.4074, device='cuda:0')]
[2019-03-05 17:36:21,852][INFO][epoch:69	loss:tensor(2.1924, device='cuda:0')]
[2019-03-05 17:36:46,619][INFO][epoch:70	loss:tensor(2.1872, device='cuda:0')]
[2019-03-05 17:36:48,736][WARNING][LCC:tensor(0.8808)]
[2019-03-05 17:36:48,736][WARNING][SROCC:tensor(0.8454)]
[2019-03-05 17:37:13,494][INFO][epoch:71	loss:tensor(2.1609, device='cuda:0')]
[2019-03-05 17:37:38,240][INFO][epoch:72	loss:tensor(2.2636, device='cuda:0')]
[2019-03-05 17:38:03,011][INFO][epoch:73	loss:tensor(2.2347, device='cuda:0')]
[2019-03-05 17:38:27,780][INFO][epoch:74	loss:tensor(2.1062, device='cuda:0')]
[2019-03-05 17:38:52,522][INFO][epoch:75	loss:tensor(2.1051, device='cuda:0')]
[2019-03-05 17:39:17,265][INFO][epoch:76	loss:tensor(2.1377, device='cuda:0')]
[2019-03-05 17:39:42,023][INFO][epoch:77	loss:tensor(2.2276, device='cuda:0')]
[2019-03-05 17:40:06,799][INFO][epoch:78	loss:tensor(2.1594, device='cuda:0')]
[2019-03-05 17:40:31,556][INFO][epoch:79	loss:tensor(2.1766, device='cuda:0')]
[2019-03-05 17:40:56,292][INFO][epoch:80	loss:tensor(2.1936, device='cuda:0')]
[2019-03-05 17:40:58,412][WARNING][LCC:tensor(0.9026)]
[2019-03-05 17:40:58,413][WARNING][SROCC:tensor(0.8813)]
[2019-03-05 17:41:23,229][INFO][epoch:81	loss:tensor(2.2327, device='cuda:0')]
[2019-03-05 17:41:48,332][INFO][epoch:82	loss:tensor(2.1595, device='cuda:0')]
[2019-03-05 17:42:13,445][INFO][epoch:83	loss:tensor(2.0610, device='cuda:0')]
[2019-03-05 17:42:38,462][INFO][epoch:84	loss:tensor(2.0386, device='cuda:0')]
[2019-03-05 17:43:03,372][INFO][epoch:85	loss:tensor(2.1183, device='cuda:0')]
[2019-03-05 17:43:28,190][INFO][epoch:86	loss:tensor(2.2037, device='cuda:0')]
[2019-03-05 17:43:53,032][INFO][epoch:87	loss:tensor(2.1420, device='cuda:0')]
[2019-03-05 17:44:17,846][INFO][epoch:88	loss:tensor(2.0968, device='cuda:0')]
[2019-03-05 17:44:42,636][INFO][epoch:89	loss:tensor(2.1056, device='cuda:0')]
[2019-03-05 17:45:07,437][INFO][epoch:90	loss:tensor(2.1533, device='cuda:0')]
[2019-03-05 17:45:09,624][WARNING][LCC:tensor(0.9055)]
[2019-03-05 17:45:09,625][WARNING][SROCC:tensor(0.8806)]
[2019-03-05 17:45:34,408][INFO][epoch:91	loss:tensor(2.0430, device='cuda:0')]
[2019-03-05 17:45:59,222][INFO][epoch:92	loss:tensor(2.0481, device='cuda:0')]
[2019-03-05 17:46:24,069][INFO][epoch:93	loss:tensor(2.0196, device='cuda:0')]
[2019-03-05 17:46:48,876][INFO][epoch:94	loss:tensor(2.0634, device='cuda:0')]
[2019-03-05 17:47:13,688][INFO][epoch:95	loss:tensor(2.2093, device='cuda:0')]
[2019-03-05 17:47:38,487][INFO][epoch:96	loss:tensor(2.0736, device='cuda:0')]
[2019-03-05 17:48:03,272][INFO][epoch:97	loss:tensor(1.9415, device='cuda:0')]
[2019-03-05 17:48:28,125][INFO][epoch:98	loss:tensor(2.1230, device='cuda:0')]
[2019-03-05 17:48:52,914][INFO][epoch:99	loss:tensor(2.0015, device='cuda:0')]
[2019-03-05 17:49:17,737][INFO][epoch:100	loss:tensor(2.0880, device='cuda:0')]
[2019-03-05 17:49:19,929][WARNING][LCC:tensor(0.8963)]
[2019-03-05 17:49:19,929][WARNING][SROCC:tensor(0.8853)]
[2019-03-05 17:49:19,929][WARNING][Model saved]
[2019-03-05 17:49:44,777][INFO][epoch:101	loss:tensor(2.0285, device='cuda:0')]
[2019-03-05 17:50:09,574][INFO][epoch:102	loss:tensor(2.0649, device='cuda:0')]
[2019-03-05 17:50:34,379][INFO][epoch:103	loss:tensor(2.0719, device='cuda:0')]
[2019-03-05 17:50:59,163][INFO][epoch:104	loss:tensor(1.9554, device='cuda:0')]
[2019-03-05 17:51:23,947][INFO][epoch:105	loss:tensor(1.9900, device='cuda:0')]
[2019-03-05 17:51:48,804][INFO][epoch:106	loss:tensor(2.1081, device='cuda:0')]
[2019-03-05 17:52:13,611][INFO][epoch:107	loss:tensor(2.1053, device='cuda:0')]
[2019-03-05 17:52:38,414][INFO][epoch:108	loss:tensor(2.0160, device='cuda:0')]
[2019-03-05 17:53:03,212][INFO][epoch:109	loss:tensor(1.9934, device='cuda:0')]
[2019-03-05 17:53:28,043][INFO][epoch:110	loss:tensor(2.0752, device='cuda:0')]
[2019-03-05 17:53:30,221][WARNING][LCC:tensor(0.9032)]
[2019-03-05 17:53:30,221][WARNING][SROCC:tensor(0.8865)]
[2019-03-05 17:53:55,010][INFO][epoch:111	loss:tensor(1.9353, device='cuda:0')]
[2019-03-05 17:54:19,824][INFO][epoch:112	loss:tensor(1.9326, device='cuda:0')]
[2019-03-05 17:54:44,641][INFO][epoch:113	loss:tensor(1.9193, device='cuda:0')]
[2019-03-05 17:55:09,504][INFO][epoch:114	loss:tensor(2.0185, device='cuda:0')]
[2019-03-05 17:55:34,531][INFO][epoch:115	loss:tensor(2.0153, device='cuda:0')]
[2019-03-05 17:55:59,352][INFO][epoch:116	loss:tensor(2.1488, device='cuda:0')]
[2019-03-05 17:56:24,231][INFO][epoch:117	loss:tensor(2.0972, device='cuda:0')]
[2019-03-05 17:56:49,108][INFO][epoch:118	loss:tensor(2.0843, device='cuda:0')]
[2019-03-05 17:57:13,951][INFO][epoch:119	loss:tensor(1.9617, device='cuda:0')]
[2019-03-05 17:57:38,778][INFO][epoch:120	loss:tensor(2.0402, device='cuda:0')]
[2019-03-05 17:57:40,965][WARNING][LCC:tensor(0.9113)]
[2019-03-05 17:57:40,965][WARNING][SROCC:tensor(0.8944)]
[2019-03-05 17:58:05,787][INFO][epoch:121	loss:tensor(1.9591, device='cuda:0')]
[2019-03-05 17:58:30,592][INFO][epoch:122	loss:tensor(1.9047, device='cuda:0')]
[2019-03-05 17:58:55,382][INFO][epoch:123	loss:tensor(1.9770, device='cuda:0')]
[2019-03-05 17:59:20,166][INFO][epoch:124	loss:tensor(1.9645, device='cuda:0')]
[2019-03-05 17:59:44,991][INFO][epoch:125	loss:tensor(1.9761, device='cuda:0')]
[2019-03-05 18:00:09,865][INFO][epoch:126	loss:tensor(1.8670, device='cuda:0')]
[2019-03-05 18:00:34,680][INFO][epoch:127	loss:tensor(1.8808, device='cuda:0')]
[2019-03-05 18:00:59,506][INFO][epoch:128	loss:tensor(1.8820, device='cuda:0')]
[2019-03-05 18:01:24,309][INFO][epoch:129	loss:tensor(1.9333, device='cuda:0')]
[2019-03-05 18:01:49,113][INFO][epoch:130	loss:tensor(1.8376, device='cuda:0')]
[2019-03-05 18:01:51,288][WARNING][LCC:tensor(0.9154)]
[2019-03-05 18:01:51,289][WARNING][SROCC:tensor(0.9016)]
[2019-03-05 18:02:16,143][INFO][epoch:131	loss:tensor(2.0127, device='cuda:0')]
[2019-03-05 18:02:40,933][INFO][epoch:132	loss:tensor(2.0041, device='cuda:0')]
[2019-03-05 18:03:05,748][INFO][epoch:133	loss:tensor(2.0373, device='cuda:0')]
[2019-03-05 18:03:30,563][INFO][epoch:134	loss:tensor(1.9040, device='cuda:0')]
[2019-03-05 18:03:55,356][INFO][epoch:135	loss:tensor(1.9210, device='cuda:0')]
[2019-03-05 18:04:20,193][INFO][epoch:136	loss:tensor(1.9035, device='cuda:0')]
[2019-03-05 18:04:45,020][INFO][epoch:137	loss:tensor(1.8856, device='cuda:0')]
[2019-03-05 18:05:09,840][INFO][epoch:138	loss:tensor(1.8084, device='cuda:0')]
[2019-03-05 18:05:34,631][INFO][epoch:139	loss:tensor(1.9513, device='cuda:0')]
[2019-03-05 18:05:59,444][INFO][epoch:140	loss:tensor(1.8504, device='cuda:0')]
[2019-03-05 18:06:01,629][WARNING][LCC:tensor(0.9033)]
[2019-03-05 18:06:01,630][WARNING][SROCC:tensor(0.8846)]
[2019-03-05 18:06:26,672][INFO][epoch:141	loss:tensor(1.9517, device='cuda:0')]
