[2019-02-26 23:46:48,103][INFO][epoch:0	loss:tensor(17.7780, device='cuda:0')]
[2019-02-26 23:46:57,826][INFO][LCC:tensor(nan)]
[2019-02-26 23:46:57,828][INFO][SROCC:tensor(-0.0370)]
[2019-02-26 23:47:11,227][INFO][epoch:1	loss:tensor(17.7780, device='cuda:0')]
[2019-02-26 23:47:13,068][INFO][LCC:tensor(nan)]
[2019-02-26 23:47:13,068][INFO][SROCC:tensor(-0.0370)]
[2019-02-26 23:47:26,507][INFO][epoch:2	loss:tensor(17.7780, device='cuda:0')]
[2019-02-26 23:47:28,336][INFO][LCC:tensor(nan)]
[2019-02-26 23:47:28,337][INFO][SROCC:tensor(-0.0370)]
[2019-02-26 23:47:41,907][INFO][epoch:3	loss:tensor(17.7780, device='cuda:0')]
[2019-02-26 23:47:43,828][INFO][LCC:tensor(nan)]
[2019-02-26 23:47:43,829][INFO][SROCC:tensor(-0.0370)]
[2019-02-26 23:47:57,260][INFO][epoch:4	loss:tensor(17.7780, device='cuda:0')]
[2019-02-26 23:47:59,090][INFO][LCC:tensor(nan)]
[2019-02-26 23:47:59,090][INFO][SROCC:tensor(-0.0370)]
[2019-02-26 23:48:12,513][INFO][epoch:5	loss:tensor(17.7780, device='cuda:0')]
[2019-02-26 23:48:14,352][INFO][LCC:tensor(nan)]
[2019-02-26 23:48:14,352][INFO][SROCC:tensor(-0.0370)]
[2019-02-26 23:48:27,767][INFO][epoch:6	loss:tensor(13.6758, device='cuda:0')]
[2019-02-26 23:48:29,620][INFO][LCC:tensor(0.0643)]
[2019-02-26 23:48:29,621][INFO][SROCC:tensor(0.0394)]
[2019-02-26 23:48:43,046][INFO][epoch:7	loss:tensor(5.4033, device='cuda:0')]
[2019-02-26 23:48:44,887][INFO][LCC:tensor(0.0549)]
[2019-02-26 23:48:44,887][INFO][SROCC:tensor(0.0359)]
[2019-02-26 23:48:58,302][INFO][epoch:8	loss:tensor(4.9032, device='cuda:0')]
[2019-02-26 23:49:00,154][INFO][LCC:tensor(0.0606)]
[2019-02-26 23:49:00,155][INFO][SROCC:tensor(0.0302)]
[2019-02-26 23:49:13,576][INFO][epoch:9	loss:tensor(4.8057, device='cuda:0')]
[2019-02-26 23:49:15,440][INFO][LCC:tensor(0.0642)]
[2019-02-26 23:49:15,441][INFO][SROCC:tensor(0.0293)]
[2019-02-26 23:49:28,866][INFO][epoch:10	loss:tensor(4.5198, device='cuda:0')]
[2019-02-26 23:49:30,713][INFO][LCC:tensor(0.1777)]
[2019-02-26 23:49:30,714][INFO][SROCC:tensor(0.1412)]
[2019-02-26 23:49:44,140][INFO][epoch:11	loss:tensor(4.3151, device='cuda:0')]
[2019-02-26 23:49:45,989][INFO][LCC:tensor(0.1625)]
[2019-02-26 23:49:45,990][INFO][SROCC:tensor(0.1186)]
[2019-02-26 23:49:59,406][INFO][epoch:12	loss:tensor(4.1424, device='cuda:0')]
[2019-02-26 23:50:01,246][INFO][LCC:tensor(0.2633)]
[2019-02-26 23:50:01,246][INFO][SROCC:tensor(0.2255)]
[2019-02-26 23:50:14,684][INFO][epoch:13	loss:tensor(4.0311, device='cuda:0')]
[2019-02-26 23:50:16,515][INFO][LCC:tensor(0.3752)]
[2019-02-26 23:50:16,516][INFO][SROCC:tensor(0.2691)]
[2019-02-26 23:50:29,942][INFO][epoch:14	loss:tensor(3.9727, device='cuda:0')]
[2019-02-26 23:50:31,784][INFO][LCC:tensor(0.3890)]
[2019-02-26 23:50:31,785][INFO][SROCC:tensor(0.3277)]
[2019-02-26 23:50:45,194][INFO][epoch:15	loss:tensor(3.8549, device='cuda:0')]
[2019-02-26 23:50:47,039][INFO][LCC:tensor(0.3781)]
[2019-02-26 23:50:47,039][INFO][SROCC:tensor(0.3161)]
[2019-02-26 23:51:00,581][INFO][epoch:16	loss:tensor(3.7632, device='cuda:0')]
[2019-02-26 23:51:02,599][INFO][LCC:tensor(0.3764)]
[2019-02-26 23:51:02,599][INFO][SROCC:tensor(0.3363)]
[2019-02-26 23:51:16,168][INFO][epoch:17	loss:tensor(3.7949, device='cuda:0')]
[2019-02-26 23:51:18,198][INFO][LCC:tensor(0.4465)]
[2019-02-26 23:51:18,199][INFO][SROCC:tensor(0.3810)]
[2019-02-26 23:51:31,754][INFO][epoch:18	loss:tensor(3.6442, device='cuda:0')]
[2019-02-26 23:51:33,758][INFO][LCC:tensor(0.3351)]
[2019-02-26 23:51:33,759][INFO][SROCC:tensor(0.2539)]
[2019-02-26 23:51:47,569][INFO][epoch:19	loss:tensor(3.7540, device='cuda:0')]
[2019-02-26 23:51:49,790][INFO][LCC:tensor(0.4910)]
[2019-02-26 23:51:49,791][INFO][SROCC:tensor(0.4084)]
