[2019-03-15 19:27:45,351][WARNING][Model:Try ResNet.]
[2019-03-15 19:27:48,765][INFO][epoch:0	loss:tensor(10.2498, device='cuda:0')]
[2019-03-15 19:27:50,513][INFO][epoch:1	loss:tensor(2.4750, device='cuda:0')]
[2019-03-15 19:27:52,255][INFO][epoch:2	loss:tensor(2.2916, device='cuda:0')]
[2019-03-15 19:27:53,986][INFO][epoch:3	loss:tensor(2.4253, device='cuda:0')]
[2019-03-15 19:27:55,722][INFO][epoch:4	loss:tensor(1.9992, device='cuda:0')]
[2019-03-15 19:27:57,464][INFO][epoch:5	loss:tensor(1.4959, device='cuda:0')]
[2019-03-15 19:27:59,206][INFO][epoch:6	loss:tensor(1.3554, device='cuda:0')]
[2019-03-15 19:28:00,952][INFO][epoch:7	loss:tensor(1.4683, device='cuda:0')]
[2019-03-15 19:28:02,697][INFO][epoch:8	loss:tensor(1.4470, device='cuda:0')]
[2019-03-15 19:28:04,434][INFO][epoch:9	loss:tensor(1.2634, device='cuda:0')]
[2019-03-15 19:28:06,181][INFO][epoch:10	loss:tensor(1.2449, device='cuda:0')]
[2019-03-15 19:28:06,952][WARNING][LCC:0.6790736]
[2019-03-15 19:28:06,952][WARNING][SROCC:0.6507742]
[2019-03-15 19:28:08,632][INFO][epoch:11	loss:tensor(1.2471, device='cuda:0')]
[2019-03-15 19:28:10,363][INFO][epoch:12	loss:tensor(1.2333, device='cuda:0')]
[2019-03-15 19:28:12,103][INFO][epoch:13	loss:tensor(1.2292, device='cuda:0')]
[2019-03-15 19:28:13,830][INFO][epoch:14	loss:tensor(1.2480, device='cuda:0')]
[2019-03-15 19:28:15,579][INFO][epoch:15	loss:tensor(1.2714, device='cuda:0')]
[2019-03-15 19:28:17,308][INFO][epoch:16	loss:tensor(1.0536, device='cuda:0')]
[2019-03-15 19:28:19,035][INFO][epoch:17	loss:tensor(1.2073, device='cuda:0')]
[2019-03-15 19:28:20,777][INFO][epoch:18	loss:tensor(1.0258, device='cuda:0')]
[2019-03-15 19:28:22,503][INFO][epoch:19	loss:tensor(1.1726, device='cuda:0')]
[2019-03-15 19:28:24,227][INFO][epoch:20	loss:tensor(1.1031, device='cuda:0')]
[2019-03-15 19:28:24,988][WARNING][LCC:0.72818166]
[2019-03-15 19:28:24,988][WARNING][SROCC:0.7160851]
[2019-03-15 19:28:26,684][INFO][epoch:21	loss:tensor(1.0404, device='cuda:0')]
[2019-03-15 19:28:28,389][INFO][epoch:22	loss:tensor(1.0079, device='cuda:0')]
[2019-03-15 19:28:30,109][INFO][epoch:23	loss:tensor(0.9792, device='cuda:0')]
[2019-03-15 19:28:31,869][INFO][epoch:24	loss:tensor(1.0678, device='cuda:0')]
[2019-03-15 19:28:33,577][INFO][epoch:25	loss:tensor(0.9775, device='cuda:0')]
[2019-03-15 19:28:35,311][INFO][epoch:26	loss:tensor(0.9691, device='cuda:0')]
[2019-03-15 19:28:37,100][INFO][epoch:27	loss:tensor(0.9521, device='cuda:0')]
[2019-03-15 19:28:38,836][INFO][epoch:28	loss:tensor(0.9449, device='cuda:0')]
[2019-03-15 19:28:40,557][INFO][epoch:29	loss:tensor(1.0144, device='cuda:0')]
[2019-03-15 19:28:42,296][INFO][epoch:30	loss:tensor(0.8907, device='cuda:0')]
[2019-03-15 19:28:43,074][WARNING][LCC:0.77365345]
[2019-03-15 19:28:43,074][WARNING][SROCC:0.73161316]
[2019-03-15 19:28:44,805][INFO][epoch:31	loss:tensor(0.9649, device='cuda:0')]
[2019-03-15 19:28:46,587][INFO][epoch:32	loss:tensor(0.9576, device='cuda:0')]
[2019-03-15 19:28:48,352][INFO][epoch:33	loss:tensor(0.9993, device='cuda:0')]
[2019-03-15 19:28:50,067][INFO][epoch:34	loss:tensor(0.8823, device='cuda:0')]
[2019-03-15 19:28:51,833][INFO][epoch:35	loss:tensor(0.7892, device='cuda:0')]
[2019-03-15 19:28:53,562][INFO][epoch:36	loss:tensor(0.9351, device='cuda:0')]
[2019-03-15 19:28:55,308][INFO][epoch:37	loss:tensor(0.8795, device='cuda:0')]
[2019-03-15 19:28:57,054][INFO][epoch:38	loss:tensor(1.5545, device='cuda:0')]
[2019-03-15 19:28:58,808][INFO][epoch:39	loss:tensor(0.9820, device='cuda:0')]
[2019-03-15 19:29:00,538][INFO][epoch:40	loss:tensor(0.9485, device='cuda:0')]
[2019-03-15 19:29:01,311][WARNING][LCC:0.7660199]
[2019-03-15 19:29:01,311][WARNING][SROCC:0.7147973]
[2019-03-15 19:29:02,992][INFO][epoch:41	loss:tensor(0.8797, device='cuda:0')]
[2019-03-15 19:29:04,724][INFO][epoch:42	loss:tensor(0.8690, device='cuda:0')]
[2019-03-15 19:29:06,480][INFO][epoch:43	loss:tensor(0.8312, device='cuda:0')]
[2019-03-15 19:29:08,214][INFO][epoch:44	loss:tensor(0.7864, device='cuda:0')]
[2019-03-15 19:29:09,956][INFO][epoch:45	loss:tensor(0.9270, device='cuda:0')]
[2019-03-15 19:29:11,687][INFO][epoch:46	loss:tensor(0.8315, device='cuda:0')]
[2019-03-15 19:29:13,423][INFO][epoch:47	loss:tensor(0.8476, device='cuda:0')]
[2019-03-15 19:29:15,173][INFO][epoch:48	loss:tensor(0.9200, device='cuda:0')]
[2019-03-15 19:29:16,912][INFO][epoch:49	loss:tensor(0.8868, device='cuda:0')]
[2019-03-15 19:29:18,655][INFO][epoch:50	loss:tensor(0.8185, device='cuda:0')]
[2019-03-15 19:29:19,414][WARNING][LCC:0.77614945]
[2019-03-15 19:29:19,414][WARNING][SROCC:0.7162907]
[2019-03-15 19:29:19,414][WARNING][Model saved]
[2019-03-15 19:29:21,196][INFO][epoch:51	loss:tensor(0.8909, device='cuda:0')]
[2019-03-15 19:29:22,930][INFO][epoch:52	loss:tensor(0.8324, device='cuda:0')]
[2019-03-15 19:29:24,660][INFO][epoch:53	loss:tensor(0.7637, device='cuda:0')]
[2019-03-15 19:29:26,403][INFO][epoch:54	loss:tensor(0.7364, device='cuda:0')]
[2019-03-15 19:29:28,140][INFO][epoch:55	loss:tensor(0.8058, device='cuda:0')]
[2019-03-15 19:29:29,870][INFO][epoch:56	loss:tensor(0.7830, device='cuda:0')]
[2019-03-15 19:29:31,603][INFO][epoch:57	loss:tensor(0.7612, device='cuda:0')]
[2019-03-15 19:29:33,355][INFO][epoch:58	loss:tensor(0.7405, device='cuda:0')]
[2019-03-15 19:29:35,115][INFO][epoch:59	loss:tensor(0.6812, device='cuda:0')]
[2019-03-15 19:29:36,847][INFO][epoch:60	loss:tensor(0.7527, device='cuda:0')]
[2019-03-15 19:29:37,601][WARNING][LCC:0.78319234]
[2019-03-15 19:29:37,601][WARNING][SROCC:0.73414564]
[2019-03-15 19:29:39,292][INFO][epoch:61	loss:tensor(0.7882, device='cuda:0')]
[2019-03-15 19:29:41,045][INFO][epoch:62	loss:tensor(0.7738, device='cuda:0')]
[2019-03-15 19:29:42,855][INFO][epoch:63	loss:tensor(0.7111, device='cuda:0')]
[2019-03-15 19:29:44,611][INFO][epoch:64	loss:tensor(0.7071, device='cuda:0')]
[2019-03-15 19:29:46,352][INFO][epoch:65	loss:tensor(0.7347, device='cuda:0')]
[2019-03-15 19:29:48,090][INFO][epoch:66	loss:tensor(0.7388, device='cuda:0')]
[2019-03-15 19:29:49,834][INFO][epoch:67	loss:tensor(0.7415, device='cuda:0')]
[2019-03-15 19:29:51,581][INFO][epoch:68	loss:tensor(0.7594, device='cuda:0')]
[2019-03-15 19:29:53,336][INFO][epoch:69	loss:tensor(0.7438, device='cuda:0')]
[2019-03-15 19:29:55,068][INFO][epoch:70	loss:tensor(0.7675, device='cuda:0')]
[2019-03-15 19:29:55,820][WARNING][LCC:0.79060566]
[2019-03-15 19:29:55,820][WARNING][SROCC:0.7466599]
[2019-03-15 19:29:57,507][INFO][epoch:71	loss:tensor(0.9993, device='cuda:0')]
[2019-03-15 19:29:59,261][INFO][epoch:72	loss:tensor(0.7370, device='cuda:0')]
[2019-03-15 19:30:01,011][INFO][epoch:73	loss:tensor(0.7518, device='cuda:0')]
[2019-03-15 19:30:02,760][INFO][epoch:74	loss:tensor(0.7620, device='cuda:0')]
[2019-03-15 19:30:04,496][INFO][epoch:75	loss:tensor(0.7336, device='cuda:0')]
[2019-03-15 19:30:06,228][INFO][epoch:76	loss:tensor(0.7521, device='cuda:0')]
[2019-03-15 19:30:07,994][INFO][epoch:77	loss:tensor(0.7039, device='cuda:0')]
[2019-03-15 19:30:09,725][INFO][epoch:78	loss:tensor(0.7126, device='cuda:0')]
[2019-03-15 19:30:11,480][INFO][epoch:79	loss:tensor(0.7140, device='cuda:0')]
[2019-03-15 19:30:13,235][INFO][epoch:80	loss:tensor(0.7281, device='cuda:0')]
[2019-03-15 19:30:13,997][WARNING][LCC:0.8063427]
[2019-03-15 19:30:13,997][WARNING][SROCC:0.7648591]
[2019-03-15 19:30:15,676][INFO][epoch:81	loss:tensor(0.6793, device='cuda:0')]
[2019-03-15 19:30:17,417][INFO][epoch:82	loss:tensor(0.6868, device='cuda:0')]
[2019-03-15 19:30:19,171][INFO][epoch:83	loss:tensor(0.6836, device='cuda:0')]
[2019-03-15 19:30:20,907][INFO][epoch:84	loss:tensor(0.6769, device='cuda:0')]
[2019-03-15 19:30:22,655][INFO][epoch:85	loss:tensor(0.6545, device='cuda:0')]
[2019-03-15 19:30:24,380][INFO][epoch:86	loss:tensor(0.6802, device='cuda:0')]
[2019-03-15 19:30:26,113][INFO][epoch:87	loss:tensor(0.7047, device='cuda:0')]
[2019-03-15 19:30:27,882][INFO][epoch:88	loss:tensor(0.6812, device='cuda:0')]
[2019-03-15 19:30:29,617][INFO][epoch:89	loss:tensor(0.6761, device='cuda:0')]
[2019-03-15 19:30:31,359][INFO][epoch:90	loss:tensor(0.7039, device='cuda:0')]
[2019-03-15 19:30:32,115][WARNING][LCC:0.8255456]
[2019-03-15 19:30:32,115][WARNING][SROCC:0.7744583]
[2019-03-15 19:30:33,793][INFO][epoch:91	loss:tensor(0.6523, device='cuda:0')]
[2019-03-15 19:30:35,534][INFO][epoch:92	loss:tensor(0.6572, device='cuda:0')]
[2019-03-15 19:30:37,271][INFO][epoch:93	loss:tensor(0.6865, device='cuda:0')]
[2019-03-15 19:30:39,010][INFO][epoch:94	loss:tensor(0.7336, device='cuda:0')]
[2019-03-15 19:30:40,737][INFO][epoch:95	loss:tensor(0.6474, device='cuda:0')]
[2019-03-15 19:30:42,481][INFO][epoch:96	loss:tensor(0.6184, device='cuda:0')]
[2019-03-15 19:30:44,214][INFO][epoch:97	loss:tensor(0.6282, device='cuda:0')]
[2019-03-15 19:30:45,969][INFO][epoch:98	loss:tensor(0.5961, device='cuda:0')]
[2019-03-15 19:30:47,727][INFO][epoch:99	loss:tensor(0.6818, device='cuda:0')]
[2019-03-15 19:30:49,469][INFO][epoch:100	loss:tensor(0.6470, device='cuda:0')]
[2019-03-15 19:30:50,216][WARNING][LCC:0.8287466]
[2019-03-15 19:30:50,217][WARNING][SROCC:0.7978309]
[2019-03-15 19:30:50,217][WARNING][Model saved]
[2019-03-15 19:30:51,980][INFO][epoch:101	loss:tensor(0.6655, device='cuda:0')]
[2019-03-15 19:30:53,724][INFO][epoch:102	loss:tensor(0.6238, device='cuda:0')]
[2019-03-15 19:30:55,444][INFO][epoch:103	loss:tensor(0.6144, device='cuda:0')]
[2019-03-15 19:30:57,188][INFO][epoch:104	loss:tensor(0.6026, device='cuda:0')]
[2019-03-15 19:30:58,921][INFO][epoch:105	loss:tensor(0.6725, device='cuda:0')]
[2019-03-15 19:31:00,658][INFO][epoch:106	loss:tensor(0.6260, device='cuda:0')]
[2019-03-15 19:31:02,387][INFO][epoch:107	loss:tensor(0.5855, device='cuda:0')]
[2019-03-15 19:31:04,112][INFO][epoch:108	loss:tensor(0.6375, device='cuda:0')]
[2019-03-15 19:31:05,871][INFO][epoch:109	loss:tensor(0.6869, device='cuda:0')]
[2019-03-15 19:31:07,612][INFO][epoch:110	loss:tensor(0.6299, device='cuda:0')]
[2019-03-15 19:31:08,342][WARNING][LCC:0.8337758]
[2019-03-15 19:31:08,342][WARNING][SROCC:0.80052274]
[2019-03-15 19:31:10,027][INFO][epoch:111	loss:tensor(0.5858, device='cuda:0')]
[2019-03-15 19:31:11,742][INFO][epoch:112	loss:tensor(0.5548, device='cuda:0')]
[2019-03-15 19:31:13,476][INFO][epoch:113	loss:tensor(0.5528, device='cuda:0')]
[2019-03-15 19:31:15,209][INFO][epoch:114	loss:tensor(0.5690, device='cuda:0')]
[2019-03-15 19:31:16,953][INFO][epoch:115	loss:tensor(0.6094, device='cuda:0')]
[2019-03-15 19:31:18,708][INFO][epoch:116	loss:tensor(0.6093, device='cuda:0')]
[2019-03-15 19:31:20,438][INFO][epoch:117	loss:tensor(0.5453, device='cuda:0')]
[2019-03-15 19:31:22,166][INFO][epoch:118	loss:tensor(0.5464, device='cuda:0')]
[2019-03-15 19:31:23,921][INFO][epoch:119	loss:tensor(0.5820, device='cuda:0')]
[2019-03-15 19:31:25,672][INFO][epoch:120	loss:tensor(0.6358, device='cuda:0')]
[2019-03-15 19:31:26,405][WARNING][LCC:0.83349013]
[2019-03-15 19:31:26,406][WARNING][SROCC:0.77565044]
[2019-03-15 19:31:28,092][INFO][epoch:121	loss:tensor(0.5908, device='cuda:0')]
[2019-03-15 19:31:29,813][INFO][epoch:122	loss:tensor(0.5909, device='cuda:0')]
[2019-03-15 19:31:31,564][INFO][epoch:123	loss:tensor(0.5646, device='cuda:0')]
[2019-03-15 19:31:33,303][INFO][epoch:124	loss:tensor(0.5829, device='cuda:0')]
[2019-03-15 19:31:35,018][INFO][epoch:125	loss:tensor(0.5618, device='cuda:0')]
[2019-03-15 19:31:36,758][INFO][epoch:126	loss:tensor(0.5552, device='cuda:0')]
[2019-03-15 19:31:38,507][INFO][epoch:127	loss:tensor(0.5816, device='cuda:0')]
[2019-03-15 19:31:40,243][INFO][epoch:128	loss:tensor(0.5366, device='cuda:0')]
[2019-03-15 19:31:41,970][INFO][epoch:129	loss:tensor(0.5795, device='cuda:0')]
[2019-03-15 19:31:43,708][INFO][epoch:130	loss:tensor(0.5987, device='cuda:0')]
[2019-03-15 19:31:44,463][WARNING][LCC:0.83570355]
[2019-03-15 19:31:44,463][WARNING][SROCC:0.80302817]
[2019-03-15 19:31:46,154][INFO][epoch:131	loss:tensor(0.5709, device='cuda:0')]
[2019-03-15 19:31:47,863][INFO][epoch:132	loss:tensor(0.5596, device='cuda:0')]
[2019-03-15 19:31:49,594][INFO][epoch:133	loss:tensor(0.5059, device='cuda:0')]
[2019-03-15 19:31:51,344][INFO][epoch:134	loss:tensor(0.5908, device='cuda:0')]
[2019-03-15 19:31:53,071][INFO][epoch:135	loss:tensor(0.6058, device='cuda:0')]
[2019-03-15 19:31:54,812][INFO][epoch:136	loss:tensor(0.6152, device='cuda:0')]
[2019-03-15 19:31:56,535][INFO][epoch:137	loss:tensor(0.5199, device='cuda:0')]
[2019-03-15 19:31:58,275][INFO][epoch:138	loss:tensor(0.5397, device='cuda:0')]
[2019-03-15 19:32:00,026][INFO][epoch:139	loss:tensor(0.5835, device='cuda:0')]
[2019-03-15 19:32:01,754][INFO][epoch:140	loss:tensor(0.5751, device='cuda:0')]
[2019-03-15 19:32:02,511][WARNING][LCC:0.8337263]
[2019-03-15 19:32:02,511][WARNING][SROCC:0.8007746]
[2019-03-15 19:32:04,204][INFO][epoch:141	loss:tensor(0.5533, device='cuda:0')]
[2019-03-15 19:32:05,938][INFO][epoch:142	loss:tensor(0.5299, device='cuda:0')]
[2019-03-15 19:32:07,650][INFO][epoch:143	loss:tensor(0.5457, device='cuda:0')]
[2019-03-15 19:32:09,393][INFO][epoch:144	loss:tensor(0.5452, device='cuda:0')]
[2019-03-15 19:32:11,148][INFO][epoch:145	loss:tensor(0.4891, device='cuda:0')]
[2019-03-15 19:32:12,882][INFO][epoch:146	loss:tensor(0.4833, device='cuda:0')]
[2019-03-15 19:32:14,640][INFO][epoch:147	loss:tensor(0.5517, device='cuda:0')]
[2019-03-15 19:32:16,364][INFO][epoch:148	loss:tensor(0.5178, device='cuda:0')]
[2019-03-15 19:32:18,100][INFO][epoch:149	loss:tensor(0.5387, device='cuda:0')]
[2019-03-15 19:32:19,859][INFO][epoch:150	loss:tensor(0.5204, device='cuda:0')]
[2019-03-15 19:32:20,612][WARNING][LCC:0.84457]
[2019-03-15 19:32:20,612][WARNING][SROCC:0.8134482]
[2019-03-15 19:32:20,612][WARNING][Model saved]
[2019-03-15 19:32:22,361][INFO][epoch:151	loss:tensor(0.5040, device='cuda:0')]
[2019-03-15 19:32:24,119][INFO][epoch:152	loss:tensor(0.5489, device='cuda:0')]
[2019-03-15 19:32:25,861][INFO][epoch:153	loss:tensor(0.5214, device='cuda:0')]
[2019-03-15 19:32:27,595][INFO][epoch:154	loss:tensor(0.4719, device='cuda:0')]
[2019-03-15 19:32:29,341][INFO][epoch:155	loss:tensor(0.5075, device='cuda:0')]
[2019-03-15 19:32:31,092][INFO][epoch:156	loss:tensor(0.5484, device='cuda:0')]
[2019-03-15 19:32:32,825][INFO][epoch:157	loss:tensor(0.5197, device='cuda:0')]
[2019-03-15 19:32:34,587][INFO][epoch:158	loss:tensor(0.5083, device='cuda:0')]
[2019-03-15 19:32:36,311][INFO][epoch:159	loss:tensor(0.5080, device='cuda:0')]
[2019-03-15 19:32:38,061][INFO][epoch:160	loss:tensor(0.5062, device='cuda:0')]
[2019-03-15 19:32:38,815][WARNING][LCC:0.85276914]
[2019-03-15 19:32:38,815][WARNING][SROCC:0.8063177]
[2019-03-15 19:32:40,492][INFO][epoch:161	loss:tensor(0.5155, device='cuda:0')]
[2019-03-15 19:32:42,231][INFO][epoch:162	loss:tensor(0.4504, device='cuda:0')]
[2019-03-15 19:32:43,984][INFO][epoch:163	loss:tensor(0.4995, device='cuda:0')]
[2019-03-15 19:32:45,680][INFO][epoch:164	loss:tensor(0.5962, device='cuda:0')]
[2019-03-15 19:32:47,403][INFO][epoch:165	loss:tensor(0.5147, device='cuda:0')]
[2019-03-15 19:32:49,156][INFO][epoch:166	loss:tensor(0.5261, device='cuda:0')]
[2019-03-15 19:32:50,892][INFO][epoch:167	loss:tensor(0.4913, device='cuda:0')]
[2019-03-15 19:32:52,631][INFO][epoch:168	loss:tensor(0.4958, device='cuda:0')]
[2019-03-15 19:32:54,372][INFO][epoch:169	loss:tensor(0.4758, device='cuda:0')]
[2019-03-15 19:32:56,099][INFO][epoch:170	loss:tensor(0.4861, device='cuda:0')]
[2019-03-15 19:32:56,842][WARNING][LCC:0.8563305]
[2019-03-15 19:32:56,843][WARNING][SROCC:0.83160436]
[2019-03-15 19:32:58,536][INFO][epoch:171	loss:tensor(0.4684, device='cuda:0')]
[2019-03-15 19:33:00,303][INFO][epoch:172	loss:tensor(0.4862, device='cuda:0')]
[2019-03-15 19:33:02,053][INFO][epoch:173	loss:tensor(0.4811, device='cuda:0')]
[2019-03-15 19:33:03,787][INFO][epoch:174	loss:tensor(0.5571, device='cuda:0')]
[2019-03-15 19:33:05,521][INFO][epoch:175	loss:tensor(0.4847, device='cuda:0')]
[2019-03-15 19:33:07,264][INFO][epoch:176	loss:tensor(0.5065, device='cuda:0')]
[2019-03-15 19:33:08,990][INFO][epoch:177	loss:tensor(0.4832, device='cuda:0')]
[2019-03-15 19:33:10,753][INFO][epoch:178	loss:tensor(0.4728, device='cuda:0')]
[2019-03-15 19:33:12,494][INFO][epoch:179	loss:tensor(0.4997, device='cuda:0')]
[2019-03-15 19:33:14,244][INFO][epoch:180	loss:tensor(0.4349, device='cuda:0')]
[2019-03-15 19:33:15,019][WARNING][LCC:0.8494714]
[2019-03-15 19:33:15,019][WARNING][SROCC:0.82169914]
[2019-03-15 19:33:16,703][INFO][epoch:181	loss:tensor(0.4773, device='cuda:0')]
[2019-03-15 19:33:18,436][INFO][epoch:182	loss:tensor(0.4611, device='cuda:0')]
[2019-03-15 19:33:20,175][INFO][epoch:183	loss:tensor(0.5650, device='cuda:0')]
[2019-03-15 19:33:21,918][INFO][epoch:184	loss:tensor(0.4524, device='cuda:0')]
[2019-03-15 19:33:23,676][INFO][epoch:185	loss:tensor(0.5174, device='cuda:0')]
[2019-03-15 19:33:25,421][INFO][epoch:186	loss:tensor(0.4467, device='cuda:0')]
[2019-03-15 19:33:27,157][INFO][epoch:187	loss:tensor(0.4382, device='cuda:0')]
[2019-03-15 19:33:28,892][INFO][epoch:188	loss:tensor(0.4803, device='cuda:0')]
[2019-03-15 19:33:30,648][INFO][epoch:189	loss:tensor(0.5503, device='cuda:0')]
[2019-03-15 19:33:32,388][INFO][epoch:190	loss:tensor(0.4696, device='cuda:0')]
[2019-03-15 19:33:33,154][WARNING][LCC:0.8525749]
[2019-03-15 19:33:33,154][WARNING][SROCC:0.82151425]
[2019-03-15 19:33:34,848][INFO][epoch:191	loss:tensor(0.4409, device='cuda:0')]
[2019-03-15 19:33:36,602][INFO][epoch:192	loss:tensor(0.4598, device='cuda:0')]
[2019-03-15 19:33:38,346][INFO][epoch:193	loss:tensor(0.4648, device='cuda:0')]
[2019-03-15 19:33:40,110][INFO][epoch:194	loss:tensor(0.4723, device='cuda:0')]
[2019-03-15 19:33:41,865][INFO][epoch:195	loss:tensor(0.4421, device='cuda:0')]
[2019-03-15 19:33:43,616][INFO][epoch:196	loss:tensor(0.4455, device='cuda:0')]
[2019-03-15 19:33:45,379][INFO][epoch:197	loss:tensor(0.5062, device='cuda:0')]
[2019-03-15 19:33:47,101][INFO][epoch:198	loss:tensor(0.4305, device='cuda:0')]
[2019-03-15 19:33:48,808][INFO][epoch:199	loss:tensor(0.4914, device='cuda:0')]
[2019-03-15 19:33:50,560][INFO][epoch:200	loss:tensor(0.4690, device='cuda:0')]
[2019-03-15 19:33:51,312][WARNING][LCC:0.8494695]
[2019-03-15 19:33:51,312][WARNING][SROCC:0.8218218]
[2019-03-15 19:33:51,313][WARNING][Model saved]
[2019-03-15 19:33:53,076][INFO][epoch:201	loss:tensor(0.5074, device='cuda:0')]
[2019-03-15 19:33:54,826][INFO][epoch:202	loss:tensor(0.4484, device='cuda:0')]
[2019-03-15 19:33:56,584][INFO][epoch:203	loss:tensor(0.4196, device='cuda:0')]
[2019-03-15 19:33:58,334][INFO][epoch:204	loss:tensor(0.4614, device='cuda:0')]
[2019-03-15 19:34:00,068][INFO][epoch:205	loss:tensor(0.4564, device='cuda:0')]
[2019-03-15 19:34:01,824][INFO][epoch:206	loss:tensor(0.4343, device='cuda:0')]
[2019-03-15 19:34:03,557][INFO][epoch:207	loss:tensor(0.4564, device='cuda:0')]
[2019-03-15 19:34:05,304][INFO][epoch:208	loss:tensor(0.4882, device='cuda:0')]
[2019-03-15 19:34:07,048][INFO][epoch:209	loss:tensor(0.4383, device='cuda:0')]
[2019-03-15 19:34:08,765][INFO][epoch:210	loss:tensor(0.4326, device='cuda:0')]
[2019-03-15 19:34:09,511][WARNING][LCC:0.87775666]
[2019-03-15 19:34:09,512][WARNING][SROCC:0.8513798]
[2019-03-15 19:34:11,210][INFO][epoch:211	loss:tensor(0.4168, device='cuda:0')]
[2019-03-15 19:34:12,961][INFO][epoch:212	loss:tensor(0.4193, device='cuda:0')]
[2019-03-15 19:34:14,671][INFO][epoch:213	loss:tensor(0.4633, device='cuda:0')]
[2019-03-15 19:34:16,421][INFO][epoch:214	loss:tensor(0.4383, device='cuda:0')]
[2019-03-15 19:34:18,148][INFO][epoch:215	loss:tensor(0.4400, device='cuda:0')]
[2019-03-15 19:34:19,894][INFO][epoch:216	loss:tensor(0.4352, device='cuda:0')]
[2019-03-15 19:34:21,652][INFO][epoch:217	loss:tensor(0.4634, device='cuda:0')]
[2019-03-15 19:34:23,440][INFO][epoch:218	loss:tensor(0.4094, device='cuda:0')]
[2019-03-15 19:34:25,197][INFO][epoch:219	loss:tensor(0.4324, device='cuda:0')]
[2019-03-15 19:34:26,976][INFO][epoch:220	loss:tensor(0.4199, device='cuda:0')]
[2019-03-15 19:34:27,739][WARNING][LCC:0.86654365]
[2019-03-15 19:34:27,740][WARNING][SROCC:0.83390737]
[2019-03-15 19:34:29,419][INFO][epoch:221	loss:tensor(0.4455, device='cuda:0')]
[2019-03-15 19:34:31,142][INFO][epoch:222	loss:tensor(0.4291, device='cuda:0')]
[2019-03-15 19:34:32,900][INFO][epoch:223	loss:tensor(0.4359, device='cuda:0')]
[2019-03-15 19:34:34,583][INFO][epoch:224	loss:tensor(0.4239, device='cuda:0')]
[2019-03-15 19:34:36,319][INFO][epoch:225	loss:tensor(0.4323, device='cuda:0')]
[2019-03-15 19:34:38,053][INFO][epoch:226	loss:tensor(0.4274, device='cuda:0')]
[2019-03-15 19:34:39,792][INFO][epoch:227	loss:tensor(0.4472, device='cuda:0')]
[2019-03-15 19:34:41,536][INFO][epoch:228	loss:tensor(0.4406, device='cuda:0')]
[2019-03-15 19:34:43,258][INFO][epoch:229	loss:tensor(0.3918, device='cuda:0')]
[2019-03-15 19:34:44,991][INFO][epoch:230	loss:tensor(0.4110, device='cuda:0')]
[2019-03-15 19:34:45,757][WARNING][LCC:0.8499824]
[2019-03-15 19:34:45,757][WARNING][SROCC:0.816113]
[2019-03-15 19:34:47,432][INFO][epoch:231	loss:tensor(0.4080, device='cuda:0')]
[2019-03-15 19:34:49,154][INFO][epoch:232	loss:tensor(0.4114, device='cuda:0')]
[2019-03-15 19:34:50,880][INFO][epoch:233	loss:tensor(0.4274, device='cuda:0')]
[2019-03-15 19:34:52,612][INFO][epoch:234	loss:tensor(0.5059, device='cuda:0')]
[2019-03-15 19:34:54,341][INFO][epoch:235	loss:tensor(0.4168, device='cuda:0')]
[2019-03-15 19:34:56,079][INFO][epoch:236	loss:tensor(0.4494, device='cuda:0')]
[2019-03-15 19:34:57,817][INFO][epoch:237	loss:tensor(0.3974, device='cuda:0')]
[2019-03-15 19:34:59,568][INFO][epoch:238	loss:tensor(0.4088, device='cuda:0')]
[2019-03-15 19:35:01,294][INFO][epoch:239	loss:tensor(0.4028, device='cuda:0')]
[2019-03-15 19:35:03,049][INFO][epoch:240	loss:tensor(0.4149, device='cuda:0')]
[2019-03-15 19:35:03,783][WARNING][LCC:0.8610442]
[2019-03-15 19:35:03,784][WARNING][SROCC:0.8405932]
[2019-03-15 19:35:05,448][INFO][epoch:241	loss:tensor(0.3441, device='cuda:0')]
[2019-03-15 19:35:07,200][INFO][epoch:242	loss:tensor(0.4601, device='cuda:0')]
[2019-03-15 19:35:08,938][INFO][epoch:243	loss:tensor(0.4369, device='cuda:0')]
[2019-03-15 19:35:10,667][INFO][epoch:244	loss:tensor(0.4106, device='cuda:0')]
[2019-03-15 19:35:12,407][INFO][epoch:245	loss:tensor(0.4268, device='cuda:0')]
[2019-03-15 19:35:14,128][INFO][epoch:246	loss:tensor(0.4308, device='cuda:0')]
[2019-03-15 19:35:15,868][INFO][epoch:247	loss:tensor(0.3690, device='cuda:0')]
[2019-03-15 19:35:17,613][INFO][epoch:248	loss:tensor(0.3986, device='cuda:0')]
[2019-03-15 19:35:19,333][INFO][epoch:249	loss:tensor(0.3826, device='cuda:0')]
[2019-03-15 19:35:21,060][INFO][epoch:250	loss:tensor(0.3603, device='cuda:0')]
[2019-03-15 19:35:21,845][WARNING][LCC:0.87657356]
[2019-03-15 19:35:21,845][WARNING][SROCC:0.8564384]
[2019-03-15 19:35:21,845][WARNING][Model saved]
[2019-03-15 19:35:23,586][INFO][epoch:251	loss:tensor(0.3707, device='cuda:0')]
[2019-03-15 19:35:25,324][INFO][epoch:252	loss:tensor(0.4055, device='cuda:0')]
[2019-03-15 19:35:27,096][INFO][epoch:253	loss:tensor(0.4053, device='cuda:0')]
[2019-03-15 19:35:28,823][INFO][epoch:254	loss:tensor(0.3843, device='cuda:0')]
[2019-03-15 19:35:30,576][INFO][epoch:255	loss:tensor(0.4596, device='cuda:0')]
[2019-03-15 19:35:32,302][INFO][epoch:256	loss:tensor(0.3861, device='cuda:0')]
[2019-03-15 19:35:34,034][INFO][epoch:257	loss:tensor(0.4035, device='cuda:0')]
[2019-03-15 19:35:35,769][INFO][epoch:258	loss:tensor(0.3801, device='cuda:0')]
[2019-03-15 19:35:37,517][INFO][epoch:259	loss:tensor(0.3719, device='cuda:0')]
[2019-03-15 19:35:39,272][INFO][epoch:260	loss:tensor(0.3915, device='cuda:0')]
[2019-03-15 19:35:40,002][WARNING][LCC:0.8888614]
[2019-03-15 19:35:40,003][WARNING][SROCC:0.88227654]
[2019-03-15 19:35:41,685][INFO][epoch:261	loss:tensor(0.4018, device='cuda:0')]
[2019-03-15 19:35:43,424][INFO][epoch:262	loss:tensor(0.3898, device='cuda:0')]
[2019-03-15 19:35:45,165][INFO][epoch:263	loss:tensor(0.3748, device='cuda:0')]
[2019-03-15 19:35:46,906][INFO][epoch:264	loss:tensor(0.4274, device='cuda:0')]
[2019-03-15 19:35:48,668][INFO][epoch:265	loss:tensor(0.3996, device='cuda:0')]
[2019-03-15 19:35:50,390][INFO][epoch:266	loss:tensor(0.3905, device='cuda:0')]
[2019-03-15 19:35:52,143][INFO][epoch:267	loss:tensor(0.3696, device='cuda:0')]
[2019-03-15 19:35:53,874][INFO][epoch:268	loss:tensor(0.4080, device='cuda:0')]
[2019-03-15 19:35:55,618][INFO][epoch:269	loss:tensor(0.3807, device='cuda:0')]
[2019-03-15 19:35:57,380][INFO][epoch:270	loss:tensor(0.3898, device='cuda:0')]
[2019-03-15 19:35:58,134][WARNING][LCC:0.882729]
[2019-03-15 19:35:58,134][WARNING][SROCC:0.8662815]
[2019-03-15 19:35:59,838][INFO][epoch:271	loss:tensor(0.3704, device='cuda:0')]
[2019-03-15 19:36:01,596][INFO][epoch:272	loss:tensor(0.3872, device='cuda:0')]
[2019-03-15 19:36:03,334][INFO][epoch:273	loss:tensor(0.3819, device='cuda:0')]
[2019-03-15 19:36:05,078][INFO][epoch:274	loss:tensor(0.3994, device='cuda:0')]
[2019-03-15 19:36:06,823][INFO][epoch:275	loss:tensor(0.3615, device='cuda:0')]
[2019-03-15 19:36:08,572][INFO][epoch:276	loss:tensor(0.4006, device='cuda:0')]
[2019-03-15 19:36:10,321][INFO][epoch:277	loss:tensor(0.3617, device='cuda:0')]
[2019-03-15 19:36:12,066][INFO][epoch:278	loss:tensor(0.3515, device='cuda:0')]
[2019-03-15 19:36:13,799][INFO][epoch:279	loss:tensor(0.3762, device='cuda:0')]
[2019-03-15 19:36:15,530][INFO][epoch:280	loss:tensor(0.3561, device='cuda:0')]
[2019-03-15 19:36:16,284][WARNING][LCC:0.86018586]
[2019-03-15 19:36:16,284][WARNING][SROCC:0.84127533]
[2019-03-15 19:36:17,976][INFO][epoch:281	loss:tensor(0.4122, device='cuda:0')]
[2019-03-15 19:36:19,717][INFO][epoch:282	loss:tensor(0.3941, device='cuda:0')]
[2019-03-15 19:36:21,468][INFO][epoch:283	loss:tensor(0.3647, device='cuda:0')]
[2019-03-15 19:36:23,224][INFO][epoch:284	loss:tensor(0.3738, device='cuda:0')]
[2019-03-15 19:36:24,976][INFO][epoch:285	loss:tensor(0.3517, device='cuda:0')]
[2019-03-15 19:36:26,708][INFO][epoch:286	loss:tensor(0.3905, device='cuda:0')]
[2019-03-15 19:36:28,448][INFO][epoch:287	loss:tensor(0.3669, device='cuda:0')]
[2019-03-15 19:36:30,214][INFO][epoch:288	loss:tensor(0.3659, device='cuda:0')]
[2019-03-15 19:36:31,951][INFO][epoch:289	loss:tensor(0.3844, device='cuda:0')]
[2019-03-15 19:36:33,701][INFO][epoch:290	loss:tensor(0.3582, device='cuda:0')]
[2019-03-15 19:36:34,521][WARNING][LCC:0.8900489]
[2019-03-15 19:36:34,522][WARNING][SROCC:0.86941963]
[2019-03-15 19:36:36,251][INFO][epoch:291	loss:tensor(0.3864, device='cuda:0')]
[2019-03-15 19:36:38,048][INFO][epoch:292	loss:tensor(0.3625, device='cuda:0')]
[2019-03-15 19:36:39,784][INFO][epoch:293	loss:tensor(0.3547, device='cuda:0')]
[2019-03-15 19:36:41,524][INFO][epoch:294	loss:tensor(0.3760, device='cuda:0')]
[2019-03-15 19:36:43,257][INFO][epoch:295	loss:tensor(0.3848, device='cuda:0')]
[2019-03-15 19:36:45,004][INFO][epoch:296	loss:tensor(0.3515, device='cuda:0')]
[2019-03-15 19:36:46,739][INFO][epoch:297	loss:tensor(0.3402, device='cuda:0')]
[2019-03-15 19:36:48,470][INFO][epoch:298	loss:tensor(0.3557, device='cuda:0')]
[2019-03-15 19:36:50,228][INFO][epoch:299	loss:tensor(0.3507, device='cuda:0')]
[2019-03-15 19:36:51,980][INFO][epoch:300	loss:tensor(0.3802, device='cuda:0')]
[2019-03-15 19:36:52,737][WARNING][LCC:0.85935175]
[2019-03-15 19:36:52,737][WARNING][SROCC:0.85479367]
[2019-03-15 19:36:52,737][WARNING][Model saved]
[2019-03-15 19:36:54,500][INFO][epoch:301	loss:tensor(0.3941, device='cuda:0')]
[2019-03-15 19:36:56,214][INFO][epoch:302	loss:tensor(0.3661, device='cuda:0')]
[2019-03-15 19:36:57,943][INFO][epoch:303	loss:tensor(0.3737, device='cuda:0')]
[2019-03-15 19:36:59,686][INFO][epoch:304	loss:tensor(0.3454, device='cuda:0')]
[2019-03-15 19:37:01,430][INFO][epoch:305	loss:tensor(0.3448, device='cuda:0')]
[2019-03-15 19:37:03,163][INFO][epoch:306	loss:tensor(0.3429, device='cuda:0')]
[2019-03-15 19:37:04,882][INFO][epoch:307	loss:tensor(0.3740, device='cuda:0')]
[2019-03-15 19:37:06,623][INFO][epoch:308	loss:tensor(0.3479, device='cuda:0')]
[2019-03-15 19:37:08,364][INFO][epoch:309	loss:tensor(0.3486, device='cuda:0')]
[2019-03-15 19:37:10,094][INFO][epoch:310	loss:tensor(0.3711, device='cuda:0')]
[2019-03-15 19:37:10,852][WARNING][LCC:0.8734639]
[2019-03-15 19:37:10,852][WARNING][SROCC:0.84896207]
[2019-03-15 19:37:12,525][INFO][epoch:311	loss:tensor(0.3803, device='cuda:0')]
[2019-03-15 19:37:14,272][INFO][epoch:312	loss:tensor(0.3400, device='cuda:0')]
[2019-03-15 19:37:15,989][INFO][epoch:313	loss:tensor(0.3515, device='cuda:0')]
[2019-03-15 19:37:17,724][INFO][epoch:314	loss:tensor(0.3827, device='cuda:0')]
[2019-03-15 19:37:19,475][INFO][epoch:315	loss:tensor(0.3871, device='cuda:0')]
[2019-03-15 19:37:21,232][INFO][epoch:316	loss:tensor(0.3831, device='cuda:0')]
[2019-03-15 19:37:22,965][INFO][epoch:317	loss:tensor(0.3307, device='cuda:0')]
[2019-03-15 19:37:24,707][INFO][epoch:318	loss:tensor(0.3343, device='cuda:0')]
[2019-03-15 19:37:26,444][INFO][epoch:319	loss:tensor(0.3185, device='cuda:0')]
[2019-03-15 19:37:28,185][INFO][epoch:320	loss:tensor(0.3297, device='cuda:0')]
[2019-03-15 19:37:28,954][WARNING][LCC:0.8924776]
[2019-03-15 19:37:28,954][WARNING][SROCC:0.86975753]
[2019-03-15 19:37:30,643][INFO][epoch:321	loss:tensor(0.3604, device='cuda:0')]
[2019-03-15 19:37:32,367][INFO][epoch:322	loss:tensor(0.3191, device='cuda:0')]
[2019-03-15 19:37:34,126][INFO][epoch:323	loss:tensor(0.3334, device='cuda:0')]
[2019-03-15 19:37:35,849][INFO][epoch:324	loss:tensor(0.3602, device='cuda:0')]
[2019-03-15 19:37:37,596][INFO][epoch:325	loss:tensor(0.3438, device='cuda:0')]
[2019-03-15 19:37:39,349][INFO][epoch:326	loss:tensor(0.3415, device='cuda:0')]
[2019-03-15 19:37:41,077][INFO][epoch:327	loss:tensor(0.3286, device='cuda:0')]
[2019-03-15 19:37:42,810][INFO][epoch:328	loss:tensor(0.3542, device='cuda:0')]
[2019-03-15 19:37:44,563][INFO][epoch:329	loss:tensor(0.3411, device='cuda:0')]
[2019-03-15 19:37:46,304][INFO][epoch:330	loss:tensor(0.3437, device='cuda:0')]
[2019-03-15 19:37:47,048][WARNING][LCC:0.8945045]
[2019-03-15 19:37:47,048][WARNING][SROCC:0.8800995]
[2019-03-15 19:37:48,728][INFO][epoch:331	loss:tensor(0.3652, device='cuda:0')]
[2019-03-15 19:37:50,462][INFO][epoch:332	loss:tensor(0.3383, device='cuda:0')]
[2019-03-15 19:37:52,203][INFO][epoch:333	loss:tensor(0.3453, device='cuda:0')]
[2019-03-15 19:37:53,956][INFO][epoch:334	loss:tensor(0.3374, device='cuda:0')]
[2019-03-15 19:37:55,720][INFO][epoch:335	loss:tensor(0.3472, device='cuda:0')]
[2019-03-15 19:37:57,453][INFO][epoch:336	loss:tensor(0.3656, device='cuda:0')]
[2019-03-15 19:37:59,188][INFO][epoch:337	loss:tensor(0.3426, device='cuda:0')]
[2019-03-15 19:38:00,931][INFO][epoch:338	loss:tensor(0.3138, device='cuda:0')]
[2019-03-15 19:38:02,665][INFO][epoch:339	loss:tensor(0.3750, device='cuda:0')]
[2019-03-15 19:38:04,420][INFO][epoch:340	loss:tensor(0.3590, device='cuda:0')]
[2019-03-15 19:38:05,171][WARNING][LCC:0.87323284]
[2019-03-15 19:38:05,171][WARNING][SROCC:0.8453155]
[2019-03-15 19:38:06,844][INFO][epoch:341	loss:tensor(0.3168, device='cuda:0')]
[2019-03-15 19:38:08,578][INFO][epoch:342	loss:tensor(0.3554, device='cuda:0')]
[2019-03-15 19:38:10,325][INFO][epoch:343	loss:tensor(0.3243, device='cuda:0')]
[2019-03-15 19:38:12,072][INFO][epoch:344	loss:tensor(0.3257, device='cuda:0')]
[2019-03-15 19:38:13,824][INFO][epoch:345	loss:tensor(0.3162, device='cuda:0')]
[2019-03-15 19:38:15,557][INFO][epoch:346	loss:tensor(0.3593, device='cuda:0')]
[2019-03-15 19:38:17,275][INFO][epoch:347	loss:tensor(0.3354, device='cuda:0')]
[2019-03-15 19:38:19,032][INFO][epoch:348	loss:tensor(0.3177, device='cuda:0')]
[2019-03-15 19:38:20,744][INFO][epoch:349	loss:tensor(0.2943, device='cuda:0')]
[2019-03-15 19:38:22,468][INFO][epoch:350	loss:tensor(0.2945, device='cuda:0')]
[2019-03-15 19:38:23,226][WARNING][LCC:0.90236574]
[2019-03-15 19:38:23,226][WARNING][SROCC:0.8870674]
[2019-03-15 19:38:23,226][WARNING][Model saved]
[2019-03-15 19:38:24,980][INFO][epoch:351	loss:tensor(0.3426, device='cuda:0')]
[2019-03-15 19:38:26,699][INFO][epoch:352	loss:tensor(0.3487, device='cuda:0')]
[2019-03-15 19:38:28,433][INFO][epoch:353	loss:tensor(0.3160, device='cuda:0')]
[2019-03-15 19:38:30,166][INFO][epoch:354	loss:tensor(0.3234, device='cuda:0')]
[2019-03-15 19:38:31,909][INFO][epoch:355	loss:tensor(0.3357, device='cuda:0')]
[2019-03-15 19:38:33,630][INFO][epoch:356	loss:tensor(0.3282, device='cuda:0')]
[2019-03-15 19:38:35,384][INFO][epoch:357	loss:tensor(0.3423, device='cuda:0')]
[2019-03-15 19:38:37,110][INFO][epoch:358	loss:tensor(0.3192, device='cuda:0')]
[2019-03-15 19:38:38,852][INFO][epoch:359	loss:tensor(0.2899, device='cuda:0')]
[2019-03-15 19:38:40,586][INFO][epoch:360	loss:tensor(0.3020, device='cuda:0')]
[2019-03-15 19:38:41,341][WARNING][LCC:0.8950478]
[2019-03-15 19:38:41,342][WARNING][SROCC:0.8742041]
[2019-03-15 19:38:43,030][INFO][epoch:361	loss:tensor(0.3125, device='cuda:0')]
[2019-03-15 19:38:44,755][INFO][epoch:362	loss:tensor(0.3391, device='cuda:0')]
[2019-03-15 19:38:46,496][INFO][epoch:363	loss:tensor(0.3053, device='cuda:0')]
[2019-03-15 19:38:48,228][INFO][epoch:364	loss:tensor(0.3094, device='cuda:0')]
[2019-03-15 19:38:49,959][INFO][epoch:365	loss:tensor(0.3134, device='cuda:0')]
[2019-03-15 19:38:51,691][INFO][epoch:366	loss:tensor(0.3463, device='cuda:0')]
[2019-03-15 19:38:53,428][INFO][epoch:367	loss:tensor(0.3028, device='cuda:0')]
[2019-03-15 19:38:55,151][INFO][epoch:368	loss:tensor(0.3327, device='cuda:0')]
[2019-03-15 19:38:56,881][INFO][epoch:369	loss:tensor(0.3284, device='cuda:0')]
[2019-03-15 19:38:58,644][INFO][epoch:370	loss:tensor(0.3192, device='cuda:0')]
[2019-03-15 19:38:59,379][WARNING][LCC:0.88108766]
[2019-03-15 19:38:59,379][WARNING][SROCC:0.8722868]
[2019-03-15 19:39:01,078][INFO][epoch:371	loss:tensor(0.3194, device='cuda:0')]
[2019-03-15 19:39:02,811][INFO][epoch:372	loss:tensor(0.3099, device='cuda:0')]
[2019-03-15 19:39:04,552][INFO][epoch:373	loss:tensor(0.3258, device='cuda:0')]
[2019-03-15 19:39:06,277][INFO][epoch:374	loss:tensor(0.3350, device='cuda:0')]
[2019-03-15 19:39:08,000][INFO][epoch:375	loss:tensor(0.3018, device='cuda:0')]
[2019-03-15 19:39:09,729][INFO][epoch:376	loss:tensor(0.2908, device='cuda:0')]
[2019-03-15 19:39:11,481][INFO][epoch:377	loss:tensor(0.3258, device='cuda:0')]
[2019-03-15 19:39:13,215][INFO][epoch:378	loss:tensor(0.3326, device='cuda:0')]
[2019-03-15 19:39:14,963][INFO][epoch:379	loss:tensor(0.2843, device='cuda:0')]
[2019-03-15 19:39:16,702][INFO][epoch:380	loss:tensor(0.3249, device='cuda:0')]
[2019-03-15 19:39:17,467][WARNING][LCC:0.88270515]
[2019-03-15 19:39:17,467][WARNING][SROCC:0.8746153]
[2019-03-15 19:39:19,137][INFO][epoch:381	loss:tensor(0.3166, device='cuda:0')]
[2019-03-15 19:39:20,889][INFO][epoch:382	loss:tensor(0.3167, device='cuda:0')]
[2019-03-15 19:39:22,649][INFO][epoch:383	loss:tensor(0.3048, device='cuda:0')]
[2019-03-15 19:39:24,364][INFO][epoch:384	loss:tensor(0.3191, device='cuda:0')]
[2019-03-15 19:39:26,122][INFO][epoch:385	loss:tensor(0.3146, device='cuda:0')]
[2019-03-15 19:39:27,870][INFO][epoch:386	loss:tensor(0.3082, device='cuda:0')]
[2019-03-15 19:39:29,586][INFO][epoch:387	loss:tensor(0.3639, device='cuda:0')]
[2019-03-15 19:39:31,328][INFO][epoch:388	loss:tensor(0.3321, device='cuda:0')]
[2019-03-15 19:39:33,073][INFO][epoch:389	loss:tensor(0.3250, device='cuda:0')]
[2019-03-15 19:39:34,816][INFO][epoch:390	loss:tensor(0.3401, device='cuda:0')]
[2019-03-15 19:39:35,569][WARNING][LCC:0.88695014]
[2019-03-15 19:39:35,570][WARNING][SROCC:0.8747444]
[2019-03-15 19:39:37,240][INFO][epoch:391	loss:tensor(0.2929, device='cuda:0')]
[2019-03-15 19:39:38,977][INFO][epoch:392	loss:tensor(0.3099, device='cuda:0')]
[2019-03-15 19:39:40,721][INFO][epoch:393	loss:tensor(0.3109, device='cuda:0')]
[2019-03-15 19:39:42,457][INFO][epoch:394	loss:tensor(0.3174, device='cuda:0')]
[2019-03-15 19:39:44,198][INFO][epoch:395	loss:tensor(0.3131, device='cuda:0')]
[2019-03-15 19:39:45,925][INFO][epoch:396	loss:tensor(0.2935, device='cuda:0')]
[2019-03-15 19:39:47,669][INFO][epoch:397	loss:tensor(0.3040, device='cuda:0')]
[2019-03-15 19:39:49,405][INFO][epoch:398	loss:tensor(0.2860, device='cuda:0')]
[2019-03-15 19:39:51,138][INFO][epoch:399	loss:tensor(0.3103, device='cuda:0')]
[2019-03-15 19:39:52,867][INFO][epoch:400	loss:tensor(0.3083, device='cuda:0')]
[2019-03-15 19:39:53,617][WARNING][LCC:0.8958999]
[2019-03-15 19:39:53,618][WARNING][SROCC:0.88214266]
[2019-03-15 19:39:53,618][WARNING][Model saved]
[2019-03-15 19:39:55,378][INFO][epoch:401	loss:tensor(0.2977, device='cuda:0')]
[2019-03-15 19:39:57,109][INFO][epoch:402	loss:tensor(0.3167, device='cuda:0')]
[2019-03-15 19:39:58,862][INFO][epoch:403	loss:tensor(0.3251, device='cuda:0')]
[2019-03-15 19:40:00,578][INFO][epoch:404	loss:tensor(0.2847, device='cuda:0')]
[2019-03-15 19:40:02,312][INFO][epoch:405	loss:tensor(0.3227, device='cuda:0')]
[2019-03-15 19:40:04,043][INFO][epoch:406	loss:tensor(0.3055, device='cuda:0')]
[2019-03-15 19:40:05,796][INFO][epoch:407	loss:tensor(0.2777, device='cuda:0')]
[2019-03-15 19:40:07,528][INFO][epoch:408	loss:tensor(0.3170, device='cuda:0')]
[2019-03-15 19:40:09,250][INFO][epoch:409	loss:tensor(0.3339, device='cuda:0')]
[2019-03-15 19:40:10,996][INFO][epoch:410	loss:tensor(0.3095, device='cuda:0')]
[2019-03-15 19:40:11,745][WARNING][LCC:0.87631285]
[2019-03-15 19:40:11,745][WARNING][SROCC:0.85772777]
[2019-03-15 19:40:13,407][INFO][epoch:411	loss:tensor(0.2834, device='cuda:0')]
[2019-03-15 19:40:15,133][INFO][epoch:412	loss:tensor(0.2923, device='cuda:0')]
[2019-03-15 19:40:16,883][INFO][epoch:413	loss:tensor(0.2842, device='cuda:0')]
[2019-03-15 19:40:18,628][INFO][epoch:414	loss:tensor(0.2733, device='cuda:0')]
[2019-03-15 19:40:20,352][INFO][epoch:415	loss:tensor(0.2968, device='cuda:0')]
[2019-03-15 19:40:22,096][INFO][epoch:416	loss:tensor(0.2923, device='cuda:0')]
[2019-03-15 19:40:23,827][INFO][epoch:417	loss:tensor(0.2895, device='cuda:0')]
[2019-03-15 19:40:25,555][INFO][epoch:418	loss:tensor(0.3173, device='cuda:0')]
[2019-03-15 19:40:27,301][INFO][epoch:419	loss:tensor(0.2986, device='cuda:0')]
[2019-03-15 19:40:29,037][INFO][epoch:420	loss:tensor(0.2770, device='cuda:0')]
[2019-03-15 19:40:29,773][WARNING][LCC:0.88759416]
[2019-03-15 19:40:29,774][WARNING][SROCC:0.8667533]
[2019-03-15 19:40:31,451][INFO][epoch:421	loss:tensor(0.3213, device='cuda:0')]
[2019-03-15 19:40:33,196][INFO][epoch:422	loss:tensor(0.2918, device='cuda:0')]
[2019-03-15 19:40:34,910][INFO][epoch:423	loss:tensor(0.2886, device='cuda:0')]
[2019-03-15 19:40:36,648][INFO][epoch:424	loss:tensor(0.2993, device='cuda:0')]
[2019-03-15 19:40:38,373][INFO][epoch:425	loss:tensor(0.2810, device='cuda:0')]
[2019-03-15 19:40:40,108][INFO][epoch:426	loss:tensor(0.2974, device='cuda:0')]
[2019-03-15 19:40:41,833][INFO][epoch:427	loss:tensor(0.3070, device='cuda:0')]
[2019-03-15 19:40:43,572][INFO][epoch:428	loss:tensor(0.3196, device='cuda:0')]
[2019-03-15 19:40:45,289][INFO][epoch:429	loss:tensor(0.3160, device='cuda:0')]
[2019-03-15 19:40:47,027][INFO][epoch:430	loss:tensor(0.2714, device='cuda:0')]
[2019-03-15 19:40:47,780][WARNING][LCC:0.90225565]
[2019-03-15 19:40:47,780][WARNING][SROCC:0.8908876]
[2019-03-15 19:40:49,460][INFO][epoch:431	loss:tensor(0.2867, device='cuda:0')]
[2019-03-15 19:40:51,195][INFO][epoch:432	loss:tensor(0.2934, device='cuda:0')]
[2019-03-15 19:40:52,942][INFO][epoch:433	loss:tensor(0.2738, device='cuda:0')]
[2019-03-15 19:40:54,673][INFO][epoch:434	loss:tensor(0.2906, device='cuda:0')]
[2019-03-15 19:40:56,459][INFO][epoch:435	loss:tensor(0.2766, device='cuda:0')]
[2019-03-15 19:40:58,295][INFO][epoch:436	loss:tensor(0.2593, device='cuda:0')]
[2019-03-15 19:41:00,059][INFO][epoch:437	loss:tensor(0.3082, device='cuda:0')]
[2019-03-15 19:41:01,873][INFO][epoch:438	loss:tensor(0.2667, device='cuda:0')]
[2019-03-15 19:41:03,752][INFO][epoch:439	loss:tensor(0.2927, device='cuda:0')]
[2019-03-15 19:41:05,521][INFO][epoch:440	loss:tensor(0.2721, device='cuda:0')]
[2019-03-15 19:41:06,316][WARNING][LCC:0.8930672]
[2019-03-15 19:41:06,316][WARNING][SROCC:0.87309325]
[2019-03-15 19:41:07,994][INFO][epoch:441	loss:tensor(0.2887, device='cuda:0')]
[2019-03-15 19:41:09,736][INFO][epoch:442	loss:tensor(0.3090, device='cuda:0')]
[2019-03-15 19:41:11,515][INFO][epoch:443	loss:tensor(0.2747, device='cuda:0')]
[2019-03-15 19:41:13,265][INFO][epoch:444	loss:tensor(0.3009, device='cuda:0')]
[2019-03-15 19:41:14,978][INFO][epoch:445	loss:tensor(0.3094, device='cuda:0')]
[2019-03-15 19:41:16,723][INFO][epoch:446	loss:tensor(0.2760, device='cuda:0')]
[2019-03-15 19:41:18,459][INFO][epoch:447	loss:tensor(0.2679, device='cuda:0')]
[2019-03-15 19:41:20,196][INFO][epoch:448	loss:tensor(0.2614, device='cuda:0')]
[2019-03-15 19:41:21,928][INFO][epoch:449	loss:tensor(0.2808, device='cuda:0')]
[2019-03-15 19:41:23,653][INFO][epoch:450	loss:tensor(0.2903, device='cuda:0')]
[2019-03-15 19:41:24,401][WARNING][LCC:0.9090383]
[2019-03-15 19:41:24,401][WARNING][SROCC:0.9056459]
[2019-03-15 19:41:24,401][WARNING][Model saved]
[2019-03-15 19:41:26,156][INFO][epoch:451	loss:tensor(0.2627, device='cuda:0')]
[2019-03-15 19:41:27,905][INFO][epoch:452	loss:tensor(0.2901, device='cuda:0')]
[2019-03-15 19:41:29,652][INFO][epoch:453	loss:tensor(0.2945, device='cuda:0')]
[2019-03-15 19:41:31,381][INFO][epoch:454	loss:tensor(0.3416, device='cuda:0')]
[2019-03-15 19:41:33,133][INFO][epoch:455	loss:tensor(0.3303, device='cuda:0')]
[2019-03-15 19:41:34,865][INFO][epoch:456	loss:tensor(0.2698, device='cuda:0')]
[2019-03-15 19:41:36,608][INFO][epoch:457	loss:tensor(0.2483, device='cuda:0')]
[2019-03-15 19:41:38,373][INFO][epoch:458	loss:tensor(0.2675, device='cuda:0')]
[2019-03-15 19:41:40,120][INFO][epoch:459	loss:tensor(0.2946, device='cuda:0')]
[2019-03-15 19:41:41,835][INFO][epoch:460	loss:tensor(0.2881, device='cuda:0')]
[2019-03-15 19:41:42,577][WARNING][LCC:0.88668245]
[2019-03-15 19:41:42,577][WARNING][SROCC:0.87308526]
[2019-03-15 19:41:44,259][INFO][epoch:461	loss:tensor(0.2633, device='cuda:0')]
[2019-03-15 19:41:46,007][INFO][epoch:462	loss:tensor(0.2873, device='cuda:0')]
[2019-03-15 19:41:47,748][INFO][epoch:463	loss:tensor(0.2864, device='cuda:0')]
[2019-03-15 19:41:49,507][INFO][epoch:464	loss:tensor(0.2642, device='cuda:0')]
[2019-03-15 19:41:51,228][INFO][epoch:465	loss:tensor(0.2711, device='cuda:0')]
[2019-03-15 19:41:52,964][INFO][epoch:466	loss:tensor(0.2934, device='cuda:0')]
[2019-03-15 19:41:54,736][INFO][epoch:467	loss:tensor(0.2737, device='cuda:0')]
[2019-03-15 19:41:56,476][INFO][epoch:468	loss:tensor(0.2922, device='cuda:0')]
[2019-03-15 19:41:58,212][INFO][epoch:469	loss:tensor(0.2692, device='cuda:0')]
[2019-03-15 19:41:59,947][INFO][epoch:470	loss:tensor(0.2990, device='cuda:0')]
[2019-03-15 19:42:00,689][WARNING][LCC:0.88967586]
[2019-03-15 19:42:00,689][WARNING][SROCC:0.8726008]
[2019-03-15 19:42:02,362][INFO][epoch:471	loss:tensor(0.2862, device='cuda:0')]
[2019-03-15 19:42:04,111][INFO][epoch:472	loss:tensor(0.2730, device='cuda:0')]
[2019-03-15 19:42:05,848][INFO][epoch:473	loss:tensor(0.2757, device='cuda:0')]
[2019-03-15 19:42:07,585][INFO][epoch:474	loss:tensor(0.2905, device='cuda:0')]
[2019-03-15 19:42:09,321][INFO][epoch:475	loss:tensor(0.2872, device='cuda:0')]
[2019-03-15 19:42:11,061][INFO][epoch:476	loss:tensor(0.3027, device='cuda:0')]
[2019-03-15 19:42:12,816][INFO][epoch:477	loss:tensor(0.2785, device='cuda:0')]
[2019-03-15 19:42:14,557][INFO][epoch:478	loss:tensor(0.2569, device='cuda:0')]
[2019-03-15 19:42:16,286][INFO][epoch:479	loss:tensor(0.2463, device='cuda:0')]
[2019-03-15 19:42:18,035][INFO][epoch:480	loss:tensor(0.2652, device='cuda:0')]
[2019-03-15 19:42:18,790][WARNING][LCC:0.90045017]
[2019-03-15 19:42:18,790][WARNING][SROCC:0.8889066]
[2019-03-15 19:42:20,482][INFO][epoch:481	loss:tensor(0.2631, device='cuda:0')]
[2019-03-15 19:42:22,217][INFO][epoch:482	loss:tensor(0.2710, device='cuda:0')]
[2019-03-15 19:42:23,984][INFO][epoch:483	loss:tensor(0.2922, device='cuda:0')]
[2019-03-15 19:42:25,715][INFO][epoch:484	loss:tensor(0.2507, device='cuda:0')]
[2019-03-15 19:42:27,465][INFO][epoch:485	loss:tensor(0.2854, device='cuda:0')]
[2019-03-15 19:42:29,226][INFO][epoch:486	loss:tensor(0.3032, device='cuda:0')]
[2019-03-15 19:42:30,972][INFO][epoch:487	loss:tensor(0.2653, device='cuda:0')]
[2019-03-15 19:42:32,720][INFO][epoch:488	loss:tensor(0.2635, device='cuda:0')]
[2019-03-15 19:42:34,461][INFO][epoch:489	loss:tensor(0.2491, device='cuda:0')]
[2019-03-15 19:42:36,194][INFO][epoch:490	loss:tensor(0.2641, device='cuda:0')]
[2019-03-15 19:42:36,936][WARNING][LCC:0.8869]
[2019-03-15 19:42:36,936][WARNING][SROCC:0.8769677]
[2019-03-15 19:42:38,649][INFO][epoch:491	loss:tensor(0.2829, device='cuda:0')]
[2019-03-15 19:42:40,371][INFO][epoch:492	loss:tensor(0.3019, device='cuda:0')]
[2019-03-15 19:42:42,116][INFO][epoch:493	loss:tensor(0.2890, device='cuda:0')]
[2019-03-15 19:42:43,851][INFO][epoch:494	loss:tensor(0.2734, device='cuda:0')]
[2019-03-15 19:42:45,585][INFO][epoch:495	loss:tensor(0.2703, device='cuda:0')]
[2019-03-15 19:42:47,319][INFO][epoch:496	loss:tensor(0.2573, device='cuda:0')]
[2019-03-15 19:42:49,078][INFO][epoch:497	loss:tensor(0.2763, device='cuda:0')]
[2019-03-15 19:42:50,819][INFO][epoch:498	loss:tensor(0.2932, device='cuda:0')]
[2019-03-15 19:42:52,561][INFO][epoch:499	loss:tensor(0.2730, device='cuda:0')]
[2019-03-15 19:42:54,322][INFO][epoch:500	loss:tensor(0.2597, device='cuda:0')]
[2019-03-15 19:42:55,138][WARNING][LCC:0.9084474]
[2019-03-15 19:42:55,138][WARNING][SROCC:0.9025795]
[2019-03-15 19:42:55,138][WARNING][Model saved]
[2019-03-15 19:42:56,950][INFO][epoch:501	loss:tensor(0.2545, device='cuda:0')]
[2019-03-15 19:42:58,760][INFO][epoch:502	loss:tensor(0.2555, device='cuda:0')]
[2019-03-15 19:43:00,505][INFO][epoch:503	loss:tensor(0.2796, device='cuda:0')]
[2019-03-15 19:43:02,260][INFO][epoch:504	loss:tensor(0.2381, device='cuda:0')]
[2019-03-15 19:43:04,008][INFO][epoch:505	loss:tensor(0.2571, device='cuda:0')]
[2019-03-15 19:43:05,741][INFO][epoch:506	loss:tensor(0.2687, device='cuda:0')]
[2019-03-15 19:43:07,494][INFO][epoch:507	loss:tensor(0.2610, device='cuda:0')]
[2019-03-15 19:43:09,252][INFO][epoch:508	loss:tensor(0.2965, device='cuda:0')]
[2019-03-15 19:43:11,002][INFO][epoch:509	loss:tensor(0.2459, device='cuda:0')]
[2019-03-15 19:43:12,752][INFO][epoch:510	loss:tensor(0.2519, device='cuda:0')]
[2019-03-15 19:43:13,507][WARNING][LCC:0.8911926]
[2019-03-15 19:43:13,507][WARNING][SROCC:0.8713178]
[2019-03-15 19:43:15,203][INFO][epoch:511	loss:tensor(0.2689, device='cuda:0')]
[2019-03-15 19:43:16,945][INFO][epoch:512	loss:tensor(0.2649, device='cuda:0')]
[2019-03-15 19:43:18,703][INFO][epoch:513	loss:tensor(0.2674, device='cuda:0')]
[2019-03-15 19:43:20,455][INFO][epoch:514	loss:tensor(0.2649, device='cuda:0')]
[2019-03-15 19:43:22,190][INFO][epoch:515	loss:tensor(0.2809, device='cuda:0')]
[2019-03-15 19:43:23,951][INFO][epoch:516	loss:tensor(0.2784, device='cuda:0')]
[2019-03-15 19:43:25,689][INFO][epoch:517	loss:tensor(0.2442, device='cuda:0')]
[2019-03-15 19:43:27,453][INFO][epoch:518	loss:tensor(0.2486, device='cuda:0')]
[2019-03-15 19:43:29,209][INFO][epoch:519	loss:tensor(0.2562, device='cuda:0')]
[2019-03-15 19:43:30,977][INFO][epoch:520	loss:tensor(0.2595, device='cuda:0')]
[2019-03-15 19:43:31,716][WARNING][LCC:0.9065509]
[2019-03-15 19:43:31,716][WARNING][SROCC:0.8954984]
[2019-03-15 19:43:33,409][INFO][epoch:521	loss:tensor(0.2634, device='cuda:0')]
[2019-03-15 19:43:35,153][INFO][epoch:522	loss:tensor(0.2512, device='cuda:0')]
[2019-03-15 19:43:36,884][INFO][epoch:523	loss:tensor(0.2631, device='cuda:0')]
[2019-03-15 19:43:38,629][INFO][epoch:524	loss:tensor(0.3016, device='cuda:0')]
[2019-03-15 19:43:40,381][INFO][epoch:525	loss:tensor(0.2430, device='cuda:0')]
[2019-03-15 19:43:42,139][INFO][epoch:526	loss:tensor(0.2686, device='cuda:0')]
[2019-03-15 19:43:43,882][INFO][epoch:527	loss:tensor(0.2588, device='cuda:0')]
[2019-03-15 19:43:45,652][INFO][epoch:528	loss:tensor(0.2624, device='cuda:0')]
[2019-03-15 19:43:47,390][INFO][epoch:529	loss:tensor(0.2370, device='cuda:0')]
[2019-03-15 19:43:49,125][INFO][epoch:530	loss:tensor(0.2620, device='cuda:0')]
[2019-03-15 19:43:49,881][WARNING][LCC:0.8860399]
[2019-03-15 19:43:49,882][WARNING][SROCC:0.87753665]
[2019-03-15 19:43:51,560][INFO][epoch:531	loss:tensor(0.2834, device='cuda:0')]
[2019-03-15 19:43:53,365][INFO][epoch:532	loss:tensor(0.2611, device='cuda:0')]
[2019-03-15 19:43:55,135][INFO][epoch:533	loss:tensor(0.2225, device='cuda:0')]
[2019-03-15 19:43:56,903][INFO][epoch:534	loss:tensor(0.2464, device='cuda:0')]
