[2019-02-25 22:02:37,671][INFO][epoch:0	loss:tensor(1.6177, device='cuda:0')]
[2019-02-25 22:02:38,458][INFO][LCC:tensor(0.0569, grad_fn=<DivBackward1>)]
[2019-02-25 22:02:38,459][INFO][Ground Truth:tensor([4.4750, 5.5278, 5.8444, 4.1944, 6.6500, 4.9773, 3.9250, 3.1667, 4.1212,
        4.0714, 3.1622, 5.6471, 5.4054, 4.2791, 5.1282, 5.9512, 4.0571, 5.9730,
        2.7317, 2.9111, 5.0244, 5.2727, 5.5250, 4.0938, 4.6875, 3.0769, 5.0750,
        3.9677, 4.5750, 4.9268, 5.7778, 5.7857, 5.5946, 3.5000, 5.8378, 5.3333,
        5.7368, 3.9762, 4.0857, 4.9286, 4.4545, 3.1429, 5.8125, 2.8438, 5.4737,
        5.6857, 6.7222, 3.7419, 2.8974, 1.9231, 3.4054, 3.5500, 4.9333, 5.8108,
        4.7436, 3.3333, 4.5676, 2.9512, 5.7027, 5.5349, 5.8750, 3.5938, 4.2381,
        5.2000, 4.1000, 2.4444, 5.4500, 5.4884, 5.4444, 2.3684, 3.1539, 3.4516,
        4.5714, 4.0513, 4.5000, 4.4048, 4.3611, 0.9773, 5.8205, 4.7273, 5.7692,
        4.8182, 1.9268, 1.8780, 4.1539, 5.3500, 2.6857, 4.0882, 3.1944, 4.9062,
        4.9211, 4.1944, 5.2250, 1.3333, 4.0526, 6.2895, 5.3636, 6.1316, 4.7941,
        6.3809, 4.3784])]
[2019-02-25 22:02:38,459][INFO][Predicted:tensor([2.6180, 2.6044, 2.6271, 2.6365, 2.5861, 2.6394, 2.6410, 2.6051, 2.6376,
        2.6009, 2.5953, 2.6075, 2.6288, 2.6328, 2.6267, 2.6394, 2.5857, 2.6276,
        2.6230, 2.6346, 2.6258, 2.5855, 2.6326, 2.5938, 2.6320, 2.6260, 2.5781,
        2.6109, 2.5713, 2.5972, 2.6347, 2.6289, 2.6158, 2.6606, 2.5996, 2.6165,
        2.6156, 2.6354, 2.6501, 2.6341, 2.6266, 2.6104, 2.5898, 2.6250, 2.6166,
        2.5974, 2.6123, 2.6180, 2.6266, 2.6175, 2.6117, 2.5684, 2.6025, 2.6246,
        2.5808, 2.5990, 2.6000, 2.5965, 2.6354, 2.6056, 2.6175, 2.6646, 2.5912,
        2.6354, 2.6391, 2.6233, 2.6188, 2.6044, 2.6467, 2.6104, 2.6072, 2.6265,
        2.6335, 2.6384, 2.5976, 2.5977, 2.5786, 2.5891, 2.6218, 2.5973, 2.6246,
        2.6273, 2.5880, 2.6296, 2.5983, 2.6333, 2.6146, 2.5999, 2.6058, 2.5815,
        2.6314, 2.6251, 2.6381, 2.6116, 2.6182, 2.6105, 2.6363, 2.6271, 2.6224,
        2.6038, 2.5713], grad_fn=<CatBackward>)]
[2019-02-25 22:02:53,806][INFO][epoch:1	loss:tensor(1.3329, device='cuda:0')]
[2019-02-25 22:02:54,765][INFO][LCC:tensor(-0.0279, grad_fn=<DivBackward1>)]
[2019-02-25 22:02:54,765][INFO][Ground Truth:tensor([4.4750, 5.5278, 5.8444, 4.1944, 6.6500, 4.9773, 3.9250, 3.1667, 4.1212,
        4.0714, 3.1622, 5.6471, 5.4054, 4.2791, 5.1282, 5.9512, 4.0571, 5.9730,
        2.7317, 2.9111, 5.0244, 5.2727, 5.5250, 4.0938, 4.6875, 3.0769, 5.0750,
        3.9677, 4.5750, 4.9268, 5.7778, 5.7857, 5.5946, 3.5000, 5.8378, 5.3333,
        5.7368, 3.9762, 4.0857, 4.9286, 4.4545, 3.1429, 5.8125, 2.8438, 5.4737,
        5.6857, 6.7222, 3.7419, 2.8974, 1.9231, 3.4054, 3.5500, 4.9333, 5.8108,
        4.7436, 3.3333, 4.5676, 2.9512, 5.7027, 5.5349, 5.8750, 3.5938, 4.2381,
        5.2000, 4.1000, 2.4444, 5.4500, 5.4884, 5.4444, 2.3684, 3.1539, 3.4516,
        4.5714, 4.0513, 4.5000, 4.4048, 4.3611, 0.9773, 5.8205, 4.7273, 5.7692,
        4.8182, 1.9268, 1.8780, 4.1539, 5.3500, 2.6857, 4.0882, 3.1944, 4.9062,
        4.9211, 4.1944, 5.2250, 1.3333, 4.0526, 6.2895, 5.3636, 6.1316, 4.7941,
        6.3809, 4.3784])]
[2019-02-25 22:02:54,766][INFO][Predicted:tensor([2.6532, 2.6557, 2.6336, 2.6436, 2.6454, 2.6308, 2.6422, 2.6309, 2.6206,
        2.6356, 2.6400, 2.6407, 2.6640, 2.6408, 2.6474, 2.6596, 2.6555, 2.6270,
        2.6477, 2.6460, 2.6594, 2.6326, 2.6470, 2.6383, 2.6383, 2.6237, 2.6453,
        2.6284, 2.6450, 2.6284, 2.6234, 2.6300, 2.6311, 2.5788, 2.6454, 2.6043,
        2.6278, 2.6263, 2.6386, 2.6472, 2.6404, 2.6548, 2.6306, 2.6334, 2.6237,
        2.6470, 2.6483, 2.6338, 2.6551, 2.6683, 2.6371, 2.6375, 2.6395, 2.6166,
        2.6481, 2.6503, 2.6121, 2.6075, 2.6321, 2.6311, 2.6703, 2.6168, 2.6387,
        2.6544, 2.6328, 2.6361, 2.6583, 2.6440, 2.6247, 2.6603, 2.6649, 2.6300,
        2.6501, 2.6427, 2.6318, 2.6484, 2.6312, 2.6308, 2.6263, 2.6300, 2.6250,
        2.6618, 2.6356, 2.6516, 2.6513, 2.6527, 2.6350, 2.6451, 2.6308, 2.6245,
        2.6123, 2.6295, 2.6567, 2.6175, 2.6206, 2.6346, 2.6394, 2.6072, 2.6344,
        2.6109, 2.6099], grad_fn=<CatBackward>)]
[2019-02-25 22:03:10,111][INFO][epoch:2	loss:tensor(1.3337, device='cuda:0')]
[2019-02-25 22:03:10,552][INFO][LCC:tensor(0.2227, grad_fn=<DivBackward1>)]
[2019-02-25 22:03:10,552][INFO][Ground Truth:tensor([4.4750, 5.5278, 5.8444, 4.1944, 6.6500, 4.9773, 3.9250, 3.1667, 4.1212,
        4.0714, 3.1622, 5.6471, 5.4054, 4.2791, 5.1282, 5.9512, 4.0571, 5.9730,
        2.7317, 2.9111, 5.0244, 5.2727, 5.5250, 4.0938, 4.6875, 3.0769, 5.0750,
        3.9677, 4.5750, 4.9268, 5.7778, 5.7857, 5.5946, 3.5000, 5.8378, 5.3333,
        5.7368, 3.9762, 4.0857, 4.9286, 4.4545, 3.1429, 5.8125, 2.8438, 5.4737,
        5.6857, 6.7222, 3.7419, 2.8974, 1.9231, 3.4054, 3.5500, 4.9333, 5.8108,
        4.7436, 3.3333, 4.5676, 2.9512, 5.7027, 5.5349, 5.8750, 3.5938, 4.2381,
        5.2000, 4.1000, 2.4444, 5.4500, 5.4884, 5.4444, 2.3684, 3.1539, 3.4516,
        4.5714, 4.0513, 4.5000, 4.4048, 4.3611, 0.9773, 5.8205, 4.7273, 5.7692,
        4.8182, 1.9268, 1.8780, 4.1539, 5.3500, 2.6857, 4.0882, 3.1944, 4.9062,
        4.9211, 4.1944, 5.2250, 1.3333, 4.0526, 6.2895, 5.3636, 6.1316, 4.7941,
        6.3809, 4.3784])]
[2019-02-25 22:03:10,553][INFO][Predicted:tensor([2.6900, 2.6923, 2.6940, 2.6811, 2.6919, 2.6896, 2.6850, 2.6894, 2.6917,
        2.6902, 2.6913, 2.6926, 2.6903, 2.6823, 2.6934, 2.6902, 2.6933, 2.6893,
        2.6893, 2.6907, 2.6926, 2.6924, 2.6878, 2.6917, 2.6888, 2.6893, 2.6929,
        2.6922, 2.6919, 2.6898, 2.6889, 2.6931, 2.6905, 2.6822, 2.6920, 2.6912,
        2.6907, 2.6852, 2.6884, 2.6878, 2.6885, 2.6892, 2.6918, 2.6911, 2.6901,
        2.6919, 2.6913, 2.6903, 2.6874, 2.6934, 2.6878, 2.6924, 2.6919, 2.6920,
        2.6926, 2.6899, 2.6923, 2.6904, 2.6912, 2.6899, 2.6924, 2.6744, 2.6931,
        2.6899, 2.6874, 2.6931, 2.6894, 2.6922, 2.6905, 2.6896, 2.6936, 2.6860,
        2.6898, 2.6833, 2.6926, 2.6928, 2.6922, 2.6927, 2.6913, 2.6917, 2.6942,
        2.6916, 2.6919, 2.6901, 2.6905, 2.6884, 2.6865, 2.6914, 2.6927, 2.6927,
        2.6904, 2.6905, 2.6881, 2.6849, 2.6904, 2.6916, 2.6934, 2.6919, 2.6913,
        2.6902, 2.6923], grad_fn=<CatBackward>)]
[2019-02-25 22:03:26,137][INFO][epoch:3	loss:tensor(1.3271, device='cuda:0')]
[2019-02-25 22:03:26,598][INFO][LCC:tensor(0.0479, grad_fn=<DivBackward1>)]
[2019-02-25 22:03:26,599][INFO][Ground Truth:tensor([4.4750, 5.5278, 5.8444, 4.1944, 6.6500, 4.9773, 3.9250, 3.1667, 4.1212,
        4.0714, 3.1622, 5.6471, 5.4054, 4.2791, 5.1282, 5.9512, 4.0571, 5.9730,
        2.7317, 2.9111, 5.0244, 5.2727, 5.5250, 4.0938, 4.6875, 3.0769, 5.0750,
        3.9677, 4.5750, 4.9268, 5.7778, 5.7857, 5.5946, 3.5000, 5.8378, 5.3333,
        5.7368, 3.9762, 4.0857, 4.9286, 4.4545, 3.1429, 5.8125, 2.8438, 5.4737,
        5.6857, 6.7222, 3.7419, 2.8974, 1.9231, 3.4054, 3.5500, 4.9333, 5.8108,
        4.7436, 3.3333, 4.5676, 2.9512, 5.7027, 5.5349, 5.8750, 3.5938, 4.2381,
        5.2000, 4.1000, 2.4444, 5.4500, 5.4884, 5.4444, 2.3684, 3.1539, 3.4516,
        4.5714, 4.0513, 4.5000, 4.4048, 4.3611, 0.9773, 5.8205, 4.7273, 5.7692,
        4.8182, 1.9268, 1.8780, 4.1539, 5.3500, 2.6857, 4.0882, 3.1944, 4.9062,
        4.9211, 4.1944, 5.2250, 1.3333, 4.0526, 6.2895, 5.3636, 6.1316, 4.7941,
        6.3809, 4.3784])]
[2019-02-25 22:03:26,599][INFO][Predicted:tensor([2.6677, 2.6595, 2.6693, 2.6747, 2.6502, 2.6810, 2.6827, 2.6592, 2.6742,
        2.6604, 2.6586, 2.6726, 2.6700, 2.6735, 2.6810, 2.6802, 2.6542, 2.6810,
        2.6676, 2.6772, 2.6711, 2.6524, 2.6779, 2.6577, 2.6686, 2.6740, 2.6450,
        2.6623, 2.6461, 2.6572, 2.6902, 2.6775, 2.6622, 2.6726, 2.6523, 2.6499,
        2.6600, 2.6704, 2.6682, 2.6655, 2.6677, 2.6619, 2.6460, 2.6624, 2.6793,
        2.6594, 2.6664, 2.6628, 2.6707, 2.6587, 2.6590, 2.6462, 2.6605, 2.6723,
        2.6444, 2.6603, 2.6518, 2.6819, 2.6771, 2.6642, 2.6624, 2.6760, 2.6616,
        2.6759, 2.6716, 2.6739, 2.6636, 2.6640, 2.6763, 2.6661, 2.6656, 2.6691,
        2.6831, 2.6830, 2.6539, 2.6558, 2.6479, 2.6606, 2.6691, 2.6669, 2.6688,
        2.6689, 2.6619, 2.6722, 2.6514, 2.6735, 2.6590, 2.6636, 2.6551, 2.6480,
        2.6557, 2.6806, 2.6821, 2.6590, 2.6594, 2.6581, 2.6802, 2.6453, 2.6739,
        2.6744, 2.6493], grad_fn=<CatBackward>)]
[2019-02-25 22:03:41,521][INFO][epoch:4	loss:tensor(1.3271, device='cuda:0')]
[2019-02-25 22:03:41,926][INFO][LCC:tensor(-0.0395, grad_fn=<DivBackward1>)]
[2019-02-25 22:03:41,928][INFO][Ground Truth:tensor([4.4750, 5.5278, 5.8444, 4.1944, 6.6500, 4.9773, 3.9250, 3.1667, 4.1212,
        4.0714, 3.1622, 5.6471, 5.4054, 4.2791, 5.1282, 5.9512, 4.0571, 5.9730,
        2.7317, 2.9111, 5.0244, 5.2727, 5.5250, 4.0938, 4.6875, 3.0769, 5.0750,
        3.9677, 4.5750, 4.9268, 5.7778, 5.7857, 5.5946, 3.5000, 5.8378, 5.3333,
        5.7368, 3.9762, 4.0857, 4.9286, 4.4545, 3.1429, 5.8125, 2.8438, 5.4737,
        5.6857, 6.7222, 3.7419, 2.8974, 1.9231, 3.4054, 3.5500, 4.9333, 5.8108,
        4.7436, 3.3333, 4.5676, 2.9512, 5.7027, 5.5349, 5.8750, 3.5938, 4.2381,
        5.2000, 4.1000, 2.4444, 5.4500, 5.4884, 5.4444, 2.3684, 3.1539, 3.4516,
        4.5714, 4.0513, 4.5000, 4.4048, 4.3611, 0.9773, 5.8205, 4.7273, 5.7692,
        4.8182, 1.9268, 1.8780, 4.1539, 5.3500, 2.6857, 4.0882, 3.1944, 4.9062,
        4.9211, 4.1944, 5.2250, 1.3333, 4.0526, 6.2895, 5.3636, 6.1316, 4.7941,
        6.3809, 4.3784])]
[2019-02-25 22:03:41,928][INFO][Predicted:tensor([2.7597, 2.7626, 2.7503, 2.7591, 2.7647, 2.7557, 2.7611, 2.7710, 2.7581,
        2.7725, 2.7707, 2.7604, 2.7571, 2.7656, 2.7555, 2.7486, 2.7544, 2.7687,
        2.7569, 2.7545, 2.7508, 2.7689, 2.7627, 2.7690, 2.7692, 2.7675, 2.7645,
        2.7678, 2.7619, 2.7703, 2.7652, 2.7539, 2.7669, 2.7606, 2.7700, 2.7645,
        2.7637, 2.7670, 2.7617, 2.7587, 2.7647, 2.7594, 2.7689, 2.7677, 2.7679,
        2.7618, 2.7612, 2.7675, 2.7653, 2.7504, 2.7737, 2.7683, 2.7619, 2.7604,
        2.7668, 2.7630, 2.7729, 2.7614, 2.7610, 2.7709, 2.7523, 2.7735, 2.7597,
        2.7616, 2.7703, 2.7515, 2.7627, 2.7620, 2.7655, 2.7621, 2.7478, 2.7697,
        2.7515, 2.7666, 2.7679, 2.7622, 2.7706, 2.7579, 2.7682, 2.7616, 2.7551,
        2.7442, 2.7685, 2.7590, 2.7688, 2.7596, 2.7699, 2.7653, 2.7703, 2.7669,
        2.7666, 2.7637, 2.7619, 2.7634, 2.7667, 2.7658, 2.7523, 2.7646, 2.7643,
        2.7664, 2.7736], grad_fn=<CatBackward>)]
