[2019-02-26 14:46:05,264][INFO][epoch:0	loss:tensor(1.4943, device='cuda:0')]
[2019-02-26 14:46:06,118][INFO][LCC:tensor(-0.0141, grad_fn=<DivBackward1>)]
[2019-02-26 14:46:06,119][INFO][Ground Truth:tensor([3.4865, 2.4872, 4.0000, 2.5854, 4.6500, 3.0000, 4.5278, 5.6177, 5.3256,
        6.5897, 5.7143, 3.0714, 4.5833, 6.0811, 5.3871, 5.4222, 3.7561, 5.8857,
        4.6000, 3.1667, 5.0000, 5.3500, 3.8333, 4.3077, 6.7778, 2.2500, 5.4286,
        5.2500, 3.4324, 5.6562, 4.0323, 4.5750, 5.8158, 4.1290, 5.6944, 3.6222,
        2.8056, 4.6757, 5.5263, 4.8000, 4.2222, 6.1316, 4.3611, 3.4167, 6.3030,
        5.4884, 3.4146, 6.1081, 3.8781, 6.3111, 3.5278, 4.4865, 4.3256, 4.9474,
        6.6500, 4.3143, 6.1714, 2.9111, 2.2571, 5.2000, 5.6250, 4.8182, 4.8286,
        3.0833, 2.8649, 5.8809, 6.3333, 2.9231, 6.0769, 6.0750, 4.4054, 3.1282,
        3.1026, 5.0588, 3.0476, 3.2647, 4.7949, 5.1892, 3.7317, 0.5854, 2.8293,
        3.3947, 4.1795, 0.7000, 2.3871, 4.1622, 5.3902, 5.8372, 5.7027, 5.8056,
        3.1250, 3.8421, 4.9444, 5.6364, 3.6970, 5.3571, 4.4048, 4.6765, 4.1579,
        3.3684, 5.4054])]
[2019-02-26 14:46:06,119][INFO][Predicted:tensor([3.1762, 3.6394, 3.4531, 3.0022, 3.9604, 3.8719, 3.8371, 3.6225, 3.5648,
        3.4520, 3.1472, 2.7199, 4.4696, 3.4812, 4.0609, 3.3540, 3.1665, 4.1030,
        3.7810, 3.6291, 4.2308, 3.0122, 3.3888, 3.4510, 3.4692, 3.1069, 3.8442,
        3.3855, 4.1545, 3.9966, 3.8538, 3.0006, 3.3797, 3.9417, 2.7259, 3.3646,
        4.0636, 4.1417, 2.9211, 3.5765, 3.2485, 4.1965, 3.7088, 3.3468, 4.0279,
        3.9089, 3.8387, 3.5115, 3.0081, 4.0738, 3.8808, 3.5404, 2.9202, 5.2987,
        3.3094, 3.9437, 3.5815, 3.4989, 3.9835, 3.3267, 4.0576, 3.7544, 3.5773,
        4.1291, 3.6904, 3.0521, 3.2831, 3.8780, 3.4043, 3.7525, 4.1439, 5.1254,
        5.6450, 4.2390, 3.5944, 4.1876, 3.6441, 3.9202, 3.3855, 2.8559, 3.6957,
        4.2297, 2.2843, 3.2096, 3.9081, 4.0520, 3.5094, 3.7195, 2.9449, 3.1520,
        4.4919, 3.7919, 5.1365, 3.4173, 3.8577, 3.3174, 3.4182, 3.4188, 3.9548,
        2.2762, 4.8878], grad_fn=<CatBackward>)]
[2019-02-26 14:46:21,834][INFO][epoch:1	loss:tensor(0.7210, device='cuda:0')]
[2019-02-26 14:46:22,778][INFO][LCC:tensor(0.0658, grad_fn=<DivBackward1>)]
[2019-02-26 14:46:22,778][INFO][Ground Truth:tensor([3.4865, 2.4872, 4.0000, 2.5854, 4.6500, 3.0000, 4.5278, 5.6177, 5.3256,
        6.5897, 5.7143, 3.0714, 4.5833, 6.0811, 5.3871, 5.4222, 3.7561, 5.8857,
        4.6000, 3.1667, 5.0000, 5.3500, 3.8333, 4.3077, 6.7778, 2.2500, 5.4286,
        5.2500, 3.4324, 5.6562, 4.0323, 4.5750, 5.8158, 4.1290, 5.6944, 3.6222,
        2.8056, 4.6757, 5.5263, 4.8000, 4.2222, 6.1316, 4.3611, 3.4167, 6.3030,
        5.4884, 3.4146, 6.1081, 3.8781, 6.3111, 3.5278, 4.4865, 4.3256, 4.9474,
        6.6500, 4.3143, 6.1714, 2.9111, 2.2571, 5.2000, 5.6250, 4.8182, 4.8286,
        3.0833, 2.8649, 5.8809, 6.3333, 2.9231, 6.0769, 6.0750, 4.4054, 3.1282,
        3.1026, 5.0588, 3.0476, 3.2647, 4.7949, 5.1892, 3.7317, 0.5854, 2.8293,
        3.3947, 4.1795, 0.7000, 2.3871, 4.1622, 5.3902, 5.8372, 5.7027, 5.8056,
        3.1250, 3.8421, 4.9444, 5.6364, 3.6970, 5.3571, 4.4048, 4.6765, 4.1579,
        3.3684, 5.4054])]
[2019-02-26 14:46:22,779][INFO][Predicted:tensor([3.2615, 3.2003, 3.6747, 3.2587, 4.0180, 4.3475, 4.1707, 4.4004, 4.3222,
        4.0446, 3.5412, 3.0477, 4.7208, 4.1207, 4.5462, 3.3865, 3.4124, 4.4554,
        4.1986, 3.9610, 4.3239, 3.6886, 3.6209, 3.7565, 4.0108, 3.4492, 4.1787,
        3.6949, 4.2918, 4.3015, 4.3278, 3.1736, 3.8164, 4.2542, 3.0203, 3.7555,
        4.2206, 4.6350, 3.3787, 3.9349, 3.5526, 4.3777, 3.9522, 3.4658, 4.2742,
        3.8439, 3.9968, 3.9421, 3.2650, 4.3427, 4.1680, 3.7940, 3.9629, 5.5669,
        4.1024, 4.4311, 4.0587, 3.7648, 4.0432, 3.4046, 4.2020, 3.9186, 4.2804,
        4.1967, 3.9643, 3.4464, 3.3153, 4.5072, 3.6286, 4.2322, 4.5339, 5.3901,
        5.8295, 4.7169, 3.9181, 4.6912, 3.7858, 4.0527, 3.3902, 3.2451, 4.1108,
        4.5707, 2.4972, 3.5467, 4.1013, 4.3893, 3.7242, 3.8964, 3.5062, 3.4207,
        5.1927, 3.8977, 5.1164, 3.9608, 4.0654, 3.7052, 3.5508, 4.4473, 4.0699,
        2.4068, 4.9466], grad_fn=<CatBackward>)]
[2019-02-26 14:46:38,456][INFO][epoch:2	loss:tensor(0.7048, device='cuda:0')]
[2019-02-26 14:46:38,904][INFO][LCC:tensor(0.0400, grad_fn=<DivBackward1>)]
[2019-02-26 14:46:38,905][INFO][Ground Truth:tensor([3.4865, 2.4872, 4.0000, 2.5854, 4.6500, 3.0000, 4.5278, 5.6177, 5.3256,
        6.5897, 5.7143, 3.0714, 4.5833, 6.0811, 5.3871, 5.4222, 3.7561, 5.8857,
        4.6000, 3.1667, 5.0000, 5.3500, 3.8333, 4.3077, 6.7778, 2.2500, 5.4286,
        5.2500, 3.4324, 5.6562, 4.0323, 4.5750, 5.8158, 4.1290, 5.6944, 3.6222,
        2.8056, 4.6757, 5.5263, 4.8000, 4.2222, 6.1316, 4.3611, 3.4167, 6.3030,
        5.4884, 3.4146, 6.1081, 3.8781, 6.3111, 3.5278, 4.4865, 4.3256, 4.9474,
        6.6500, 4.3143, 6.1714, 2.9111, 2.2571, 5.2000, 5.6250, 4.8182, 4.8286,
        3.0833, 2.8649, 5.8809, 6.3333, 2.9231, 6.0769, 6.0750, 4.4054, 3.1282,
        3.1026, 5.0588, 3.0476, 3.2647, 4.7949, 5.1892, 3.7317, 0.5854, 2.8293,
        3.3947, 4.1795, 0.7000, 2.3871, 4.1622, 5.3902, 5.8372, 5.7027, 5.8056,
        3.1250, 3.8421, 4.9444, 5.6364, 3.6970, 5.3571, 4.4048, 4.6765, 4.1579,
        3.3684, 5.4054])]
[2019-02-26 14:46:38,906][INFO][Predicted:tensor([3.4430, 3.5442, 3.7436, 3.4497, 3.9245, 4.5488, 4.4491, 4.2573, 3.9728,
        4.1976, 4.1462, 3.5938, 4.6532, 3.9755, 4.4554, 3.9683, 3.5074, 4.4632,
        4.3140, 3.8720, 4.8109, 3.9405, 3.7307, 3.4578, 4.0235, 3.6921, 4.2032,
        3.6597, 4.5073, 4.4974, 4.3665, 3.4715, 3.9069, 3.9990, 2.9812, 3.5784,
        4.5184, 4.7582, 3.4331, 3.9771, 3.5495, 4.8239, 3.9143, 3.5121, 4.4078,
        4.1814, 4.3697, 3.9387, 3.4647, 4.4704, 3.9134, 4.0306, 4.3034, 5.6284,
        3.8900, 4.5941, 3.9240, 3.9915, 4.1532, 3.4707, 4.5562, 4.0276, 3.9718,
        4.3101, 3.7520, 3.5122, 3.7881, 4.4482, 3.5511, 4.2868, 4.4304, 5.5140,
        5.7999, 4.6812, 4.1152, 4.4108, 4.4504, 4.5976, 3.7188, 3.4355, 4.5054,
        4.2952, 2.5702, 3.8111, 4.3263, 4.5003, 3.9850, 4.0396, 3.3910, 3.5534,
        4.8313, 4.1764, 5.3396, 3.7266, 4.3739, 3.7835, 3.0006, 4.4768, 4.0388,
        2.6805, 5.1020], grad_fn=<CatBackward>)]
[2019-02-26 14:46:54,258][INFO][epoch:3	loss:tensor(0.6642, device='cuda:0')]
[2019-02-26 14:46:54,688][INFO][LCC:tensor(0.0866, grad_fn=<DivBackward1>)]
[2019-02-26 14:46:54,689][INFO][Ground Truth:tensor([3.4865, 2.4872, 4.0000, 2.5854, 4.6500, 3.0000, 4.5278, 5.6177, 5.3256,
        6.5897, 5.7143, 3.0714, 4.5833, 6.0811, 5.3871, 5.4222, 3.7561, 5.8857,
        4.6000, 3.1667, 5.0000, 5.3500, 3.8333, 4.3077, 6.7778, 2.2500, 5.4286,
        5.2500, 3.4324, 5.6562, 4.0323, 4.5750, 5.8158, 4.1290, 5.6944, 3.6222,
        2.8056, 4.6757, 5.5263, 4.8000, 4.2222, 6.1316, 4.3611, 3.4167, 6.3030,
        5.4884, 3.4146, 6.1081, 3.8781, 6.3111, 3.5278, 4.4865, 4.3256, 4.9474,
        6.6500, 4.3143, 6.1714, 2.9111, 2.2571, 5.2000, 5.6250, 4.8182, 4.8286,
        3.0833, 2.8649, 5.8809, 6.3333, 2.9231, 6.0769, 6.0750, 4.4054, 3.1282,
        3.1026, 5.0588, 3.0476, 3.2647, 4.7949, 5.1892, 3.7317, 0.5854, 2.8293,
        3.3947, 4.1795, 0.7000, 2.3871, 4.1622, 5.3902, 5.8372, 5.7027, 5.8056,
        3.1250, 3.8421, 4.9444, 5.6364, 3.6970, 5.3571, 4.4048, 4.6765, 4.1579,
        3.3684, 5.4054])]
[2019-02-26 14:46:54,689][INFO][Predicted:tensor([3.4803, 4.1468, 3.7152, 3.5193, 4.2078, 4.0089, 4.3866, 4.6181, 4.1752,
        3.9029, 3.8580, 3.6495, 4.4785, 3.9978, 4.0449, 3.5153, 3.5141, 4.5153,
        3.9189, 3.8064, 4.7020, 3.6648, 3.6226, 3.8650, 4.1788, 3.6357, 4.2100,
        3.9683, 4.4189, 4.6002, 4.2631, 3.4262, 3.9309, 4.0059, 3.5596, 3.5551,
        4.3626, 4.1969, 3.3856, 3.7003, 3.8883, 4.4599, 3.9254, 3.5229, 4.2520,
        4.3243, 3.9993, 3.9032, 3.3532, 4.7112, 4.1928, 4.1127, 4.2903, 5.2564,
        4.3910, 4.5142, 4.1426, 4.3196, 4.1159, 3.6365, 4.2090, 3.7959, 4.0649,
        4.6317, 3.7229, 3.6762, 4.2219, 4.0941, 3.4922, 4.2807, 4.3058, 5.4306,
        5.5141, 4.7001, 4.0442, 4.9297, 4.1679, 4.2213, 4.1043, 3.2949, 4.0262,
        4.5017, 2.8536, 3.7554, 4.2214, 4.5065, 4.2237, 3.5035, 3.6858, 3.4645,
        4.5302, 3.9514, 5.3041, 4.0201, 3.9651, 3.8639, 3.8957, 4.3811, 4.6226,
        2.6896, 5.0154], grad_fn=<CatBackward>)]
[2019-02-26 14:47:09,716][INFO][epoch:4	loss:tensor(0.6600, device='cuda:0')]
[2019-02-26 14:47:10,142][INFO][LCC:tensor(0.0857, grad_fn=<DivBackward1>)]
[2019-02-26 14:47:10,143][INFO][Ground Truth:tensor([3.4865, 2.4872, 4.0000, 2.5854, 4.6500, 3.0000, 4.5278, 5.6177, 5.3256,
        6.5897, 5.7143, 3.0714, 4.5833, 6.0811, 5.3871, 5.4222, 3.7561, 5.8857,
        4.6000, 3.1667, 5.0000, 5.3500, 3.8333, 4.3077, 6.7778, 2.2500, 5.4286,
        5.2500, 3.4324, 5.6562, 4.0323, 4.5750, 5.8158, 4.1290, 5.6944, 3.6222,
        2.8056, 4.6757, 5.5263, 4.8000, 4.2222, 6.1316, 4.3611, 3.4167, 6.3030,
        5.4884, 3.4146, 6.1081, 3.8781, 6.3111, 3.5278, 4.4865, 4.3256, 4.9474,
        6.6500, 4.3143, 6.1714, 2.9111, 2.2571, 5.2000, 5.6250, 4.8182, 4.8286,
        3.0833, 2.8649, 5.8809, 6.3333, 2.9231, 6.0769, 6.0750, 4.4054, 3.1282,
        3.1026, 5.0588, 3.0476, 3.2647, 4.7949, 5.1892, 3.7317, 0.5854, 2.8293,
        3.3947, 4.1795, 0.7000, 2.3871, 4.1622, 5.3902, 5.8372, 5.7027, 5.8056,
        3.1250, 3.8421, 4.9444, 5.6364, 3.6970, 5.3571, 4.4048, 4.6765, 4.1579,
        3.3684, 5.4054])]
[2019-02-26 14:47:10,144][INFO][Predicted:tensor([3.5479, 4.4177, 3.8915, 3.7439, 4.3388, 4.4658, 4.8265, 4.6095, 4.6216,
        4.0534, 4.3806, 4.2569, 5.0038, 4.0787, 4.7686, 3.8476, 3.6774, 4.7812,
        4.3042, 4.0114, 4.9575, 4.0805, 3.8431, 3.9263, 4.2428, 3.8286, 4.3521,
        4.0632, 4.3706, 4.6100, 4.5978, 3.3490, 3.9324, 4.3736, 3.6272, 4.1073,
        4.3904, 4.8812, 3.7173, 4.2355, 3.8933, 4.8566, 3.9899, 3.6147, 4.4792,
        4.6583, 4.5981, 4.1005, 3.6057, 4.5960, 4.1856, 4.2248, 4.5062, 5.4405,
        4.2748, 4.8877, 4.0618, 4.5169, 4.3670, 4.0050, 4.3568, 4.4409, 4.3248,
        4.5047, 4.0315, 4.0844, 4.3319, 4.3068, 3.9790, 4.8617, 4.7818, 5.4221,
        5.8844, 4.7170, 4.3068, 4.6027, 4.4587, 4.7339, 4.2099, 3.6566, 4.3956,
        4.5515, 3.0669, 4.0274, 4.4420, 4.9032, 4.0834, 4.3475, 4.1051, 3.6402,
        4.7212, 4.1686, 5.3307, 4.3190, 4.4442, 3.9608, 4.1425, 4.5062, 4.5152,
        3.0913, 5.2408], grad_fn=<CatBackward>)]
[2019-02-26 14:47:25,002][INFO][epoch:5	loss:tensor(0.6304, device='cuda:0')]
[2019-02-26 14:47:25,388][INFO][LCC:tensor(0.1353, grad_fn=<DivBackward1>)]
[2019-02-26 14:47:25,389][INFO][Ground Truth:tensor([3.4865, 2.4872, 4.0000, 2.5854, 4.6500, 3.0000, 4.5278, 5.6177, 5.3256,
        6.5897, 5.7143, 3.0714, 4.5833, 6.0811, 5.3871, 5.4222, 3.7561, 5.8857,
        4.6000, 3.1667, 5.0000, 5.3500, 3.8333, 4.3077, 6.7778, 2.2500, 5.4286,
        5.2500, 3.4324, 5.6562, 4.0323, 4.5750, 5.8158, 4.1290, 5.6944, 3.6222,
        2.8056, 4.6757, 5.5263, 4.8000, 4.2222, 6.1316, 4.3611, 3.4167, 6.3030,
        5.4884, 3.4146, 6.1081, 3.8781, 6.3111, 3.5278, 4.4865, 4.3256, 4.9474,
        6.6500, 4.3143, 6.1714, 2.9111, 2.2571, 5.2000, 5.6250, 4.8182, 4.8286,
        3.0833, 2.8649, 5.8809, 6.3333, 2.9231, 6.0769, 6.0750, 4.4054, 3.1282,
        3.1026, 5.0588, 3.0476, 3.2647, 4.7949, 5.1892, 3.7317, 0.5854, 2.8293,
        3.3947, 4.1795, 0.7000, 2.3871, 4.1622, 5.3902, 5.8372, 5.7027, 5.8056,
        3.1250, 3.8421, 4.9444, 5.6364, 3.6970, 5.3571, 4.4048, 4.6765, 4.1579,
        3.3684, 5.4054])]
[2019-02-26 14:47:25,389][INFO][Predicted:tensor([3.2859, 3.8188, 3.5438, 3.2879, 3.8781, 4.1028, 4.1548, 4.1968, 4.0920,
        3.7010, 3.2352, 3.3943, 4.1734, 3.7753, 3.8384, 3.5670, 3.4784, 4.2722,
        3.5992, 3.7987, 4.1876, 3.4459, 3.4299, 3.4915, 3.7882, 3.5306, 3.9942,
        3.6101, 4.0358, 4.3291, 3.8204, 3.1732, 3.5281, 3.9837, 3.3739, 3.4270,
        4.1140, 4.1505, 3.1691, 3.6801, 3.5692, 4.1356, 3.5554, 3.4074, 3.9538,
        3.9168, 4.0530, 3.8388, 3.2971, 3.9444, 3.6424, 3.7733, 3.8338, 4.8963,
        3.9486, 4.0956, 3.7858, 3.8629, 3.9752, 3.5004, 4.1850, 3.7072, 3.7490,
        4.0905, 3.4983, 3.5893, 4.0179, 3.5307, 3.4362, 4.1027, 4.2335, 4.6497,
        5.2278, 3.9936, 3.7106, 4.1056, 3.8636, 3.8909, 3.7669, 3.2523, 4.0300,
        3.7706, 2.5954, 3.0254, 3.9485, 3.8810, 3.5369, 3.8875, 3.5578, 3.4058,
        4.0126, 3.7914, 4.7528, 4.0144, 3.7836, 3.5564, 3.3923, 4.1752, 4.1326,
        2.8918, 4.5637], grad_fn=<CatBackward>)]
[2019-02-26 14:47:40,283][INFO][epoch:6	loss:tensor(0.6097, device='cuda:0')]
[2019-02-26 14:47:40,673][INFO][LCC:tensor(0.1589, grad_fn=<DivBackward1>)]
[2019-02-26 14:47:40,674][INFO][Ground Truth:tensor([3.4865, 2.4872, 4.0000, 2.5854, 4.6500, 3.0000, 4.5278, 5.6177, 5.3256,
        6.5897, 5.7143, 3.0714, 4.5833, 6.0811, 5.3871, 5.4222, 3.7561, 5.8857,
        4.6000, 3.1667, 5.0000, 5.3500, 3.8333, 4.3077, 6.7778, 2.2500, 5.4286,
        5.2500, 3.4324, 5.6562, 4.0323, 4.5750, 5.8158, 4.1290, 5.6944, 3.6222,
        2.8056, 4.6757, 5.5263, 4.8000, 4.2222, 6.1316, 4.3611, 3.4167, 6.3030,
        5.4884, 3.4146, 6.1081, 3.8781, 6.3111, 3.5278, 4.4865, 4.3256, 4.9474,
        6.6500, 4.3143, 6.1714, 2.9111, 2.2571, 5.2000, 5.6250, 4.8182, 4.8286,
        3.0833, 2.8649, 5.8809, 6.3333, 2.9231, 6.0769, 6.0750, 4.4054, 3.1282,
        3.1026, 5.0588, 3.0476, 3.2647, 4.7949, 5.1892, 3.7317, 0.5854, 2.8293,
        3.3947, 4.1795, 0.7000, 2.3871, 4.1622, 5.3902, 5.8372, 5.7027, 5.8056,
        3.1250, 3.8421, 4.9444, 5.6364, 3.6970, 5.3571, 4.4048, 4.6765, 4.1579,
        3.3684, 5.4054])]
[2019-02-26 14:47:40,674][INFO][Predicted:tensor([3.3299, 3.6484, 3.5221, 3.4328, 3.6863, 4.0822, 4.0113, 3.9486, 4.1640,
        3.7267, 3.8715, 3.6504, 4.1870, 3.7558, 3.9970, 3.5773, 3.3436, 4.1353,
        3.9872, 3.7235, 4.2058, 3.4461, 3.4623, 3.6008, 3.6417, 3.6934, 3.8231,
        3.7477, 3.9901, 3.8985, 3.9231, 3.4676, 3.7346, 3.9054, 3.5861, 3.6795,
        3.9899, 4.2788, 3.3868, 3.6072, 3.7230, 4.1197, 3.5739, 3.5000, 3.8680,
        3.9101, 3.9431, 3.7630, 3.4439, 4.1229, 3.7978, 3.5990, 3.9358, 4.4833,
        3.7843, 3.9707, 3.7021, 4.0225, 3.7656, 3.4988, 3.9192, 3.8199, 3.7006,
        3.9151, 3.6090, 3.7814, 3.7964, 3.5431, 3.6668, 4.1727, 3.9052, 4.6712,
        4.6129, 4.2350, 3.8145, 4.1397, 4.0138, 4.0566, 3.8007, 3.2626, 3.6622,
        3.6758, 2.9829, 3.4471, 3.8803, 3.8756, 3.6558, 3.6677, 3.4985, 3.4260,
        3.8767, 3.6868, 4.5847, 4.0241, 3.8351, 3.7082, 3.9393, 4.1633, 3.9755,
        2.9908, 4.4192], grad_fn=<CatBackward>)]
[2019-02-26 14:47:55,627][INFO][epoch:7	loss:tensor(0.5628, device='cuda:0')]
[2019-02-26 14:47:56,026][INFO][LCC:tensor(0.0863, grad_fn=<DivBackward1>)]
[2019-02-26 14:47:56,026][INFO][Ground Truth:tensor([3.4865, 2.4872, 4.0000, 2.5854, 4.6500, 3.0000, 4.5278, 5.6177, 5.3256,
        6.5897, 5.7143, 3.0714, 4.5833, 6.0811, 5.3871, 5.4222, 3.7561, 5.8857,
        4.6000, 3.1667, 5.0000, 5.3500, 3.8333, 4.3077, 6.7778, 2.2500, 5.4286,
        5.2500, 3.4324, 5.6562, 4.0323, 4.5750, 5.8158, 4.1290, 5.6944, 3.6222,
        2.8056, 4.6757, 5.5263, 4.8000, 4.2222, 6.1316, 4.3611, 3.4167, 6.3030,
        5.4884, 3.4146, 6.1081, 3.8781, 6.3111, 3.5278, 4.4865, 4.3256, 4.9474,
        6.6500, 4.3143, 6.1714, 2.9111, 2.2571, 5.2000, 5.6250, 4.8182, 4.8286,
        3.0833, 2.8649, 5.8809, 6.3333, 2.9231, 6.0769, 6.0750, 4.4054, 3.1282,
        3.1026, 5.0588, 3.0476, 3.2647, 4.7949, 5.1892, 3.7317, 0.5854, 2.8293,
        3.3947, 4.1795, 0.7000, 2.3871, 4.1622, 5.3902, 5.8372, 5.7027, 5.8056,
        3.1250, 3.8421, 4.9444, 5.6364, 3.6970, 5.3571, 4.4048, 4.6765, 4.1579,
        3.3684, 5.4054])]
[2019-02-26 14:47:56,027][INFO][Predicted:tensor([3.6927, 3.8321, 3.9071, 3.7621, 4.0281, 4.2905, 4.0311, 4.1079, 4.2680,
        4.1081, 3.8400, 3.6559, 4.1933, 3.9963, 4.3408, 3.8629, 3.9465, 4.1273,
        3.9182, 3.9990, 4.2782, 4.1296, 3.8414, 4.0773, 3.9534, 3.9386, 4.0338,
        4.1692, 4.2137, 4.1784, 4.2205, 3.7090, 3.9822, 4.1821, 3.8583, 3.9749,
        4.1016, 4.2235, 3.8789, 4.0730, 3.9297, 4.1662, 4.0046, 3.9950, 4.1932,
        4.0061, 4.1125, 3.8872, 3.8830, 4.2447, 4.0157, 3.9822, 4.0051, 4.5677,
        3.8865, 4.3619, 3.8572, 4.1173, 4.1150, 3.5925, 4.3515, 4.1411, 3.9609,
        4.2504, 4.0751, 3.9832, 4.1029, 3.8700, 3.9009, 4.0994, 4.0963, 4.5105,
        4.8127, 4.3950, 4.0398, 4.3507, 3.9251, 4.0578, 3.7745, 3.7449, 4.1758,
        3.9204, 3.3364, 3.7350, 4.1891, 4.0615, 4.0441, 4.0495, 3.9361, 3.8068,
        4.2586, 4.2617, 4.6264, 4.1956, 4.1728, 4.0741, 3.9445, 4.2864, 4.2675,
        3.4790, 4.4674], grad_fn=<CatBackward>)]
[2019-02-26 14:48:10,903][INFO][epoch:8	loss:tensor(0.5200, device='cuda:0')]
[2019-02-26 14:48:11,308][INFO][LCC:tensor(0.1903, grad_fn=<DivBackward1>)]
[2019-02-26 14:48:11,309][INFO][Ground Truth:tensor([3.4865, 2.4872, 4.0000, 2.5854, 4.6500, 3.0000, 4.5278, 5.6177, 5.3256,
        6.5897, 5.7143, 3.0714, 4.5833, 6.0811, 5.3871, 5.4222, 3.7561, 5.8857,
        4.6000, 3.1667, 5.0000, 5.3500, 3.8333, 4.3077, 6.7778, 2.2500, 5.4286,
        5.2500, 3.4324, 5.6562, 4.0323, 4.5750, 5.8158, 4.1290, 5.6944, 3.6222,
        2.8056, 4.6757, 5.5263, 4.8000, 4.2222, 6.1316, 4.3611, 3.4167, 6.3030,
        5.4884, 3.4146, 6.1081, 3.8781, 6.3111, 3.5278, 4.4865, 4.3256, 4.9474,
        6.6500, 4.3143, 6.1714, 2.9111, 2.2571, 5.2000, 5.6250, 4.8182, 4.8286,
        3.0833, 2.8649, 5.8809, 6.3333, 2.9231, 6.0769, 6.0750, 4.4054, 3.1282,
        3.1026, 5.0588, 3.0476, 3.2647, 4.7949, 5.1892, 3.7317, 0.5854, 2.8293,
        3.3947, 4.1795, 0.7000, 2.3871, 4.1622, 5.3902, 5.8372, 5.7027, 5.8056,
        3.1250, 3.8421, 4.9444, 5.6364, 3.6970, 5.3571, 4.4048, 4.6765, 4.1579,
        3.3684, 5.4054])]
[2019-02-26 14:48:11,309][INFO][Predicted:tensor([3.8861, 3.9083, 3.9787, 3.9722, 4.1918, 4.1809, 4.1093, 4.2239, 4.1440,
        4.1305, 3.9137, 4.1177, 4.1117, 4.1429, 4.3595, 3.9492, 4.0341, 4.1861,
        4.2094, 4.0706, 4.2515, 4.1170, 3.9525, 4.0527, 4.0858, 4.0806, 4.2203,
        4.1770, 4.0979, 4.2901, 4.0546, 3.9174, 3.9859, 4.1664, 4.0831, 4.0006,
        4.0252, 4.0939, 4.0191, 4.0052, 3.9879, 4.1556, 4.0132, 4.0241, 4.1221,
        4.0860, 4.1372, 4.1156, 4.0152, 4.2746, 4.0657, 3.9813, 4.1054, 4.3503,
        4.0805, 4.1455, 4.0955, 4.1556, 4.0461, 3.8491, 4.2710, 4.1285, 4.0457,
        4.2189, 4.0172, 4.0321, 4.0856, 3.9510, 3.9052, 3.9796, 4.0163, 4.3951,
        4.5227, 4.1778, 4.1703, 4.2019, 3.9514, 4.0137, 4.1379, 3.9471, 4.1175,
        3.8643, 3.8913, 3.7091, 4.1727, 4.1022, 4.1395, 4.0279, 4.0659, 3.9234,
        4.1329, 4.0653, 4.4327, 4.0888, 4.0610, 4.0861, 4.1541, 4.2005, 4.1242,
        3.7247, 4.2611], grad_fn=<CatBackward>)]
[2019-02-26 14:48:26,251][INFO][epoch:9	loss:tensor(0.5085, device='cuda:0')]
[2019-02-26 14:48:26,642][INFO][LCC:tensor(0.0398, grad_fn=<DivBackward1>)]
[2019-02-26 14:48:26,643][INFO][Ground Truth:tensor([3.4865, 2.4872, 4.0000, 2.5854, 4.6500, 3.0000, 4.5278, 5.6177, 5.3256,
        6.5897, 5.7143, 3.0714, 4.5833, 6.0811, 5.3871, 5.4222, 3.7561, 5.8857,
        4.6000, 3.1667, 5.0000, 5.3500, 3.8333, 4.3077, 6.7778, 2.2500, 5.4286,
        5.2500, 3.4324, 5.6562, 4.0323, 4.5750, 5.8158, 4.1290, 5.6944, 3.6222,
        2.8056, 4.6757, 5.5263, 4.8000, 4.2222, 6.1316, 4.3611, 3.4167, 6.3030,
        5.4884, 3.4146, 6.1081, 3.8781, 6.3111, 3.5278, 4.4865, 4.3256, 4.9474,
        6.6500, 4.3143, 6.1714, 2.9111, 2.2571, 5.2000, 5.6250, 4.8182, 4.8286,
        3.0833, 2.8649, 5.8809, 6.3333, 2.9231, 6.0769, 6.0750, 4.4054, 3.1282,
        3.1026, 5.0588, 3.0476, 3.2647, 4.7949, 5.1892, 3.7317, 0.5854, 2.8293,
        3.3947, 4.1795, 0.7000, 2.3871, 4.1622, 5.3902, 5.8372, 5.7027, 5.8056,
        3.1250, 3.8421, 4.9444, 5.6364, 3.6970, 5.3571, 4.4048, 4.6765, 4.1579,
        3.3684, 5.4054])]
[2019-02-26 14:48:26,643][INFO][Predicted:tensor([3.8566, 3.8353, 3.8971, 3.9349, 4.0016, 3.9192, 3.8883, 3.9823, 3.9231,
        3.9568, 3.8288, 3.9249, 3.8821, 3.8049, 4.0718, 3.9427, 3.9314, 3.9664,
        4.1260, 4.0149, 3.9194, 4.0102, 3.8917, 3.9309, 3.8292, 3.9860, 3.9336,
        4.0079, 3.9244, 4.0725, 3.9268, 3.8558, 3.9239, 3.9299, 3.8710, 3.9580,
        3.8709, 3.9547, 3.8978, 4.0143, 3.9421, 3.9146, 3.8782, 3.9953, 4.0064,
        3.9476, 3.9643, 3.8235, 3.9542, 3.9057, 3.8548, 3.9208, 4.0044, 3.9974,
        3.8623, 3.9939, 3.8286, 3.9351, 3.8850, 3.7892, 4.0226, 3.9538, 3.8851,
        3.9337, 3.9457, 3.9208, 3.8819, 3.8548, 3.8703, 3.9722, 3.8542, 4.0082,
        4.0569, 3.8971, 3.9614, 3.9678, 3.8789, 3.8670, 3.8950, 3.9192, 3.9663,
        3.7687, 3.7288, 3.7757, 3.9513, 3.8543, 4.0022, 3.8886, 3.9512, 3.8698,
        3.8657, 3.9476, 4.0348, 3.9624, 3.9590, 4.0437, 3.8774, 3.8909, 3.9370,
        3.8448, 3.9019], grad_fn=<CatBackward>)]
[2019-02-26 14:48:41,610][INFO][epoch:10	loss:tensor(0.4927, device='cuda:0')]
[2019-02-26 14:48:41,993][INFO][LCC:tensor(0.1405, grad_fn=<DivBackward1>)]
[2019-02-26 14:48:41,994][INFO][Ground Truth:tensor([3.4865, 2.4872, 4.0000, 2.5854, 4.6500, 3.0000, 4.5278, 5.6177, 5.3256,
        6.5897, 5.7143, 3.0714, 4.5833, 6.0811, 5.3871, 5.4222, 3.7561, 5.8857,
        4.6000, 3.1667, 5.0000, 5.3500, 3.8333, 4.3077, 6.7778, 2.2500, 5.4286,
        5.2500, 3.4324, 5.6562, 4.0323, 4.5750, 5.8158, 4.1290, 5.6944, 3.6222,
        2.8056, 4.6757, 5.5263, 4.8000, 4.2222, 6.1316, 4.3611, 3.4167, 6.3030,
        5.4884, 3.4146, 6.1081, 3.8781, 6.3111, 3.5278, 4.4865, 4.3256, 4.9474,
        6.6500, 4.3143, 6.1714, 2.9111, 2.2571, 5.2000, 5.6250, 4.8182, 4.8286,
        3.0833, 2.8649, 5.8809, 6.3333, 2.9231, 6.0769, 6.0750, 4.4054, 3.1282,
        3.1026, 5.0588, 3.0476, 3.2647, 4.7949, 5.1892, 3.7317, 0.5854, 2.8293,
        3.3947, 4.1795, 0.7000, 2.3871, 4.1622, 5.3902, 5.8372, 5.7027, 5.8056,
        3.1250, 3.8421, 4.9444, 5.6364, 3.6970, 5.3571, 4.4048, 4.6765, 4.1579,
        3.3684, 5.4054])]
[2019-02-26 14:48:41,995][INFO][Predicted:tensor([3.8517, 3.8369, 3.8520, 3.8879, 3.9913, 3.9216, 3.9572, 3.9421, 3.9137,
        3.9717, 3.8258, 3.8370, 3.8702, 3.8706, 3.9675, 3.8896, 3.9244, 3.9114,
        3.8676, 3.9497, 3.8862, 4.0109, 3.8614, 3.9186, 3.8386, 3.9571, 3.9302,
        3.9829, 3.8772, 4.0106, 3.9273, 3.8024, 3.9551, 3.9406, 3.8369, 3.9362,
        3.8485, 3.9445, 3.9268, 3.8824, 3.8739, 3.9051, 3.8316, 3.9699, 3.9538,
        3.8944, 3.8628, 3.8344, 3.9043, 3.8829, 3.9053, 3.9319, 3.8687, 3.9607,
        3.8856, 3.8614, 3.8486, 3.9172, 3.9298, 3.7947, 3.9639, 3.9485, 3.9230,
        3.8835, 3.9677, 3.8182, 3.8697, 3.7695, 3.8749, 3.9152, 3.8236, 3.9368,
        3.9831, 3.9279, 3.8489, 3.9088, 3.8121, 3.8083, 3.8182, 3.8911, 3.8528,
        3.7289, 3.6077, 3.7513, 3.9344, 3.8253, 3.9099, 3.8844, 3.8662, 3.8547,
        3.8096, 3.9516, 3.9812, 3.8937, 3.9474, 3.9396, 3.8117, 3.9046, 3.8620,
        3.7642, 3.9308], grad_fn=<CatBackward>)]
[2019-02-26 14:48:56,911][INFO][epoch:11	loss:tensor(0.4867, device='cuda:0')]
[2019-02-26 14:48:57,296][INFO][LCC:tensor(0.1097, grad_fn=<DivBackward1>)]
[2019-02-26 14:48:57,297][INFO][Ground Truth:tensor([3.4865, 2.4872, 4.0000, 2.5854, 4.6500, 3.0000, 4.5278, 5.6177, 5.3256,
        6.5897, 5.7143, 3.0714, 4.5833, 6.0811, 5.3871, 5.4222, 3.7561, 5.8857,
        4.6000, 3.1667, 5.0000, 5.3500, 3.8333, 4.3077, 6.7778, 2.2500, 5.4286,
        5.2500, 3.4324, 5.6562, 4.0323, 4.5750, 5.8158, 4.1290, 5.6944, 3.6222,
        2.8056, 4.6757, 5.5263, 4.8000, 4.2222, 6.1316, 4.3611, 3.4167, 6.3030,
        5.4884, 3.4146, 6.1081, 3.8781, 6.3111, 3.5278, 4.4865, 4.3256, 4.9474,
        6.6500, 4.3143, 6.1714, 2.9111, 2.2571, 5.2000, 5.6250, 4.8182, 4.8286,
        3.0833, 2.8649, 5.8809, 6.3333, 2.9231, 6.0769, 6.0750, 4.4054, 3.1282,
        3.1026, 5.0588, 3.0476, 3.2647, 4.7949, 5.1892, 3.7317, 0.5854, 2.8293,
        3.3947, 4.1795, 0.7000, 2.3871, 4.1622, 5.3902, 5.8372, 5.7027, 5.8056,
        3.1250, 3.8421, 4.9444, 5.6364, 3.6970, 5.3571, 4.4048, 4.6765, 4.1579,
        3.3684, 5.4054])]
[2019-02-26 14:48:57,298][INFO][Predicted:tensor([3.6363, 3.6252, 3.6141, 3.6948, 3.6186, 3.6144, 3.5833, 3.6424, 3.6196,
        3.6190, 3.5907, 3.6053, 3.5900, 3.6770, 3.6392, 3.6482, 3.7150, 3.6507,
        3.5966, 3.6275, 3.6211, 3.6722, 3.6022, 3.6297, 3.6619, 3.6968, 3.6345,
        3.7259, 3.6069, 3.7056, 3.5795, 3.5205, 3.5945, 3.5930, 3.6192, 3.6595,
        3.5827, 3.6033, 3.6077, 3.6669, 3.6162, 3.6117, 3.5886, 3.5906, 3.6082,
        3.6636, 3.6249, 3.6768, 3.6628, 3.7077, 3.5861, 3.5764, 3.6625, 3.6566,
        3.5890, 3.6488, 3.7055, 3.6271, 3.5951, 3.5927, 3.6667, 3.5939, 3.6196,
        3.6747, 3.5956, 3.6442, 3.6164, 3.5423, 3.5966, 3.6039, 3.5999, 3.6443,
        3.6728, 3.6167, 3.6633, 3.6535, 3.6574, 3.6049, 3.6138, 3.6656, 3.6282,
        3.4971, 3.5011, 3.6142, 3.6149, 3.5800, 3.6905, 3.5792, 3.6505, 3.5943,
        3.6112, 3.5949, 3.6406, 3.6225, 3.6085, 3.6620, 3.6723, 3.6641, 3.6378,
        3.5622, 3.5853], grad_fn=<CatBackward>)]
