[2019-02-26 14:50:54,032][INFO][epoch:0	loss:tensor(1.4179, device='cuda:0')]
[2019-02-26 14:50:54,842][INFO][LCC:tensor(0.0430, grad_fn=<DivBackward1>)]
[2019-02-26 14:50:54,843][INFO][Ground Truth:tensor([4.1290, 3.0526, 3.9412, 4.7209, 2.1628, 5.1429, 4.0286, 4.1667, 5.6129,
        2.5128, 5.2821, 5.1667, 5.8864, 6.0000, 5.5789, 6.4146, 6.8158, 2.4595,
        6.2432, 2.8421, 4.5833, 5.1282, 3.6216, 4.8125, 5.7500, 3.8857, 3.7949,
        4.4865, 2.6250, 5.0000, 5.5833, 2.8378, 3.7941, 4.7188, 3.6222, 2.9189,
        2.9231, 5.7436, 5.3684, 5.8667, 4.9512, 5.4048, 4.4419, 3.6154, 3.3684,
        3.7500, 3.4848, 4.0571, 5.3333, 5.0714, 5.0769, 5.6487, 5.8333, 4.3658,
        5.9444, 4.6487, 3.7568, 1.5946, 2.0000, 4.4722, 4.8000, 4.3077, 3.8857,
        4.0278, 3.3409, 4.1429, 3.7778, 2.0789, 5.5581, 2.7778, 3.5143, 3.6216,
        4.0789, 4.7714, 5.4634, 5.0976, 4.1579, 4.2619, 4.7368, 3.1707, 4.2162,
        5.1351, 4.5814, 4.9722, 6.3056, 3.1026, 5.7368, 5.7027, 4.8000, 4.8974,
        3.9474, 4.9167, 5.0476, 3.7436, 5.7714, 4.8409, 5.7209, 6.7879, 5.5405,
        5.8205, 4.7895])]
[2019-02-26 14:50:54,843][INFO][Predicted:tensor([4.4550, 4.6167, 4.1522, 4.9194, 4.4404, 4.4147, 3.8577, 4.6478, 5.5827,
        4.6585, 5.3259, 5.1513, 4.7944, 4.1049, 3.4759, 4.7119, 4.7229, 3.4450,
        4.8979, 4.5564, 4.8214, 3.5746, 4.2748, 5.6808, 4.8926, 4.5042, 3.1430,
        4.8349, 5.3436, 5.2681, 3.9191, 4.9274, 4.5213, 4.8711, 4.5764, 5.7165,
        4.3821, 4.7816, 4.2178, 4.3898, 5.1111, 4.1078, 4.7073, 3.8426, 2.5905,
        6.0363, 4.2652, 4.1711, 4.6086, 5.0779, 4.5870, 4.3601, 4.9182, 4.7305,
        3.9422, 5.5242, 4.8254, 5.4265, 3.7810, 5.0372, 4.4447, 4.8720, 5.3573,
        4.4415, 3.4248, 4.6236, 4.7225, 4.7217, 4.1834, 4.6732, 5.5402, 4.9472,
        4.6482, 3.7312, 4.9237, 4.8504, 4.9351, 4.4369, 4.4201, 4.7820, 3.8491,
        4.9104, 4.7858, 5.6924, 4.4783, 4.7505, 5.4939, 5.3147, 3.9081, 4.4460,
        6.1907, 4.9278, 5.0877, 4.8645, 4.5979, 4.9807, 4.4306, 4.6138, 4.9320,
        3.8700, 5.5167], grad_fn=<CatBackward>)]
[2019-02-26 14:51:09,676][INFO][epoch:1	loss:tensor(0.9296, device='cuda:0')]
[2019-02-26 14:51:10,479][INFO][LCC:tensor(0.1065, grad_fn=<DivBackward1>)]
[2019-02-26 14:51:10,480][INFO][Ground Truth:tensor([4.1290, 3.0526, 3.9412, 4.7209, 2.1628, 5.1429, 4.0286, 4.1667, 5.6129,
        2.5128, 5.2821, 5.1667, 5.8864, 6.0000, 5.5789, 6.4146, 6.8158, 2.4595,
        6.2432, 2.8421, 4.5833, 5.1282, 3.6216, 4.8125, 5.7500, 3.8857, 3.7949,
        4.4865, 2.6250, 5.0000, 5.5833, 2.8378, 3.7941, 4.7188, 3.6222, 2.9189,
        2.9231, 5.7436, 5.3684, 5.8667, 4.9512, 5.4048, 4.4419, 3.6154, 3.3684,
        3.7500, 3.4848, 4.0571, 5.3333, 5.0714, 5.0769, 5.6487, 5.8333, 4.3658,
        5.9444, 4.6487, 3.7568, 1.5946, 2.0000, 4.4722, 4.8000, 4.3077, 3.8857,
        4.0278, 3.3409, 4.1429, 3.7778, 2.0789, 5.5581, 2.7778, 3.5143, 3.6216,
        4.0789, 4.7714, 5.4634, 5.0976, 4.1579, 4.2619, 4.7368, 3.1707, 4.2162,
        5.1351, 4.5814, 4.9722, 6.3056, 3.1026, 5.7368, 5.7027, 4.8000, 4.8974,
        3.9474, 4.9167, 5.0476, 3.7436, 5.7714, 4.8409, 5.7209, 6.7879, 5.5405,
        5.8205, 4.7895])]
[2019-02-26 14:51:10,480][INFO][Predicted:tensor([5.5512, 5.2013, 4.8221, 5.5888, 4.9509, 5.3038, 5.0171, 5.3445, 5.7094,
        5.1518, 6.6342, 5.5365, 5.1147, 5.1753, 4.3987, 4.6188, 5.9152, 3.9685,
        5.8059, 5.4159, 5.5020, 4.9373, 5.1824, 6.5601, 5.0372, 4.7127, 3.6537,
        5.6513, 5.7555, 5.5606, 4.5412, 5.3516, 4.9236, 6.0665, 5.1499, 5.7285,
        5.6346, 4.4531, 4.6631, 4.6214, 5.0069, 4.3813, 5.1408, 5.1989, 3.5539,
        5.8594, 5.1922, 4.9349, 5.5883, 5.7629, 4.6686, 4.9295, 5.4705, 5.7806,
        5.2165, 6.0758, 6.1109, 5.1828, 4.0133, 4.9328, 5.1969, 4.9420, 6.4970,
        4.6376, 3.9123, 4.8436, 4.6597, 5.1904, 5.1111, 4.9580, 5.9294, 5.1996,
        5.1572, 5.0238, 5.1445, 5.8529, 5.7465, 4.6581, 5.6053, 5.0926, 5.0620,
        6.4339, 4.9940, 5.6337, 4.8356, 5.4450, 6.6819, 5.5547, 4.4091, 5.9780,
        7.2115, 4.9225, 5.8546, 4.8481, 5.3919, 5.7736, 4.5513, 5.2465, 4.9590,
        4.5113, 6.0870], grad_fn=<CatBackward>)]
[2019-02-26 14:51:25,359][INFO][epoch:2	loss:tensor(0.7579, device='cuda:0')]
[2019-02-26 14:51:25,753][INFO][LCC:tensor(0.1879, grad_fn=<DivBackward1>)]
[2019-02-26 14:51:25,754][INFO][Ground Truth:tensor([4.1290, 3.0526, 3.9412, 4.7209, 2.1628, 5.1429, 4.0286, 4.1667, 5.6129,
        2.5128, 5.2821, 5.1667, 5.8864, 6.0000, 5.5789, 6.4146, 6.8158, 2.4595,
        6.2432, 2.8421, 4.5833, 5.1282, 3.6216, 4.8125, 5.7500, 3.8857, 3.7949,
        4.4865, 2.6250, 5.0000, 5.5833, 2.8378, 3.7941, 4.7188, 3.6222, 2.9189,
        2.9231, 5.7436, 5.3684, 5.8667, 4.9512, 5.4048, 4.4419, 3.6154, 3.3684,
        3.7500, 3.4848, 4.0571, 5.3333, 5.0714, 5.0769, 5.6487, 5.8333, 4.3658,
        5.9444, 4.6487, 3.7568, 1.5946, 2.0000, 4.4722, 4.8000, 4.3077, 3.8857,
        4.0278, 3.3409, 4.1429, 3.7778, 2.0789, 5.5581, 2.7778, 3.5143, 3.6216,
        4.0789, 4.7714, 5.4634, 5.0976, 4.1579, 4.2619, 4.7368, 3.1707, 4.2162,
        5.1351, 4.5814, 4.9722, 6.3056, 3.1026, 5.7368, 5.7027, 4.8000, 4.8974,
        3.9474, 4.9167, 5.0476, 3.7436, 5.7714, 4.8409, 5.7209, 6.7879, 5.5405,
        5.8205, 4.7895])]
[2019-02-26 14:51:25,754][INFO][Predicted:tensor([5.4899, 5.1765, 5.0467, 5.9329, 5.0616, 5.7255, 4.8019, 5.5450, 5.9334,
        5.1939, 5.8848, 5.9759, 4.7590, 4.2681, 4.1871, 5.4736, 5.7982, 4.2029,
        6.0141, 5.0627, 5.7079, 4.5586, 5.3706, 5.9833, 5.6026, 4.9644, 4.1180,
        5.1487, 6.0315, 5.4373, 5.1744, 5.6108, 4.3463, 5.9349, 5.2230, 6.1907,
        5.7921, 5.0487, 5.2229, 4.9358, 5.3502, 4.5054, 5.4544, 4.5473, 3.2031,
        5.3250, 4.4983, 5.1837, 5.8104, 6.0479, 5.2941, 4.9513, 5.5033, 5.3110,
        4.9086, 5.8893, 5.3568, 5.6067, 3.7876, 5.6009, 4.9739, 5.1537, 6.1265,
        5.5117, 3.8364, 5.0842, 4.6626, 5.0276, 4.8884, 5.2095, 5.6612, 5.4014,
        5.3392, 4.9058, 5.2294, 5.6016, 5.9769, 5.0322, 5.2118, 5.7257, 4.6507,
        6.2059, 5.2041, 5.7898, 6.1291, 4.3300, 6.0112, 6.4116, 5.2391, 5.4786,
        6.7403, 5.4431, 5.3952, 4.7790, 4.5586, 6.1618, 5.0870, 5.5103, 5.5647,
        4.0740, 5.4458], grad_fn=<CatBackward>)]
[2019-02-26 14:51:40,689][INFO][epoch:3	loss:tensor(0.6676, device='cuda:0')]
[2019-02-26 14:51:41,091][INFO][LCC:tensor(0.1159, grad_fn=<DivBackward1>)]
[2019-02-26 14:51:41,092][INFO][Ground Truth:tensor([4.1290, 3.0526, 3.9412, 4.7209, 2.1628, 5.1429, 4.0286, 4.1667, 5.6129,
        2.5128, 5.2821, 5.1667, 5.8864, 6.0000, 5.5789, 6.4146, 6.8158, 2.4595,
        6.2432, 2.8421, 4.5833, 5.1282, 3.6216, 4.8125, 5.7500, 3.8857, 3.7949,
        4.4865, 2.6250, 5.0000, 5.5833, 2.8378, 3.7941, 4.7188, 3.6222, 2.9189,
        2.9231, 5.7436, 5.3684, 5.8667, 4.9512, 5.4048, 4.4419, 3.6154, 3.3684,
        3.7500, 3.4848, 4.0571, 5.3333, 5.0714, 5.0769, 5.6487, 5.8333, 4.3658,
        5.9444, 4.6487, 3.7568, 1.5946, 2.0000, 4.4722, 4.8000, 4.3077, 3.8857,
        4.0278, 3.3409, 4.1429, 3.7778, 2.0789, 5.5581, 2.7778, 3.5143, 3.6216,
        4.0789, 4.7714, 5.4634, 5.0976, 4.1579, 4.2619, 4.7368, 3.1707, 4.2162,
        5.1351, 4.5814, 4.9722, 6.3056, 3.1026, 5.7368, 5.7027, 4.8000, 4.8974,
        3.9474, 4.9167, 5.0476, 3.7436, 5.7714, 4.8409, 5.7209, 6.7879, 5.5405,
        5.8205, 4.7895])]
[2019-02-26 14:51:41,092][INFO][Predicted:tensor([5.9100, 5.8760, 4.9157, 5.4504, 5.3158, 5.3486, 4.9079, 5.4493, 5.5492,
        5.3672, 6.5050, 5.5173, 5.2294, 5.2528, 3.5181, 4.7415, 6.3111, 4.1862,
        5.9015, 5.8040, 5.9035, 5.0131, 5.2596, 6.0177, 5.7386, 4.7113, 4.4151,
        5.7727, 5.7455, 5.7989, 5.3914, 5.3660, 5.4914, 6.3379, 5.4428, 5.4057,
        4.8924, 5.3324, 5.1429, 5.2893, 5.6143, 5.0072, 5.9949, 5.4161, 3.2868,
        5.8883, 5.4136, 5.0238, 5.9552, 5.4034, 5.2309, 5.3063, 5.7387, 6.0870,
        5.2939, 6.6065, 5.9757, 6.0740, 4.5405, 5.8943, 5.7863, 4.8848, 5.3410,
        5.6567, 4.3978, 5.1331, 4.9020, 6.0983, 5.0780, 5.8463, 6.0094, 5.5861,
        5.3103, 5.2905, 5.7187, 5.5977, 6.2713, 5.3099, 5.7271, 5.0840, 5.4521,
        6.0205, 5.6746, 6.1612, 5.2569, 4.9064, 6.5624, 6.3034, 4.6965, 5.2143,
        7.3145, 5.4233, 5.4299, 5.0707, 4.5227, 5.6966, 5.6154, 5.9615, 5.7297,
        4.8750, 6.2140], grad_fn=<CatBackward>)]
[2019-02-26 14:51:56,021][INFO][epoch:4	loss:tensor(0.5966, device='cuda:0')]
[2019-02-26 14:51:56,414][INFO][LCC:tensor(0.0927, grad_fn=<DivBackward1>)]
[2019-02-26 14:51:56,415][INFO][Ground Truth:tensor([4.1290, 3.0526, 3.9412, 4.7209, 2.1628, 5.1429, 4.0286, 4.1667, 5.6129,
        2.5128, 5.2821, 5.1667, 5.8864, 6.0000, 5.5789, 6.4146, 6.8158, 2.4595,
        6.2432, 2.8421, 4.5833, 5.1282, 3.6216, 4.8125, 5.7500, 3.8857, 3.7949,
        4.4865, 2.6250, 5.0000, 5.5833, 2.8378, 3.7941, 4.7188, 3.6222, 2.9189,
        2.9231, 5.7436, 5.3684, 5.8667, 4.9512, 5.4048, 4.4419, 3.6154, 3.3684,
        3.7500, 3.4848, 4.0571, 5.3333, 5.0714, 5.0769, 5.6487, 5.8333, 4.3658,
        5.9444, 4.6487, 3.7568, 1.5946, 2.0000, 4.4722, 4.8000, 4.3077, 3.8857,
        4.0278, 3.3409, 4.1429, 3.7778, 2.0789, 5.5581, 2.7778, 3.5143, 3.6216,
        4.0789, 4.7714, 5.4634, 5.0976, 4.1579, 4.2619, 4.7368, 3.1707, 4.2162,
        5.1351, 4.5814, 4.9722, 6.3056, 3.1026, 5.7368, 5.7027, 4.8000, 4.8974,
        3.9474, 4.9167, 5.0476, 3.7436, 5.7714, 4.8409, 5.7209, 6.7879, 5.5405,
        5.8205, 4.7895])]
[2019-02-26 14:51:56,415][INFO][Predicted:tensor([5.6371, 5.4450, 4.3272, 4.9205, 5.4781, 4.4204, 4.8785, 5.3823, 6.0074,
        4.8845, 5.9920, 5.9878, 5.1638, 4.6056, 4.7478, 5.1552, 5.6231, 4.3394,
        5.5561, 5.7252, 5.0902, 5.2057, 5.0705, 5.8170, 5.2378, 4.8307, 3.7867,
        4.7554, 5.6434, 5.5250, 5.1114, 5.4399, 4.8418, 5.7540, 5.0909, 5.7103,
        5.3049, 4.9548, 5.3641, 5.2652, 5.4521, 4.9491, 5.5530, 4.8581, 3.2573,
        5.6646, 5.2976, 5.1660, 4.8315, 4.6630, 5.1389, 4.8989, 5.0829, 5.7074,
        4.8851, 5.9632, 5.5634, 5.5647, 4.0804, 5.5002, 5.6353, 5.5126, 6.1805,
        5.1852, 3.9538, 5.0218, 5.2432, 5.0323, 5.2672, 5.2654, 5.5879, 5.2570,
        5.1402, 5.1243, 5.6595, 6.1696, 5.4553, 5.2688, 5.0216, 5.9616, 4.6951,
        5.8695, 4.8068, 5.5126, 5.4696, 4.7599, 5.4252, 5.9989, 4.4452, 5.4461,
        6.6697, 5.3911, 5.3417, 4.7012, 4.8776, 5.2978, 4.5931, 5.0023, 5.4311,
        4.6108, 5.6154], grad_fn=<CatBackward>)]
[2019-02-26 14:52:11,287][INFO][epoch:5	loss:tensor(0.5492, device='cuda:0')]
[2019-02-26 14:52:11,677][INFO][LCC:tensor(0.1076, grad_fn=<DivBackward1>)]
[2019-02-26 14:52:11,677][INFO][Ground Truth:tensor([4.1290, 3.0526, 3.9412, 4.7209, 2.1628, 5.1429, 4.0286, 4.1667, 5.6129,
        2.5128, 5.2821, 5.1667, 5.8864, 6.0000, 5.5789, 6.4146, 6.8158, 2.4595,
        6.2432, 2.8421, 4.5833, 5.1282, 3.6216, 4.8125, 5.7500, 3.8857, 3.7949,
        4.4865, 2.6250, 5.0000, 5.5833, 2.8378, 3.7941, 4.7188, 3.6222, 2.9189,
        2.9231, 5.7436, 5.3684, 5.8667, 4.9512, 5.4048, 4.4419, 3.6154, 3.3684,
        3.7500, 3.4848, 4.0571, 5.3333, 5.0714, 5.0769, 5.6487, 5.8333, 4.3658,
        5.9444, 4.6487, 3.7568, 1.5946, 2.0000, 4.4722, 4.8000, 4.3077, 3.8857,
        4.0278, 3.3409, 4.1429, 3.7778, 2.0789, 5.5581, 2.7778, 3.5143, 3.6216,
        4.0789, 4.7714, 5.4634, 5.0976, 4.1579, 4.2619, 4.7368, 3.1707, 4.2162,
        5.1351, 4.5814, 4.9722, 6.3056, 3.1026, 5.7368, 5.7027, 4.8000, 4.8974,
        3.9474, 4.9167, 5.0476, 3.7436, 5.7714, 4.8409, 5.7209, 6.7879, 5.5405,
        5.8205, 4.7895])]
[2019-02-26 14:52:11,678][INFO][Predicted:tensor([5.5618, 6.0134, 4.6218, 5.7239, 5.0679, 4.0588, 4.9859, 5.2139, 5.6370,
        5.6148, 5.7240, 6.0603, 4.9723, 5.2462, 4.6494, 4.4371, 5.7811, 4.1082,
        5.3771, 4.4477, 5.4397, 4.6761, 4.9025, 5.5183, 5.7107, 5.6856, 3.8776,
        4.8174, 6.0383, 5.7729, 4.8666, 5.2975, 4.4980, 5.2482, 5.3757, 6.1866,
        5.3319, 4.7051, 5.3910, 5.1303, 4.9792, 5.4128, 6.0660, 4.6027, 3.6018,
        5.4494, 5.0298, 4.9767, 5.5652, 5.8782, 5.5625, 5.4164, 5.3414, 5.2490,
        5.0590, 6.0793, 5.9357, 5.0709, 4.0518, 5.4974, 5.1029, 4.7306, 5.8586,
        5.4218, 4.0216, 5.4343, 4.8832, 5.9544, 5.7519, 5.1469, 5.3019, 5.4835,
        4.8428, 5.0862, 5.1680, 5.3177, 5.5027, 5.1352, 5.3825, 5.4491, 4.8269,
        6.2807, 5.2426, 5.6631, 5.2206, 4.8690, 5.4022, 5.8655, 5.4896, 5.4205,
        6.7762, 5.5751, 5.7087, 5.1614, 4.8804, 5.2053, 4.5788, 5.3518, 5.7621,
        4.3946, 5.3975], grad_fn=<CatBackward>)]
[2019-02-26 14:52:26,578][INFO][epoch:6	loss:tensor(0.5340, device='cuda:0')]
[2019-02-26 14:52:26,963][INFO][LCC:tensor(0.1636, grad_fn=<DivBackward1>)]
[2019-02-26 14:52:26,963][INFO][Ground Truth:tensor([4.1290, 3.0526, 3.9412, 4.7209, 2.1628, 5.1429, 4.0286, 4.1667, 5.6129,
        2.5128, 5.2821, 5.1667, 5.8864, 6.0000, 5.5789, 6.4146, 6.8158, 2.4595,
        6.2432, 2.8421, 4.5833, 5.1282, 3.6216, 4.8125, 5.7500, 3.8857, 3.7949,
        4.4865, 2.6250, 5.0000, 5.5833, 2.8378, 3.7941, 4.7188, 3.6222, 2.9189,
        2.9231, 5.7436, 5.3684, 5.8667, 4.9512, 5.4048, 4.4419, 3.6154, 3.3684,
        3.7500, 3.4848, 4.0571, 5.3333, 5.0714, 5.0769, 5.6487, 5.8333, 4.3658,
        5.9444, 4.6487, 3.7568, 1.5946, 2.0000, 4.4722, 4.8000, 4.3077, 3.8857,
        4.0278, 3.3409, 4.1429, 3.7778, 2.0789, 5.5581, 2.7778, 3.5143, 3.6216,
        4.0789, 4.7714, 5.4634, 5.0976, 4.1579, 4.2619, 4.7368, 3.1707, 4.2162,
        5.1351, 4.5814, 4.9722, 6.3056, 3.1026, 5.7368, 5.7027, 4.8000, 4.8974,
        3.9474, 4.9167, 5.0476, 3.7436, 5.7714, 4.8409, 5.7209, 6.7879, 5.5405,
        5.8205, 4.7895])]
[2019-02-26 14:52:26,964][INFO][Predicted:tensor([5.5423, 5.7274, 4.9297, 6.0487, 5.5341, 4.6949, 5.2148, 5.5398, 6.2312,
        5.9360, 6.7743, 5.6309, 5.3334, 4.7045, 4.3069, 5.3404, 5.9560, 4.5194,
        6.1222, 4.9510, 5.2924, 5.1805, 5.5928, 6.5568, 5.5630, 5.2115, 4.1863,
        6.4174, 6.1297, 5.6916, 5.2502, 5.4610, 4.9152, 5.7757, 5.2387, 5.8316,
        6.3710, 5.1972, 5.7189, 5.4492, 5.1781, 4.7795, 6.3763, 5.1157, 3.9892,
        5.5619, 5.7241, 5.3027, 5.9068, 6.0623, 5.6512, 5.1679, 5.9213, 5.3946,
        5.2640, 5.8663, 6.2752, 5.2395, 4.3129, 5.7742, 5.6738, 4.8393, 5.5991,
        5.7972, 4.3664, 5.5035, 4.8796, 6.0127, 6.2100, 5.6015, 5.6657, 5.4126,
        4.9521, 5.3282, 5.6749, 6.3109, 5.3164, 5.3119, 5.2969, 5.6400, 5.0801,
        5.7400, 5.4589, 5.7886, 6.3621, 5.1468, 6.3290, 5.8842, 5.4007, 5.6997,
        7.0040, 5.3050, 5.7830, 4.9709, 4.9687, 5.6733, 5.3449, 5.8945, 5.3770,
        4.6567, 6.3171], grad_fn=<CatBackward>)]
[2019-02-26 14:52:41,945][INFO][epoch:7	loss:tensor(0.5227, device='cuda:0')]
[2019-02-26 14:52:42,338][INFO][LCC:tensor(0.1341, grad_fn=<DivBackward1>)]
[2019-02-26 14:52:42,339][INFO][Ground Truth:tensor([4.1290, 3.0526, 3.9412, 4.7209, 2.1628, 5.1429, 4.0286, 4.1667, 5.6129,
        2.5128, 5.2821, 5.1667, 5.8864, 6.0000, 5.5789, 6.4146, 6.8158, 2.4595,
        6.2432, 2.8421, 4.5833, 5.1282, 3.6216, 4.8125, 5.7500, 3.8857, 3.7949,
        4.4865, 2.6250, 5.0000, 5.5833, 2.8378, 3.7941, 4.7188, 3.6222, 2.9189,
        2.9231, 5.7436, 5.3684, 5.8667, 4.9512, 5.4048, 4.4419, 3.6154, 3.3684,
        3.7500, 3.4848, 4.0571, 5.3333, 5.0714, 5.0769, 5.6487, 5.8333, 4.3658,
        5.9444, 4.6487, 3.7568, 1.5946, 2.0000, 4.4722, 4.8000, 4.3077, 3.8857,
        4.0278, 3.3409, 4.1429, 3.7778, 2.0789, 5.5581, 2.7778, 3.5143, 3.6216,
        4.0789, 4.7714, 5.4634, 5.0976, 4.1579, 4.2619, 4.7368, 3.1707, 4.2162,
        5.1351, 4.5814, 4.9722, 6.3056, 3.1026, 5.7368, 5.7027, 4.8000, 4.8974,
        3.9474, 4.9167, 5.0476, 3.7436, 5.7714, 4.8409, 5.7209, 6.7879, 5.5405,
        5.8205, 4.7895])]
[2019-02-26 14:52:42,339][INFO][Predicted:tensor([5.2207, 5.7243, 4.9512, 5.3517, 5.4481, 5.2184, 4.7940, 5.0910, 5.6824,
        5.6328, 5.4764, 5.1812, 5.1579, 5.4809, 4.1731, 5.5142, 5.7779, 4.3250,
        5.7793, 5.0415, 5.4462, 4.4948, 5.2996, 5.8504, 5.5629, 4.8490, 3.9296,
        4.7668, 5.6696, 5.6137, 4.9357, 5.4855, 5.2296, 5.6314, 5.3106, 5.8411,
        5.5545, 5.1516, 4.7896, 5.4256, 5.2464, 4.9253, 5.4988, 4.6259, 3.4766,
        5.5074, 4.4749, 5.1243, 5.5493, 5.1313, 4.7025, 5.4944, 5.3648, 5.6170,
        4.7778, 5.8062, 5.5611, 4.8283, 4.4149, 5.7589, 5.0278, 5.1032, 5.8380,
        5.3768, 3.9339, 5.2380, 4.5149, 5.8727, 5.2839, 5.2877, 5.3740, 5.5680,
        5.5399, 5.1738, 5.1240, 5.3076, 5.2676, 4.9746, 4.8224, 5.2758, 5.0415,
        5.9774, 4.9459, 5.5924, 5.8015, 4.8368, 5.1385, 5.6305, 5.4727, 5.0422,
        6.8547, 5.3825, 5.6203, 5.0989, 5.0383, 4.6030, 5.2232, 5.0061, 5.5578,
        5.0205, 5.4956], grad_fn=<CatBackward>)]
[2019-02-26 14:52:57,208][INFO][epoch:8	loss:tensor(0.5105, device='cuda:0')]
[2019-02-26 14:52:57,620][INFO][LCC:tensor(0.1332, grad_fn=<DivBackward1>)]
[2019-02-26 14:52:57,621][INFO][Ground Truth:tensor([4.1290, 3.0526, 3.9412, 4.7209, 2.1628, 5.1429, 4.0286, 4.1667, 5.6129,
        2.5128, 5.2821, 5.1667, 5.8864, 6.0000, 5.5789, 6.4146, 6.8158, 2.4595,
        6.2432, 2.8421, 4.5833, 5.1282, 3.6216, 4.8125, 5.7500, 3.8857, 3.7949,
        4.4865, 2.6250, 5.0000, 5.5833, 2.8378, 3.7941, 4.7188, 3.6222, 2.9189,
        2.9231, 5.7436, 5.3684, 5.8667, 4.9512, 5.4048, 4.4419, 3.6154, 3.3684,
        3.7500, 3.4848, 4.0571, 5.3333, 5.0714, 5.0769, 5.6487, 5.8333, 4.3658,
        5.9444, 4.6487, 3.7568, 1.5946, 2.0000, 4.4722, 4.8000, 4.3077, 3.8857,
        4.0278, 3.3409, 4.1429, 3.7778, 2.0789, 5.5581, 2.7778, 3.5143, 3.6216,
        4.0789, 4.7714, 5.4634, 5.0976, 4.1579, 4.2619, 4.7368, 3.1707, 4.2162,
        5.1351, 4.5814, 4.9722, 6.3056, 3.1026, 5.7368, 5.7027, 4.8000, 4.8974,
        3.9474, 4.9167, 5.0476, 3.7436, 5.7714, 4.8409, 5.7209, 6.7879, 5.5405,
        5.8205, 4.7895])]
[2019-02-26 14:52:57,622][INFO][Predicted:tensor([6.0822, 6.0221, 5.0727, 5.3064, 5.6056, 4.5865, 4.8752, 5.4231, 5.5668,
        5.4789, 6.6661, 5.8457, 5.5271, 5.5283, 4.6699, 4.4002, 6.3101, 4.8372,
        6.0197, 5.2740, 5.6227, 5.5432, 5.4335, 5.8860, 5.4428, 5.0068, 4.0803,
        6.3742, 5.7038, 5.5578, 5.1613, 5.4142, 5.2623, 5.8595, 5.1065, 5.8906,
        6.0955, 5.4010, 5.7980, 5.6484, 4.6466, 4.6645, 6.0859, 5.7705, 3.8370,
        5.4942, 5.6810, 5.2207, 5.6841, 5.4226, 5.5545, 5.1767, 5.6285, 5.3932,
        5.1876, 5.9738, 6.1581, 5.2533, 5.0296, 5.5066, 5.4021, 5.6272, 6.5002,
        5.9190, 4.3933, 5.8781, 5.2728, 5.6389, 5.4869, 5.3939, 5.3502, 5.8888,
        5.9609, 5.1042, 5.7195, 5.4936, 5.5110, 5.3705, 5.9743, 5.4816, 5.1463,
        6.0710, 5.7682, 5.3248, 6.2098, 5.2061, 6.9960, 6.1581, 4.9123, 6.0140,
        7.5889, 5.8470, 5.2552, 4.6730, 4.7765, 5.8773, 5.2409, 6.2278, 5.5621,
        5.5642, 6.2160], grad_fn=<CatBackward>)]
[2019-02-26 14:53:12,475][INFO][epoch:9	loss:tensor(0.4895, device='cuda:0')]
[2019-02-26 14:53:12,865][INFO][LCC:tensor(0.0627, grad_fn=<DivBackward1>)]
[2019-02-26 14:53:12,865][INFO][Ground Truth:tensor([4.1290, 3.0526, 3.9412, 4.7209, 2.1628, 5.1429, 4.0286, 4.1667, 5.6129,
        2.5128, 5.2821, 5.1667, 5.8864, 6.0000, 5.5789, 6.4146, 6.8158, 2.4595,
        6.2432, 2.8421, 4.5833, 5.1282, 3.6216, 4.8125, 5.7500, 3.8857, 3.7949,
        4.4865, 2.6250, 5.0000, 5.5833, 2.8378, 3.7941, 4.7188, 3.6222, 2.9189,
        2.9231, 5.7436, 5.3684, 5.8667, 4.9512, 5.4048, 4.4419, 3.6154, 3.3684,
        3.7500, 3.4848, 4.0571, 5.3333, 5.0714, 5.0769, 5.6487, 5.8333, 4.3658,
        5.9444, 4.6487, 3.7568, 1.5946, 2.0000, 4.4722, 4.8000, 4.3077, 3.8857,
        4.0278, 3.3409, 4.1429, 3.7778, 2.0789, 5.5581, 2.7778, 3.5143, 3.6216,
        4.0789, 4.7714, 5.4634, 5.0976, 4.1579, 4.2619, 4.7368, 3.1707, 4.2162,
        5.1351, 4.5814, 4.9722, 6.3056, 3.1026, 5.7368, 5.7027, 4.8000, 4.8974,
        3.9474, 4.9167, 5.0476, 3.7436, 5.7714, 4.8409, 5.7209, 6.7879, 5.5405,
        5.8205, 4.7895])]
[2019-02-26 14:53:12,866][INFO][Predicted:tensor([5.3254, 5.4751, 5.2931, 5.4635, 5.1909, 4.2950, 5.1138, 5.2197, 5.3906,
        4.8600, 5.7467, 5.2589, 4.8525, 4.7457, 3.8253, 4.6008, 5.7665, 3.9367,
        5.7241, 5.1568, 5.3367, 4.7717, 5.0447, 5.0579, 5.0925, 4.6837, 3.9889,
        4.8464, 5.7173, 5.0236, 4.8321, 5.0564, 4.8457, 5.3154, 5.0230, 5.6798,
        5.6585, 4.7276, 5.5310, 5.3589, 5.0012, 4.7674, 5.3340, 5.1868, 3.5088,
        5.5159, 5.1044, 4.8980, 5.2456, 5.3621, 5.1358, 5.2267, 5.1794, 5.4755,
        4.8555, 5.5075, 5.5155, 5.0833, 4.5276, 5.2363, 4.9281, 5.5348, 5.4842,
        5.6838, 4.3060, 5.1284, 4.7069, 5.2960, 4.8865, 5.0155, 5.2043, 5.0813,
        5.4374, 4.7475, 4.8696, 5.5316, 5.7000, 4.9201, 5.0312, 5.2135, 4.9507,
        5.0898, 5.3643, 5.7055, 5.5789, 4.8055, 5.6086, 5.0642, 4.7038, 5.1141,
        6.0333, 5.1559, 5.4455, 4.8140, 4.9801, 5.6920, 5.2167, 5.0658, 5.1062,
        4.3967, 5.3172], grad_fn=<CatBackward>)]
[2019-02-26 14:53:27,785][INFO][epoch:10	loss:tensor(0.4846, device='cuda:0')]
[2019-02-26 14:53:28,175][INFO][LCC:tensor(0.1574, grad_fn=<DivBackward1>)]
[2019-02-26 14:53:28,176][INFO][Ground Truth:tensor([4.1290, 3.0526, 3.9412, 4.7209, 2.1628, 5.1429, 4.0286, 4.1667, 5.6129,
        2.5128, 5.2821, 5.1667, 5.8864, 6.0000, 5.5789, 6.4146, 6.8158, 2.4595,
        6.2432, 2.8421, 4.5833, 5.1282, 3.6216, 4.8125, 5.7500, 3.8857, 3.7949,
        4.4865, 2.6250, 5.0000, 5.5833, 2.8378, 3.7941, 4.7188, 3.6222, 2.9189,
        2.9231, 5.7436, 5.3684, 5.8667, 4.9512, 5.4048, 4.4419, 3.6154, 3.3684,
        3.7500, 3.4848, 4.0571, 5.3333, 5.0714, 5.0769, 5.6487, 5.8333, 4.3658,
        5.9444, 4.6487, 3.7568, 1.5946, 2.0000, 4.4722, 4.8000, 4.3077, 3.8857,
        4.0278, 3.3409, 4.1429, 3.7778, 2.0789, 5.5581, 2.7778, 3.5143, 3.6216,
        4.0789, 4.7714, 5.4634, 5.0976, 4.1579, 4.2619, 4.7368, 3.1707, 4.2162,
        5.1351, 4.5814, 4.9722, 6.3056, 3.1026, 5.7368, 5.7027, 4.8000, 4.8974,
        3.9474, 4.9167, 5.0476, 3.7436, 5.7714, 4.8409, 5.7209, 6.7879, 5.5405,
        5.8205, 4.7895])]
[2019-02-26 14:53:28,176][INFO][Predicted:tensor([5.6095, 5.2231, 5.4721, 5.2539, 5.5191, 5.5769, 5.0503, 5.2828, 5.4242,
        4.5871, 6.3132, 5.2623, 4.7889, 5.6330, 4.6561, 5.2279, 5.7413, 4.9911,
        5.6917, 5.2480, 5.3727, 4.8922, 5.2153, 5.4462, 5.0055, 5.1139, 4.4363,
        6.0973, 5.8149, 4.8827, 4.9952, 5.2320, 4.5176, 5.2669, 4.8089, 5.3669,
        5.6098, 4.9944, 5.0386, 5.2853, 5.2703, 5.0222, 5.4369, 5.6062, 3.4406,
        5.5032, 5.1836, 5.2188, 5.5014, 5.8767, 5.3029, 5.1379, 5.2263, 5.3216,
        5.2330, 5.7116, 5.9634, 5.4751, 4.5893, 5.1036, 4.9590, 4.9121, 5.5350,
        5.3001, 4.4411, 5.4695, 5.3934, 5.2789, 5.2554, 5.1732, 5.5571, 5.0767,
        5.4624, 5.1856, 5.3741, 4.5960, 4.8653, 5.4344, 5.5406, 4.8528, 4.9972,
        5.5328, 4.5288, 5.3994, 5.1073, 5.0729, 5.7678, 5.6851, 4.9504, 5.6368,
        6.9386, 5.1704, 5.6861, 4.9029, 5.7432, 6.2611, 4.6686, 5.9803, 5.3799,
        5.1009, 5.7475], grad_fn=<CatBackward>)]
[2019-02-26 14:53:43,024][INFO][epoch:11	loss:tensor(0.4747, device='cuda:0')]
[2019-02-26 14:53:43,439][INFO][LCC:tensor(0.2021, grad_fn=<DivBackward1>)]
[2019-02-26 14:53:43,440][INFO][Ground Truth:tensor([4.1290, 3.0526, 3.9412, 4.7209, 2.1628, 5.1429, 4.0286, 4.1667, 5.6129,
        2.5128, 5.2821, 5.1667, 5.8864, 6.0000, 5.5789, 6.4146, 6.8158, 2.4595,
        6.2432, 2.8421, 4.5833, 5.1282, 3.6216, 4.8125, 5.7500, 3.8857, 3.7949,
        4.4865, 2.6250, 5.0000, 5.5833, 2.8378, 3.7941, 4.7188, 3.6222, 2.9189,
        2.9231, 5.7436, 5.3684, 5.8667, 4.9512, 5.4048, 4.4419, 3.6154, 3.3684,
        3.7500, 3.4848, 4.0571, 5.3333, 5.0714, 5.0769, 5.6487, 5.8333, 4.3658,
        5.9444, 4.6487, 3.7568, 1.5946, 2.0000, 4.4722, 4.8000, 4.3077, 3.8857,
        4.0278, 3.3409, 4.1429, 3.7778, 2.0789, 5.5581, 2.7778, 3.5143, 3.6216,
        4.0789, 4.7714, 5.4634, 5.0976, 4.1579, 4.2619, 4.7368, 3.1707, 4.2162,
        5.1351, 4.5814, 4.9722, 6.3056, 3.1026, 5.7368, 5.7027, 4.8000, 4.8974,
        3.9474, 4.9167, 5.0476, 3.7436, 5.7714, 4.8409, 5.7209, 6.7879, 5.5405,
        5.8205, 4.7895])]
[2019-02-26 14:53:43,440][INFO][Predicted:tensor([4.9984, 5.5645, 4.7525, 5.0830, 5.4951, 4.6693, 5.2183, 5.2011, 5.3671,
        4.5066, 5.7476, 5.4493, 5.3497, 5.2516, 4.1578, 4.3435, 5.7196, 4.5830,
        5.5981, 4.5589, 5.4038, 4.4262, 5.0375, 5.3446, 5.5804, 4.8507, 3.8772,
        4.9996, 5.8408, 5.1874, 4.6205, 4.7582, 3.9594, 5.0326, 5.2938, 5.3203,
        5.4531, 4.9433, 5.1973, 5.1934, 5.3428, 4.9886, 5.3281, 4.5666, 3.7222,
        5.4346, 4.9757, 5.0715, 5.2500, 5.3206, 5.4838, 5.1631, 5.3322, 4.5428,
        4.8795, 5.4871, 5.7695, 5.0568, 4.4915, 5.0819, 5.1302, 5.3083, 5.2063,
        4.7225, 4.4482, 5.0495, 4.7767, 5.3303, 5.0699, 5.1989, 4.9107, 4.9503,
        5.0628, 5.2317, 4.6886, 5.0985, 5.4277, 4.9432, 4.9156, 4.9092, 5.2390,
        5.4493, 5.0634, 5.6170, 5.1368, 4.6710, 5.4806, 6.0090, 5.6295, 4.9797,
        6.6445, 5.3132, 5.0988, 4.5438, 4.9614, 4.8161, 5.2830, 5.4483, 4.9527,
        5.2525, 5.3941], grad_fn=<CatBackward>)]
[2019-02-26 14:53:58,390][INFO][epoch:12	loss:tensor(0.4549, device='cuda:0')]
[2019-02-26 14:53:58,772][INFO][LCC:tensor(0.2156, grad_fn=<DivBackward1>)]
[2019-02-26 14:53:58,772][INFO][Ground Truth:tensor([4.1290, 3.0526, 3.9412, 4.7209, 2.1628, 5.1429, 4.0286, 4.1667, 5.6129,
        2.5128, 5.2821, 5.1667, 5.8864, 6.0000, 5.5789, 6.4146, 6.8158, 2.4595,
        6.2432, 2.8421, 4.5833, 5.1282, 3.6216, 4.8125, 5.7500, 3.8857, 3.7949,
        4.4865, 2.6250, 5.0000, 5.5833, 2.8378, 3.7941, 4.7188, 3.6222, 2.9189,
        2.9231, 5.7436, 5.3684, 5.8667, 4.9512, 5.4048, 4.4419, 3.6154, 3.3684,
        3.7500, 3.4848, 4.0571, 5.3333, 5.0714, 5.0769, 5.6487, 5.8333, 4.3658,
        5.9444, 4.6487, 3.7568, 1.5946, 2.0000, 4.4722, 4.8000, 4.3077, 3.8857,
        4.0278, 3.3409, 4.1429, 3.7778, 2.0789, 5.5581, 2.7778, 3.5143, 3.6216,
        4.0789, 4.7714, 5.4634, 5.0976, 4.1579, 4.2619, 4.7368, 3.1707, 4.2162,
        5.1351, 4.5814, 4.9722, 6.3056, 3.1026, 5.7368, 5.7027, 4.8000, 4.8974,
        3.9474, 4.9167, 5.0476, 3.7436, 5.7714, 4.8409, 5.7209, 6.7879, 5.5405,
        5.8205, 4.7895])]
[2019-02-26 14:53:58,773][INFO][Predicted:tensor([5.4666, 5.0904, 5.0795, 5.5572, 5.3836, 5.5127, 5.1034, 5.1667, 5.4001,
        5.6284, 5.8274, 5.2985, 5.1532, 5.2445, 4.8427, 4.7827, 5.7185, 4.5374,
        5.9708, 4.7700, 5.6190, 5.1682, 5.6225, 5.5871, 5.1797, 5.2957, 3.7695,
        5.1809, 5.8902, 5.4073, 5.1525, 5.1209, 5.0859, 5.2932, 5.1241, 6.0228,
        5.3492, 4.8693, 5.5036, 5.2084, 4.8985, 4.9151, 5.1845, 5.3571, 3.7589,
        5.6854, 4.4469, 4.9855, 5.4365, 5.5421, 4.9099, 5.2063, 5.6511, 4.9317,
        5.1510, 5.3037, 5.7198, 4.9211, 4.7800, 5.3304, 4.8530, 5.2005, 5.4369,
        4.8550, 4.3582, 5.0601, 4.7230, 5.1725, 5.3000, 5.0233, 5.2673, 4.9782,
        5.2782, 5.1683, 5.2165, 5.1272, 5.0317, 4.7056, 5.5953, 5.2883, 5.0861,
        5.6824, 4.2645, 5.3999, 5.1087, 4.8322, 5.4718, 5.5888, 4.3433, 5.3230,
        6.2234, 5.0058, 5.4646, 4.3959, 5.1114, 5.1684, 5.2351, 5.9869, 4.9994,
        5.1359, 5.5763], grad_fn=<CatBackward>)]
[2019-02-26 14:54:13,702][INFO][epoch:13	loss:tensor(0.4566, device='cuda:0')]
[2019-02-26 14:54:14,094][INFO][LCC:tensor(0.0199, grad_fn=<DivBackward1>)]
[2019-02-26 14:54:14,095][INFO][Ground Truth:tensor([4.1290, 3.0526, 3.9412, 4.7209, 2.1628, 5.1429, 4.0286, 4.1667, 5.6129,
        2.5128, 5.2821, 5.1667, 5.8864, 6.0000, 5.5789, 6.4146, 6.8158, 2.4595,
        6.2432, 2.8421, 4.5833, 5.1282, 3.6216, 4.8125, 5.7500, 3.8857, 3.7949,
        4.4865, 2.6250, 5.0000, 5.5833, 2.8378, 3.7941, 4.7188, 3.6222, 2.9189,
        2.9231, 5.7436, 5.3684, 5.8667, 4.9512, 5.4048, 4.4419, 3.6154, 3.3684,
        3.7500, 3.4848, 4.0571, 5.3333, 5.0714, 5.0769, 5.6487, 5.8333, 4.3658,
        5.9444, 4.6487, 3.7568, 1.5946, 2.0000, 4.4722, 4.8000, 4.3077, 3.8857,
        4.0278, 3.3409, 4.1429, 3.7778, 2.0789, 5.5581, 2.7778, 3.5143, 3.6216,
        4.0789, 4.7714, 5.4634, 5.0976, 4.1579, 4.2619, 4.7368, 3.1707, 4.2162,
        5.1351, 4.5814, 4.9722, 6.3056, 3.1026, 5.7368, 5.7027, 4.8000, 4.8974,
        3.9474, 4.9167, 5.0476, 3.7436, 5.7714, 4.8409, 5.7209, 6.7879, 5.5405,
        5.8205, 4.7895])]
[2019-02-26 14:54:14,096][INFO][Predicted:tensor([5.4203, 5.7746, 4.8938, 5.4699, 5.6516, 4.9080, 4.8128, 5.3343, 5.4247,
        5.2188, 6.0039, 5.6717, 4.8896, 4.7242, 4.7275, 4.9233, 5.6038, 4.6258,
        5.5410, 5.1599, 5.3354, 5.1346, 4.9878, 5.3727, 5.7248, 5.1793, 4.4265,
        5.2053, 5.6653, 5.5314, 5.3649, 5.4078, 4.7534, 5.1027, 5.6646, 5.4568,
        6.0732, 4.9115, 6.0174, 5.1116, 5.0308, 5.0533, 5.5832, 5.5556, 3.6697,
        5.5515, 5.5619, 5.2180, 5.4201, 5.5302, 5.3674, 5.3381, 4.8371, 4.5885,
        5.1887, 5.1758, 6.0609, 5.2687, 4.3965, 5.6240, 5.6545, 5.5267, 5.5518,
        5.0401, 4.5978, 5.3051, 5.0162, 5.5411, 5.2559, 5.4415, 5.1982, 5.4188,
        5.2430, 5.1145, 5.1694, 5.7909, 5.1167, 5.0967, 5.1808, 5.3876, 5.1338,
        5.2794, 5.5283, 5.5602, 5.0579, 5.3595, 5.6657, 5.1911, 4.7841, 5.6906,
        6.7134, 5.4407, 4.7931, 5.4772, 5.2295, 5.3983, 5.4413, 5.4956, 5.6164,
        5.0757, 5.4920], grad_fn=<CatBackward>)]
[2019-02-26 14:54:29,124][INFO][epoch:14	loss:tensor(0.4502, device='cuda:0')]
[2019-02-26 14:54:29,532][INFO][LCC:tensor(0.1089, grad_fn=<DivBackward1>)]
[2019-02-26 14:54:29,533][INFO][Ground Truth:tensor([4.1290, 3.0526, 3.9412, 4.7209, 2.1628, 5.1429, 4.0286, 4.1667, 5.6129,
        2.5128, 5.2821, 5.1667, 5.8864, 6.0000, 5.5789, 6.4146, 6.8158, 2.4595,
        6.2432, 2.8421, 4.5833, 5.1282, 3.6216, 4.8125, 5.7500, 3.8857, 3.7949,
        4.4865, 2.6250, 5.0000, 5.5833, 2.8378, 3.7941, 4.7188, 3.6222, 2.9189,
        2.9231, 5.7436, 5.3684, 5.8667, 4.9512, 5.4048, 4.4419, 3.6154, 3.3684,
        3.7500, 3.4848, 4.0571, 5.3333, 5.0714, 5.0769, 5.6487, 5.8333, 4.3658,
        5.9444, 4.6487, 3.7568, 1.5946, 2.0000, 4.4722, 4.8000, 4.3077, 3.8857,
        4.0278, 3.3409, 4.1429, 3.7778, 2.0789, 5.5581, 2.7778, 3.5143, 3.6216,
        4.0789, 4.7714, 5.4634, 5.0976, 4.1579, 4.2619, 4.7368, 3.1707, 4.2162,
        5.1351, 4.5814, 4.9722, 6.3056, 3.1026, 5.7368, 5.7027, 4.8000, 4.8974,
        3.9474, 4.9167, 5.0476, 3.7436, 5.7714, 4.8409, 5.7209, 6.7879, 5.5405,
        5.8205, 4.7895])]
[2019-02-26 14:54:29,534][INFO][Predicted:tensor([5.4722, 5.6354, 4.7922, 5.0436, 5.0537, 4.7460, 4.5959, 5.1962, 5.4076,
        5.0484, 5.4876, 5.3118, 5.5699, 4.8803, 4.1688, 4.9988, 5.4323, 4.4713,
        5.5648, 5.1345, 5.3281, 5.2326, 5.1449, 5.4141, 5.1441, 4.9384, 3.8120,
        5.0667, 5.6356, 5.1135, 4.7513, 5.2105, 4.3066, 5.3485, 4.8148, 5.7504,
        5.6244, 5.6275, 5.4424, 5.1173, 5.0868, 5.1245, 5.4369, 5.4310, 3.4662,
        5.3465, 5.1145, 4.8312, 5.1338, 5.7455, 5.3656, 5.1888, 5.2106, 5.2347,
        4.8189, 5.5432, 5.6961, 5.0221, 4.8473, 5.4585, 4.7635, 5.5647, 5.2596,
        5.9313, 4.3214, 4.8993, 5.1329, 5.0010, 4.9054, 4.9757, 4.8958, 5.0816,
        5.5733, 4.8276, 5.0699, 5.0345, 5.2415, 5.1822, 4.6800, 5.0397, 5.2580,
        5.5221, 4.9840, 5.4384, 5.5137, 4.9276, 5.1445, 5.6310, 4.8415, 4.5271,
        5.8807, 5.0787, 5.1434, 4.4992, 4.7616, 4.9790, 4.7739, 5.1752, 5.0074,
        4.7087, 5.4737], grad_fn=<CatBackward>)]
[2019-02-26 14:54:44,749][INFO][epoch:15	loss:tensor(0.4472, device='cuda:0')]
[2019-02-26 14:54:45,137][INFO][LCC:tensor(0.1675, grad_fn=<DivBackward1>)]
[2019-02-26 14:54:45,138][INFO][Ground Truth:tensor([4.1290, 3.0526, 3.9412, 4.7209, 2.1628, 5.1429, 4.0286, 4.1667, 5.6129,
        2.5128, 5.2821, 5.1667, 5.8864, 6.0000, 5.5789, 6.4146, 6.8158, 2.4595,
        6.2432, 2.8421, 4.5833, 5.1282, 3.6216, 4.8125, 5.7500, 3.8857, 3.7949,
        4.4865, 2.6250, 5.0000, 5.5833, 2.8378, 3.7941, 4.7188, 3.6222, 2.9189,
        2.9231, 5.7436, 5.3684, 5.8667, 4.9512, 5.4048, 4.4419, 3.6154, 3.3684,
        3.7500, 3.4848, 4.0571, 5.3333, 5.0714, 5.0769, 5.6487, 5.8333, 4.3658,
        5.9444, 4.6487, 3.7568, 1.5946, 2.0000, 4.4722, 4.8000, 4.3077, 3.8857,
        4.0278, 3.3409, 4.1429, 3.7778, 2.0789, 5.5581, 2.7778, 3.5143, 3.6216,
        4.0789, 4.7714, 5.4634, 5.0976, 4.1579, 4.2619, 4.7368, 3.1707, 4.2162,
        5.1351, 4.5814, 4.9722, 6.3056, 3.1026, 5.7368, 5.7027, 4.8000, 4.8974,
        3.9474, 4.9167, 5.0476, 3.7436, 5.7714, 4.8409, 5.7209, 6.7879, 5.5405,
        5.8205, 4.7895])]
[2019-02-26 14:54:45,138][INFO][Predicted:tensor([5.1737, 5.1726, 4.7428, 5.5322, 5.2030, 4.5700, 4.8170, 5.1217, 5.5143,
        5.1641, 5.1487, 5.3690, 5.5833, 5.0736, 4.6620, 4.8302, 5.4016, 4.4918,
        5.8015, 5.0896, 4.7812, 4.9405, 4.7073, 5.2377, 5.3866, 5.2651, 4.2042,
        5.0442, 5.3809, 5.4153, 5.1105, 4.9914, 4.8283, 5.0443, 4.8759, 5.5919,
        5.4661, 5.3094, 4.9027, 5.1469, 5.4113, 5.5075, 5.5573, 5.2194, 3.8466,
        5.6805, 5.1933, 5.2572, 5.0643, 5.1780, 5.1747, 5.1576, 5.1727, 4.4503,
        5.3648, 4.7998, 5.5370, 5.2532, 4.8070, 5.5916, 5.3726, 5.4780, 5.7594,
        5.1616, 4.2501, 5.5384, 5.0065, 5.0870, 5.0983, 5.2316, 4.9805, 5.2019,
        5.3051, 4.9452, 4.9187, 5.3518, 5.6491, 5.1519, 4.8743, 5.2861, 5.2590,
        5.8897, 5.0227, 5.6815, 5.3011, 4.6676, 4.9451, 5.2118, 4.4795, 5.4538,
        6.1203, 5.3270, 5.7229, 4.8449, 5.0050, 5.1021, 5.0663, 5.6280, 5.5793,
        4.4597, 5.2690], grad_fn=<CatBackward>)]
[2019-02-26 14:55:00,092][INFO][epoch:16	loss:tensor(0.4566, device='cuda:0')]
[2019-02-26 14:55:00,488][INFO][LCC:tensor(0.0817, grad_fn=<DivBackward1>)]
[2019-02-26 14:55:00,488][INFO][Ground Truth:tensor([4.1290, 3.0526, 3.9412, 4.7209, 2.1628, 5.1429, 4.0286, 4.1667, 5.6129,
        2.5128, 5.2821, 5.1667, 5.8864, 6.0000, 5.5789, 6.4146, 6.8158, 2.4595,
        6.2432, 2.8421, 4.5833, 5.1282, 3.6216, 4.8125, 5.7500, 3.8857, 3.7949,
        4.4865, 2.6250, 5.0000, 5.5833, 2.8378, 3.7941, 4.7188, 3.6222, 2.9189,
        2.9231, 5.7436, 5.3684, 5.8667, 4.9512, 5.4048, 4.4419, 3.6154, 3.3684,
        3.7500, 3.4848, 4.0571, 5.3333, 5.0714, 5.0769, 5.6487, 5.8333, 4.3658,
        5.9444, 4.6487, 3.7568, 1.5946, 2.0000, 4.4722, 4.8000, 4.3077, 3.8857,
        4.0278, 3.3409, 4.1429, 3.7778, 2.0789, 5.5581, 2.7778, 3.5143, 3.6216,
        4.0789, 4.7714, 5.4634, 5.0976, 4.1579, 4.2619, 4.7368, 3.1707, 4.2162,
        5.1351, 4.5814, 4.9722, 6.3056, 3.1026, 5.7368, 5.7027, 4.8000, 4.8974,
        3.9474, 4.9167, 5.0476, 3.7436, 5.7714, 4.8409, 5.7209, 6.7879, 5.5405,
        5.8205, 4.7895])]
[2019-02-26 14:55:00,489][INFO][Predicted:tensor([5.1571, 5.3969, 5.2937, 4.9670, 5.5222, 4.7576, 4.6473, 4.7151, 5.3634,
        4.7526, 5.5736, 5.1202, 4.7226, 5.0983, 4.7518, 4.7099, 5.2307, 4.3817,
        5.1326, 4.7894, 4.8036, 5.0385, 5.2019, 5.3397, 5.0529, 5.2648, 4.2548,
        5.3787, 5.5299, 5.0973, 4.9174, 4.9454, 4.5710, 5.2935, 5.3432, 5.2463,
        5.3612, 5.0433, 5.2070, 5.3194, 4.9693, 5.2252, 5.3134, 5.2166, 3.7094,
        4.8660, 5.0585, 5.0339, 4.8097, 4.8756, 4.9656, 4.9761, 4.8910, 5.1470,
        5.1319, 5.0303, 5.1115, 5.0202, 5.2207, 4.7239, 4.5845, 4.9344, 4.8014,
        5.2741, 4.2238, 4.8401, 4.9983, 5.2122, 5.2734, 5.0910, 4.8275, 5.1378,
        4.7354, 4.9581, 5.0264, 5.0385, 5.2820, 5.0508, 5.3488, 4.9182, 4.9179,
        5.5233, 4.6319, 4.9005, 5.0815, 4.8192, 5.3669, 5.2589, 5.0048, 5.0458,
        6.4627, 4.8555, 4.9519, 5.0286, 5.4760, 5.7536, 4.8930, 5.1915, 4.9146,
        5.0162, 5.4814], grad_fn=<CatBackward>)]
[2019-02-26 14:55:15,417][INFO][epoch:17	loss:tensor(0.4418, device='cuda:0')]
[2019-02-26 14:55:15,815][INFO][LCC:tensor(0.0661, grad_fn=<DivBackward1>)]
[2019-02-26 14:55:15,815][INFO][Ground Truth:tensor([4.1290, 3.0526, 3.9412, 4.7209, 2.1628, 5.1429, 4.0286, 4.1667, 5.6129,
        2.5128, 5.2821, 5.1667, 5.8864, 6.0000, 5.5789, 6.4146, 6.8158, 2.4595,
        6.2432, 2.8421, 4.5833, 5.1282, 3.6216, 4.8125, 5.7500, 3.8857, 3.7949,
        4.4865, 2.6250, 5.0000, 5.5833, 2.8378, 3.7941, 4.7188, 3.6222, 2.9189,
        2.9231, 5.7436, 5.3684, 5.8667, 4.9512, 5.4048, 4.4419, 3.6154, 3.3684,
        3.7500, 3.4848, 4.0571, 5.3333, 5.0714, 5.0769, 5.6487, 5.8333, 4.3658,
        5.9444, 4.6487, 3.7568, 1.5946, 2.0000, 4.4722, 4.8000, 4.3077, 3.8857,
        4.0278, 3.3409, 4.1429, 3.7778, 2.0789, 5.5581, 2.7778, 3.5143, 3.6216,
        4.0789, 4.7714, 5.4634, 5.0976, 4.1579, 4.2619, 4.7368, 3.1707, 4.2162,
        5.1351, 4.5814, 4.9722, 6.3056, 3.1026, 5.7368, 5.7027, 4.8000, 4.8974,
        3.9474, 4.9167, 5.0476, 3.7436, 5.7714, 4.8409, 5.7209, 6.7879, 5.5405,
        5.8205, 4.7895])]
[2019-02-26 14:55:15,816][INFO][Predicted:tensor([6.0542, 5.7781, 5.4727, 5.8179, 5.9846, 5.2018, 5.7652, 5.0814, 5.7162,
        5.1544, 6.9929, 5.5518, 5.3442, 5.4831, 4.7367, 5.2177, 6.3357, 4.9222,
        6.0440, 5.0956, 5.8189, 5.6656, 5.2135, 5.6810, 4.5305, 5.6912, 4.2641,
        5.9480, 5.9464, 5.3291, 5.3203, 5.5336, 5.4211, 5.7719, 5.0749, 5.6550,
        5.7828, 5.0999, 5.1120, 5.1710, 4.8681, 5.0973, 6.0121, 6.1121, 3.9154,
        5.7032, 5.7482, 5.2136, 5.6820, 5.5325, 5.5550, 5.3897, 5.2148, 5.3402,
        5.2822, 5.7587, 6.6504, 5.3485, 4.7639, 5.0038, 5.5911, 5.0366, 6.2678,
        6.1336, 4.9061, 5.3549, 5.3070, 5.0613, 4.6604, 5.1922, 5.5977, 5.0507,
        5.5391, 5.2047, 5.2904, 5.5708, 5.9369, 5.5093, 5.7219, 5.3630, 5.2459,
        5.6672, 5.0339, 5.7991, 5.9836, 5.4058, 5.9052, 6.4285, 4.9166, 5.6776,
        7.6841, 5.0839, 5.7741, 5.1659, 4.9083, 5.7381, 5.0979, 5.9316, 4.7335,
        5.4824, 6.0582], grad_fn=<CatBackward>)]
[2019-02-26 14:55:30,794][INFO][epoch:18	loss:tensor(0.4436, device='cuda:0')]
[2019-02-26 14:55:31,192][INFO][LCC:tensor(0.1306, grad_fn=<DivBackward1>)]
[2019-02-26 14:55:31,193][INFO][Ground Truth:tensor([4.1290, 3.0526, 3.9412, 4.7209, 2.1628, 5.1429, 4.0286, 4.1667, 5.6129,
        2.5128, 5.2821, 5.1667, 5.8864, 6.0000, 5.5789, 6.4146, 6.8158, 2.4595,
        6.2432, 2.8421, 4.5833, 5.1282, 3.6216, 4.8125, 5.7500, 3.8857, 3.7949,
        4.4865, 2.6250, 5.0000, 5.5833, 2.8378, 3.7941, 4.7188, 3.6222, 2.9189,
        2.9231, 5.7436, 5.3684, 5.8667, 4.9512, 5.4048, 4.4419, 3.6154, 3.3684,
        3.7500, 3.4848, 4.0571, 5.3333, 5.0714, 5.0769, 5.6487, 5.8333, 4.3658,
        5.9444, 4.6487, 3.7568, 1.5946, 2.0000, 4.4722, 4.8000, 4.3077, 3.8857,
        4.0278, 3.3409, 4.1429, 3.7778, 2.0789, 5.5581, 2.7778, 3.5143, 3.6216,
        4.0789, 4.7714, 5.4634, 5.0976, 4.1579, 4.2619, 4.7368, 3.1707, 4.2162,
        5.1351, 4.5814, 4.9722, 6.3056, 3.1026, 5.7368, 5.7027, 4.8000, 4.8974,
        3.9474, 4.9167, 5.0476, 3.7436, 5.7714, 4.8409, 5.7209, 6.7879, 5.5405,
        5.8205, 4.7895])]
[2019-02-26 14:55:31,193][INFO][Predicted:tensor([5.2549, 5.4686, 4.9361, 5.2782, 5.2874, 6.0335, 5.1682, 5.0373, 5.2880,
        5.4503, 5.6820, 5.4407, 5.3292, 5.0332, 4.3072, 5.2411, 5.6273, 4.0331,
        5.4442, 5.7138, 5.2191, 4.7693, 5.4809, 5.5091, 5.3394, 4.7607, 4.2672,
        5.0511, 5.6747, 5.3436, 5.1132, 5.4872, 5.4597, 5.8018, 5.2234, 5.2458,
        5.4329, 5.5427, 4.7872, 5.1340, 5.9807, 5.2827, 5.5885, 5.1417, 3.5525,
        5.8355, 5.4656, 5.0925, 5.3917, 5.4462, 5.3859, 5.2858, 5.4249, 5.4836,
        4.9551, 5.1652, 5.4163, 5.1198, 4.3729, 5.5098, 5.4748, 5.9726, 5.9219,
        5.4543, 4.3763, 5.3367, 4.9711, 5.3219, 4.9182, 5.4466, 5.3049, 5.5370,
        5.4871, 5.0252, 5.5735, 5.2378, 5.2684, 5.1924, 5.4080, 5.0674, 5.1233,
        5.3751, 5.0407, 5.6415, 5.3158, 5.1636, 5.2571, 5.4575, 5.0285, 5.4655,
        6.1987, 5.3655, 5.2950, 5.3627, 4.5103, 5.0055, 5.0716, 5.4948, 5.4758,
        5.8123, 5.8905], grad_fn=<CatBackward>)]
[2019-02-26 14:55:46,167][INFO][epoch:19	loss:tensor(0.4304, device='cuda:0')]
[2019-02-26 14:55:46,571][INFO][LCC:tensor(0.0443, grad_fn=<DivBackward1>)]
[2019-02-26 14:55:46,572][INFO][Ground Truth:tensor([4.1290, 3.0526, 3.9412, 4.7209, 2.1628, 5.1429, 4.0286, 4.1667, 5.6129,
        2.5128, 5.2821, 5.1667, 5.8864, 6.0000, 5.5789, 6.4146, 6.8158, 2.4595,
        6.2432, 2.8421, 4.5833, 5.1282, 3.6216, 4.8125, 5.7500, 3.8857, 3.7949,
        4.4865, 2.6250, 5.0000, 5.5833, 2.8378, 3.7941, 4.7188, 3.6222, 2.9189,
        2.9231, 5.7436, 5.3684, 5.8667, 4.9512, 5.4048, 4.4419, 3.6154, 3.3684,
        3.7500, 3.4848, 4.0571, 5.3333, 5.0714, 5.0769, 5.6487, 5.8333, 4.3658,
        5.9444, 4.6487, 3.7568, 1.5946, 2.0000, 4.4722, 4.8000, 4.3077, 3.8857,
        4.0278, 3.3409, 4.1429, 3.7778, 2.0789, 5.5581, 2.7778, 3.5143, 3.6216,
        4.0789, 4.7714, 5.4634, 5.0976, 4.1579, 4.2619, 4.7368, 3.1707, 4.2162,
        5.1351, 4.5814, 4.9722, 6.3056, 3.1026, 5.7368, 5.7027, 4.8000, 4.8974,
        3.9474, 4.9167, 5.0476, 3.7436, 5.7714, 4.8409, 5.7209, 6.7879, 5.5405,
        5.8205, 4.7895])]
[2019-02-26 14:55:46,573][INFO][Predicted:tensor([5.4819, 5.2827, 5.0136, 5.0993, 5.4141, 5.3397, 5.1967, 5.0445, 4.8905,
        5.2925, 5.4453, 5.5987, 5.4144, 5.4373, 4.4007, 4.9542, 5.4438, 4.7852,
        5.3256, 5.4363, 5.4222, 4.8830, 5.1670, 5.5677, 5.3657, 5.4409, 4.1618,
        4.9989, 5.2086, 5.6014, 5.4168, 5.3743, 4.9462, 5.1710, 4.9974, 5.6806,
        5.7590, 5.2200, 5.3792, 5.0248, 4.7778, 4.9450, 5.2987, 5.1489, 3.6584,
        5.6430, 5.2073, 5.1306, 5.1967, 5.2675, 5.2728, 5.3294, 5.4795, 5.2468,
        5.1610, 5.6453, 5.7715, 5.1837, 4.8771, 5.4017, 5.0812, 5.5169, 5.5665,
        5.3497, 4.3882, 5.2170, 4.9957, 5.6351, 4.9228, 5.1882, 4.9566, 5.2444,
        5.1479, 5.1393, 5.5623, 5.9667, 5.6229, 4.8277, 5.0951, 5.4198, 4.9741,
        5.6070, 5.4996, 5.8897, 4.9827, 4.5748, 5.4422, 5.4104, 4.8860, 5.4649,
        6.2263, 5.2426, 5.2579, 5.7618, 4.8156, 4.9157, 5.2424, 4.9438, 5.1874,
        5.5981, 5.3024], grad_fn=<CatBackward>)]
[2019-02-26 14:56:01,506][INFO][epoch:20	loss:tensor(0.4094, device='cuda:0')]
[2019-02-26 14:56:01,890][INFO][LCC:tensor(0.0283, grad_fn=<DivBackward1>)]
[2019-02-26 14:56:01,891][INFO][Ground Truth:tensor([4.1290, 3.0526, 3.9412, 4.7209, 2.1628, 5.1429, 4.0286, 4.1667, 5.6129,
        2.5128, 5.2821, 5.1667, 5.8864, 6.0000, 5.5789, 6.4146, 6.8158, 2.4595,
        6.2432, 2.8421, 4.5833, 5.1282, 3.6216, 4.8125, 5.7500, 3.8857, 3.7949,
        4.4865, 2.6250, 5.0000, 5.5833, 2.8378, 3.7941, 4.7188, 3.6222, 2.9189,
        2.9231, 5.7436, 5.3684, 5.8667, 4.9512, 5.4048, 4.4419, 3.6154, 3.3684,
        3.7500, 3.4848, 4.0571, 5.3333, 5.0714, 5.0769, 5.6487, 5.8333, 4.3658,
        5.9444, 4.6487, 3.7568, 1.5946, 2.0000, 4.4722, 4.8000, 4.3077, 3.8857,
        4.0278, 3.3409, 4.1429, 3.7778, 2.0789, 5.5581, 2.7778, 3.5143, 3.6216,
        4.0789, 4.7714, 5.4634, 5.0976, 4.1579, 4.2619, 4.7368, 3.1707, 4.2162,
        5.1351, 4.5814, 4.9722, 6.3056, 3.1026, 5.7368, 5.7027, 4.8000, 4.8974,
        3.9474, 4.9167, 5.0476, 3.7436, 5.7714, 4.8409, 5.7209, 6.7879, 5.5405,
        5.8205, 4.7895])]
[2019-02-26 14:56:01,892][INFO][Predicted:tensor([5.7718, 5.6409, 5.2374, 5.5004, 5.3557, 5.3848, 5.4177, 5.1423, 5.1924,
        5.3458, 5.5976, 5.3636, 5.1379, 5.5554, 4.7144, 5.1695, 5.7124, 5.1128,
        5.5500, 5.5222, 5.4118, 5.3969, 5.3072, 5.3757, 5.0712, 5.3481, 4.7147,
        5.4511, 5.7696, 5.6132, 5.2322, 5.3661, 5.1673, 5.2895, 5.4965, 5.4306,
        5.8715, 4.9704, 5.4411, 5.4728, 5.0570, 5.2221, 5.5346, 5.1443, 4.1171,
        5.5485, 5.6030, 5.3369, 5.5235, 5.5224, 5.4698, 4.8762, 5.0772, 5.0477,
        5.4623, 5.6333, 5.7820, 5.2024, 5.1100, 5.2395, 5.0544, 5.5254, 5.5737,
        4.9447, 4.5985, 5.1705, 5.2840, 5.3209, 5.2099, 5.1301, 5.1517, 5.1407,
        5.0253, 5.0893, 5.3575, 5.3631, 5.7159, 5.2967, 5.3940, 5.4378, 5.2433,
        5.4208, 5.2587, 5.5610, 5.1992, 5.2590, 5.5541, 5.3179, 4.9172, 5.3076,
        6.4473, 5.1560, 5.0653, 4.8163, 5.0197, 5.1831, 5.5889, 5.3740, 5.1187,
        5.8959, 5.6506], grad_fn=<CatBackward>)]
[2019-02-26 14:56:16,853][INFO][epoch:21	loss:tensor(0.4286, device='cuda:0')]
[2019-02-26 14:56:17,286][INFO][LCC:tensor(0.1543, grad_fn=<DivBackward1>)]
[2019-02-26 14:56:17,287][INFO][Ground Truth:tensor([4.1290, 3.0526, 3.9412, 4.7209, 2.1628, 5.1429, 4.0286, 4.1667, 5.6129,
        2.5128, 5.2821, 5.1667, 5.8864, 6.0000, 5.5789, 6.4146, 6.8158, 2.4595,
        6.2432, 2.8421, 4.5833, 5.1282, 3.6216, 4.8125, 5.7500, 3.8857, 3.7949,
        4.4865, 2.6250, 5.0000, 5.5833, 2.8378, 3.7941, 4.7188, 3.6222, 2.9189,
        2.9231, 5.7436, 5.3684, 5.8667, 4.9512, 5.4048, 4.4419, 3.6154, 3.3684,
        3.7500, 3.4848, 4.0571, 5.3333, 5.0714, 5.0769, 5.6487, 5.8333, 4.3658,
        5.9444, 4.6487, 3.7568, 1.5946, 2.0000, 4.4722, 4.8000, 4.3077, 3.8857,
        4.0278, 3.3409, 4.1429, 3.7778, 2.0789, 5.5581, 2.7778, 3.5143, 3.6216,
        4.0789, 4.7714, 5.4634, 5.0976, 4.1579, 4.2619, 4.7368, 3.1707, 4.2162,
        5.1351, 4.5814, 4.9722, 6.3056, 3.1026, 5.7368, 5.7027, 4.8000, 4.8974,
        3.9474, 4.9167, 5.0476, 3.7436, 5.7714, 4.8409, 5.7209, 6.7879, 5.5405,
        5.8205, 4.7895])]
[2019-02-26 14:56:17,288][INFO][Predicted:tensor([5.2605, 5.1191, 4.2785, 5.3562, 5.5425, 5.4998, 4.7435, 4.9720, 5.2611,
        5.0640, 5.6119, 5.4379, 5.3149, 5.0156, 4.7274, 5.5703, 5.4858, 5.0410,
        5.4054, 5.3654, 5.0505, 5.1586, 5.4001, 5.2718, 5.3170, 4.9376, 4.6360,
        5.3249, 5.5047, 5.2628, 5.3205, 5.4819, 5.2949, 5.4666, 4.6012, 5.5866,
        5.7165, 5.3930, 6.0553, 5.2531, 5.0365, 4.8736, 6.0000, 4.5933, 4.2049,
        5.5326, 5.3252, 5.2679, 5.1247, 5.3421, 5.4652, 5.2396, 5.5758, 5.1466,
        5.0786, 5.3444, 5.6849, 5.1938, 4.8886, 5.5040, 5.3348, 5.2615, 5.4169,
        5.2189, 4.6652, 5.4120, 4.5309, 5.3916, 4.7752, 5.0273, 5.2267, 5.3301,
        5.3102, 5.1634, 5.2926, 5.5151, 5.2839, 5.1920, 5.2751, 5.1742, 4.9738,
        5.1411, 5.3347, 5.5477, 5.5387, 5.1968, 5.2498, 5.2680, 4.9443, 5.7422,
        6.3007, 5.4337, 5.0836, 4.9208, 5.0708, 5.4439, 5.2226, 5.3235, 5.2255,
        5.4152, 5.4908], grad_fn=<CatBackward>)]
[2019-02-26 14:56:32,420][INFO][epoch:22	loss:tensor(0.4194, device='cuda:0')]
[2019-02-26 14:56:32,834][INFO][LCC:tensor(0.1023, grad_fn=<DivBackward1>)]
[2019-02-26 14:56:32,835][INFO][Ground Truth:tensor([4.1290, 3.0526, 3.9412, 4.7209, 2.1628, 5.1429, 4.0286, 4.1667, 5.6129,
        2.5128, 5.2821, 5.1667, 5.8864, 6.0000, 5.5789, 6.4146, 6.8158, 2.4595,
        6.2432, 2.8421, 4.5833, 5.1282, 3.6216, 4.8125, 5.7500, 3.8857, 3.7949,
        4.4865, 2.6250, 5.0000, 5.5833, 2.8378, 3.7941, 4.7188, 3.6222, 2.9189,
        2.9231, 5.7436, 5.3684, 5.8667, 4.9512, 5.4048, 4.4419, 3.6154, 3.3684,
        3.7500, 3.4848, 4.0571, 5.3333, 5.0714, 5.0769, 5.6487, 5.8333, 4.3658,
        5.9444, 4.6487, 3.7568, 1.5946, 2.0000, 4.4722, 4.8000, 4.3077, 3.8857,
        4.0278, 3.3409, 4.1429, 3.7778, 2.0789, 5.5581, 2.7778, 3.5143, 3.6216,
        4.0789, 4.7714, 5.4634, 5.0976, 4.1579, 4.2619, 4.7368, 3.1707, 4.2162,
        5.1351, 4.5814, 4.9722, 6.3056, 3.1026, 5.7368, 5.7027, 4.8000, 4.8974,
        3.9474, 4.9167, 5.0476, 3.7436, 5.7714, 4.8409, 5.7209, 6.7879, 5.5405,
        5.8205, 4.7895])]
[2019-02-26 14:56:32,835][INFO][Predicted:tensor([5.4220, 5.7573, 5.2512, 4.8697, 5.1290, 4.8866, 5.4232, 5.1840, 5.4750,
        5.6992, 6.0840, 5.4375, 4.9105, 5.4161, 4.8287, 5.5730, 5.7954, 5.0627,
        5.8246, 5.8693, 5.5091, 5.3231, 5.3287, 5.3310, 5.9828, 5.2820, 4.5810,
        5.5634, 5.6700, 5.7246, 5.0296, 5.3506, 4.1782, 5.5192, 5.1648, 5.8647,
        5.5257, 5.5800, 5.9491, 5.2435, 5.4467, 5.4667, 5.5475, 5.4969, 4.1847,
        5.9398, 5.6192, 4.9829, 5.6255, 5.2208, 5.4950, 5.2205, 5.6396, 5.2127,
        5.0747, 5.8099, 6.0314, 5.6052, 5.0782, 6.0112, 5.4668, 6.0428, 6.0211,
        5.8298, 4.7070, 5.4413, 5.0679, 4.9013, 5.6473, 5.6939, 5.8148, 5.7382,
        5.8892, 5.0754, 5.2378, 5.4875, 5.7902, 5.3138, 5.6617, 5.5402, 4.9326,
        5.7993, 5.5529, 5.6171, 5.8171, 5.1451, 5.5532, 5.6247, 4.9663, 5.3752,
        6.8526, 5.6224, 5.2903, 5.1132, 4.9611, 5.8003, 5.6213, 5.6574, 5.7614,
        5.4015, 5.7844], grad_fn=<CatBackward>)]
[2019-02-26 14:56:47,780][INFO][epoch:23	loss:tensor(0.4131, device='cuda:0')]
[2019-02-26 14:56:48,173][INFO][LCC:tensor(0.1841, grad_fn=<DivBackward1>)]
[2019-02-26 14:56:48,174][INFO][Ground Truth:tensor([4.1290, 3.0526, 3.9412, 4.7209, 2.1628, 5.1429, 4.0286, 4.1667, 5.6129,
        2.5128, 5.2821, 5.1667, 5.8864, 6.0000, 5.5789, 6.4146, 6.8158, 2.4595,
        6.2432, 2.8421, 4.5833, 5.1282, 3.6216, 4.8125, 5.7500, 3.8857, 3.7949,
        4.4865, 2.6250, 5.0000, 5.5833, 2.8378, 3.7941, 4.7188, 3.6222, 2.9189,
        2.9231, 5.7436, 5.3684, 5.8667, 4.9512, 5.4048, 4.4419, 3.6154, 3.3684,
        3.7500, 3.4848, 4.0571, 5.3333, 5.0714, 5.0769, 5.6487, 5.8333, 4.3658,
        5.9444, 4.6487, 3.7568, 1.5946, 2.0000, 4.4722, 4.8000, 4.3077, 3.8857,
        4.0278, 3.3409, 4.1429, 3.7778, 2.0789, 5.5581, 2.7778, 3.5143, 3.6216,
        4.0789, 4.7714, 5.4634, 5.0976, 4.1579, 4.2619, 4.7368, 3.1707, 4.2162,
        5.1351, 4.5814, 4.9722, 6.3056, 3.1026, 5.7368, 5.7027, 4.8000, 4.8974,
        3.9474, 4.9167, 5.0476, 3.7436, 5.7714, 4.8409, 5.7209, 6.7879, 5.5405,
        5.8205, 4.7895])]
[2019-02-26 14:56:48,175][INFO][Predicted:tensor([5.1573, 5.3215, 4.8817, 4.7950, 5.4660, 5.0748, 4.8329, 4.7871, 5.0453,
        5.0699, 4.8860, 5.2046, 4.8474, 5.1069, 4.4566, 5.5420, 5.4467, 4.8649,
        5.8218, 4.9098, 5.0643, 5.1620, 5.2766, 5.4856, 5.2416, 4.6473, 3.8593,
        5.2978, 5.0474, 5.2595, 5.1507, 5.0546, 5.0213, 5.0205, 5.3370, 5.4071,
        5.8517, 5.3068, 4.8465, 5.3936, 4.9576, 4.9465, 5.2752, 4.8408, 3.6978,
        5.0556, 4.7042, 5.0485, 4.7443, 5.0268, 5.2101, 5.1682, 5.2709, 5.0846,
        4.7992, 5.6672, 5.4731, 4.7381, 5.1483, 5.1727, 5.2405, 4.4281, 5.4280,
        5.8031, 4.6312, 4.7874, 4.9431, 5.0208, 5.4501, 5.4581, 4.8680, 4.9937,
        5.1202, 5.3041, 5.3860, 4.8609, 5.2401, 5.0362, 4.9839, 5.0647, 4.9603,
        5.1549, 4.6339, 5.3640, 5.2692, 4.5079, 5.2034, 5.4506, 5.4189, 5.1235,
        5.6469, 5.2556, 5.0093, 5.0911, 5.0921, 4.5349, 4.9619, 5.4447, 5.0284,
        5.1152, 5.0358], grad_fn=<CatBackward>)]
[2019-02-26 14:57:03,069][INFO][epoch:24	loss:tensor(0.4301, device='cuda:0')]
[2019-02-26 14:57:03,485][INFO][LCC:tensor(0.1958, grad_fn=<DivBackward1>)]
[2019-02-26 14:57:03,486][INFO][Ground Truth:tensor([4.1290, 3.0526, 3.9412, 4.7209, 2.1628, 5.1429, 4.0286, 4.1667, 5.6129,
        2.5128, 5.2821, 5.1667, 5.8864, 6.0000, 5.5789, 6.4146, 6.8158, 2.4595,
        6.2432, 2.8421, 4.5833, 5.1282, 3.6216, 4.8125, 5.7500, 3.8857, 3.7949,
        4.4865, 2.6250, 5.0000, 5.5833, 2.8378, 3.7941, 4.7188, 3.6222, 2.9189,
        2.9231, 5.7436, 5.3684, 5.8667, 4.9512, 5.4048, 4.4419, 3.6154, 3.3684,
        3.7500, 3.4848, 4.0571, 5.3333, 5.0714, 5.0769, 5.6487, 5.8333, 4.3658,
        5.9444, 4.6487, 3.7568, 1.5946, 2.0000, 4.4722, 4.8000, 4.3077, 3.8857,
        4.0278, 3.3409, 4.1429, 3.7778, 2.0789, 5.5581, 2.7778, 3.5143, 3.6216,
        4.0789, 4.7714, 5.4634, 5.0976, 4.1579, 4.2619, 4.7368, 3.1707, 4.2162,
        5.1351, 4.5814, 4.9722, 6.3056, 3.1026, 5.7368, 5.7027, 4.8000, 4.8974,
        3.9474, 4.9167, 5.0476, 3.7436, 5.7714, 4.8409, 5.7209, 6.7879, 5.5405,
        5.8205, 4.7895])]
[2019-02-26 14:57:03,486][INFO][Predicted:tensor([5.0759, 4.9359, 4.7369, 5.1416, 4.8091, 5.1443, 4.6781, 5.1125, 5.4757,
        4.6228, 5.2758, 5.3362, 4.9082, 5.0368, 4.5045, 5.2214, 4.9725, 4.3538,
        5.8649, 5.0542, 5.2442, 5.2841, 5.2401, 5.3908, 5.0618, 5.1906, 4.0688,
        4.8318, 5.5400, 5.4276, 5.1025, 5.2491, 4.4180, 5.2752, 4.8920, 5.6561,
        5.4846, 4.3261, 5.2607, 5.3071, 5.3652, 4.9381, 5.3961, 4.7459, 3.8121,
        5.4366, 5.0809, 5.1990, 5.0573, 5.1611, 4.7871, 5.2118, 5.0278, 4.9534,
        5.0891, 5.1686, 5.3742, 5.3401, 4.2687, 5.2814, 4.8293, 5.3171, 5.4397,
        5.2054, 4.1998, 4.7645, 4.7594, 5.2514, 5.0979, 5.3264, 5.4846, 5.1683,
        4.9889, 5.1097, 5.2361, 5.2035, 5.2390, 5.0872, 4.6982, 5.1354, 4.7106,
        5.2819, 5.0201, 5.6280, 5.5271, 5.1069, 5.1223, 5.4746, 4.8144, 5.4751,
        5.9193, 5.0620, 5.3490, 5.0975, 5.2977, 5.0817, 4.9728, 5.2524, 5.0986,
        5.1848, 5.3646], grad_fn=<CatBackward>)]
[2019-02-26 14:57:18,527][INFO][epoch:25	loss:tensor(0.4160, device='cuda:0')]
[2019-02-26 14:57:18,918][INFO][LCC:tensor(0.0200, grad_fn=<DivBackward1>)]
[2019-02-26 14:57:18,918][INFO][Ground Truth:tensor([4.1290, 3.0526, 3.9412, 4.7209, 2.1628, 5.1429, 4.0286, 4.1667, 5.6129,
        2.5128, 5.2821, 5.1667, 5.8864, 6.0000, 5.5789, 6.4146, 6.8158, 2.4595,
        6.2432, 2.8421, 4.5833, 5.1282, 3.6216, 4.8125, 5.7500, 3.8857, 3.7949,
        4.4865, 2.6250, 5.0000, 5.5833, 2.8378, 3.7941, 4.7188, 3.6222, 2.9189,
        2.9231, 5.7436, 5.3684, 5.8667, 4.9512, 5.4048, 4.4419, 3.6154, 3.3684,
        3.7500, 3.4848, 4.0571, 5.3333, 5.0714, 5.0769, 5.6487, 5.8333, 4.3658,
        5.9444, 4.6487, 3.7568, 1.5946, 2.0000, 4.4722, 4.8000, 4.3077, 3.8857,
        4.0278, 3.3409, 4.1429, 3.7778, 2.0789, 5.5581, 2.7778, 3.5143, 3.6216,
        4.0789, 4.7714, 5.4634, 5.0976, 4.1579, 4.2619, 4.7368, 3.1707, 4.2162,
        5.1351, 4.5814, 4.9722, 6.3056, 3.1026, 5.7368, 5.7027, 4.8000, 4.8974,
        3.9474, 4.9167, 5.0476, 3.7436, 5.7714, 4.8409, 5.7209, 6.7879, 5.5405,
        5.8205, 4.7895])]
[2019-02-26 14:57:18,919][INFO][Predicted:tensor([5.6493, 6.0124, 5.2814, 5.7072, 5.3327, 5.9523, 5.5364, 4.9319, 5.4419,
        5.3856, 5.3056, 5.6369, 5.1055, 6.1732, 4.6343, 5.5924, 5.8257, 5.1539,
        5.7237, 5.4331, 5.1956, 5.4467, 5.1226, 5.1974, 5.2791, 5.3928, 4.5181,
        5.3439, 5.4503, 5.5820, 4.9586, 5.3728, 4.6248, 5.1750, 5.3721, 6.1221,
        5.4588, 4.9347, 5.2949, 5.2334, 5.4113, 5.5400, 5.5881, 5.5216, 4.5528,
        5.9314, 5.5433, 5.2465, 5.1532, 5.1509, 5.6010, 5.1488, 5.9319, 5.8550,
        5.3656, 5.8870, 5.8871, 5.3335, 5.1965, 5.0399, 5.6131, 5.2155, 5.6259,
        5.2066, 5.1095, 5.2230, 5.4174, 6.1777, 5.2708, 5.6480, 5.0970, 5.1798,
        5.0195, 5.2730, 5.1726, 5.6680, 5.6792, 5.3127, 5.7449, 5.5157, 5.0785,
        5.5639, 5.3889, 5.4971, 4.9876, 5.4397, 5.2961, 5.5708, 4.7469, 5.7062,
        5.7548, 5.2510, 5.4972, 5.3568, 5.1427, 5.4882, 5.3328, 6.2282, 5.1073,
        5.3662, 5.7270], grad_fn=<CatBackward>)]
[2019-02-26 14:57:34,126][INFO][epoch:26	loss:tensor(0.4238, device='cuda:0')]
[2019-02-26 14:57:34,530][INFO][LCC:tensor(0.1314, grad_fn=<DivBackward1>)]
[2019-02-26 14:57:34,530][INFO][Ground Truth:tensor([4.1290, 3.0526, 3.9412, 4.7209, 2.1628, 5.1429, 4.0286, 4.1667, 5.6129,
        2.5128, 5.2821, 5.1667, 5.8864, 6.0000, 5.5789, 6.4146, 6.8158, 2.4595,
        6.2432, 2.8421, 4.5833, 5.1282, 3.6216, 4.8125, 5.7500, 3.8857, 3.7949,
        4.4865, 2.6250, 5.0000, 5.5833, 2.8378, 3.7941, 4.7188, 3.6222, 2.9189,
        2.9231, 5.7436, 5.3684, 5.8667, 4.9512, 5.4048, 4.4419, 3.6154, 3.3684,
        3.7500, 3.4848, 4.0571, 5.3333, 5.0714, 5.0769, 5.6487, 5.8333, 4.3658,
        5.9444, 4.6487, 3.7568, 1.5946, 2.0000, 4.4722, 4.8000, 4.3077, 3.8857,
        4.0278, 3.3409, 4.1429, 3.7778, 2.0789, 5.5581, 2.7778, 3.5143, 3.6216,
        4.0789, 4.7714, 5.4634, 5.0976, 4.1579, 4.2619, 4.7368, 3.1707, 4.2162,
        5.1351, 4.5814, 4.9722, 6.3056, 3.1026, 5.7368, 5.7027, 4.8000, 4.8974,
        3.9474, 4.9167, 5.0476, 3.7436, 5.7714, 4.8409, 5.7209, 6.7879, 5.5405,
        5.8205, 4.7895])]
[2019-02-26 14:57:34,531][INFO][Predicted:tensor([5.8369, 5.7401, 5.5821, 5.7355, 5.6812, 5.7449, 5.8380, 5.4798, 5.9382,
        6.0664, 5.7029, 5.7698, 5.0391, 5.4447, 5.0550, 4.9599, 5.8516, 4.6371,
        6.1680, 5.5094, 5.5369, 5.5382, 5.6499, 6.0339, 5.6633, 6.0213, 4.3678,
        5.4059, 5.8198, 5.5237, 5.2968, 5.4704, 4.8960, 5.6873, 5.7373, 5.6031,
        6.0131, 5.4079, 5.3683, 5.7530, 5.1184, 5.8205, 5.7775, 5.4047, 4.2701,
        5.8238, 5.6516, 5.5130, 5.6381, 5.5041, 5.5475, 5.6365, 5.5708, 6.2077,
        5.5872, 6.2483, 5.7340, 5.3178, 4.8289, 5.8285, 5.0185, 5.7421, 5.6365,
        5.6206, 4.5628, 5.7739, 5.4150, 5.6938, 5.4951, 5.3485, 5.5624, 6.1338,
        5.3050, 5.4357, 5.4573, 5.2355, 6.2636, 5.5452, 5.2381, 5.5385, 5.2453,
        6.0351, 6.2012, 5.7465, 5.7620, 5.0820, 5.4119, 6.3121, 4.5589, 5.7605,
        5.9263, 5.7277, 5.9763, 5.3075, 5.8436, 5.4621, 5.6508, 5.0959, 5.7220,
        5.8639, 5.6231], grad_fn=<CatBackward>)]
[2019-02-26 14:57:49,594][INFO][epoch:27	loss:tensor(0.4206, device='cuda:0')]
[2019-02-26 14:57:49,999][INFO][LCC:tensor(0.1363, grad_fn=<DivBackward1>)]
[2019-02-26 14:57:50,000][INFO][Ground Truth:tensor([4.1290, 3.0526, 3.9412, 4.7209, 2.1628, 5.1429, 4.0286, 4.1667, 5.6129,
        2.5128, 5.2821, 5.1667, 5.8864, 6.0000, 5.5789, 6.4146, 6.8158, 2.4595,
        6.2432, 2.8421, 4.5833, 5.1282, 3.6216, 4.8125, 5.7500, 3.8857, 3.7949,
        4.4865, 2.6250, 5.0000, 5.5833, 2.8378, 3.7941, 4.7188, 3.6222, 2.9189,
        2.9231, 5.7436, 5.3684, 5.8667, 4.9512, 5.4048, 4.4419, 3.6154, 3.3684,
        3.7500, 3.4848, 4.0571, 5.3333, 5.0714, 5.0769, 5.6487, 5.8333, 4.3658,
        5.9444, 4.6487, 3.7568, 1.5946, 2.0000, 4.4722, 4.8000, 4.3077, 3.8857,
        4.0278, 3.3409, 4.1429, 3.7778, 2.0789, 5.5581, 2.7778, 3.5143, 3.6216,
        4.0789, 4.7714, 5.4634, 5.0976, 4.1579, 4.2619, 4.7368, 3.1707, 4.2162,
        5.1351, 4.5814, 4.9722, 6.3056, 3.1026, 5.7368, 5.7027, 4.8000, 4.8974,
        3.9474, 4.9167, 5.0476, 3.7436, 5.7714, 4.8409, 5.7209, 6.7879, 5.5405,
        5.8205, 4.7895])]
[2019-02-26 14:57:50,000][INFO][Predicted:tensor([5.6056, 5.9982, 5.4471, 5.3091, 5.5898, 4.7275, 5.3235, 5.3771, 5.8827,
        5.2164, 6.4059, 5.6603, 5.4005, 5.5563, 4.9456, 4.7576, 5.7487, 5.4767,
        5.8152, 5.4707, 5.9056, 5.4269, 5.6437, 5.7470, 5.5386, 5.5176, 4.0822,
        5.6497, 5.5950, 5.0761, 5.3677, 5.3218, 5.4139, 5.6249, 5.3269, 5.5566,
        6.1063, 5.2136, 5.2831, 5.3689, 5.0805, 5.5870, 5.7953, 5.0911, 4.1132,
        5.6993, 5.2933, 5.4244, 5.3378, 5.7905, 5.4025, 5.3481, 5.7688, 5.4085,
        5.3472, 5.3924, 5.7928, 5.1957, 4.9121, 5.4486, 5.3070, 5.1914, 6.0362,
        5.3403, 4.5307, 5.1988, 4.9649, 5.2041, 5.5396, 5.0745, 5.7959, 5.6150,
        4.9157, 5.3969, 5.5413, 5.6597, 5.6266, 5.5161, 5.7416, 5.4759, 5.1532,
        5.6175, 5.1456, 5.6523, 5.6738, 5.3156, 6.1354, 5.8427, 4.8997, 5.7208,
        6.4898, 5.6063, 5.5053, 5.0706, 4.7756, 5.1471, 5.4240, 5.3921, 5.4459,
        5.4702, 5.6993], grad_fn=<CatBackward>)]
[2019-02-26 14:58:05,252][INFO][epoch:28	loss:tensor(0.4243, device='cuda:0')]
[2019-02-26 14:58:05,661][INFO][LCC:tensor(0.1469, grad_fn=<DivBackward1>)]
[2019-02-26 14:58:05,661][INFO][Ground Truth:tensor([4.1290, 3.0526, 3.9412, 4.7209, 2.1628, 5.1429, 4.0286, 4.1667, 5.6129,
        2.5128, 5.2821, 5.1667, 5.8864, 6.0000, 5.5789, 6.4146, 6.8158, 2.4595,
        6.2432, 2.8421, 4.5833, 5.1282, 3.6216, 4.8125, 5.7500, 3.8857, 3.7949,
        4.4865, 2.6250, 5.0000, 5.5833, 2.8378, 3.7941, 4.7188, 3.6222, 2.9189,
        2.9231, 5.7436, 5.3684, 5.8667, 4.9512, 5.4048, 4.4419, 3.6154, 3.3684,
        3.7500, 3.4848, 4.0571, 5.3333, 5.0714, 5.0769, 5.6487, 5.8333, 4.3658,
        5.9444, 4.6487, 3.7568, 1.5946, 2.0000, 4.4722, 4.8000, 4.3077, 3.8857,
        4.0278, 3.3409, 4.1429, 3.7778, 2.0789, 5.5581, 2.7778, 3.5143, 3.6216,
        4.0789, 4.7714, 5.4634, 5.0976, 4.1579, 4.2619, 4.7368, 3.1707, 4.2162,
        5.1351, 4.5814, 4.9722, 6.3056, 3.1026, 5.7368, 5.7027, 4.8000, 4.8974,
        3.9474, 4.9167, 5.0476, 3.7436, 5.7714, 4.8409, 5.7209, 6.7879, 5.5405,
        5.8205, 4.7895])]
[2019-02-26 14:58:05,662][INFO][Predicted:tensor([5.7214, 5.2208, 5.4618, 5.2168, 5.4933, 5.5274, 5.2068, 5.0385, 5.4094,
        5.2589, 5.8355, 5.2896, 5.3479, 5.2545, 4.6429, 4.8837, 5.2059, 4.9348,
        6.2407, 5.2687, 5.4107, 5.7905, 5.5156, 5.2484, 5.1674, 5.7187, 4.1971,
        5.6003, 5.6232, 5.2298, 5.2733, 5.0986, 4.9018, 5.6186, 4.8343, 5.4641,
        5.8160, 5.2400, 5.0206, 5.3825, 5.4005, 5.0761, 5.5082, 5.3751, 4.3352,
        5.4333, 5.3800, 5.2502, 5.6740, 5.4775, 4.8843, 5.2622, 5.4698, 5.2318,
        5.6616, 5.9051, 5.7009, 5.0761, 4.7144, 4.9878, 5.3817, 5.8504, 5.3780,
        5.3046, 4.5849, 5.1466, 5.0278, 4.9936, 5.2435, 4.9233, 5.0575, 5.0448,
        5.1788, 4.9966, 4.7875, 5.3065, 6.1712, 5.1218, 5.4694, 4.7038, 5.4614,
        5.5998, 5.4041, 5.4912, 5.0995, 5.3864, 5.0216, 5.6450, 5.3136, 5.4730,
        6.0934, 4.8464, 5.4317, 5.5468, 4.9355, 4.7155, 5.0881, 5.8541, 4.9744,
        5.1923, 5.3749], grad_fn=<CatBackward>)]
[2019-02-26 14:58:20,766][INFO][epoch:29	loss:tensor(0.4198, device='cuda:0')]
[2019-02-26 14:58:21,169][INFO][LCC:tensor(0.0079, grad_fn=<DivBackward1>)]
[2019-02-26 14:58:21,169][INFO][Ground Truth:tensor([4.1290, 3.0526, 3.9412, 4.7209, 2.1628, 5.1429, 4.0286, 4.1667, 5.6129,
        2.5128, 5.2821, 5.1667, 5.8864, 6.0000, 5.5789, 6.4146, 6.8158, 2.4595,
        6.2432, 2.8421, 4.5833, 5.1282, 3.6216, 4.8125, 5.7500, 3.8857, 3.7949,
        4.4865, 2.6250, 5.0000, 5.5833, 2.8378, 3.7941, 4.7188, 3.6222, 2.9189,
        2.9231, 5.7436, 5.3684, 5.8667, 4.9512, 5.4048, 4.4419, 3.6154, 3.3684,
        3.7500, 3.4848, 4.0571, 5.3333, 5.0714, 5.0769, 5.6487, 5.8333, 4.3658,
        5.9444, 4.6487, 3.7568, 1.5946, 2.0000, 4.4722, 4.8000, 4.3077, 3.8857,
        4.0278, 3.3409, 4.1429, 3.7778, 2.0789, 5.5581, 2.7778, 3.5143, 3.6216,
        4.0789, 4.7714, 5.4634, 5.0976, 4.1579, 4.2619, 4.7368, 3.1707, 4.2162,
        5.1351, 4.5814, 4.9722, 6.3056, 3.1026, 5.7368, 5.7027, 4.8000, 4.8974,
        3.9474, 4.9167, 5.0476, 3.7436, 5.7714, 4.8409, 5.7209, 6.7879, 5.5405,
        5.8205, 4.7895])]
[2019-02-26 14:58:21,170][INFO][Predicted:tensor([5.4892, 5.5503, 5.1838, 5.4446, 5.8314, 4.8983, 5.2480, 5.0036, 5.4844,
        5.2974, 5.8289, 5.4574, 5.6542, 5.3945, 4.3189, 4.8520, 5.7894, 5.2390,
        5.7672, 5.2276, 5.4063, 4.9474, 5.0321, 5.5566, 5.4258, 5.3139, 4.3911,
        5.5413, 5.5823, 5.6986, 5.4511, 5.4402, 5.2714, 5.3196, 5.1158, 5.9068,
        5.2913, 5.7554, 5.3783, 4.8595, 5.2205, 5.1992, 5.3124, 5.2147, 3.9911,
        5.8484, 5.6343, 5.3118, 5.3141, 5.6446, 5.2454, 5.4677, 5.2528, 5.0441,
        5.1863, 5.6927, 5.5982, 5.4418, 4.9948, 5.3524, 5.4338, 5.2813, 6.3321,
        5.2603, 4.6735, 5.0527, 5.3333, 5.5065, 5.6664, 5.4481, 5.6545, 5.5239,
        5.1990, 5.3354, 5.2459, 5.0524, 5.4387, 5.2812, 5.4255, 5.2831, 5.0889,
        5.5866, 5.0275, 5.4378, 5.1814, 5.6111, 5.1623, 5.4549, 4.6235, 5.1290,
        5.8775, 5.6220, 5.4475, 4.8551, 5.1957, 5.2114, 5.4924, 5.4745, 5.3950,
        5.3703, 5.6975], grad_fn=<CatBackward>)]
[2019-02-26 14:58:36,207][INFO][epoch:30	loss:tensor(0.4030, device='cuda:0')]
[2019-02-26 14:58:36,598][INFO][LCC:tensor(0.1484, grad_fn=<DivBackward1>)]
[2019-02-26 14:58:36,599][INFO][Ground Truth:tensor([4.1290, 3.0526, 3.9412, 4.7209, 2.1628, 5.1429, 4.0286, 4.1667, 5.6129,
        2.5128, 5.2821, 5.1667, 5.8864, 6.0000, 5.5789, 6.4146, 6.8158, 2.4595,
        6.2432, 2.8421, 4.5833, 5.1282, 3.6216, 4.8125, 5.7500, 3.8857, 3.7949,
        4.4865, 2.6250, 5.0000, 5.5833, 2.8378, 3.7941, 4.7188, 3.6222, 2.9189,
        2.9231, 5.7436, 5.3684, 5.8667, 4.9512, 5.4048, 4.4419, 3.6154, 3.3684,
        3.7500, 3.4848, 4.0571, 5.3333, 5.0714, 5.0769, 5.6487, 5.8333, 4.3658,
        5.9444, 4.6487, 3.7568, 1.5946, 2.0000, 4.4722, 4.8000, 4.3077, 3.8857,
        4.0278, 3.3409, 4.1429, 3.7778, 2.0789, 5.5581, 2.7778, 3.5143, 3.6216,
        4.0789, 4.7714, 5.4634, 5.0976, 4.1579, 4.2619, 4.7368, 3.1707, 4.2162,
        5.1351, 4.5814, 4.9722, 6.3056, 3.1026, 5.7368, 5.7027, 4.8000, 4.8974,
        3.9474, 4.9167, 5.0476, 3.7436, 5.7714, 4.8409, 5.7209, 6.7879, 5.5405,
        5.8205, 4.7895])]
[2019-02-26 14:58:36,599][INFO][Predicted:tensor([5.5298, 5.8563, 4.9790, 5.6187, 5.7335, 4.7701, 5.0618, 4.9665, 5.9064,
        5.6785, 5.4558, 5.5199, 5.0237, 4.9870, 4.7688, 5.3384, 5.7794, 5.1347,
        5.5861, 5.1665, 5.5079, 5.3411, 5.5072, 5.5740, 5.4403, 4.5107, 4.4808,
        5.0053, 5.5888, 5.3540, 5.2833, 5.3925, 4.8909, 5.3361, 5.6779, 5.6423,
        5.2509, 5.3568, 5.3954, 5.5904, 5.5157, 5.2340, 5.3171, 5.3595, 3.9684,
        5.6339, 5.4883, 4.8908, 5.6275, 5.2746, 5.4275, 5.1250, 5.6980, 5.4133,
        5.2823, 5.6526, 5.4909, 5.3198, 4.7631, 5.4418, 5.6968, 5.4775, 5.4278,
        5.5674, 4.8390, 4.9562, 5.1535, 5.7968, 5.4079, 5.3004, 5.1471, 5.2894,
        5.0418, 5.0951, 5.2962, 5.3469, 5.3622, 5.2979, 5.2630, 5.0972, 5.3674,
        5.7202, 5.2113, 5.5630, 5.6220, 4.8024, 5.6444, 5.4806, 5.7061, 5.7403,
        5.8905, 5.4265, 4.9713, 5.0910, 5.4112, 5.4056, 4.9886, 5.4768, 5.4228,
        5.2143, 5.5462], grad_fn=<CatBackward>)]
[2019-02-26 14:58:51,572][INFO][epoch:31	loss:tensor(0.4044, device='cuda:0')]
[2019-02-26 14:58:51,976][INFO][LCC:tensor(0.1313, grad_fn=<DivBackward1>)]
[2019-02-26 14:58:51,977][INFO][Ground Truth:tensor([4.1290, 3.0526, 3.9412, 4.7209, 2.1628, 5.1429, 4.0286, 4.1667, 5.6129,
        2.5128, 5.2821, 5.1667, 5.8864, 6.0000, 5.5789, 6.4146, 6.8158, 2.4595,
        6.2432, 2.8421, 4.5833, 5.1282, 3.6216, 4.8125, 5.7500, 3.8857, 3.7949,
        4.4865, 2.6250, 5.0000, 5.5833, 2.8378, 3.7941, 4.7188, 3.6222, 2.9189,
        2.9231, 5.7436, 5.3684, 5.8667, 4.9512, 5.4048, 4.4419, 3.6154, 3.3684,
        3.7500, 3.4848, 4.0571, 5.3333, 5.0714, 5.0769, 5.6487, 5.8333, 4.3658,
        5.9444, 4.6487, 3.7568, 1.5946, 2.0000, 4.4722, 4.8000, 4.3077, 3.8857,
        4.0278, 3.3409, 4.1429, 3.7778, 2.0789, 5.5581, 2.7778, 3.5143, 3.6216,
        4.0789, 4.7714, 5.4634, 5.0976, 4.1579, 4.2619, 4.7368, 3.1707, 4.2162,
        5.1351, 4.5814, 4.9722, 6.3056, 3.1026, 5.7368, 5.7027, 4.8000, 4.8974,
        3.9474, 4.9167, 5.0476, 3.7436, 5.7714, 4.8409, 5.7209, 6.7879, 5.5405,
        5.8205, 4.7895])]
[2019-02-26 14:58:51,977][INFO][Predicted:tensor([5.9043, 5.7379, 4.8921, 5.3311, 6.2558, 5.6446, 5.7679, 5.4150, 6.0116,
        5.6613, 5.8640, 5.6138, 5.5225, 5.7657, 5.3040, 5.7468, 6.0417, 5.0195,
        5.8451, 5.7027, 5.7480, 5.5190, 5.5813, 5.6048, 5.6546, 5.1362, 4.3284,
        5.2499, 5.6956, 5.4458, 5.5245, 5.3849, 5.3432, 5.5014, 5.5141, 6.3922,
        5.9986, 5.7666, 5.7138, 5.5615, 4.6196, 5.3796, 5.6820, 5.4038, 4.3404,
        5.8519, 5.4088, 5.8774, 5.7731, 5.5683, 5.3499, 5.6707, 5.6068, 4.9350,
        5.4604, 5.6770, 5.9300, 5.6121, 5.0265, 5.6837, 5.9239, 5.4115, 5.7974,
        5.5722, 4.4142, 5.5656, 5.5769, 5.3786, 5.4707, 5.6109, 5.6753, 5.6570,
        5.1329, 5.5123, 5.6443, 6.0676, 5.6616, 5.3799, 5.5115, 5.6960, 5.7593,
        5.5214, 5.2613, 5.8040, 5.5017, 5.4904, 6.0885, 5.7761, 5.0926, 5.0634,
        6.6211, 5.7755, 5.3074, 5.7087, 6.0268, 5.8961, 5.3351, 5.6692, 5.5547,
        5.4733, 5.8167], grad_fn=<CatBackward>)]
[2019-02-26 14:59:06,978][INFO][epoch:32	loss:tensor(0.4046, device='cuda:0')]
[2019-02-26 14:59:07,379][INFO][LCC:tensor(0.0275, grad_fn=<DivBackward1>)]
[2019-02-26 14:59:07,380][INFO][Ground Truth:tensor([4.1290, 3.0526, 3.9412, 4.7209, 2.1628, 5.1429, 4.0286, 4.1667, 5.6129,
        2.5128, 5.2821, 5.1667, 5.8864, 6.0000, 5.5789, 6.4146, 6.8158, 2.4595,
        6.2432, 2.8421, 4.5833, 5.1282, 3.6216, 4.8125, 5.7500, 3.8857, 3.7949,
        4.4865, 2.6250, 5.0000, 5.5833, 2.8378, 3.7941, 4.7188, 3.6222, 2.9189,
        2.9231, 5.7436, 5.3684, 5.8667, 4.9512, 5.4048, 4.4419, 3.6154, 3.3684,
        3.7500, 3.4848, 4.0571, 5.3333, 5.0714, 5.0769, 5.6487, 5.8333, 4.3658,
        5.9444, 4.6487, 3.7568, 1.5946, 2.0000, 4.4722, 4.8000, 4.3077, 3.8857,
        4.0278, 3.3409, 4.1429, 3.7778, 2.0789, 5.5581, 2.7778, 3.5143, 3.6216,
        4.0789, 4.7714, 5.4634, 5.0976, 4.1579, 4.2619, 4.7368, 3.1707, 4.2162,
        5.1351, 4.5814, 4.9722, 6.3056, 3.1026, 5.7368, 5.7027, 4.8000, 4.8974,
        3.9474, 4.9167, 5.0476, 3.7436, 5.7714, 4.8409, 5.7209, 6.7879, 5.5405,
        5.8205, 4.7895])]
[2019-02-26 14:59:07,381][INFO][Predicted:tensor([4.8977, 5.3261, 5.0408, 5.2503, 5.6104, 5.0520, 5.3689, 5.0686, 5.0376,
        5.0628, 5.0160, 5.3126, 4.9907, 4.6531, 4.5119, 5.0578, 5.1073, 5.1136,
        5.5130, 5.3945, 5.1146, 4.9353, 5.2269, 5.1143, 5.1725, 5.2204, 4.0548,
        5.0902, 5.1547, 5.1373, 4.7799, 4.9856, 5.0298, 5.1152, 4.9771, 5.4368,
        5.5112, 5.0373, 5.5284, 4.8932, 5.4394, 4.8450, 5.8167, 5.1599, 4.3299,
        5.5857, 5.0641, 4.7275, 5.0085, 5.0179, 4.7840, 5.4216, 5.2209, 4.5812,
        5.1237, 5.4623, 5.4058, 5.0700, 4.5909, 5.2917, 5.1026, 5.4433, 5.6500,
        5.1054, 4.8887, 5.1010, 4.7006, 5.2563, 5.0104, 5.2659, 5.0068, 5.0725,
        5.0599, 5.1247, 5.2654, 5.2229, 4.9119, 4.9360, 4.9520, 5.1229, 5.1600,
        5.2103, 4.9705, 5.2830, 5.3060, 4.8407, 5.2577, 5.4182, 5.6448, 5.1681,
        5.5584, 5.0196, 4.9759, 4.8707, 4.7942, 5.1377, 4.9378, 5.4106, 5.3691,
        5.5167, 5.4333], grad_fn=<CatBackward>)]
[2019-02-26 14:59:22,373][INFO][epoch:33	loss:tensor(0.4041, device='cuda:0')]
[2019-02-26 14:59:22,782][INFO][LCC:tensor(0.1056, grad_fn=<DivBackward1>)]
[2019-02-26 14:59:22,783][INFO][Ground Truth:tensor([4.1290, 3.0526, 3.9412, 4.7209, 2.1628, 5.1429, 4.0286, 4.1667, 5.6129,
        2.5128, 5.2821, 5.1667, 5.8864, 6.0000, 5.5789, 6.4146, 6.8158, 2.4595,
        6.2432, 2.8421, 4.5833, 5.1282, 3.6216, 4.8125, 5.7500, 3.8857, 3.7949,
        4.4865, 2.6250, 5.0000, 5.5833, 2.8378, 3.7941, 4.7188, 3.6222, 2.9189,
        2.9231, 5.7436, 5.3684, 5.8667, 4.9512, 5.4048, 4.4419, 3.6154, 3.3684,
        3.7500, 3.4848, 4.0571, 5.3333, 5.0714, 5.0769, 5.6487, 5.8333, 4.3658,
        5.9444, 4.6487, 3.7568, 1.5946, 2.0000, 4.4722, 4.8000, 4.3077, 3.8857,
        4.0278, 3.3409, 4.1429, 3.7778, 2.0789, 5.5581, 2.7778, 3.5143, 3.6216,
        4.0789, 4.7714, 5.4634, 5.0976, 4.1579, 4.2619, 4.7368, 3.1707, 4.2162,
        5.1351, 4.5814, 4.9722, 6.3056, 3.1026, 5.7368, 5.7027, 4.8000, 4.8974,
        3.9474, 4.9167, 5.0476, 3.7436, 5.7714, 4.8409, 5.7209, 6.7879, 5.5405,
        5.8205, 4.7895])]
[2019-02-26 14:59:22,784][INFO][Predicted:tensor([5.2965, 5.4682, 5.3436, 5.0249, 5.4406, 6.3930, 5.0526, 5.4673, 5.3166,
        5.3117, 5.6452, 5.2771, 5.3391, 4.7732, 5.0067, 5.7554, 5.6294, 5.1139,
        5.9298, 5.4533, 5.3327, 5.5205, 5.4499, 5.4418, 5.4865, 5.8640, 4.5308,
        4.9557, 5.2177, 5.0519, 4.9638, 5.6466, 5.2315, 5.1389, 4.7151, 5.3709,
        5.9399, 5.0493, 5.2842, 5.0851, 5.2756, 5.0438, 5.5036, 5.4806, 3.7172,
        5.7537, 5.2528, 5.2438, 5.3513, 5.4089, 5.4897, 6.0128, 5.5243, 5.1854,
        5.2649, 5.3279, 5.1864, 5.3527, 4.9300, 5.7233, 5.6618, 5.4697, 5.7469,
        5.5442, 4.4910, 5.3270, 5.0748, 5.7694, 5.4551, 5.5064, 4.8861, 5.6885,
        5.1648, 5.1992, 5.4662, 5.5096, 5.6452, 5.2643, 5.4633, 4.8549, 5.2451,
        5.2141, 5.1452, 5.6384, 5.4225, 5.4963, 5.0036, 5.0900, 5.0594, 5.0822,
        6.1196, 5.3379, 5.0622, 5.2824, 5.7786, 5.4518, 5.0114, 5.6871, 5.4350,
        5.2999, 5.3786], grad_fn=<CatBackward>)]
[2019-02-26 14:59:37,653][INFO][epoch:34	loss:tensor(0.3925, device='cuda:0')]
[2019-02-26 14:59:38,057][INFO][LCC:tensor(0.2009, grad_fn=<DivBackward1>)]
[2019-02-26 14:59:38,057][INFO][Ground Truth:tensor([4.1290, 3.0526, 3.9412, 4.7209, 2.1628, 5.1429, 4.0286, 4.1667, 5.6129,
        2.5128, 5.2821, 5.1667, 5.8864, 6.0000, 5.5789, 6.4146, 6.8158, 2.4595,
        6.2432, 2.8421, 4.5833, 5.1282, 3.6216, 4.8125, 5.7500, 3.8857, 3.7949,
        4.4865, 2.6250, 5.0000, 5.5833, 2.8378, 3.7941, 4.7188, 3.6222, 2.9189,
        2.9231, 5.7436, 5.3684, 5.8667, 4.9512, 5.4048, 4.4419, 3.6154, 3.3684,
        3.7500, 3.4848, 4.0571, 5.3333, 5.0714, 5.0769, 5.6487, 5.8333, 4.3658,
        5.9444, 4.6487, 3.7568, 1.5946, 2.0000, 4.4722, 4.8000, 4.3077, 3.8857,
        4.0278, 3.3409, 4.1429, 3.7778, 2.0789, 5.5581, 2.7778, 3.5143, 3.6216,
        4.0789, 4.7714, 5.4634, 5.0976, 4.1579, 4.2619, 4.7368, 3.1707, 4.2162,
        5.1351, 4.5814, 4.9722, 6.3056, 3.1026, 5.7368, 5.7027, 4.8000, 4.8974,
        3.9474, 4.9167, 5.0476, 3.7436, 5.7714, 4.8409, 5.7209, 6.7879, 5.5405,
        5.8205, 4.7895])]
[2019-02-26 14:59:38,058][INFO][Predicted:tensor([5.3793, 5.0217, 5.1188, 4.8616, 5.0159, 4.7368, 5.2658, 4.9057, 5.0050,
        4.9804, 5.5941, 4.9172, 4.9514, 5.3328, 4.2099, 4.5633, 5.4219, 4.6588,
        5.6928, 4.8079, 5.1410, 4.7995, 4.8631, 5.7008, 5.0054, 5.2923, 3.9939,
        5.0593, 5.8320, 5.0807, 5.2579, 5.1620, 5.3649, 5.6278, 4.9538, 5.1254,
        5.1548, 4.9457, 4.8032, 5.1936, 4.7965, 4.8264, 5.3803, 4.8043, 4.2600,
        4.9076, 5.2436, 5.1784, 4.7798, 5.4230, 4.9308, 5.1337, 5.1998, 5.1485,
        5.1955, 4.5893, 5.0579, 4.5888, 4.6081, 5.0882, 5.0735, 4.6711, 5.4824,
        5.5089, 4.1530, 5.0151, 5.2368, 4.9300, 5.0739, 4.8197, 4.7321, 5.1054,
        4.8115, 5.2697, 5.1243, 4.8614, 5.1368, 4.8368, 5.2012, 4.9389, 4.9396,
        5.1661, 4.9980, 5.0127, 5.2483, 4.9518, 4.9364, 4.8509, 4.6771, 5.1957,
        5.8755, 5.1780, 5.4762, 5.0074, 5.2977, 5.0224, 5.0093, 5.4904, 5.0284,
        5.2071, 5.3392], grad_fn=<CatBackward>)]
[2019-02-26 14:59:53,103][INFO][epoch:35	loss:tensor(0.4088, device='cuda:0')]
[2019-02-26 14:59:53,513][INFO][LCC:tensor(0.0648, grad_fn=<DivBackward1>)]
[2019-02-26 14:59:53,514][INFO][Ground Truth:tensor([4.1290, 3.0526, 3.9412, 4.7209, 2.1628, 5.1429, 4.0286, 4.1667, 5.6129,
        2.5128, 5.2821, 5.1667, 5.8864, 6.0000, 5.5789, 6.4146, 6.8158, 2.4595,
        6.2432, 2.8421, 4.5833, 5.1282, 3.6216, 4.8125, 5.7500, 3.8857, 3.7949,
        4.4865, 2.6250, 5.0000, 5.5833, 2.8378, 3.7941, 4.7188, 3.6222, 2.9189,
        2.9231, 5.7436, 5.3684, 5.8667, 4.9512, 5.4048, 4.4419, 3.6154, 3.3684,
        3.7500, 3.4848, 4.0571, 5.3333, 5.0714, 5.0769, 5.6487, 5.8333, 4.3658,
        5.9444, 4.6487, 3.7568, 1.5946, 2.0000, 4.4722, 4.8000, 4.3077, 3.8857,
        4.0278, 3.3409, 4.1429, 3.7778, 2.0789, 5.5581, 2.7778, 3.5143, 3.6216,
        4.0789, 4.7714, 5.4634, 5.0976, 4.1579, 4.2619, 4.7368, 3.1707, 4.2162,
        5.1351, 4.5814, 4.9722, 6.3056, 3.1026, 5.7368, 5.7027, 4.8000, 4.8974,
        3.9474, 4.9167, 5.0476, 3.7436, 5.7714, 4.8409, 5.7209, 6.7879, 5.5405,
        5.8205, 4.7895])]
[2019-02-26 14:59:53,515][INFO][Predicted:tensor([5.1768, 5.0541, 4.6854, 5.0015, 5.0958, 5.4362, 5.0294, 5.1793, 5.2661,
        5.5569, 4.7078, 4.8191, 4.8263, 5.2300, 4.6319, 5.4134, 5.4788, 4.9994,
        5.6483, 4.6191, 5.2866, 4.9427, 5.1427, 5.1839, 5.4779, 4.9954, 4.1437,
        5.0383, 5.2116, 5.3615, 4.7811, 5.5104, 4.8876, 4.9903, 5.0535, 5.8445,
        5.3055, 5.3091, 4.8571, 5.4438, 5.7902, 5.2141, 5.1199, 5.1629, 3.9975,
        5.3916, 5.5384, 5.0281, 5.2196, 5.0106, 5.4793, 5.1745, 4.9986, 4.8379,
        4.9562, 5.2109, 5.2198, 5.3958, 4.7142, 5.3201, 5.2248, 5.2113, 5.2824,
        5.2541, 4.6185, 4.9791, 5.2367, 5.2088, 5.3254, 5.2385, 5.3201, 5.6329,
        5.2189, 5.0756, 4.9959, 5.0015, 4.6921, 5.2285, 5.0619, 5.2399, 5.4245,
        5.0790, 4.6048, 5.5896, 5.5552, 5.2612, 5.1795, 5.5845, 4.4803, 5.1131,
        5.7083, 5.2791, 5.2650, 5.1659, 5.0074, 4.4902, 4.6606, 5.2669, 5.1468,
        5.4256, 5.2180], grad_fn=<CatBackward>)]
[2019-02-26 15:00:08,774][INFO][epoch:36	loss:tensor(0.4142, device='cuda:0')]
[2019-02-26 15:00:09,173][INFO][LCC:tensor(-0.0116, grad_fn=<DivBackward1>)]
[2019-02-26 15:00:09,174][INFO][Ground Truth:tensor([4.1290, 3.0526, 3.9412, 4.7209, 2.1628, 5.1429, 4.0286, 4.1667, 5.6129,
        2.5128, 5.2821, 5.1667, 5.8864, 6.0000, 5.5789, 6.4146, 6.8158, 2.4595,
        6.2432, 2.8421, 4.5833, 5.1282, 3.6216, 4.8125, 5.7500, 3.8857, 3.7949,
        4.4865, 2.6250, 5.0000, 5.5833, 2.8378, 3.7941, 4.7188, 3.6222, 2.9189,
        2.9231, 5.7436, 5.3684, 5.8667, 4.9512, 5.4048, 4.4419, 3.6154, 3.3684,
        3.7500, 3.4848, 4.0571, 5.3333, 5.0714, 5.0769, 5.6487, 5.8333, 4.3658,
        5.9444, 4.6487, 3.7568, 1.5946, 2.0000, 4.4722, 4.8000, 4.3077, 3.8857,
        4.0278, 3.3409, 4.1429, 3.7778, 2.0789, 5.5581, 2.7778, 3.5143, 3.6216,
        4.0789, 4.7714, 5.4634, 5.0976, 4.1579, 4.2619, 4.7368, 3.1707, 4.2162,
        5.1351, 4.5814, 4.9722, 6.3056, 3.1026, 5.7368, 5.7027, 4.8000, 4.8974,
        3.9474, 4.9167, 5.0476, 3.7436, 5.7714, 4.8409, 5.7209, 6.7879, 5.5405,
        5.8205, 4.7895])]
[2019-02-26 15:00:09,174][INFO][Predicted:tensor([5.2949, 5.5043, 5.0970, 5.2435, 5.5510, 5.4841, 5.3046, 5.1658, 5.0704,
        5.2053, 5.1375, 5.0554, 5.5900, 4.9522, 4.3011, 5.2329, 5.1875, 5.1440,
        5.6341, 5.4855, 5.2055, 5.0170, 5.1559, 5.5212, 4.9675, 5.8080, 4.8887,
        5.4659, 5.1365, 5.4564, 5.2406, 5.3051, 5.2047, 5.3344, 4.9904, 5.4138,
        5.3320, 5.6844, 5.1502, 5.3080, 4.7144, 4.7915, 5.3074, 5.3399, 4.0350,
        5.8073, 5.6317, 5.1656, 5.7082, 5.2610, 5.6730, 5.2757, 5.6634, 5.4162,
        5.1437, 5.3717, 5.0320, 5.3670, 5.2730, 5.0842, 5.7923, 4.9551, 5.4546,
        5.2272, 4.8345, 5.2751, 5.4413, 5.6030, 5.4071, 4.5747, 5.6874, 5.1426,
        5.3326, 5.6021, 4.9490, 5.1227, 5.2344, 5.3477, 5.2690, 5.0568, 5.2313,
        5.5109, 5.6783, 5.4214, 5.2122, 5.3606, 5.1986, 5.3023, 4.9080, 5.5348,
        5.1647, 5.1436, 5.6647, 5.1105, 4.9345, 4.3373, 5.1555, 5.4701, 5.1611,
        5.2513, 5.4095], grad_fn=<CatBackward>)]
[2019-02-26 15:00:24,323][INFO][epoch:37	loss:tensor(0.3830, device='cuda:0')]
[2019-02-26 15:00:24,713][INFO][LCC:tensor(0.0038, grad_fn=<DivBackward1>)]
[2019-02-26 15:00:24,714][INFO][Ground Truth:tensor([4.1290, 3.0526, 3.9412, 4.7209, 2.1628, 5.1429, 4.0286, 4.1667, 5.6129,
        2.5128, 5.2821, 5.1667, 5.8864, 6.0000, 5.5789, 6.4146, 6.8158, 2.4595,
        6.2432, 2.8421, 4.5833, 5.1282, 3.6216, 4.8125, 5.7500, 3.8857, 3.7949,
        4.4865, 2.6250, 5.0000, 5.5833, 2.8378, 3.7941, 4.7188, 3.6222, 2.9189,
        2.9231, 5.7436, 5.3684, 5.8667, 4.9512, 5.4048, 4.4419, 3.6154, 3.3684,
        3.7500, 3.4848, 4.0571, 5.3333, 5.0714, 5.0769, 5.6487, 5.8333, 4.3658,
        5.9444, 4.6487, 3.7568, 1.5946, 2.0000, 4.4722, 4.8000, 4.3077, 3.8857,
        4.0278, 3.3409, 4.1429, 3.7778, 2.0789, 5.5581, 2.7778, 3.5143, 3.6216,
        4.0789, 4.7714, 5.4634, 5.0976, 4.1579, 4.2619, 4.7368, 3.1707, 4.2162,
        5.1351, 4.5814, 4.9722, 6.3056, 3.1026, 5.7368, 5.7027, 4.8000, 4.8974,
        3.9474, 4.9167, 5.0476, 3.7436, 5.7714, 4.8409, 5.7209, 6.7879, 5.5405,
        5.8205, 4.7895])]
[2019-02-26 15:00:24,715][INFO][Predicted:tensor([5.4307, 5.2290, 5.0647, 5.0669, 5.6799, 4.7068, 5.5090, 4.9116, 5.3563,
        5.6165, 5.8698, 5.3083, 5.0617, 4.9904, 4.4776, 5.0465, 5.5571, 4.9639,
        5.9671, 5.3872, 5.3384, 5.5297, 5.4002, 5.4325, 5.0918, 5.7300, 4.4545,
        5.4643, 5.9268, 5.5974, 5.0829, 5.2724, 5.2150, 5.3819, 4.8237, 5.5365,
        6.2219, 5.0434, 5.4831, 5.5784, 5.7698, 5.2914, 5.5324, 5.2908, 4.1940,
        5.4469, 5.3892, 5.3802, 5.4015, 5.2077, 5.2692, 5.2850, 5.3222, 5.4103,
        5.1530, 5.0884, 5.3662, 5.1696, 4.8187, 4.8931, 5.0250, 5.1619, 5.5705,
        5.4654, 4.5948, 5.3361, 5.1676, 5.6095, 5.3600, 5.2954, 4.9637, 5.1264,
        5.2941, 5.2037, 5.2733, 5.1716, 5.2843, 5.0357, 5.6382, 5.1723, 5.2036,
        5.1784, 5.4909, 5.6967, 5.1490, 5.1038, 5.8288, 5.3262, 4.5681, 5.5154,
        6.3400, 5.1699, 5.2570, 5.3662, 5.4124, 5.6010, 5.3127, 5.3090, 5.2004,
        5.3365, 5.4254], grad_fn=<CatBackward>)]
[2019-02-26 15:00:39,598][INFO][epoch:38	loss:tensor(0.3932, device='cuda:0')]
[2019-02-26 15:00:39,987][INFO][LCC:tensor(0.0586, grad_fn=<DivBackward1>)]
[2019-02-26 15:00:39,988][INFO][Ground Truth:tensor([4.1290, 3.0526, 3.9412, 4.7209, 2.1628, 5.1429, 4.0286, 4.1667, 5.6129,
        2.5128, 5.2821, 5.1667, 5.8864, 6.0000, 5.5789, 6.4146, 6.8158, 2.4595,
        6.2432, 2.8421, 4.5833, 5.1282, 3.6216, 4.8125, 5.7500, 3.8857, 3.7949,
        4.4865, 2.6250, 5.0000, 5.5833, 2.8378, 3.7941, 4.7188, 3.6222, 2.9189,
        2.9231, 5.7436, 5.3684, 5.8667, 4.9512, 5.4048, 4.4419, 3.6154, 3.3684,
        3.7500, 3.4848, 4.0571, 5.3333, 5.0714, 5.0769, 5.6487, 5.8333, 4.3658,
        5.9444, 4.6487, 3.7568, 1.5946, 2.0000, 4.4722, 4.8000, 4.3077, 3.8857,
        4.0278, 3.3409, 4.1429, 3.7778, 2.0789, 5.5581, 2.7778, 3.5143, 3.6216,
        4.0789, 4.7714, 5.4634, 5.0976, 4.1579, 4.2619, 4.7368, 3.1707, 4.2162,
        5.1351, 4.5814, 4.9722, 6.3056, 3.1026, 5.7368, 5.7027, 4.8000, 4.8974,
        3.9474, 4.9167, 5.0476, 3.7436, 5.7714, 4.8409, 5.7209, 6.7879, 5.5405,
        5.8205, 4.7895])]
[2019-02-26 15:00:39,988][INFO][Predicted:tensor([5.6930, 5.4158, 5.7252, 5.8515, 5.8410, 5.7713, 5.9743, 5.6278, 5.5680,
        5.6850, 5.9253, 5.7357, 5.6744, 6.1345, 5.3277, 5.6456, 5.5616, 4.9726,
        5.7501, 6.0306, 5.4961, 5.8624, 5.8628, 5.7333, 6.1301, 5.5724, 5.3629,
        5.5413, 5.9654, 6.0887, 5.4282, 6.0962, 5.2590, 5.6235, 5.6932, 5.9035,
        5.9027, 5.8850, 5.5498, 5.5236, 5.3779, 5.7640, 5.9383, 5.4689, 4.4556,
        5.6467, 5.7987, 5.6241, 5.4542, 5.9900, 5.9591, 5.6852, 5.7765, 5.6279,
        5.6200, 5.5862, 5.7838, 6.1523, 4.9868, 5.9406, 5.8172, 5.7858, 5.4985,
        5.6298, 4.7539, 5.7098, 5.8340, 5.8015, 5.3869, 5.8454, 5.4029, 5.9031,
        5.8624, 5.5497, 5.8579, 6.2463, 5.9453, 5.6816, 5.1540, 5.5847, 5.5139,
        5.8198, 5.7651, 5.6667, 5.2426, 5.6322, 5.6313, 6.0837, 5.5176, 5.4017,
        6.4040, 5.9171, 5.3165, 5.8587, 5.6148, 5.7568, 5.8412, 5.9568, 5.9907,
        5.1724, 5.7567], grad_fn=<CatBackward>)]
[2019-02-26 15:00:54,920][INFO][epoch:39	loss:tensor(0.3985, device='cuda:0')]
[2019-02-26 15:00:55,314][INFO][LCC:tensor(0.1879, grad_fn=<DivBackward1>)]
[2019-02-26 15:00:55,315][INFO][Ground Truth:tensor([4.1290, 3.0526, 3.9412, 4.7209, 2.1628, 5.1429, 4.0286, 4.1667, 5.6129,
        2.5128, 5.2821, 5.1667, 5.8864, 6.0000, 5.5789, 6.4146, 6.8158, 2.4595,
        6.2432, 2.8421, 4.5833, 5.1282, 3.6216, 4.8125, 5.7500, 3.8857, 3.7949,
        4.4865, 2.6250, 5.0000, 5.5833, 2.8378, 3.7941, 4.7188, 3.6222, 2.9189,
        2.9231, 5.7436, 5.3684, 5.8667, 4.9512, 5.4048, 4.4419, 3.6154, 3.3684,
        3.7500, 3.4848, 4.0571, 5.3333, 5.0714, 5.0769, 5.6487, 5.8333, 4.3658,
        5.9444, 4.6487, 3.7568, 1.5946, 2.0000, 4.4722, 4.8000, 4.3077, 3.8857,
        4.0278, 3.3409, 4.1429, 3.7778, 2.0789, 5.5581, 2.7778, 3.5143, 3.6216,
        4.0789, 4.7714, 5.4634, 5.0976, 4.1579, 4.2619, 4.7368, 3.1707, 4.2162,
        5.1351, 4.5814, 4.9722, 6.3056, 3.1026, 5.7368, 5.7027, 4.8000, 4.8974,
        3.9474, 4.9167, 5.0476, 3.7436, 5.7714, 4.8409, 5.7209, 6.7879, 5.5405,
        5.8205, 4.7895])]
[2019-02-26 15:00:55,315][INFO][Predicted:tensor([5.6272, 5.2958, 5.2776, 5.4229, 5.4683, 5.6848, 5.4658, 5.4937, 5.7223,
        5.5469, 5.8156, 5.6356, 5.3199, 5.2488, 5.2667, 6.0600, 5.7950, 5.0341,
        6.1869, 5.8587, 5.5737, 5.5290, 5.3873, 5.6841, 5.6666, 5.6206, 4.5778,
        5.2148, 5.4328, 5.6983, 5.1362, 5.7292, 5.1549, 5.7801, 5.5573, 5.9880,
        5.8200, 5.5404, 5.3757, 5.8578, 5.7664, 5.5280, 5.5323, 5.1612, 4.2680,
        5.5592, 5.6539, 5.2450, 5.8433, 5.5782, 5.6294, 5.4793, 5.4337, 5.0471,
        5.3940, 5.5746, 5.6839, 5.2347, 4.8961, 5.6473, 5.4501, 5.8415, 5.9323,
        5.6426, 4.6228, 5.3998, 5.3361, 5.7264, 5.4359, 5.6121, 5.6997, 5.6962,
        6.1046, 5.3453, 5.3214, 5.6810, 5.6310, 5.3392, 5.6660, 5.3558, 4.9093,
        5.7209, 5.3994, 5.8729, 5.6054, 5.7273, 5.5462, 5.6301, 5.5148, 6.5692,
        6.2350, 5.6470, 5.4657, 5.3355, 5.1210, 5.0961, 5.3420, 5.6028, 5.4976,
        5.4251, 5.6207], grad_fn=<CatBackward>)]
[2019-02-26 15:01:10,241][INFO][epoch:40	loss:tensor(0.3884, device='cuda:0')]
[2019-02-26 15:01:10,629][INFO][LCC:tensor(0.1644, grad_fn=<DivBackward1>)]
[2019-02-26 15:01:10,629][INFO][Ground Truth:tensor([4.1290, 3.0526, 3.9412, 4.7209, 2.1628, 5.1429, 4.0286, 4.1667, 5.6129,
        2.5128, 5.2821, 5.1667, 5.8864, 6.0000, 5.5789, 6.4146, 6.8158, 2.4595,
        6.2432, 2.8421, 4.5833, 5.1282, 3.6216, 4.8125, 5.7500, 3.8857, 3.7949,
        4.4865, 2.6250, 5.0000, 5.5833, 2.8378, 3.7941, 4.7188, 3.6222, 2.9189,
        2.9231, 5.7436, 5.3684, 5.8667, 4.9512, 5.4048, 4.4419, 3.6154, 3.3684,
        3.7500, 3.4848, 4.0571, 5.3333, 5.0714, 5.0769, 5.6487, 5.8333, 4.3658,
        5.9444, 4.6487, 3.7568, 1.5946, 2.0000, 4.4722, 4.8000, 4.3077, 3.8857,
        4.0278, 3.3409, 4.1429, 3.7778, 2.0789, 5.5581, 2.7778, 3.5143, 3.6216,
        4.0789, 4.7714, 5.4634, 5.0976, 4.1579, 4.2619, 4.7368, 3.1707, 4.2162,
        5.1351, 4.5814, 4.9722, 6.3056, 3.1026, 5.7368, 5.7027, 4.8000, 4.8974,
        3.9474, 4.9167, 5.0476, 3.7436, 5.7714, 4.8409, 5.7209, 6.7879, 5.5405,
        5.8205, 4.7895])]
[2019-02-26 15:01:10,630][INFO][Predicted:tensor([5.2770, 5.1410, 4.3422, 5.3533, 5.3463, 4.7646, 5.0437, 4.8967, 5.0332,
        4.9420, 5.7015, 5.2583, 5.1049, 5.3330, 4.7562, 5.1101, 5.1333, 5.0379,
        5.4623, 4.9851, 5.1650, 4.8750, 5.0951, 5.0877, 5.1479, 4.7864, 4.3423,
        4.9572, 5.2397, 5.2725, 5.1552, 5.2621, 4.6655, 5.0936, 5.0380, 5.5182,
        5.3730, 5.4918, 5.0267, 5.1231, 5.3315, 5.0958, 5.2373, 5.1911, 4.1266,
        5.3513, 5.1610, 5.1005, 5.2758, 4.8713, 4.9097, 5.0040, 4.9280, 5.0167,
        5.2157, 5.2341, 5.3895, 4.9499, 4.8288, 5.2706, 5.1422, 5.6633, 5.1960,
        5.0559, 4.5512, 4.8296, 4.7154, 5.1358, 5.0781, 5.3704, 5.3570, 5.1688,
        4.7338, 4.9646, 5.0304, 5.2104, 5.0788, 5.2053, 5.0900, 4.9916, 5.4424,
        5.2283, 4.9782, 5.1842, 5.3159, 4.9717, 5.2187, 4.8954, 5.0723, 5.3911,
        5.5231, 5.2858, 5.0916, 4.8205, 5.0405, 4.7727, 4.9891, 5.3356, 5.3341,
        5.4640, 5.1243], grad_fn=<CatBackward>)]
[2019-02-26 15:01:25,562][INFO][epoch:41	loss:tensor(0.3868, device='cuda:0')]
[2019-02-26 15:01:25,949][INFO][LCC:tensor(0.1405, grad_fn=<DivBackward1>)]
[2019-02-26 15:01:25,949][INFO][Ground Truth:tensor([4.1290, 3.0526, 3.9412, 4.7209, 2.1628, 5.1429, 4.0286, 4.1667, 5.6129,
        2.5128, 5.2821, 5.1667, 5.8864, 6.0000, 5.5789, 6.4146, 6.8158, 2.4595,
        6.2432, 2.8421, 4.5833, 5.1282, 3.6216, 4.8125, 5.7500, 3.8857, 3.7949,
        4.4865, 2.6250, 5.0000, 5.5833, 2.8378, 3.7941, 4.7188, 3.6222, 2.9189,
        2.9231, 5.7436, 5.3684, 5.8667, 4.9512, 5.4048, 4.4419, 3.6154, 3.3684,
        3.7500, 3.4848, 4.0571, 5.3333, 5.0714, 5.0769, 5.6487, 5.8333, 4.3658,
        5.9444, 4.6487, 3.7568, 1.5946, 2.0000, 4.4722, 4.8000, 4.3077, 3.8857,
        4.0278, 3.3409, 4.1429, 3.7778, 2.0789, 5.5581, 2.7778, 3.5143, 3.6216,
        4.0789, 4.7714, 5.4634, 5.0976, 4.1579, 4.2619, 4.7368, 3.1707, 4.2162,
        5.1351, 4.5814, 4.9722, 6.3056, 3.1026, 5.7368, 5.7027, 4.8000, 4.8974,
        3.9474, 4.9167, 5.0476, 3.7436, 5.7714, 4.8409, 5.7209, 6.7879, 5.5405,
        5.8205, 4.7895])]
[2019-02-26 15:01:25,950][INFO][Predicted:tensor([5.0913, 5.7285, 5.0143, 5.4939, 5.2768, 5.5396, 5.0038, 4.9178, 5.6197,
        5.8865, 5.4930, 5.3304, 5.4055, 5.0801, 4.9036, 5.1541, 5.4187, 5.1733,
        5.8466, 5.0760, 5.5066, 4.9365, 5.4843, 5.8884, 5.1339, 5.6375, 4.6137,
        5.0833, 5.6413, 5.5993, 5.3819, 5.3489, 4.9692, 5.4109, 5.2612, 5.7581,
        5.2485, 5.5705, 5.8034, 5.4558, 5.7569, 5.1415, 5.4884, 5.2494, 4.1185,
        5.4269, 5.1553, 5.1829, 5.6237, 5.3943, 4.9637, 5.8291, 5.5442, 5.6552,
        5.3765, 5.8087, 5.6952, 5.1484, 5.1436, 5.2872, 5.3235, 5.9516, 5.6202,
        5.5036, 4.7064, 5.0606, 5.2369, 5.8073, 5.2471, 5.1131, 5.4730, 5.1289,
        5.3821, 5.3203, 5.7424, 5.3304, 5.1722, 5.4708, 5.3240, 5.4356, 4.9554,
        5.1962, 5.1582, 5.5826, 5.4589, 5.4001, 5.4913, 5.6649, 5.0445, 5.5592,
        6.1398, 4.9683, 5.3153, 5.0879, 5.6719, 5.3227, 5.2435, 5.4398, 5.2903,
        5.3812, 5.4670], grad_fn=<CatBackward>)]
[2019-02-26 15:01:41,098][INFO][epoch:42	loss:tensor(0.3742, device='cuda:0')]
[2019-02-26 15:01:41,496][INFO][LCC:tensor(-0.0098, grad_fn=<DivBackward1>)]
[2019-02-26 15:01:41,497][INFO][Ground Truth:tensor([4.1290, 3.0526, 3.9412, 4.7209, 2.1628, 5.1429, 4.0286, 4.1667, 5.6129,
        2.5128, 5.2821, 5.1667, 5.8864, 6.0000, 5.5789, 6.4146, 6.8158, 2.4595,
        6.2432, 2.8421, 4.5833, 5.1282, 3.6216, 4.8125, 5.7500, 3.8857, 3.7949,
        4.4865, 2.6250, 5.0000, 5.5833, 2.8378, 3.7941, 4.7188, 3.6222, 2.9189,
        2.9231, 5.7436, 5.3684, 5.8667, 4.9512, 5.4048, 4.4419, 3.6154, 3.3684,
        3.7500, 3.4848, 4.0571, 5.3333, 5.0714, 5.0769, 5.6487, 5.8333, 4.3658,
        5.9444, 4.6487, 3.7568, 1.5946, 2.0000, 4.4722, 4.8000, 4.3077, 3.8857,
        4.0278, 3.3409, 4.1429, 3.7778, 2.0789, 5.5581, 2.7778, 3.5143, 3.6216,
        4.0789, 4.7714, 5.4634, 5.0976, 4.1579, 4.2619, 4.7368, 3.1707, 4.2162,
        5.1351, 4.5814, 4.9722, 6.3056, 3.1026, 5.7368, 5.7027, 4.8000, 4.8974,
        3.9474, 4.9167, 5.0476, 3.7436, 5.7714, 4.8409, 5.7209, 6.7879, 5.5405,
        5.8205, 4.7895])]
[2019-02-26 15:01:41,497][INFO][Predicted:tensor([5.6869, 5.9692, 4.4494, 4.7504, 5.2170, 4.8168, 4.9675, 5.3013, 5.1231,
        4.8719, 5.8983, 5.4737, 4.8405, 5.3467, 4.6206, 5.1610, 5.6273, 4.9146,
        5.5937, 5.0991, 5.2942, 4.5644, 5.1991, 4.7657, 5.3915, 5.4029, 4.6811,
        5.8502, 5.2844, 4.9768, 5.1854, 5.3431, 4.8309, 4.7825, 4.9116, 5.7692,
        5.4545, 5.4343, 5.4512, 4.6398, 5.2526, 5.0402, 4.8795, 5.0338, 4.0470,
        5.3446, 5.3197, 4.9347, 5.1210, 4.8676, 5.1270, 5.0800, 5.2023, 5.0509,
        5.1854, 5.3019, 5.4840, 5.5421, 4.8314, 5.5611, 4.9561, 5.2815, 5.7305,
        5.2911, 4.7913, 5.3191, 5.2243, 5.1753, 5.2387, 5.4449, 5.4141, 5.4845,
        5.3650, 5.1300, 5.1093, 4.9526, 5.4879, 5.2823, 5.3908, 5.0019, 5.2002,
        5.1625, 5.3555, 5.4960, 5.2517, 4.9338, 5.4751, 5.0118, 4.8170, 5.3286,
        6.0194, 5.3764, 5.1976, 5.1311, 4.9985, 5.5400, 5.0422, 5.2468, 5.4728,
        5.0615, 5.3367], grad_fn=<CatBackward>)]
[2019-02-26 15:01:56,495][INFO][epoch:43	loss:tensor(0.3888, device='cuda:0')]
[2019-02-26 15:01:56,894][INFO][LCC:tensor(0.1559, grad_fn=<DivBackward1>)]
[2019-02-26 15:01:56,894][INFO][Ground Truth:tensor([4.1290, 3.0526, 3.9412, 4.7209, 2.1628, 5.1429, 4.0286, 4.1667, 5.6129,
        2.5128, 5.2821, 5.1667, 5.8864, 6.0000, 5.5789, 6.4146, 6.8158, 2.4595,
        6.2432, 2.8421, 4.5833, 5.1282, 3.6216, 4.8125, 5.7500, 3.8857, 3.7949,
        4.4865, 2.6250, 5.0000, 5.5833, 2.8378, 3.7941, 4.7188, 3.6222, 2.9189,
        2.9231, 5.7436, 5.3684, 5.8667, 4.9512, 5.4048, 4.4419, 3.6154, 3.3684,
        3.7500, 3.4848, 4.0571, 5.3333, 5.0714, 5.0769, 5.6487, 5.8333, 4.3658,
        5.9444, 4.6487, 3.7568, 1.5946, 2.0000, 4.4722, 4.8000, 4.3077, 3.8857,
        4.0278, 3.3409, 4.1429, 3.7778, 2.0789, 5.5581, 2.7778, 3.5143, 3.6216,
        4.0789, 4.7714, 5.4634, 5.0976, 4.1579, 4.2619, 4.7368, 3.1707, 4.2162,
        5.1351, 4.5814, 4.9722, 6.3056, 3.1026, 5.7368, 5.7027, 4.8000, 4.8974,
        3.9474, 4.9167, 5.0476, 3.7436, 5.7714, 4.8409, 5.7209, 6.7879, 5.5405,
        5.8205, 4.7895])]
[2019-02-26 15:01:56,895][INFO][Predicted:tensor([5.6416, 5.2470, 5.1223, 5.5563, 5.8282, 5.2965, 5.6459, 5.4329, 5.4950,
        5.3363, 5.0491, 5.5029, 5.3557, 5.1008, 5.2042, 5.3829, 5.6576, 5.6067,
        5.9229, 5.1471, 5.3423, 5.4292, 5.3549, 5.1124, 5.5237, 5.2263, 4.8016,
        5.3390, 5.2089, 5.5057, 5.5089, 5.2943, 4.9521, 5.2673, 5.4504, 5.3629,
        5.3642, 5.5149, 5.3733, 5.0840, 5.8506, 5.4424, 5.4737, 5.4172, 4.3181,
        5.4699, 5.4236, 5.5990, 5.2890, 5.7737, 5.2264, 5.1129, 5.2340, 5.3090,
        5.4406, 5.4770, 6.0540, 5.2384, 5.1000, 5.6581, 5.4132, 5.1344, 5.3412,
        5.3942, 4.3411, 5.2634, 4.9712, 5.5907, 5.5164, 4.9455, 5.3425, 5.6051,
        5.1283, 5.1049, 5.1780, 5.3974, 5.6347, 5.1832, 5.3261, 4.8177, 5.4386,
        5.2122, 5.1195, 5.6560, 5.5933, 5.2943, 5.2879, 5.2936, 4.8226, 5.7514,
        6.1560, 5.3823, 5.0787, 5.3493, 5.6084, 5.5558, 5.4180, 5.2658, 5.5259,
        5.2526, 5.5994], grad_fn=<CatBackward>)]
[2019-02-26 15:02:11,867][INFO][epoch:44	loss:tensor(0.3880, device='cuda:0')]
[2019-02-26 15:02:12,259][INFO][LCC:tensor(0.0564, grad_fn=<DivBackward1>)]
[2019-02-26 15:02:12,259][INFO][Ground Truth:tensor([4.1290, 3.0526, 3.9412, 4.7209, 2.1628, 5.1429, 4.0286, 4.1667, 5.6129,
        2.5128, 5.2821, 5.1667, 5.8864, 6.0000, 5.5789, 6.4146, 6.8158, 2.4595,
        6.2432, 2.8421, 4.5833, 5.1282, 3.6216, 4.8125, 5.7500, 3.8857, 3.7949,
        4.4865, 2.6250, 5.0000, 5.5833, 2.8378, 3.7941, 4.7188, 3.6222, 2.9189,
        2.9231, 5.7436, 5.3684, 5.8667, 4.9512, 5.4048, 4.4419, 3.6154, 3.3684,
        3.7500, 3.4848, 4.0571, 5.3333, 5.0714, 5.0769, 5.6487, 5.8333, 4.3658,
        5.9444, 4.6487, 3.7568, 1.5946, 2.0000, 4.4722, 4.8000, 4.3077, 3.8857,
        4.0278, 3.3409, 4.1429, 3.7778, 2.0789, 5.5581, 2.7778, 3.5143, 3.6216,
        4.0789, 4.7714, 5.4634, 5.0976, 4.1579, 4.2619, 4.7368, 3.1707, 4.2162,
        5.1351, 4.5814, 4.9722, 6.3056, 3.1026, 5.7368, 5.7027, 4.8000, 4.8974,
        3.9474, 4.9167, 5.0476, 3.7436, 5.7714, 4.8409, 5.7209, 6.7879, 5.5405,
        5.8205, 4.7895])]
[2019-02-26 15:02:12,260][INFO][Predicted:tensor([5.5953, 5.4271, 5.4356, 5.1260, 5.6104, 5.3592, 5.6646, 5.1514, 5.2858,
        5.5329, 5.7679, 5.7257, 5.4024, 5.4205, 4.9154, 5.5171, 5.3542, 5.5260,
        6.2314, 5.4864, 5.5330, 5.1307, 5.2960, 5.2501, 5.7625, 5.7616, 4.4347,
        5.3796, 5.6048, 5.9558, 5.3825, 5.7476, 5.1515, 5.4219, 5.2841, 6.2037,
        5.7476, 5.7899, 5.3595, 5.1991, 5.8320, 5.2505, 5.6482, 5.1164, 4.4507,
        6.0078, 5.4860, 5.1340, 5.6486, 5.2997, 5.7713, 5.2852, 5.6219, 5.1569,
        5.4868, 5.4327, 5.3035, 5.6086, 5.4087, 5.4938, 5.6628, 5.8028, 5.4011,
        5.6860, 4.9699, 5.3679, 5.2555, 5.5378, 5.6323, 5.7277, 5.3991, 5.7966,
        5.7818, 5.5476, 5.3963, 5.5401, 5.5361, 5.1891, 5.3629, 4.9716, 5.2748,
        5.4772, 5.5165, 5.9819, 5.3241, 5.4903, 5.5142, 5.4576, 5.2018, 5.6360,
        6.1512, 5.8170, 5.7087, 5.2490, 5.8153, 5.3663, 5.7371, 5.4407, 5.8098,
        5.4876, 5.5496], grad_fn=<CatBackward>)]
