[2019-03-15 19:14:41,888][WARNING][Model:Try ResNet.]
[2019-03-15 19:14:45,366][INFO][epoch:0	loss:tensor(7.6096, device='cuda:0')]
[2019-03-15 19:14:47,144][INFO][epoch:1	loss:tensor(5.2243, device='cuda:0')]
[2019-03-15 19:14:48,903][INFO][epoch:2	loss:tensor(2.7372, device='cuda:0')]
[2019-03-15 19:14:50,712][INFO][epoch:3	loss:tensor(2.5353, device='cuda:0')]
[2019-03-15 19:14:52,485][INFO][epoch:4	loss:tensor(2.3726, device='cuda:0')]
[2019-03-15 19:14:54,276][INFO][epoch:5	loss:tensor(1.9014, device='cuda:0')]
[2019-03-15 19:14:56,068][INFO][epoch:6	loss:tensor(1.8017, device='cuda:0')]
[2019-03-15 19:14:57,812][INFO][epoch:7	loss:tensor(1.7224, device='cuda:0')]
[2019-03-15 19:14:59,570][INFO][epoch:8	loss:tensor(1.5520, device='cuda:0')]
[2019-03-15 19:15:01,387][INFO][epoch:9	loss:tensor(1.4997, device='cuda:0')]
[2019-03-15 19:15:03,147][INFO][epoch:10	loss:tensor(4.6196, device='cuda:0')]
[2019-03-15 19:15:03,987][WARNING][LCC:0.024447985]
[2019-03-15 19:15:03,988][WARNING][SROCC:0.02917707]
[2019-03-15 19:15:05,693][INFO][epoch:11	loss:tensor(2.7240, device='cuda:0')]
[2019-03-15 19:15:07,441][INFO][epoch:12	loss:tensor(2.5091, device='cuda:0')]
[2019-03-15 19:15:09,188][INFO][epoch:13	loss:tensor(1.9116, device='cuda:0')]
[2019-03-15 19:15:10,964][INFO][epoch:14	loss:tensor(1.7954, device='cuda:0')]
[2019-03-15 19:15:12,698][INFO][epoch:15	loss:tensor(1.7622, device='cuda:0')]
[2019-03-15 19:15:14,456][INFO][epoch:16	loss:tensor(1.5157, device='cuda:0')]
[2019-03-15 19:15:16,232][INFO][epoch:17	loss:tensor(1.4254, device='cuda:0')]
[2019-03-15 19:15:17,971][INFO][epoch:18	loss:tensor(1.6049, device='cuda:0')]
[2019-03-15 19:15:19,725][INFO][epoch:19	loss:tensor(1.3867, device='cuda:0')]
[2019-03-15 19:15:21,502][INFO][epoch:20	loss:tensor(1.2608, device='cuda:0')]
[2019-03-15 19:15:22,357][WARNING][LCC:0.5976698]
[2019-03-15 19:15:22,358][WARNING][SROCC:0.56961644]
[2019-03-15 19:15:24,151][INFO][epoch:21	loss:tensor(1.3400, device='cuda:0')]
[2019-03-15 19:15:25,912][INFO][epoch:22	loss:tensor(1.2127, device='cuda:0')]
[2019-03-15 19:15:27,672][INFO][epoch:23	loss:tensor(1.2258, device='cuda:0')]
[2019-03-15 19:15:29,433][INFO][epoch:24	loss:tensor(1.1869, device='cuda:0')]
[2019-03-15 19:15:31,209][INFO][epoch:25	loss:tensor(1.2167, device='cuda:0')]
[2019-03-15 19:15:32,990][INFO][epoch:26	loss:tensor(1.2040, device='cuda:0')]
[2019-03-15 19:15:34,751][INFO][epoch:27	loss:tensor(1.1452, device='cuda:0')]
[2019-03-15 19:15:36,520][INFO][epoch:28	loss:tensor(1.1283, device='cuda:0')]
[2019-03-15 19:15:38,277][INFO][epoch:29	loss:tensor(1.1482, device='cuda:0')]
[2019-03-15 19:15:40,047][INFO][epoch:30	loss:tensor(3.2161, device='cuda:0')]
[2019-03-15 19:15:40,878][WARNING][LCC:0.07226325]
[2019-03-15 19:15:40,878][WARNING][SROCC:0.044816673]
[2019-03-15 19:15:42,592][INFO][epoch:31	loss:tensor(2.4856, device='cuda:0')]
[2019-03-15 19:15:44,341][INFO][epoch:32	loss:tensor(2.2488, device='cuda:0')]
[2019-03-15 19:15:46,110][INFO][epoch:33	loss:tensor(2.1575, device='cuda:0')]
[2019-03-15 19:15:47,888][INFO][epoch:34	loss:tensor(2.3732, device='cuda:0')]
[2019-03-15 19:15:49,626][INFO][epoch:35	loss:tensor(2.1125, device='cuda:0')]
[2019-03-15 19:15:51,394][INFO][epoch:36	loss:tensor(1.9320, device='cuda:0')]
[2019-03-15 19:15:53,145][INFO][epoch:37	loss:tensor(1.7194, device='cuda:0')]
[2019-03-15 19:15:54,926][INFO][epoch:38	loss:tensor(1.6712, device='cuda:0')]
[2019-03-15 19:15:56,709][INFO][epoch:39	loss:tensor(1.5560, device='cuda:0')]
[2019-03-15 19:15:58,479][INFO][epoch:40	loss:tensor(1.5377, device='cuda:0')]
[2019-03-15 19:15:59,297][WARNING][LCC:0.5218657]
[2019-03-15 19:15:59,297][WARNING][SROCC:0.5116082]
[2019-03-15 19:16:01,019][INFO][epoch:41	loss:tensor(1.4436, device='cuda:0')]
[2019-03-15 19:16:02,779][INFO][epoch:42	loss:tensor(1.4045, device='cuda:0')]
[2019-03-15 19:16:04,562][INFO][epoch:43	loss:tensor(1.4248, device='cuda:0')]
[2019-03-15 19:16:06,340][INFO][epoch:44	loss:tensor(1.3023, device='cuda:0')]
[2019-03-15 19:16:08,100][INFO][epoch:45	loss:tensor(1.2492, device='cuda:0')]
[2019-03-15 19:16:09,838][INFO][epoch:46	loss:tensor(1.2550, device='cuda:0')]
[2019-03-15 19:16:11,634][INFO][epoch:47	loss:tensor(1.2146, device='cuda:0')]
[2019-03-15 19:16:13,415][INFO][epoch:48	loss:tensor(2.7180, device='cuda:0')]
[2019-03-15 19:16:15,163][INFO][epoch:49	loss:tensor(2.4461, device='cuda:0')]
[2019-03-15 19:16:16,949][INFO][epoch:50	loss:tensor(2.2785, device='cuda:0')]
[2019-03-15 19:16:17,736][WARNING][LCC:0.21224421]
[2019-03-15 19:16:17,737][WARNING][SROCC:0.13882011]
[2019-03-15 19:16:17,737][WARNING][Model saved]
[2019-03-15 19:16:19,549][INFO][epoch:51	loss:tensor(2.1872, device='cuda:0')]
[2019-03-15 19:16:21,310][INFO][epoch:52	loss:tensor(2.0797, device='cuda:0')]
[2019-03-15 19:16:23,026][INFO][epoch:53	loss:tensor(1.9382, device='cuda:0')]
[2019-03-15 19:16:24,734][INFO][epoch:54	loss:tensor(2.1699, device='cuda:0')]
[2019-03-15 19:16:26,450][INFO][epoch:55	loss:tensor(1.8488, device='cuda:0')]
[2019-03-15 19:16:28,180][INFO][epoch:56	loss:tensor(1.5423, device='cuda:0')]
[2019-03-15 19:16:29,919][INFO][epoch:57	loss:tensor(1.4991, device='cuda:0')]
[2019-03-15 19:16:31,656][INFO][epoch:58	loss:tensor(1.4996, device='cuda:0')]
[2019-03-15 19:16:33,370][INFO][epoch:59	loss:tensor(1.4594, device='cuda:0')]
[2019-03-15 19:16:35,102][INFO][epoch:60	loss:tensor(1.3117, device='cuda:0')]
[2019-03-15 19:16:35,831][WARNING][LCC:0.6121058]
[2019-03-15 19:16:35,831][WARNING][SROCC:0.59696066]
[2019-03-15 19:16:37,510][INFO][epoch:61	loss:tensor(1.2541, device='cuda:0')]
[2019-03-15 19:16:39,245][INFO][epoch:62	loss:tensor(1.2227, device='cuda:0')]
[2019-03-15 19:16:40,946][INFO][epoch:63	loss:tensor(1.1376, device='cuda:0')]
[2019-03-15 19:16:42,677][INFO][epoch:64	loss:tensor(1.1859, device='cuda:0')]
[2019-03-15 19:16:44,405][INFO][epoch:65	loss:tensor(1.1333, device='cuda:0')]
[2019-03-15 19:16:46,156][INFO][epoch:66	loss:tensor(1.1197, device='cuda:0')]
[2019-03-15 19:16:47,896][INFO][epoch:67	loss:tensor(1.0662, device='cuda:0')]
[2019-03-15 19:16:49,643][INFO][epoch:68	loss:tensor(1.1970, device='cuda:0')]
[2019-03-15 19:16:51,371][INFO][epoch:69	loss:tensor(1.1501, device='cuda:0')]
[2019-03-15 19:16:53,113][INFO][epoch:70	loss:tensor(1.0551, device='cuda:0')]
[2019-03-15 19:16:53,838][WARNING][LCC:0.6426862]
[2019-03-15 19:16:53,838][WARNING][SROCC:0.609306]
[2019-03-15 19:16:55,514][INFO][epoch:71	loss:tensor(1.0769, device='cuda:0')]
[2019-03-15 19:16:57,241][INFO][epoch:72	loss:tensor(1.0363, device='cuda:0')]
[2019-03-15 19:16:59,052][INFO][epoch:73	loss:tensor(1.0548, device='cuda:0')]
[2019-03-15 19:17:00,769][INFO][epoch:74	loss:tensor(0.9995, device='cuda:0')]
[2019-03-15 19:17:02,500][INFO][epoch:75	loss:tensor(1.0059, device='cuda:0')]
[2019-03-15 19:17:04,243][INFO][epoch:76	loss:tensor(1.3181, device='cuda:0')]
[2019-03-15 19:17:05,954][INFO][epoch:77	loss:tensor(2.6518, device='cuda:0')]
[2019-03-15 19:17:07,763][INFO][epoch:78	loss:tensor(2.0620, device='cuda:0')]
[2019-03-15 19:17:09,621][INFO][epoch:79	loss:tensor(2.1337, device='cuda:0')]
[2019-03-15 19:17:11,384][INFO][epoch:80	loss:tensor(2.0070, device='cuda:0')]
[2019-03-15 19:17:12,133][WARNING][LCC:0.29853466]
[2019-03-15 19:17:12,133][WARNING][SROCC:0.33078116]
[2019-03-15 19:17:13,819][INFO][epoch:81	loss:tensor(1.7665, device='cuda:0')]
[2019-03-15 19:17:15,552][INFO][epoch:82	loss:tensor(1.5832, device='cuda:0')]
[2019-03-15 19:17:17,282][INFO][epoch:83	loss:tensor(1.3906, device='cuda:0')]
[2019-03-15 19:17:19,016][INFO][epoch:84	loss:tensor(1.3456, device='cuda:0')]
[2019-03-15 19:17:20,751][INFO][epoch:85	loss:tensor(1.3125, device='cuda:0')]
[2019-03-15 19:17:22,507][INFO][epoch:86	loss:tensor(1.1928, device='cuda:0')]
[2019-03-15 19:17:24,241][INFO][epoch:87	loss:tensor(1.1434, device='cuda:0')]
[2019-03-15 19:17:25,976][INFO][epoch:88	loss:tensor(1.2542, device='cuda:0')]
[2019-03-15 19:17:27,728][INFO][epoch:89	loss:tensor(1.1794, device='cuda:0')]
[2019-03-15 19:17:29,463][INFO][epoch:90	loss:tensor(1.2396, device='cuda:0')]
[2019-03-15 19:17:30,201][WARNING][LCC:0.6489227]
[2019-03-15 19:17:30,201][WARNING][SROCC:0.6437074]
[2019-03-15 19:17:31,890][INFO][epoch:91	loss:tensor(1.1262, device='cuda:0')]
[2019-03-15 19:17:33,626][INFO][epoch:92	loss:tensor(1.0923, device='cuda:0')]
[2019-03-15 19:17:35,360][INFO][epoch:93	loss:tensor(1.0235, device='cuda:0')]
[2019-03-15 19:17:37,083][INFO][epoch:94	loss:tensor(1.1571, device='cuda:0')]
[2019-03-15 19:17:38,839][INFO][epoch:95	loss:tensor(1.1297, device='cuda:0')]
[2019-03-15 19:17:40,577][INFO][epoch:96	loss:tensor(1.0504, device='cuda:0')]
[2019-03-15 19:17:42,313][INFO][epoch:97	loss:tensor(1.0082, device='cuda:0')]
[2019-03-15 19:17:44,044][INFO][epoch:98	loss:tensor(1.0332, device='cuda:0')]
[2019-03-15 19:17:45,788][INFO][epoch:99	loss:tensor(1.0521, device='cuda:0')]
[2019-03-15 19:17:47,516][INFO][epoch:100	loss:tensor(1.0305, device='cuda:0')]
[2019-03-15 19:17:48,270][WARNING][LCC:0.69818366]
[2019-03-15 19:17:48,270][WARNING][SROCC:0.67199993]
[2019-03-15 19:17:48,270][WARNING][Model saved]
[2019-03-15 19:17:50,100][INFO][epoch:101	loss:tensor(0.9894, device='cuda:0')]
[2019-03-15 19:17:51,841][INFO][epoch:102	loss:tensor(0.9820, device='cuda:0')]
[2019-03-15 19:17:53,600][INFO][epoch:103	loss:tensor(1.0507, device='cuda:0')]
[2019-03-15 19:17:55,329][INFO][epoch:104	loss:tensor(1.0100, device='cuda:0')]
[2019-03-15 19:17:57,084][INFO][epoch:105	loss:tensor(0.9923, device='cuda:0')]
[2019-03-15 19:17:58,808][INFO][epoch:106	loss:tensor(0.9565, device='cuda:0')]
[2019-03-15 19:18:00,549][INFO][epoch:107	loss:tensor(0.9389, device='cuda:0')]
[2019-03-15 19:18:02,269][INFO][epoch:108	loss:tensor(1.0555, device='cuda:0')]
[2019-03-15 19:18:04,009][INFO][epoch:109	loss:tensor(1.0146, device='cuda:0')]
[2019-03-15 19:18:05,752][INFO][epoch:110	loss:tensor(1.0405, device='cuda:0')]
[2019-03-15 19:18:06,481][WARNING][LCC:0.6922138]
[2019-03-15 19:18:06,481][WARNING][SROCC:0.6282989]
[2019-03-15 19:18:08,185][INFO][epoch:111	loss:tensor(0.9559, device='cuda:0')]
[2019-03-15 19:18:09,910][INFO][epoch:112	loss:tensor(0.8954, device='cuda:0')]
[2019-03-15 19:18:11,665][INFO][epoch:113	loss:tensor(1.0829, device='cuda:0')]
[2019-03-15 19:18:13,396][INFO][epoch:114	loss:tensor(1.0117, device='cuda:0')]
[2019-03-15 19:18:15,191][INFO][epoch:115	loss:tensor(0.9327, device='cuda:0')]
[2019-03-15 19:18:16,959][INFO][epoch:116	loss:tensor(0.9571, device='cuda:0')]
[2019-03-15 19:18:18,712][INFO][epoch:117	loss:tensor(0.9198, device='cuda:0')]
[2019-03-15 19:18:20,482][INFO][epoch:118	loss:tensor(0.9320, device='cuda:0')]
[2019-03-15 19:18:22,253][INFO][epoch:119	loss:tensor(0.8983, device='cuda:0')]
[2019-03-15 19:18:24,059][INFO][epoch:120	loss:tensor(0.9702, device='cuda:0')]
[2019-03-15 19:18:24,820][WARNING][LCC:0.72039]
[2019-03-15 19:18:24,820][WARNING][SROCC:0.64750373]
[2019-03-15 19:18:26,516][INFO][epoch:121	loss:tensor(0.9029, device='cuda:0')]
[2019-03-15 19:18:28,246][INFO][epoch:122	loss:tensor(0.8591, device='cuda:0')]
[2019-03-15 19:18:30,011][INFO][epoch:123	loss:tensor(0.8486, device='cuda:0')]
[2019-03-15 19:18:31,761][INFO][epoch:124	loss:tensor(1.9756, device='cuda:0')]
[2019-03-15 19:18:33,488][INFO][epoch:125	loss:tensor(1.7316, device='cuda:0')]
[2019-03-15 19:18:35,243][INFO][epoch:126	loss:tensor(1.2193, device='cuda:0')]
[2019-03-15 19:18:36,985][INFO][epoch:127	loss:tensor(1.1764, device='cuda:0')]
[2019-03-15 19:18:38,724][INFO][epoch:128	loss:tensor(1.1087, device='cuda:0')]
[2019-03-15 19:18:40,464][INFO][epoch:129	loss:tensor(1.0055, device='cuda:0')]
[2019-03-15 19:18:42,188][INFO][epoch:130	loss:tensor(0.9944, device='cuda:0')]
[2019-03-15 19:18:42,910][WARNING][LCC:0.6802963]
[2019-03-15 19:18:42,910][WARNING][SROCC:0.6503184]
[2019-03-15 19:18:44,599][INFO][epoch:131	loss:tensor(0.9191, device='cuda:0')]
[2019-03-15 19:18:46,350][INFO][epoch:132	loss:tensor(0.9357, device='cuda:0')]
[2019-03-15 19:18:48,101][INFO][epoch:133	loss:tensor(0.9205, device='cuda:0')]
[2019-03-15 19:18:49,864][INFO][epoch:134	loss:tensor(0.9397, device='cuda:0')]
[2019-03-15 19:18:51,621][INFO][epoch:135	loss:tensor(0.9465, device='cuda:0')]
[2019-03-15 19:18:53,361][INFO][epoch:136	loss:tensor(0.9055, device='cuda:0')]
[2019-03-15 19:18:55,110][INFO][epoch:137	loss:tensor(0.8512, device='cuda:0')]
[2019-03-15 19:18:56,860][INFO][epoch:138	loss:tensor(0.8521, device='cuda:0')]
[2019-03-15 19:18:58,620][INFO][epoch:139	loss:tensor(0.9290, device='cuda:0')]
[2019-03-15 19:19:00,326][INFO][epoch:140	loss:tensor(0.9030, device='cuda:0')]
[2019-03-15 19:19:01,059][WARNING][LCC:0.76284367]
[2019-03-15 19:19:01,060][WARNING][SROCC:0.7095825]
[2019-03-15 19:19:02,739][INFO][epoch:141	loss:tensor(0.8322, device='cuda:0')]
[2019-03-15 19:19:04,491][INFO][epoch:142	loss:tensor(0.8597, device='cuda:0')]
[2019-03-15 19:19:06,246][INFO][epoch:143	loss:tensor(0.8328, device='cuda:0')]
[2019-03-15 19:19:07,992][INFO][epoch:144	loss:tensor(0.8301, device='cuda:0')]
[2019-03-15 19:19:09,737][INFO][epoch:145	loss:tensor(0.8872, device='cuda:0')]
[2019-03-15 19:19:11,473][INFO][epoch:146	loss:tensor(0.8310, device='cuda:0')]
[2019-03-15 19:19:13,206][INFO][epoch:147	loss:tensor(0.8345, device='cuda:0')]
[2019-03-15 19:19:14,960][INFO][epoch:148	loss:tensor(0.8034, device='cuda:0')]
[2019-03-15 19:19:16,680][INFO][epoch:149	loss:tensor(0.7840, device='cuda:0')]
[2019-03-15 19:19:18,424][INFO][epoch:150	loss:tensor(0.7997, device='cuda:0')]
[2019-03-15 19:19:19,166][WARNING][LCC:0.7646711]
[2019-03-15 19:19:19,166][WARNING][SROCC:0.701993]
[2019-03-15 19:19:19,166][WARNING][Model saved]
[2019-03-15 19:19:20,903][INFO][epoch:151	loss:tensor(0.8388, device='cuda:0')]
[2019-03-15 19:19:22,618][INFO][epoch:152	loss:tensor(0.8559, device='cuda:0')]
[2019-03-15 19:19:24,344][INFO][epoch:153	loss:tensor(0.7557, device='cuda:0')]
[2019-03-15 19:19:26,057][INFO][epoch:154	loss:tensor(0.7361, device='cuda:0')]
[2019-03-15 19:19:27,774][INFO][epoch:155	loss:tensor(0.7844, device='cuda:0')]
[2019-03-15 19:19:29,496][INFO][epoch:156	loss:tensor(0.7938, device='cuda:0')]
[2019-03-15 19:19:31,232][INFO][epoch:157	loss:tensor(0.7861, device='cuda:0')]
[2019-03-15 19:19:32,959][INFO][epoch:158	loss:tensor(0.7813, device='cuda:0')]
[2019-03-15 19:19:34,692][INFO][epoch:159	loss:tensor(0.7742, device='cuda:0')]
[2019-03-15 19:19:36,437][INFO][epoch:160	loss:tensor(0.7416, device='cuda:0')]
[2019-03-15 19:19:37,169][WARNING][LCC:0.7579528]
[2019-03-15 19:19:37,169][WARNING][SROCC:0.66487896]
[2019-03-15 19:19:38,836][INFO][epoch:161	loss:tensor(0.8573, device='cuda:0')]
[2019-03-15 19:19:40,567][INFO][epoch:162	loss:tensor(2.6342, device='cuda:0')]
[2019-03-15 19:19:42,283][INFO][epoch:163	loss:tensor(1.7742, device='cuda:0')]
[2019-03-15 19:19:43,998][INFO][epoch:164	loss:tensor(1.4062, device='cuda:0')]
[2019-03-15 19:19:45,727][INFO][epoch:165	loss:tensor(1.3651, device='cuda:0')]
[2019-03-15 19:19:47,464][INFO][epoch:166	loss:tensor(1.2950, device='cuda:0')]
[2019-03-15 19:19:49,203][INFO][epoch:167	loss:tensor(1.3020, device='cuda:0')]
[2019-03-15 19:19:50,968][INFO][epoch:168	loss:tensor(1.1668, device='cuda:0')]
[2019-03-15 19:19:52,734][INFO][epoch:169	loss:tensor(1.1954, device='cuda:0')]
[2019-03-15 19:19:54,484][INFO][epoch:170	loss:tensor(1.1449, device='cuda:0')]
[2019-03-15 19:19:55,266][WARNING][LCC:0.6490037]
[2019-03-15 19:19:55,266][WARNING][SROCC:0.62223625]
[2019-03-15 19:19:56,964][INFO][epoch:171	loss:tensor(1.1298, device='cuda:0')]
[2019-03-15 19:19:58,701][INFO][epoch:172	loss:tensor(1.0616, device='cuda:0')]
[2019-03-15 19:20:00,440][INFO][epoch:173	loss:tensor(1.0723, device='cuda:0')]
[2019-03-15 19:20:02,162][INFO][epoch:174	loss:tensor(1.0970, device='cuda:0')]
[2019-03-15 19:20:03,886][INFO][epoch:175	loss:tensor(1.0137, device='cuda:0')]
[2019-03-15 19:20:05,626][INFO][epoch:176	loss:tensor(1.0321, device='cuda:0')]
[2019-03-15 19:20:07,355][INFO][epoch:177	loss:tensor(1.0007, device='cuda:0')]
[2019-03-15 19:20:09,086][INFO][epoch:178	loss:tensor(0.9533, device='cuda:0')]
[2019-03-15 19:20:10,834][INFO][epoch:179	loss:tensor(0.9987, device='cuda:0')]
[2019-03-15 19:20:12,582][INFO][epoch:180	loss:tensor(1.0430, device='cuda:0')]
[2019-03-15 19:20:13,316][WARNING][LCC:0.71737885]
[2019-03-15 19:20:13,316][WARNING][SROCC:0.680772]
[2019-03-15 19:20:14,980][INFO][epoch:181	loss:tensor(0.9989, device='cuda:0')]
[2019-03-15 19:20:16,720][INFO][epoch:182	loss:tensor(1.0282, device='cuda:0')]
[2019-03-15 19:20:18,443][INFO][epoch:183	loss:tensor(0.9636, device='cuda:0')]
[2019-03-15 19:20:20,178][INFO][epoch:184	loss:tensor(0.8997, device='cuda:0')]
[2019-03-15 19:20:21,902][INFO][epoch:185	loss:tensor(0.9225, device='cuda:0')]
[2019-03-15 19:20:23,631][INFO][epoch:186	loss:tensor(0.8873, device='cuda:0')]
[2019-03-15 19:20:25,351][INFO][epoch:187	loss:tensor(0.8819, device='cuda:0')]
[2019-03-15 19:20:27,088][INFO][epoch:188	loss:tensor(0.8593, device='cuda:0')]
[2019-03-15 19:20:28,797][INFO][epoch:189	loss:tensor(0.9486, device='cuda:0')]
[2019-03-15 19:20:30,544][INFO][epoch:190	loss:tensor(0.8815, device='cuda:0')]
[2019-03-15 19:20:31,279][WARNING][LCC:0.75245005]
[2019-03-15 19:20:31,279][WARNING][SROCC:0.68198013]
[2019-03-15 19:20:32,951][INFO][epoch:191	loss:tensor(0.8767, device='cuda:0')]
[2019-03-15 19:20:34,697][INFO][epoch:192	loss:tensor(0.7996, device='cuda:0')]
[2019-03-15 19:20:36,441][INFO][epoch:193	loss:tensor(0.8623, device='cuda:0')]
[2019-03-15 19:20:38,167][INFO][epoch:194	loss:tensor(0.8512, device='cuda:0')]
[2019-03-15 19:20:39,888][INFO][epoch:195	loss:tensor(0.8601, device='cuda:0')]
[2019-03-15 19:20:41,635][INFO][epoch:196	loss:tensor(0.8121, device='cuda:0')]
[2019-03-15 19:20:43,368][INFO][epoch:197	loss:tensor(0.8092, device='cuda:0')]
[2019-03-15 19:20:45,100][INFO][epoch:198	loss:tensor(0.8325, device='cuda:0')]
[2019-03-15 19:20:46,844][INFO][epoch:199	loss:tensor(0.7717, device='cuda:0')]
[2019-03-15 19:20:48,558][INFO][epoch:200	loss:tensor(0.7605, device='cuda:0')]
[2019-03-15 19:20:49,295][WARNING][LCC:0.76368296]
[2019-03-15 19:20:49,295][WARNING][SROCC:0.6974938]
[2019-03-15 19:20:49,296][WARNING][Model saved]
[2019-03-15 19:20:51,046][INFO][epoch:201	loss:tensor(0.8279, device='cuda:0')]
[2019-03-15 19:20:52,766][INFO][epoch:202	loss:tensor(0.8107, device='cuda:0')]
[2019-03-15 19:20:54,479][INFO][epoch:203	loss:tensor(0.8284, device='cuda:0')]
[2019-03-15 19:20:56,204][INFO][epoch:204	loss:tensor(0.7427, device='cuda:0')]
[2019-03-15 19:20:57,930][INFO][epoch:205	loss:tensor(0.7886, device='cuda:0')]
[2019-03-15 19:20:59,658][INFO][epoch:206	loss:tensor(0.7629, device='cuda:0')]
[2019-03-15 19:21:01,376][INFO][epoch:207	loss:tensor(0.7645, device='cuda:0')]
[2019-03-15 19:21:03,112][INFO][epoch:208	loss:tensor(0.7616, device='cuda:0')]
[2019-03-15 19:21:04,804][INFO][epoch:209	loss:tensor(0.7686, device='cuda:0')]
[2019-03-15 19:21:06,551][INFO][epoch:210	loss:tensor(0.7970, device='cuda:0')]
[2019-03-15 19:21:07,270][WARNING][LCC:0.76744705]
[2019-03-15 19:21:07,270][WARNING][SROCC:0.702927]
[2019-03-15 19:21:08,944][INFO][epoch:211	loss:tensor(0.7205, device='cuda:0')]
[2019-03-15 19:21:10,667][INFO][epoch:212	loss:tensor(0.7261, device='cuda:0')]
[2019-03-15 19:21:12,404][INFO][epoch:213	loss:tensor(0.6852, device='cuda:0')]
[2019-03-15 19:21:14,127][INFO][epoch:214	loss:tensor(0.7133, device='cuda:0')]
[2019-03-15 19:21:15,855][INFO][epoch:215	loss:tensor(0.7032, device='cuda:0')]
[2019-03-15 19:21:17,584][INFO][epoch:216	loss:tensor(0.7925, device='cuda:0')]
[2019-03-15 19:21:19,309][INFO][epoch:217	loss:tensor(0.7151, device='cuda:0')]
[2019-03-15 19:21:21,047][INFO][epoch:218	loss:tensor(0.7145, device='cuda:0')]
[2019-03-15 19:21:22,799][INFO][epoch:219	loss:tensor(0.7137, device='cuda:0')]
[2019-03-15 19:21:24,557][INFO][epoch:220	loss:tensor(0.6745, device='cuda:0')]
[2019-03-15 19:21:25,279][WARNING][LCC:0.7600851]
[2019-03-15 19:21:25,279][WARNING][SROCC:0.6655117]
[2019-03-15 19:21:26,963][INFO][epoch:221	loss:tensor(0.7861, device='cuda:0')]
[2019-03-15 19:21:28,696][INFO][epoch:222	loss:tensor(0.7001, device='cuda:0')]
[2019-03-15 19:21:30,413][INFO][epoch:223	loss:tensor(0.7343, device='cuda:0')]
[2019-03-15 19:21:32,165][INFO][epoch:224	loss:tensor(0.7396, device='cuda:0')]
[2019-03-15 19:21:33,903][INFO][epoch:225	loss:tensor(0.6917, device='cuda:0')]
[2019-03-15 19:21:35,635][INFO][epoch:226	loss:tensor(0.7042, device='cuda:0')]
[2019-03-15 19:21:37,397][INFO][epoch:227	loss:tensor(0.6734, device='cuda:0')]
[2019-03-15 19:21:39,111][INFO][epoch:228	loss:tensor(0.7172, device='cuda:0')]
[2019-03-15 19:21:40,847][INFO][epoch:229	loss:tensor(0.6523, device='cuda:0')]
[2019-03-15 19:21:42,593][INFO][epoch:230	loss:tensor(0.6533, device='cuda:0')]
[2019-03-15 19:21:43,332][WARNING][LCC:0.77900356]
[2019-03-15 19:21:43,332][WARNING][SROCC:0.6970555]
[2019-03-15 19:21:45,007][INFO][epoch:231	loss:tensor(0.6521, device='cuda:0')]
[2019-03-15 19:21:46,744][INFO][epoch:232	loss:tensor(0.6387, device='cuda:0')]
[2019-03-15 19:21:48,484][INFO][epoch:233	loss:tensor(0.6876, device='cuda:0')]
[2019-03-15 19:21:50,208][INFO][epoch:234	loss:tensor(0.6852, device='cuda:0')]
[2019-03-15 19:21:51,945][INFO][epoch:235	loss:tensor(0.6717, device='cuda:0')]
[2019-03-15 19:21:53,691][INFO][epoch:236	loss:tensor(0.6464, device='cuda:0')]
[2019-03-15 19:21:55,407][INFO][epoch:237	loss:tensor(0.6255, device='cuda:0')]
[2019-03-15 19:21:57,167][INFO][epoch:238	loss:tensor(0.6508, device='cuda:0')]
[2019-03-15 19:21:58,879][INFO][epoch:239	loss:tensor(0.6791, device='cuda:0')]
[2019-03-15 19:22:00,608][INFO][epoch:240	loss:tensor(0.6384, device='cuda:0')]
[2019-03-15 19:22:01,332][WARNING][LCC:0.7744615]
[2019-03-15 19:22:01,332][WARNING][SROCC:0.70155954]
[2019-03-15 19:22:03,032][INFO][epoch:241	loss:tensor(0.6763, device='cuda:0')]
[2019-03-15 19:22:04,760][INFO][epoch:242	loss:tensor(0.6705, device='cuda:0')]
[2019-03-15 19:22:06,494][INFO][epoch:243	loss:tensor(0.6311, device='cuda:0')]
[2019-03-15 19:22:08,224][INFO][epoch:244	loss:tensor(0.7148, device='cuda:0')]
[2019-03-15 19:22:09,940][INFO][epoch:245	loss:tensor(0.6333, device='cuda:0')]
[2019-03-15 19:22:11,666][INFO][epoch:246	loss:tensor(0.6380, device='cuda:0')]
[2019-03-15 19:22:13,393][INFO][epoch:247	loss:tensor(0.6711, device='cuda:0')]
[2019-03-15 19:22:15,125][INFO][epoch:248	loss:tensor(0.6352, device='cuda:0')]
[2019-03-15 19:22:16,843][INFO][epoch:249	loss:tensor(0.6014, device='cuda:0')]
[2019-03-15 19:22:18,574][INFO][epoch:250	loss:tensor(0.6198, device='cuda:0')]
[2019-03-15 19:22:19,309][WARNING][LCC:0.7904092]
[2019-03-15 19:22:19,309][WARNING][SROCC:0.72620547]
[2019-03-15 19:22:19,309][WARNING][Model saved]
[2019-03-15 19:22:21,038][INFO][epoch:251	loss:tensor(0.6143, device='cuda:0')]
[2019-03-15 19:22:22,767][INFO][epoch:252	loss:tensor(0.6490, device='cuda:0')]
[2019-03-15 19:22:24,507][INFO][epoch:253	loss:tensor(0.6299, device='cuda:0')]
[2019-03-15 19:22:26,217][INFO][epoch:254	loss:tensor(0.5720, device='cuda:0')]
[2019-03-15 19:22:27,947][INFO][epoch:255	loss:tensor(0.5656, device='cuda:0')]
[2019-03-15 19:22:29,681][INFO][epoch:256	loss:tensor(0.5829, device='cuda:0')]
[2019-03-15 19:22:31,408][INFO][epoch:257	loss:tensor(0.6133, device='cuda:0')]
[2019-03-15 19:22:33,124][INFO][epoch:258	loss:tensor(0.6201, device='cuda:0')]
[2019-03-15 19:22:34,844][INFO][epoch:259	loss:tensor(0.5982, device='cuda:0')]
[2019-03-15 19:22:36,574][INFO][epoch:260	loss:tensor(0.5989, device='cuda:0')]
[2019-03-15 19:22:37,308][WARNING][LCC:0.80181235]
[2019-03-15 19:22:37,308][WARNING][SROCC:0.7337105]
[2019-03-15 19:22:38,981][INFO][epoch:261	loss:tensor(0.5966, device='cuda:0')]
[2019-03-15 19:22:40,703][INFO][epoch:262	loss:tensor(0.6435, device='cuda:0')]
[2019-03-15 19:22:42,436][INFO][epoch:263	loss:tensor(0.6598, device='cuda:0')]
[2019-03-15 19:22:44,158][INFO][epoch:264	loss:tensor(0.5938, device='cuda:0')]
[2019-03-15 19:22:45,892][INFO][epoch:265	loss:tensor(0.5658, device='cuda:0')]
[2019-03-15 19:22:47,652][INFO][epoch:266	loss:tensor(0.5762, device='cuda:0')]
[2019-03-15 19:22:49,384][INFO][epoch:267	loss:tensor(0.5761, device='cuda:0')]
[2019-03-15 19:22:51,095][INFO][epoch:268	loss:tensor(0.5780, device='cuda:0')]
[2019-03-15 19:22:52,837][INFO][epoch:269	loss:tensor(0.6256, device='cuda:0')]
[2019-03-15 19:22:54,567][INFO][epoch:270	loss:tensor(0.5739, device='cuda:0')]
[2019-03-15 19:22:55,304][WARNING][LCC:0.78876245]
[2019-03-15 19:22:55,304][WARNING][SROCC:0.72737527]
[2019-03-15 19:22:56,982][INFO][epoch:271	loss:tensor(0.6039, device='cuda:0')]
[2019-03-15 19:22:58,727][INFO][epoch:272	loss:tensor(0.6437, device='cuda:0')]
[2019-03-15 19:23:00,477][INFO][epoch:273	loss:tensor(0.5875, device='cuda:0')]
[2019-03-15 19:23:02,195][INFO][epoch:274	loss:tensor(0.5590, device='cuda:0')]
[2019-03-15 19:23:03,944][INFO][epoch:275	loss:tensor(0.5423, device='cuda:0')]
[2019-03-15 19:23:05,667][INFO][epoch:276	loss:tensor(0.5374, device='cuda:0')]
[2019-03-15 19:23:07,419][INFO][epoch:277	loss:tensor(0.5351, device='cuda:0')]
[2019-03-15 19:23:09,164][INFO][epoch:278	loss:tensor(0.5865, device='cuda:0')]
[2019-03-15 19:23:10,914][INFO][epoch:279	loss:tensor(0.5491, device='cuda:0')]
[2019-03-15 19:23:12,648][INFO][epoch:280	loss:tensor(0.5660, device='cuda:0')]
[2019-03-15 19:23:13,387][WARNING][LCC:0.8038789]
[2019-03-15 19:23:13,387][WARNING][SROCC:0.7293452]
[2019-03-15 19:23:15,068][INFO][epoch:281	loss:tensor(0.5642, device='cuda:0')]
[2019-03-15 19:23:16,792][INFO][epoch:282	loss:tensor(0.5468, device='cuda:0')]
[2019-03-15 19:23:18,533][INFO][epoch:283	loss:tensor(0.7239, device='cuda:0')]
[2019-03-15 19:23:20,253][INFO][epoch:284	loss:tensor(0.6074, device='cuda:0')]
[2019-03-15 19:23:21,978][INFO][epoch:285	loss:tensor(0.5658, device='cuda:0')]
[2019-03-15 19:23:23,707][INFO][epoch:286	loss:tensor(0.5754, device='cuda:0')]
[2019-03-15 19:23:25,419][INFO][epoch:287	loss:tensor(0.6071, device='cuda:0')]
[2019-03-15 19:23:27,174][INFO][epoch:288	loss:tensor(0.6013, device='cuda:0')]
[2019-03-15 19:23:28,931][INFO][epoch:289	loss:tensor(0.5688, device='cuda:0')]
[2019-03-15 19:23:30,704][INFO][epoch:290	loss:tensor(0.5482, device='cuda:0')]
[2019-03-15 19:23:31,511][WARNING][LCC:0.82551444]
[2019-03-15 19:23:31,511][WARNING][SROCC:0.7670091]
[2019-03-15 19:23:33,234][INFO][epoch:291	loss:tensor(0.5270, device='cuda:0')]
[2019-03-15 19:23:34,984][INFO][epoch:292	loss:tensor(0.5860, device='cuda:0')]
[2019-03-15 19:23:36,780][INFO][epoch:293	loss:tensor(0.5461, device='cuda:0')]
[2019-03-15 19:23:38,593][INFO][epoch:294	loss:tensor(0.5487, device='cuda:0')]
