[2019-03-05 12:18:19,067][WARNING][Model:Change dense layer size to 1024]
[2019-03-05 12:18:45,450][INFO][epoch:0	loss:tensor(6.0994, device='cuda:0')]
[2019-03-05 12:19:08,975][INFO][epoch:1	loss:tensor(6.2350, device='cuda:0')]
[2019-03-05 12:19:32,564][INFO][epoch:2	loss:tensor(5.2098, device='cuda:0')]
[2019-03-05 12:19:56,059][INFO][epoch:3	loss:tensor(4.9259, device='cuda:0')]
[2019-03-05 12:20:19,573][INFO][epoch:4	loss:tensor(4.8670, device='cuda:0')]
[2019-03-05 12:20:43,131][INFO][epoch:5	loss:tensor(4.8691, device='cuda:0')]
[2019-03-05 12:21:06,672][INFO][epoch:6	loss:tensor(4.3445, device='cuda:0')]
[2019-03-05 12:21:30,195][INFO][epoch:7	loss:tensor(4.2508, device='cuda:0')]
[2019-03-05 12:21:53,705][INFO][epoch:8	loss:tensor(3.9980, device='cuda:0')]
[2019-03-05 12:22:17,253][INFO][epoch:9	loss:tensor(3.7202, device='cuda:0')]
[2019-03-05 12:22:40,789][INFO][epoch:10	loss:tensor(3.8463, device='cuda:0')]
[2019-03-05 12:22:42,685][WARNING][LCC:tensor(0.6479)]
[2019-03-05 12:22:42,686][WARNING][SROCC:tensor(0.6211)]
[2019-03-05 12:23:06,178][INFO][epoch:11	loss:tensor(3.9045, device='cuda:0')]
[2019-03-05 12:23:29,711][INFO][epoch:12	loss:tensor(3.7534, device='cuda:0')]
[2019-03-05 12:23:53,175][INFO][epoch:13	loss:tensor(3.6968, device='cuda:0')]
[2019-03-05 12:24:16,639][INFO][epoch:14	loss:tensor(3.4651, device='cuda:0')]
[2019-03-05 12:24:40,123][INFO][epoch:15	loss:tensor(3.4208, device='cuda:0')]
[2019-03-05 12:25:03,586][INFO][epoch:16	loss:tensor(3.3236, device='cuda:0')]
[2019-03-05 12:25:27,081][INFO][epoch:17	loss:tensor(3.3035, device='cuda:0')]
[2019-03-05 12:25:50,543][INFO][epoch:18	loss:tensor(3.3080, device='cuda:0')]
[2019-03-05 12:26:13,979][INFO][epoch:19	loss:tensor(3.3387, device='cuda:0')]
[2019-03-05 12:26:37,441][INFO][epoch:20	loss:tensor(3.2077, device='cuda:0')]
[2019-03-05 12:26:39,354][WARNING][LCC:tensor(0.7757)]
[2019-03-05 12:26:39,355][WARNING][SROCC:tensor(0.7259)]
[2019-03-05 12:27:02,822][INFO][epoch:21	loss:tensor(3.1879, device='cuda:0')]
[2019-03-05 12:27:26,276][INFO][epoch:22	loss:tensor(3.0115, device='cuda:0')]
[2019-03-05 12:27:49,751][INFO][epoch:23	loss:tensor(3.1444, device='cuda:0')]
[2019-03-05 12:28:13,189][INFO][epoch:24	loss:tensor(2.9631, device='cuda:0')]
[2019-03-05 12:28:36,685][INFO][epoch:25	loss:tensor(2.8972, device='cuda:0')]
[2019-03-05 12:29:00,142][INFO][epoch:26	loss:tensor(2.9556, device='cuda:0')]
[2019-03-05 12:29:23,591][INFO][epoch:27	loss:tensor(2.8371, device='cuda:0')]
[2019-03-05 12:29:47,016][INFO][epoch:28	loss:tensor(2.9808, device='cuda:0')]
[2019-03-05 12:30:10,475][INFO][epoch:29	loss:tensor(2.9439, device='cuda:0')]
[2019-03-05 12:30:33,921][INFO][epoch:30	loss:tensor(2.9691, device='cuda:0')]
[2019-03-05 12:30:35,804][WARNING][LCC:tensor(0.8269)]
[2019-03-05 12:30:35,805][WARNING][SROCC:tensor(0.8180)]
[2019-03-05 12:30:59,239][INFO][epoch:31	loss:tensor(2.7774, device='cuda:0')]
[2019-03-05 12:31:22,666][INFO][epoch:32	loss:tensor(2.7995, device='cuda:0')]
[2019-03-05 12:31:46,125][INFO][epoch:33	loss:tensor(2.8117, device='cuda:0')]
[2019-03-05 12:32:09,557][INFO][epoch:34	loss:tensor(2.7010, device='cuda:0')]
[2019-03-05 12:32:32,996][INFO][epoch:35	loss:tensor(2.7284, device='cuda:0')]
[2019-03-05 12:32:56,423][INFO][epoch:36	loss:tensor(2.6052, device='cuda:0')]
[2019-03-05 12:33:19,886][INFO][epoch:37	loss:tensor(2.5973, device='cuda:0')]
[2019-03-05 12:33:43,327][INFO][epoch:38	loss:tensor(2.6517, device='cuda:0')]
[2019-03-05 12:34:06,756][INFO][epoch:39	loss:tensor(2.5194, device='cuda:0')]
[2019-03-05 12:34:30,172][INFO][epoch:40	loss:tensor(2.6697, device='cuda:0')]
[2019-03-05 12:34:32,049][WARNING][LCC:tensor(0.8386)]
[2019-03-05 12:34:32,050][WARNING][SROCC:tensor(0.8223)]
[2019-03-05 12:34:55,467][INFO][epoch:41	loss:tensor(2.6837, device='cuda:0')]
[2019-03-05 12:35:18,972][INFO][epoch:42	loss:tensor(2.4463, device='cuda:0')]
[2019-03-05 12:35:42,427][INFO][epoch:43	loss:tensor(2.5671, device='cuda:0')]
[2019-03-05 12:36:05,876][INFO][epoch:44	loss:tensor(2.4958, device='cuda:0')]
[2019-03-05 12:36:29,348][INFO][epoch:45	loss:tensor(2.5064, device='cuda:0')]
[2019-03-05 12:36:52,767][INFO][epoch:46	loss:tensor(2.4239, device='cuda:0')]
[2019-03-05 12:37:16,225][INFO][epoch:47	loss:tensor(2.4779, device='cuda:0')]
[2019-03-05 12:37:39,645][INFO][epoch:48	loss:tensor(2.3551, device='cuda:0')]
[2019-03-05 12:38:03,066][INFO][epoch:49	loss:tensor(2.4104, device='cuda:0')]
[2019-03-05 12:38:26,515][INFO][epoch:50	loss:tensor(2.5060, device='cuda:0')]
[2019-03-05 12:38:28,387][WARNING][LCC:tensor(0.8566)]
[2019-03-05 12:38:28,388][WARNING][SROCC:tensor(0.8507)]
[2019-03-05 12:38:51,979][INFO][epoch:51	loss:tensor(2.3488, device='cuda:0')]
[2019-03-05 12:39:15,509][INFO][epoch:52	loss:tensor(2.3058, device='cuda:0')]
[2019-03-05 12:39:38,980][INFO][epoch:53	loss:tensor(2.3078, device='cuda:0')]
[2019-03-05 12:40:02,430][INFO][epoch:54	loss:tensor(2.3290, device='cuda:0')]
[2019-03-05 12:40:25,949][INFO][epoch:55	loss:tensor(2.2699, device='cuda:0')]
[2019-03-05 12:40:49,401][INFO][epoch:56	loss:tensor(2.3719, device='cuda:0')]
[2019-03-05 12:41:12,859][INFO][epoch:57	loss:tensor(2.2091, device='cuda:0')]
[2019-03-05 12:41:36,312][INFO][epoch:58	loss:tensor(2.2649, device='cuda:0')]
[2019-03-05 12:41:59,765][INFO][epoch:59	loss:tensor(2.1828, device='cuda:0')]
[2019-03-05 12:42:23,199][INFO][epoch:60	loss:tensor(2.0951, device='cuda:0')]
[2019-03-05 12:42:25,051][WARNING][LCC:tensor(0.8566)]
[2019-03-05 12:42:25,052][WARNING][SROCC:tensor(0.8400)]
[2019-03-05 12:42:48,518][INFO][epoch:61	loss:tensor(2.1687, device='cuda:0')]
[2019-03-05 12:43:11,984][INFO][epoch:62	loss:tensor(2.0655, device='cuda:0')]
[2019-03-05 12:43:35,444][INFO][epoch:63	loss:tensor(2.1482, device='cuda:0')]
[2019-03-05 12:43:58,930][INFO][epoch:64	loss:tensor(2.2272, device='cuda:0')]
[2019-03-05 12:44:22,445][INFO][epoch:65	loss:tensor(2.2318, device='cuda:0')]
[2019-03-05 12:44:45,931][INFO][epoch:66	loss:tensor(2.2495, device='cuda:0')]
[2019-03-05 12:45:09,432][INFO][epoch:67	loss:tensor(2.3241, device='cuda:0')]
[2019-03-05 12:45:32,929][INFO][epoch:68	loss:tensor(2.0650, device='cuda:0')]
[2019-03-05 12:45:56,390][INFO][epoch:69	loss:tensor(2.1093, device='cuda:0')]
[2019-03-05 12:46:19,875][INFO][epoch:70	loss:tensor(2.1528, device='cuda:0')]
[2019-03-05 12:46:21,782][WARNING][LCC:tensor(0.8689)]
[2019-03-05 12:46:21,783][WARNING][SROCC:tensor(0.8619)]
[2019-03-05 12:46:45,258][INFO][epoch:71	loss:tensor(1.9989, device='cuda:0')]
[2019-03-05 12:47:08,748][INFO][epoch:72	loss:tensor(2.0893, device='cuda:0')]
[2019-03-05 12:47:32,218][INFO][epoch:73	loss:tensor(1.9670, device='cuda:0')]
[2019-03-05 12:47:55,714][INFO][epoch:74	loss:tensor(2.1308, device='cuda:0')]
[2019-03-05 12:48:19,175][INFO][epoch:75	loss:tensor(2.0242, device='cuda:0')]
[2019-03-05 12:48:42,705][INFO][epoch:76	loss:tensor(2.0826, device='cuda:0')]
[2019-03-05 12:49:06,183][INFO][epoch:77	loss:tensor(2.0799, device='cuda:0')]
[2019-03-05 12:49:29,650][INFO][epoch:78	loss:tensor(1.9815, device='cuda:0')]
[2019-03-05 12:49:53,161][INFO][epoch:79	loss:tensor(2.1036, device='cuda:0')]
[2019-03-05 12:50:16,814][INFO][epoch:80	loss:tensor(2.0327, device='cuda:0')]
[2019-03-05 12:50:18,682][WARNING][LCC:tensor(0.8793)]
[2019-03-05 12:50:18,682][WARNING][SROCC:tensor(0.8704)]
[2019-03-05 12:50:42,130][INFO][epoch:81	loss:tensor(1.9804, device='cuda:0')]
[2019-03-05 12:51:05,593][INFO][epoch:82	loss:tensor(1.9647, device='cuda:0')]
[2019-03-05 12:51:29,051][INFO][epoch:83	loss:tensor(1.9807, device='cuda:0')]
[2019-03-05 12:51:52,554][INFO][epoch:84	loss:tensor(2.0277, device='cuda:0')]
[2019-03-05 12:52:16,034][INFO][epoch:85	loss:tensor(1.9159, device='cuda:0')]
[2019-03-05 12:52:39,470][INFO][epoch:86	loss:tensor(1.9814, device='cuda:0')]
[2019-03-05 12:53:02,884][INFO][epoch:87	loss:tensor(1.9693, device='cuda:0')]
[2019-03-05 12:53:26,333][INFO][epoch:88	loss:tensor(1.9674, device='cuda:0')]
[2019-03-05 12:53:49,851][INFO][epoch:89	loss:tensor(2.0037, device='cuda:0')]
[2019-03-05 12:54:13,399][INFO][epoch:90	loss:tensor(1.9634, device='cuda:0')]
[2019-03-05 12:54:15,290][WARNING][LCC:tensor(0.8812)]
[2019-03-05 12:54:15,291][WARNING][SROCC:tensor(0.8760)]
[2019-03-05 12:54:38,740][INFO][epoch:91	loss:tensor(1.9522, device='cuda:0')]
[2019-03-05 12:55:02,210][INFO][epoch:92	loss:tensor(1.9880, device='cuda:0')]
[2019-03-05 12:55:25,661][INFO][epoch:93	loss:tensor(1.9815, device='cuda:0')]
[2019-03-05 12:55:49,107][INFO][epoch:94	loss:tensor(2.0654, device='cuda:0')]
[2019-03-05 12:56:12,562][INFO][epoch:95	loss:tensor(1.9343, device='cuda:0')]
[2019-03-05 12:56:36,015][INFO][epoch:96	loss:tensor(1.9638, device='cuda:0')]
[2019-03-05 12:56:59,464][INFO][epoch:97	loss:tensor(1.9872, device='cuda:0')]
[2019-03-05 12:57:22,898][INFO][epoch:98	loss:tensor(1.8906, device='cuda:0')]
[2019-03-05 12:57:46,382][INFO][epoch:99	loss:tensor(1.8275, device='cuda:0')]
[2019-03-05 12:58:09,887][INFO][epoch:100	loss:tensor(1.9637, device='cuda:0')]
[2019-03-05 12:58:11,781][WARNING][LCC:tensor(0.8869)]
[2019-03-05 12:58:11,781][WARNING][SROCC:tensor(0.8737)]
[2019-03-05 12:58:35,288][INFO][epoch:101	loss:tensor(1.8308, device='cuda:0')]
[2019-03-05 12:58:58,753][INFO][epoch:102	loss:tensor(1.8549, device='cuda:0')]
[2019-03-05 12:59:22,165][INFO][epoch:103	loss:tensor(1.8800, device='cuda:0')]
[2019-03-05 12:59:45,610][INFO][epoch:104	loss:tensor(1.9583, device='cuda:0')]
[2019-03-05 13:00:09,064][INFO][epoch:105	loss:tensor(1.8415, device='cuda:0')]
[2019-03-05 13:00:32,517][INFO][epoch:106	loss:tensor(1.9315, device='cuda:0')]
[2019-03-05 13:00:55,923][INFO][epoch:107	loss:tensor(2.0363, device='cuda:0')]
[2019-03-05 13:01:19,433][INFO][epoch:108	loss:tensor(2.0135, device='cuda:0')]
[2019-03-05 13:01:42,870][INFO][epoch:109	loss:tensor(1.8919, device='cuda:0')]
[2019-03-05 13:02:06,325][INFO][epoch:110	loss:tensor(1.8440, device='cuda:0')]
[2019-03-05 13:02:08,199][WARNING][LCC:tensor(0.9007)]
[2019-03-05 13:02:08,200][WARNING][SROCC:tensor(0.8906)]
[2019-03-05 13:02:31,644][INFO][epoch:111	loss:tensor(1.9213, device='cuda:0')]
[2019-03-05 13:02:55,089][INFO][epoch:112	loss:tensor(1.8530, device='cuda:0')]
[2019-03-05 13:03:18,496][INFO][epoch:113	loss:tensor(1.9593, device='cuda:0')]
[2019-03-05 13:03:42,003][INFO][epoch:114	loss:tensor(1.7444, device='cuda:0')]
[2019-03-05 13:04:05,471][INFO][epoch:115	loss:tensor(1.7981, device='cuda:0')]
[2019-03-05 13:04:28,910][INFO][epoch:116	loss:tensor(1.8589, device='cuda:0')]
[2019-03-05 13:04:52,328][INFO][epoch:117	loss:tensor(1.8400, device='cuda:0')]
[2019-03-05 13:05:15,845][INFO][epoch:118	loss:tensor(1.7648, device='cuda:0')]
[2019-03-05 13:05:39,289][INFO][epoch:119	loss:tensor(1.7350, device='cuda:0')]
[2019-03-05 13:06:02,707][INFO][epoch:120	loss:tensor(1.7834, device='cuda:0')]
[2019-03-05 13:06:04,567][WARNING][LCC:tensor(0.8876)]
[2019-03-05 13:06:04,568][WARNING][SROCC:tensor(0.8789)]
[2019-03-05 13:06:27,970][INFO][epoch:121	loss:tensor(1.7995, device='cuda:0')]
[2019-03-05 13:06:51,482][INFO][epoch:122	loss:tensor(1.7574, device='cuda:0')]
[2019-03-05 13:07:14,916][INFO][epoch:123	loss:tensor(1.8527, device='cuda:0')]
[2019-03-05 13:07:38,337][INFO][epoch:124	loss:tensor(1.7352, device='cuda:0')]
[2019-03-05 13:08:01,762][INFO][epoch:125	loss:tensor(1.7722, device='cuda:0')]
[2019-03-05 13:08:25,207][INFO][epoch:126	loss:tensor(1.7859, device='cuda:0')]
[2019-03-05 13:08:48,640][INFO][epoch:127	loss:tensor(1.7356, device='cuda:0')]
[2019-03-05 13:09:12,072][INFO][epoch:128	loss:tensor(1.8027, device='cuda:0')]
[2019-03-05 13:09:35,515][INFO][epoch:129	loss:tensor(1.8734, device='cuda:0')]
[2019-03-05 13:09:58,954][INFO][epoch:130	loss:tensor(1.7737, device='cuda:0')]
[2019-03-05 13:10:00,889][WARNING][LCC:tensor(0.8975)]
[2019-03-05 13:10:00,890][WARNING][SROCC:tensor(0.8921)]
[2019-03-05 13:10:24,305][INFO][epoch:131	loss:tensor(1.7626, device='cuda:0')]
[2019-03-05 13:10:47,736][INFO][epoch:132	loss:tensor(1.8949, device='cuda:0')]
[2019-03-05 13:11:11,186][INFO][epoch:133	loss:tensor(1.7682, device='cuda:0')]
[2019-03-05 13:11:34,614][INFO][epoch:134	loss:tensor(1.8304, device='cuda:0')]
[2019-03-05 13:11:58,041][INFO][epoch:135	loss:tensor(1.8313, device='cuda:0')]
[2019-03-05 13:12:21,447][INFO][epoch:136	loss:tensor(1.7366, device='cuda:0')]
[2019-03-05 13:12:44,937][INFO][epoch:137	loss:tensor(1.7771, device='cuda:0')]
[2019-03-05 13:13:08,377][INFO][epoch:138	loss:tensor(1.7152, device='cuda:0')]
[2019-03-05 13:13:31,843][INFO][epoch:139	loss:tensor(1.7424, device='cuda:0')]
[2019-03-05 13:13:55,280][INFO][epoch:140	loss:tensor(1.7221, device='cuda:0')]
[2019-03-05 13:13:57,179][WARNING][LCC:tensor(0.9008)]
[2019-03-05 13:13:57,180][WARNING][SROCC:tensor(0.8927)]
[2019-03-05 13:14:20,587][INFO][epoch:141	loss:tensor(1.7332, device='cuda:0')]
[2019-03-05 13:14:44,018][INFO][epoch:142	loss:tensor(1.6859, device='cuda:0')]
[2019-03-05 13:15:07,459][INFO][epoch:143	loss:tensor(1.6921, device='cuda:0')]
[2019-03-05 13:15:30,893][INFO][epoch:144	loss:tensor(1.7374, device='cuda:0')]
[2019-03-05 13:15:54,323][INFO][epoch:145	loss:tensor(1.7211, device='cuda:0')]
[2019-03-05 13:16:17,758][INFO][epoch:146	loss:tensor(1.7266, device='cuda:0')]
[2019-03-05 13:16:41,192][INFO][epoch:147	loss:tensor(1.6956, device='cuda:0')]
[2019-03-05 13:17:04,634][INFO][epoch:148	loss:tensor(1.7729, device='cuda:0')]
[2019-03-05 13:17:28,085][INFO][epoch:149	loss:tensor(1.7778, device='cuda:0')]
[2019-03-05 13:17:51,542][INFO][epoch:150	loss:tensor(1.7715, device='cuda:0')]
[2019-03-05 13:17:53,416][WARNING][LCC:tensor(0.8875)]
[2019-03-05 13:17:53,417][WARNING][SROCC:tensor(0.8781)]
[2019-03-05 13:18:16,947][INFO][epoch:151	loss:tensor(1.7959, device='cuda:0')]
[2019-03-05 13:18:40,371][INFO][epoch:152	loss:tensor(1.6905, device='cuda:0')]
[2019-03-05 13:19:03,812][INFO][epoch:153	loss:tensor(1.7407, device='cuda:0')]
[2019-03-05 13:19:27,265][INFO][epoch:154	loss:tensor(1.7208, device='cuda:0')]
[2019-03-05 13:19:50,662][INFO][epoch:155	loss:tensor(1.6825, device='cuda:0')]
[2019-03-05 13:20:14,087][INFO][epoch:156	loss:tensor(1.7000, device='cuda:0')]
[2019-03-05 13:20:37,507][INFO][epoch:157	loss:tensor(1.6600, device='cuda:0')]
[2019-03-05 13:21:00,989][INFO][epoch:158	loss:tensor(1.6867, device='cuda:0')]
[2019-03-05 13:21:24,423][INFO][epoch:159	loss:tensor(1.6582, device='cuda:0')]
[2019-03-05 13:21:47,873][INFO][epoch:160	loss:tensor(1.7153, device='cuda:0')]
[2019-03-05 13:21:49,745][WARNING][LCC:tensor(0.9086)]
[2019-03-05 13:21:49,745][WARNING][SROCC:tensor(0.8978)]
[2019-03-05 13:22:13,154][INFO][epoch:161	loss:tensor(1.7805, device='cuda:0')]
[2019-03-05 13:22:36,597][INFO][epoch:162	loss:tensor(1.7043, device='cuda:0')]
[2019-03-05 13:23:00,036][INFO][epoch:163	loss:tensor(1.6674, device='cuda:0')]
[2019-03-05 13:23:23,472][INFO][epoch:164	loss:tensor(1.6434, device='cuda:0')]
[2019-03-05 13:23:46,957][INFO][epoch:165	loss:tensor(1.7396, device='cuda:0')]
[2019-03-05 13:24:10,383][INFO][epoch:166	loss:tensor(1.7458, device='cuda:0')]
[2019-03-05 13:24:33,815][INFO][epoch:167	loss:tensor(1.6771, device='cuda:0')]
[2019-03-05 13:24:57,245][INFO][epoch:168	loss:tensor(1.6094, device='cuda:0')]
[2019-03-05 13:25:20,660][INFO][epoch:169	loss:tensor(1.5359, device='cuda:0')]
[2019-03-05 13:25:44,092][INFO][epoch:170	loss:tensor(1.7005, device='cuda:0')]
[2019-03-05 13:25:45,963][WARNING][LCC:tensor(0.9016)]
[2019-03-05 13:25:45,963][WARNING][SROCC:tensor(0.8892)]
[2019-03-05 13:26:09,395][INFO][epoch:171	loss:tensor(1.7009, device='cuda:0')]
[2019-03-05 13:26:32,853][INFO][epoch:172	loss:tensor(1.6969, device='cuda:0')]
[2019-03-05 13:26:56,292][INFO][epoch:173	loss:tensor(1.6631, device='cuda:0')]
[2019-03-05 13:27:19,806][INFO][epoch:174	loss:tensor(1.6131, device='cuda:0')]
[2019-03-05 13:27:43,208][INFO][epoch:175	loss:tensor(1.5828, device='cuda:0')]
[2019-03-05 13:28:06,657][INFO][epoch:176	loss:tensor(1.6450, device='cuda:0')]
[2019-03-05 13:28:30,090][INFO][epoch:177	loss:tensor(1.6502, device='cuda:0')]
[2019-03-05 13:28:53,558][INFO][epoch:178	loss:tensor(1.6483, device='cuda:0')]
[2019-03-05 13:29:16,991][INFO][epoch:179	loss:tensor(1.6305, device='cuda:0')]
[2019-03-05 13:29:40,428][INFO][epoch:180	loss:tensor(1.6041, device='cuda:0')]
[2019-03-05 13:29:42,337][WARNING][LCC:tensor(0.8874)]
[2019-03-05 13:29:42,338][WARNING][SROCC:tensor(0.8727)]
[2019-03-05 13:30:05,800][INFO][epoch:181	loss:tensor(1.6673, device='cuda:0')]
[2019-03-05 13:30:29,201][INFO][epoch:182	loss:tensor(1.5955, device='cuda:0')]
[2019-03-05 13:30:52,631][INFO][epoch:183	loss:tensor(1.5927, device='cuda:0')]
[2019-03-05 13:31:16,114][INFO][epoch:184	loss:tensor(1.6854, device='cuda:0')]
[2019-03-05 13:31:39,553][INFO][epoch:185	loss:tensor(1.6023, device='cuda:0')]
[2019-03-05 13:32:02,996][INFO][epoch:186	loss:tensor(1.6015, device='cuda:0')]
[2019-03-05 13:32:26,407][INFO][epoch:187	loss:tensor(1.5294, device='cuda:0')]
[2019-03-05 13:32:49,827][INFO][epoch:188	loss:tensor(1.6352, device='cuda:0')]
[2019-03-05 13:33:13,256][INFO][epoch:189	loss:tensor(1.5709, device='cuda:0')]
[2019-03-05 13:33:36,708][INFO][epoch:190	loss:tensor(1.5459, device='cuda:0')]
[2019-03-05 13:33:38,567][WARNING][LCC:tensor(0.9071)]
[2019-03-05 13:33:38,568][WARNING][SROCC:tensor(0.8938)]
[2019-03-05 13:34:02,001][INFO][epoch:191	loss:tensor(1.5333, device='cuda:0')]
[2019-03-05 13:34:25,495][INFO][epoch:192	loss:tensor(1.6212, device='cuda:0')]
[2019-03-05 13:34:48,897][INFO][epoch:193	loss:tensor(1.5831, device='cuda:0')]
[2019-03-05 13:35:12,319][INFO][epoch:194	loss:tensor(1.5697, device='cuda:0')]
[2019-03-05 13:35:35,725][INFO][epoch:195	loss:tensor(1.6068, device='cuda:0')]
[2019-03-05 13:35:59,167][INFO][epoch:196	loss:tensor(1.5898, device='cuda:0')]
[2019-03-05 13:36:22,594][INFO][epoch:197	loss:tensor(1.5831, device='cuda:0')]
[2019-03-05 13:36:46,003][INFO][epoch:198	loss:tensor(1.5492, device='cuda:0')]
[2019-03-05 13:37:09,422][INFO][epoch:199	loss:tensor(1.5320, device='cuda:0')]
[2019-03-05 13:37:32,848][INFO][epoch:200	loss:tensor(1.6093, device='cuda:0')]
[2019-03-05 13:37:34,711][WARNING][LCC:tensor(0.9050)]
[2019-03-05 13:37:34,712][WARNING][SROCC:tensor(0.9016)]
[2019-03-05 13:37:58,182][INFO][epoch:201	loss:tensor(1.5425, device='cuda:0')]
[2019-03-05 13:38:21,589][INFO][epoch:202	loss:tensor(1.6710, device='cuda:0')]
[2019-03-05 13:38:45,007][INFO][epoch:203	loss:tensor(1.5627, device='cuda:0')]
[2019-03-05 13:39:08,429][INFO][epoch:204	loss:tensor(1.5920, device='cuda:0')]
[2019-03-05 13:39:31,854][INFO][epoch:205	loss:tensor(1.5476, device='cuda:0')]
[2019-03-05 13:39:55,255][INFO][epoch:206	loss:tensor(1.5663, device='cuda:0')]
[2019-03-05 13:40:18,709][INFO][epoch:207	loss:tensor(1.5460, device='cuda:0')]
[2019-03-05 13:40:42,153][INFO][epoch:208	loss:tensor(1.5715, device='cuda:0')]
[2019-03-05 13:41:05,598][INFO][epoch:209	loss:tensor(1.5123, device='cuda:0')]
[2019-03-05 13:41:29,021][INFO][epoch:210	loss:tensor(1.5415, device='cuda:0')]
[2019-03-05 13:41:30,887][WARNING][LCC:tensor(0.8964)]
[2019-03-05 13:41:30,888][WARNING][SROCC:tensor(0.8835)]
[2019-03-05 13:41:54,311][INFO][epoch:211	loss:tensor(1.5391, device='cuda:0')]
[2019-03-05 13:42:17,732][INFO][epoch:212	loss:tensor(1.6023, device='cuda:0')]
[2019-03-05 13:42:41,141][INFO][epoch:213	loss:tensor(1.5241, device='cuda:0')]
[2019-03-05 13:43:04,579][INFO][epoch:214	loss:tensor(1.5196, device='cuda:0')]
[2019-03-05 13:43:28,014][INFO][epoch:215	loss:tensor(1.5652, device='cuda:0')]
[2019-03-05 13:43:51,456][INFO][epoch:216	loss:tensor(1.5397, device='cuda:0')]
[2019-03-05 13:44:14,858][INFO][epoch:217	loss:tensor(1.5564, device='cuda:0')]
[2019-03-05 13:44:38,272][INFO][epoch:218	loss:tensor(1.5371, device='cuda:0')]
[2019-03-05 13:45:01,665][INFO][epoch:219	loss:tensor(1.5180, device='cuda:0')]
[2019-03-05 13:45:25,083][INFO][epoch:220	loss:tensor(1.5739, device='cuda:0')]
[2019-03-05 13:45:26,946][WARNING][LCC:tensor(0.9054)]
[2019-03-05 13:45:26,946][WARNING][SROCC:tensor(0.8978)]
[2019-03-05 13:45:50,384][INFO][epoch:221	loss:tensor(1.5459, device='cuda:0')]
[2019-03-05 13:46:13,802][INFO][epoch:222	loss:tensor(1.5131, device='cuda:0')]
[2019-03-05 13:46:37,235][INFO][epoch:223	loss:tensor(1.5096, device='cuda:0')]
[2019-03-05 13:47:00,668][INFO][epoch:224	loss:tensor(1.5237, device='cuda:0')]
[2019-03-05 13:47:24,077][INFO][epoch:225	loss:tensor(1.5093, device='cuda:0')]
[2019-03-05 13:47:47,500][INFO][epoch:226	loss:tensor(1.5258, device='cuda:0')]
[2019-03-05 13:48:10,936][INFO][epoch:227	loss:tensor(1.5211, device='cuda:0')]
[2019-03-05 13:48:34,378][INFO][epoch:228	loss:tensor(1.5734, device='cuda:0')]
[2019-03-05 13:48:57,861][INFO][epoch:229	loss:tensor(1.4833, device='cuda:0')]
[2019-03-05 13:49:21,291][INFO][epoch:230	loss:tensor(1.6077, device='cuda:0')]
[2019-03-05 13:49:23,158][WARNING][LCC:tensor(0.8958)]
[2019-03-05 13:49:23,159][WARNING][SROCC:tensor(0.8936)]
[2019-03-05 13:49:46,573][INFO][epoch:231	loss:tensor(1.4908, device='cuda:0')]
[2019-03-05 13:50:10,011][INFO][epoch:232	loss:tensor(1.5431, device='cuda:0')]
[2019-03-05 13:50:33,449][INFO][epoch:233	loss:tensor(1.5598, device='cuda:0')]
[2019-03-05 13:50:56,934][INFO][epoch:234	loss:tensor(1.5527, device='cuda:0')]
[2019-03-05 13:51:20,340][INFO][epoch:235	loss:tensor(1.5035, device='cuda:0')]
[2019-03-05 13:51:43,795][INFO][epoch:236	loss:tensor(1.5082, device='cuda:0')]
[2019-03-05 13:52:07,195][INFO][epoch:237	loss:tensor(1.5606, device='cuda:0')]
[2019-03-05 13:52:30,616][INFO][epoch:238	loss:tensor(1.6007, device='cuda:0')]
[2019-03-05 13:52:54,112][INFO][epoch:239	loss:tensor(1.4851, device='cuda:0')]
[2019-03-05 13:53:17,581][INFO][epoch:240	loss:tensor(1.4715, device='cuda:0')]
[2019-03-05 13:53:19,464][WARNING][LCC:tensor(0.9030)]
[2019-03-05 13:53:19,464][WARNING][SROCC:tensor(0.8959)]
[2019-03-05 13:53:42,895][INFO][epoch:241	loss:tensor(1.4979, device='cuda:0')]
[2019-03-05 13:54:06,324][INFO][epoch:242	loss:tensor(1.4876, device='cuda:0')]
[2019-03-05 13:54:29,773][INFO][epoch:243	loss:tensor(1.4760, device='cuda:0')]
[2019-03-05 13:54:53,212][INFO][epoch:244	loss:tensor(1.5146, device='cuda:0')]
[2019-03-05 13:55:16,651][INFO][epoch:245	loss:tensor(1.4124, device='cuda:0')]
[2019-03-05 13:55:40,054][INFO][epoch:246	loss:tensor(1.4274, device='cuda:0')]
[2019-03-05 13:56:03,488][INFO][epoch:247	loss:tensor(1.4653, device='cuda:0')]
[2019-03-05 13:56:26,935][INFO][epoch:248	loss:tensor(1.4354, device='cuda:0')]
[2019-03-05 13:56:50,414][INFO][epoch:249	loss:tensor(1.5237, device='cuda:0')]
[2019-03-05 13:57:13,879][INFO][epoch:250	loss:tensor(1.4666, device='cuda:0')]
[2019-03-05 13:57:15,733][WARNING][LCC:tensor(0.8896)]
[2019-03-05 13:57:15,733][WARNING][SROCC:tensor(0.8821)]
[2019-03-05 13:57:39,238][INFO][epoch:251	loss:tensor(1.5448, device='cuda:0')]
[2019-03-05 13:58:02,666][INFO][epoch:252	loss:tensor(1.5038, device='cuda:0')]
[2019-03-05 13:58:26,060][INFO][epoch:253	loss:tensor(1.4488, device='cuda:0')]
[2019-03-05 13:58:49,471][INFO][epoch:254	loss:tensor(1.4545, device='cuda:0')]
[2019-03-05 13:59:12,860][INFO][epoch:255	loss:tensor(1.4587, device='cuda:0')]
[2019-03-05 13:59:36,269][INFO][epoch:256	loss:tensor(1.4785, device='cuda:0')]
[2019-03-05 13:59:59,682][INFO][epoch:257	loss:tensor(1.5037, device='cuda:0')]
[2019-03-05 14:00:23,057][INFO][epoch:258	loss:tensor(1.4524, device='cuda:0')]
[2019-03-05 14:00:46,463][INFO][epoch:259	loss:tensor(1.4061, device='cuda:0')]
[2019-03-05 14:01:09,860][INFO][epoch:260	loss:tensor(1.4918, device='cuda:0')]
[2019-03-05 14:01:11,741][WARNING][LCC:tensor(0.9011)]
[2019-03-05 14:01:11,741][WARNING][SROCC:tensor(0.8967)]
[2019-03-05 14:01:35,166][INFO][epoch:261	loss:tensor(1.4946, device='cuda:0')]
[2019-03-05 14:01:58,586][INFO][epoch:262	loss:tensor(1.4844, device='cuda:0')]
[2019-03-05 14:02:21,965][INFO][epoch:263	loss:tensor(1.4233, device='cuda:0')]
[2019-03-05 14:02:45,350][INFO][epoch:264	loss:tensor(1.4801, device='cuda:0')]
[2019-03-05 14:03:08,778][INFO][epoch:265	loss:tensor(1.4731, device='cuda:0')]
[2019-03-05 14:03:32,187][INFO][epoch:266	loss:tensor(1.4165, device='cuda:0')]
[2019-03-05 14:03:55,582][INFO][epoch:267	loss:tensor(1.3920, device='cuda:0')]
[2019-03-05 14:04:19,016][INFO][epoch:268	loss:tensor(1.4552, device='cuda:0')]
[2019-03-05 14:04:42,399][INFO][epoch:269	loss:tensor(1.4346, device='cuda:0')]
[2019-03-05 14:05:05,778][INFO][epoch:270	loss:tensor(1.3802, device='cuda:0')]
[2019-03-05 14:05:07,628][WARNING][LCC:tensor(0.9049)]
[2019-03-05 14:05:07,628][WARNING][SROCC:tensor(0.8913)]
[2019-03-05 14:05:30,989][INFO][epoch:271	loss:tensor(1.5215, device='cuda:0')]
[2019-03-05 14:05:54,390][INFO][epoch:272	loss:tensor(1.4910, device='cuda:0')]
[2019-03-05 14:06:17,782][INFO][epoch:273	loss:tensor(1.4034, device='cuda:0')]
[2019-03-05 14:06:41,175][INFO][epoch:274	loss:tensor(1.4281, device='cuda:0')]
[2019-03-05 14:07:04,536][INFO][epoch:275	loss:tensor(1.4328, device='cuda:0')]
[2019-03-05 14:07:27,935][INFO][epoch:276	loss:tensor(1.4644, device='cuda:0')]
[2019-03-05 14:07:51,406][INFO][epoch:277	loss:tensor(1.4120, device='cuda:0')]
[2019-03-05 14:08:14,853][INFO][epoch:278	loss:tensor(1.4220, device='cuda:0')]
[2019-03-05 14:08:38,283][INFO][epoch:279	loss:tensor(1.4469, device='cuda:0')]
[2019-03-05 14:09:01,740][INFO][epoch:280	loss:tensor(1.4097, device='cuda:0')]
[2019-03-05 14:09:03,615][WARNING][LCC:tensor(0.9128)]
[2019-03-05 14:09:03,615][WARNING][SROCC:tensor(0.9060)]
[2019-03-05 14:09:27,023][INFO][epoch:281	loss:tensor(1.4978, device='cuda:0')]
[2019-03-05 14:09:50,515][INFO][epoch:282	loss:tensor(1.4501, device='cuda:0')]
[2019-03-05 14:10:13,948][INFO][epoch:283	loss:tensor(1.4288, device='cuda:0')]
[2019-03-05 14:10:37,385][INFO][epoch:284	loss:tensor(1.4443, device='cuda:0')]
[2019-03-05 14:11:00,805][INFO][epoch:285	loss:tensor(1.3881, device='cuda:0')]
[2019-03-05 14:11:24,220][INFO][epoch:286	loss:tensor(1.4487, device='cuda:0')]
[2019-03-05 14:11:47,653][INFO][epoch:287	loss:tensor(1.4671, device='cuda:0')]
[2019-03-05 14:12:11,083][INFO][epoch:288	loss:tensor(1.3926, device='cuda:0')]
[2019-03-05 14:12:34,495][INFO][epoch:289	loss:tensor(1.4197, device='cuda:0')]
[2019-03-05 14:12:57,906][INFO][epoch:290	loss:tensor(1.4245, device='cuda:0')]
[2019-03-05 14:12:59,762][WARNING][LCC:tensor(0.8862)]
[2019-03-05 14:12:59,762][WARNING][SROCC:tensor(0.8746)]
[2019-03-05 14:13:23,153][INFO][epoch:291	loss:tensor(1.4109, device='cuda:0')]
[2019-03-05 14:13:46,586][INFO][epoch:292	loss:tensor(1.4226, device='cuda:0')]
[2019-03-05 14:14:09,966][INFO][epoch:293	loss:tensor(1.3556, device='cuda:0')]
[2019-03-05 14:14:33,381][INFO][epoch:294	loss:tensor(1.4327, device='cuda:0')]
[2019-03-05 14:14:56,765][INFO][epoch:295	loss:tensor(1.4290, device='cuda:0')]
[2019-03-05 14:15:20,147][INFO][epoch:296	loss:tensor(1.4146, device='cuda:0')]
[2019-03-05 14:15:43,557][INFO][epoch:297	loss:tensor(1.4020, device='cuda:0')]
[2019-03-05 14:16:06,969][INFO][epoch:298	loss:tensor(1.3310, device='cuda:0')]
[2019-03-05 14:16:30,340][INFO][epoch:299	loss:tensor(1.4493, device='cuda:0')]
[2019-03-05 14:16:53,729][INFO][epoch:300	loss:tensor(1.4166, device='cuda:0')]
[2019-03-05 14:16:55,583][WARNING][LCC:tensor(0.9124)]
[2019-03-05 14:16:55,583][WARNING][SROCC:tensor(0.9049)]
[2019-03-05 14:17:19,054][INFO][epoch:301	loss:tensor(1.3794, device='cuda:0')]
[2019-03-05 14:17:42,444][INFO][epoch:302	loss:tensor(1.4060, device='cuda:0')]
[2019-03-05 14:18:05,836][INFO][epoch:303	loss:tensor(1.4064, device='cuda:0')]
[2019-03-05 14:18:29,207][INFO][epoch:304	loss:tensor(1.4249, device='cuda:0')]
[2019-03-05 14:18:52,602][INFO][epoch:305	loss:tensor(1.4290, device='cuda:0')]
[2019-03-05 14:19:15,997][INFO][epoch:306	loss:tensor(1.3547, device='cuda:0')]
[2019-03-05 14:19:39,404][INFO][epoch:307	loss:tensor(1.4153, device='cuda:0')]
[2019-03-05 14:20:02,823][INFO][epoch:308	loss:tensor(1.4128, device='cuda:0')]
[2019-03-05 14:20:26,216][INFO][epoch:309	loss:tensor(1.2825, device='cuda:0')]
[2019-03-05 14:20:49,617][INFO][epoch:310	loss:tensor(1.3513, device='cuda:0')]
[2019-03-05 14:20:51,473][WARNING][LCC:tensor(0.9020)]
[2019-03-05 14:20:51,474][WARNING][SROCC:tensor(0.8867)]
[2019-03-05 14:21:14,882][INFO][epoch:311	loss:tensor(1.3841, device='cuda:0')]
[2019-03-05 14:21:38,288][INFO][epoch:312	loss:tensor(1.4432, device='cuda:0')]
[2019-03-05 14:22:01,789][INFO][epoch:313	loss:tensor(1.3492, device='cuda:0')]
[2019-03-05 14:22:25,173][INFO][epoch:314	loss:tensor(1.4705, device='cuda:0')]
[2019-03-05 14:22:48,594][INFO][epoch:315	loss:tensor(1.4302, device='cuda:0')]
[2019-03-05 14:23:11,990][INFO][epoch:316	loss:tensor(1.3560, device='cuda:0')]
[2019-03-05 14:23:35,411][INFO][epoch:317	loss:tensor(1.3821, device='cuda:0')]
[2019-03-05 14:23:58,808][INFO][epoch:318	loss:tensor(1.4200, device='cuda:0')]
[2019-03-05 14:24:22,214][INFO][epoch:319	loss:tensor(1.3899, device='cuda:0')]
[2019-03-05 14:24:45,595][INFO][epoch:320	loss:tensor(1.3910, device='cuda:0')]
[2019-03-05 14:24:47,465][WARNING][LCC:tensor(0.8945)]
[2019-03-05 14:24:47,465][WARNING][SROCC:tensor(0.8948)]
[2019-03-05 14:25:10,861][INFO][epoch:321	loss:tensor(1.4151, device='cuda:0')]
[2019-03-05 14:25:34,278][INFO][epoch:322	loss:tensor(1.4388, device='cuda:0')]
[2019-03-05 14:25:57,699][INFO][epoch:323	loss:tensor(1.3504, device='cuda:0')]
[2019-03-05 14:26:21,121][INFO][epoch:324	loss:tensor(1.2900, device='cuda:0')]
[2019-03-05 14:26:44,509][INFO][epoch:325	loss:tensor(1.3501, device='cuda:0')]
[2019-03-05 14:27:07,913][INFO][epoch:326	loss:tensor(1.3431, device='cuda:0')]
[2019-03-05 14:27:31,279][INFO][epoch:327	loss:tensor(1.3052, device='cuda:0')]
[2019-03-05 14:27:54,656][INFO][epoch:328	loss:tensor(1.4414, device='cuda:0')]
[2019-03-05 14:28:18,045][INFO][epoch:329	loss:tensor(1.3380, device='cuda:0')]
[2019-03-05 14:28:41,432][INFO][epoch:330	loss:tensor(1.3907, device='cuda:0')]
[2019-03-05 14:28:43,308][WARNING][LCC:tensor(0.8971)]
[2019-03-05 14:28:43,309][WARNING][SROCC:tensor(0.8917)]
[2019-03-05 14:29:06,748][INFO][epoch:331	loss:tensor(1.4136, device='cuda:0')]
[2019-03-05 14:29:30,174][INFO][epoch:332	loss:tensor(1.3894, device='cuda:0')]
[2019-03-05 14:29:53,594][INFO][epoch:333	loss:tensor(1.4646, device='cuda:0')]
[2019-03-05 14:30:16,973][INFO][epoch:334	loss:tensor(1.4148, device='cuda:0')]
[2019-03-05 14:30:40,371][INFO][epoch:335	loss:tensor(1.3860, device='cuda:0')]
[2019-03-05 14:31:03,741][INFO][epoch:336	loss:tensor(1.4203, device='cuda:0')]
[2019-03-05 14:31:27,127][INFO][epoch:337	loss:tensor(1.3788, device='cuda:0')]
[2019-03-05 14:31:50,498][INFO][epoch:338	loss:tensor(1.3441, device='cuda:0')]
[2019-03-05 14:32:13,895][INFO][epoch:339	loss:tensor(1.3205, device='cuda:0')]
[2019-03-05 14:32:37,299][INFO][epoch:340	loss:tensor(1.3825, device='cuda:0')]
[2019-03-05 14:32:39,171][WARNING][LCC:tensor(0.8994)]
[2019-03-05 14:32:39,171][WARNING][SROCC:tensor(0.8890)]
[2019-03-05 14:33:02,547][INFO][epoch:341	loss:tensor(1.3819, device='cuda:0')]
[2019-03-05 14:33:25,938][INFO][epoch:342	loss:tensor(1.3361, device='cuda:0')]
[2019-03-05 14:33:49,343][INFO][epoch:343	loss:tensor(1.3547, device='cuda:0')]
[2019-03-05 14:34:12,741][INFO][epoch:344	loss:tensor(1.3633, device='cuda:0')]
[2019-03-05 14:34:36,150][INFO][epoch:345	loss:tensor(1.3968, device='cuda:0')]
[2019-03-05 14:34:59,563][INFO][epoch:346	loss:tensor(1.3662, device='cuda:0')]
[2019-03-05 14:35:22,954][INFO][epoch:347	loss:tensor(1.3561, device='cuda:0')]
[2019-03-05 14:35:46,386][INFO][epoch:348	loss:tensor(1.3117, device='cuda:0')]
[2019-03-05 14:36:09,768][INFO][epoch:349	loss:tensor(1.3527, device='cuda:0')]
[2019-03-05 14:36:33,150][INFO][epoch:350	loss:tensor(1.2930, device='cuda:0')]
[2019-03-05 14:36:35,029][WARNING][LCC:tensor(0.9036)]
[2019-03-05 14:36:35,030][WARNING][SROCC:tensor(0.8939)]
[2019-03-05 14:36:58,526][INFO][epoch:351	loss:tensor(1.2810, device='cuda:0')]
[2019-03-05 14:37:21,937][INFO][epoch:352	loss:tensor(1.3941, device='cuda:0')]
[2019-03-05 14:37:45,345][INFO][epoch:353	loss:tensor(1.3530, device='cuda:0')]
[2019-03-05 14:38:08,750][INFO][epoch:354	loss:tensor(1.4017, device='cuda:0')]
[2019-03-05 14:38:32,130][INFO][epoch:355	loss:tensor(1.3229, device='cuda:0')]
[2019-03-05 14:38:55,544][INFO][epoch:356	loss:tensor(1.2720, device='cuda:0')]
[2019-03-05 14:39:18,940][INFO][epoch:357	loss:tensor(1.2966, device='cuda:0')]
[2019-03-05 14:39:42,370][INFO][epoch:358	loss:tensor(1.3804, device='cuda:0')]
[2019-03-05 14:40:05,797][INFO][epoch:359	loss:tensor(1.3157, device='cuda:0')]
[2019-03-05 14:40:29,221][INFO][epoch:360	loss:tensor(1.3661, device='cuda:0')]
[2019-03-05 14:40:31,071][WARNING][LCC:tensor(0.9074)]
[2019-03-05 14:40:31,071][WARNING][SROCC:tensor(0.9069)]
[2019-03-05 14:40:54,492][INFO][epoch:361	loss:tensor(1.3553, device='cuda:0')]
[2019-03-05 14:41:17,895][INFO][epoch:362	loss:tensor(1.3957, device='cuda:0')]
[2019-03-05 14:41:41,272][INFO][epoch:363	loss:tensor(1.2771, device='cuda:0')]
[2019-03-05 14:42:04,667][INFO][epoch:364	loss:tensor(1.2888, device='cuda:0')]
[2019-03-05 14:42:28,074][INFO][epoch:365	loss:tensor(1.3470, device='cuda:0')]
[2019-03-05 14:42:51,457][INFO][epoch:366	loss:tensor(1.3189, device='cuda:0')]
[2019-03-05 14:43:14,839][INFO][epoch:367	loss:tensor(1.3327, device='cuda:0')]
[2019-03-05 14:43:38,253][INFO][epoch:368	loss:tensor(1.2617, device='cuda:0')]
[2019-03-05 14:44:01,660][INFO][epoch:369	loss:tensor(1.3270, device='cuda:0')]
[2019-03-05 14:44:25,063][INFO][epoch:370	loss:tensor(1.3398, device='cuda:0')]
[2019-03-05 14:44:26,917][WARNING][LCC:tensor(0.9003)]
[2019-03-05 14:44:26,917][WARNING][SROCC:tensor(0.8998)]
[2019-03-05 14:44:50,308][INFO][epoch:371	loss:tensor(1.3145, device='cuda:0')]
[2019-03-05 14:45:13,717][INFO][epoch:372	loss:tensor(1.2520, device='cuda:0')]
[2019-03-05 14:45:37,097][INFO][epoch:373	loss:tensor(1.2392, device='cuda:0')]
[2019-03-05 14:46:00,532][INFO][epoch:374	loss:tensor(1.3563, device='cuda:0')]
[2019-03-05 14:46:23,918][INFO][epoch:375	loss:tensor(1.3094, device='cuda:0')]
[2019-03-05 14:46:47,333][INFO][epoch:376	loss:tensor(1.3695, device='cuda:0')]
[2019-03-05 14:47:10,716][INFO][epoch:377	loss:tensor(1.3290, device='cuda:0')]
[2019-03-05 14:47:34,151][INFO][epoch:378	loss:tensor(1.2793, device='cuda:0')]
[2019-03-05 14:47:57,575][INFO][epoch:379	loss:tensor(1.4153, device='cuda:0')]
[2019-03-05 14:48:20,960][INFO][epoch:380	loss:tensor(1.3430, device='cuda:0')]
[2019-03-05 14:48:22,839][WARNING][LCC:tensor(0.8967)]
[2019-03-05 14:48:22,839][WARNING][SROCC:tensor(0.8887)]
[2019-03-05 14:48:46,282][INFO][epoch:381	loss:tensor(1.3646, device='cuda:0')]
[2019-03-05 14:49:09,724][INFO][epoch:382	loss:tensor(1.2445, device='cuda:0')]
[2019-03-05 14:49:33,118][INFO][epoch:383	loss:tensor(1.3715, device='cuda:0')]
[2019-03-05 14:49:56,507][INFO][epoch:384	loss:tensor(1.3113, device='cuda:0')]
[2019-03-05 14:50:19,947][INFO][epoch:385	loss:tensor(1.3047, device='cuda:0')]
[2019-03-05 14:50:43,358][INFO][epoch:386	loss:tensor(1.3665, device='cuda:0')]
[2019-03-05 14:51:06,728][INFO][epoch:387	loss:tensor(1.3443, device='cuda:0')]
[2019-03-05 14:51:30,142][INFO][epoch:388	loss:tensor(1.3657, device='cuda:0')]
[2019-03-05 14:51:53,558][INFO][epoch:389	loss:tensor(1.3003, device='cuda:0')]
[2019-03-05 14:52:16,974][INFO][epoch:390	loss:tensor(1.2752, device='cuda:0')]
[2019-03-05 14:52:18,830][WARNING][LCC:tensor(0.9118)]
[2019-03-05 14:52:18,830][WARNING][SROCC:tensor(0.9054)]
[2019-03-05 14:52:42,229][INFO][epoch:391	loss:tensor(1.2962, device='cuda:0')]
[2019-03-05 14:53:05,646][INFO][epoch:392	loss:tensor(1.2710, device='cuda:0')]
[2019-03-05 14:53:29,045][INFO][epoch:393	loss:tensor(1.3019, device='cuda:0')]
[2019-03-05 14:53:52,458][INFO][epoch:394	loss:tensor(1.3551, device='cuda:0')]
[2019-03-05 14:54:15,857][INFO][epoch:395	loss:tensor(1.3298, device='cuda:0')]
[2019-03-05 14:54:39,281][INFO][epoch:396	loss:tensor(1.3069, device='cuda:0')]
[2019-03-05 14:55:02,665][INFO][epoch:397	loss:tensor(1.3159, device='cuda:0')]
[2019-03-05 14:55:26,095][INFO][epoch:398	loss:tensor(1.3228, device='cuda:0')]
[2019-03-05 14:55:49,522][INFO][epoch:399	loss:tensor(1.3432, device='cuda:0')]
[2019-03-05 14:56:12,921][INFO][epoch:400	loss:tensor(1.2823, device='cuda:0')]
[2019-03-05 14:56:14,771][WARNING][LCC:tensor(0.9038)]
[2019-03-05 14:56:14,772][WARNING][SROCC:tensor(0.9048)]
[2019-03-05 14:56:38,235][INFO][epoch:401	loss:tensor(1.3111, device='cuda:0')]
[2019-03-05 14:57:01,652][INFO][epoch:402	loss:tensor(1.2845, device='cuda:0')]
[2019-03-05 14:57:25,090][INFO][epoch:403	loss:tensor(1.2775, device='cuda:0')]
[2019-03-05 14:57:48,526][INFO][epoch:404	loss:tensor(1.2896, device='cuda:0')]
[2019-03-05 14:58:11,933][INFO][epoch:405	loss:tensor(1.3118, device='cuda:0')]
[2019-03-05 14:58:35,338][INFO][epoch:406	loss:tensor(1.2881, device='cuda:0')]
[2019-03-05 14:58:58,778][INFO][epoch:407	loss:tensor(1.3188, device='cuda:0')]
[2019-03-05 14:59:22,184][INFO][epoch:408	loss:tensor(1.3093, device='cuda:0')]
[2019-03-05 14:59:45,615][INFO][epoch:409	loss:tensor(1.3415, device='cuda:0')]
[2019-03-05 15:00:09,006][INFO][epoch:410	loss:tensor(1.3112, device='cuda:0')]
[2019-03-05 15:00:10,858][WARNING][LCC:tensor(0.9065)]
[2019-03-05 15:00:10,859][WARNING][SROCC:tensor(0.9006)]
[2019-03-05 15:00:34,272][INFO][epoch:411	loss:tensor(1.3172, device='cuda:0')]
[2019-03-05 15:00:57,754][INFO][epoch:412	loss:tensor(1.3026, device='cuda:0')]
[2019-03-05 15:01:21,152][INFO][epoch:413	loss:tensor(1.2562, device='cuda:0')]
[2019-03-05 15:01:44,533][INFO][epoch:414	loss:tensor(1.2889, device='cuda:0')]
[2019-03-05 15:02:07,915][INFO][epoch:415	loss:tensor(1.2877, device='cuda:0')]
[2019-03-05 15:02:31,305][INFO][epoch:416	loss:tensor(1.2989, device='cuda:0')]
[2019-03-05 15:02:54,687][INFO][epoch:417	loss:tensor(1.3094, device='cuda:0')]
[2019-03-05 15:03:18,078][INFO][epoch:418	loss:tensor(1.2529, device='cuda:0')]
[2019-03-05 15:03:41,478][INFO][epoch:419	loss:tensor(1.2877, device='cuda:0')]
[2019-03-05 15:04:04,926][INFO][epoch:420	loss:tensor(1.2962, device='cuda:0')]
[2019-03-05 15:04:06,786][WARNING][LCC:tensor(0.9009)]
[2019-03-05 15:04:06,786][WARNING][SROCC:tensor(0.8951)]
[2019-03-05 15:04:30,177][INFO][epoch:421	loss:tensor(1.2835, device='cuda:0')]
[2019-03-05 15:04:53,575][INFO][epoch:422	loss:tensor(1.3007, device='cuda:0')]
[2019-03-05 15:05:17,008][INFO][epoch:423	loss:tensor(1.2875, device='cuda:0')]
[2019-03-05 15:05:40,421][INFO][epoch:424	loss:tensor(1.2949, device='cuda:0')]
[2019-03-05 15:06:03,833][INFO][epoch:425	loss:tensor(1.3331, device='cuda:0')]
[2019-03-05 15:06:27,294][INFO][epoch:426	loss:tensor(1.2573, device='cuda:0')]
[2019-03-05 15:06:50,720][INFO][epoch:427	loss:tensor(1.2153, device='cuda:0')]
[2019-03-05 15:07:14,138][INFO][epoch:428	loss:tensor(1.3303, device='cuda:0')]
[2019-03-05 15:07:37,531][INFO][epoch:429	loss:tensor(1.2533, device='cuda:0')]
[2019-03-05 15:08:00,929][INFO][epoch:430	loss:tensor(1.2580, device='cuda:0')]
[2019-03-05 15:08:02,782][WARNING][LCC:tensor(0.8962)]
[2019-03-05 15:08:02,782][WARNING][SROCC:tensor(0.8881)]
[2019-03-05 15:08:26,184][INFO][epoch:431	loss:tensor(1.2496, device='cuda:0')]
[2019-03-05 15:08:49,554][INFO][epoch:432	loss:tensor(1.2358, device='cuda:0')]
[2019-03-05 15:09:12,971][INFO][epoch:433	loss:tensor(1.3010, device='cuda:0')]
[2019-03-05 15:09:36,375][INFO][epoch:434	loss:tensor(1.2562, device='cuda:0')]
[2019-03-05 15:09:59,748][INFO][epoch:435	loss:tensor(1.3049, device='cuda:0')]
[2019-03-05 15:10:23,139][INFO][epoch:436	loss:tensor(1.2540, device='cuda:0')]
[2019-03-05 15:10:46,560][INFO][epoch:437	loss:tensor(1.2642, device='cuda:0')]
[2019-03-05 15:11:09,926][INFO][epoch:438	loss:tensor(1.3070, device='cuda:0')]
[2019-03-05 15:11:33,343][INFO][epoch:439	loss:tensor(1.2294, device='cuda:0')]
[2019-03-05 15:11:56,722][INFO][epoch:440	loss:tensor(1.2169, device='cuda:0')]
[2019-03-05 15:11:58,582][WARNING][LCC:tensor(0.9075)]
[2019-03-05 15:11:58,583][WARNING][SROCC:tensor(0.9068)]
[2019-03-05 15:12:21,988][INFO][epoch:441	loss:tensor(1.3262, device='cuda:0')]
[2019-03-05 15:12:45,405][INFO][epoch:442	loss:tensor(1.2211, device='cuda:0')]
[2019-03-05 15:13:08,798][INFO][epoch:443	loss:tensor(1.2936, device='cuda:0')]
[2019-03-05 15:13:32,196][INFO][epoch:444	loss:tensor(1.2720, device='cuda:0')]
[2019-03-05 15:13:55,608][INFO][epoch:445	loss:tensor(1.2266, device='cuda:0')]
[2019-03-05 15:14:19,039][INFO][epoch:446	loss:tensor(1.2389, device='cuda:0')]
[2019-03-05 15:14:42,502][INFO][epoch:447	loss:tensor(1.2956, device='cuda:0')]
[2019-03-05 15:15:05,872][INFO][epoch:448	loss:tensor(1.3197, device='cuda:0')]
[2019-03-05 15:15:29,275][INFO][epoch:449	loss:tensor(1.2833, device='cuda:0')]
[2019-03-05 15:15:52,666][INFO][epoch:450	loss:tensor(1.2824, device='cuda:0')]
[2019-03-05 15:15:54,529][WARNING][LCC:tensor(0.8952)]
[2019-03-05 15:15:54,529][WARNING][SROCC:tensor(0.8921)]
[2019-03-05 15:16:18,013][INFO][epoch:451	loss:tensor(1.2632, device='cuda:0')]
[2019-03-05 15:16:41,417][INFO][epoch:452	loss:tensor(1.2052, device='cuda:0')]
[2019-03-05 15:17:04,800][INFO][epoch:453	loss:tensor(1.2615, device='cuda:0')]
[2019-03-05 15:17:28,225][INFO][epoch:454	loss:tensor(1.2434, device='cuda:0')]
[2019-03-05 15:17:51,602][INFO][epoch:455	loss:tensor(1.1894, device='cuda:0')]
[2019-03-05 15:18:14,995][INFO][epoch:456	loss:tensor(1.3024, device='cuda:0')]
[2019-03-05 15:18:38,395][INFO][epoch:457	loss:tensor(1.2079, device='cuda:0')]
[2019-03-05 15:19:01,798][INFO][epoch:458	loss:tensor(1.2593, device='cuda:0')]
[2019-03-05 15:19:25,201][INFO][epoch:459	loss:tensor(1.2010, device='cuda:0')]
[2019-03-05 15:19:48,585][INFO][epoch:460	loss:tensor(1.2131, device='cuda:0')]
[2019-03-05 15:19:50,462][WARNING][LCC:tensor(0.9066)]
[2019-03-05 15:19:50,463][WARNING][SROCC:tensor(0.9006)]
[2019-03-05 15:20:13,850][INFO][epoch:461	loss:tensor(1.2315, device='cuda:0')]
[2019-03-05 15:20:37,237][INFO][epoch:462	loss:tensor(1.1998, device='cuda:0')]
[2019-03-05 15:21:00,648][INFO][epoch:463	loss:tensor(1.3286, device='cuda:0')]
[2019-03-05 15:21:24,019][INFO][epoch:464	loss:tensor(1.1969, device='cuda:0')]
[2019-03-05 15:21:47,423][INFO][epoch:465	loss:tensor(1.2438, device='cuda:0')]
[2019-03-05 15:22:10,819][INFO][epoch:466	loss:tensor(1.1841, device='cuda:0')]
[2019-03-05 15:22:34,227][INFO][epoch:467	loss:tensor(1.2177, device='cuda:0')]
[2019-03-05 15:22:57,610][INFO][epoch:468	loss:tensor(1.2228, device='cuda:0')]
[2019-03-05 15:23:21,043][INFO][epoch:469	loss:tensor(1.2792, device='cuda:0')]
[2019-03-05 15:23:44,431][INFO][epoch:470	loss:tensor(1.2531, device='cuda:0')]
[2019-03-05 15:23:46,295][WARNING][LCC:tensor(0.8934)]
[2019-03-05 15:23:46,296][WARNING][SROCC:tensor(0.8805)]
[2019-03-05 15:24:09,690][INFO][epoch:471	loss:tensor(1.2300, device='cuda:0')]
[2019-03-05 15:24:33,090][INFO][epoch:472	loss:tensor(1.2001, device='cuda:0')]
[2019-03-05 15:24:56,493][INFO][epoch:473	loss:tensor(1.1483, device='cuda:0')]
[2019-03-05 15:25:19,937][INFO][epoch:474	loss:tensor(1.3139, device='cuda:0')]
[2019-03-05 15:25:43,312][INFO][epoch:475	loss:tensor(1.1547, device='cuda:0')]
[2019-03-05 15:26:06,713][INFO][epoch:476	loss:tensor(1.2139, device='cuda:0')]
[2019-03-05 15:26:30,104][INFO][epoch:477	loss:tensor(1.2148, device='cuda:0')]
[2019-03-05 15:26:53,515][INFO][epoch:478	loss:tensor(1.2368, device='cuda:0')]
[2019-03-05 15:27:16,890][INFO][epoch:479	loss:tensor(1.2079, device='cuda:0')]
[2019-03-05 15:27:40,275][INFO][epoch:480	loss:tensor(1.2638, device='cuda:0')]
[2019-03-05 15:27:42,138][WARNING][LCC:tensor(0.9040)]
[2019-03-05 15:27:42,138][WARNING][SROCC:tensor(0.8964)]
[2019-03-05 15:28:05,545][INFO][epoch:481	loss:tensor(1.2109, device='cuda:0')]
[2019-03-05 15:28:28,975][INFO][epoch:482	loss:tensor(1.2486, device='cuda:0')]
[2019-03-05 15:28:52,379][INFO][epoch:483	loss:tensor(1.2082, device='cuda:0')]
[2019-03-05 15:29:15,738][INFO][epoch:484	loss:tensor(1.1428, device='cuda:0')]
[2019-03-05 15:29:39,131][INFO][epoch:485	loss:tensor(1.2135, device='cuda:0')]
[2019-03-05 15:30:02,522][INFO][epoch:486	loss:tensor(1.1997, device='cuda:0')]
[2019-03-05 15:30:25,918][INFO][epoch:487	loss:tensor(1.2256, device='cuda:0')]
[2019-03-05 15:30:49,354][INFO][epoch:488	loss:tensor(1.1899, device='cuda:0')]
[2019-03-05 15:31:12,755][INFO][epoch:489	loss:tensor(1.2396, device='cuda:0')]
[2019-03-05 15:31:36,121][INFO][epoch:490	loss:tensor(1.2282, device='cuda:0')]
[2019-03-05 15:31:38,001][WARNING][LCC:tensor(0.9042)]
[2019-03-05 15:31:38,002][WARNING][SROCC:tensor(0.8981)]
[2019-03-05 15:32:01,377][INFO][epoch:491	loss:tensor(1.2079, device='cuda:0')]
[2019-03-05 15:32:24,784][INFO][epoch:492	loss:tensor(1.2600, device='cuda:0')]
[2019-03-05 15:32:48,176][INFO][epoch:493	loss:tensor(1.2541, device='cuda:0')]
[2019-03-05 15:33:11,586][INFO][epoch:494	loss:tensor(1.1721, device='cuda:0')]
[2019-03-05 15:33:34,975][INFO][epoch:495	loss:tensor(1.1909, device='cuda:0')]
[2019-03-05 15:33:58,451][INFO][epoch:496	loss:tensor(1.1907, device='cuda:0')]
[2019-03-05 15:34:21,868][INFO][epoch:497	loss:tensor(1.2628, device='cuda:0')]
[2019-03-05 15:34:45,275][INFO][epoch:498	loss:tensor(1.2212, device='cuda:0')]
[2019-03-05 15:35:08,676][INFO][epoch:499	loss:tensor(1.2622, device='cuda:0')]
[2019-03-05 15:35:32,104][INFO][epoch:500	loss:tensor(1.2307, device='cuda:0')]
[2019-03-05 15:35:33,968][WARNING][LCC:tensor(0.9004)]
[2019-03-05 15:35:33,969][WARNING][SROCC:tensor(0.8961)]
[2019-03-05 15:35:57,452][INFO][epoch:501	loss:tensor(1.2062, device='cuda:0')]
[2019-03-05 15:36:20,810][INFO][epoch:502	loss:tensor(1.1797, device='cuda:0')]
[2019-03-05 15:36:44,207][INFO][epoch:503	loss:tensor(1.2277, device='cuda:0')]
[2019-03-05 15:37:07,612][INFO][epoch:504	loss:tensor(1.2464, device='cuda:0')]
[2019-03-05 15:37:30,981][INFO][epoch:505	loss:tensor(1.3075, device='cuda:0')]
[2019-03-05 15:37:54,374][INFO][epoch:506	loss:tensor(1.2548, device='cuda:0')]
[2019-03-05 15:38:17,776][INFO][epoch:507	loss:tensor(1.2069, device='cuda:0')]
[2019-03-05 15:38:41,142][INFO][epoch:508	loss:tensor(1.2154, device='cuda:0')]
[2019-03-05 15:39:04,518][INFO][epoch:509	loss:tensor(1.2017, device='cuda:0')]
[2019-03-05 15:39:27,903][INFO][epoch:510	loss:tensor(1.2144, device='cuda:0')]
[2019-03-05 15:39:29,773][WARNING][LCC:tensor(0.8916)]
[2019-03-05 15:39:29,774][WARNING][SROCC:tensor(0.8830)]
[2019-03-05 15:39:53,177][INFO][epoch:511	loss:tensor(1.1954, device='cuda:0')]
[2019-03-05 15:40:16,569][INFO][epoch:512	loss:tensor(1.2240, device='cuda:0')]
[2019-03-05 15:40:39,952][INFO][epoch:513	loss:tensor(1.1600, device='cuda:0')]
[2019-03-05 15:41:03,363][INFO][epoch:514	loss:tensor(1.2144, device='cuda:0')]
[2019-03-05 15:41:26,755][INFO][epoch:515	loss:tensor(1.2640, device='cuda:0')]
[2019-03-05 15:41:50,164][INFO][epoch:516	loss:tensor(1.2235, device='cuda:0')]
[2019-03-05 15:42:13,560][INFO][epoch:517	loss:tensor(1.1918, device='cuda:0')]
[2019-03-05 15:42:36,978][INFO][epoch:518	loss:tensor(1.2724, device='cuda:0')]
[2019-03-05 15:43:00,358][INFO][epoch:519	loss:tensor(1.1943, device='cuda:0')]
[2019-03-05 15:43:23,761][INFO][epoch:520	loss:tensor(1.2097, device='cuda:0')]
[2019-03-05 15:43:25,648][WARNING][LCC:tensor(0.9062)]
[2019-03-05 15:43:25,649][WARNING][SROCC:tensor(0.8952)]
[2019-03-05 15:43:49,046][INFO][epoch:521	loss:tensor(1.1871, device='cuda:0')]
[2019-03-05 15:44:12,409][INFO][epoch:522	loss:tensor(1.1927, device='cuda:0')]
[2019-03-05 15:44:35,782][INFO][epoch:523	loss:tensor(1.1534, device='cuda:0')]
[2019-03-05 15:44:59,169][INFO][epoch:524	loss:tensor(1.1672, device='cuda:0')]
[2019-03-05 15:45:22,586][INFO][epoch:525	loss:tensor(1.2450, device='cuda:0')]
[2019-03-05 15:45:45,944][INFO][epoch:526	loss:tensor(1.2178, device='cuda:0')]
[2019-03-05 15:46:09,313][INFO][epoch:527	loss:tensor(1.2614, device='cuda:0')]
[2019-03-05 15:46:32,780][INFO][epoch:528	loss:tensor(1.2111, device='cuda:0')]
[2019-03-05 15:46:56,180][INFO][epoch:529	loss:tensor(1.2028, device='cuda:0')]
[2019-03-05 15:47:19,653][INFO][epoch:530	loss:tensor(1.1653, device='cuda:0')]
[2019-03-05 15:47:21,521][WARNING][LCC:tensor(0.9021)]
[2019-03-05 15:47:21,522][WARNING][SROCC:tensor(0.8993)]
[2019-03-05 15:47:44,902][INFO][epoch:531	loss:tensor(1.2461, device='cuda:0')]
[2019-03-05 15:48:08,300][INFO][epoch:532	loss:tensor(1.1762, device='cuda:0')]
[2019-03-05 15:48:31,673][INFO][epoch:533	loss:tensor(1.2379, device='cuda:0')]
[2019-03-05 15:48:55,124][INFO][epoch:534	loss:tensor(1.1936, device='cuda:0')]
[2019-03-05 15:49:18,533][INFO][epoch:535	loss:tensor(1.1755, device='cuda:0')]
[2019-03-05 15:49:41,925][INFO][epoch:536	loss:tensor(1.1811, device='cuda:0')]
[2019-03-05 15:50:05,314][INFO][epoch:537	loss:tensor(1.1883, device='cuda:0')]
[2019-03-05 15:50:28,693][INFO][epoch:538	loss:tensor(1.1929, device='cuda:0')]
[2019-03-05 15:50:52,097][INFO][epoch:539	loss:tensor(1.1454, device='cuda:0')]
[2019-03-05 15:51:15,474][INFO][epoch:540	loss:tensor(1.1635, device='cuda:0')]
[2019-03-05 15:51:17,334][WARNING][LCC:tensor(0.9019)]
[2019-03-05 15:51:17,335][WARNING][SROCC:tensor(0.9010)]
[2019-03-05 15:51:40,752][INFO][epoch:541	loss:tensor(1.2280, device='cuda:0')]
[2019-03-05 15:52:04,160][INFO][epoch:542	loss:tensor(1.1722, device='cuda:0')]
[2019-03-05 15:52:27,551][INFO][epoch:543	loss:tensor(1.1667, device='cuda:0')]
[2019-03-05 15:52:50,965][INFO][epoch:544	loss:tensor(1.2307, device='cuda:0')]
[2019-03-05 15:53:14,378][INFO][epoch:545	loss:tensor(1.2043, device='cuda:0')]
[2019-03-05 15:53:37,769][INFO][epoch:546	loss:tensor(1.1704, device='cuda:0')]
[2019-03-05 15:54:01,164][INFO][epoch:547	loss:tensor(1.2086, device='cuda:0')]
[2019-03-05 15:54:24,531][INFO][epoch:548	loss:tensor(1.2379, device='cuda:0')]
[2019-03-05 15:54:47,959][INFO][epoch:549	loss:tensor(1.1751, device='cuda:0')]
[2019-03-05 15:55:11,421][INFO][epoch:550	loss:tensor(1.2131, device='cuda:0')]
[2019-03-05 15:55:13,273][WARNING][LCC:tensor(0.9026)]
[2019-03-05 15:55:13,274][WARNING][SROCC:tensor(0.8959)]
[2019-03-05 15:55:36,734][INFO][epoch:551	loss:tensor(1.1242, device='cuda:0')]
[2019-03-05 15:56:00,133][INFO][epoch:552	loss:tensor(1.1763, device='cuda:0')]
[2019-03-05 15:56:23,544][INFO][epoch:553	loss:tensor(1.1446, device='cuda:0')]
[2019-03-05 15:56:46,934][INFO][epoch:554	loss:tensor(1.2162, device='cuda:0')]
[2019-03-05 15:57:10,314][INFO][epoch:555	loss:tensor(1.1723, device='cuda:0')]
[2019-03-05 15:57:33,701][INFO][epoch:556	loss:tensor(1.1552, device='cuda:0')]
[2019-03-05 15:57:57,082][INFO][epoch:557	loss:tensor(1.1692, device='cuda:0')]
[2019-03-05 15:58:20,468][INFO][epoch:558	loss:tensor(1.2081, device='cuda:0')]
[2019-03-05 15:58:43,839][INFO][epoch:559	loss:tensor(1.1784, device='cuda:0')]
[2019-03-05 15:59:07,209][INFO][epoch:560	loss:tensor(1.1956, device='cuda:0')]
[2019-03-05 15:59:09,066][WARNING][LCC:tensor(0.9161)]
[2019-03-05 15:59:09,067][WARNING][SROCC:tensor(0.9081)]
[2019-03-05 15:59:32,487][INFO][epoch:561	loss:tensor(1.1848, device='cuda:0')]
[2019-03-05 15:59:55,885][INFO][epoch:562	loss:tensor(1.1779, device='cuda:0')]
[2019-03-05 16:00:19,291][INFO][epoch:563	loss:tensor(1.1668, device='cuda:0')]
[2019-03-05 16:00:42,689][INFO][epoch:564	loss:tensor(1.1756, device='cuda:0')]
[2019-03-05 16:01:06,086][INFO][epoch:565	loss:tensor(1.1741, device='cuda:0')]
[2019-03-05 16:01:29,473][INFO][epoch:566	loss:tensor(1.1919, device='cuda:0')]
[2019-03-05 16:01:52,899][INFO][epoch:567	loss:tensor(1.2043, device='cuda:0')]
[2019-03-05 16:02:16,285][INFO][epoch:568	loss:tensor(1.2310, device='cuda:0')]
[2019-03-05 16:02:39,650][INFO][epoch:569	loss:tensor(1.1817, device='cuda:0')]
[2019-03-05 16:03:03,031][INFO][epoch:570	loss:tensor(1.1258, device='cuda:0')]
[2019-03-05 16:03:04,906][WARNING][LCC:tensor(0.8879)]
[2019-03-05 16:03:04,906][WARNING][SROCC:tensor(0.8801)]
[2019-03-05 16:03:28,293][INFO][epoch:571	loss:tensor(1.1841, device='cuda:0')]
[2019-03-05 16:03:51,718][INFO][epoch:572	loss:tensor(1.2050, device='cuda:0')]
[2019-03-05 16:04:15,121][INFO][epoch:573	loss:tensor(1.1744, device='cuda:0')]
[2019-03-05 16:04:38,513][INFO][epoch:574	loss:tensor(1.1083, device='cuda:0')]
[2019-03-05 16:05:01,949][INFO][epoch:575	loss:tensor(1.1314, device='cuda:0')]
[2019-03-05 16:05:25,353][INFO][epoch:576	loss:tensor(1.1698, device='cuda:0')]
[2019-03-05 16:05:48,740][INFO][epoch:577	loss:tensor(1.1502, device='cuda:0')]
[2019-03-05 16:06:12,165][INFO][epoch:578	loss:tensor(1.1944, device='cuda:0')]
[2019-03-05 16:06:35,613][INFO][epoch:579	loss:tensor(1.1615, device='cuda:0')]
[2019-03-05 16:06:59,022][INFO][epoch:580	loss:tensor(1.1821, device='cuda:0')]
[2019-03-05 16:07:00,880][WARNING][LCC:tensor(0.9079)]
[2019-03-05 16:07:00,880][WARNING][SROCC:tensor(0.9000)]
[2019-03-05 16:07:24,280][INFO][epoch:581	loss:tensor(1.1949, device='cuda:0')]
[2019-03-05 16:07:47,648][INFO][epoch:582	loss:tensor(1.0746, device='cuda:0')]
[2019-03-05 16:08:11,059][INFO][epoch:583	loss:tensor(1.1332, device='cuda:0')]
[2019-03-05 16:08:34,452][INFO][epoch:584	loss:tensor(1.1724, device='cuda:0')]
[2019-03-05 16:08:57,881][INFO][epoch:585	loss:tensor(1.1721, device='cuda:0')]
[2019-03-05 16:09:21,291][INFO][epoch:586	loss:tensor(1.1640, device='cuda:0')]
[2019-03-05 16:09:44,687][INFO][epoch:587	loss:tensor(1.1412, device='cuda:0')]
[2019-03-05 16:10:08,082][INFO][epoch:588	loss:tensor(1.1314, device='cuda:0')]
[2019-03-05 16:10:31,479][INFO][epoch:589	loss:tensor(1.2045, device='cuda:0')]
[2019-03-05 16:10:54,951][INFO][epoch:590	loss:tensor(1.1522, device='cuda:0')]
[2019-03-05 16:10:56,858][WARNING][LCC:tensor(0.9080)]
[2019-03-05 16:10:56,859][WARNING][SROCC:tensor(0.9053)]
[2019-03-05 16:11:20,780][INFO][epoch:591	loss:tensor(1.1628, device='cuda:0')]
[2019-03-05 16:11:44,518][INFO][epoch:592	loss:tensor(1.1030, device='cuda:0')]
[2019-03-05 16:12:08,272][INFO][epoch:593	loss:tensor(1.1399, device='cuda:0')]
