[2019-02-25 23:25:59,154][INFO][epoch:0	loss:tensor(1.9929, device='cuda:0')]
[2019-02-25 23:26:00,046][INFO][LCC:tensor(-0.0613, grad_fn=<DivBackward1>)]
[2019-02-25 23:26:00,046][INFO][Ground Truth:tensor([0.8919, 5.7097, 6.3571, 2.5152, 4.6757, 4.0526, 3.6053, 4.2381, 3.5897,
        3.5000, 3.2564, 3.8205, 5.2750, 4.3571, 6.0540, 5.9268, 5.8108, 6.0513,
        5.2683, 5.4762, 3.2162, 5.3243, 4.6452, 2.2500, 3.5000, 5.4062, 6.1667,
        4.9062, 5.3056, 5.9730, 2.8461, 5.8378, 3.4054, 4.1000, 3.7941, 3.7742,
        5.8000, 2.8438, 2.6279, 5.5833, 4.2143, 3.1081, 2.9189, 4.4419, 6.3636,
        3.6667, 5.6487, 6.1351, 5.8372, 3.3721, 5.6818, 4.5714, 0.8889, 3.4865,
        5.6111, 5.1111, 4.9268, 5.5143, 5.9512, 5.0571, 3.6389, 3.5000, 5.1892,
        5.3171, 4.6757, 5.8857, 4.1364, 3.6216, 5.5143, 5.1539, 2.3171, 5.3333,
        5.8529, 2.9143, 4.6571, 5.9730, 5.4390, 3.5278, 4.5714, 5.9167, 3.0286,
        5.4884, 3.9474, 2.8571, 4.5294, 3.7838, 4.3750, 6.5000, 3.6111, 3.6486,
        3.1892, 4.4000, 4.1795, 5.1539, 4.7714, 4.2821, 4.3784, 4.1111, 3.3171,
        3.2820, 4.3077])]
[2019-02-25 23:26:00,047][INFO][Predicted:tensor([5.3857, 6.2404, 5.1934, 5.4475, 6.5625, 6.4678, 6.6253, 4.3742, 5.6667,
        4.8578, 5.7121, 4.4852, 5.0368, 4.9894, 6.7756, 4.7892, 4.7570, 5.1384,
        4.8883, 5.1783, 5.7870, 6.7985, 6.1083, 4.9849, 6.0325, 5.9698, 4.4328,
        5.8016, 5.6970, 5.9330, 5.3570, 5.6492, 6.4150, 6.6868, 6.2371, 6.1972,
        5.1255, 6.0058, 5.6150, 6.0383, 5.2417, 5.2485, 6.2241, 6.1211, 6.7838,
        4.5234, 6.9762, 6.0521, 5.1028, 4.5338, 5.2882, 5.1618, 5.7364, 4.9044,
        5.1791, 5.0285, 5.4114, 5.3419, 5.0154, 6.5474, 4.7580, 6.5107, 5.1184,
        5.7734, 6.9453, 4.6560, 5.6448, 5.8632, 5.2493, 5.4351, 4.5466, 5.0662,
        6.4205, 6.2099, 6.2708, 5.8422, 5.1211, 6.3934, 5.4044, 5.4887, 6.2948,
        5.1656, 5.5263, 5.9119, 7.1949, 5.6937, 5.6311, 4.7433, 7.2212, 5.2171,
        6.9524, 5.3054, 5.6227, 4.6891, 7.0969, 5.0546, 5.5246, 5.1873, 5.2312,
        5.1690, 5.3413], grad_fn=<CatBackward>)]
[2019-02-25 23:26:15,453][INFO][epoch:1	loss:tensor(1.9037, device='cuda:0')]
[2019-02-25 23:26:16,325][INFO][LCC:tensor(-0.0228, grad_fn=<DivBackward1>)]
[2019-02-25 23:26:16,325][INFO][Ground Truth:tensor([0.8919, 5.7097, 6.3571, 2.5152, 4.6757, 4.0526, 3.6053, 4.2381, 3.5897,
        3.5000, 3.2564, 3.8205, 5.2750, 4.3571, 6.0540, 5.9268, 5.8108, 6.0513,
        5.2683, 5.4762, 3.2162, 5.3243, 4.6452, 2.2500, 3.5000, 5.4062, 6.1667,
        4.9062, 5.3056, 5.9730, 2.8461, 5.8378, 3.4054, 4.1000, 3.7941, 3.7742,
        5.8000, 2.8438, 2.6279, 5.5833, 4.2143, 3.1081, 2.9189, 4.4419, 6.3636,
        3.6667, 5.6487, 6.1351, 5.8372, 3.3721, 5.6818, 4.5714, 0.8889, 3.4865,
        5.6111, 5.1111, 4.9268, 5.5143, 5.9512, 5.0571, 3.6389, 3.5000, 5.1892,
        5.3171, 4.6757, 5.8857, 4.1364, 3.6216, 5.5143, 5.1539, 2.3171, 5.3333,
        5.8529, 2.9143, 4.6571, 5.9730, 5.4390, 3.5278, 4.5714, 5.9167, 3.0286,
        5.4884, 3.9474, 2.8571, 4.5294, 3.7838, 4.3750, 6.5000, 3.6111, 3.6486,
        3.1892, 4.4000, 4.1795, 5.1539, 4.7714, 4.2821, 4.3784, 4.1111, 3.3171,
        3.2820, 4.3077])]
[2019-02-25 23:26:16,326][INFO][Predicted:tensor([4.9133, 5.6492, 4.0834, 4.7092, 5.7232, 5.3927, 5.6534, 3.6609, 5.3531,
        4.5048, 5.3114, 3.5784, 4.3004, 4.7188, 5.5655, 4.3516, 4.3553, 4.7110,
        4.1824, 4.6471, 5.2831, 5.5640, 5.7343, 4.1673, 5.1195, 5.9503, 4.4570,
        4.8495, 5.3534, 5.3112, 4.2250, 5.5223, 5.4141, 5.4134, 5.2323, 5.5305,
        4.2037, 5.1030, 4.6946, 5.3588, 4.4543, 4.7989, 5.9246, 4.8366, 5.3851,
        4.3998, 5.6597, 5.3772, 5.0397, 4.5085, 4.4687, 4.4792, 5.3979, 4.6139,
        4.6485, 4.1802, 5.1543, 5.2219, 4.2926, 5.8054, 4.2464, 5.3608, 4.6830,
        5.1449, 5.7802, 4.2667, 5.0389, 5.6598, 4.7095, 5.4404, 4.1960, 4.5871,
        5.4899, 5.6114, 5.4499, 5.3109, 4.8043, 5.1875, 4.3396, 4.9807, 5.1617,
        5.2565, 4.6242, 5.3980, 5.7207, 5.0666, 4.5947, 5.1290, 6.4048, 3.9533,
        6.0552, 4.8753, 5.1048, 3.6335, 6.4533, 4.5025, 4.7745, 4.7626, 4.8679,
        4.6575, 4.5290], grad_fn=<CatBackward>)]
[2019-02-25 23:26:31,721][INFO][epoch:2	loss:tensor(1.8302, device='cuda:0')]
[2019-02-25 23:26:32,187][INFO][LCC:tensor(0.0495, grad_fn=<DivBackward1>)]
[2019-02-25 23:26:32,188][INFO][Ground Truth:tensor([0.8919, 5.7097, 6.3571, 2.5152, 4.6757, 4.0526, 3.6053, 4.2381, 3.5897,
        3.5000, 3.2564, 3.8205, 5.2750, 4.3571, 6.0540, 5.9268, 5.8108, 6.0513,
        5.2683, 5.4762, 3.2162, 5.3243, 4.6452, 2.2500, 3.5000, 5.4062, 6.1667,
        4.9062, 5.3056, 5.9730, 2.8461, 5.8378, 3.4054, 4.1000, 3.7941, 3.7742,
        5.8000, 2.8438, 2.6279, 5.5833, 4.2143, 3.1081, 2.9189, 4.4419, 6.3636,
        3.6667, 5.6487, 6.1351, 5.8372, 3.3721, 5.6818, 4.5714, 0.8889, 3.4865,
        5.6111, 5.1111, 4.9268, 5.5143, 5.9512, 5.0571, 3.6389, 3.5000, 5.1892,
        5.3171, 4.6757, 5.8857, 4.1364, 3.6216, 5.5143, 5.1539, 2.3171, 5.3333,
        5.8529, 2.9143, 4.6571, 5.9730, 5.4390, 3.5278, 4.5714, 5.9167, 3.0286,
        5.4884, 3.9474, 2.8571, 4.5294, 3.7838, 4.3750, 6.5000, 3.6111, 3.6486,
        3.1892, 4.4000, 4.1795, 5.1539, 4.7714, 4.2821, 4.3784, 4.1111, 3.3171,
        3.2820, 4.3077])]
[2019-02-25 23:26:32,189][INFO][Predicted:tensor([4.3802, 5.5251, 4.2977, 4.3840, 5.4449, 5.3713, 5.6682, 3.6368, 5.1440,
        4.1829, 4.6267, 3.5806, 4.6153, 4.3456, 5.2087, 3.9485, 3.7425, 4.2118,
        4.3740, 4.6764, 5.0493, 5.1391, 5.5556, 3.7442, 4.9051, 5.3027, 4.7249,
        4.7825, 4.7207, 4.9325, 3.9777, 4.9361, 5.0128, 5.2740, 5.5544, 4.7976,
        4.3943, 5.0678, 4.2129, 4.9484, 4.5675, 4.2020, 5.1891, 4.9275, 5.2001,
        4.1215, 5.5606, 5.0417, 4.4365, 4.6367, 4.5852, 4.4259, 4.6236, 3.8072,
        4.3112, 4.5319, 4.4058, 4.6106, 4.4731, 4.8351, 4.3161, 5.1931, 4.3627,
        4.6266, 5.4505, 4.4438, 4.7163, 5.0920, 4.5153, 4.6350, 4.2013, 4.0808,
        5.2096, 5.1826, 5.1255, 4.7213, 4.5001, 4.9803, 3.9704, 4.4630, 5.1457,
        5.0726, 4.3583, 4.8263, 5.2648, 4.9378, 4.8077, 4.7237, 5.6786, 4.3347,
        5.5862, 4.8337, 4.7259, 3.9793, 5.4449, 3.9405, 4.6896, 4.3012, 4.6486,
        4.1021, 4.0663], grad_fn=<CatBackward>)]
[2019-02-25 23:26:47,522][INFO][epoch:3	loss:tensor(1.7963, device='cuda:0')]
[2019-02-25 23:26:47,913][INFO][LCC:tensor(-0.0678, grad_fn=<DivBackward1>)]
[2019-02-25 23:26:47,913][INFO][Ground Truth:tensor([0.8919, 5.7097, 6.3571, 2.5152, 4.6757, 4.0526, 3.6053, 4.2381, 3.5897,
        3.5000, 3.2564, 3.8205, 5.2750, 4.3571, 6.0540, 5.9268, 5.8108, 6.0513,
        5.2683, 5.4762, 3.2162, 5.3243, 4.6452, 2.2500, 3.5000, 5.4062, 6.1667,
        4.9062, 5.3056, 5.9730, 2.8461, 5.8378, 3.4054, 4.1000, 3.7941, 3.7742,
        5.8000, 2.8438, 2.6279, 5.5833, 4.2143, 3.1081, 2.9189, 4.4419, 6.3636,
        3.6667, 5.6487, 6.1351, 5.8372, 3.3721, 5.6818, 4.5714, 0.8889, 3.4865,
        5.6111, 5.1111, 4.9268, 5.5143, 5.9512, 5.0571, 3.6389, 3.5000, 5.1892,
        5.3171, 4.6757, 5.8857, 4.1364, 3.6216, 5.5143, 5.1539, 2.3171, 5.3333,
        5.8529, 2.9143, 4.6571, 5.9730, 5.4390, 3.5278, 4.5714, 5.9167, 3.0286,
        5.4884, 3.9474, 2.8571, 4.5294, 3.7838, 4.3750, 6.5000, 3.6111, 3.6486,
        3.1892, 4.4000, 4.1795, 5.1539, 4.7714, 4.2821, 4.3784, 4.1111, 3.3171,
        3.2820, 4.3077])]
[2019-02-25 23:26:47,914][INFO][Predicted:tensor([5.1367, 5.9919, 5.1695, 5.5857, 6.3552, 6.0306, 6.2647, 4.6655, 5.6987,
        5.0660, 5.7488, 4.4522, 5.3995, 5.2625, 6.4665, 4.9549, 4.9617, 5.0075,
        5.6941, 5.2622, 6.2777, 6.4452, 6.4891, 5.0144, 5.6758, 5.5860, 5.5554,
        5.9766, 5.4516, 5.7996, 5.4617, 5.6909, 6.1787, 6.7166, 6.3484, 6.3292,
        4.9202, 5.7520, 4.9383, 5.4181, 5.4515, 5.2908, 6.4122, 5.4847, 5.8630,
        4.7795, 6.9100, 5.6455, 5.5090, 5.2061, 5.4139, 4.9392, 5.4160, 4.7332,
        5.2847, 4.7934, 5.2263, 5.3610, 5.2035, 6.1581, 4.6361, 6.1610, 5.3633,
        5.7514, 6.3735, 5.5619, 5.6625, 5.8482, 5.3464, 5.5624, 5.6549, 4.9077,
        5.5375, 6.2924, 5.9377, 5.4020, 5.2419, 5.6155, 5.5647, 5.4250, 5.8826,
        5.8676, 5.2298, 5.3229, 5.9373, 5.5715, 5.3379, 5.2589, 6.5203, 5.5092,
        6.2689, 4.9081, 5.8862, 4.8858, 6.1272, 5.3430, 5.4968, 5.4715, 6.0588,
        6.1863, 5.0943], grad_fn=<CatBackward>)]
[2019-02-25 23:27:02,907][INFO][epoch:4	loss:tensor(1.7164, device='cuda:0')]
[2019-02-25 23:27:03,313][INFO][LCC:tensor(0.0353, grad_fn=<DivBackward1>)]
[2019-02-25 23:27:03,314][INFO][Ground Truth:tensor([0.8919, 5.7097, 6.3571, 2.5152, 4.6757, 4.0526, 3.6053, 4.2381, 3.5897,
        3.5000, 3.2564, 3.8205, 5.2750, 4.3571, 6.0540, 5.9268, 5.8108, 6.0513,
        5.2683, 5.4762, 3.2162, 5.3243, 4.6452, 2.2500, 3.5000, 5.4062, 6.1667,
        4.9062, 5.3056, 5.9730, 2.8461, 5.8378, 3.4054, 4.1000, 3.7941, 3.7742,
        5.8000, 2.8438, 2.6279, 5.5833, 4.2143, 3.1081, 2.9189, 4.4419, 6.3636,
        3.6667, 5.6487, 6.1351, 5.8372, 3.3721, 5.6818, 4.5714, 0.8889, 3.4865,
        5.6111, 5.1111, 4.9268, 5.5143, 5.9512, 5.0571, 3.6389, 3.5000, 5.1892,
        5.3171, 4.6757, 5.8857, 4.1364, 3.6216, 5.5143, 5.1539, 2.3171, 5.3333,
        5.8529, 2.9143, 4.6571, 5.9730, 5.4390, 3.5278, 4.5714, 5.9167, 3.0286,
        5.4884, 3.9474, 2.8571, 4.5294, 3.7838, 4.3750, 6.5000, 3.6111, 3.6486,
        3.1892, 4.4000, 4.1795, 5.1539, 4.7714, 4.2821, 4.3784, 4.1111, 3.3171,
        3.2820, 4.3077])]
[2019-02-25 23:27:03,315][INFO][Predicted:tensor([5.1023, 5.5174, 4.7337, 4.7574, 5.8711, 5.5103, 5.5025, 4.0056, 4.9226,
        4.7593, 4.8320, 4.1345, 5.2071, 4.8036, 5.7973, 4.9563, 4.5144, 4.4743,
        5.0567, 5.0290, 5.3881, 5.7237, 5.1625, 4.6647, 4.9902, 5.5978, 4.8014,
        5.0282, 5.4242, 5.5249, 4.7843, 5.3561, 5.2816, 5.5196, 4.8660, 5.6177,
        4.4548, 5.0301, 5.1183, 5.1223, 5.0806, 4.7992, 5.3533, 5.1595, 5.3078,
        4.6745, 5.4021, 5.2687, 4.5812, 4.7765, 4.8069, 4.9699, 5.0536, 4.4116,
        4.6801, 4.8585, 4.6723, 5.2442, 4.4885, 5.1044, 4.5798, 5.0692, 4.6969,
        5.2979, 5.2894, 4.5763, 4.7834, 5.2240, 4.7037, 5.0760, 4.6831, 4.6768,
        5.0910, 4.9970, 5.4362, 5.3878, 5.2012, 4.9363, 4.6422, 5.1065, 5.1636,
        5.0714, 4.5617, 5.0230, 5.6133, 5.4333, 5.1266, 4.5777, 5.9169, 4.3727,
        5.8155, 4.7960, 4.5618, 4.3444, 5.9356, 4.3263, 4.8161, 4.7220, 4.7611,
        5.1358, 4.4358], grad_fn=<CatBackward>)]
[2019-02-25 23:27:18,238][INFO][epoch:5	loss:tensor(1.6620, device='cuda:0')]
[2019-02-25 23:27:18,640][INFO][LCC:tensor(0.0157, grad_fn=<DivBackward1>)]
[2019-02-25 23:27:18,641][INFO][Ground Truth:tensor([0.8919, 5.7097, 6.3571, 2.5152, 4.6757, 4.0526, 3.6053, 4.2381, 3.5897,
        3.5000, 3.2564, 3.8205, 5.2750, 4.3571, 6.0540, 5.9268, 5.8108, 6.0513,
        5.2683, 5.4762, 3.2162, 5.3243, 4.6452, 2.2500, 3.5000, 5.4062, 6.1667,
        4.9062, 5.3056, 5.9730, 2.8461, 5.8378, 3.4054, 4.1000, 3.7941, 3.7742,
        5.8000, 2.8438, 2.6279, 5.5833, 4.2143, 3.1081, 2.9189, 4.4419, 6.3636,
        3.6667, 5.6487, 6.1351, 5.8372, 3.3721, 5.6818, 4.5714, 0.8889, 3.4865,
        5.6111, 5.1111, 4.9268, 5.5143, 5.9512, 5.0571, 3.6389, 3.5000, 5.1892,
        5.3171, 4.6757, 5.8857, 4.1364, 3.6216, 5.5143, 5.1539, 2.3171, 5.3333,
        5.8529, 2.9143, 4.6571, 5.9730, 5.4390, 3.5278, 4.5714, 5.9167, 3.0286,
        5.4884, 3.9474, 2.8571, 4.5294, 3.7838, 4.3750, 6.5000, 3.6111, 3.6486,
        3.1892, 4.4000, 4.1795, 5.1539, 4.7714, 4.2821, 4.3784, 4.1111, 3.3171,
        3.2820, 4.3077])]
[2019-02-25 23:27:18,642][INFO][Predicted:tensor([5.0059, 5.8666, 5.2676, 5.2049, 5.7546, 5.6869, 5.5577, 4.9117, 5.4493,
        5.3278, 5.3717, 4.8168, 5.5461, 5.3213, 5.5948, 5.1344, 5.3908, 5.3226,
        5.5416, 5.1524, 5.6623, 5.7868, 5.8546, 5.1545, 5.6783, 5.7362, 5.1520,
        5.3584, 5.0790, 5.5995, 5.0233, 5.5825, 5.5880, 6.0251, 5.7050, 5.7260,
        5.0378, 5.5248, 5.1041, 5.5617, 5.1175, 5.3261, 5.5754, 5.6091, 5.5296,
        5.1332, 5.6266, 5.6900, 5.0137, 5.0471, 5.3881, 5.1941, 5.3487, 5.4248,
        5.1447, 5.2681, 5.7824, 5.1091, 5.4731, 5.3964, 5.3399, 5.5841, 5.1325,
        5.7402, 5.7304, 5.2700, 4.9691, 5.4387, 5.2660, 5.4165, 5.3075, 5.2290,
        5.3117, 5.5297, 5.4522, 5.2056, 5.5492, 5.7131, 5.4708, 5.0435, 5.7084,
        5.6229, 5.2148, 4.9479, 5.4471, 5.2950, 5.8496, 5.2205, 5.8919, 5.2202,
        5.9659, 5.6189, 5.3483, 5.1406, 5.5752, 5.1681, 5.3213, 5.3911, 5.7801,
        5.5483, 5.2797], grad_fn=<CatBackward>)]
[2019-02-25 23:27:33,597][INFO][epoch:6	loss:tensor(1.4687, device='cuda:0')]
[2019-02-25 23:27:33,991][INFO][LCC:tensor(0.1807, grad_fn=<DivBackward1>)]
[2019-02-25 23:27:33,991][INFO][Ground Truth:tensor([0.8919, 5.7097, 6.3571, 2.5152, 4.6757, 4.0526, 3.6053, 4.2381, 3.5897,
        3.5000, 3.2564, 3.8205, 5.2750, 4.3571, 6.0540, 5.9268, 5.8108, 6.0513,
        5.2683, 5.4762, 3.2162, 5.3243, 4.6452, 2.2500, 3.5000, 5.4062, 6.1667,
        4.9062, 5.3056, 5.9730, 2.8461, 5.8378, 3.4054, 4.1000, 3.7941, 3.7742,
        5.8000, 2.8438, 2.6279, 5.5833, 4.2143, 3.1081, 2.9189, 4.4419, 6.3636,
        3.6667, 5.6487, 6.1351, 5.8372, 3.3721, 5.6818, 4.5714, 0.8889, 3.4865,
        5.6111, 5.1111, 4.9268, 5.5143, 5.9512, 5.0571, 3.6389, 3.5000, 5.1892,
        5.3171, 4.6757, 5.8857, 4.1364, 3.6216, 5.5143, 5.1539, 2.3171, 5.3333,
        5.8529, 2.9143, 4.6571, 5.9730, 5.4390, 3.5278, 4.5714, 5.9167, 3.0286,
        5.4884, 3.9474, 2.8571, 4.5294, 3.7838, 4.3750, 6.5000, 3.6111, 3.6486,
        3.1892, 4.4000, 4.1795, 5.1539, 4.7714, 4.2821, 4.3784, 4.1111, 3.3171,
        3.2820, 4.3077])]
[2019-02-25 23:27:33,992][INFO][Predicted:tensor([5.7208, 5.6970, 5.6170, 5.5832, 5.7478, 5.7201, 5.7175, 5.5789, 5.5926,
        5.6847, 5.5967, 5.5615, 5.6561, 5.7031, 5.7272, 5.6723, 5.6556, 5.6863,
        5.7059, 5.6637, 5.7300, 5.7296, 5.7530, 5.6111, 5.5395, 5.6737, 5.6986,
        5.6789, 5.6964, 5.6957, 5.6402, 5.6747, 5.6745, 5.6714, 5.5391, 5.7004,
        5.5803, 5.6626, 5.6406, 5.7294, 5.6447, 5.6434, 5.6631, 5.6632, 5.6549,
        5.6657, 5.7233, 5.6587, 5.6376, 5.6121, 5.6250, 5.6793, 5.6166, 5.6699,
        5.6307, 5.6052, 5.6249, 5.7287, 5.7288, 5.6609, 5.6462, 5.7017, 5.6157,
        5.7145, 5.7312, 5.5985, 5.6706, 5.7085, 5.6087, 5.6876, 5.6484, 5.6007,
        5.6969, 5.6001, 5.6371, 5.7045, 5.5716, 5.5719, 5.5906, 5.7337, 5.5452,
        5.7180, 5.6019, 5.5411, 5.6637, 5.7618, 5.6510, 5.5761, 5.7017, 5.5559,
        5.7878, 5.6303, 5.6100, 5.5586, 5.6746, 5.6365, 5.6444, 5.6573, 5.6166,
        5.6539, 5.5693], grad_fn=<CatBackward>)]
[2019-02-25 23:27:48,859][INFO][epoch:7	loss:tensor(1.4250, device='cuda:0')]
[2019-02-25 23:27:49,256][INFO][LCC:tensor(0.1861, grad_fn=<DivBackward1>)]
[2019-02-25 23:27:49,257][INFO][Ground Truth:tensor([0.8919, 5.7097, 6.3571, 2.5152, 4.6757, 4.0526, 3.6053, 4.2381, 3.5897,
        3.5000, 3.2564, 3.8205, 5.2750, 4.3571, 6.0540, 5.9268, 5.8108, 6.0513,
        5.2683, 5.4762, 3.2162, 5.3243, 4.6452, 2.2500, 3.5000, 5.4062, 6.1667,
        4.9062, 5.3056, 5.9730, 2.8461, 5.8378, 3.4054, 4.1000, 3.7941, 3.7742,
        5.8000, 2.8438, 2.6279, 5.5833, 4.2143, 3.1081, 2.9189, 4.4419, 6.3636,
        3.6667, 5.6487, 6.1351, 5.8372, 3.3721, 5.6818, 4.5714, 0.8889, 3.4865,
        5.6111, 5.1111, 4.9268, 5.5143, 5.9512, 5.0571, 3.6389, 3.5000, 5.1892,
        5.3171, 4.6757, 5.8857, 4.1364, 3.6216, 5.5143, 5.1539, 2.3171, 5.3333,
        5.8529, 2.9143, 4.6571, 5.9730, 5.4390, 3.5278, 4.5714, 5.9167, 3.0286,
        5.4884, 3.9474, 2.8571, 4.5294, 3.7838, 4.3750, 6.5000, 3.6111, 3.6486,
        3.1892, 4.4000, 4.1795, 5.1539, 4.7714, 4.2821, 4.3784, 4.1111, 3.3171,
        3.2820, 4.3077])]
[2019-02-25 23:27:49,257][INFO][Predicted:tensor([5.4219, 5.3920, 5.4277, 5.3869, 5.3879, 5.3763, 5.3920, 5.3880, 5.3911,
        5.3748, 5.3962, 5.4091, 5.3903, 5.4254, 5.3774, 5.3801, 5.4082, 5.3841,
        5.4081, 5.3818, 5.3902, 5.3813, 5.3916, 5.3797, 5.3717, 5.3968, 5.4100,
        5.3965, 5.4347, 5.4103, 5.4012, 5.3735, 5.3886, 5.4095, 5.3792, 5.3983,
        5.3981, 5.3763, 5.4147, 5.4071, 5.4197, 5.3807, 5.4016, 5.3986, 5.4001,
        5.3684, 5.3806, 5.4006, 5.4074, 5.3951, 5.3822, 5.4192, 5.3696, 5.4166,
        5.3877, 5.4080, 5.4065, 5.4291, 5.4366, 5.4112, 5.4129, 5.3952, 5.3866,
        5.3978, 5.3690, 5.4088, 5.3892, 5.4093, 5.3860, 5.3762, 5.4108, 5.3973,
        5.4086, 5.3792, 5.4015, 5.4286, 5.3938, 5.3840, 5.3967, 5.4084, 5.3790,
        5.3860, 5.3777, 5.4035, 5.4168, 5.3622, 5.4020, 5.3944, 5.3829, 5.4118,
        5.3972, 5.3975, 5.3889, 5.4168, 5.4409, 5.3953, 5.3892, 5.3837, 5.4057,
        5.3951, 5.4179], grad_fn=<CatBackward>)]
[2019-02-25 23:28:04,201][INFO][epoch:8	loss:tensor(1.4271, device='cuda:0')]
[2019-02-25 23:28:04,610][INFO][LCC:tensor(0.2613, grad_fn=<DivBackward1>)]
[2019-02-25 23:28:04,611][INFO][Ground Truth:tensor([0.8919, 5.7097, 6.3571, 2.5152, 4.6757, 4.0526, 3.6053, 4.2381, 3.5897,
        3.5000, 3.2564, 3.8205, 5.2750, 4.3571, 6.0540, 5.9268, 5.8108, 6.0513,
        5.2683, 5.4762, 3.2162, 5.3243, 4.6452, 2.2500, 3.5000, 5.4062, 6.1667,
        4.9062, 5.3056, 5.9730, 2.8461, 5.8378, 3.4054, 4.1000, 3.7941, 3.7742,
        5.8000, 2.8438, 2.6279, 5.5833, 4.2143, 3.1081, 2.9189, 4.4419, 6.3636,
        3.6667, 5.6487, 6.1351, 5.8372, 3.3721, 5.6818, 4.5714, 0.8889, 3.4865,
        5.6111, 5.1111, 4.9268, 5.5143, 5.9512, 5.0571, 3.6389, 3.5000, 5.1892,
        5.3171, 4.6757, 5.8857, 4.1364, 3.6216, 5.5143, 5.1539, 2.3171, 5.3333,
        5.8529, 2.9143, 4.6571, 5.9730, 5.4390, 3.5278, 4.5714, 5.9167, 3.0286,
        5.4884, 3.9474, 2.8571, 4.5294, 3.7838, 4.3750, 6.5000, 3.6111, 3.6486,
        3.1892, 4.4000, 4.1795, 5.1539, 4.7714, 4.2821, 4.3784, 4.1111, 3.3171,
        3.2820, 4.3077])]
[2019-02-25 23:28:04,611][INFO][Predicted:tensor([5.3809, 5.3591, 5.4001, 5.3540, 5.3456, 5.3569, 5.3481, 5.3388, 5.3304,
        5.3371, 5.3382, 5.3645, 5.3433, 5.3595, 5.3504, 5.3459, 5.3536, 5.3542,
        5.3622, 5.3465, 5.3512, 5.3519, 5.3796, 5.3237, 5.3616, 5.3641, 5.3800,
        5.3680, 5.3801, 5.3667, 5.3689, 5.3554, 5.3402, 5.3737, 5.3464, 5.3580,
        5.3475, 5.3504, 5.3472, 5.3666, 5.3678, 5.3362, 5.3701, 5.3448, 5.3590,
        5.3421, 5.3487, 5.3569, 5.3391, 5.3512, 5.3537, 5.3806, 5.3297, 5.3573,
        5.3442, 5.3648, 5.3719, 5.3900, 5.3511, 5.3608, 5.3579, 5.3493, 5.3320,
        5.3713, 5.3507, 5.3711, 5.3410, 5.3638, 5.3428, 5.3486, 5.3539, 5.3385,
        5.3744, 5.3378, 5.3554, 5.3852, 5.3473, 5.3535, 5.3380, 5.3801, 5.3415,
        5.3496, 5.3473, 5.3584, 5.3608, 5.3691, 5.3691, 5.3729, 5.3333, 5.3519,
        5.3725, 5.3575, 5.3537, 5.3519, 5.3964, 5.3609, 5.3398, 5.3533, 5.3686,
        5.3626, 5.3489], grad_fn=<CatBackward>)]
[2019-02-25 23:28:19,559][INFO][epoch:9	loss:tensor(1.4228, device='cuda:0')]
[2019-02-25 23:28:19,963][INFO][LCC:tensor(0.1738, grad_fn=<DivBackward1>)]
[2019-02-25 23:28:19,963][INFO][Ground Truth:tensor([0.8919, 5.7097, 6.3571, 2.5152, 4.6757, 4.0526, 3.6053, 4.2381, 3.5897,
        3.5000, 3.2564, 3.8205, 5.2750, 4.3571, 6.0540, 5.9268, 5.8108, 6.0513,
        5.2683, 5.4762, 3.2162, 5.3243, 4.6452, 2.2500, 3.5000, 5.4062, 6.1667,
        4.9062, 5.3056, 5.9730, 2.8461, 5.8378, 3.4054, 4.1000, 3.7941, 3.7742,
        5.8000, 2.8438, 2.6279, 5.5833, 4.2143, 3.1081, 2.9189, 4.4419, 6.3636,
        3.6667, 5.6487, 6.1351, 5.8372, 3.3721, 5.6818, 4.5714, 0.8889, 3.4865,
        5.6111, 5.1111, 4.9268, 5.5143, 5.9512, 5.0571, 3.6389, 3.5000, 5.1892,
        5.3171, 4.6757, 5.8857, 4.1364, 3.6216, 5.5143, 5.1539, 2.3171, 5.3333,
        5.8529, 2.9143, 4.6571, 5.9730, 5.4390, 3.5278, 4.5714, 5.9167, 3.0286,
        5.4884, 3.9474, 2.8571, 4.5294, 3.7838, 4.3750, 6.5000, 3.6111, 3.6486,
        3.1892, 4.4000, 4.1795, 5.1539, 4.7714, 4.2821, 4.3784, 4.1111, 3.3171,
        3.2820, 4.3077])]
[2019-02-25 23:28:19,964][INFO][Predicted:tensor([5.4866, 5.4286, 5.4762, 5.4420, 5.4532, 5.4489, 5.4390, 5.4708, 5.4239,
        5.4726, 5.4142, 5.4873, 5.4606, 5.4878, 5.4445, 5.4754, 5.4647, 5.4682,
        5.4434, 5.4694, 5.4801, 5.4575, 5.4404, 5.4538, 5.4375, 5.4482, 5.4709,
        5.4346, 5.4845, 5.4779, 5.4733, 5.4666, 5.4192, 5.4555, 5.4244, 5.4512,
        5.4368, 5.4323, 5.4629, 5.4770, 5.4815, 5.4424, 5.4559, 5.4343, 5.4483,
        5.4764, 5.4459, 5.4727, 5.4694, 5.4711, 5.4458, 5.4714, 5.4519, 5.4523,
        5.4460, 5.4621, 5.4573, 5.4858, 5.4846, 5.4647, 5.4603, 5.4296, 5.4426,
        5.4575, 5.4361, 5.4579, 5.4771, 5.4714, 5.4448, 5.4659, 5.4779, 5.4460,
        5.4780, 5.4349, 5.4634, 5.4837, 5.4451, 5.4428, 5.4469, 5.4852, 5.4476,
        5.4533, 5.4381, 5.4558, 5.4564, 5.4796, 5.4589, 5.4533, 5.4375, 5.4510,
        5.4507, 5.4422, 5.4262, 5.4771, 5.4841, 5.4655, 5.4378, 5.4484, 5.4498,
        5.4631, 5.4638], grad_fn=<CatBackward>)]
[2019-02-25 23:28:34,906][INFO][epoch:10	loss:tensor(1.4203, device='cuda:0')]
[2019-02-25 23:28:35,298][INFO][LCC:tensor(0.0953, grad_fn=<DivBackward1>)]
[2019-02-25 23:28:35,298][INFO][Ground Truth:tensor([0.8919, 5.7097, 6.3571, 2.5152, 4.6757, 4.0526, 3.6053, 4.2381, 3.5897,
        3.5000, 3.2564, 3.8205, 5.2750, 4.3571, 6.0540, 5.9268, 5.8108, 6.0513,
        5.2683, 5.4762, 3.2162, 5.3243, 4.6452, 2.2500, 3.5000, 5.4062, 6.1667,
        4.9062, 5.3056, 5.9730, 2.8461, 5.8378, 3.4054, 4.1000, 3.7941, 3.7742,
        5.8000, 2.8438, 2.6279, 5.5833, 4.2143, 3.1081, 2.9189, 4.4419, 6.3636,
        3.6667, 5.6487, 6.1351, 5.8372, 3.3721, 5.6818, 4.5714, 0.8889, 3.4865,
        5.6111, 5.1111, 4.9268, 5.5143, 5.9512, 5.0571, 3.6389, 3.5000, 5.1892,
        5.3171, 4.6757, 5.8857, 4.1364, 3.6216, 5.5143, 5.1539, 2.3171, 5.3333,
        5.8529, 2.9143, 4.6571, 5.9730, 5.4390, 3.5278, 4.5714, 5.9167, 3.0286,
        5.4884, 3.9474, 2.8571, 4.5294, 3.7838, 4.3750, 6.5000, 3.6111, 3.6486,
        3.1892, 4.4000, 4.1795, 5.1539, 4.7714, 4.2821, 4.3784, 4.1111, 3.3171,
        3.2820, 4.3077])]
[2019-02-25 23:28:35,299][INFO][Predicted:tensor([5.6180, 5.5408, 5.5532, 5.5477, 5.5397, 5.5498, 5.5527, 5.5096, 5.5508,
        5.5615, 5.5526, 5.5015, 5.5473, 5.5428, 5.5530, 5.5660, 5.5405, 5.5407,
        5.5411, 5.5459, 5.5567, 5.5463, 5.5481, 5.5435, 5.5441, 5.5449, 5.5414,
        5.5591, 5.6207, 5.5576, 5.5621, 5.5574, 5.5504, 5.5507, 5.5450, 5.5388,
        5.5440, 5.5540, 5.5471, 5.5513, 5.5428, 5.5435, 5.5707, 5.5503, 5.5565,
        5.5407, 5.5553, 5.5548, 5.5205, 5.5290, 5.5470, 5.5481, 5.5265, 5.5304,
        5.5446, 5.5487, 5.5469, 5.6236, 5.5556, 5.5674, 5.5394, 5.5610, 5.5451,
        5.5374, 5.5479, 5.5264, 5.5459, 5.5487, 5.5436, 5.5395, 5.5379, 5.5317,
        5.5670, 5.5384, 5.5533, 5.6262, 5.5522, 5.5315, 5.5394, 5.6182, 5.5474,
        5.5508, 5.5404, 5.5680, 5.5547, 5.5375, 5.5491, 5.5516, 5.5491, 5.5411,
        5.5554, 5.5456, 5.5495, 5.5218, 5.6295, 5.5591, 5.5430, 5.5539, 5.5519,
        5.5318, 5.5088], grad_fn=<CatBackward>)]
[2019-02-25 23:28:50,586][INFO][epoch:11	loss:tensor(1.4229, device='cuda:0')]
[2019-02-25 23:28:51,210][INFO][LCC:tensor(0.0067, grad_fn=<DivBackward1>)]
[2019-02-25 23:28:51,210][INFO][Ground Truth:tensor([0.8919, 5.7097, 6.3571, 2.5152, 4.6757, 4.0526, 3.6053, 4.2381, 3.5897,
        3.5000, 3.2564, 3.8205, 5.2750, 4.3571, 6.0540, 5.9268, 5.8108, 6.0513,
        5.2683, 5.4762, 3.2162, 5.3243, 4.6452, 2.2500, 3.5000, 5.4062, 6.1667,
        4.9062, 5.3056, 5.9730, 2.8461, 5.8378, 3.4054, 4.1000, 3.7941, 3.7742,
        5.8000, 2.8438, 2.6279, 5.5833, 4.2143, 3.1081, 2.9189, 4.4419, 6.3636,
        3.6667, 5.6487, 6.1351, 5.8372, 3.3721, 5.6818, 4.5714, 0.8889, 3.4865,
        5.6111, 5.1111, 4.9268, 5.5143, 5.9512, 5.0571, 3.6389, 3.5000, 5.1892,
        5.3171, 4.6757, 5.8857, 4.1364, 3.6216, 5.5143, 5.1539, 2.3171, 5.3333,
        5.8529, 2.9143, 4.6571, 5.9730, 5.4390, 3.5278, 4.5714, 5.9167, 3.0286,
        5.4884, 3.9474, 2.8571, 4.5294, 3.7838, 4.3750, 6.5000, 3.6111, 3.6486,
        3.1892, 4.4000, 4.1795, 5.1539, 4.7714, 4.2821, 4.3784, 4.1111, 3.3171,
        3.2820, 4.3077])]
[2019-02-25 23:28:51,211][INFO][Predicted:tensor([5.6050, 5.6364, 5.6282, 5.6314, 5.6309, 5.6375, 5.6259, 5.6425, 5.6244,
        5.6278, 5.6233, 5.6384, 5.6301, 5.6348, 5.6286, 5.6363, 5.6244, 5.6323,
        5.6216, 5.6329, 5.6354, 5.6337, 5.6329, 5.6316, 5.6273, 5.6332, 5.6300,
        5.6272, 5.6028, 5.6258, 5.6303, 5.6356, 5.6215, 5.6322, 5.6258, 5.6341,
        5.6307, 5.6258, 5.6301, 5.6214, 5.6266, 5.6291, 5.6223, 5.6229, 5.6303,
        5.6330, 5.6290, 5.6251, 5.6327, 5.6291, 5.6276, 5.6311, 5.6301, 5.6321,
        5.6300, 5.6285, 5.6243, 5.6054, 5.6308, 5.6262, 5.6273, 5.6260, 5.6295,
        5.6301, 5.6269, 5.6292, 5.6280, 5.6295, 5.6266, 5.6360, 5.6364, 5.6371,
        5.6319, 5.6231, 5.6218, 5.6018, 5.6267, 5.6266, 5.6327, 5.6054, 5.6286,
        5.6343, 5.6419, 5.6094, 5.6233, 5.6368, 5.6293, 5.6246, 5.6210, 5.6262,
        5.6308, 5.6299, 5.6291, 5.6360, 5.5981, 5.6251, 5.6254, 5.6266, 5.6296,
        5.6310, 5.6236], grad_fn=<CatBackward>)]
