[2019-03-15 18:20:40,110][WARNING][Model:Try ResNet.]
[2019-03-15 18:20:43,341][INFO][epoch:0	loss:tensor(60.3768, device='cuda:0')]
[2019-03-15 18:20:44,934][INFO][epoch:1	loss:tensor(2.5633, device='cuda:0')]
[2019-03-15 18:20:46,514][INFO][epoch:2	loss:tensor(3.0359, device='cuda:0')]
[2019-03-15 18:20:48,096][INFO][epoch:3	loss:tensor(2.3116, device='cuda:0')]
[2019-03-15 18:20:49,702][INFO][epoch:4	loss:tensor(2.1404, device='cuda:0')]
[2019-03-15 18:20:51,266][INFO][epoch:5	loss:tensor(2.1166, device='cuda:0')]
[2019-03-15 18:20:52,902][INFO][epoch:6	loss:tensor(1.8018, device='cuda:0')]
[2019-03-15 18:20:54,505][INFO][epoch:7	loss:tensor(1.8426, device='cuda:0')]
[2019-03-15 18:20:56,098][INFO][epoch:8	loss:tensor(2.3560, device='cuda:0')]
[2019-03-15 18:20:57,664][INFO][epoch:9	loss:tensor(2.3221, device='cuda:0')]
[2019-03-15 18:20:59,233][INFO][epoch:10	loss:tensor(1.7900, device='cuda:0')]
[2019-03-15 18:20:59,944][WARNING][LCC:0.6217505]
[2019-03-15 18:20:59,944][WARNING][SROCC:0.61731625]
[2019-03-15 18:21:01,472][INFO][epoch:11	loss:tensor(1.8271, device='cuda:0')]
[2019-03-15 18:21:03,035][INFO][epoch:12	loss:tensor(1.4350, device='cuda:0')]
[2019-03-15 18:21:04,592][INFO][epoch:13	loss:tensor(1.4708, device='cuda:0')]
[2019-03-15 18:21:06,165][INFO][epoch:14	loss:tensor(1.5418, device='cuda:0')]
[2019-03-15 18:21:07,735][INFO][epoch:15	loss:tensor(1.4357, device='cuda:0')]
[2019-03-15 18:21:09,323][INFO][epoch:16	loss:tensor(1.4441, device='cuda:0')]
[2019-03-15 18:21:10,867][INFO][epoch:17	loss:tensor(1.5358, device='cuda:0')]
[2019-03-15 18:21:12,428][INFO][epoch:18	loss:tensor(1.4761, device='cuda:0')]
[2019-03-15 18:21:14,008][INFO][epoch:19	loss:tensor(1.7199, device='cuda:0')]
[2019-03-15 18:21:15,590][INFO][epoch:20	loss:tensor(1.7540, device='cuda:0')]
[2019-03-15 18:21:16,292][WARNING][LCC:0.69763905]
[2019-03-15 18:21:16,292][WARNING][SROCC:0.7147734]
[2019-03-15 18:21:17,822][INFO][epoch:21	loss:tensor(1.5010, device='cuda:0')]
[2019-03-15 18:21:19,412][INFO][epoch:22	loss:tensor(1.5316, device='cuda:0')]
[2019-03-15 18:21:20,974][INFO][epoch:23	loss:tensor(1.3032, device='cuda:0')]
[2019-03-15 18:21:22,540][INFO][epoch:24	loss:tensor(1.3257, device='cuda:0')]
[2019-03-15 18:21:24,110][INFO][epoch:25	loss:tensor(1.3032, device='cuda:0')]
[2019-03-15 18:21:25,670][INFO][epoch:26	loss:tensor(1.4357, device='cuda:0')]
[2019-03-15 18:21:27,244][INFO][epoch:27	loss:tensor(1.3166, device='cuda:0')]
[2019-03-15 18:21:28,798][INFO][epoch:28	loss:tensor(1.3265, device='cuda:0')]
[2019-03-15 18:21:30,386][INFO][epoch:29	loss:tensor(1.2743, device='cuda:0')]
[2019-03-15 18:21:31,964][INFO][epoch:30	loss:tensor(1.3054, device='cuda:0')]
[2019-03-15 18:21:32,644][WARNING][LCC:0.736217]
[2019-03-15 18:21:32,644][WARNING][SROCC:0.7367259]
[2019-03-15 18:21:34,154][INFO][epoch:31	loss:tensor(1.7215, device='cuda:0')]
[2019-03-15 18:21:35,736][INFO][epoch:32	loss:tensor(1.5096, device='cuda:0')]
[2019-03-15 18:21:37,312][INFO][epoch:33	loss:tensor(1.6257, device='cuda:0')]
[2019-03-15 18:21:38,854][INFO][epoch:34	loss:tensor(1.2880, device='cuda:0')]
[2019-03-15 18:21:40,428][INFO][epoch:35	loss:tensor(1.2816, device='cuda:0')]
[2019-03-15 18:21:41,973][INFO][epoch:36	loss:tensor(1.1293, device='cuda:0')]
[2019-03-15 18:21:43,517][INFO][epoch:37	loss:tensor(1.3533, device='cuda:0')]
[2019-03-15 18:21:45,092][INFO][epoch:38	loss:tensor(1.1540, device='cuda:0')]
[2019-03-15 18:21:46,666][INFO][epoch:39	loss:tensor(1.1900, device='cuda:0')]
[2019-03-15 18:21:48,220][INFO][epoch:40	loss:tensor(1.4322, device='cuda:0')]
[2019-03-15 18:21:48,907][WARNING][LCC:0.74980813]
[2019-03-15 18:21:48,907][WARNING][SROCC:0.7346684]
[2019-03-15 18:21:50,454][INFO][epoch:41	loss:tensor(1.2578, device='cuda:0')]
[2019-03-15 18:21:52,022][INFO][epoch:42	loss:tensor(1.3145, device='cuda:0')]
[2019-03-15 18:21:53,586][INFO][epoch:43	loss:tensor(1.2286, device='cuda:0')]
[2019-03-15 18:21:55,168][INFO][epoch:44	loss:tensor(1.1333, device='cuda:0')]
[2019-03-15 18:21:56,738][INFO][epoch:45	loss:tensor(1.2175, device='cuda:0')]
[2019-03-15 18:21:58,305][INFO][epoch:46	loss:tensor(1.2171, device='cuda:0')]
[2019-03-15 18:21:59,887][INFO][epoch:47	loss:tensor(1.2075, device='cuda:0')]
[2019-03-15 18:22:01,457][INFO][epoch:48	loss:tensor(1.1348, device='cuda:0')]
[2019-03-15 18:22:03,043][INFO][epoch:49	loss:tensor(1.1998, device='cuda:0')]
[2019-03-15 18:22:04,601][INFO][epoch:50	loss:tensor(1.0614, device='cuda:0')]
[2019-03-15 18:22:05,306][WARNING][LCC:0.73149246]
[2019-03-15 18:22:05,306][WARNING][SROCC:0.7222211]
[2019-03-15 18:22:05,306][WARNING][Model saved]
[2019-03-15 18:22:06,905][INFO][epoch:51	loss:tensor(1.1482, device='cuda:0')]
[2019-03-15 18:22:08,469][INFO][epoch:52	loss:tensor(1.0664, device='cuda:0')]
[2019-03-15 18:22:10,049][INFO][epoch:53	loss:tensor(1.0298, device='cuda:0')]
[2019-03-15 18:22:11,683][INFO][epoch:54	loss:tensor(1.0241, device='cuda:0')]
[2019-03-15 18:22:13,250][INFO][epoch:55	loss:tensor(1.0958, device='cuda:0')]
[2019-03-15 18:22:14,823][INFO][epoch:56	loss:tensor(1.0628, device='cuda:0')]
[2019-03-15 18:22:16,381][INFO][epoch:57	loss:tensor(0.9840, device='cuda:0')]
[2019-03-15 18:22:17,940][INFO][epoch:58	loss:tensor(1.1075, device='cuda:0')]
[2019-03-15 18:22:19,500][INFO][epoch:59	loss:tensor(0.9467, device='cuda:0')]
[2019-03-15 18:22:21,081][INFO][epoch:60	loss:tensor(1.0006, device='cuda:0')]
[2019-03-15 18:22:21,749][WARNING][LCC:0.73767334]
[2019-03-15 18:22:21,749][WARNING][SROCC:0.69565296]
[2019-03-15 18:22:23,276][INFO][epoch:61	loss:tensor(1.0580, device='cuda:0')]
[2019-03-15 18:22:24,820][INFO][epoch:62	loss:tensor(0.9819, device='cuda:0')]
[2019-03-15 18:22:26,401][INFO][epoch:63	loss:tensor(1.0934, device='cuda:0')]
[2019-03-15 18:22:27,980][INFO][epoch:64	loss:tensor(1.0689, device='cuda:0')]
[2019-03-15 18:22:29,542][INFO][epoch:65	loss:tensor(0.9918, device='cuda:0')]
[2019-03-15 18:22:31,137][INFO][epoch:66	loss:tensor(0.9571, device='cuda:0')]
[2019-03-15 18:22:32,696][INFO][epoch:67	loss:tensor(1.0522, device='cuda:0')]
[2019-03-15 18:22:34,254][INFO][epoch:68	loss:tensor(1.1479, device='cuda:0')]
[2019-03-15 18:22:35,818][INFO][epoch:69	loss:tensor(1.1814, device='cuda:0')]
[2019-03-15 18:22:37,379][INFO][epoch:70	loss:tensor(0.9993, device='cuda:0')]
[2019-03-15 18:22:38,059][WARNING][LCC:0.7872618]
[2019-03-15 18:22:38,059][WARNING][SROCC:0.7691288]
[2019-03-15 18:22:39,565][INFO][epoch:71	loss:tensor(0.9959, device='cuda:0')]
[2019-03-15 18:22:41,144][INFO][epoch:72	loss:tensor(0.9713, device='cuda:0')]
[2019-03-15 18:22:42,729][INFO][epoch:73	loss:tensor(0.9211, device='cuda:0')]
[2019-03-15 18:22:44,280][INFO][epoch:74	loss:tensor(0.9625, device='cuda:0')]
[2019-03-15 18:22:45,842][INFO][epoch:75	loss:tensor(1.0044, device='cuda:0')]
[2019-03-15 18:22:47,398][INFO][epoch:76	loss:tensor(1.0123, device='cuda:0')]
[2019-03-15 18:22:48,957][INFO][epoch:77	loss:tensor(0.9417, device='cuda:0')]
[2019-03-15 18:22:50,522][INFO][epoch:78	loss:tensor(0.8914, device='cuda:0')]
[2019-03-15 18:22:52,089][INFO][epoch:79	loss:tensor(0.8960, device='cuda:0')]
[2019-03-15 18:22:53,656][INFO][epoch:80	loss:tensor(0.8133, device='cuda:0')]
[2019-03-15 18:22:54,324][WARNING][LCC:0.7974313]
[2019-03-15 18:22:54,324][WARNING][SROCC:0.77348137]
[2019-03-15 18:22:55,864][INFO][epoch:81	loss:tensor(0.9057, device='cuda:0')]
[2019-03-15 18:22:57,403][INFO][epoch:82	loss:tensor(0.9205, device='cuda:0')]
[2019-03-15 18:22:58,967][INFO][epoch:83	loss:tensor(0.8944, device='cuda:0')]
[2019-03-15 18:23:00,512][INFO][epoch:84	loss:tensor(0.8385, device='cuda:0')]
[2019-03-15 18:23:02,079][INFO][epoch:85	loss:tensor(0.8978, device='cuda:0')]
[2019-03-15 18:23:03,649][INFO][epoch:86	loss:tensor(0.8081, device='cuda:0')]
[2019-03-15 18:23:05,211][INFO][epoch:87	loss:tensor(0.8800, device='cuda:0')]
[2019-03-15 18:23:06,778][INFO][epoch:88	loss:tensor(0.8130, device='cuda:0')]
[2019-03-15 18:23:08,344][INFO][epoch:89	loss:tensor(0.8613, device='cuda:0')]
[2019-03-15 18:23:09,894][INFO][epoch:90	loss:tensor(0.8958, device='cuda:0')]
[2019-03-15 18:23:10,575][WARNING][LCC:0.8166229]
[2019-03-15 18:23:10,575][WARNING][SROCC:0.7773797]
[2019-03-15 18:23:12,099][INFO][epoch:91	loss:tensor(0.8569, device='cuda:0')]
[2019-03-15 18:23:13,673][INFO][epoch:92	loss:tensor(0.8934, device='cuda:0')]
[2019-03-15 18:23:15,238][INFO][epoch:93	loss:tensor(0.8518, device='cuda:0')]
[2019-03-15 18:23:16,811][INFO][epoch:94	loss:tensor(0.8388, device='cuda:0')]
[2019-03-15 18:23:18,374][INFO][epoch:95	loss:tensor(0.8293, device='cuda:0')]
[2019-03-15 18:23:19,955][INFO][epoch:96	loss:tensor(0.7703, device='cuda:0')]
[2019-03-15 18:23:21,544][INFO][epoch:97	loss:tensor(0.8721, device='cuda:0')]
[2019-03-15 18:23:23,108][INFO][epoch:98	loss:tensor(0.9044, device='cuda:0')]
[2019-03-15 18:23:24,649][INFO][epoch:99	loss:tensor(0.7841, device='cuda:0')]
[2019-03-15 18:23:26,205][INFO][epoch:100	loss:tensor(0.8460, device='cuda:0')]
[2019-03-15 18:23:26,887][WARNING][LCC:0.8039465]
[2019-03-15 18:23:26,888][WARNING][SROCC:0.7860482]
[2019-03-15 18:23:26,888][WARNING][Model saved]
[2019-03-15 18:23:28,440][INFO][epoch:101	loss:tensor(0.7696, device='cuda:0')]
[2019-03-15 18:23:29,994][INFO][epoch:102	loss:tensor(0.9060, device='cuda:0')]
[2019-03-15 18:23:31,570][INFO][epoch:103	loss:tensor(0.8147, device='cuda:0')]
[2019-03-15 18:23:33,144][INFO][epoch:104	loss:tensor(0.8391, device='cuda:0')]
[2019-03-15 18:23:34,704][INFO][epoch:105	loss:tensor(0.8319, device='cuda:0')]
[2019-03-15 18:23:36,266][INFO][epoch:106	loss:tensor(0.8171, device='cuda:0')]
[2019-03-15 18:23:37,830][INFO][epoch:107	loss:tensor(0.7706, device='cuda:0')]
[2019-03-15 18:23:39,398][INFO][epoch:108	loss:tensor(0.8423, device='cuda:0')]
[2019-03-15 18:23:40,958][INFO][epoch:109	loss:tensor(0.7935, device='cuda:0')]
[2019-03-15 18:23:42,543][INFO][epoch:110	loss:tensor(0.7076, device='cuda:0')]
[2019-03-15 18:23:43,231][WARNING][LCC:0.8166999]
[2019-03-15 18:23:43,231][WARNING][SROCC:0.77624017]
[2019-03-15 18:23:44,744][INFO][epoch:111	loss:tensor(0.8282, device='cuda:0')]
[2019-03-15 18:23:46,312][INFO][epoch:112	loss:tensor(0.8244, device='cuda:0')]
[2019-03-15 18:23:47,888][INFO][epoch:113	loss:tensor(0.7927, device='cuda:0')]
[2019-03-15 18:23:49,448][INFO][epoch:114	loss:tensor(0.7858, device='cuda:0')]
[2019-03-15 18:23:51,040][INFO][epoch:115	loss:tensor(0.8174, device='cuda:0')]
[2019-03-15 18:23:52,614][INFO][epoch:116	loss:tensor(0.8257, device='cuda:0')]
[2019-03-15 18:23:54,216][INFO][epoch:117	loss:tensor(0.7770, device='cuda:0')]
[2019-03-15 18:23:55,911][INFO][epoch:118	loss:tensor(0.8953, device='cuda:0')]
[2019-03-15 18:23:57,533][INFO][epoch:119	loss:tensor(0.8637, device='cuda:0')]
[2019-03-15 18:23:59,095][INFO][epoch:120	loss:tensor(0.7684, device='cuda:0')]
[2019-03-15 18:23:59,778][WARNING][LCC:0.7976365]
[2019-03-15 18:23:59,778][WARNING][SROCC:0.78108835]
[2019-03-15 18:24:01,286][INFO][epoch:121	loss:tensor(0.8045, device='cuda:0')]
[2019-03-15 18:24:02,872][INFO][epoch:122	loss:tensor(0.8213, device='cuda:0')]
[2019-03-15 18:24:04,435][INFO][epoch:123	loss:tensor(0.7646, device='cuda:0')]
[2019-03-15 18:24:06,001][INFO][epoch:124	loss:tensor(0.7701, device='cuda:0')]
[2019-03-15 18:24:07,581][INFO][epoch:125	loss:tensor(0.8148, device='cuda:0')]
[2019-03-15 18:24:09,136][INFO][epoch:126	loss:tensor(0.7459, device='cuda:0')]
[2019-03-15 18:24:10,695][INFO][epoch:127	loss:tensor(0.8210, device='cuda:0')]
[2019-03-15 18:24:12,288][INFO][epoch:128	loss:tensor(0.7836, device='cuda:0')]
[2019-03-15 18:24:13,838][INFO][epoch:129	loss:tensor(0.7361, device='cuda:0')]
[2019-03-15 18:24:15,419][INFO][epoch:130	loss:tensor(0.7349, device='cuda:0')]
[2019-03-15 18:24:16,085][WARNING][LCC:0.81230354]
[2019-03-15 18:24:16,086][WARNING][SROCC:0.7747643]
[2019-03-15 18:24:17,599][INFO][epoch:131	loss:tensor(0.7436, device='cuda:0')]
[2019-03-15 18:24:19,173][INFO][epoch:132	loss:tensor(0.8170, device='cuda:0')]
[2019-03-15 18:24:20,758][INFO][epoch:133	loss:tensor(0.7508, device='cuda:0')]
[2019-03-15 18:24:22,330][INFO][epoch:134	loss:tensor(0.7421, device='cuda:0')]
[2019-03-15 18:24:23,889][INFO][epoch:135	loss:tensor(0.6688, device='cuda:0')]
[2019-03-15 18:24:25,457][INFO][epoch:136	loss:tensor(0.7761, device='cuda:0')]
[2019-03-15 18:24:27,039][INFO][epoch:137	loss:tensor(0.7247, device='cuda:0')]
[2019-03-15 18:24:28,610][INFO][epoch:138	loss:tensor(0.7155, device='cuda:0')]
[2019-03-15 18:24:30,176][INFO][epoch:139	loss:tensor(0.7818, device='cuda:0')]
[2019-03-15 18:24:31,740][INFO][epoch:140	loss:tensor(0.7037, device='cuda:0')]
[2019-03-15 18:24:32,438][WARNING][LCC:0.83997977]
[2019-03-15 18:24:32,439][WARNING][SROCC:0.8049391]
[2019-03-15 18:24:33,968][INFO][epoch:141	loss:tensor(0.8270, device='cuda:0')]
[2019-03-15 18:24:35,519][INFO][epoch:142	loss:tensor(0.7397, device='cuda:0')]
[2019-03-15 18:24:37,099][INFO][epoch:143	loss:tensor(0.7408, device='cuda:0')]
[2019-03-15 18:24:38,658][INFO][epoch:144	loss:tensor(0.6835, device='cuda:0')]
[2019-03-15 18:24:40,226][INFO][epoch:145	loss:tensor(0.7706, device='cuda:0')]
[2019-03-15 18:24:41,780][INFO][epoch:146	loss:tensor(0.7465, device='cuda:0')]
[2019-03-15 18:24:43,362][INFO][epoch:147	loss:tensor(0.7005, device='cuda:0')]
[2019-03-15 18:24:44,932][INFO][epoch:148	loss:tensor(0.7295, device='cuda:0')]
[2019-03-15 18:24:46,492][INFO][epoch:149	loss:tensor(0.7105, device='cuda:0')]
[2019-03-15 18:24:48,076][INFO][epoch:150	loss:tensor(0.7164, device='cuda:0')]
[2019-03-15 18:24:48,741][WARNING][LCC:0.8251887]
[2019-03-15 18:24:48,741][WARNING][SROCC:0.80793214]
[2019-03-15 18:24:48,741][WARNING][Model saved]
[2019-03-15 18:24:50,296][INFO][epoch:151	loss:tensor(0.7057, device='cuda:0')]
[2019-03-15 18:24:51,864][INFO][epoch:152	loss:tensor(0.6941, device='cuda:0')]
[2019-03-15 18:24:53,425][INFO][epoch:153	loss:tensor(0.6858, device='cuda:0')]
[2019-03-15 18:24:54,993][INFO][epoch:154	loss:tensor(0.7465, device='cuda:0')]
[2019-03-15 18:24:56,545][INFO][epoch:155	loss:tensor(0.7324, device='cuda:0')]
[2019-03-15 18:24:58,115][INFO][epoch:156	loss:tensor(0.6855, device='cuda:0')]
[2019-03-15 18:24:59,680][INFO][epoch:157	loss:tensor(0.6667, device='cuda:0')]
[2019-03-15 18:25:01,243][INFO][epoch:158	loss:tensor(0.7541, device='cuda:0')]
[2019-03-15 18:25:02,802][INFO][epoch:159	loss:tensor(0.6860, device='cuda:0')]
[2019-03-15 18:25:04,367][INFO][epoch:160	loss:tensor(0.6888, device='cuda:0')]
[2019-03-15 18:25:05,045][WARNING][LCC:0.84899163]
[2019-03-15 18:25:05,046][WARNING][SROCC:0.8320347]
[2019-03-15 18:25:06,550][INFO][epoch:161	loss:tensor(0.7403, device='cuda:0')]
[2019-03-15 18:25:08,148][INFO][epoch:162	loss:tensor(0.6679, device='cuda:0')]
[2019-03-15 18:25:09,700][INFO][epoch:163	loss:tensor(0.6852, device='cuda:0')]
[2019-03-15 18:25:11,245][INFO][epoch:164	loss:tensor(0.7439, device='cuda:0')]
[2019-03-15 18:25:12,799][INFO][epoch:165	loss:tensor(0.6915, device='cuda:0')]
[2019-03-15 18:25:14,378][INFO][epoch:166	loss:tensor(0.7007, device='cuda:0')]
[2019-03-15 18:25:15,936][INFO][epoch:167	loss:tensor(0.6935, device='cuda:0')]
[2019-03-15 18:25:17,496][INFO][epoch:168	loss:tensor(0.6935, device='cuda:0')]
[2019-03-15 18:25:19,057][INFO][epoch:169	loss:tensor(0.7026, device='cuda:0')]
[2019-03-15 18:25:20,611][INFO][epoch:170	loss:tensor(0.7672, device='cuda:0')]
[2019-03-15 18:25:21,292][WARNING][LCC:0.8205591]
[2019-03-15 18:25:21,293][WARNING][SROCC:0.81793624]
[2019-03-15 18:25:22,794][INFO][epoch:171	loss:tensor(0.7262, device='cuda:0')]
[2019-03-15 18:25:24,364][INFO][epoch:172	loss:tensor(0.7161, device='cuda:0')]
[2019-03-15 18:25:25,932][INFO][epoch:173	loss:tensor(0.6769, device='cuda:0')]
[2019-03-15 18:25:27,496][INFO][epoch:174	loss:tensor(0.6349, device='cuda:0')]
[2019-03-15 18:25:29,080][INFO][epoch:175	loss:tensor(0.6902, device='cuda:0')]
[2019-03-15 18:25:30,649][INFO][epoch:176	loss:tensor(0.7370, device='cuda:0')]
[2019-03-15 18:25:32,222][INFO][epoch:177	loss:tensor(0.6370, device='cuda:0')]
[2019-03-15 18:25:33,779][INFO][epoch:178	loss:tensor(0.6819, device='cuda:0')]
[2019-03-15 18:25:35,332][INFO][epoch:179	loss:tensor(0.6001, device='cuda:0')]
[2019-03-15 18:25:36,901][INFO][epoch:180	loss:tensor(0.6667, device='cuda:0')]
[2019-03-15 18:25:37,570][WARNING][LCC:0.8048152]
[2019-03-15 18:25:37,571][WARNING][SROCC:0.77839017]
[2019-03-15 18:25:39,088][INFO][epoch:181	loss:tensor(0.6933, device='cuda:0')]
[2019-03-15 18:25:40,655][INFO][epoch:182	loss:tensor(0.7171, device='cuda:0')]
[2019-03-15 18:25:42,215][INFO][epoch:183	loss:tensor(0.6517, device='cuda:0')]
[2019-03-15 18:25:43,786][INFO][epoch:184	loss:tensor(0.6426, device='cuda:0')]
[2019-03-15 18:25:45,351][INFO][epoch:185	loss:tensor(0.7033, device='cuda:0')]
[2019-03-15 18:25:46,907][INFO][epoch:186	loss:tensor(0.6974, device='cuda:0')]
[2019-03-15 18:25:48,476][INFO][epoch:187	loss:tensor(0.6773, device='cuda:0')]
[2019-03-15 18:25:50,038][INFO][epoch:188	loss:tensor(0.6461, device='cuda:0')]
[2019-03-15 18:25:51,615][INFO][epoch:189	loss:tensor(0.6684, device='cuda:0')]
[2019-03-15 18:25:53,168][INFO][epoch:190	loss:tensor(0.6468, device='cuda:0')]
[2019-03-15 18:25:53,864][WARNING][LCC:0.8430223]
[2019-03-15 18:25:53,864][WARNING][SROCC:0.825666]
[2019-03-15 18:25:55,381][INFO][epoch:191	loss:tensor(0.6800, device='cuda:0')]
[2019-03-15 18:25:56,930][INFO][epoch:192	loss:tensor(0.6365, device='cuda:0')]
[2019-03-15 18:25:58,488][INFO][epoch:193	loss:tensor(0.5780, device='cuda:0')]
[2019-03-15 18:26:00,081][INFO][epoch:194	loss:tensor(0.6931, device='cuda:0')]
[2019-03-15 18:26:01,624][INFO][epoch:195	loss:tensor(0.6540, device='cuda:0')]
[2019-03-15 18:26:03,185][INFO][epoch:196	loss:tensor(0.6432, device='cuda:0')]
[2019-03-15 18:26:04,777][INFO][epoch:197	loss:tensor(0.6025, device='cuda:0')]
[2019-03-15 18:26:06,336][INFO][epoch:198	loss:tensor(0.6250, device='cuda:0')]
[2019-03-15 18:26:07,901][INFO][epoch:199	loss:tensor(0.7022, device='cuda:0')]
[2019-03-15 18:26:09,473][INFO][epoch:200	loss:tensor(0.7204, device='cuda:0')]
[2019-03-15 18:26:10,158][WARNING][LCC:0.8364125]
[2019-03-15 18:26:10,158][WARNING][SROCC:0.83562225]
[2019-03-15 18:26:10,158][WARNING][Model saved]
[2019-03-15 18:26:11,706][INFO][epoch:201	loss:tensor(0.6491, device='cuda:0')]
[2019-03-15 18:26:13,264][INFO][epoch:202	loss:tensor(0.6299, device='cuda:0')]
[2019-03-15 18:26:14,840][INFO][epoch:203	loss:tensor(0.6481, device='cuda:0')]
[2019-03-15 18:26:16,414][INFO][epoch:204	loss:tensor(0.6429, device='cuda:0')]
[2019-03-15 18:26:17,977][INFO][epoch:205	loss:tensor(0.6812, device='cuda:0')]
[2019-03-15 18:26:19,554][INFO][epoch:206	loss:tensor(0.6265, device='cuda:0')]
[2019-03-15 18:26:21,119][INFO][epoch:207	loss:tensor(0.6905, device='cuda:0')]
[2019-03-15 18:26:22,671][INFO][epoch:208	loss:tensor(0.6135, device='cuda:0')]
[2019-03-15 18:26:24,234][INFO][epoch:209	loss:tensor(0.7117, device='cuda:0')]
[2019-03-15 18:26:25,817][INFO][epoch:210	loss:tensor(0.5935, device='cuda:0')]
[2019-03-15 18:26:26,475][WARNING][LCC:0.83492637]
[2019-03-15 18:26:26,476][WARNING][SROCC:0.8024544]
[2019-03-15 18:26:27,996][INFO][epoch:211	loss:tensor(0.6001, device='cuda:0')]
[2019-03-15 18:26:29,552][INFO][epoch:212	loss:tensor(0.6719, device='cuda:0')]
[2019-03-15 18:26:31,124][INFO][epoch:213	loss:tensor(0.5957, device='cuda:0')]
[2019-03-15 18:26:32,665][INFO][epoch:214	loss:tensor(0.6003, device='cuda:0')]
[2019-03-15 18:26:34,224][INFO][epoch:215	loss:tensor(0.6361, device='cuda:0')]
[2019-03-15 18:26:35,788][INFO][epoch:216	loss:tensor(0.7099, device='cuda:0')]
[2019-03-15 18:26:37,348][INFO][epoch:217	loss:tensor(0.6194, device='cuda:0')]
[2019-03-15 18:26:38,911][INFO][epoch:218	loss:tensor(0.6372, device='cuda:0')]
[2019-03-15 18:26:40,477][INFO][epoch:219	loss:tensor(0.6516, device='cuda:0')]
[2019-03-15 18:26:42,039][INFO][epoch:220	loss:tensor(0.6697, device='cuda:0')]
[2019-03-15 18:26:42,718][WARNING][LCC:0.8025077]
[2019-03-15 18:26:42,719][WARNING][SROCC:0.7986421]
[2019-03-15 18:26:44,228][INFO][epoch:221	loss:tensor(0.6212, device='cuda:0')]
[2019-03-15 18:26:45,812][INFO][epoch:222	loss:tensor(0.6386, device='cuda:0')]
[2019-03-15 18:26:47,357][INFO][epoch:223	loss:tensor(0.5544, device='cuda:0')]
[2019-03-15 18:26:48,915][INFO][epoch:224	loss:tensor(0.5888, device='cuda:0')]
[2019-03-15 18:26:50,508][INFO][epoch:225	loss:tensor(0.6500, device='cuda:0')]
[2019-03-15 18:26:52,069][INFO][epoch:226	loss:tensor(0.6501, device='cuda:0')]
[2019-03-15 18:26:53,636][INFO][epoch:227	loss:tensor(0.6320, device='cuda:0')]
[2019-03-15 18:26:55,228][INFO][epoch:228	loss:tensor(0.6018, device='cuda:0')]
[2019-03-15 18:26:56,786][INFO][epoch:229	loss:tensor(0.5873, device='cuda:0')]
[2019-03-15 18:26:58,364][INFO][epoch:230	loss:tensor(0.6636, device='cuda:0')]
[2019-03-15 18:26:59,030][WARNING][LCC:0.8630404]
[2019-03-15 18:26:59,030][WARNING][SROCC:0.8575301]
[2019-03-15 18:27:00,556][INFO][epoch:231	loss:tensor(0.5836, device='cuda:0')]
[2019-03-15 18:27:02,098][INFO][epoch:232	loss:tensor(0.6149, device='cuda:0')]
[2019-03-15 18:27:03,658][INFO][epoch:233	loss:tensor(0.6224, device='cuda:0')]
[2019-03-15 18:27:05,229][INFO][epoch:234	loss:tensor(0.5597, device='cuda:0')]
[2019-03-15 18:27:06,788][INFO][epoch:235	loss:tensor(0.5849, device='cuda:0')]
[2019-03-15 18:27:08,351][INFO][epoch:236	loss:tensor(0.5680, device='cuda:0')]
[2019-03-15 18:27:09,917][INFO][epoch:237	loss:tensor(0.6089, device='cuda:0')]
[2019-03-15 18:27:11,492][INFO][epoch:238	loss:tensor(0.6014, device='cuda:0')]
[2019-03-15 18:27:13,037][INFO][epoch:239	loss:tensor(0.5731, device='cuda:0')]
[2019-03-15 18:27:14,597][INFO][epoch:240	loss:tensor(0.5687, device='cuda:0')]
[2019-03-15 18:27:15,285][WARNING][LCC:0.8767903]
[2019-03-15 18:27:15,285][WARNING][SROCC:0.8667373]
[2019-03-15 18:27:16,788][INFO][epoch:241	loss:tensor(0.6413, device='cuda:0')]
[2019-03-15 18:27:18,349][INFO][epoch:242	loss:tensor(0.5831, device='cuda:0')]
[2019-03-15 18:27:19,919][INFO][epoch:243	loss:tensor(0.5821, device='cuda:0')]
[2019-03-15 18:27:21,480][INFO][epoch:244	loss:tensor(0.6132, device='cuda:0')]
[2019-03-15 18:27:23,042][INFO][epoch:245	loss:tensor(0.6343, device='cuda:0')]
[2019-03-15 18:27:24,603][INFO][epoch:246	loss:tensor(0.6036, device='cuda:0')]
[2019-03-15 18:27:26,196][INFO][epoch:247	loss:tensor(0.6084, device='cuda:0')]
[2019-03-15 18:27:27,756][INFO][epoch:248	loss:tensor(0.5494, device='cuda:0')]
[2019-03-15 18:27:29,325][INFO][epoch:249	loss:tensor(0.5608, device='cuda:0')]
[2019-03-15 18:27:30,908][INFO][epoch:250	loss:tensor(0.5990, device='cuda:0')]
[2019-03-15 18:27:31,577][WARNING][LCC:0.8559569]
[2019-03-15 18:27:31,578][WARNING][SROCC:0.8457092]
[2019-03-15 18:27:31,578][WARNING][Model saved]
[2019-03-15 18:27:33,120][INFO][epoch:251	loss:tensor(0.6298, device='cuda:0')]
[2019-03-15 18:27:34,698][INFO][epoch:252	loss:tensor(0.6468, device='cuda:0')]
[2019-03-15 18:27:36,304][INFO][epoch:253	loss:tensor(0.6223, device='cuda:0')]
[2019-03-15 18:27:37,863][INFO][epoch:254	loss:tensor(0.6310, device='cuda:0')]
[2019-03-15 18:27:39,436][INFO][epoch:255	loss:tensor(0.5465, device='cuda:0')]
[2019-03-15 18:27:41,035][INFO][epoch:256	loss:tensor(0.5633, device='cuda:0')]
[2019-03-15 18:27:42,596][INFO][epoch:257	loss:tensor(0.6442, device='cuda:0')]
[2019-03-15 18:27:44,159][INFO][epoch:258	loss:tensor(0.6250, device='cuda:0')]
[2019-03-15 18:27:45,749][INFO][epoch:259	loss:tensor(0.5869, device='cuda:0')]
[2019-03-15 18:27:47,321][INFO][epoch:260	loss:tensor(0.5485, device='cuda:0')]
[2019-03-15 18:27:48,002][WARNING][LCC:0.8511713]
[2019-03-15 18:27:48,003][WARNING][SROCC:0.82930773]
[2019-03-15 18:27:49,515][INFO][epoch:261	loss:tensor(0.5802, device='cuda:0')]
[2019-03-15 18:27:51,112][INFO][epoch:262	loss:tensor(0.6208, device='cuda:0')]
[2019-03-15 18:27:52,665][INFO][epoch:263	loss:tensor(0.5633, device='cuda:0')]
[2019-03-15 18:27:54,222][INFO][epoch:264	loss:tensor(0.5769, device='cuda:0')]
[2019-03-15 18:27:55,824][INFO][epoch:265	loss:tensor(0.5300, device='cuda:0')]
[2019-03-15 18:27:57,392][INFO][epoch:266	loss:tensor(0.5443, device='cuda:0')]
[2019-03-15 18:27:58,972][INFO][epoch:267	loss:tensor(0.5523, device='cuda:0')]
[2019-03-15 18:28:00,552][INFO][epoch:268	loss:tensor(0.5861, device='cuda:0')]
[2019-03-15 18:28:02,109][INFO][epoch:269	loss:tensor(0.5045, device='cuda:0')]
[2019-03-15 18:28:03,665][INFO][epoch:270	loss:tensor(0.5889, device='cuda:0')]
[2019-03-15 18:28:04,338][WARNING][LCC:0.8735349]
[2019-03-15 18:28:04,338][WARNING][SROCC:0.86408687]
[2019-03-15 18:28:05,864][INFO][epoch:271	loss:tensor(0.5956, device='cuda:0')]
[2019-03-15 18:28:07,444][INFO][epoch:272	loss:tensor(0.5636, device='cuda:0')]
[2019-03-15 18:28:09,020][INFO][epoch:273	loss:tensor(0.5666, device='cuda:0')]
[2019-03-15 18:28:10,578][INFO][epoch:274	loss:tensor(0.5332, device='cuda:0')]
[2019-03-15 18:28:12,150][INFO][epoch:275	loss:tensor(0.5179, device='cuda:0')]
[2019-03-15 18:28:13,720][INFO][epoch:276	loss:tensor(0.5149, device='cuda:0')]
[2019-03-15 18:28:15,287][INFO][epoch:277	loss:tensor(0.5360, device='cuda:0')]
[2019-03-15 18:28:16,880][INFO][epoch:278	loss:tensor(0.5564, device='cuda:0')]
[2019-03-15 18:28:18,447][INFO][epoch:279	loss:tensor(0.5635, device='cuda:0')]
[2019-03-15 18:28:20,022][INFO][epoch:280	loss:tensor(0.6035, device='cuda:0')]
[2019-03-15 18:28:20,678][WARNING][LCC:0.8676314]
[2019-03-15 18:28:20,678][WARNING][SROCC:0.8554965]
[2019-03-15 18:28:22,223][INFO][epoch:281	loss:tensor(0.5871, device='cuda:0')]
[2019-03-15 18:28:23,780][INFO][epoch:282	loss:tensor(0.5423, device='cuda:0')]
[2019-03-15 18:28:25,372][INFO][epoch:283	loss:tensor(0.5833, device='cuda:0')]
[2019-03-15 18:28:26,960][INFO][epoch:284	loss:tensor(0.5801, device='cuda:0')]
[2019-03-15 18:28:28,519][INFO][epoch:285	loss:tensor(0.5328, device='cuda:0')]
[2019-03-15 18:28:30,135][INFO][epoch:286	loss:tensor(0.5698, device='cuda:0')]
[2019-03-15 18:28:31,870][INFO][epoch:287	loss:tensor(0.5693, device='cuda:0')]
[2019-03-15 18:28:33,568][INFO][epoch:288	loss:tensor(0.5648, device='cuda:0')]
[2019-03-15 18:28:35,185][INFO][epoch:289	loss:tensor(0.5575, device='cuda:0')]
[2019-03-15 18:28:36,820][INFO][epoch:290	loss:tensor(0.5370, device='cuda:0')]
[2019-03-15 18:28:37,506][WARNING][LCC:0.83805186]
[2019-03-15 18:28:37,506][WARNING][SROCC:0.8270382]
[2019-03-15 18:28:39,045][INFO][epoch:291	loss:tensor(0.6108, device='cuda:0')]
[2019-03-15 18:28:40,614][INFO][epoch:292	loss:tensor(0.5521, device='cuda:0')]
[2019-03-15 18:28:42,191][INFO][epoch:293	loss:tensor(0.5516, device='cuda:0')]
[2019-03-15 18:28:43,785][INFO][epoch:294	loss:tensor(0.6122, device='cuda:0')]
[2019-03-15 18:28:45,350][INFO][epoch:295	loss:tensor(0.5197, device='cuda:0')]
[2019-03-15 18:28:46,961][INFO][epoch:296	loss:tensor(0.5715, device='cuda:0')]
[2019-03-15 18:28:48,552][INFO][epoch:297	loss:tensor(0.5504, device='cuda:0')]
[2019-03-15 18:28:50,104][INFO][epoch:298	loss:tensor(0.5649, device='cuda:0')]
[2019-03-15 18:28:51,653][INFO][epoch:299	loss:tensor(0.5469, device='cuda:0')]
[2019-03-15 18:28:53,221][INFO][epoch:300	loss:tensor(0.5179, device='cuda:0')]
[2019-03-15 18:28:53,890][WARNING][LCC:0.8871524]
[2019-03-15 18:28:53,890][WARNING][SROCC:0.8883631]
[2019-03-15 18:28:53,890][WARNING][Model saved]
[2019-03-15 18:28:55,451][INFO][epoch:301	loss:tensor(0.5469, device='cuda:0')]
[2019-03-15 18:28:57,040][INFO][epoch:302	loss:tensor(0.5007, device='cuda:0')]
[2019-03-15 18:28:58,597][INFO][epoch:303	loss:tensor(0.5321, device='cuda:0')]
[2019-03-15 18:29:00,166][INFO][epoch:304	loss:tensor(0.5069, device='cuda:0')]
[2019-03-15 18:29:01,744][INFO][epoch:305	loss:tensor(0.5033, device='cuda:0')]
[2019-03-15 18:29:03,327][INFO][epoch:306	loss:tensor(0.5382, device='cuda:0')]
[2019-03-15 18:29:04,893][INFO][epoch:307	loss:tensor(0.5107, device='cuda:0')]
[2019-03-15 18:29:06,453][INFO][epoch:308	loss:tensor(0.5353, device='cuda:0')]
[2019-03-15 18:29:08,043][INFO][epoch:309	loss:tensor(0.5656, device='cuda:0')]
[2019-03-15 18:29:09,605][INFO][epoch:310	loss:tensor(0.5191, device='cuda:0')]
[2019-03-15 18:29:10,277][WARNING][LCC:0.8496047]
[2019-03-15 18:29:10,277][WARNING][SROCC:0.8382392]
[2019-03-15 18:29:11,792][INFO][epoch:311	loss:tensor(0.5509, device='cuda:0')]
[2019-03-15 18:29:13,388][INFO][epoch:312	loss:tensor(0.5056, device='cuda:0')]
[2019-03-15 18:29:15,010][INFO][epoch:313	loss:tensor(0.5133, device='cuda:0')]
[2019-03-15 18:29:16,612][INFO][epoch:314	loss:tensor(0.5195, device='cuda:0')]
[2019-03-15 18:29:18,196][INFO][epoch:315	loss:tensor(0.5524, device='cuda:0')]
