[2019-02-26 12:36:33,714][INFO][epoch:0	loss:tensor(4.8003, device='cuda:0')]
[2019-02-26 12:36:34,834][INFO][LCC:tensor(-0.0843, grad_fn=<DivBackward1>)]
[2019-02-26 12:36:34,835][INFO][Ground Truth:tensor([5.7209, 5.4359, 6.1750, 5.2326, 5.7317, 5.0556, 5.2895, 5.5952, 3.6154,
        5.6774, 3.0789, 4.4324, 5.7105, 5.7778, 4.8056, 5.5128, 3.5294, 2.4359,
        4.0238, 6.1333, 0.7778, 5.6000, 4.3611, 5.2619, 5.3590, 2.7188, 2.7879,
        4.6000, 5.7027, 3.9677, 4.5000, 3.2188, 3.4324, 5.8286, 4.9268, 3.0286,
        3.2308, 5.3636, 3.9767, 6.5750, 5.6667, 3.9767, 3.4857, 2.7436, 5.4750,
        5.0588, 5.3864, 1.9474, 5.9000, 3.5000, 5.5405, 4.8158, 3.5263, 3.6905,
        6.3846, 4.0682, 3.7778, 5.9189, 4.9737, 4.3421, 3.0476, 4.0500, 2.5152,
        5.6562, 4.9714, 5.9737, 5.7949, 5.5526, 2.6279, 3.4324, 5.6129, 2.8378,
        3.6389, 6.1622, 3.2432, 4.5641, 3.5714, 2.2778, 5.0303, 6.5000, 5.5128,
        3.7059, 3.4865, 2.5789, 3.6364, 0.8108, 5.8750, 5.1667, 5.4103, 5.4762,
        6.1842, 3.2703, 4.3809, 5.5263, 2.0930, 4.5278, 2.6579, 3.2820, 3.5000,
        5.0769, 5.8636])]
[2019-02-26 12:36:34,836][INFO][Predicted:tensor([5.4493, 5.4668, 5.4644, 5.4558, 5.4606, 5.4663, 5.4596, 5.4460, 5.4236,
        5.4713, 5.4476, 5.4420, 5.4576, 5.4597, 5.4514, 5.4553, 5.4855, 5.4352,
        5.4947, 5.4515, 5.4452, 5.4634, 5.4532, 5.4663, 5.4459, 5.4493, 5.4679,
        5.4305, 5.4610, 5.4986, 5.4507, 5.4716, 5.4551, 5.4322, 5.4841, 5.5022,
        5.4639, 5.4495, 5.4358, 5.4766, 5.4532, 5.4498, 5.4402, 5.4711, 5.4481,
        5.4500, 5.4570, 5.4744, 5.4188, 5.4881, 5.4441, 5.4577, 5.4603, 5.4598,
        5.4574, 5.4828, 5.4868, 5.4404, 5.4661, 5.4622, 5.4274, 5.4504, 5.4334,
        5.4435, 5.4259, 5.4646, 5.4385, 5.4549, 5.4641, 5.4448, 5.4769, 5.4505,
        5.4544, 5.5234, 5.4892, 5.4267, 5.4602, 5.4506, 5.4765, 5.4655, 5.4669,
        5.5077, 5.4612, 5.4598, 5.4818, 5.5063, 5.4261, 5.4652, 5.4569, 5.4625,
        5.4565, 5.4651, 5.4627, 5.4332, 5.4260, 5.4462, 5.4449, 5.4804, 5.4320,
        5.4586, 5.4621], grad_fn=<CatBackward>)]
[2019-02-26 12:36:50,130][INFO][epoch:1	loss:tensor(2.4102, device='cuda:0')]
[2019-02-26 12:36:51,052][INFO][LCC:tensor(0.1821, grad_fn=<DivBackward1>)]
[2019-02-26 12:36:51,053][INFO][Ground Truth:tensor([5.7209, 5.4359, 6.1750, 5.2326, 5.7317, 5.0556, 5.2895, 5.5952, 3.6154,
        5.6774, 3.0789, 4.4324, 5.7105, 5.7778, 4.8056, 5.5128, 3.5294, 2.4359,
        4.0238, 6.1333, 0.7778, 5.6000, 4.3611, 5.2619, 5.3590, 2.7188, 2.7879,
        4.6000, 5.7027, 3.9677, 4.5000, 3.2188, 3.4324, 5.8286, 4.9268, 3.0286,
        3.2308, 5.3636, 3.9767, 6.5750, 5.6667, 3.9767, 3.4857, 2.7436, 5.4750,
        5.0588, 5.3864, 1.9474, 5.9000, 3.5000, 5.5405, 4.8158, 3.5263, 3.6905,
        6.3846, 4.0682, 3.7778, 5.9189, 4.9737, 4.3421, 3.0476, 4.0500, 2.5152,
        5.6562, 4.9714, 5.9737, 5.7949, 5.5526, 2.6279, 3.4324, 5.6129, 2.8378,
        3.6389, 6.1622, 3.2432, 4.5641, 3.5714, 2.2778, 5.0303, 6.5000, 5.5128,
        3.7059, 3.4865, 2.5789, 3.6364, 0.8108, 5.8750, 5.1667, 5.4103, 5.4762,
        6.1842, 3.2703, 4.3809, 5.5263, 2.0930, 4.5278, 2.6579, 3.2820, 3.5000,
        5.0769, 5.8636])]
[2019-02-26 12:36:51,054][INFO][Predicted:tensor([5.4697, 5.4691, 5.4710, 5.4698, 5.4697, 5.4719, 5.4698, 5.4718, 5.4710,
        5.4693, 5.4670, 5.4703, 5.4669, 5.4684, 5.4681, 5.4717, 5.4699, 5.4697,
        5.4689, 5.4702, 5.4692, 5.4698, 5.4684, 5.4705, 5.4695, 5.4683, 5.4710,
        5.4701, 5.4678, 5.4686, 5.4713, 5.4700, 5.4680, 5.4705, 5.4695, 5.4731,
        5.4676, 5.4694, 5.4694, 5.4736, 5.4694, 5.4693, 5.4689, 5.4687, 5.4715,
        5.4704, 5.4711, 5.4686, 5.4722, 5.4705, 5.4683, 5.4673, 5.4691, 5.4701,
        5.4727, 5.4685, 5.4689, 5.4712, 5.4680, 5.4688, 5.4734, 5.4717, 5.4694,
        5.4688, 5.4715, 5.4691, 5.4689, 5.4667, 5.4695, 5.4669, 5.4692, 5.4699,
        5.4696, 5.4654, 5.4681, 5.4732, 5.4697, 5.4700, 5.4728, 5.4719, 5.4683,
        5.4713, 5.4707, 5.4676, 5.4679, 5.4647, 5.4706, 5.4705, 5.4719, 5.4692,
        5.4692, 5.4697, 5.4691, 5.4702, 5.4705, 5.4698, 5.4724, 5.4702, 5.4709,
        5.4721, 5.4693], grad_fn=<CatBackward>)]
[2019-02-26 12:37:06,413][INFO][epoch:2	loss:tensor(2.3595, device='cuda:0')]
[2019-02-26 12:37:06,875][INFO][LCC:tensor(0.1576, grad_fn=<DivBackward1>)]
[2019-02-26 12:37:06,875][INFO][Ground Truth:tensor([5.7209, 5.4359, 6.1750, 5.2326, 5.7317, 5.0556, 5.2895, 5.5952, 3.6154,
        5.6774, 3.0789, 4.4324, 5.7105, 5.7778, 4.8056, 5.5128, 3.5294, 2.4359,
        4.0238, 6.1333, 0.7778, 5.6000, 4.3611, 5.2619, 5.3590, 2.7188, 2.7879,
        4.6000, 5.7027, 3.9677, 4.5000, 3.2188, 3.4324, 5.8286, 4.9268, 3.0286,
        3.2308, 5.3636, 3.9767, 6.5750, 5.6667, 3.9767, 3.4857, 2.7436, 5.4750,
        5.0588, 5.3864, 1.9474, 5.9000, 3.5000, 5.5405, 4.8158, 3.5263, 3.6905,
        6.3846, 4.0682, 3.7778, 5.9189, 4.9737, 4.3421, 3.0476, 4.0500, 2.5152,
        5.6562, 4.9714, 5.9737, 5.7949, 5.5526, 2.6279, 3.4324, 5.6129, 2.8378,
        3.6389, 6.1622, 3.2432, 4.5641, 3.5714, 2.2778, 5.0303, 6.5000, 5.5128,
        3.7059, 3.4865, 2.5789, 3.6364, 0.8108, 5.8750, 5.1667, 5.4103, 5.4762,
        6.1842, 3.2703, 4.3809, 5.5263, 2.0930, 4.5278, 2.6579, 3.2820, 3.5000,
        5.0769, 5.8636])]
[2019-02-26 12:37:06,876][INFO][Predicted:tensor([5.5317, 5.5311, 5.5328, 5.5314, 5.5318, 5.5328, 5.5320, 5.5323, 5.5317,
        5.5312, 5.5303, 5.5320, 5.5310, 5.5310, 5.5308, 5.5323, 5.5312, 5.5315,
        5.5312, 5.5313, 5.5313, 5.5315, 5.5311, 5.5315, 5.5314, 5.5305, 5.5325,
        5.5315, 5.5307, 5.5311, 5.5323, 5.5314, 5.5308, 5.5316, 5.5315, 5.5335,
        5.5312, 5.5308, 5.5314, 5.5331, 5.5314, 5.5312, 5.5311, 5.5310, 5.5325,
        5.5321, 5.5326, 5.5310, 5.5325, 5.5314, 5.5313, 5.5303, 5.5310, 5.5314,
        5.5327, 5.5311, 5.5314, 5.5320, 5.5308, 5.5312, 5.5334, 5.5327, 5.5314,
        5.5315, 5.5322, 5.5311, 5.5306, 5.5304, 5.5312, 5.5303, 5.5315, 5.5319,
        5.5311, 5.5304, 5.5307, 5.5333, 5.5316, 5.5315, 5.5326, 5.5326, 5.5304,
        5.5329, 5.5314, 5.5305, 5.5306, 5.5304, 5.5322, 5.5315, 5.5327, 5.5315,
        5.5307, 5.5314, 5.5313, 5.5321, 5.5320, 5.5316, 5.5326, 5.5319, 5.5318,
        5.5323, 5.5312], grad_fn=<CatBackward>)]
[2019-02-26 12:37:21,940][INFO][epoch:3	loss:tensor(2.3526, device='cuda:0')]
[2019-02-26 12:37:22,328][INFO][LCC:tensor(0.0998, grad_fn=<DivBackward1>)]
[2019-02-26 12:37:22,328][INFO][Ground Truth:tensor([5.7209, 5.4359, 6.1750, 5.2326, 5.7317, 5.0556, 5.2895, 5.5952, 3.6154,
        5.6774, 3.0789, 4.4324, 5.7105, 5.7778, 4.8056, 5.5128, 3.5294, 2.4359,
        4.0238, 6.1333, 0.7778, 5.6000, 4.3611, 5.2619, 5.3590, 2.7188, 2.7879,
        4.6000, 5.7027, 3.9677, 4.5000, 3.2188, 3.4324, 5.8286, 4.9268, 3.0286,
        3.2308, 5.3636, 3.9767, 6.5750, 5.6667, 3.9767, 3.4857, 2.7436, 5.4750,
        5.0588, 5.3864, 1.9474, 5.9000, 3.5000, 5.5405, 4.8158, 3.5263, 3.6905,
        6.3846, 4.0682, 3.7778, 5.9189, 4.9737, 4.3421, 3.0476, 4.0500, 2.5152,
        5.6562, 4.9714, 5.9737, 5.7949, 5.5526, 2.6279, 3.4324, 5.6129, 2.8378,
        3.6389, 6.1622, 3.2432, 4.5641, 3.5714, 2.2778, 5.0303, 6.5000, 5.5128,
        3.7059, 3.4865, 2.5789, 3.6364, 0.8108, 5.8750, 5.1667, 5.4103, 5.4762,
        6.1842, 3.2703, 4.3809, 5.5263, 2.0930, 4.5278, 2.6579, 3.2820, 3.5000,
        5.0769, 5.8636])]
[2019-02-26 12:37:22,329][INFO][Predicted:tensor([5.3686, 5.3686, 5.3687, 5.3685, 5.3688, 5.3692, 5.3687, 5.3688, 5.3685,
        5.3689, 5.3682, 5.3685, 5.3686, 5.3685, 5.3685, 5.3688, 5.3688, 5.3685,
        5.3690, 5.3685, 5.3685, 5.3690, 5.3685, 5.3687, 5.3685, 5.3684, 5.3690,
        5.3685, 5.3685, 5.3689, 5.3687, 5.3687, 5.3684, 5.3686, 5.3691, 5.3694,
        5.3687, 5.3684, 5.3684, 5.3693, 5.3686, 5.3687, 5.3684, 5.3686, 5.3689,
        5.3688, 5.3688, 5.3687, 5.3690, 5.3691, 5.3684, 5.3683, 5.3687, 5.3686,
        5.3690, 5.3687, 5.3690, 5.3688, 5.3687, 5.3686, 5.3688, 5.3687, 5.3685,
        5.3685, 5.3686, 5.3687, 5.3684, 5.3683, 5.3687, 5.3682, 5.3688, 5.3687,
        5.3687, 5.3690, 5.3687, 5.3690, 5.3687, 5.3686, 5.3696, 5.3691, 5.3686,
        5.3695, 5.3688, 5.3685, 5.3685, 5.3686, 5.3685, 5.3689, 5.3688, 5.3685,
        5.3685, 5.3686, 5.3686, 5.3685, 5.3685, 5.3685, 5.3689, 5.3688, 5.3686,
        5.3690, 5.3686], grad_fn=<CatBackward>)]
[2019-02-26 12:37:37,184][INFO][epoch:4	loss:tensor(2.3643, device='cuda:0')]
[2019-02-26 12:37:37,587][INFO][LCC:tensor(-0.0955, grad_fn=<DivBackward1>)]
[2019-02-26 12:37:37,587][INFO][Ground Truth:tensor([5.7209, 5.4359, 6.1750, 5.2326, 5.7317, 5.0556, 5.2895, 5.5952, 3.6154,
        5.6774, 3.0789, 4.4324, 5.7105, 5.7778, 4.8056, 5.5128, 3.5294, 2.4359,
        4.0238, 6.1333, 0.7778, 5.6000, 4.3611, 5.2619, 5.3590, 2.7188, 2.7879,
        4.6000, 5.7027, 3.9677, 4.5000, 3.2188, 3.4324, 5.8286, 4.9268, 3.0286,
        3.2308, 5.3636, 3.9767, 6.5750, 5.6667, 3.9767, 3.4857, 2.7436, 5.4750,
        5.0588, 5.3864, 1.9474, 5.9000, 3.5000, 5.5405, 4.8158, 3.5263, 3.6905,
        6.3846, 4.0682, 3.7778, 5.9189, 4.9737, 4.3421, 3.0476, 4.0500, 2.5152,
        5.6562, 4.9714, 5.9737, 5.7949, 5.5526, 2.6279, 3.4324, 5.6129, 2.8378,
        3.6389, 6.1622, 3.2432, 4.5641, 3.5714, 2.2778, 5.0303, 6.5000, 5.5128,
        3.7059, 3.4865, 2.5789, 3.6364, 0.8108, 5.8750, 5.1667, 5.4103, 5.4762,
        6.1842, 3.2703, 4.3809, 5.5263, 2.0930, 4.5278, 2.6579, 3.2820, 3.5000,
        5.0769, 5.8636])]
[2019-02-26 12:37:37,588][INFO][Predicted:tensor([5.3139, 5.3139, 5.3137, 5.3140, 5.3142, 5.3141, 5.3140, 5.3137, 5.3136,
        5.3147, 5.3139, 5.3137, 5.3143, 5.3142, 5.3141, 5.3139, 5.3144, 5.3137,
        5.3146, 5.3140, 5.3137, 5.3142, 5.3141, 5.3142, 5.3139, 5.3140, 5.3144,
        5.3135, 5.3142, 5.3146, 5.3139, 5.3144, 5.3141, 5.3138, 5.3144, 5.3147,
        5.3142, 5.3140, 5.3137, 5.3140, 5.3141, 5.3142, 5.3139, 5.3144, 5.3144,
        5.3143, 5.3138, 5.3143, 5.3134, 5.3147, 5.3137, 5.3142, 5.3143, 5.3139,
        5.3141, 5.3143, 5.3145, 5.3137, 5.3145, 5.3139, 5.3135, 5.3138, 5.3137,
        5.3139, 5.3135, 5.3143, 5.3138, 5.3141, 5.3142, 5.3139, 5.3143, 5.3139,
        5.3140, 5.3151, 5.3146, 5.3132, 5.3141, 5.3140, 5.3145, 5.3139, 5.3145,
        5.3149, 5.3143, 5.3142, 5.3143, 5.3149, 5.3136, 5.3145, 5.3139, 5.3140,
        5.3142, 5.3139, 5.3141, 5.3136, 5.3135, 5.3139, 5.3140, 5.3145, 5.3136,
        5.3140, 5.3140], grad_fn=<CatBackward>)]
[2019-02-26 12:37:52,502][INFO][epoch:5	loss:tensor(2.3458, device='cuda:0')]
[2019-02-26 12:37:52,883][INFO][LCC:tensor(0.0842, grad_fn=<DivBackward1>)]
[2019-02-26 12:37:52,883][INFO][Ground Truth:tensor([5.7209, 5.4359, 6.1750, 5.2326, 5.7317, 5.0556, 5.2895, 5.5952, 3.6154,
        5.6774, 3.0789, 4.4324, 5.7105, 5.7778, 4.8056, 5.5128, 3.5294, 2.4359,
        4.0238, 6.1333, 0.7778, 5.6000, 4.3611, 5.2619, 5.3590, 2.7188, 2.7879,
        4.6000, 5.7027, 3.9677, 4.5000, 3.2188, 3.4324, 5.8286, 4.9268, 3.0286,
        3.2308, 5.3636, 3.9767, 6.5750, 5.6667, 3.9767, 3.4857, 2.7436, 5.4750,
        5.0588, 5.3864, 1.9474, 5.9000, 3.5000, 5.5405, 4.8158, 3.5263, 3.6905,
        6.3846, 4.0682, 3.7778, 5.9189, 4.9737, 4.3421, 3.0476, 4.0500, 2.5152,
        5.6562, 4.9714, 5.9737, 5.7949, 5.5526, 2.6279, 3.4324, 5.6129, 2.8378,
        3.6389, 6.1622, 3.2432, 4.5641, 3.5714, 2.2778, 5.0303, 6.5000, 5.5128,
        3.7059, 3.4865, 2.5789, 3.6364, 0.8108, 5.8750, 5.1667, 5.4103, 5.4762,
        6.1842, 3.2703, 4.3809, 5.5263, 2.0930, 4.5278, 2.6579, 3.2820, 3.5000,
        5.0769, 5.8636])]
[2019-02-26 12:37:52,884][INFO][Predicted:tensor([5.1201, 5.1201, 5.1201, 5.1201, 5.1201, 5.1201, 5.1201, 5.1202, 5.1202,
        5.1201, 5.1201, 5.1201, 5.1201, 5.1201, 5.1201, 5.1201, 5.1200, 5.1202,
        5.1201, 5.1201, 5.1202, 5.1200, 5.1201, 5.1201, 5.1201, 5.1202, 5.1200,
        5.1202, 5.1201, 5.1200, 5.1201, 5.1201, 5.1201, 5.1201, 5.1200, 5.1200,
        5.1201, 5.1201, 5.1201, 5.1201, 5.1201, 5.1201, 5.1202, 5.1201, 5.1201,
        5.1201, 5.1202, 5.1201, 5.1202, 5.1200, 5.1202, 5.1201, 5.1201, 5.1201,
        5.1201, 5.1201, 5.1200, 5.1202, 5.1201, 5.1201, 5.1202, 5.1201, 5.1202,
        5.1201, 5.1202, 5.1201, 5.1202, 5.1201, 5.1201, 5.1202, 5.1201, 5.1201,
        5.1201, 5.1200, 5.1201, 5.1202, 5.1201, 5.1201, 5.1200, 5.1201, 5.1201,
        5.1200, 5.1201, 5.1201, 5.1201, 5.1201, 5.1202, 5.1200, 5.1201, 5.1201,
        5.1201, 5.1201, 5.1201, 5.1202, 5.1202, 5.1202, 5.1201, 5.1201, 5.1201,
        5.1201, 5.1201], grad_fn=<CatBackward>)]
[2019-02-26 12:38:07,828][INFO][epoch:6	loss:tensor(2.3859, device='cuda:0')]
[2019-02-26 12:38:08,224][INFO][LCC:tensor(-0.0508, grad_fn=<DivBackward1>)]
[2019-02-26 12:38:08,225][INFO][Ground Truth:tensor([5.7209, 5.4359, 6.1750, 5.2326, 5.7317, 5.0556, 5.2895, 5.5952, 3.6154,
        5.6774, 3.0789, 4.4324, 5.7105, 5.7778, 4.8056, 5.5128, 3.5294, 2.4359,
        4.0238, 6.1333, 0.7778, 5.6000, 4.3611, 5.2619, 5.3590, 2.7188, 2.7879,
        4.6000, 5.7027, 3.9677, 4.5000, 3.2188, 3.4324, 5.8286, 4.9268, 3.0286,
        3.2308, 5.3636, 3.9767, 6.5750, 5.6667, 3.9767, 3.4857, 2.7436, 5.4750,
        5.0588, 5.3864, 1.9474, 5.9000, 3.5000, 5.5405, 4.8158, 3.5263, 3.6905,
        6.3846, 4.0682, 3.7778, 5.9189, 4.9737, 4.3421, 3.0476, 4.0500, 2.5152,
        5.6562, 4.9714, 5.9737, 5.7949, 5.5526, 2.6279, 3.4324, 5.6129, 2.8378,
        3.6389, 6.1622, 3.2432, 4.5641, 3.5714, 2.2778, 5.0303, 6.5000, 5.5128,
        3.7059, 3.4865, 2.5789, 3.6364, 0.8108, 5.8750, 5.1667, 5.4103, 5.4762,
        6.1842, 3.2703, 4.3809, 5.5263, 2.0930, 4.5278, 2.6579, 3.2820, 3.5000,
        5.0769, 5.8636])]
[2019-02-26 12:38:08,225][INFO][Predicted:tensor([5.2831, 5.2830, 5.2830, 5.2831, 5.2830, 5.2829, 5.2830, 5.2830, 5.2831,
        5.2830, 5.2831, 5.2830, 5.2830, 5.2831, 5.2831, 5.2830, 5.2829, 5.2831,
        5.2830, 5.2831, 5.2831, 5.2830, 5.2830, 5.2830, 5.2830, 5.2831, 5.2830,
        5.2831, 5.2831, 5.2830, 5.2830, 5.2830, 5.2831, 5.2830, 5.2830, 5.2828,
        5.2830, 5.2831, 5.2831, 5.2829, 5.2831, 5.2831, 5.2831, 5.2830, 5.2829,
        5.2829, 5.2830, 5.2830, 5.2830, 5.2829, 5.2831, 5.2831, 5.2830, 5.2830,
        5.2829, 5.2830, 5.2829, 5.2830, 5.2830, 5.2831, 5.2830, 5.2829, 5.2831,
        5.2831, 5.2830, 5.2830, 5.2831, 5.2831, 5.2831, 5.2831, 5.2830, 5.2830,
        5.2830, 5.2829, 5.2830, 5.2830, 5.2830, 5.2831, 5.2827, 5.2829, 5.2830,
        5.2827, 5.2830, 5.2831, 5.2830, 5.2830, 5.2830, 5.2829, 5.2829, 5.2831,
        5.2830, 5.2830, 5.2831, 5.2831, 5.2831, 5.2831, 5.2829, 5.2830, 5.2830,
        5.2829, 5.2831], grad_fn=<CatBackward>)]
[2019-02-26 12:38:23,163][INFO][epoch:7	loss:tensor(2.3712, device='cuda:0')]
[2019-02-26 12:38:23,561][INFO][LCC:tensor(0.0986, grad_fn=<DivBackward1>)]
[2019-02-26 12:38:23,562][INFO][Ground Truth:tensor([5.7209, 5.4359, 6.1750, 5.2326, 5.7317, 5.0556, 5.2895, 5.5952, 3.6154,
        5.6774, 3.0789, 4.4324, 5.7105, 5.7778, 4.8056, 5.5128, 3.5294, 2.4359,
        4.0238, 6.1333, 0.7778, 5.6000, 4.3611, 5.2619, 5.3590, 2.7188, 2.7879,
        4.6000, 5.7027, 3.9677, 4.5000, 3.2188, 3.4324, 5.8286, 4.9268, 3.0286,
        3.2308, 5.3636, 3.9767, 6.5750, 5.6667, 3.9767, 3.4857, 2.7436, 5.4750,
        5.0588, 5.3864, 1.9474, 5.9000, 3.5000, 5.5405, 4.8158, 3.5263, 3.6905,
        6.3846, 4.0682, 3.7778, 5.9189, 4.9737, 4.3421, 3.0476, 4.0500, 2.5152,
        5.6562, 4.9714, 5.9737, 5.7949, 5.5526, 2.6279, 3.4324, 5.6129, 2.8378,
        3.6389, 6.1622, 3.2432, 4.5641, 3.5714, 2.2778, 5.0303, 6.5000, 5.5128,
        3.7059, 3.4865, 2.5789, 3.6364, 0.8108, 5.8750, 5.1667, 5.4103, 5.4762,
        6.1842, 3.2703, 4.3809, 5.5263, 2.0930, 4.5278, 2.6579, 3.2820, 3.5000,
        5.0769, 5.8636])]
[2019-02-26 12:38:23,563][INFO][Predicted:tensor([5.2905, 5.2905, 5.2905, 5.2905, 5.2905, 5.2905, 5.2905, 5.2905, 5.2906,
        5.2905, 5.2905, 5.2905, 5.2905, 5.2905, 5.2905, 5.2905, 5.2905, 5.2905,
        5.2905, 5.2905, 5.2905, 5.2905, 5.2905, 5.2905, 5.2905, 5.2905, 5.2905,
        5.2905, 5.2905, 5.2905, 5.2905, 5.2905, 5.2905, 5.2906, 5.2905, 5.2905,
        5.2905, 5.2905, 5.2905, 5.2905, 5.2905, 5.2905, 5.2905, 5.2905, 5.2905,
        5.2905, 5.2905, 5.2905, 5.2906, 5.2905, 5.2905, 5.2905, 5.2905, 5.2905,
        5.2905, 5.2905, 5.2905, 5.2906, 5.2905, 5.2905, 5.2906, 5.2905, 5.2906,
        5.2905, 5.2906, 5.2905, 5.2905, 5.2905, 5.2905, 5.2905, 5.2905, 5.2905,
        5.2905, 5.2905, 5.2905, 5.2906, 5.2905, 5.2905, 5.2905, 5.2905, 5.2905,
        5.2905, 5.2905, 5.2905, 5.2905, 5.2905, 5.2905, 5.2905, 5.2905, 5.2905,
        5.2905, 5.2905, 5.2905, 5.2906, 5.2906, 5.2905, 5.2905, 5.2905, 5.2905,
        5.2905, 5.2905], grad_fn=<CatBackward>)]
[2019-02-26 12:38:38,526][INFO][epoch:8	loss:tensor(2.3649, device='cuda:0')]
[2019-02-26 12:38:38,936][INFO][LCC:tensor(-0.1440, grad_fn=<DivBackward1>)]
[2019-02-26 12:38:38,937][INFO][Ground Truth:tensor([5.7209, 5.4359, 6.1750, 5.2326, 5.7317, 5.0556, 5.2895, 5.5952, 3.6154,
        5.6774, 3.0789, 4.4324, 5.7105, 5.7778, 4.8056, 5.5128, 3.5294, 2.4359,
        4.0238, 6.1333, 0.7778, 5.6000, 4.3611, 5.2619, 5.3590, 2.7188, 2.7879,
        4.6000, 5.7027, 3.9677, 4.5000, 3.2188, 3.4324, 5.8286, 4.9268, 3.0286,
        3.2308, 5.3636, 3.9767, 6.5750, 5.6667, 3.9767, 3.4857, 2.7436, 5.4750,
        5.0588, 5.3864, 1.9474, 5.9000, 3.5000, 5.5405, 4.8158, 3.5263, 3.6905,
        6.3846, 4.0682, 3.7778, 5.9189, 4.9737, 4.3421, 3.0476, 4.0500, 2.5152,
        5.6562, 4.9714, 5.9737, 5.7949, 5.5526, 2.6279, 3.4324, 5.6129, 2.8378,
        3.6389, 6.1622, 3.2432, 4.5641, 3.5714, 2.2778, 5.0303, 6.5000, 5.5128,
        3.7059, 3.4865, 2.5789, 3.6364, 0.8108, 5.8750, 5.1667, 5.4103, 5.4762,
        6.1842, 3.2703, 4.3809, 5.5263, 2.0930, 4.5278, 2.6579, 3.2820, 3.5000,
        5.0769, 5.8636])]
[2019-02-26 12:38:38,937][INFO][Predicted:tensor([5.3682, 5.3682, 5.3682, 5.3682, 5.3682, 5.3682, 5.3682, 5.3682, 5.3682,
        5.3682, 5.3682, 5.3682, 5.3682, 5.3682, 5.3682, 5.3682, 5.3682, 5.3682,
        5.3682, 5.3682, 5.3682, 5.3682, 5.3682, 5.3682, 5.3682, 5.3682, 5.3682,
        5.3682, 5.3682, 5.3682, 5.3682, 5.3682, 5.3682, 5.3682, 5.3682, 5.3682,
        5.3682, 5.3682, 5.3682, 5.3681, 5.3682, 5.3682, 5.3682, 5.3682, 5.3682,
        5.3682, 5.3682, 5.3682, 5.3682, 5.3682, 5.3682, 5.3682, 5.3682, 5.3682,
        5.3682, 5.3682, 5.3682, 5.3682, 5.3682, 5.3682, 5.3682, 5.3682, 5.3682,
        5.3682, 5.3682, 5.3682, 5.3682, 5.3682, 5.3682, 5.3682, 5.3682, 5.3682,
        5.3682, 5.3682, 5.3682, 5.3682, 5.3682, 5.3682, 5.3682, 5.3682, 5.3682,
        5.3682, 5.3682, 5.3682, 5.3682, 5.3682, 5.3682, 5.3682, 5.3682, 5.3682,
        5.3682, 5.3682, 5.3682, 5.3682, 5.3682, 5.3682, 5.3682, 5.3682, 5.3682,
        5.3682, 5.3682], grad_fn=<CatBackward>)]
[2019-02-26 12:38:53,837][INFO][epoch:9	loss:tensor(2.3650, device='cuda:0')]
[2019-02-26 12:38:54,240][INFO][LCC:tensor(0.1018, grad_fn=<DivBackward1>)]
[2019-02-26 12:38:54,241][INFO][Ground Truth:tensor([5.7209, 5.4359, 6.1750, 5.2326, 5.7317, 5.0556, 5.2895, 5.5952, 3.6154,
        5.6774, 3.0789, 4.4324, 5.7105, 5.7778, 4.8056, 5.5128, 3.5294, 2.4359,
        4.0238, 6.1333, 0.7778, 5.6000, 4.3611, 5.2619, 5.3590, 2.7188, 2.7879,
        4.6000, 5.7027, 3.9677, 4.5000, 3.2188, 3.4324, 5.8286, 4.9268, 3.0286,
        3.2308, 5.3636, 3.9767, 6.5750, 5.6667, 3.9767, 3.4857, 2.7436, 5.4750,
        5.0588, 5.3864, 1.9474, 5.9000, 3.5000, 5.5405, 4.8158, 3.5263, 3.6905,
        6.3846, 4.0682, 3.7778, 5.9189, 4.9737, 4.3421, 3.0476, 4.0500, 2.5152,
        5.6562, 4.9714, 5.9737, 5.7949, 5.5526, 2.6279, 3.4324, 5.6129, 2.8378,
        3.6389, 6.1622, 3.2432, 4.5641, 3.5714, 2.2778, 5.0303, 6.5000, 5.5128,
        3.7059, 3.4865, 2.5789, 3.6364, 0.8108, 5.8750, 5.1667, 5.4103, 5.4762,
        6.1842, 3.2703, 4.3809, 5.5263, 2.0930, 4.5278, 2.6579, 3.2820, 3.5000,
        5.0769, 5.8636])]
[2019-02-26 12:38:54,241][INFO][Predicted:tensor([5.1828, 5.1828, 5.1828, 5.1828, 5.1828, 5.1828, 5.1828, 5.1828, 5.1828,
        5.1828, 5.1828, 5.1828, 5.1828, 5.1828, 5.1828, 5.1828, 5.1828, 5.1828,
        5.1828, 5.1828, 5.1828, 5.1828, 5.1828, 5.1828, 5.1828, 5.1828, 5.1828,
        5.1828, 5.1828, 5.1828, 5.1828, 5.1828, 5.1828, 5.1828, 5.1828, 5.1828,
        5.1828, 5.1828, 5.1828, 5.1828, 5.1828, 5.1828, 5.1828, 5.1828, 5.1828,
        5.1828, 5.1828, 5.1828, 5.1828, 5.1828, 5.1828, 5.1828, 5.1828, 5.1828,
        5.1828, 5.1828, 5.1828, 5.1828, 5.1828, 5.1828, 5.1828, 5.1828, 5.1828,
        5.1828, 5.1828, 5.1828, 5.1828, 5.1828, 5.1828, 5.1828, 5.1828, 5.1828,
        5.1828, 5.1828, 5.1828, 5.1828, 5.1828, 5.1828, 5.1828, 5.1828, 5.1828,
        5.1828, 5.1828, 5.1828, 5.1828, 5.1828, 5.1828, 5.1828, 5.1828, 5.1828,
        5.1828, 5.1828, 5.1828, 5.1828, 5.1828, 5.1828, 5.1828, 5.1828, 5.1828,
        5.1828, 5.1828], grad_fn=<CatBackward>)]
[2019-02-26 12:39:09,164][INFO][epoch:10	loss:tensor(2.3704, device='cuda:0')]
[2019-02-26 12:39:09,550][INFO][LCC:tensor(-0.0085, grad_fn=<DivBackward1>)]
[2019-02-26 12:39:09,550][INFO][Ground Truth:tensor([5.7209, 5.4359, 6.1750, 5.2326, 5.7317, 5.0556, 5.2895, 5.5952, 3.6154,
        5.6774, 3.0789, 4.4324, 5.7105, 5.7778, 4.8056, 5.5128, 3.5294, 2.4359,
        4.0238, 6.1333, 0.7778, 5.6000, 4.3611, 5.2619, 5.3590, 2.7188, 2.7879,
        4.6000, 5.7027, 3.9677, 4.5000, 3.2188, 3.4324, 5.8286, 4.9268, 3.0286,
        3.2308, 5.3636, 3.9767, 6.5750, 5.6667, 3.9767, 3.4857, 2.7436, 5.4750,
        5.0588, 5.3864, 1.9474, 5.9000, 3.5000, 5.5405, 4.8158, 3.5263, 3.6905,
        6.3846, 4.0682, 3.7778, 5.9189, 4.9737, 4.3421, 3.0476, 4.0500, 2.5152,
        5.6562, 4.9714, 5.9737, 5.7949, 5.5526, 2.6279, 3.4324, 5.6129, 2.8378,
        3.6389, 6.1622, 3.2432, 4.5641, 3.5714, 2.2778, 5.0303, 6.5000, 5.5128,
        3.7059, 3.4865, 2.5789, 3.6364, 0.8108, 5.8750, 5.1667, 5.4103, 5.4762,
        6.1842, 3.2703, 4.3809, 5.5263, 2.0930, 4.5278, 2.6579, 3.2820, 3.5000,
        5.0769, 5.8636])]
[2019-02-26 12:39:09,551][INFO][Predicted:tensor([5.5829, 5.5829, 5.5829, 5.5829, 5.5829, 5.5829, 5.5829, 5.5829, 5.5829,
        5.5829, 5.5829, 5.5829, 5.5829, 5.5829, 5.5829, 5.5829, 5.5829, 5.5829,
        5.5829, 5.5829, 5.5829, 5.5829, 5.5829, 5.5829, 5.5829, 5.5829, 5.5829,
        5.5829, 5.5829, 5.5829, 5.5829, 5.5829, 5.5829, 5.5829, 5.5829, 5.5829,
        5.5829, 5.5829, 5.5829, 5.5829, 5.5829, 5.5829, 5.5829, 5.5829, 5.5829,
        5.5829, 5.5829, 5.5829, 5.5829, 5.5829, 5.5829, 5.5829, 5.5829, 5.5829,
        5.5829, 5.5829, 5.5829, 5.5829, 5.5829, 5.5829, 5.5829, 5.5829, 5.5829,
        5.5829, 5.5829, 5.5829, 5.5829, 5.5829, 5.5829, 5.5829, 5.5829, 5.5829,
        5.5829, 5.5829, 5.5829, 5.5829, 5.5829, 5.5829, 5.5829, 5.5829, 5.5829,
        5.5829, 5.5829, 5.5829, 5.5829, 5.5829, 5.5829, 5.5829, 5.5829, 5.5829,
        5.5829, 5.5829, 5.5829, 5.5829, 5.5829, 5.5829, 5.5829, 5.5829, 5.5829,
        5.5829, 5.5829], grad_fn=<CatBackward>)]
[2019-02-26 12:39:24,537][INFO][epoch:11	loss:tensor(2.3542, device='cuda:0')]
[2019-02-26 12:39:24,925][INFO][LCC:tensor(0.0501, grad_fn=<DivBackward1>)]
[2019-02-26 12:39:24,925][INFO][Ground Truth:tensor([5.7209, 5.4359, 6.1750, 5.2326, 5.7317, 5.0556, 5.2895, 5.5952, 3.6154,
        5.6774, 3.0789, 4.4324, 5.7105, 5.7778, 4.8056, 5.5128, 3.5294, 2.4359,
        4.0238, 6.1333, 0.7778, 5.6000, 4.3611, 5.2619, 5.3590, 2.7188, 2.7879,
        4.6000, 5.7027, 3.9677, 4.5000, 3.2188, 3.4324, 5.8286, 4.9268, 3.0286,
        3.2308, 5.3636, 3.9767, 6.5750, 5.6667, 3.9767, 3.4857, 2.7436, 5.4750,
        5.0588, 5.3864, 1.9474, 5.9000, 3.5000, 5.5405, 4.8158, 3.5263, 3.6905,
        6.3846, 4.0682, 3.7778, 5.9189, 4.9737, 4.3421, 3.0476, 4.0500, 2.5152,
        5.6562, 4.9714, 5.9737, 5.7949, 5.5526, 2.6279, 3.4324, 5.6129, 2.8378,
        3.6389, 6.1622, 3.2432, 4.5641, 3.5714, 2.2778, 5.0303, 6.5000, 5.5128,
        3.7059, 3.4865, 2.5789, 3.6364, 0.8108, 5.8750, 5.1667, 5.4103, 5.4762,
        6.1842, 3.2703, 4.3809, 5.5263, 2.0930, 4.5278, 2.6579, 3.2820, 3.5000,
        5.0769, 5.8636])]
[2019-02-26 12:39:24,926][INFO][Predicted:tensor([5.5249, 5.5249, 5.5249, 5.5249, 5.5249, 5.5249, 5.5249, 5.5249, 5.5249,
        5.5249, 5.5249, 5.5249, 5.5249, 5.5249, 5.5249, 5.5249, 5.5249, 5.5249,
        5.5249, 5.5249, 5.5249, 5.5249, 5.5249, 5.5249, 5.5249, 5.5249, 5.5249,
        5.5249, 5.5249, 5.5249, 5.5249, 5.5249, 5.5249, 5.5249, 5.5249, 5.5249,
        5.5249, 5.5249, 5.5249, 5.5249, 5.5249, 5.5249, 5.5249, 5.5249, 5.5249,
        5.5249, 5.5249, 5.5249, 5.5249, 5.5249, 5.5249, 5.5249, 5.5249, 5.5249,
        5.5249, 5.5249, 5.5249, 5.5249, 5.5249, 5.5249, 5.5249, 5.5249, 5.5249,
        5.5249, 5.5249, 5.5249, 5.5249, 5.5249, 5.5249, 5.5249, 5.5249, 5.5249,
        5.5249, 5.5248, 5.5249, 5.5249, 5.5249, 5.5249, 5.5249, 5.5249, 5.5249,
        5.5249, 5.5249, 5.5249, 5.5249, 5.5249, 5.5249, 5.5249, 5.5249, 5.5249,
        5.5249, 5.5249, 5.5249, 5.5249, 5.5249, 5.5249, 5.5249, 5.5249, 5.5249,
        5.5249, 5.5249], grad_fn=<CatBackward>)]
[2019-02-26 12:39:39,867][INFO][epoch:12	loss:tensor(2.3810, device='cuda:0')]
[2019-02-26 12:39:40,250][INFO][LCC:tensor(0.0167, grad_fn=<DivBackward1>)]
[2019-02-26 12:39:40,250][INFO][Ground Truth:tensor([5.7209, 5.4359, 6.1750, 5.2326, 5.7317, 5.0556, 5.2895, 5.5952, 3.6154,
        5.6774, 3.0789, 4.4324, 5.7105, 5.7778, 4.8056, 5.5128, 3.5294, 2.4359,
        4.0238, 6.1333, 0.7778, 5.6000, 4.3611, 5.2619, 5.3590, 2.7188, 2.7879,
        4.6000, 5.7027, 3.9677, 4.5000, 3.2188, 3.4324, 5.8286, 4.9268, 3.0286,
        3.2308, 5.3636, 3.9767, 6.5750, 5.6667, 3.9767, 3.4857, 2.7436, 5.4750,
        5.0588, 5.3864, 1.9474, 5.9000, 3.5000, 5.5405, 4.8158, 3.5263, 3.6905,
        6.3846, 4.0682, 3.7778, 5.9189, 4.9737, 4.3421, 3.0476, 4.0500, 2.5152,
        5.6562, 4.9714, 5.9737, 5.7949, 5.5526, 2.6279, 3.4324, 5.6129, 2.8378,
        3.6389, 6.1622, 3.2432, 4.5641, 3.5714, 2.2778, 5.0303, 6.5000, 5.5128,
        3.7059, 3.4865, 2.5789, 3.6364, 0.8108, 5.8750, 5.1667, 5.4103, 5.4762,
        6.1842, 3.2703, 4.3809, 5.5263, 2.0930, 4.5278, 2.6579, 3.2820, 3.5000,
        5.0769, 5.8636])]
[2019-02-26 12:39:40,251][INFO][Predicted:tensor([5.1782, 5.1782, 5.1782, 5.1782, 5.1782, 5.1782, 5.1782, 5.1782, 5.1782,
        5.1782, 5.1782, 5.1782, 5.1782, 5.1782, 5.1782, 5.1782, 5.1782, 5.1782,
        5.1782, 5.1782, 5.1782, 5.1782, 5.1782, 5.1782, 5.1782, 5.1782, 5.1782,
        5.1782, 5.1782, 5.1782, 5.1782, 5.1782, 5.1782, 5.1782, 5.1782, 5.1782,
        5.1782, 5.1782, 5.1782, 5.1782, 5.1782, 5.1782, 5.1782, 5.1782, 5.1782,
        5.1782, 5.1782, 5.1782, 5.1782, 5.1782, 5.1782, 5.1782, 5.1782, 5.1782,
        5.1782, 5.1782, 5.1782, 5.1782, 5.1782, 5.1782, 5.1782, 5.1782, 5.1782,
        5.1782, 5.1782, 5.1782, 5.1782, 5.1782, 5.1782, 5.1782, 5.1782, 5.1782,
        5.1782, 5.1782, 5.1782, 5.1782, 5.1782, 5.1782, 5.1782, 5.1782, 5.1782,
        5.1782, 5.1782, 5.1782, 5.1782, 5.1782, 5.1782, 5.1782, 5.1782, 5.1782,
        5.1782, 5.1782, 5.1782, 5.1782, 5.1782, 5.1782, 5.1782, 5.1782, 5.1782,
        5.1782, 5.1782], grad_fn=<CatBackward>)]
[2019-02-26 12:39:55,203][INFO][epoch:13	loss:tensor(2.3617, device='cuda:0')]
[2019-02-26 12:39:55,590][INFO][LCC:tensor(0.0081, grad_fn=<DivBackward1>)]
[2019-02-26 12:39:55,591][INFO][Ground Truth:tensor([5.7209, 5.4359, 6.1750, 5.2326, 5.7317, 5.0556, 5.2895, 5.5952, 3.6154,
        5.6774, 3.0789, 4.4324, 5.7105, 5.7778, 4.8056, 5.5128, 3.5294, 2.4359,
        4.0238, 6.1333, 0.7778, 5.6000, 4.3611, 5.2619, 5.3590, 2.7188, 2.7879,
        4.6000, 5.7027, 3.9677, 4.5000, 3.2188, 3.4324, 5.8286, 4.9268, 3.0286,
        3.2308, 5.3636, 3.9767, 6.5750, 5.6667, 3.9767, 3.4857, 2.7436, 5.4750,
        5.0588, 5.3864, 1.9474, 5.9000, 3.5000, 5.5405, 4.8158, 3.5263, 3.6905,
        6.3846, 4.0682, 3.7778, 5.9189, 4.9737, 4.3421, 3.0476, 4.0500, 2.5152,
        5.6562, 4.9714, 5.9737, 5.7949, 5.5526, 2.6279, 3.4324, 5.6129, 2.8378,
        3.6389, 6.1622, 3.2432, 4.5641, 3.5714, 2.2778, 5.0303, 6.5000, 5.5128,
        3.7059, 3.4865, 2.5789, 3.6364, 0.8108, 5.8750, 5.1667, 5.4103, 5.4762,
        6.1842, 3.2703, 4.3809, 5.5263, 2.0930, 4.5278, 2.6579, 3.2820, 3.5000,
        5.0769, 5.8636])]
[2019-02-26 12:39:55,591][INFO][Predicted:tensor([5.0378, 5.0378, 5.0378, 5.0378, 5.0378, 5.0378, 5.0378, 5.0378, 5.0378,
        5.0378, 5.0378, 5.0378, 5.0378, 5.0378, 5.0378, 5.0378, 5.0378, 5.0378,
        5.0378, 5.0378, 5.0378, 5.0378, 5.0378, 5.0378, 5.0378, 5.0378, 5.0378,
        5.0378, 5.0378, 5.0378, 5.0378, 5.0378, 5.0378, 5.0378, 5.0378, 5.0378,
        5.0378, 5.0378, 5.0378, 5.0378, 5.0378, 5.0378, 5.0378, 5.0378, 5.0378,
        5.0378, 5.0378, 5.0378, 5.0378, 5.0378, 5.0378, 5.0378, 5.0378, 5.0378,
        5.0378, 5.0378, 5.0378, 5.0378, 5.0378, 5.0378, 5.0378, 5.0378, 5.0378,
        5.0378, 5.0378, 5.0378, 5.0378, 5.0378, 5.0378, 5.0378, 5.0378, 5.0378,
        5.0378, 5.0378, 5.0378, 5.0378, 5.0378, 5.0378, 5.0378, 5.0378, 5.0378,
        5.0378, 5.0378, 5.0378, 5.0378, 5.0378, 5.0378, 5.0378, 5.0378, 5.0378,
        5.0378, 5.0378, 5.0378, 5.0378, 5.0378, 5.0378, 5.0378, 5.0378, 5.0378,
        5.0378, 5.0378], grad_fn=<CatBackward>)]
[2019-02-26 12:40:10,516][INFO][epoch:14	loss:tensor(2.3796, device='cuda:0')]
[2019-02-26 12:40:10,907][INFO][LCC:tensor(-0.0000, grad_fn=<DivBackward1>)]
[2019-02-26 12:40:10,908][INFO][Ground Truth:tensor([5.7209, 5.4359, 6.1750, 5.2326, 5.7317, 5.0556, 5.2895, 5.5952, 3.6154,
        5.6774, 3.0789, 4.4324, 5.7105, 5.7778, 4.8056, 5.5128, 3.5294, 2.4359,
        4.0238, 6.1333, 0.7778, 5.6000, 4.3611, 5.2619, 5.3590, 2.7188, 2.7879,
        4.6000, 5.7027, 3.9677, 4.5000, 3.2188, 3.4324, 5.8286, 4.9268, 3.0286,
        3.2308, 5.3636, 3.9767, 6.5750, 5.6667, 3.9767, 3.4857, 2.7436, 5.4750,
        5.0588, 5.3864, 1.9474, 5.9000, 3.5000, 5.5405, 4.8158, 3.5263, 3.6905,
        6.3846, 4.0682, 3.7778, 5.9189, 4.9737, 4.3421, 3.0476, 4.0500, 2.5152,
        5.6562, 4.9714, 5.9737, 5.7949, 5.5526, 2.6279, 3.4324, 5.6129, 2.8378,
        3.6389, 6.1622, 3.2432, 4.5641, 3.5714, 2.2778, 5.0303, 6.5000, 5.5128,
        3.7059, 3.4865, 2.5789, 3.6364, 0.8108, 5.8750, 5.1667, 5.4103, 5.4762,
        6.1842, 3.2703, 4.3809, 5.5263, 2.0930, 4.5278, 2.6579, 3.2820, 3.5000,
        5.0769, 5.8636])]
[2019-02-26 12:40:10,909][INFO][Predicted:tensor([5.3304, 5.3304, 5.3304, 5.3304, 5.3304, 5.3304, 5.3304, 5.3304, 5.3304,
        5.3304, 5.3304, 5.3304, 5.3304, 5.3304, 5.3304, 5.3304, 5.3304, 5.3304,
        5.3304, 5.3304, 5.3304, 5.3304, 5.3304, 5.3304, 5.3304, 5.3304, 5.3304,
        5.3304, 5.3304, 5.3304, 5.3304, 5.3304, 5.3304, 5.3304, 5.3304, 5.3304,
        5.3304, 5.3304, 5.3304, 5.3304, 5.3304, 5.3304, 5.3304, 5.3304, 5.3304,
        5.3304, 5.3304, 5.3304, 5.3304, 5.3304, 5.3304, 5.3304, 5.3304, 5.3304,
        5.3304, 5.3304, 5.3304, 5.3304, 5.3304, 5.3304, 5.3304, 5.3304, 5.3304,
        5.3304, 5.3304, 5.3304, 5.3304, 5.3304, 5.3304, 5.3304, 5.3304, 5.3304,
        5.3304, 5.3304, 5.3304, 5.3304, 5.3304, 5.3304, 5.3304, 5.3304, 5.3304,
        5.3304, 5.3304, 5.3304, 5.3304, 5.3304, 5.3304, 5.3304, 5.3304, 5.3304,
        5.3304, 5.3304, 5.3304, 5.3304, 5.3304, 5.3304, 5.3304, 5.3304, 5.3304,
        5.3304, 5.3304], grad_fn=<CatBackward>)]
[2019-02-26 12:40:25,783][INFO][epoch:15	loss:tensor(2.3330, device='cuda:0')]
[2019-02-26 12:40:26,172][INFO][LCC:tensor(-0.0000, grad_fn=<DivBackward1>)]
[2019-02-26 12:40:26,173][INFO][Ground Truth:tensor([5.7209, 5.4359, 6.1750, 5.2326, 5.7317, 5.0556, 5.2895, 5.5952, 3.6154,
        5.6774, 3.0789, 4.4324, 5.7105, 5.7778, 4.8056, 5.5128, 3.5294, 2.4359,
        4.0238, 6.1333, 0.7778, 5.6000, 4.3611, 5.2619, 5.3590, 2.7188, 2.7879,
        4.6000, 5.7027, 3.9677, 4.5000, 3.2188, 3.4324, 5.8286, 4.9268, 3.0286,
        3.2308, 5.3636, 3.9767, 6.5750, 5.6667, 3.9767, 3.4857, 2.7436, 5.4750,
        5.0588, 5.3864, 1.9474, 5.9000, 3.5000, 5.5405, 4.8158, 3.5263, 3.6905,
        6.3846, 4.0682, 3.7778, 5.9189, 4.9737, 4.3421, 3.0476, 4.0500, 2.5152,
        5.6562, 4.9714, 5.9737, 5.7949, 5.5526, 2.6279, 3.4324, 5.6129, 2.8378,
        3.6389, 6.1622, 3.2432, 4.5641, 3.5714, 2.2778, 5.0303, 6.5000, 5.5128,
        3.7059, 3.4865, 2.5789, 3.6364, 0.8108, 5.8750, 5.1667, 5.4103, 5.4762,
        6.1842, 3.2703, 4.3809, 5.5263, 2.0930, 4.5278, 2.6579, 3.2820, 3.5000,
        5.0769, 5.8636])]
[2019-02-26 12:40:26,174][INFO][Predicted:tensor([5.1095, 5.1095, 5.1095, 5.1095, 5.1095, 5.1095, 5.1095, 5.1095, 5.1095,
        5.1095, 5.1095, 5.1095, 5.1095, 5.1095, 5.1095, 5.1095, 5.1095, 5.1095,
        5.1095, 5.1095, 5.1095, 5.1095, 5.1095, 5.1095, 5.1095, 5.1095, 5.1095,
        5.1095, 5.1095, 5.1095, 5.1095, 5.1095, 5.1095, 5.1095, 5.1095, 5.1095,
        5.1095, 5.1095, 5.1095, 5.1095, 5.1095, 5.1095, 5.1095, 5.1095, 5.1095,
        5.1095, 5.1095, 5.1095, 5.1095, 5.1095, 5.1095, 5.1095, 5.1095, 5.1095,
        5.1095, 5.1095, 5.1095, 5.1095, 5.1095, 5.1095, 5.1095, 5.1095, 5.1095,
        5.1095, 5.1095, 5.1095, 5.1095, 5.1095, 5.1095, 5.1095, 5.1095, 5.1095,
        5.1095, 5.1095, 5.1095, 5.1095, 5.1095, 5.1095, 5.1095, 5.1095, 5.1095,
        5.1095, 5.1095, 5.1095, 5.1095, 5.1095, 5.1095, 5.1095, 5.1095, 5.1095,
        5.1095, 5.1095, 5.1095, 5.1095, 5.1095, 5.1095, 5.1095, 5.1095, 5.1095,
        5.1095, 5.1095], grad_fn=<CatBackward>)]
[2019-02-26 12:40:41,116][INFO][epoch:16	loss:tensor(2.3368, device='cuda:0')]
[2019-02-26 12:40:41,503][INFO][LCC:tensor(-0.0000, grad_fn=<DivBackward1>)]
[2019-02-26 12:40:41,504][INFO][Ground Truth:tensor([5.7209, 5.4359, 6.1750, 5.2326, 5.7317, 5.0556, 5.2895, 5.5952, 3.6154,
        5.6774, 3.0789, 4.4324, 5.7105, 5.7778, 4.8056, 5.5128, 3.5294, 2.4359,
        4.0238, 6.1333, 0.7778, 5.6000, 4.3611, 5.2619, 5.3590, 2.7188, 2.7879,
        4.6000, 5.7027, 3.9677, 4.5000, 3.2188, 3.4324, 5.8286, 4.9268, 3.0286,
        3.2308, 5.3636, 3.9767, 6.5750, 5.6667, 3.9767, 3.4857, 2.7436, 5.4750,
        5.0588, 5.3864, 1.9474, 5.9000, 3.5000, 5.5405, 4.8158, 3.5263, 3.6905,
        6.3846, 4.0682, 3.7778, 5.9189, 4.9737, 4.3421, 3.0476, 4.0500, 2.5152,
        5.6562, 4.9714, 5.9737, 5.7949, 5.5526, 2.6279, 3.4324, 5.6129, 2.8378,
        3.6389, 6.1622, 3.2432, 4.5641, 3.5714, 2.2778, 5.0303, 6.5000, 5.5128,
        3.7059, 3.4865, 2.5789, 3.6364, 0.8108, 5.8750, 5.1667, 5.4103, 5.4762,
        6.1842, 3.2703, 4.3809, 5.5263, 2.0930, 4.5278, 2.6579, 3.2820, 3.5000,
        5.0769, 5.8636])]
[2019-02-26 12:40:41,504][INFO][Predicted:tensor([5.3362, 5.3362, 5.3362, 5.3362, 5.3362, 5.3362, 5.3362, 5.3362, 5.3362,
        5.3362, 5.3362, 5.3362, 5.3362, 5.3362, 5.3362, 5.3362, 5.3362, 5.3362,
        5.3362, 5.3362, 5.3362, 5.3362, 5.3362, 5.3362, 5.3362, 5.3362, 5.3362,
        5.3362, 5.3362, 5.3362, 5.3362, 5.3362, 5.3362, 5.3362, 5.3362, 5.3362,
        5.3362, 5.3362, 5.3362, 5.3362, 5.3362, 5.3362, 5.3362, 5.3362, 5.3362,
        5.3362, 5.3362, 5.3362, 5.3362, 5.3362, 5.3362, 5.3362, 5.3362, 5.3362,
        5.3362, 5.3362, 5.3362, 5.3362, 5.3362, 5.3362, 5.3362, 5.3362, 5.3362,
        5.3362, 5.3362, 5.3362, 5.3362, 5.3362, 5.3362, 5.3362, 5.3362, 5.3362,
        5.3362, 5.3362, 5.3362, 5.3362, 5.3362, 5.3362, 5.3362, 5.3362, 5.3362,
        5.3362, 5.3362, 5.3362, 5.3362, 5.3362, 5.3362, 5.3362, 5.3362, 5.3362,
        5.3362, 5.3362, 5.3362, 5.3362, 5.3362, 5.3362, 5.3362, 5.3362, 5.3362,
        5.3362, 5.3362], grad_fn=<CatBackward>)]
[2019-02-26 12:40:56,384][INFO][epoch:17	loss:tensor(2.3391, device='cuda:0')]
[2019-02-26 12:40:56,783][INFO][LCC:tensor(3.1569e-07, grad_fn=<DivBackward1>)]
[2019-02-26 12:40:56,783][INFO][Ground Truth:tensor([5.7209, 5.4359, 6.1750, 5.2326, 5.7317, 5.0556, 5.2895, 5.5952, 3.6154,
        5.6774, 3.0789, 4.4324, 5.7105, 5.7778, 4.8056, 5.5128, 3.5294, 2.4359,
        4.0238, 6.1333, 0.7778, 5.6000, 4.3611, 5.2619, 5.3590, 2.7188, 2.7879,
        4.6000, 5.7027, 3.9677, 4.5000, 3.2188, 3.4324, 5.8286, 4.9268, 3.0286,
        3.2308, 5.3636, 3.9767, 6.5750, 5.6667, 3.9767, 3.4857, 2.7436, 5.4750,
        5.0588, 5.3864, 1.9474, 5.9000, 3.5000, 5.5405, 4.8158, 3.5263, 3.6905,
        6.3846, 4.0682, 3.7778, 5.9189, 4.9737, 4.3421, 3.0476, 4.0500, 2.5152,
        5.6562, 4.9714, 5.9737, 5.7949, 5.5526, 2.6279, 3.4324, 5.6129, 2.8378,
        3.6389, 6.1622, 3.2432, 4.5641, 3.5714, 2.2778, 5.0303, 6.5000, 5.5128,
        3.7059, 3.4865, 2.5789, 3.6364, 0.8108, 5.8750, 5.1667, 5.4103, 5.4762,
        6.1842, 3.2703, 4.3809, 5.5263, 2.0930, 4.5278, 2.6579, 3.2820, 3.5000,
        5.0769, 5.8636])]
[2019-02-26 12:40:56,784][INFO][Predicted:tensor([5.0702, 5.0702, 5.0702, 5.0702, 5.0702, 5.0702, 5.0702, 5.0702, 5.0702,
        5.0702, 5.0702, 5.0702, 5.0702, 5.0702, 5.0702, 5.0702, 5.0702, 5.0702,
        5.0702, 5.0702, 5.0702, 5.0702, 5.0702, 5.0702, 5.0702, 5.0702, 5.0702,
        5.0702, 5.0702, 5.0702, 5.0702, 5.0702, 5.0702, 5.0702, 5.0702, 5.0702,
        5.0702, 5.0702, 5.0702, 5.0702, 5.0702, 5.0702, 5.0702, 5.0702, 5.0702,
        5.0702, 5.0702, 5.0702, 5.0702, 5.0702, 5.0702, 5.0702, 5.0702, 5.0702,
        5.0702, 5.0702, 5.0702, 5.0702, 5.0702, 5.0702, 5.0702, 5.0702, 5.0702,
        5.0702, 5.0702, 5.0702, 5.0702, 5.0702, 5.0702, 5.0702, 5.0702, 5.0702,
        5.0702, 5.0702, 5.0702, 5.0702, 5.0702, 5.0702, 5.0702, 5.0702, 5.0702,
        5.0702, 5.0702, 5.0702, 5.0702, 5.0702, 5.0702, 5.0702, 5.0702, 5.0702,
        5.0702, 5.0702, 5.0702, 5.0702, 5.0702, 5.0702, 5.0702, 5.0702, 5.0702,
        5.0702, 5.0702], grad_fn=<CatBackward>)]
[2019-02-26 12:41:11,692][INFO][epoch:18	loss:tensor(2.3508, device='cuda:0')]
[2019-02-26 12:41:12,080][INFO][LCC:tensor(3.3020e-07, grad_fn=<DivBackward1>)]
[2019-02-26 12:41:12,081][INFO][Ground Truth:tensor([5.7209, 5.4359, 6.1750, 5.2326, 5.7317, 5.0556, 5.2895, 5.5952, 3.6154,
        5.6774, 3.0789, 4.4324, 5.7105, 5.7778, 4.8056, 5.5128, 3.5294, 2.4359,
        4.0238, 6.1333, 0.7778, 5.6000, 4.3611, 5.2619, 5.3590, 2.7188, 2.7879,
        4.6000, 5.7027, 3.9677, 4.5000, 3.2188, 3.4324, 5.8286, 4.9268, 3.0286,
        3.2308, 5.3636, 3.9767, 6.5750, 5.6667, 3.9767, 3.4857, 2.7436, 5.4750,
        5.0588, 5.3864, 1.9474, 5.9000, 3.5000, 5.5405, 4.8158, 3.5263, 3.6905,
        6.3846, 4.0682, 3.7778, 5.9189, 4.9737, 4.3421, 3.0476, 4.0500, 2.5152,
        5.6562, 4.9714, 5.9737, 5.7949, 5.5526, 2.6279, 3.4324, 5.6129, 2.8378,
        3.6389, 6.1622, 3.2432, 4.5641, 3.5714, 2.2778, 5.0303, 6.5000, 5.5128,
        3.7059, 3.4865, 2.5789, 3.6364, 0.8108, 5.8750, 5.1667, 5.4103, 5.4762,
        6.1842, 3.2703, 4.3809, 5.5263, 2.0930, 4.5278, 2.6579, 3.2820, 3.5000,
        5.0769, 5.8636])]
[2019-02-26 12:41:12,082][INFO][Predicted:tensor([5.3946, 5.3946, 5.3946, 5.3946, 5.3946, 5.3946, 5.3946, 5.3946, 5.3946,
        5.3946, 5.3946, 5.3946, 5.3946, 5.3946, 5.3946, 5.3946, 5.3946, 5.3946,
        5.3946, 5.3946, 5.3946, 5.3946, 5.3946, 5.3946, 5.3946, 5.3946, 5.3946,
        5.3946, 5.3946, 5.3946, 5.3946, 5.3946, 5.3946, 5.3946, 5.3946, 5.3946,
        5.3946, 5.3946, 5.3946, 5.3946, 5.3946, 5.3946, 5.3946, 5.3946, 5.3946,
        5.3946, 5.3946, 5.3946, 5.3946, 5.3946, 5.3946, 5.3946, 5.3946, 5.3946,
        5.3946, 5.3946, 5.3946, 5.3946, 5.3946, 5.3946, 5.3946, 5.3946, 5.3946,
        5.3946, 5.3946, 5.3946, 5.3946, 5.3946, 5.3946, 5.3946, 5.3946, 5.3946,
        5.3946, 5.3946, 5.3946, 5.3946, 5.3946, 5.3946, 5.3946, 5.3946, 5.3946,
        5.3946, 5.3946, 5.3946, 5.3946, 5.3946, 5.3946, 5.3946, 5.3946, 5.3946,
        5.3946, 5.3946, 5.3946, 5.3946, 5.3946, 5.3946, 5.3946, 5.3946, 5.3946,
        5.3946, 5.3946], grad_fn=<CatBackward>)]
[2019-02-26 12:41:26,992][INFO][epoch:19	loss:tensor(2.3644, device='cuda:0')]
[2019-02-26 12:41:27,374][INFO][LCC:tensor(3.1278e-07, grad_fn=<DivBackward1>)]
[2019-02-26 12:41:27,375][INFO][Ground Truth:tensor([5.7209, 5.4359, 6.1750, 5.2326, 5.7317, 5.0556, 5.2895, 5.5952, 3.6154,
        5.6774, 3.0789, 4.4324, 5.7105, 5.7778, 4.8056, 5.5128, 3.5294, 2.4359,
        4.0238, 6.1333, 0.7778, 5.6000, 4.3611, 5.2619, 5.3590, 2.7188, 2.7879,
        4.6000, 5.7027, 3.9677, 4.5000, 3.2188, 3.4324, 5.8286, 4.9268, 3.0286,
        3.2308, 5.3636, 3.9767, 6.5750, 5.6667, 3.9767, 3.4857, 2.7436, 5.4750,
        5.0588, 5.3864, 1.9474, 5.9000, 3.5000, 5.5405, 4.8158, 3.5263, 3.6905,
        6.3846, 4.0682, 3.7778, 5.9189, 4.9737, 4.3421, 3.0476, 4.0500, 2.5152,
        5.6562, 4.9714, 5.9737, 5.7949, 5.5526, 2.6279, 3.4324, 5.6129, 2.8378,
        3.6389, 6.1622, 3.2432, 4.5641, 3.5714, 2.2778, 5.0303, 6.5000, 5.5128,
        3.7059, 3.4865, 2.5789, 3.6364, 0.8108, 5.8750, 5.1667, 5.4103, 5.4762,
        6.1842, 3.2703, 4.3809, 5.5263, 2.0930, 4.5278, 2.6579, 3.2820, 3.5000,
        5.0769, 5.8636])]
[2019-02-26 12:41:27,375][INFO][Predicted:tensor([5.3427, 5.3427, 5.3427, 5.3427, 5.3427, 5.3427, 5.3427, 5.3427, 5.3427,
        5.3427, 5.3427, 5.3427, 5.3427, 5.3427, 5.3427, 5.3427, 5.3427, 5.3427,
        5.3427, 5.3427, 5.3427, 5.3427, 5.3427, 5.3427, 5.3427, 5.3427, 5.3427,
        5.3427, 5.3427, 5.3427, 5.3427, 5.3427, 5.3427, 5.3427, 5.3427, 5.3427,
        5.3427, 5.3427, 5.3427, 5.3427, 5.3427, 5.3427, 5.3427, 5.3427, 5.3427,
        5.3427, 5.3427, 5.3427, 5.3427, 5.3427, 5.3427, 5.3427, 5.3427, 5.3427,
        5.3427, 5.3427, 5.3427, 5.3427, 5.3427, 5.3427, 5.3427, 5.3427, 5.3427,
        5.3427, 5.3427, 5.3427, 5.3427, 5.3427, 5.3427, 5.3427, 5.3427, 5.3427,
        5.3427, 5.3427, 5.3427, 5.3427, 5.3427, 5.3427, 5.3427, 5.3427, 5.3427,
        5.3427, 5.3427, 5.3427, 5.3427, 5.3427, 5.3427, 5.3427, 5.3427, 5.3427,
        5.3427, 5.3427, 5.3427, 5.3427, 5.3427, 5.3427, 5.3427, 5.3427, 5.3427,
        5.3427, 5.3427], grad_fn=<CatBackward>)]
[2019-02-26 12:41:42,260][INFO][epoch:20	loss:tensor(2.3560, device='cuda:0')]
[2019-02-26 12:41:42,669][INFO][LCC:tensor(0.0054, grad_fn=<DivBackward1>)]
[2019-02-26 12:41:42,669][INFO][Ground Truth:tensor([5.7209, 5.4359, 6.1750, 5.2326, 5.7317, 5.0556, 5.2895, 5.5952, 3.6154,
        5.6774, 3.0789, 4.4324, 5.7105, 5.7778, 4.8056, 5.5128, 3.5294, 2.4359,
        4.0238, 6.1333, 0.7778, 5.6000, 4.3611, 5.2619, 5.3590, 2.7188, 2.7879,
        4.6000, 5.7027, 3.9677, 4.5000, 3.2188, 3.4324, 5.8286, 4.9268, 3.0286,
        3.2308, 5.3636, 3.9767, 6.5750, 5.6667, 3.9767, 3.4857, 2.7436, 5.4750,
        5.0588, 5.3864, 1.9474, 5.9000, 3.5000, 5.5405, 4.8158, 3.5263, 3.6905,
        6.3846, 4.0682, 3.7778, 5.9189, 4.9737, 4.3421, 3.0476, 4.0500, 2.5152,
        5.6562, 4.9714, 5.9737, 5.7949, 5.5526, 2.6279, 3.4324, 5.6129, 2.8378,
        3.6389, 6.1622, 3.2432, 4.5641, 3.5714, 2.2778, 5.0303, 6.5000, 5.5128,
        3.7059, 3.4865, 2.5789, 3.6364, 0.8108, 5.8750, 5.1667, 5.4103, 5.4762,
        6.1842, 3.2703, 4.3809, 5.5263, 2.0930, 4.5278, 2.6579, 3.2820, 3.5000,
        5.0769, 5.8636])]
[2019-02-26 12:41:42,670][INFO][Predicted:tensor([5.1229, 5.1229, 5.1229, 5.1229, 5.1229, 5.1229, 5.1229, 5.1229, 5.1229,
        5.1229, 5.1229, 5.1229, 5.1229, 5.1229, 5.1229, 5.1229, 5.1229, 5.1229,
        5.1229, 5.1229, 5.1229, 5.1229, 5.1229, 5.1229, 5.1229, 5.1229, 5.1229,
        5.1229, 5.1229, 5.1229, 5.1229, 5.1229, 5.1229, 5.1229, 5.1229, 5.1229,
        5.1229, 5.1229, 5.1229, 5.1229, 5.1229, 5.1229, 5.1229, 5.1229, 5.1229,
        5.1229, 5.1229, 5.1229, 5.1229, 5.1229, 5.1229, 5.1229, 5.1229, 5.1229,
        5.1229, 5.1229, 5.1229, 5.1229, 5.1229, 5.1229, 5.1229, 5.1229, 5.1229,
        5.1229, 5.1229, 5.1229, 5.1229, 5.1229, 5.1229, 5.1229, 5.1229, 5.1229,
        5.1229, 5.1229, 5.1229, 5.1229, 5.1229, 5.1229, 5.1229, 5.1229, 5.1229,
        5.1229, 5.1229, 5.1229, 5.1229, 5.1229, 5.1229, 5.1229, 5.1229, 5.1229,
        5.1229, 5.1229, 5.1229, 5.1229, 5.1229, 5.1229, 5.1229, 5.1229, 5.1229,
        5.1229, 5.1229], grad_fn=<CatBackward>)]
[2019-02-26 12:41:57,528][INFO][epoch:21	loss:tensor(2.3390, device='cuda:0')]
[2019-02-26 12:41:57,976][INFO][LCC:tensor(3.3020e-07, grad_fn=<DivBackward1>)]
[2019-02-26 12:41:57,976][INFO][Ground Truth:tensor([5.7209, 5.4359, 6.1750, 5.2326, 5.7317, 5.0556, 5.2895, 5.5952, 3.6154,
        5.6774, 3.0789, 4.4324, 5.7105, 5.7778, 4.8056, 5.5128, 3.5294, 2.4359,
        4.0238, 6.1333, 0.7778, 5.6000, 4.3611, 5.2619, 5.3590, 2.7188, 2.7879,
        4.6000, 5.7027, 3.9677, 4.5000, 3.2188, 3.4324, 5.8286, 4.9268, 3.0286,
        3.2308, 5.3636, 3.9767, 6.5750, 5.6667, 3.9767, 3.4857, 2.7436, 5.4750,
        5.0588, 5.3864, 1.9474, 5.9000, 3.5000, 5.5405, 4.8158, 3.5263, 3.6905,
        6.3846, 4.0682, 3.7778, 5.9189, 4.9737, 4.3421, 3.0476, 4.0500, 2.5152,
        5.6562, 4.9714, 5.9737, 5.7949, 5.5526, 2.6279, 3.4324, 5.6129, 2.8378,
        3.6389, 6.1622, 3.2432, 4.5641, 3.5714, 2.2778, 5.0303, 6.5000, 5.5128,
        3.7059, 3.4865, 2.5789, 3.6364, 0.8108, 5.8750, 5.1667, 5.4103, 5.4762,
        6.1842, 3.2703, 4.3809, 5.5263, 2.0930, 4.5278, 2.6579, 3.2820, 3.5000,
        5.0769, 5.8636])]
[2019-02-26 12:41:57,977][INFO][Predicted:tensor([5.3947, 5.3947, 5.3947, 5.3947, 5.3947, 5.3947, 5.3947, 5.3947, 5.3947,
        5.3947, 5.3947, 5.3947, 5.3947, 5.3947, 5.3947, 5.3947, 5.3947, 5.3947,
        5.3947, 5.3947, 5.3947, 5.3947, 5.3947, 5.3947, 5.3947, 5.3947, 5.3947,
        5.3947, 5.3947, 5.3947, 5.3947, 5.3947, 5.3947, 5.3947, 5.3947, 5.3947,
        5.3947, 5.3947, 5.3947, 5.3947, 5.3947, 5.3947, 5.3947, 5.3947, 5.3947,
        5.3947, 5.3947, 5.3947, 5.3947, 5.3947, 5.3947, 5.3947, 5.3947, 5.3947,
        5.3947, 5.3947, 5.3947, 5.3947, 5.3947, 5.3947, 5.3947, 5.3947, 5.3947,
        5.3947, 5.3947, 5.3947, 5.3947, 5.3947, 5.3947, 5.3947, 5.3947, 5.3947,
        5.3947, 5.3947, 5.3947, 5.3947, 5.3947, 5.3947, 5.3947, 5.3947, 5.3947,
        5.3947, 5.3947, 5.3947, 5.3947, 5.3947, 5.3947, 5.3947, 5.3947, 5.3947,
        5.3947, 5.3947, 5.3947, 5.3947, 5.3947, 5.3947, 5.3947, 5.3947, 5.3947,
        5.3947, 5.3947], grad_fn=<CatBackward>)]
[2019-02-26 12:42:12,938][INFO][epoch:22	loss:tensor(2.3377, device='cuda:0')]
[2019-02-26 12:42:13,331][INFO][LCC:tensor(-0.0000, grad_fn=<DivBackward1>)]
[2019-02-26 12:42:13,331][INFO][Ground Truth:tensor([5.7209, 5.4359, 6.1750, 5.2326, 5.7317, 5.0556, 5.2895, 5.5952, 3.6154,
        5.6774, 3.0789, 4.4324, 5.7105, 5.7778, 4.8056, 5.5128, 3.5294, 2.4359,
        4.0238, 6.1333, 0.7778, 5.6000, 4.3611, 5.2619, 5.3590, 2.7188, 2.7879,
        4.6000, 5.7027, 3.9677, 4.5000, 3.2188, 3.4324, 5.8286, 4.9268, 3.0286,
        3.2308, 5.3636, 3.9767, 6.5750, 5.6667, 3.9767, 3.4857, 2.7436, 5.4750,
        5.0588, 5.3864, 1.9474, 5.9000, 3.5000, 5.5405, 4.8158, 3.5263, 3.6905,
        6.3846, 4.0682, 3.7778, 5.9189, 4.9737, 4.3421, 3.0476, 4.0500, 2.5152,
        5.6562, 4.9714, 5.9737, 5.7949, 5.5526, 2.6279, 3.4324, 5.6129, 2.8378,
        3.6389, 6.1622, 3.2432, 4.5641, 3.5714, 2.2778, 5.0303, 6.5000, 5.5128,
        3.7059, 3.4865, 2.5789, 3.6364, 0.8108, 5.8750, 5.1667, 5.4103, 5.4762,
        6.1842, 3.2703, 4.3809, 5.5263, 2.0930, 4.5278, 2.6579, 3.2820, 3.5000,
        5.0769, 5.8636])]
[2019-02-26 12:42:13,332][INFO][Predicted:tensor([5.5426, 5.5426, 5.5426, 5.5426, 5.5426, 5.5426, 5.5426, 5.5426, 5.5426,
        5.5426, 5.5426, 5.5426, 5.5426, 5.5426, 5.5426, 5.5426, 5.5426, 5.5426,
        5.5426, 5.5426, 5.5426, 5.5426, 5.5426, 5.5426, 5.5426, 5.5426, 5.5426,
        5.5426, 5.5426, 5.5426, 5.5426, 5.5426, 5.5426, 5.5426, 5.5426, 5.5426,
        5.5426, 5.5426, 5.5426, 5.5426, 5.5426, 5.5426, 5.5426, 5.5426, 5.5426,
        5.5426, 5.5426, 5.5426, 5.5426, 5.5426, 5.5426, 5.5426, 5.5426, 5.5426,
        5.5426, 5.5426, 5.5426, 5.5426, 5.5426, 5.5426, 5.5426, 5.5426, 5.5426,
        5.5426, 5.5426, 5.5426, 5.5426, 5.5426, 5.5426, 5.5426, 5.5426, 5.5426,
        5.5426, 5.5426, 5.5426, 5.5426, 5.5426, 5.5426, 5.5426, 5.5426, 5.5426,
        5.5426, 5.5426, 5.5426, 5.5426, 5.5426, 5.5426, 5.5426, 5.5426, 5.5426,
        5.5426, 5.5426, 5.5426, 5.5426, 5.5426, 5.5426, 5.5426, 5.5426, 5.5426,
        5.5426, 5.5426], grad_fn=<CatBackward>)]
