[2019-03-21 22:45:38,630][WARNING][Model:Try ResNet.]
[2019-03-21 22:45:42,027][INFO][epoch:0	loss:tensor(7.6142, device='cuda:0')]
[2019-03-21 22:45:43,693][INFO][epoch:1	loss:tensor(2.4766, device='cuda:0')]
[2019-03-21 22:45:45,350][INFO][epoch:2	loss:tensor(2.1680, device='cuda:0')]
[2019-03-21 22:45:47,048][INFO][epoch:3	loss:tensor(1.8559, device='cuda:0')]
[2019-03-21 22:45:48,742][INFO][epoch:4	loss:tensor(1.9631, device='cuda:0')]
[2019-03-21 22:45:50,379][INFO][epoch:5	loss:tensor(1.7823, device='cuda:0')]
[2019-03-21 22:45:52,012][INFO][epoch:6	loss:tensor(1.7038, device='cuda:0')]
[2019-03-21 22:45:53,661][INFO][epoch:7	loss:tensor(1.7227, device='cuda:0')]
[2019-03-21 22:45:55,281][INFO][epoch:8	loss:tensor(1.4489, device='cuda:0')]
[2019-03-21 22:45:56,946][INFO][epoch:9	loss:tensor(1.3952, device='cuda:0')]
[2019-03-21 22:45:58,611][INFO][epoch:10	loss:tensor(1.4980, device='cuda:0')]
[2019-03-21 22:45:59,426][WARNING][LCC:0.6293174]
[2019-03-21 22:45:59,426][WARNING][SROCC:0.6258557]
[2019-03-21 22:46:01,039][INFO][epoch:11	loss:tensor(1.4172, device='cuda:0')]
[2019-03-21 22:46:02,651][INFO][epoch:12	loss:tensor(1.2585, device='cuda:0')]
[2019-03-21 22:46:04,319][INFO][epoch:13	loss:tensor(1.4377, device='cuda:0')]
[2019-03-21 22:46:05,952][INFO][epoch:14	loss:tensor(1.3485, device='cuda:0')]
[2019-03-21 22:46:07,584][INFO][epoch:15	loss:tensor(1.2055, device='cuda:0')]
[2019-03-21 22:46:09,230][INFO][epoch:16	loss:tensor(1.2255, device='cuda:0')]
[2019-03-21 22:46:10,871][INFO][epoch:17	loss:tensor(1.2550, device='cuda:0')]
[2019-03-21 22:46:12,494][INFO][epoch:18	loss:tensor(1.2058, device='cuda:0')]
[2019-03-21 22:46:14,189][INFO][epoch:19	loss:tensor(1.3420, device='cuda:0')]
[2019-03-21 22:46:15,837][INFO][epoch:20	loss:tensor(1.1687, device='cuda:0')]
[2019-03-21 22:46:16,663][WARNING][LCC:0.6856624]
[2019-03-21 22:46:16,663][WARNING][SROCC:0.69003654]
[2019-03-21 22:46:18,267][INFO][epoch:21	loss:tensor(1.0904, device='cuda:0')]
[2019-03-21 22:46:19,909][INFO][epoch:22	loss:tensor(1.1757, device='cuda:0')]
[2019-03-21 22:46:21,535][INFO][epoch:23	loss:tensor(1.1903, device='cuda:0')]
[2019-03-21 22:46:23,227][INFO][epoch:24	loss:tensor(1.1901, device='cuda:0')]
[2019-03-21 22:46:24,867][INFO][epoch:25	loss:tensor(1.1453, device='cuda:0')]
[2019-03-21 22:46:26,542][INFO][epoch:26	loss:tensor(1.1200, device='cuda:0')]
[2019-03-21 22:46:28,175][INFO][epoch:27	loss:tensor(1.1319, device='cuda:0')]
[2019-03-21 22:46:29,831][INFO][epoch:28	loss:tensor(1.1339, device='cuda:0')]
[2019-03-21 22:46:31,451][INFO][epoch:29	loss:tensor(1.1272, device='cuda:0')]
[2019-03-21 22:46:33,086][INFO][epoch:30	loss:tensor(1.0257, device='cuda:0')]
[2019-03-21 22:46:33,891][WARNING][LCC:0.7160565]
[2019-03-21 22:46:33,891][WARNING][SROCC:0.694386]
[2019-03-21 22:46:35,485][INFO][epoch:31	loss:tensor(1.1208, device='cuda:0')]
[2019-03-21 22:46:37,141][INFO][epoch:32	loss:tensor(1.0028, device='cuda:0')]
[2019-03-21 22:46:38,785][INFO][epoch:33	loss:tensor(1.0658, device='cuda:0')]
[2019-03-21 22:46:40,422][INFO][epoch:34	loss:tensor(0.9728, device='cuda:0')]
[2019-03-21 22:46:42,051][INFO][epoch:35	loss:tensor(1.0716, device='cuda:0')]
[2019-03-21 22:46:43,713][INFO][epoch:36	loss:tensor(0.9697, device='cuda:0')]
[2019-03-21 22:46:45,348][INFO][epoch:37	loss:tensor(1.0515, device='cuda:0')]
[2019-03-21 22:46:46,994][INFO][epoch:38	loss:tensor(1.0609, device='cuda:0')]
[2019-03-21 22:46:48,642][INFO][epoch:39	loss:tensor(1.0291, device='cuda:0')]
[2019-03-21 22:46:50,274][INFO][epoch:40	loss:tensor(0.9772, device='cuda:0')]
[2019-03-21 22:46:51,111][WARNING][LCC:0.7370306]
[2019-03-21 22:46:51,111][WARNING][SROCC:0.6966045]
[2019-03-21 22:46:52,694][INFO][epoch:41	loss:tensor(1.0112, device='cuda:0')]
[2019-03-21 22:46:54,370][INFO][epoch:42	loss:tensor(1.0464, device='cuda:0')]
[2019-03-21 22:46:56,011][INFO][epoch:43	loss:tensor(0.9524, device='cuda:0')]
[2019-03-21 22:46:57,618][INFO][epoch:44	loss:tensor(1.0696, device='cuda:0')]
[2019-03-21 22:46:59,272][INFO][epoch:45	loss:tensor(1.0056, device='cuda:0')]
[2019-03-21 22:47:00,904][INFO][epoch:46	loss:tensor(0.9492, device='cuda:0')]
[2019-03-21 22:47:02,564][INFO][epoch:47	loss:tensor(1.0200, device='cuda:0')]
[2019-03-21 22:47:04,208][INFO][epoch:48	loss:tensor(0.9709, device='cuda:0')]
[2019-03-21 22:47:05,840][INFO][epoch:49	loss:tensor(0.8891, device='cuda:0')]
[2019-03-21 22:47:07,515][INFO][epoch:50	loss:tensor(0.9104, device='cuda:0')]
[2019-03-21 22:47:08,299][WARNING][LCC:0.7584216]
[2019-03-21 22:47:08,299][WARNING][SROCC:0.70892584]
[2019-03-21 22:47:08,299][WARNING][Model saved]
[2019-03-21 22:47:10,017][INFO][epoch:51	loss:tensor(1.0067, device='cuda:0')]
[2019-03-21 22:47:11,678][INFO][epoch:52	loss:tensor(0.9305, device='cuda:0')]
[2019-03-21 22:47:13,252][INFO][epoch:53	loss:tensor(0.9125, device='cuda:0')]
[2019-03-21 22:47:14,860][INFO][epoch:54	loss:tensor(0.9241, device='cuda:0')]
[2019-03-21 22:47:16,439][INFO][epoch:55	loss:tensor(0.9085, device='cuda:0')]
[2019-03-21 22:47:18,018][INFO][epoch:56	loss:tensor(1.0547, device='cuda:0')]
[2019-03-21 22:47:19,623][INFO][epoch:57	loss:tensor(0.9486, device='cuda:0')]
[2019-03-21 22:47:21,241][INFO][epoch:58	loss:tensor(0.9245, device='cuda:0')]
[2019-03-21 22:47:22,810][INFO][epoch:59	loss:tensor(0.8192, device='cuda:0')]
[2019-03-21 22:47:24,385][INFO][epoch:60	loss:tensor(0.8759, device='cuda:0')]
[2019-03-21 22:47:25,170][WARNING][LCC:0.7965719]
[2019-03-21 22:47:25,170][WARNING][SROCC:0.75116223]
[2019-03-21 22:47:26,707][INFO][epoch:61	loss:tensor(0.8182, device='cuda:0')]
[2019-03-21 22:47:28,303][INFO][epoch:62	loss:tensor(0.8925, device='cuda:0')]
[2019-03-21 22:47:29,899][INFO][epoch:63	loss:tensor(0.8817, device='cuda:0')]
[2019-03-21 22:47:31,491][INFO][epoch:64	loss:tensor(0.8656, device='cuda:0')]
[2019-03-21 22:47:33,083][INFO][epoch:65	loss:tensor(0.8799, device='cuda:0')]
[2019-03-21 22:47:34,691][INFO][epoch:66	loss:tensor(0.9248, device='cuda:0')]
[2019-03-21 22:47:36,287][INFO][epoch:67	loss:tensor(0.8237, device='cuda:0')]
[2019-03-21 22:47:37,880][INFO][epoch:68	loss:tensor(0.7773, device='cuda:0')]
[2019-03-21 22:47:39,470][INFO][epoch:69	loss:tensor(0.8317, device='cuda:0')]
[2019-03-21 22:47:41,079][INFO][epoch:70	loss:tensor(0.9161, device='cuda:0')]
[2019-03-21 22:47:41,785][WARNING][LCC:0.7948612]
[2019-03-21 22:47:41,785][WARNING][SROCC:0.7355784]
[2019-03-21 22:47:43,333][INFO][epoch:71	loss:tensor(0.8127, device='cuda:0')]
[2019-03-21 22:47:44,954][INFO][epoch:72	loss:tensor(0.9022, device='cuda:0')]
[2019-03-21 22:47:46,514][INFO][epoch:73	loss:tensor(0.8407, device='cuda:0')]
[2019-03-21 22:47:48,108][INFO][epoch:74	loss:tensor(0.8470, device='cuda:0')]
[2019-03-21 22:47:49,715][INFO][epoch:75	loss:tensor(0.7579, device='cuda:0')]
[2019-03-21 22:47:51,318][INFO][epoch:76	loss:tensor(0.8804, device='cuda:0')]
[2019-03-21 22:47:52,863][INFO][epoch:77	loss:tensor(0.7640, device='cuda:0')]
[2019-03-21 22:47:54,451][INFO][epoch:78	loss:tensor(0.7615, device='cuda:0')]
[2019-03-21 22:47:56,076][INFO][epoch:79	loss:tensor(0.8058, device='cuda:0')]
[2019-03-21 22:47:57,679][INFO][epoch:80	loss:tensor(0.7681, device='cuda:0')]
[2019-03-21 22:47:58,395][WARNING][LCC:0.7954441]
[2019-03-21 22:47:58,395][WARNING][SROCC:0.76225966]
[2019-03-21 22:47:59,954][INFO][epoch:81	loss:tensor(0.8057, device='cuda:0')]
[2019-03-21 22:48:01,523][INFO][epoch:82	loss:tensor(0.7723, device='cuda:0')]
[2019-03-21 22:48:03,136][INFO][epoch:83	loss:tensor(0.8081, device='cuda:0')]
[2019-03-21 22:48:04,719][INFO][epoch:84	loss:tensor(0.7838, device='cuda:0')]
[2019-03-21 22:48:06,296][INFO][epoch:85	loss:tensor(0.7874, device='cuda:0')]
[2019-03-21 22:48:07,895][INFO][epoch:86	loss:tensor(0.8598, device='cuda:0')]
[2019-03-21 22:48:09,463][INFO][epoch:87	loss:tensor(0.7663, device='cuda:0')]
[2019-03-21 22:48:11,063][INFO][epoch:88	loss:tensor(0.7178, device='cuda:0')]
[2019-03-21 22:48:12,634][INFO][epoch:89	loss:tensor(0.7342, device='cuda:0')]
[2019-03-21 22:48:14,227][INFO][epoch:90	loss:tensor(0.8404, device='cuda:0')]
[2019-03-21 22:48:14,982][WARNING][LCC:0.8176164]
[2019-03-21 22:48:14,982][WARNING][SROCC:0.7728741]
[2019-03-21 22:48:16,515][INFO][epoch:91	loss:tensor(0.7602, device='cuda:0')]
[2019-03-21 22:48:18,090][INFO][epoch:92	loss:tensor(0.7461, device='cuda:0')]
[2019-03-21 22:48:19,673][INFO][epoch:93	loss:tensor(0.7995, device='cuda:0')]
[2019-03-21 22:48:21,288][INFO][epoch:94	loss:tensor(0.7384, device='cuda:0')]
[2019-03-21 22:48:22,860][INFO][epoch:95	loss:tensor(0.6894, device='cuda:0')]
[2019-03-21 22:48:24,417][INFO][epoch:96	loss:tensor(0.7505, device='cuda:0')]
[2019-03-21 22:48:25,968][INFO][epoch:97	loss:tensor(0.7499, device='cuda:0')]
[2019-03-21 22:48:27,518][INFO][epoch:98	loss:tensor(0.7218, device='cuda:0')]
[2019-03-21 22:48:29,082][INFO][epoch:99	loss:tensor(0.6793, device='cuda:0')]
[2019-03-21 22:48:30,680][INFO][epoch:100	loss:tensor(0.7516, device='cuda:0')]
[2019-03-21 22:48:31,424][WARNING][LCC:0.80706733]
[2019-03-21 22:48:31,424][WARNING][SROCC:0.780419]
[2019-03-21 22:48:31,424][WARNING][Model saved]
[2019-03-21 22:48:33,009][INFO][epoch:101	loss:tensor(0.6577, device='cuda:0')]
[2019-03-21 22:48:34,583][INFO][epoch:102	loss:tensor(0.6974, device='cuda:0')]
[2019-03-21 22:48:36,179][INFO][epoch:103	loss:tensor(0.7372, device='cuda:0')]
[2019-03-21 22:48:37,763][INFO][epoch:104	loss:tensor(0.6368, device='cuda:0')]
[2019-03-21 22:48:39,355][INFO][epoch:105	loss:tensor(0.6772, device='cuda:0')]
[2019-03-21 22:48:40,960][INFO][epoch:106	loss:tensor(0.6873, device='cuda:0')]
[2019-03-21 22:48:42,527][INFO][epoch:107	loss:tensor(0.6729, device='cuda:0')]
[2019-03-21 22:48:44,107][INFO][epoch:108	loss:tensor(0.7202, device='cuda:0')]
[2019-03-21 22:48:45,688][INFO][epoch:109	loss:tensor(0.6590, device='cuda:0')]
[2019-03-21 22:48:47,276][INFO][epoch:110	loss:tensor(0.6365, device='cuda:0')]
[2019-03-21 22:48:48,009][WARNING][LCC:0.80965316]
[2019-03-21 22:48:48,009][WARNING][SROCC:0.75774133]
[2019-03-21 22:48:49,542][INFO][epoch:111	loss:tensor(0.7010, device='cuda:0')]
[2019-03-21 22:48:51,158][INFO][epoch:112	loss:tensor(0.6881, device='cuda:0')]
[2019-03-21 22:48:52,711][INFO][epoch:113	loss:tensor(0.6878, device='cuda:0')]
[2019-03-21 22:48:54,300][INFO][epoch:114	loss:tensor(0.6501, device='cuda:0')]
[2019-03-21 22:48:55,871][INFO][epoch:115	loss:tensor(0.6566, device='cuda:0')]
[2019-03-21 22:48:57,447][INFO][epoch:116	loss:tensor(0.7249, device='cuda:0')]
[2019-03-21 22:48:59,038][INFO][epoch:117	loss:tensor(0.6445, device='cuda:0')]
[2019-03-21 22:49:00,603][INFO][epoch:118	loss:tensor(0.6352, device='cuda:0')]
[2019-03-21 22:49:02,179][INFO][epoch:119	loss:tensor(0.6156, device='cuda:0')]
[2019-03-21 22:49:03,747][INFO][epoch:120	loss:tensor(0.6067, device='cuda:0')]
[2019-03-21 22:49:04,504][WARNING][LCC:0.81840634]
[2019-03-21 22:49:04,505][WARNING][SROCC:0.7735068]
[2019-03-21 22:49:06,062][INFO][epoch:121	loss:tensor(0.6913, device='cuda:0')]
[2019-03-21 22:49:07,639][INFO][epoch:122	loss:tensor(0.6738, device='cuda:0')]
[2019-03-21 22:49:09,211][INFO][epoch:123	loss:tensor(0.6583, device='cuda:0')]
[2019-03-21 22:49:10,774][INFO][epoch:124	loss:tensor(0.6832, device='cuda:0')]
[2019-03-21 22:49:12,358][INFO][epoch:125	loss:tensor(0.6316, device='cuda:0')]
[2019-03-21 22:49:13,937][INFO][epoch:126	loss:tensor(0.6843, device='cuda:0')]
[2019-03-21 22:49:15,530][INFO][epoch:127	loss:tensor(0.5688, device='cuda:0')]
[2019-03-21 22:49:17,133][INFO][epoch:128	loss:tensor(0.6572, device='cuda:0')]
[2019-03-21 22:49:18,690][INFO][epoch:129	loss:tensor(0.5814, device='cuda:0')]
[2019-03-21 22:49:20,273][INFO][epoch:130	loss:tensor(0.5703, device='cuda:0')]
[2019-03-21 22:49:21,025][WARNING][LCC:0.8456056]
[2019-03-21 22:49:21,025][WARNING][SROCC:0.8110751]
[2019-03-21 22:49:22,551][INFO][epoch:131	loss:tensor(0.5956, device='cuda:0')]
[2019-03-21 22:49:24,112][INFO][epoch:132	loss:tensor(0.5621, device='cuda:0')]
[2019-03-21 22:49:25,677][INFO][epoch:133	loss:tensor(0.5897, device='cuda:0')]
[2019-03-21 22:49:27,293][INFO][epoch:134	loss:tensor(0.5603, device='cuda:0')]
[2019-03-21 22:49:28,865][INFO][epoch:135	loss:tensor(0.5802, device='cuda:0')]
[2019-03-21 22:49:30,441][INFO][epoch:136	loss:tensor(0.6123, device='cuda:0')]
[2019-03-21 22:49:32,049][INFO][epoch:137	loss:tensor(0.6491, device='cuda:0')]
[2019-03-21 22:49:33,630][INFO][epoch:138	loss:tensor(0.6352, device='cuda:0')]
[2019-03-21 22:49:35,193][INFO][epoch:139	loss:tensor(0.6131, device='cuda:0')]
[2019-03-21 22:49:36,809][INFO][epoch:140	loss:tensor(0.5384, device='cuda:0')]
[2019-03-21 22:49:37,517][WARNING][LCC:0.8496493]
[2019-03-21 22:49:37,517][WARNING][SROCC:0.80733293]
[2019-03-21 22:49:39,054][INFO][epoch:141	loss:tensor(0.6101, device='cuda:0')]
[2019-03-21 22:49:40,601][INFO][epoch:142	loss:tensor(0.5803, device='cuda:0')]
[2019-03-21 22:49:42,215][INFO][epoch:143	loss:tensor(0.5898, device='cuda:0')]
[2019-03-21 22:49:43,775][INFO][epoch:144	loss:tensor(0.6028, device='cuda:0')]
[2019-03-21 22:49:45,351][INFO][epoch:145	loss:tensor(0.6038, device='cuda:0')]
[2019-03-21 22:49:46,934][INFO][epoch:146	loss:tensor(0.6123, device='cuda:0')]
[2019-03-21 22:49:48,515][INFO][epoch:147	loss:tensor(0.5427, device='cuda:0')]
[2019-03-21 22:49:50,099][INFO][epoch:148	loss:tensor(0.5869, device='cuda:0')]
[2019-03-21 22:49:51,685][INFO][epoch:149	loss:tensor(0.5465, device='cuda:0')]
[2019-03-21 22:49:53,272][INFO][epoch:150	loss:tensor(0.5535, device='cuda:0')]
[2019-03-21 22:49:53,982][WARNING][LCC:0.85532904]
[2019-03-21 22:49:53,982][WARNING][SROCC:0.82918024]
[2019-03-21 22:49:53,982][WARNING][Model saved]
[2019-03-21 22:49:55,544][INFO][epoch:151	loss:tensor(0.5326, device='cuda:0')]
[2019-03-21 22:49:57,165][INFO][epoch:152	loss:tensor(0.5409, device='cuda:0')]
[2019-03-21 22:49:58,721][INFO][epoch:153	loss:tensor(0.6460, device='cuda:0')]
[2019-03-21 22:50:00,306][INFO][epoch:154	loss:tensor(0.5978, device='cuda:0')]
[2019-03-21 22:50:01,902][INFO][epoch:155	loss:tensor(0.5838, device='cuda:0')]
[2019-03-21 22:50:03,490][INFO][epoch:156	loss:tensor(0.5996, device='cuda:0')]
[2019-03-21 22:50:05,034][INFO][epoch:157	loss:tensor(0.5738, device='cuda:0')]
[2019-03-21 22:50:06,627][INFO][epoch:158	loss:tensor(0.5451, device='cuda:0')]
[2019-03-21 22:50:08,203][INFO][epoch:159	loss:tensor(0.4907, device='cuda:0')]
[2019-03-21 22:50:09,756][INFO][epoch:160	loss:tensor(0.5633, device='cuda:0')]
[2019-03-21 22:50:10,496][WARNING][LCC:0.8671669]
[2019-03-21 22:50:10,496][WARNING][SROCC:0.83433604]
[2019-03-21 22:50:12,039][INFO][epoch:161	loss:tensor(0.5845, device='cuda:0')]
[2019-03-21 22:50:13,604][INFO][epoch:162	loss:tensor(0.5289, device='cuda:0')]
[2019-03-21 22:50:15,195][INFO][epoch:163	loss:tensor(0.4984, device='cuda:0')]
[2019-03-21 22:50:16,752][INFO][epoch:164	loss:tensor(0.5524, device='cuda:0')]
[2019-03-21 22:50:18,308][INFO][epoch:165	loss:tensor(0.5425, device='cuda:0')]
[2019-03-21 22:50:19,899][INFO][epoch:166	loss:tensor(0.4942, device='cuda:0')]
[2019-03-21 22:50:21,476][INFO][epoch:167	loss:tensor(0.5437, device='cuda:0')]
[2019-03-21 22:50:23,075][INFO][epoch:168	loss:tensor(0.5421, device='cuda:0')]
[2019-03-21 22:50:24,663][INFO][epoch:169	loss:tensor(0.4803, device='cuda:0')]
[2019-03-21 22:50:26,234][INFO][epoch:170	loss:tensor(0.5048, device='cuda:0')]
[2019-03-21 22:50:26,928][WARNING][LCC:0.8664641]
[2019-03-21 22:50:26,929][WARNING][SROCC:0.83237416]
[2019-03-21 22:50:28,449][INFO][epoch:171	loss:tensor(0.5134, device='cuda:0')]
[2019-03-21 22:50:30,007][INFO][epoch:172	loss:tensor(0.5547, device='cuda:0')]
