[2019-03-15 17:15:30,421][WARNING][Model:Try ResNet.]
[2019-03-15 17:15:33,718][INFO][epoch:0	loss:tensor(16.9813, device='cuda:0')]
[2019-03-15 17:15:35,369][INFO][epoch:1	loss:tensor(2.5800, device='cuda:0')]
[2019-03-15 17:15:37,030][INFO][epoch:2	loss:tensor(2.5177, device='cuda:0')]
[2019-03-15 17:15:38,697][INFO][epoch:3	loss:tensor(2.9797, device='cuda:0')]
[2019-03-15 17:15:40,372][INFO][epoch:4	loss:tensor(2.4477, device='cuda:0')]
[2019-03-15 17:15:42,009][INFO][epoch:5	loss:tensor(2.1084, device='cuda:0')]
[2019-03-15 17:15:43,675][INFO][epoch:6	loss:tensor(2.0277, device='cuda:0')]
[2019-03-15 17:15:45,325][INFO][epoch:7	loss:tensor(1.7101, device='cuda:0')]
[2019-03-15 17:15:46,998][INFO][epoch:8	loss:tensor(1.6464, device='cuda:0')]
[2019-03-15 17:15:48,662][INFO][epoch:9	loss:tensor(1.6290, device='cuda:0')]
[2019-03-15 17:15:50,340][INFO][epoch:10	loss:tensor(1.2899, device='cuda:0')]
[2019-03-15 17:15:51,100][WARNING][LCC:0.6385817]
[2019-03-15 17:15:51,100][WARNING][SROCC:0.6307804]
[2019-03-15 17:15:52,690][INFO][epoch:11	loss:tensor(1.6386, device='cuda:0')]
[2019-03-15 17:15:54,337][INFO][epoch:12	loss:tensor(1.5344, device='cuda:0')]
[2019-03-15 17:15:55,968][INFO][epoch:13	loss:tensor(1.3753, device='cuda:0')]
[2019-03-15 17:15:57,629][INFO][epoch:14	loss:tensor(1.4283, device='cuda:0')]
[2019-03-15 17:15:59,297][INFO][epoch:15	loss:tensor(1.2910, device='cuda:0')]
[2019-03-15 17:16:00,911][INFO][epoch:16	loss:tensor(1.4236, device='cuda:0')]
[2019-03-15 17:16:02,561][INFO][epoch:17	loss:tensor(1.3695, device='cuda:0')]
[2019-03-15 17:16:04,197][INFO][epoch:18	loss:tensor(1.3838, device='cuda:0')]
[2019-03-15 17:16:05,826][INFO][epoch:19	loss:tensor(1.2959, device='cuda:0')]
[2019-03-15 17:16:07,473][INFO][epoch:20	loss:tensor(1.1860, device='cuda:0')]
[2019-03-15 17:16:08,236][WARNING][LCC:0.6800203]
[2019-03-15 17:16:08,236][WARNING][SROCC:0.66595]
[2019-03-15 17:16:09,820][INFO][epoch:21	loss:tensor(1.2949, device='cuda:0')]
[2019-03-15 17:16:11,435][INFO][epoch:22	loss:tensor(1.2305, device='cuda:0')]
[2019-03-15 17:16:13,095][INFO][epoch:23	loss:tensor(1.2837, device='cuda:0')]
[2019-03-15 17:16:14,725][INFO][epoch:24	loss:tensor(1.2548, device='cuda:0')]
[2019-03-15 17:16:16,364][INFO][epoch:25	loss:tensor(1.1752, device='cuda:0')]
[2019-03-15 17:16:18,031][INFO][epoch:26	loss:tensor(1.1743, device='cuda:0')]
[2019-03-15 17:16:19,679][INFO][epoch:27	loss:tensor(1.1458, device='cuda:0')]
[2019-03-15 17:16:21,311][INFO][epoch:28	loss:tensor(1.1695, device='cuda:0')]
[2019-03-15 17:16:22,942][INFO][epoch:29	loss:tensor(1.3573, device='cuda:0')]
[2019-03-15 17:16:24,581][INFO][epoch:30	loss:tensor(1.2190, device='cuda:0')]
[2019-03-15 17:16:25,342][WARNING][LCC:0.6798465]
[2019-03-15 17:16:25,342][WARNING][SROCC:0.6601694]
[2019-03-15 17:16:26,936][INFO][epoch:31	loss:tensor(1.0829, device='cuda:0')]
[2019-03-15 17:16:28,571][INFO][epoch:32	loss:tensor(1.0535, device='cuda:0')]
[2019-03-15 17:16:30,221][INFO][epoch:33	loss:tensor(1.1560, device='cuda:0')]
[2019-03-15 17:16:31,844][INFO][epoch:34	loss:tensor(1.0997, device='cuda:0')]
[2019-03-15 17:16:33,486][INFO][epoch:35	loss:tensor(1.0953, device='cuda:0')]
[2019-03-15 17:16:35,117][INFO][epoch:36	loss:tensor(1.1337, device='cuda:0')]
[2019-03-15 17:16:36,766][INFO][epoch:37	loss:tensor(1.0931, device='cuda:0')]
[2019-03-15 17:16:38,392][INFO][epoch:38	loss:tensor(0.9903, device='cuda:0')]
[2019-03-15 17:16:40,027][INFO][epoch:39	loss:tensor(1.0328, device='cuda:0')]
[2019-03-15 17:16:41,656][INFO][epoch:40	loss:tensor(1.1188, device='cuda:0')]
[2019-03-15 17:16:42,421][WARNING][LCC:0.74134696]
[2019-03-15 17:16:42,422][WARNING][SROCC:0.72150546]
[2019-03-15 17:16:44,017][INFO][epoch:41	loss:tensor(1.0507, device='cuda:0')]
[2019-03-15 17:16:45,647][INFO][epoch:42	loss:tensor(1.0500, device='cuda:0')]
[2019-03-15 17:16:47,268][INFO][epoch:43	loss:tensor(1.0261, device='cuda:0')]
[2019-03-15 17:16:48,923][INFO][epoch:44	loss:tensor(1.0299, device='cuda:0')]
[2019-03-15 17:16:50,576][INFO][epoch:45	loss:tensor(0.9846, device='cuda:0')]
[2019-03-15 17:16:52,188][INFO][epoch:46	loss:tensor(0.9613, device='cuda:0')]
[2019-03-15 17:16:53,823][INFO][epoch:47	loss:tensor(1.0951, device='cuda:0')]
[2019-03-15 17:16:55,488][INFO][epoch:48	loss:tensor(1.0983, device='cuda:0')]
[2019-03-15 17:16:57,102][INFO][epoch:49	loss:tensor(0.9878, device='cuda:0')]
[2019-03-15 17:16:58,761][INFO][epoch:50	loss:tensor(1.0828, device='cuda:0')]
[2019-03-15 17:16:59,535][WARNING][LCC:0.7070647]
[2019-03-15 17:16:59,536][WARNING][SROCC:0.68491423]
[2019-03-15 17:16:59,536][WARNING][Model saved]
[2019-03-15 17:17:01,232][INFO][epoch:51	loss:tensor(0.9409, device='cuda:0')]
[2019-03-15 17:17:02,912][INFO][epoch:52	loss:tensor(1.1055, device='cuda:0')]
[2019-03-15 17:17:04,549][INFO][epoch:53	loss:tensor(0.9587, device='cuda:0')]
[2019-03-15 17:17:06,193][INFO][epoch:54	loss:tensor(1.0300, device='cuda:0')]
[2019-03-15 17:17:07,833][INFO][epoch:55	loss:tensor(0.9618, device='cuda:0')]
[2019-03-15 17:17:09,505][INFO][epoch:56	loss:tensor(0.9889, device='cuda:0')]
[2019-03-15 17:17:11,089][INFO][epoch:57	loss:tensor(0.9593, device='cuda:0')]
[2019-03-15 17:17:12,664][INFO][epoch:58	loss:tensor(0.9759, device='cuda:0')]
[2019-03-15 17:17:14,243][INFO][epoch:59	loss:tensor(0.9431, device='cuda:0')]
[2019-03-15 17:17:15,814][INFO][epoch:60	loss:tensor(0.9992, device='cuda:0')]
[2019-03-15 17:17:16,529][WARNING][LCC:0.74008733]
[2019-03-15 17:17:16,529][WARNING][SROCC:0.7046896]
[2019-03-15 17:17:18,069][INFO][epoch:61	loss:tensor(0.9268, device='cuda:0')]
[2019-03-15 17:17:19,683][INFO][epoch:62	loss:tensor(0.9171, device='cuda:0')]
[2019-03-15 17:17:21,269][INFO][epoch:63	loss:tensor(0.8850, device='cuda:0')]
[2019-03-15 17:17:22,868][INFO][epoch:64	loss:tensor(0.9521, device='cuda:0')]
[2019-03-15 17:17:24,450][INFO][epoch:65	loss:tensor(0.8150, device='cuda:0')]
[2019-03-15 17:17:26,039][INFO][epoch:66	loss:tensor(0.8817, device='cuda:0')]
[2019-03-15 17:17:27,603][INFO][epoch:67	loss:tensor(0.9517, device='cuda:0')]
[2019-03-15 17:17:29,201][INFO][epoch:68	loss:tensor(0.8970, device='cuda:0')]
[2019-03-15 17:17:30,789][INFO][epoch:69	loss:tensor(0.8746, device='cuda:0')]
[2019-03-15 17:17:32,355][INFO][epoch:70	loss:tensor(0.8463, device='cuda:0')]
[2019-03-15 17:17:33,072][WARNING][LCC:0.76460135]
[2019-03-15 17:17:33,072][WARNING][SROCC:0.7140068]
[2019-03-15 17:17:34,612][INFO][epoch:71	loss:tensor(0.9093, device='cuda:0')]
[2019-03-15 17:17:36,174][INFO][epoch:72	loss:tensor(0.8407, device='cuda:0')]
[2019-03-15 17:17:37,764][INFO][epoch:73	loss:tensor(0.9107, device='cuda:0')]
[2019-03-15 17:17:39,353][INFO][epoch:74	loss:tensor(0.9280, device='cuda:0')]
[2019-03-15 17:17:40,922][INFO][epoch:75	loss:tensor(0.8845, device='cuda:0')]
[2019-03-15 17:17:42,494][INFO][epoch:76	loss:tensor(0.8279, device='cuda:0')]
[2019-03-15 17:17:44,075][INFO][epoch:77	loss:tensor(0.8438, device='cuda:0')]
[2019-03-15 17:17:45,669][INFO][epoch:78	loss:tensor(0.8005, device='cuda:0')]
[2019-03-15 17:17:47,248][INFO][epoch:79	loss:tensor(0.8329, device='cuda:0')]
[2019-03-15 17:17:48,829][INFO][epoch:80	loss:tensor(0.8006, device='cuda:0')]
[2019-03-15 17:17:49,554][WARNING][LCC:0.7502725]
[2019-03-15 17:17:49,554][WARNING][SROCC:0.707007]
[2019-03-15 17:17:51,080][INFO][epoch:81	loss:tensor(0.7712, device='cuda:0')]
[2019-03-15 17:17:52,657][INFO][epoch:82	loss:tensor(0.8744, device='cuda:0')]
[2019-03-15 17:17:54,232][INFO][epoch:83	loss:tensor(0.8520, device='cuda:0')]
[2019-03-15 17:17:55,800][INFO][epoch:84	loss:tensor(0.8608, device='cuda:0')]
[2019-03-15 17:17:57,391][INFO][epoch:85	loss:tensor(0.8263, device='cuda:0')]
[2019-03-15 17:17:58,957][INFO][epoch:86	loss:tensor(0.8704, device='cuda:0')]
[2019-03-15 17:18:00,560][INFO][epoch:87	loss:tensor(0.8232, device='cuda:0')]
[2019-03-15 17:18:02,144][INFO][epoch:88	loss:tensor(0.8622, device='cuda:0')]
[2019-03-15 17:18:03,728][INFO][epoch:89	loss:tensor(0.7516, device='cuda:0')]
[2019-03-15 17:18:05,323][INFO][epoch:90	loss:tensor(0.8951, device='cuda:0')]
[2019-03-15 17:18:06,035][WARNING][LCC:0.81253123]
[2019-03-15 17:18:06,035][WARNING][SROCC:0.7694459]
[2019-03-15 17:18:07,580][INFO][epoch:91	loss:tensor(0.7713, device='cuda:0')]
[2019-03-15 17:18:09,152][INFO][epoch:92	loss:tensor(0.7735, device='cuda:0')]
[2019-03-15 17:18:10,744][INFO][epoch:93	loss:tensor(0.7873, device='cuda:0')]
[2019-03-15 17:18:12,323][INFO][epoch:94	loss:tensor(0.8474, device='cuda:0')]
[2019-03-15 17:18:13,904][INFO][epoch:95	loss:tensor(0.7776, device='cuda:0')]
[2019-03-15 17:18:15,481][INFO][epoch:96	loss:tensor(0.7802, device='cuda:0')]
[2019-03-15 17:18:17,082][INFO][epoch:97	loss:tensor(0.7143, device='cuda:0')]
[2019-03-15 17:18:18,645][INFO][epoch:98	loss:tensor(0.8080, device='cuda:0')]
[2019-03-15 17:18:20,235][INFO][epoch:99	loss:tensor(0.7802, device='cuda:0')]
[2019-03-15 17:18:21,814][INFO][epoch:100	loss:tensor(0.7460, device='cuda:0')]
[2019-03-15 17:18:22,524][WARNING][LCC:0.7960794]
[2019-03-15 17:18:22,524][WARNING][SROCC:0.7703496]
[2019-03-15 17:18:22,525][WARNING][Model saved]
[2019-03-15 17:18:24,099][INFO][epoch:101	loss:tensor(0.6786, device='cuda:0')]
[2019-03-15 17:18:25,700][INFO][epoch:102	loss:tensor(0.7170, device='cuda:0')]
[2019-03-15 17:18:27,273][INFO][epoch:103	loss:tensor(0.7299, device='cuda:0')]
[2019-03-15 17:18:28,848][INFO][epoch:104	loss:tensor(0.7731, device='cuda:0')]
[2019-03-15 17:18:30,430][INFO][epoch:105	loss:tensor(0.7280, device='cuda:0')]
[2019-03-15 17:18:31,962][INFO][epoch:106	loss:tensor(0.7473, device='cuda:0')]
[2019-03-15 17:18:33,544][INFO][epoch:107	loss:tensor(0.7595, device='cuda:0')]
[2019-03-15 17:18:35,126][INFO][epoch:108	loss:tensor(0.7202, device='cuda:0')]
[2019-03-15 17:18:36,715][INFO][epoch:109	loss:tensor(0.7390, device='cuda:0')]
[2019-03-15 17:18:38,288][INFO][epoch:110	loss:tensor(0.7112, device='cuda:0')]
[2019-03-15 17:18:39,004][WARNING][LCC:0.7733889]
[2019-03-15 17:18:39,005][WARNING][SROCC:0.76299274]
[2019-03-15 17:18:40,552][INFO][epoch:111	loss:tensor(0.7029, device='cuda:0')]
[2019-03-15 17:18:42,112][INFO][epoch:112	loss:tensor(0.7260, device='cuda:0')]
[2019-03-15 17:18:43,688][INFO][epoch:113	loss:tensor(0.6825, device='cuda:0')]
[2019-03-15 17:18:45,273][INFO][epoch:114	loss:tensor(0.7344, device='cuda:0')]
[2019-03-15 17:18:46,853][INFO][epoch:115	loss:tensor(0.6573, device='cuda:0')]
[2019-03-15 17:18:48,432][INFO][epoch:116	loss:tensor(0.6944, device='cuda:0')]
[2019-03-15 17:18:50,035][INFO][epoch:117	loss:tensor(0.7042, device='cuda:0')]
[2019-03-15 17:18:51,627][INFO][epoch:118	loss:tensor(0.7363, device='cuda:0')]
[2019-03-15 17:18:53,214][INFO][epoch:119	loss:tensor(0.6089, device='cuda:0')]
[2019-03-15 17:18:54,780][INFO][epoch:120	loss:tensor(0.6894, device='cuda:0')]
[2019-03-15 17:18:55,517][WARNING][LCC:0.82316405]
[2019-03-15 17:18:55,517][WARNING][SROCC:0.790643]
[2019-03-15 17:18:57,040][INFO][epoch:121	loss:tensor(0.6971, device='cuda:0')]
[2019-03-15 17:18:58,613][INFO][epoch:122	loss:tensor(0.6712, device='cuda:0')]
[2019-03-15 17:19:00,200][INFO][epoch:123	loss:tensor(0.6882, device='cuda:0')]
[2019-03-15 17:19:01,771][INFO][epoch:124	loss:tensor(0.6960, device='cuda:0')]
[2019-03-15 17:19:03,343][INFO][epoch:125	loss:tensor(0.7816, device='cuda:0')]
[2019-03-15 17:19:04,919][INFO][epoch:126	loss:tensor(0.7633, device='cuda:0')]
[2019-03-15 17:19:06,521][INFO][epoch:127	loss:tensor(0.7074, device='cuda:0')]
[2019-03-15 17:19:08,084][INFO][epoch:128	loss:tensor(0.6902, device='cuda:0')]
[2019-03-15 17:19:09,687][INFO][epoch:129	loss:tensor(0.6756, device='cuda:0')]
[2019-03-15 17:19:11,247][INFO][epoch:130	loss:tensor(0.7016, device='cuda:0')]
[2019-03-15 17:19:11,939][WARNING][LCC:0.811611]
[2019-03-15 17:19:11,940][WARNING][SROCC:0.7735706]
[2019-03-15 17:19:13,472][INFO][epoch:131	loss:tensor(0.6677, device='cuda:0')]
[2019-03-15 17:19:15,032][INFO][epoch:132	loss:tensor(0.6541, device='cuda:0')]
[2019-03-15 17:19:16,628][INFO][epoch:133	loss:tensor(0.6197, device='cuda:0')]
[2019-03-15 17:19:18,191][INFO][epoch:134	loss:tensor(0.6370, device='cuda:0')]
[2019-03-15 17:19:19,757][INFO][epoch:135	loss:tensor(0.7265, device='cuda:0')]
[2019-03-15 17:19:21,344][INFO][epoch:136	loss:tensor(0.6070, device='cuda:0')]
[2019-03-15 17:19:22,930][INFO][epoch:137	loss:tensor(0.6690, device='cuda:0')]
[2019-03-15 17:19:24,481][INFO][epoch:138	loss:tensor(0.6215, device='cuda:0')]
[2019-03-15 17:19:26,074][INFO][epoch:139	loss:tensor(0.6362, device='cuda:0')]
[2019-03-15 17:19:27,659][INFO][epoch:140	loss:tensor(0.6603, device='cuda:0')]
[2019-03-15 17:19:28,355][WARNING][LCC:0.7987607]
[2019-03-15 17:19:28,356][WARNING][SROCC:0.75095344]
[2019-03-15 17:19:29,879][INFO][epoch:141	loss:tensor(0.7400, device='cuda:0')]
[2019-03-15 17:19:31,462][INFO][epoch:142	loss:tensor(0.6312, device='cuda:0')]
[2019-03-15 17:19:33,048][INFO][epoch:143	loss:tensor(0.6483, device='cuda:0')]
[2019-03-15 17:19:34,606][INFO][epoch:144	loss:tensor(0.6739, device='cuda:0')]
[2019-03-15 17:19:36,195][INFO][epoch:145	loss:tensor(0.6267, device='cuda:0')]
[2019-03-15 17:19:37,761][INFO][epoch:146	loss:tensor(0.5658, device='cuda:0')]
[2019-03-15 17:19:39,343][INFO][epoch:147	loss:tensor(0.6070, device='cuda:0')]
[2019-03-15 17:19:40,938][INFO][epoch:148	loss:tensor(0.6402, device='cuda:0')]
[2019-03-15 17:19:42,500][INFO][epoch:149	loss:tensor(0.6554, device='cuda:0')]
[2019-03-15 17:19:44,080][INFO][epoch:150	loss:tensor(0.6549, device='cuda:0')]
[2019-03-15 17:19:44,785][WARNING][LCC:0.8222987]
[2019-03-15 17:19:44,786][WARNING][SROCC:0.7896469]
[2019-03-15 17:19:44,786][WARNING][Model saved]
[2019-03-15 17:19:46,368][INFO][epoch:151	loss:tensor(0.6072, device='cuda:0')]
[2019-03-15 17:19:47,962][INFO][epoch:152	loss:tensor(0.6147, device='cuda:0')]
[2019-03-15 17:19:49,545][INFO][epoch:153	loss:tensor(0.5792, device='cuda:0')]
[2019-03-15 17:19:51,114][INFO][epoch:154	loss:tensor(0.5814, device='cuda:0')]
[2019-03-15 17:19:52,693][INFO][epoch:155	loss:tensor(0.5760, device='cuda:0')]
[2019-03-15 17:19:54,281][INFO][epoch:156	loss:tensor(0.5782, device='cuda:0')]
[2019-03-15 17:19:55,859][INFO][epoch:157	loss:tensor(0.6148, device='cuda:0')]
[2019-03-15 17:19:57,468][INFO][epoch:158	loss:tensor(0.6188, device='cuda:0')]
[2019-03-15 17:19:59,057][INFO][epoch:159	loss:tensor(0.6074, device='cuda:0')]
[2019-03-15 17:20:00,646][INFO][epoch:160	loss:tensor(0.5987, device='cuda:0')]
[2019-03-15 17:20:01,369][WARNING][LCC:0.84274244]
[2019-03-15 17:20:01,369][WARNING][SROCC:0.8225789]
[2019-03-15 17:20:02,896][INFO][epoch:161	loss:tensor(0.5792, device='cuda:0')]
[2019-03-15 17:20:04,476][INFO][epoch:162	loss:tensor(0.5511, device='cuda:0')]
[2019-03-15 17:20:06,076][INFO][epoch:163	loss:tensor(0.5734, device='cuda:0')]
[2019-03-15 17:20:07,647][INFO][epoch:164	loss:tensor(0.6011, device='cuda:0')]
[2019-03-15 17:20:09,215][INFO][epoch:165	loss:tensor(0.6193, device='cuda:0')]
[2019-03-15 17:20:10,786][INFO][epoch:166	loss:tensor(0.5465, device='cuda:0')]
[2019-03-15 17:20:12,381][INFO][epoch:167	loss:tensor(0.5310, device='cuda:0')]
[2019-03-15 17:20:13,958][INFO][epoch:168	loss:tensor(0.5987, device='cuda:0')]
[2019-03-15 17:20:15,531][INFO][epoch:169	loss:tensor(0.6445, device='cuda:0')]
[2019-03-15 17:20:17,119][INFO][epoch:170	loss:tensor(0.5426, device='cuda:0')]
[2019-03-15 17:20:17,833][WARNING][LCC:0.8145282]
[2019-03-15 17:20:17,833][WARNING][SROCC:0.7787312]
[2019-03-15 17:20:19,355][INFO][epoch:171	loss:tensor(0.5265, device='cuda:0')]
[2019-03-15 17:20:20,934][INFO][epoch:172	loss:tensor(0.5724, device='cuda:0')]
[2019-03-15 17:20:22,570][INFO][epoch:173	loss:tensor(0.5781, device='cuda:0')]
[2019-03-15 17:20:24,124][INFO][epoch:174	loss:tensor(0.5694, device='cuda:0')]
[2019-03-15 17:20:25,723][INFO][epoch:175	loss:tensor(0.5177, device='cuda:0')]
[2019-03-15 17:20:27,300][INFO][epoch:176	loss:tensor(0.5243, device='cuda:0')]
[2019-03-15 17:20:28,908][INFO][epoch:177	loss:tensor(0.5603, device='cuda:0')]
[2019-03-15 17:20:30,469][INFO][epoch:178	loss:tensor(0.5581, device='cuda:0')]
[2019-03-15 17:20:32,045][INFO][epoch:179	loss:tensor(0.5541, device='cuda:0')]
[2019-03-15 17:20:33,622][INFO][epoch:180	loss:tensor(0.5205, device='cuda:0')]
[2019-03-15 17:20:34,339][WARNING][LCC:0.8505936]
[2019-03-15 17:20:34,339][WARNING][SROCC:0.81918895]
[2019-03-15 17:20:35,859][INFO][epoch:181	loss:tensor(0.5383, device='cuda:0')]
[2019-03-15 17:20:37,449][INFO][epoch:182	loss:tensor(0.5632, device='cuda:0')]
[2019-03-15 17:20:39,035][INFO][epoch:183	loss:tensor(0.5286, device='cuda:0')]
[2019-03-15 17:20:40,603][INFO][epoch:184	loss:tensor(0.5166, device='cuda:0')]
[2019-03-15 17:20:42,201][INFO][epoch:185	loss:tensor(0.5636, device='cuda:0')]
[2019-03-15 17:20:43,783][INFO][epoch:186	loss:tensor(0.4801, device='cuda:0')]
[2019-03-15 17:20:45,375][INFO][epoch:187	loss:tensor(0.5094, device='cuda:0')]
[2019-03-15 17:20:46,951][INFO][epoch:188	loss:tensor(0.5344, device='cuda:0')]
[2019-03-15 17:20:48,540][INFO][epoch:189	loss:tensor(0.4936, device='cuda:0')]
[2019-03-15 17:20:50,116][INFO][epoch:190	loss:tensor(0.5463, device='cuda:0')]
[2019-03-15 17:20:50,820][WARNING][LCC:0.8483975]
[2019-03-15 17:20:50,821][WARNING][SROCC:0.8248277]
[2019-03-15 17:20:52,368][INFO][epoch:191	loss:tensor(0.5451, device='cuda:0')]
[2019-03-15 17:20:53,951][INFO][epoch:192	loss:tensor(0.5402, device='cuda:0')]
[2019-03-15 17:20:55,494][INFO][epoch:193	loss:tensor(0.5238, device='cuda:0')]
[2019-03-15 17:20:57,057][INFO][epoch:194	loss:tensor(0.5235, device='cuda:0')]
[2019-03-15 17:20:58,624][INFO][epoch:195	loss:tensor(0.4897, device='cuda:0')]
[2019-03-15 17:21:00,202][INFO][epoch:196	loss:tensor(0.4853, device='cuda:0')]
[2019-03-15 17:21:01,785][INFO][epoch:197	loss:tensor(0.4833, device='cuda:0')]
[2019-03-15 17:21:03,394][INFO][epoch:198	loss:tensor(0.5177, device='cuda:0')]
[2019-03-15 17:21:05,085][INFO][epoch:199	loss:tensor(0.5417, device='cuda:0')]
[2019-03-15 17:21:06,687][INFO][epoch:200	loss:tensor(0.5345, device='cuda:0')]
[2019-03-15 17:21:07,437][WARNING][LCC:0.8563066]
[2019-03-15 17:21:07,437][WARNING][SROCC:0.8313685]
[2019-03-15 17:21:07,437][WARNING][Model saved]
[2019-03-15 17:21:09,054][INFO][epoch:201	loss:tensor(0.5225, device='cuda:0')]
[2019-03-15 17:21:10,665][INFO][epoch:202	loss:tensor(0.4729, device='cuda:0')]
[2019-03-15 17:21:12,255][INFO][epoch:203	loss:tensor(0.5326, device='cuda:0')]
[2019-03-15 17:21:13,842][INFO][epoch:204	loss:tensor(0.5753, device='cuda:0')]
[2019-03-15 17:21:15,430][INFO][epoch:205	loss:tensor(0.5266, device='cuda:0')]
[2019-03-15 17:21:17,023][INFO][epoch:206	loss:tensor(0.5623, device='cuda:0')]
[2019-03-15 17:21:18,627][INFO][epoch:207	loss:tensor(0.5141, device='cuda:0')]
[2019-03-15 17:21:20,214][INFO][epoch:208	loss:tensor(0.4881, device='cuda:0')]
[2019-03-15 17:21:21,802][INFO][epoch:209	loss:tensor(0.4685, device='cuda:0')]
[2019-03-15 17:21:23,428][INFO][epoch:210	loss:tensor(0.4618, device='cuda:0')]
[2019-03-15 17:21:24,127][WARNING][LCC:0.85791403]
[2019-03-15 17:21:24,127][WARNING][SROCC:0.8281937]
[2019-03-15 17:21:25,670][INFO][epoch:211	loss:tensor(0.4691, device='cuda:0')]
[2019-03-15 17:21:27,258][INFO][epoch:212	loss:tensor(0.4436, device='cuda:0')]
[2019-03-15 17:21:28,849][INFO][epoch:213	loss:tensor(0.5026, device='cuda:0')]
[2019-03-15 17:21:30,438][INFO][epoch:214	loss:tensor(0.4583, device='cuda:0')]
[2019-03-15 17:21:32,040][INFO][epoch:215	loss:tensor(0.4822, device='cuda:0')]
[2019-03-15 17:21:33,628][INFO][epoch:216	loss:tensor(0.4859, device='cuda:0')]
[2019-03-15 17:21:35,238][INFO][epoch:217	loss:tensor(0.4704, device='cuda:0')]
[2019-03-15 17:21:36,806][INFO][epoch:218	loss:tensor(0.4902, device='cuda:0')]
[2019-03-15 17:21:38,410][INFO][epoch:219	loss:tensor(0.5102, device='cuda:0')]
[2019-03-15 17:21:40,008][INFO][epoch:220	loss:tensor(0.4509, device='cuda:0')]
[2019-03-15 17:21:40,725][WARNING][LCC:0.8415147]
[2019-03-15 17:21:40,725][WARNING][SROCC:0.8318418]
[2019-03-15 17:21:42,259][INFO][epoch:221	loss:tensor(0.4473, device='cuda:0')]
[2019-03-15 17:21:43,876][INFO][epoch:222	loss:tensor(0.4846, device='cuda:0')]
[2019-03-15 17:21:45,458][INFO][epoch:223	loss:tensor(0.4632, device='cuda:0')]
[2019-03-15 17:21:47,066][INFO][epoch:224	loss:tensor(0.4367, device='cuda:0')]
[2019-03-15 17:21:48,658][INFO][epoch:225	loss:tensor(0.4319, device='cuda:0')]
[2019-03-15 17:21:50,243][INFO][epoch:226	loss:tensor(0.4562, device='cuda:0')]
[2019-03-15 17:21:51,817][INFO][epoch:227	loss:tensor(0.4846, device='cuda:0')]
[2019-03-15 17:21:53,423][INFO][epoch:228	loss:tensor(0.4267, device='cuda:0')]
[2019-03-15 17:21:55,016][INFO][epoch:229	loss:tensor(0.4561, device='cuda:0')]
[2019-03-15 17:21:56,589][INFO][epoch:230	loss:tensor(0.4603, device='cuda:0')]
[2019-03-15 17:21:57,304][WARNING][LCC:0.8514764]
[2019-03-15 17:21:57,305][WARNING][SROCC:0.82894117]
[2019-03-15 17:21:58,870][INFO][epoch:231	loss:tensor(0.4461, device='cuda:0')]
[2019-03-15 17:22:00,460][INFO][epoch:232	loss:tensor(0.4853, device='cuda:0')]
[2019-03-15 17:22:02,035][INFO][epoch:233	loss:tensor(0.4612, device='cuda:0')]
[2019-03-15 17:22:03,632][INFO][epoch:234	loss:tensor(0.4500, device='cuda:0')]
[2019-03-15 17:22:05,220][INFO][epoch:235	loss:tensor(0.4552, device='cuda:0')]
[2019-03-15 17:22:06,795][INFO][epoch:236	loss:tensor(0.4966, device='cuda:0')]
[2019-03-15 17:22:08,384][INFO][epoch:237	loss:tensor(0.4228, device='cuda:0')]
[2019-03-15 17:22:10,006][INFO][epoch:238	loss:tensor(0.4329, device='cuda:0')]
[2019-03-15 17:22:11,588][INFO][epoch:239	loss:tensor(0.4243, device='cuda:0')]
[2019-03-15 17:22:13,193][INFO][epoch:240	loss:tensor(0.4642, device='cuda:0')]
[2019-03-15 17:22:13,924][WARNING][LCC:0.848358]
[2019-03-15 17:22:13,924][WARNING][SROCC:0.828879]
[2019-03-15 17:22:15,465][INFO][epoch:241	loss:tensor(0.4720, device='cuda:0')]
[2019-03-15 17:22:17,055][INFO][epoch:242	loss:tensor(0.4073, device='cuda:0')]
[2019-03-15 17:22:18,642][INFO][epoch:243	loss:tensor(0.4420, device='cuda:0')]
[2019-03-15 17:22:20,224][INFO][epoch:244	loss:tensor(0.4555, device='cuda:0')]
[2019-03-15 17:22:21,824][INFO][epoch:245	loss:tensor(0.4179, device='cuda:0')]
[2019-03-15 17:22:23,411][INFO][epoch:246	loss:tensor(0.4398, device='cuda:0')]
[2019-03-15 17:22:24,992][INFO][epoch:247	loss:tensor(0.4553, device='cuda:0')]
[2019-03-15 17:22:26,599][INFO][epoch:248	loss:tensor(0.5380, device='cuda:0')]
[2019-03-15 17:22:28,192][INFO][epoch:249	loss:tensor(0.4418, device='cuda:0')]
[2019-03-15 17:22:29,790][INFO][epoch:250	loss:tensor(0.4462, device='cuda:0')]
[2019-03-15 17:22:30,506][WARNING][LCC:0.8660382]
[2019-03-15 17:22:30,506][WARNING][SROCC:0.84578407]
[2019-03-15 17:22:30,506][WARNING][Model saved]
[2019-03-15 17:22:32,077][INFO][epoch:251	loss:tensor(0.4359, device='cuda:0')]
[2019-03-15 17:22:33,660][INFO][epoch:252	loss:tensor(0.4300, device='cuda:0')]
[2019-03-15 17:22:35,256][INFO][epoch:253	loss:tensor(0.4287, device='cuda:0')]
[2019-03-15 17:22:36,848][INFO][epoch:254	loss:tensor(0.4552, device='cuda:0')]
[2019-03-15 17:22:38,455][INFO][epoch:255	loss:tensor(0.4021, device='cuda:0')]
[2019-03-15 17:22:40,038][INFO][epoch:256	loss:tensor(0.4194, device='cuda:0')]
[2019-03-15 17:22:41,610][INFO][epoch:257	loss:tensor(0.3760, device='cuda:0')]
[2019-03-15 17:22:43,212][INFO][epoch:258	loss:tensor(0.4394, device='cuda:0')]
[2019-03-15 17:22:44,789][INFO][epoch:259	loss:tensor(0.4355, device='cuda:0')]
[2019-03-15 17:22:46,366][INFO][epoch:260	loss:tensor(0.4307, device='cuda:0')]
[2019-03-15 17:22:47,066][WARNING][LCC:0.87955284]
[2019-03-15 17:22:47,066][WARNING][SROCC:0.85901713]
[2019-03-15 17:22:48,612][INFO][epoch:261	loss:tensor(0.4044, device='cuda:0')]
[2019-03-15 17:22:50,203][INFO][epoch:262	loss:tensor(0.4619, device='cuda:0')]
[2019-03-15 17:22:51,781][INFO][epoch:263	loss:tensor(0.4333, device='cuda:0')]
[2019-03-15 17:22:53,360][INFO][epoch:264	loss:tensor(0.4208, device='cuda:0')]
[2019-03-15 17:22:54,952][INFO][epoch:265	loss:tensor(0.4810, device='cuda:0')]
[2019-03-15 17:22:56,536][INFO][epoch:266	loss:tensor(0.4472, device='cuda:0')]
[2019-03-15 17:22:58,114][INFO][epoch:267	loss:tensor(0.4053, device='cuda:0')]
[2019-03-15 17:22:59,698][INFO][epoch:268	loss:tensor(0.4021, device='cuda:0')]
[2019-03-15 17:23:01,282][INFO][epoch:269	loss:tensor(0.4003, device='cuda:0')]
[2019-03-15 17:23:02,848][INFO][epoch:270	loss:tensor(0.4358, device='cuda:0')]
[2019-03-15 17:23:03,546][WARNING][LCC:0.8600087]
[2019-03-15 17:23:03,546][WARNING][SROCC:0.8396369]
[2019-03-15 17:23:05,093][INFO][epoch:271	loss:tensor(0.4352, device='cuda:0')]
[2019-03-15 17:23:06,666][INFO][epoch:272	loss:tensor(0.4378, device='cuda:0')]
[2019-03-15 17:23:08,261][INFO][epoch:273	loss:tensor(0.4232, device='cuda:0')]
[2019-03-15 17:23:09,837][INFO][epoch:274	loss:tensor(0.4085, device='cuda:0')]
[2019-03-15 17:23:11,415][INFO][epoch:275	loss:tensor(0.3853, device='cuda:0')]
[2019-03-15 17:23:12,998][INFO][epoch:276	loss:tensor(0.4147, device='cuda:0')]
[2019-03-15 17:23:14,600][INFO][epoch:277	loss:tensor(0.4052, device='cuda:0')]
[2019-03-15 17:23:16,185][INFO][epoch:278	loss:tensor(0.4092, device='cuda:0')]
[2019-03-15 17:23:17,758][INFO][epoch:279	loss:tensor(0.3650, device='cuda:0')]
[2019-03-15 17:23:19,331][INFO][epoch:280	loss:tensor(0.4111, device='cuda:0')]
[2019-03-15 17:23:20,034][WARNING][LCC:0.8704381]
[2019-03-15 17:23:20,035][WARNING][SROCC:0.84957564]
[2019-03-15 17:23:21,560][INFO][epoch:281	loss:tensor(0.3875, device='cuda:0')]
[2019-03-15 17:23:23,136][INFO][epoch:282	loss:tensor(0.3853, device='cuda:0')]
[2019-03-15 17:23:24,713][INFO][epoch:283	loss:tensor(0.3756, device='cuda:0')]
[2019-03-15 17:23:26,308][INFO][epoch:284	loss:tensor(0.3680, device='cuda:0')]
[2019-03-15 17:23:27,864][INFO][epoch:285	loss:tensor(0.3879, device='cuda:0')]
[2019-03-15 17:23:29,452][INFO][epoch:286	loss:tensor(0.4274, device='cuda:0')]
[2019-03-15 17:23:31,032][INFO][epoch:287	loss:tensor(0.3993, device='cuda:0')]
[2019-03-15 17:23:32,605][INFO][epoch:288	loss:tensor(0.3549, device='cuda:0')]
[2019-03-15 17:23:34,180][INFO][epoch:289	loss:tensor(0.4406, device='cuda:0')]
[2019-03-15 17:23:35,780][INFO][epoch:290	loss:tensor(0.4136, device='cuda:0')]
[2019-03-15 17:23:36,478][WARNING][LCC:0.84963536]
[2019-03-15 17:23:36,478][WARNING][SROCC:0.82222986]
[2019-03-15 17:23:38,004][INFO][epoch:291	loss:tensor(0.4147, device='cuda:0')]
[2019-03-15 17:23:39,591][INFO][epoch:292	loss:tensor(0.3972, device='cuda:0')]
[2019-03-15 17:23:41,168][INFO][epoch:293	loss:tensor(0.4023, device='cuda:0')]
[2019-03-15 17:23:42,751][INFO][epoch:294	loss:tensor(0.3670, device='cuda:0')]
[2019-03-15 17:23:44,335][INFO][epoch:295	loss:tensor(0.4001, device='cuda:0')]
[2019-03-15 17:23:45,913][INFO][epoch:296	loss:tensor(0.4078, device='cuda:0')]
[2019-03-15 17:23:47,491][INFO][epoch:297	loss:tensor(0.3732, device='cuda:0')]
[2019-03-15 17:23:49,067][INFO][epoch:298	loss:tensor(0.4013, device='cuda:0')]
[2019-03-15 17:23:50,656][INFO][epoch:299	loss:tensor(0.3633, device='cuda:0')]
[2019-03-15 17:23:52,223][INFO][epoch:300	loss:tensor(0.3832, device='cuda:0')]
[2019-03-15 17:23:52,930][WARNING][LCC:0.87636155]
[2019-03-15 17:23:52,930][WARNING][SROCC:0.8599606]
[2019-03-15 17:23:52,931][WARNING][Model saved]
[2019-03-15 17:23:54,507][INFO][epoch:301	loss:tensor(0.3856, device='cuda:0')]
[2019-03-15 17:23:56,095][INFO][epoch:302	loss:tensor(0.3831, device='cuda:0')]
[2019-03-15 17:23:57,670][INFO][epoch:303	loss:tensor(0.3823, device='cuda:0')]
[2019-03-15 17:23:59,242][INFO][epoch:304	loss:tensor(0.3991, device='cuda:0')]
[2019-03-15 17:24:00,812][INFO][epoch:305	loss:tensor(0.4072, device='cuda:0')]
[2019-03-15 17:24:02,388][INFO][epoch:306	loss:tensor(0.3928, device='cuda:0')]
[2019-03-15 17:24:03,951][INFO][epoch:307	loss:tensor(0.3763, device='cuda:0')]
[2019-03-15 17:24:05,544][INFO][epoch:308	loss:tensor(0.4054, device='cuda:0')]
[2019-03-15 17:24:07,112][INFO][epoch:309	loss:tensor(0.3696, device='cuda:0')]
[2019-03-15 17:24:08,688][INFO][epoch:310	loss:tensor(0.3875, device='cuda:0')]
[2019-03-15 17:24:09,381][WARNING][LCC:0.88774925]
[2019-03-15 17:24:09,381][WARNING][SROCC:0.86200863]
[2019-03-15 17:24:10,932][INFO][epoch:311	loss:tensor(0.3805, device='cuda:0')]
[2019-03-15 17:24:12,490][INFO][epoch:312	loss:tensor(0.4180, device='cuda:0')]
[2019-03-15 17:24:14,082][INFO][epoch:313	loss:tensor(0.3810, device='cuda:0')]
[2019-03-15 17:24:15,680][INFO][epoch:314	loss:tensor(0.3961, device='cuda:0')]
[2019-03-15 17:24:17,298][INFO][epoch:315	loss:tensor(0.3965, device='cuda:0')]
[2019-03-15 17:24:18,890][INFO][epoch:316	loss:tensor(0.4033, device='cuda:0')]
[2019-03-15 17:24:20,477][INFO][epoch:317	loss:tensor(0.3708, device='cuda:0')]
[2019-03-15 17:24:22,048][INFO][epoch:318	loss:tensor(0.3524, device='cuda:0')]
[2019-03-15 17:24:23,640][INFO][epoch:319	loss:tensor(0.3458, device='cuda:0')]
[2019-03-15 17:24:25,216][INFO][epoch:320	loss:tensor(0.3774, device='cuda:0')]
[2019-03-15 17:24:25,932][WARNING][LCC:0.89616627]
[2019-03-15 17:24:25,933][WARNING][SROCC:0.8765326]
[2019-03-15 17:24:27,472][INFO][epoch:321	loss:tensor(0.3454, device='cuda:0')]
[2019-03-15 17:24:29,055][INFO][epoch:322	loss:tensor(0.3458, device='cuda:0')]
[2019-03-15 17:24:30,610][INFO][epoch:323	loss:tensor(0.3658, device='cuda:0')]
[2019-03-15 17:24:32,194][INFO][epoch:324	loss:tensor(0.3963, device='cuda:0')]
[2019-03-15 17:24:33,764][INFO][epoch:325	loss:tensor(0.3518, device='cuda:0')]
[2019-03-15 17:24:35,351][INFO][epoch:326	loss:tensor(0.3587, device='cuda:0')]
[2019-03-15 17:24:36,928][INFO][epoch:327	loss:tensor(0.3477, device='cuda:0')]
[2019-03-15 17:24:38,497][INFO][epoch:328	loss:tensor(0.4113, device='cuda:0')]
[2019-03-15 17:24:40,080][INFO][epoch:329	loss:tensor(0.3594, device='cuda:0')]
[2019-03-15 17:24:41,661][INFO][epoch:330	loss:tensor(0.3586, device='cuda:0')]
[2019-03-15 17:24:42,364][WARNING][LCC:0.8788732]
[2019-03-15 17:24:42,364][WARNING][SROCC:0.8553706]
[2019-03-15 17:24:43,889][INFO][epoch:331	loss:tensor(0.3669, device='cuda:0')]
[2019-03-15 17:24:45,477][INFO][epoch:332	loss:tensor(0.3825, device='cuda:0')]
[2019-03-15 17:24:47,070][INFO][epoch:333	loss:tensor(0.3687, device='cuda:0')]
[2019-03-15 17:24:48,611][INFO][epoch:334	loss:tensor(0.3711, device='cuda:0')]
[2019-03-15 17:24:50,187][INFO][epoch:335	loss:tensor(0.3578, device='cuda:0')]
[2019-03-15 17:24:51,799][INFO][epoch:336	loss:tensor(0.3943, device='cuda:0')]
[2019-03-15 17:24:53,352][INFO][epoch:337	loss:tensor(0.3707, device='cuda:0')]
[2019-03-15 17:24:54,927][INFO][epoch:338	loss:tensor(0.3591, device='cuda:0')]
[2019-03-15 17:24:56,520][INFO][epoch:339	loss:tensor(0.3458, device='cuda:0')]
[2019-03-15 17:24:58,104][INFO][epoch:340	loss:tensor(0.3539, device='cuda:0')]
[2019-03-15 17:24:58,823][WARNING][LCC:0.89247876]
[2019-03-15 17:24:58,823][WARNING][SROCC:0.88171715]
[2019-03-15 17:25:00,346][INFO][epoch:341	loss:tensor(0.3290, device='cuda:0')]
[2019-03-15 17:25:01,944][INFO][epoch:342	loss:tensor(0.3732, device='cuda:0')]
[2019-03-15 17:25:03,512][INFO][epoch:343	loss:tensor(0.3462, device='cuda:0')]
[2019-03-15 17:25:05,093][INFO][epoch:344	loss:tensor(0.3430, device='cuda:0')]
[2019-03-15 17:25:06,668][INFO][epoch:345	loss:tensor(0.3826, device='cuda:0')]
[2019-03-15 17:25:08,246][INFO][epoch:346	loss:tensor(0.3226, device='cuda:0')]
[2019-03-15 17:25:09,816][INFO][epoch:347	loss:tensor(0.3508, device='cuda:0')]
[2019-03-15 17:25:11,385][INFO][epoch:348	loss:tensor(0.3349, device='cuda:0')]
[2019-03-15 17:25:12,970][INFO][epoch:349	loss:tensor(0.3194, device='cuda:0')]
[2019-03-15 17:25:14,552][INFO][epoch:350	loss:tensor(0.3931, device='cuda:0')]
[2019-03-15 17:25:15,254][WARNING][LCC:0.89242744]
[2019-03-15 17:25:15,255][WARNING][SROCC:0.87652147]
[2019-03-15 17:25:15,255][WARNING][Model saved]
[2019-03-15 17:25:16,833][INFO][epoch:351	loss:tensor(0.3443, device='cuda:0')]
[2019-03-15 17:25:18,406][INFO][epoch:352	loss:tensor(0.3593, device='cuda:0')]
[2019-03-15 17:25:19,988][INFO][epoch:353	loss:tensor(0.3517, device='cuda:0')]
[2019-03-15 17:25:21,577][INFO][epoch:354	loss:tensor(0.3318, device='cuda:0')]
[2019-03-15 17:25:23,152][INFO][epoch:355	loss:tensor(0.3461, device='cuda:0')]
[2019-03-15 17:25:24,737][INFO][epoch:356	loss:tensor(0.3294, device='cuda:0')]
[2019-03-15 17:25:26,318][INFO][epoch:357	loss:tensor(0.3439, device='cuda:0')]
[2019-03-15 17:25:27,907][INFO][epoch:358	loss:tensor(0.3364, device='cuda:0')]
[2019-03-15 17:25:29,470][INFO][epoch:359	loss:tensor(0.3632, device='cuda:0')]
[2019-03-15 17:25:31,068][INFO][epoch:360	loss:tensor(0.3476, device='cuda:0')]
[2019-03-15 17:25:31,775][WARNING][LCC:0.84778064]
[2019-03-15 17:25:31,776][WARNING][SROCC:0.83199644]
[2019-03-15 17:25:33,318][INFO][epoch:361	loss:tensor(0.5220, device='cuda:0')]
[2019-03-15 17:25:34,894][INFO][epoch:362	loss:tensor(0.3971, device='cuda:0')]
[2019-03-15 17:25:36,481][INFO][epoch:363	loss:tensor(0.3695, device='cuda:0')]
[2019-03-15 17:25:38,037][INFO][epoch:364	loss:tensor(0.3762, device='cuda:0')]
[2019-03-15 17:25:39,632][INFO][epoch:365	loss:tensor(0.3654, device='cuda:0')]
[2019-03-15 17:25:41,216][INFO][epoch:366	loss:tensor(0.3699, device='cuda:0')]
[2019-03-15 17:25:42,785][INFO][epoch:367	loss:tensor(0.3526, device='cuda:0')]
[2019-03-15 17:25:44,375][INFO][epoch:368	loss:tensor(0.3372, device='cuda:0')]
[2019-03-15 17:25:45,940][INFO][epoch:369	loss:tensor(0.3700, device='cuda:0')]
[2019-03-15 17:25:47,540][INFO][epoch:370	loss:tensor(0.3309, device='cuda:0')]
[2019-03-15 17:25:48,242][WARNING][LCC:0.89192706]
[2019-03-15 17:25:48,242][WARNING][SROCC:0.874381]
[2019-03-15 17:25:49,769][INFO][epoch:371	loss:tensor(0.3311, device='cuda:0')]
[2019-03-15 17:25:51,356][INFO][epoch:372	loss:tensor(0.3432, device='cuda:0')]
[2019-03-15 17:25:52,941][INFO][epoch:373	loss:tensor(0.3556, device='cuda:0')]
[2019-03-15 17:25:54,513][INFO][epoch:374	loss:tensor(0.3341, device='cuda:0')]
[2019-03-15 17:25:56,104][INFO][epoch:375	loss:tensor(0.3216, device='cuda:0')]
[2019-03-15 17:25:57,682][INFO][epoch:376	loss:tensor(0.3627, device='cuda:0')]
[2019-03-15 17:25:59,265][INFO][epoch:377	loss:tensor(0.3783, device='cuda:0')]
[2019-03-15 17:26:00,842][INFO][epoch:378	loss:tensor(0.3376, device='cuda:0')]
[2019-03-15 17:26:02,420][INFO][epoch:379	loss:tensor(0.3443, device='cuda:0')]
[2019-03-15 17:26:04,014][INFO][epoch:380	loss:tensor(0.3491, device='cuda:0')]
[2019-03-15 17:26:04,706][WARNING][LCC:0.88728946]
[2019-03-15 17:26:04,707][WARNING][SROCC:0.87023884]
[2019-03-15 17:26:06,230][INFO][epoch:381	loss:tensor(0.3294, device='cuda:0')]
[2019-03-15 17:26:07,806][INFO][epoch:382	loss:tensor(0.3756, device='cuda:0')]
[2019-03-15 17:26:09,375][INFO][epoch:383	loss:tensor(0.3165, device='cuda:0')]
[2019-03-15 17:26:10,950][INFO][epoch:384	loss:tensor(0.3296, device='cuda:0')]
[2019-03-15 17:26:12,527][INFO][epoch:385	loss:tensor(0.3309, device='cuda:0')]
[2019-03-15 17:26:14,112][INFO][epoch:386	loss:tensor(0.3231, device='cuda:0')]
[2019-03-15 17:26:15,702][INFO][epoch:387	loss:tensor(0.3155, device='cuda:0')]
[2019-03-15 17:26:17,272][INFO][epoch:388	loss:tensor(0.3201, device='cuda:0')]
[2019-03-15 17:26:18,838][INFO][epoch:389	loss:tensor(0.3349, device='cuda:0')]
[2019-03-15 17:26:20,426][INFO][epoch:390	loss:tensor(0.3248, device='cuda:0')]
[2019-03-15 17:26:21,142][WARNING][LCC:0.8767534]
[2019-03-15 17:26:21,142][WARNING][SROCC:0.86865145]
[2019-03-15 17:26:22,666][INFO][epoch:391	loss:tensor(0.3232, device='cuda:0')]
[2019-03-15 17:26:24,246][INFO][epoch:392	loss:tensor(0.3324, device='cuda:0')]
[2019-03-15 17:26:25,810][INFO][epoch:393	loss:tensor(0.3263, device='cuda:0')]
[2019-03-15 17:26:27,406][INFO][epoch:394	loss:tensor(0.3797, device='cuda:0')]
[2019-03-15 17:26:29,054][INFO][epoch:395	loss:tensor(0.3271, device='cuda:0')]
[2019-03-15 17:26:30,630][INFO][epoch:396	loss:tensor(0.2997, device='cuda:0')]
[2019-03-15 17:26:32,197][INFO][epoch:397	loss:tensor(0.2999, device='cuda:0')]
[2019-03-15 17:26:33,776][INFO][epoch:398	loss:tensor(0.3111, device='cuda:0')]
[2019-03-15 17:26:35,351][INFO][epoch:399	loss:tensor(0.3406, device='cuda:0')]
[2019-03-15 17:26:36,935][INFO][epoch:400	loss:tensor(0.3118, device='cuda:0')]
[2019-03-15 17:26:37,677][WARNING][LCC:0.889171]
[2019-03-15 17:26:37,678][WARNING][SROCC:0.87800044]
[2019-03-15 17:26:37,678][WARNING][Model saved]
[2019-03-15 17:26:39,258][INFO][epoch:401	loss:tensor(0.3230, device='cuda:0')]
[2019-03-15 17:26:40,829][INFO][epoch:402	loss:tensor(0.2967, device='cuda:0')]
[2019-03-15 17:26:42,404][INFO][epoch:403	loss:tensor(0.3163, device='cuda:0')]
[2019-03-15 17:26:43,995][INFO][epoch:404	loss:tensor(0.3189, device='cuda:0')]
[2019-03-15 17:26:45,577][INFO][epoch:405	loss:tensor(0.3088, device='cuda:0')]
[2019-03-15 17:26:47,133][INFO][epoch:406	loss:tensor(0.3174, device='cuda:0')]
[2019-03-15 17:26:48,728][INFO][epoch:407	loss:tensor(0.3275, device='cuda:0')]
[2019-03-15 17:26:50,296][INFO][epoch:408	loss:tensor(0.3224, device='cuda:0')]
[2019-03-15 17:26:51,866][INFO][epoch:409	loss:tensor(0.3013, device='cuda:0')]
[2019-03-15 17:26:53,452][INFO][epoch:410	loss:tensor(0.3319, device='cuda:0')]
[2019-03-15 17:26:54,169][WARNING][LCC:0.9030645]
[2019-03-15 17:26:54,169][WARNING][SROCC:0.89338666]
[2019-03-15 17:26:55,691][INFO][epoch:411	loss:tensor(0.3071, device='cuda:0')]
[2019-03-15 17:26:57,276][INFO][epoch:412	loss:tensor(0.3272, device='cuda:0')]
[2019-03-15 17:26:58,864][INFO][epoch:413	loss:tensor(0.3166, device='cuda:0')]
[2019-03-15 17:27:00,446][INFO][epoch:414	loss:tensor(0.3218, device='cuda:0')]
[2019-03-15 17:27:02,011][INFO][epoch:415	loss:tensor(0.3416, device='cuda:0')]
[2019-03-15 17:27:03,600][INFO][epoch:416	loss:tensor(0.2901, device='cuda:0')]
[2019-03-15 17:27:05,184][INFO][epoch:417	loss:tensor(0.3330, device='cuda:0')]
[2019-03-15 17:27:06,746][INFO][epoch:418	loss:tensor(0.2921, device='cuda:0')]
[2019-03-15 17:27:08,340][INFO][epoch:419	loss:tensor(0.3108, device='cuda:0')]
[2019-03-15 17:27:09,935][INFO][epoch:420	loss:tensor(0.3153, device='cuda:0')]
[2019-03-15 17:27:10,651][WARNING][LCC:0.8890398]
[2019-03-15 17:27:10,651][WARNING][SROCC:0.8751779]
[2019-03-15 17:27:12,208][INFO][epoch:421	loss:tensor(0.3020, device='cuda:0')]
[2019-03-15 17:27:13,784][INFO][epoch:422	loss:tensor(0.2948, device='cuda:0')]
[2019-03-15 17:27:15,353][INFO][epoch:423	loss:tensor(0.3319, device='cuda:0')]
[2019-03-15 17:27:16,924][INFO][epoch:424	loss:tensor(0.3249, device='cuda:0')]
[2019-03-15 17:27:18,510][INFO][epoch:425	loss:tensor(0.2998, device='cuda:0')]
[2019-03-15 17:27:20,079][INFO][epoch:426	loss:tensor(0.3104, device='cuda:0')]
[2019-03-15 17:27:21,658][INFO][epoch:427	loss:tensor(0.2863, device='cuda:0')]
[2019-03-15 17:27:23,245][INFO][epoch:428	loss:tensor(0.3152, device='cuda:0')]
[2019-03-15 17:27:24,828][INFO][epoch:429	loss:tensor(0.3049, device='cuda:0')]
[2019-03-15 17:27:26,405][INFO][epoch:430	loss:tensor(0.2755, device='cuda:0')]
[2019-03-15 17:27:27,125][WARNING][LCC:0.8796491]
[2019-03-15 17:27:27,126][WARNING][SROCC:0.8600658]
[2019-03-15 17:27:28,660][INFO][epoch:431	loss:tensor(0.3186, device='cuda:0')]
[2019-03-15 17:27:30,224][INFO][epoch:432	loss:tensor(0.3004, device='cuda:0')]
[2019-03-15 17:27:31,797][INFO][epoch:433	loss:tensor(0.3162, device='cuda:0')]
[2019-03-15 17:27:33,386][INFO][epoch:434	loss:tensor(0.2898, device='cuda:0')]
[2019-03-15 17:27:34,953][INFO][epoch:435	loss:tensor(0.2914, device='cuda:0')]
[2019-03-15 17:27:36,519][INFO][epoch:436	loss:tensor(0.3008, device='cuda:0')]
[2019-03-15 17:27:38,092][INFO][epoch:437	loss:tensor(0.2697, device='cuda:0')]
[2019-03-15 17:27:39,682][INFO][epoch:438	loss:tensor(0.2732, device='cuda:0')]
[2019-03-15 17:27:41,284][INFO][epoch:439	loss:tensor(0.2994, device='cuda:0')]
[2019-03-15 17:27:42,843][INFO][epoch:440	loss:tensor(0.2774, device='cuda:0')]
[2019-03-15 17:27:43,602][WARNING][LCC:0.87796754]
[2019-03-15 17:27:43,603][WARNING][SROCC:0.8668393]
[2019-03-15 17:27:45,137][INFO][epoch:441	loss:tensor(0.2996, device='cuda:0')]
[2019-03-15 17:27:46,723][INFO][epoch:442	loss:tensor(0.3631, device='cuda:0')]
[2019-03-15 17:27:48,303][INFO][epoch:443	loss:tensor(0.3287, device='cuda:0')]
[2019-03-15 17:27:49,882][INFO][epoch:444	loss:tensor(0.3128, device='cuda:0')]
[2019-03-15 17:27:51,489][INFO][epoch:445	loss:tensor(0.3081, device='cuda:0')]
[2019-03-15 17:27:53,045][INFO][epoch:446	loss:tensor(0.2939, device='cuda:0')]
[2019-03-15 17:27:54,638][INFO][epoch:447	loss:tensor(0.2839, device='cuda:0')]
[2019-03-15 17:27:56,242][INFO][epoch:448	loss:tensor(0.3134, device='cuda:0')]
[2019-03-15 17:27:57,823][INFO][epoch:449	loss:tensor(0.3012, device='cuda:0')]
[2019-03-15 17:27:59,452][INFO][epoch:450	loss:tensor(0.2609, device='cuda:0')]
[2019-03-15 17:28:00,186][WARNING][LCC:0.88602877]
[2019-03-15 17:28:00,186][WARNING][SROCC:0.8735316]
[2019-03-15 17:28:00,187][WARNING][Model saved]
[2019-03-15 17:28:01,757][INFO][epoch:451	loss:tensor(0.2819, device='cuda:0')]
[2019-03-15 17:28:03,332][INFO][epoch:452	loss:tensor(0.2989, device='cuda:0')]
[2019-03-15 17:28:04,924][INFO][epoch:453	loss:tensor(0.2692, device='cuda:0')]
[2019-03-15 17:28:06,520][INFO][epoch:454	loss:tensor(0.2884, device='cuda:0')]
[2019-03-15 17:28:08,084][INFO][epoch:455	loss:tensor(0.3109, device='cuda:0')]
[2019-03-15 17:28:09,667][INFO][epoch:456	loss:tensor(0.2939, device='cuda:0')]
[2019-03-15 17:28:11,258][INFO][epoch:457	loss:tensor(0.2703, device='cuda:0')]
[2019-03-15 17:28:12,852][INFO][epoch:458	loss:tensor(0.3145, device='cuda:0')]
[2019-03-15 17:28:14,448][INFO][epoch:459	loss:tensor(0.3187, device='cuda:0')]
[2019-03-15 17:28:16,028][INFO][epoch:460	loss:tensor(0.2605, device='cuda:0')]
[2019-03-15 17:28:16,759][WARNING][LCC:0.9044304]
[2019-03-15 17:28:16,760][WARNING][SROCC:0.8851134]
[2019-03-15 17:28:18,295][INFO][epoch:461	loss:tensor(0.2725, device='cuda:0')]
[2019-03-15 17:28:19,876][INFO][epoch:462	loss:tensor(0.2875, device='cuda:0')]
[2019-03-15 17:28:21,472][INFO][epoch:463	loss:tensor(0.3127, device='cuda:0')]
[2019-03-15 17:28:23,061][INFO][epoch:464	loss:tensor(0.2981, device='cuda:0')]
[2019-03-15 17:28:24,647][INFO][epoch:465	loss:tensor(0.2863, device='cuda:0')]
[2019-03-15 17:28:26,224][INFO][epoch:466	loss:tensor(0.3064, device='cuda:0')]
[2019-03-15 17:28:27,808][INFO][epoch:467	loss:tensor(0.3027, device='cuda:0')]
[2019-03-15 17:28:29,369][INFO][epoch:468	loss:tensor(0.2709, device='cuda:0')]
[2019-03-15 17:28:30,954][INFO][epoch:469	loss:tensor(0.2831, device='cuda:0')]
[2019-03-15 17:28:32,540][INFO][epoch:470	loss:tensor(0.2912, device='cuda:0')]
[2019-03-15 17:28:33,276][WARNING][LCC:0.89571154]
[2019-03-15 17:28:33,276][WARNING][SROCC:0.87890095]
[2019-03-15 17:28:34,799][INFO][epoch:471	loss:tensor(0.2823, device='cuda:0')]
[2019-03-15 17:28:36,364][INFO][epoch:472	loss:tensor(0.2649, device='cuda:0')]
[2019-03-15 17:28:37,946][INFO][epoch:473	loss:tensor(0.2578, device='cuda:0')]
[2019-03-15 17:28:39,537][INFO][epoch:474	loss:tensor(0.2649, device='cuda:0')]
[2019-03-15 17:28:41,096][INFO][epoch:475	loss:tensor(0.3268, device='cuda:0')]
[2019-03-15 17:28:42,684][INFO][epoch:476	loss:tensor(0.2862, device='cuda:0')]
[2019-03-15 17:28:44,254][INFO][epoch:477	loss:tensor(0.2641, device='cuda:0')]
[2019-03-15 17:28:45,832][INFO][epoch:478	loss:tensor(0.2627, device='cuda:0')]
[2019-03-15 17:28:47,415][INFO][epoch:479	loss:tensor(0.2912, device='cuda:0')]
[2019-03-15 17:28:49,007][INFO][epoch:480	loss:tensor(0.2841, device='cuda:0')]
[2019-03-15 17:28:49,739][WARNING][LCC:0.891711]
[2019-03-15 17:28:49,739][WARNING][SROCC:0.8761469]
[2019-03-15 17:28:51,266][INFO][epoch:481	loss:tensor(0.2720, device='cuda:0')]
[2019-03-15 17:28:52,833][INFO][epoch:482	loss:tensor(0.2826, device='cuda:0')]
[2019-03-15 17:28:54,420][INFO][epoch:483	loss:tensor(0.3208, device='cuda:0')]
[2019-03-15 17:28:55,986][INFO][epoch:484	loss:tensor(0.2666, device='cuda:0')]
[2019-03-15 17:28:57,554][INFO][epoch:485	loss:tensor(0.3214, device='cuda:0')]
[2019-03-15 17:28:59,136][INFO][epoch:486	loss:tensor(0.2923, device='cuda:0')]
[2019-03-15 17:29:00,745][INFO][epoch:487	loss:tensor(0.3004, device='cuda:0')]
[2019-03-15 17:29:02,331][INFO][epoch:488	loss:tensor(0.2637, device='cuda:0')]
[2019-03-15 17:29:03,917][INFO][epoch:489	loss:tensor(0.3095, device='cuda:0')]
[2019-03-15 17:29:05,500][INFO][epoch:490	loss:tensor(0.2957, device='cuda:0')]
[2019-03-15 17:29:06,234][WARNING][LCC:0.8934323]
[2019-03-15 17:29:06,234][WARNING][SROCC:0.8795974]
[2019-03-15 17:29:07,772][INFO][epoch:491	loss:tensor(0.2643, device='cuda:0')]
[2019-03-15 17:29:09,353][INFO][epoch:492	loss:tensor(0.2781, device='cuda:0')]
[2019-03-15 17:29:10,959][INFO][epoch:493	loss:tensor(0.3148, device='cuda:0')]
[2019-03-15 17:29:12,536][INFO][epoch:494	loss:tensor(0.2762, device='cuda:0')]
[2019-03-15 17:29:14,124][INFO][epoch:495	loss:tensor(0.2888, device='cuda:0')]
[2019-03-15 17:29:15,699][INFO][epoch:496	loss:tensor(0.2866, device='cuda:0')]
[2019-03-15 17:29:17,279][INFO][epoch:497	loss:tensor(0.2719, device='cuda:0')]
[2019-03-15 17:29:18,860][INFO][epoch:498	loss:tensor(0.2693, device='cuda:0')]
[2019-03-15 17:29:20,434][INFO][epoch:499	loss:tensor(0.2989, device='cuda:0')]
[2019-03-15 17:29:22,012][INFO][epoch:500	loss:tensor(0.2624, device='cuda:0')]
[2019-03-15 17:29:22,742][WARNING][LCC:0.8859585]
[2019-03-15 17:29:22,742][WARNING][SROCC:0.86847615]
[2019-03-15 17:29:22,743][WARNING][Model saved]
[2019-03-15 17:29:24,327][INFO][epoch:501	loss:tensor(0.3066, device='cuda:0')]
[2019-03-15 17:29:25,948][INFO][epoch:502	loss:tensor(0.2686, device='cuda:0')]
[2019-03-15 17:29:27,519][INFO][epoch:503	loss:tensor(0.2857, device='cuda:0')]
[2019-03-15 17:29:29,087][INFO][epoch:504	loss:tensor(0.2770, device='cuda:0')]
[2019-03-15 17:29:30,687][INFO][epoch:505	loss:tensor(0.2646, device='cuda:0')]
[2019-03-15 17:29:32,272][INFO][epoch:506	loss:tensor(0.2773, device='cuda:0')]
[2019-03-15 17:29:33,855][INFO][epoch:507	loss:tensor(0.2772, device='cuda:0')]
[2019-03-15 17:29:35,446][INFO][epoch:508	loss:tensor(0.2603, device='cuda:0')]
[2019-03-15 17:29:37,041][INFO][epoch:509	loss:tensor(0.2676, device='cuda:0')]
[2019-03-15 17:29:38,639][INFO][epoch:510	loss:tensor(0.2469, device='cuda:0')]
[2019-03-15 17:29:39,345][WARNING][LCC:0.9027111]
[2019-03-15 17:29:39,345][WARNING][SROCC:0.88685066]
[2019-03-15 17:29:40,895][INFO][epoch:511	loss:tensor(0.2851, device='cuda:0')]
[2019-03-15 17:29:42,472][INFO][epoch:512	loss:tensor(0.2412, device='cuda:0')]
[2019-03-15 17:29:44,075][INFO][epoch:513	loss:tensor(0.2353, device='cuda:0')]
[2019-03-15 17:29:45,634][INFO][epoch:514	loss:tensor(0.2568, device='cuda:0')]
[2019-03-15 17:29:47,224][INFO][epoch:515	loss:tensor(0.2613, device='cuda:0')]
[2019-03-15 17:29:48,781][INFO][epoch:516	loss:tensor(0.2905, device='cuda:0')]
[2019-03-15 17:29:50,350][INFO][epoch:517	loss:tensor(0.2608, device='cuda:0')]
[2019-03-15 17:29:51,944][INFO][epoch:518	loss:tensor(0.2809, device='cuda:0')]
[2019-03-15 17:29:53,511][INFO][epoch:519	loss:tensor(0.2821, device='cuda:0')]
[2019-03-15 17:29:55,088][INFO][epoch:520	loss:tensor(0.2701, device='cuda:0')]
[2019-03-15 17:29:55,825][WARNING][LCC:0.8910169]
[2019-03-15 17:29:55,825][WARNING][SROCC:0.8831085]
[2019-03-15 17:29:57,382][INFO][epoch:521	loss:tensor(0.2668, device='cuda:0')]
[2019-03-15 17:29:58,947][INFO][epoch:522	loss:tensor(0.2407, device='cuda:0')]
[2019-03-15 17:30:00,528][INFO][epoch:523	loss:tensor(0.2784, device='cuda:0')]
[2019-03-15 17:30:02,116][INFO][epoch:524	loss:tensor(0.2887, device='cuda:0')]
[2019-03-15 17:30:03,684][INFO][epoch:525	loss:tensor(0.2633, device='cuda:0')]
[2019-03-15 17:30:05,272][INFO][epoch:526	loss:tensor(0.2771, device='cuda:0')]
[2019-03-15 17:30:06,861][INFO][epoch:527	loss:tensor(0.2595, device='cuda:0')]
[2019-03-15 17:30:08,443][INFO][epoch:528	loss:tensor(0.2702, device='cuda:0')]
[2019-03-15 17:30:10,032][INFO][epoch:529	loss:tensor(0.2770, device='cuda:0')]
[2019-03-15 17:30:11,600][INFO][epoch:530	loss:tensor(0.2570, device='cuda:0')]
[2019-03-15 17:30:12,334][WARNING][LCC:0.90518045]
[2019-03-15 17:30:12,334][WARNING][SROCC:0.887826]
[2019-03-15 17:30:13,856][INFO][epoch:531	loss:tensor(0.2743, device='cuda:0')]
[2019-03-15 17:30:15,432][INFO][epoch:532	loss:tensor(0.2556, device='cuda:0')]
[2019-03-15 17:30:17,045][INFO][epoch:533	loss:tensor(0.2769, device='cuda:0')]
[2019-03-15 17:30:18,596][INFO][epoch:534	loss:tensor(0.2534, device='cuda:0')]
[2019-03-15 17:30:20,161][INFO][epoch:535	loss:tensor(0.2795, device='cuda:0')]
[2019-03-15 17:30:21,748][INFO][epoch:536	loss:tensor(0.2326, device='cuda:0')]
[2019-03-15 17:30:23,344][INFO][epoch:537	loss:tensor(0.2750, device='cuda:0')]
[2019-03-15 17:30:24,918][INFO][epoch:538	loss:tensor(0.2728, device='cuda:0')]
[2019-03-15 17:30:26,500][INFO][epoch:539	loss:tensor(0.2359, device='cuda:0')]
[2019-03-15 17:30:28,108][INFO][epoch:540	loss:tensor(0.2419, device='cuda:0')]
[2019-03-15 17:30:28,824][WARNING][LCC:0.9024883]
[2019-03-15 17:30:28,824][WARNING][SROCC:0.89239854]
[2019-03-15 17:30:30,368][INFO][epoch:541	loss:tensor(0.2697, device='cuda:0')]
[2019-03-15 17:30:31,944][INFO][epoch:542	loss:tensor(0.2581, device='cuda:0')]
[2019-03-15 17:30:33,521][INFO][epoch:543	loss:tensor(0.2767, device='cuda:0')]
[2019-03-15 17:30:35,096][INFO][epoch:544	loss:tensor(0.2654, device='cuda:0')]
[2019-03-15 17:30:36,679][INFO][epoch:545	loss:tensor(0.2790, device='cuda:0')]
[2019-03-15 17:30:38,271][INFO][epoch:546	loss:tensor(0.2305, device='cuda:0')]
[2019-03-15 17:30:39,835][INFO][epoch:547	loss:tensor(0.2925, device='cuda:0')]
[2019-03-15 17:30:41,412][INFO][epoch:548	loss:tensor(0.2434, device='cuda:0')]
[2019-03-15 17:30:42,992][INFO][epoch:549	loss:tensor(0.2425, device='cuda:0')]
[2019-03-15 17:30:44,554][INFO][epoch:550	loss:tensor(0.2450, device='cuda:0')]
[2019-03-15 17:30:45,285][WARNING][LCC:0.8915698]
[2019-03-15 17:30:45,285][WARNING][SROCC:0.8879918]
[2019-03-15 17:30:45,286][WARNING][Model saved]
[2019-03-15 17:30:46,878][INFO][epoch:551	loss:tensor(0.2625, device='cuda:0')]
[2019-03-15 17:30:48,461][INFO][epoch:552	loss:tensor(0.2455, device='cuda:0')]
[2019-03-15 17:30:50,037][INFO][epoch:553	loss:tensor(0.2450, device='cuda:0')]
[2019-03-15 17:30:51,631][INFO][epoch:554	loss:tensor(0.2784, device='cuda:0')]
[2019-03-15 17:30:53,213][INFO][epoch:555	loss:tensor(0.2881, device='cuda:0')]
[2019-03-15 17:30:54,782][INFO][epoch:556	loss:tensor(0.2425, device='cuda:0')]
[2019-03-15 17:30:56,365][INFO][epoch:557	loss:tensor(0.2537, device='cuda:0')]
[2019-03-15 17:30:57,960][INFO][epoch:558	loss:tensor(0.2805, device='cuda:0')]
[2019-03-15 17:30:59,524][INFO][epoch:559	loss:tensor(0.2801, device='cuda:0')]
[2019-03-15 17:31:01,116][INFO][epoch:560	loss:tensor(0.2281, device='cuda:0')]
[2019-03-15 17:31:01,862][WARNING][LCC:0.88852996]
[2019-03-15 17:31:01,862][WARNING][SROCC:0.8772609]
[2019-03-15 17:31:03,381][INFO][epoch:561	loss:tensor(0.2806, device='cuda:0')]
[2019-03-15 17:31:04,966][INFO][epoch:562	loss:tensor(0.2278, device='cuda:0')]
[2019-03-15 17:31:06,547][INFO][epoch:563	loss:tensor(0.2300, device='cuda:0')]
[2019-03-15 17:31:08,146][INFO][epoch:564	loss:tensor(0.2671, device='cuda:0')]
[2019-03-15 17:31:09,723][INFO][epoch:565	loss:tensor(0.2362, device='cuda:0')]
[2019-03-15 17:31:11,301][INFO][epoch:566	loss:tensor(0.2466, device='cuda:0')]
[2019-03-15 17:31:12,879][INFO][epoch:567	loss:tensor(0.2504, device='cuda:0')]
[2019-03-15 17:31:14,462][INFO][epoch:568	loss:tensor(0.2663, device='cuda:0')]
[2019-03-15 17:31:16,032][INFO][epoch:569	loss:tensor(0.2460, device='cuda:0')]
[2019-03-15 17:31:17,621][INFO][epoch:570	loss:tensor(0.2315, device='cuda:0')]
[2019-03-15 17:31:18,346][WARNING][LCC:0.9027868]
[2019-03-15 17:31:18,347][WARNING][SROCC:0.88930345]
[2019-03-15 17:31:19,865][INFO][epoch:571	loss:tensor(0.2772, device='cuda:0')]
[2019-03-15 17:31:21,449][INFO][epoch:572	loss:tensor(0.2515, device='cuda:0')]
[2019-03-15 17:31:23,029][INFO][epoch:573	loss:tensor(0.2200, device='cuda:0')]
[2019-03-15 17:31:24,606][INFO][epoch:574	loss:tensor(0.2514, device='cuda:0')]
[2019-03-15 17:31:26,205][INFO][epoch:575	loss:tensor(0.2436, device='cuda:0')]
[2019-03-15 17:31:27,780][INFO][epoch:576	loss:tensor(0.2278, device='cuda:0')]
[2019-03-15 17:31:29,351][INFO][epoch:577	loss:tensor(0.2495, device='cuda:0')]
[2019-03-15 17:31:30,928][INFO][epoch:578	loss:tensor(0.2753, device='cuda:0')]
[2019-03-15 17:31:32,529][INFO][epoch:579	loss:tensor(0.2580, device='cuda:0')]
[2019-03-15 17:31:34,111][INFO][epoch:580	loss:tensor(0.2206, device='cuda:0')]
[2019-03-15 17:31:34,846][WARNING][LCC:0.89437145]
[2019-03-15 17:31:34,846][WARNING][SROCC:0.8765071]
[2019-03-15 17:31:36,372][INFO][epoch:581	loss:tensor(0.2426, device='cuda:0')]
[2019-03-15 17:31:37,971][INFO][epoch:582	loss:tensor(0.2638, device='cuda:0')]
[2019-03-15 17:31:39,541][INFO][epoch:583	loss:tensor(0.2325, device='cuda:0')]
[2019-03-15 17:31:41,130][INFO][epoch:584	loss:tensor(0.2461, device='cuda:0')]
[2019-03-15 17:31:42,726][INFO][epoch:585	loss:tensor(0.2405, device='cuda:0')]
[2019-03-15 17:31:44,292][INFO][epoch:586	loss:tensor(0.2423, device='cuda:0')]
[2019-03-15 17:31:45,863][INFO][epoch:587	loss:tensor(0.2881, device='cuda:0')]
[2019-03-15 17:31:47,435][INFO][epoch:588	loss:tensor(0.2393, device='cuda:0')]
[2019-03-15 17:31:49,015][INFO][epoch:589	loss:tensor(0.2515, device='cuda:0')]
[2019-03-15 17:31:50,617][INFO][epoch:590	loss:tensor(0.2628, device='cuda:0')]
[2019-03-15 17:31:51,354][WARNING][LCC:0.9010186]
[2019-03-15 17:31:51,355][WARNING][SROCC:0.8936815]
[2019-03-15 17:31:52,880][INFO][epoch:591	loss:tensor(0.2310, device='cuda:0')]
[2019-03-15 17:31:54,464][INFO][epoch:592	loss:tensor(0.2537, device='cuda:0')]
[2019-03-15 17:31:56,048][INFO][epoch:593	loss:tensor(0.2894, device='cuda:0')]
[2019-03-15 17:31:57,631][INFO][epoch:594	loss:tensor(0.2353, device='cuda:0')]
[2019-03-15 17:31:59,220][INFO][epoch:595	loss:tensor(0.2522, device='cuda:0')]
[2019-03-15 17:32:00,804][INFO][epoch:596	loss:tensor(0.2663, device='cuda:0')]
[2019-03-15 17:32:02,356][INFO][epoch:597	loss:tensor(0.2419, device='cuda:0')]
[2019-03-15 17:32:03,952][INFO][epoch:598	loss:tensor(0.2502, device='cuda:0')]
[2019-03-15 17:32:05,522][INFO][epoch:599	loss:tensor(0.2564, device='cuda:0')]
[2019-03-15 17:32:07,102][INFO][epoch:600	loss:tensor(0.2128, device='cuda:0')]
[2019-03-15 17:32:07,841][WARNING][LCC:0.89837354]
[2019-03-15 17:32:07,841][WARNING][SROCC:0.891659]
[2019-03-15 17:32:07,841][WARNING][Model saved]
[2019-03-15 17:32:09,424][INFO][epoch:601	loss:tensor(0.2258, device='cuda:0')]
[2019-03-15 17:32:11,012][INFO][epoch:602	loss:tensor(0.2439, device='cuda:0')]
[2019-03-15 17:32:12,592][INFO][epoch:603	loss:tensor(0.2358, device='cuda:0')]
[2019-03-15 17:32:14,200][INFO][epoch:604	loss:tensor(0.2206, device='cuda:0')]
[2019-03-15 17:32:15,759][INFO][epoch:605	loss:tensor(0.2431, device='cuda:0')]
[2019-03-15 17:32:17,342][INFO][epoch:606	loss:tensor(0.2503, device='cuda:0')]
[2019-03-15 17:32:18,964][INFO][epoch:607	loss:tensor(0.2175, device='cuda:0')]
[2019-03-15 17:32:20,530][INFO][epoch:608	loss:tensor(0.2414, device='cuda:0')]
[2019-03-15 17:32:22,109][INFO][epoch:609	loss:tensor(0.2566, device='cuda:0')]
[2019-03-15 17:32:23,694][INFO][epoch:610	loss:tensor(0.2262, device='cuda:0')]
[2019-03-15 17:32:24,434][WARNING][LCC:0.8890956]
[2019-03-15 17:32:24,434][WARNING][SROCC:0.8710469]
[2019-03-15 17:32:25,972][INFO][epoch:611	loss:tensor(0.2749, device='cuda:0')]
[2019-03-15 17:32:27,548][INFO][epoch:612	loss:tensor(0.2358, device='cuda:0')]
[2019-03-15 17:32:29,143][INFO][epoch:613	loss:tensor(0.2139, device='cuda:0')]
[2019-03-15 17:32:30,729][INFO][epoch:614	loss:tensor(0.2264, device='cuda:0')]
[2019-03-15 17:32:32,308][INFO][epoch:615	loss:tensor(0.2221, device='cuda:0')]
[2019-03-15 17:32:33,926][INFO][epoch:616	loss:tensor(0.2390, device='cuda:0')]
[2019-03-15 17:32:35,514][INFO][epoch:617	loss:tensor(0.2358, device='cuda:0')]
[2019-03-15 17:32:37,091][INFO][epoch:618	loss:tensor(0.2835, device='cuda:0')]
[2019-03-15 17:32:38,688][INFO][epoch:619	loss:tensor(0.2310, device='cuda:0')]
[2019-03-15 17:32:40,271][INFO][epoch:620	loss:tensor(0.2311, device='cuda:0')]
[2019-03-15 17:32:41,005][WARNING][LCC:0.90400493]
[2019-03-15 17:32:41,005][WARNING][SROCC:0.90338755]
[2019-03-15 17:32:42,541][INFO][epoch:621	loss:tensor(0.2590, device='cuda:0')]
[2019-03-15 17:32:44,141][INFO][epoch:622	loss:tensor(0.2359, device='cuda:0')]
[2019-03-15 17:32:45,722][INFO][epoch:623	loss:tensor(0.2104, device='cuda:0')]
[2019-03-15 17:32:47,305][INFO][epoch:624	loss:tensor(0.2294, device='cuda:0')]
[2019-03-15 17:32:48,908][INFO][epoch:625	loss:tensor(0.2112, device='cuda:0')]
[2019-03-15 17:32:50,503][INFO][epoch:626	loss:tensor(0.2205, device='cuda:0')]
[2019-03-15 17:32:52,085][INFO][epoch:627	loss:tensor(0.2307, device='cuda:0')]
[2019-03-15 17:32:53,687][INFO][epoch:628	loss:tensor(0.2183, device='cuda:0')]
[2019-03-15 17:32:55,265][INFO][epoch:629	loss:tensor(0.2397, device='cuda:0')]
[2019-03-15 17:32:56,852][INFO][epoch:630	loss:tensor(0.2136, device='cuda:0')]
[2019-03-15 17:32:57,702][WARNING][LCC:0.8807418]
[2019-03-15 17:32:57,703][WARNING][SROCC:0.8636677]
[2019-03-15 17:32:59,313][INFO][epoch:631	loss:tensor(0.2206, device='cuda:0')]
[2019-03-15 17:33:00,925][INFO][epoch:632	loss:tensor(0.2234, device='cuda:0')]
[2019-03-15 17:33:02,547][INFO][epoch:633	loss:tensor(0.2287, device='cuda:0')]
[2019-03-15 17:33:04,177][INFO][epoch:634	loss:tensor(0.2148, device='cuda:0')]
[2019-03-15 17:33:05,775][INFO][epoch:635	loss:tensor(0.2050, device='cuda:0')]
[2019-03-15 17:33:07,353][INFO][epoch:636	loss:tensor(0.2340, device='cuda:0')]
[2019-03-15 17:33:08,944][INFO][epoch:637	loss:tensor(0.2251, device='cuda:0')]
[2019-03-15 17:33:10,556][INFO][epoch:638	loss:tensor(0.2270, device='cuda:0')]
[2019-03-15 17:33:12,189][INFO][epoch:639	loss:tensor(0.2343, device='cuda:0')]
[2019-03-15 17:33:13,782][INFO][epoch:640	loss:tensor(0.2188, device='cuda:0')]
[2019-03-15 17:33:14,554][WARNING][LCC:0.9040555]
[2019-03-15 17:33:14,555][WARNING][SROCC:0.8947382]
[2019-03-15 17:33:16,117][INFO][epoch:641	loss:tensor(0.2181, device='cuda:0')]
[2019-03-15 17:33:17,707][INFO][epoch:642	loss:tensor(0.2229, device='cuda:0')]
[2019-03-15 17:33:19,326][INFO][epoch:643	loss:tensor(0.2437, device='cuda:0')]
[2019-03-15 17:33:20,939][INFO][epoch:644	loss:tensor(0.2297, device='cuda:0')]
[2019-03-15 17:33:22,553][INFO][epoch:645	loss:tensor(0.2375, device='cuda:0')]
[2019-03-15 17:33:24,151][INFO][epoch:646	loss:tensor(0.2315, device='cuda:0')]
[2019-03-15 17:33:25,728][INFO][epoch:647	loss:tensor(0.2333, device='cuda:0')]
[2019-03-15 17:33:27,315][INFO][epoch:648	loss:tensor(0.2384, device='cuda:0')]
[2019-03-15 17:33:28,905][INFO][epoch:649	loss:tensor(0.2414, device='cuda:0')]
[2019-03-15 17:33:30,488][INFO][epoch:650	loss:tensor(0.2240, device='cuda:0')]
[2019-03-15 17:33:31,243][WARNING][LCC:0.8958647]
[2019-03-15 17:33:31,243][WARNING][SROCC:0.8843102]
[2019-03-15 17:33:31,243][WARNING][Model saved]
[2019-03-15 17:33:32,900][INFO][epoch:651	loss:tensor(0.2169, device='cuda:0')]
[2019-03-15 17:33:34,667][INFO][epoch:652	loss:tensor(0.2155, device='cuda:0')]
[2019-03-15 17:33:36,424][INFO][epoch:653	loss:tensor(0.2172, device='cuda:0')]
[2019-03-15 17:33:38,131][INFO][epoch:654	loss:tensor(0.2074, device='cuda:0')]
[2019-03-15 17:33:39,804][INFO][epoch:655	loss:tensor(0.2237, device='cuda:0')]
[2019-03-15 17:33:41,516][INFO][epoch:656	loss:tensor(0.2162, device='cuda:0')]
[2019-03-15 17:33:43,193][INFO][epoch:657	loss:tensor(0.2270, device='cuda:0')]
[2019-03-15 17:33:44,800][INFO][epoch:658	loss:tensor(0.2538, device='cuda:0')]
[2019-03-15 17:33:46,402][INFO][epoch:659	loss:tensor(0.2515, device='cuda:0')]
[2019-03-15 17:33:48,022][INFO][epoch:660	loss:tensor(0.2253, device='cuda:0')]
[2019-03-15 17:33:48,747][WARNING][LCC:0.89987504]
[2019-03-15 17:33:48,748][WARNING][SROCC:0.8784388]
[2019-03-15 17:33:50,283][INFO][epoch:661	loss:tensor(0.2043, device='cuda:0')]
[2019-03-15 17:33:51,870][INFO][epoch:662	loss:tensor(0.2057, device='cuda:0')]
[2019-03-15 17:33:53,448][INFO][epoch:663	loss:tensor(0.2312, device='cuda:0')]
[2019-03-15 17:33:55,028][INFO][epoch:664	loss:tensor(0.2235, device='cuda:0')]
[2019-03-15 17:33:56,620][INFO][epoch:665	loss:tensor(0.2115, device='cuda:0')]
[2019-03-15 17:33:58,306][INFO][epoch:666	loss:tensor(0.2119, device='cuda:0')]
[2019-03-15 17:33:59,934][INFO][epoch:667	loss:tensor(0.2049, device='cuda:0')]
[2019-03-15 17:34:01,553][INFO][epoch:668	loss:tensor(0.2052, device='cuda:0')]
[2019-03-15 17:34:03,143][INFO][epoch:669	loss:tensor(0.2315, device='cuda:0')]
[2019-03-15 17:34:04,683][INFO][epoch:670	loss:tensor(0.2261, device='cuda:0')]
[2019-03-15 17:34:05,422][WARNING][LCC:0.8825012]
[2019-03-15 17:34:05,423][WARNING][SROCC:0.8787224]
[2019-03-15 17:34:06,952][INFO][epoch:671	loss:tensor(0.2187, device='cuda:0')]
[2019-03-15 17:34:08,537][INFO][epoch:672	loss:tensor(0.2166, device='cuda:0')]
[2019-03-15 17:34:10,118][INFO][epoch:673	loss:tensor(0.2285, device='cuda:0')]
[2019-03-15 17:34:11,701][INFO][epoch:674	loss:tensor(0.2272, device='cuda:0')]
[2019-03-15 17:34:13,287][INFO][epoch:675	loss:tensor(0.2225, device='cuda:0')]
[2019-03-15 17:34:14,878][INFO][epoch:676	loss:tensor(0.2341, device='cuda:0')]
[2019-03-15 17:34:16,450][INFO][epoch:677	loss:tensor(0.2147, device='cuda:0')]
[2019-03-15 17:34:18,050][INFO][epoch:678	loss:tensor(0.2114, device='cuda:0')]
[2019-03-15 17:34:19,659][INFO][epoch:679	loss:tensor(0.2065, device='cuda:0')]
[2019-03-15 17:34:21,264][INFO][epoch:680	loss:tensor(0.2168, device='cuda:0')]
[2019-03-15 17:34:22,010][WARNING][LCC:0.9046348]
[2019-03-15 17:34:22,011][WARNING][SROCC:0.89069957]
[2019-03-15 17:34:23,537][INFO][epoch:681	loss:tensor(0.2152, device='cuda:0')]
[2019-03-15 17:34:25,128][INFO][epoch:682	loss:tensor(0.2372, device='cuda:0')]
[2019-03-15 17:34:26,703][INFO][epoch:683	loss:tensor(0.2401, device='cuda:0')]
[2019-03-15 17:34:28,290][INFO][epoch:684	loss:tensor(0.2217, device='cuda:0')]
[2019-03-15 17:34:29,885][INFO][epoch:685	loss:tensor(0.2255, device='cuda:0')]
[2019-03-15 17:34:31,458][INFO][epoch:686	loss:tensor(0.2004, device='cuda:0')]
[2019-03-15 17:34:33,048][INFO][epoch:687	loss:tensor(0.2162, device='cuda:0')]
[2019-03-15 17:34:34,621][INFO][epoch:688	loss:tensor(0.2398, device='cuda:0')]
[2019-03-15 17:34:36,220][INFO][epoch:689	loss:tensor(0.2094, device='cuda:0')]
[2019-03-15 17:34:37,822][INFO][epoch:690	loss:tensor(0.2253, device='cuda:0')]
[2019-03-15 17:34:38,560][WARNING][LCC:0.8947578]
[2019-03-15 17:34:38,560][WARNING][SROCC:0.8890835]
[2019-03-15 17:34:40,111][INFO][epoch:691	loss:tensor(0.2126, device='cuda:0')]
[2019-03-15 17:34:41,704][INFO][epoch:692	loss:tensor(0.2241, device='cuda:0')]
[2019-03-15 17:34:43,287][INFO][epoch:693	loss:tensor(0.2143, device='cuda:0')]
[2019-03-15 17:34:44,870][INFO][epoch:694	loss:tensor(0.2332, device='cuda:0')]
[2019-03-15 17:34:46,473][INFO][epoch:695	loss:tensor(0.2355, device='cuda:0')]
[2019-03-15 17:34:48,063][INFO][epoch:696	loss:tensor(0.2389, device='cuda:0')]
[2019-03-15 17:34:49,683][INFO][epoch:697	loss:tensor(0.2097, device='cuda:0')]
[2019-03-15 17:34:51,271][INFO][epoch:698	loss:tensor(0.2078, device='cuda:0')]
[2019-03-15 17:34:52,876][INFO][epoch:699	loss:tensor(0.2174, device='cuda:0')]
[2019-03-15 17:34:54,527][INFO][epoch:700	loss:tensor(0.2119, device='cuda:0')]
[2019-03-15 17:34:55,288][WARNING][LCC:0.90874076]
[2019-03-15 17:34:55,288][WARNING][SROCC:0.9006144]
[2019-03-15 17:34:55,288][WARNING][Model saved]
[2019-03-15 17:34:56,984][INFO][epoch:701	loss:tensor(0.1914, device='cuda:0')]
[2019-03-15 17:34:58,672][INFO][epoch:702	loss:tensor(0.2077, device='cuda:0')]
[2019-03-15 17:35:00,453][INFO][epoch:703	loss:tensor(0.2192, device='cuda:0')]
[2019-03-15 17:35:02,111][INFO][epoch:704	loss:tensor(0.1998, device='cuda:0')]
[2019-03-15 17:35:03,763][INFO][epoch:705	loss:tensor(0.2092, device='cuda:0')]
[2019-03-15 17:35:05,458][INFO][epoch:706	loss:tensor(0.2444, device='cuda:0')]
[2019-03-15 17:35:07,203][INFO][epoch:707	loss:tensor(0.2279, device='cuda:0')]
[2019-03-15 17:35:08,843][INFO][epoch:708	loss:tensor(0.2044, device='cuda:0')]
