[2019-02-25 23:43:13,245][INFO][epoch:0	loss:tensor(4.1597, device='cuda:0')]
[2019-02-25 23:43:14,066][INFO][LCC:tensor(0.1122, grad_fn=<DivBackward1>)]
[2019-02-25 23:43:14,067][INFO][Ground Truth:tensor([2.9460, 3.7297, 5.8947, 4.5455, 5.4186, 5.6191, 4.0250, 3.9762, 5.9091,
        5.2750, 2.3256, 3.5000, 5.5263, 6.2632, 3.3947, 5.3250, 5.4615, 2.7143,
        2.4444, 1.3438, 5.3636, 4.1111, 2.8889, 4.7000, 5.6471, 3.8636, 5.8750,
        5.2368, 3.3438, 5.5128, 3.8649, 5.8378, 5.6000, 3.9730, 4.0238, 4.5385,
        5.5952, 5.2381, 5.3171, 6.1539, 4.9556, 4.1471, 6.4444, 5.9167, 4.6579,
        4.0286, 4.3529, 5.0811, 5.5938, 5.6154, 4.5385, 3.9000, 3.5000, 4.5500,
        5.6842, 4.3889, 4.4722, 4.6250, 3.3684, 3.7632, 4.8333, 3.7778, 2.8286,
        4.0789, 2.5682, 4.7895, 3.2195, 4.1667, 4.0286, 4.6111, 5.4884, 4.5429,
        3.9474, 3.9737, 4.5789, 3.0476, 0.2424, 3.9000, 5.2564, 5.9730, 4.0000,
        4.2857, 2.7692, 2.8537, 6.5750, 4.3429, 5.9167, 4.2821, 4.1591, 5.6944,
        5.3333, 6.5263, 3.6410, 5.4516, 5.3056, 5.4737, 3.6111, 1.4595, 4.7143,
        4.6177, 5.1765])]
[2019-02-25 23:43:14,067][INFO][Predicted:tensor([5.1521, 5.1702, 5.1471, 5.1471, 5.1496, 5.1354, 5.1261, 5.1534, 5.1206,
        5.1449, 5.1400, 5.1353, 5.1432, 5.1562, 5.1700, 5.1404, 5.1265, 5.1588,
        5.1268, 5.1337, 5.1277, 5.1360, 5.1423, 5.1534, 5.1469, 5.1243, 5.1171,
        5.1347, 5.1504, 5.1516, 5.1524, 5.1338, 5.1495, 5.1451, 5.1600, 5.1476,
        5.1285, 5.1374, 5.1428, 5.1344, 5.1309, 5.1349, 5.1293, 5.1494, 5.1401,
        5.1287, 5.1458, 5.1392, 5.1433, 5.1298, 5.1368, 5.1395, 5.1294, 5.1402,
        5.1409, 5.1858, 5.1603, 5.1384, 5.1124, 5.1599, 5.1684, 5.1539, 5.1347,
        5.1280, 5.1237, 5.1499, 5.1354, 5.1424, 5.1656, 5.1573, 5.1319, 5.1258,
        5.1259, 5.1301, 5.1527, 5.1380, 5.1291, 5.1360, 5.1329, 5.1617, 5.1593,
        5.1336, 5.1122, 5.1351, 5.1542, 5.1286, 5.1478, 5.1393, 5.1392, 5.1489,
        5.1228, 5.1401, 5.1314, 5.1429, 5.1607, 5.1387, 5.1533, 5.1223, 5.1405,
        5.1404, 5.1364], grad_fn=<CatBackward>)]
[2019-02-25 23:43:28,867][INFO][epoch:1	loss:tensor(1.5609, device='cuda:0')]
[2019-02-25 23:43:29,655][INFO][LCC:tensor(-0.0002, grad_fn=<DivBackward1>)]
[2019-02-25 23:43:29,656][INFO][Ground Truth:tensor([2.9460, 3.7297, 5.8947, 4.5455, 5.4186, 5.6191, 4.0250, 3.9762, 5.9091,
        5.2750, 2.3256, 3.5000, 5.5263, 6.2632, 3.3947, 5.3250, 5.4615, 2.7143,
        2.4444, 1.3438, 5.3636, 4.1111, 2.8889, 4.7000, 5.6471, 3.8636, 5.8750,
        5.2368, 3.3438, 5.5128, 3.8649, 5.8378, 5.6000, 3.9730, 4.0238, 4.5385,
        5.5952, 5.2381, 5.3171, 6.1539, 4.9556, 4.1471, 6.4444, 5.9167, 4.6579,
        4.0286, 4.3529, 5.0811, 5.5938, 5.6154, 4.5385, 3.9000, 3.5000, 4.5500,
        5.6842, 4.3889, 4.4722, 4.6250, 3.3684, 3.7632, 4.8333, 3.7778, 2.8286,
        4.0789, 2.5682, 4.7895, 3.2195, 4.1667, 4.0286, 4.6111, 5.4884, 4.5429,
        3.9474, 3.9737, 4.5789, 3.0476, 0.2424, 3.9000, 5.2564, 5.9730, 4.0000,
        4.2857, 2.7692, 2.8537, 6.5750, 4.3429, 5.9167, 4.2821, 4.1591, 5.6944,
        5.3333, 6.5263, 3.6410, 5.4516, 5.3056, 5.4737, 3.6111, 1.4595, 4.7143,
        4.6177, 5.1765])]
[2019-02-25 23:43:29,656][INFO][Predicted:tensor([5.3535, 5.3525, 5.3521, 5.3524, 5.3521, 5.3504, 5.3506, 5.3525, 5.3502,
        5.3528, 5.3509, 5.3521, 5.3506, 5.3514, 5.3553, 5.3514, 5.3498, 5.3539,
        5.3500, 5.3508, 5.3504, 5.3507, 5.3514, 5.3523, 5.3513, 5.3496, 5.3497,
        5.3509, 5.3519, 5.3521, 5.3524, 5.3502, 5.3511, 5.3512, 5.3537, 5.3527,
        5.3512, 5.3508, 5.3521, 5.3500, 5.3505, 5.3512, 5.3502, 5.3501, 5.3507,
        5.3499, 5.3528, 5.3512, 5.3507, 5.3501, 5.3524, 5.3512, 5.3504, 5.3518,
        5.3506, 5.3548, 5.3529, 5.3513, 5.3493, 5.3535, 5.3529, 5.3541, 5.3502,
        5.3503, 5.3501, 5.3511, 5.3507, 5.3517, 5.3539, 5.3535, 5.3501, 5.3498,
        5.3497, 5.3501, 5.3528, 5.3526, 5.3497, 5.3517, 5.3510, 5.3516, 5.3536,
        5.3514, 5.3492, 5.3507, 5.3527, 5.3503, 5.3541, 5.3504, 5.3512, 5.3521,
        5.3503, 5.3504, 5.3498, 5.3518, 5.3515, 5.3512, 5.3530, 5.3490, 5.3516,
        5.3520, 5.3501], grad_fn=<CatBackward>)]
[2019-02-25 23:43:44,660][INFO][epoch:2	loss:tensor(1.5452, device='cuda:0')]
[2019-02-25 23:43:45,052][INFO][LCC:tensor(0.1132, grad_fn=<DivBackward1>)]
[2019-02-25 23:43:45,053][INFO][Ground Truth:tensor([2.9460, 3.7297, 5.8947, 4.5455, 5.4186, 5.6191, 4.0250, 3.9762, 5.9091,
        5.2750, 2.3256, 3.5000, 5.5263, 6.2632, 3.3947, 5.3250, 5.4615, 2.7143,
        2.4444, 1.3438, 5.3636, 4.1111, 2.8889, 4.7000, 5.6471, 3.8636, 5.8750,
        5.2368, 3.3438, 5.5128, 3.8649, 5.8378, 5.6000, 3.9730, 4.0238, 4.5385,
        5.5952, 5.2381, 5.3171, 6.1539, 4.9556, 4.1471, 6.4444, 5.9167, 4.6579,
        4.0286, 4.3529, 5.0811, 5.5938, 5.6154, 4.5385, 3.9000, 3.5000, 4.5500,
        5.6842, 4.3889, 4.4722, 4.6250, 3.3684, 3.7632, 4.8333, 3.7778, 2.8286,
        4.0789, 2.5682, 4.7895, 3.2195, 4.1667, 4.0286, 4.6111, 5.4884, 4.5429,
        3.9474, 3.9737, 4.5789, 3.0476, 0.2424, 3.9000, 5.2564, 5.9730, 4.0000,
        4.2857, 2.7692, 2.8537, 6.5750, 4.3429, 5.9167, 4.2821, 4.1591, 5.6944,
        5.3333, 6.5263, 3.6410, 5.4516, 5.3056, 5.4737, 3.6111, 1.4595, 4.7143,
        4.6177, 5.1765])]
[2019-02-25 23:43:45,054][INFO][Predicted:tensor([5.3153, 5.3215, 5.3177, 5.3202, 5.3186, 5.3130, 5.3130, 5.3206, 5.3098,
        5.3167, 5.3169, 5.3110, 5.3166, 5.3195, 5.3234, 5.3141, 5.3132, 5.3156,
        5.3095, 5.3133, 5.3091, 5.3140, 5.3165, 5.3168, 5.3148, 5.3105, 5.3072,
        5.3105, 5.3189, 5.3206, 5.3208, 5.3127, 5.3162, 5.3160, 5.3215, 5.3172,
        5.3130, 5.3151, 5.3198, 5.3142, 5.3116, 5.3144, 5.3133, 5.3183, 5.3165,
        5.3132, 5.3161, 5.3162, 5.3140, 5.3118, 5.3157, 5.3163, 5.3119, 5.3143,
        5.3148, 5.3229, 5.3210, 5.3164, 5.3068, 5.3218, 5.3214, 5.3188, 5.3158,
        5.3131, 5.3109, 5.3201, 5.3135, 5.3147, 5.3230, 5.3192, 5.3131, 5.3114,
        5.3101, 5.3142, 5.3201, 5.3184, 5.3110, 5.3131, 5.3122, 5.3197, 5.3161,
        5.3153, 5.3062, 5.3123, 5.3154, 5.3110, 5.3160, 5.3112, 5.3169, 5.3186,
        5.3105, 5.3164, 5.3115, 5.3169, 5.3201, 5.3163, 5.3216, 5.3111, 5.3186,
        5.3162, 5.3136], grad_fn=<CatBackward>)]
[2019-02-25 23:43:59,843][INFO][epoch:3	loss:tensor(1.5502, device='cuda:0')]
[2019-02-25 23:44:00,238][INFO][LCC:tensor(0.1113, grad_fn=<DivBackward1>)]
[2019-02-25 23:44:00,238][INFO][Ground Truth:tensor([2.9460, 3.7297, 5.8947, 4.5455, 5.4186, 5.6191, 4.0250, 3.9762, 5.9091,
        5.2750, 2.3256, 3.5000, 5.5263, 6.2632, 3.3947, 5.3250, 5.4615, 2.7143,
        2.4444, 1.3438, 5.3636, 4.1111, 2.8889, 4.7000, 5.6471, 3.8636, 5.8750,
        5.2368, 3.3438, 5.5128, 3.8649, 5.8378, 5.6000, 3.9730, 4.0238, 4.5385,
        5.5952, 5.2381, 5.3171, 6.1539, 4.9556, 4.1471, 6.4444, 5.9167, 4.6579,
        4.0286, 4.3529, 5.0811, 5.5938, 5.6154, 4.5385, 3.9000, 3.5000, 4.5500,
        5.6842, 4.3889, 4.4722, 4.6250, 3.3684, 3.7632, 4.8333, 3.7778, 2.8286,
        4.0789, 2.5682, 4.7895, 3.2195, 4.1667, 4.0286, 4.6111, 5.4884, 4.5429,
        3.9474, 3.9737, 4.5789, 3.0476, 0.2424, 3.9000, 5.2564, 5.9730, 4.0000,
        4.2857, 2.7692, 2.8537, 6.5750, 4.3429, 5.9167, 4.2821, 4.1591, 5.6944,
        5.3333, 6.5263, 3.6410, 5.4516, 5.3056, 5.4737, 3.6111, 1.4595, 4.7143,
        4.6177, 5.1765])]
[2019-02-25 23:44:00,239][INFO][Predicted:tensor([5.6146, 5.6177, 5.6145, 5.6174, 5.6164, 5.6130, 5.6132, 5.6177, 5.6095,
        5.6159, 5.6165, 5.6118, 5.6168, 5.6176, 5.6178, 5.6151, 5.6123, 5.6145,
        5.6107, 5.6138, 5.6110, 5.6149, 5.6150, 5.6146, 5.6144, 5.6123, 5.6086,
        5.6113, 5.6179, 5.6173, 5.6182, 5.6148, 5.6155, 5.6160, 5.6178, 5.6166,
        5.6133, 5.6145, 5.6168, 5.6141, 5.6140, 5.6156, 5.6131, 5.6154, 5.6149,
        5.6128, 5.6158, 5.6149, 5.6130, 5.6131, 5.6146, 5.6152, 5.6136, 5.6132,
        5.6150, 5.6176, 5.6176, 5.6146, 5.6081, 5.6185, 5.6177, 5.6172, 5.6149,
        5.6136, 5.6116, 5.6178, 5.6127, 5.6148, 5.6181, 5.6163, 5.6137, 5.6115,
        5.6106, 5.6140, 5.6177, 5.6164, 5.6121, 5.6104, 5.6129, 5.6175, 5.6150,
        5.6154, 5.6067, 5.6134, 5.6119, 5.6111, 5.6149, 5.6126, 5.6160, 5.6169,
        5.6107, 5.6167, 5.6124, 5.6166, 5.6172, 5.6148, 5.6181, 5.6114, 5.6161,
        5.6162, 5.6139], grad_fn=<CatBackward>)]
[2019-02-25 23:44:15,178][INFO][epoch:4	loss:tensor(1.5225, device='cuda:0')]
[2019-02-25 23:44:15,558][INFO][LCC:tensor(0.1140, grad_fn=<DivBackward1>)]
[2019-02-25 23:44:15,559][INFO][Ground Truth:tensor([2.9460, 3.7297, 5.8947, 4.5455, 5.4186, 5.6191, 4.0250, 3.9762, 5.9091,
        5.2750, 2.3256, 3.5000, 5.5263, 6.2632, 3.3947, 5.3250, 5.4615, 2.7143,
        2.4444, 1.3438, 5.3636, 4.1111, 2.8889, 4.7000, 5.6471, 3.8636, 5.8750,
        5.2368, 3.3438, 5.5128, 3.8649, 5.8378, 5.6000, 3.9730, 4.0238, 4.5385,
        5.5952, 5.2381, 5.3171, 6.1539, 4.9556, 4.1471, 6.4444, 5.9167, 4.6579,
        4.0286, 4.3529, 5.0811, 5.5938, 5.6154, 4.5385, 3.9000, 3.5000, 4.5500,
        5.6842, 4.3889, 4.4722, 4.6250, 3.3684, 3.7632, 4.8333, 3.7778, 2.8286,
        4.0789, 2.5682, 4.7895, 3.2195, 4.1667, 4.0286, 4.6111, 5.4884, 4.5429,
        3.9474, 3.9737, 4.5789, 3.0476, 0.2424, 3.9000, 5.2564, 5.9730, 4.0000,
        4.2857, 2.7692, 2.8537, 6.5750, 4.3429, 5.9167, 4.2821, 4.1591, 5.6944,
        5.3333, 6.5263, 3.6410, 5.4516, 5.3056, 5.4737, 3.6111, 1.4595, 4.7143,
        4.6177, 5.1765])]
[2019-02-25 23:44:15,559][INFO][Predicted:tensor([5.3033, 5.3089, 5.3029, 5.3051, 5.3051, 5.3004, 5.3018, 5.3059, 5.2989,
        5.3041, 5.3043, 5.3001, 5.3036, 5.3048, 5.3080, 5.3022, 5.2995, 5.3028,
        5.2974, 5.3016, 5.2980, 5.3030, 5.3027, 5.3025, 5.3007, 5.2988, 5.2979,
        5.2988, 5.3058, 5.3037, 5.3071, 5.3010, 5.3030, 5.3039, 5.3071, 5.3051,
        5.3002, 5.3015, 5.3053, 5.3028, 5.3019, 5.3033, 5.3011, 5.3058, 5.3026,
        5.2992, 5.3040, 5.3023, 5.3017, 5.3002, 5.3030, 5.3039, 5.3008, 5.3041,
        5.3033, 5.3103, 5.3063, 5.3029, 5.2954, 5.3067, 5.3090, 5.3062, 5.3034,
        5.3002, 5.3004, 5.3043, 5.3027, 5.3024, 5.3070, 5.3043, 5.3009, 5.3002,
        5.2976, 5.3017, 5.3068, 5.3043, 5.2979, 5.2987, 5.3018, 5.3087, 5.3029,
        5.3031, 5.2941, 5.3013, 5.3017, 5.2996, 5.3033, 5.3011, 5.3040, 5.3041,
        5.2985, 5.3021, 5.2991, 5.3041, 5.3081, 5.3033, 5.3066, 5.2990, 5.3042,
        5.3034, 5.3018], grad_fn=<CatBackward>)]
[2019-02-25 23:44:30,368][INFO][epoch:5	loss:tensor(1.4987, device='cuda:0')]
[2019-02-25 23:44:30,763][INFO][LCC:tensor(-0.0249, grad_fn=<DivBackward1>)]
[2019-02-25 23:44:30,764][INFO][Ground Truth:tensor([2.9460, 3.7297, 5.8947, 4.5455, 5.4186, 5.6191, 4.0250, 3.9762, 5.9091,
        5.2750, 2.3256, 3.5000, 5.5263, 6.2632, 3.3947, 5.3250, 5.4615, 2.7143,
        2.4444, 1.3438, 5.3636, 4.1111, 2.8889, 4.7000, 5.6471, 3.8636, 5.8750,
        5.2368, 3.3438, 5.5128, 3.8649, 5.8378, 5.6000, 3.9730, 4.0238, 4.5385,
        5.5952, 5.2381, 5.3171, 6.1539, 4.9556, 4.1471, 6.4444, 5.9167, 4.6579,
        4.0286, 4.3529, 5.0811, 5.5938, 5.6154, 4.5385, 3.9000, 3.5000, 4.5500,
        5.6842, 4.3889, 4.4722, 4.6250, 3.3684, 3.7632, 4.8333, 3.7778, 2.8286,
        4.0789, 2.5682, 4.7895, 3.2195, 4.1667, 4.0286, 4.6111, 5.4884, 4.5429,
        3.9474, 3.9737, 4.5789, 3.0476, 0.2424, 3.9000, 5.2564, 5.9730, 4.0000,
        4.2857, 2.7692, 2.8537, 6.5750, 4.3429, 5.9167, 4.2821, 4.1591, 5.6944,
        5.3333, 6.5263, 3.6410, 5.4516, 5.3056, 5.4737, 3.6111, 1.4595, 4.7143,
        4.6177, 5.1765])]
[2019-02-25 23:44:30,765][INFO][Predicted:tensor([5.1608, 5.1620, 5.1611, 5.1616, 5.1616, 5.1601, 5.1589, 5.1621, 5.1582,
        5.1614, 5.1600, 5.1594, 5.1596, 5.1609, 5.1660, 5.1601, 5.1591, 5.1628,
        5.1577, 5.1599, 5.1578, 5.1598, 5.1604, 5.1607, 5.1603, 5.1586, 5.1574,
        5.1587, 5.1623, 5.1614, 5.1624, 5.1588, 5.1594, 5.1601, 5.1637, 5.1621,
        5.1585, 5.1597, 5.1609, 5.1583, 5.1597, 5.1598, 5.1587, 5.1589, 5.1598,
        5.1587, 5.1600, 5.1598, 5.1603, 5.1587, 5.1611, 5.1609, 5.1585, 5.1596,
        5.1595, 5.1645, 5.1625, 5.1608, 5.1568, 5.1623, 5.1622, 5.1624, 5.1592,
        5.1593, 5.1588, 5.1607, 5.1596, 5.1608, 5.1635, 5.1633, 5.1586, 5.1574,
        5.1588, 5.1595, 5.1620, 5.1616, 5.1584, 5.1591, 5.1594, 5.1604, 5.1618,
        5.1602, 5.1567, 5.1600, 5.1603, 5.1577, 5.1616, 5.1594, 5.1603, 5.1608,
        5.1575, 5.1592, 5.1590, 5.1629, 5.1602, 5.1599, 5.1628, 5.1573, 5.1601,
        5.1600, 5.1595], grad_fn=<CatBackward>)]
[2019-02-25 23:44:45,744][INFO][epoch:6	loss:tensor(1.5031, device='cuda:0')]
[2019-02-25 23:44:46,140][INFO][LCC:tensor(-0.0285, grad_fn=<DivBackward1>)]
[2019-02-25 23:44:46,140][INFO][Ground Truth:tensor([2.9460, 3.7297, 5.8947, 4.5455, 5.4186, 5.6191, 4.0250, 3.9762, 5.9091,
        5.2750, 2.3256, 3.5000, 5.5263, 6.2632, 3.3947, 5.3250, 5.4615, 2.7143,
        2.4444, 1.3438, 5.3636, 4.1111, 2.8889, 4.7000, 5.6471, 3.8636, 5.8750,
        5.2368, 3.3438, 5.5128, 3.8649, 5.8378, 5.6000, 3.9730, 4.0238, 4.5385,
        5.5952, 5.2381, 5.3171, 6.1539, 4.9556, 4.1471, 6.4444, 5.9167, 4.6579,
        4.0286, 4.3529, 5.0811, 5.5938, 5.6154, 4.5385, 3.9000, 3.5000, 4.5500,
        5.6842, 4.3889, 4.4722, 4.6250, 3.3684, 3.7632, 4.8333, 3.7778, 2.8286,
        4.0789, 2.5682, 4.7895, 3.2195, 4.1667, 4.0286, 4.6111, 5.4884, 4.5429,
        3.9474, 3.9737, 4.5789, 3.0476, 0.2424, 3.9000, 5.2564, 5.9730, 4.0000,
        4.2857, 2.7692, 2.8537, 6.5750, 4.3429, 5.9167, 4.2821, 4.1591, 5.6944,
        5.3333, 6.5263, 3.6410, 5.4516, 5.3056, 5.4737, 3.6111, 1.4595, 4.7143,
        4.6177, 5.1765])]
[2019-02-25 23:44:46,141][INFO][Predicted:tensor([5.3615, 5.3610, 5.3598, 5.3598, 5.3613, 5.3623, 5.3637, 5.3598, 5.3640,
        5.3617, 5.3625, 5.3612, 5.3609, 5.3601, 5.3555, 5.3628, 5.3636, 5.3588,
        5.3636, 5.3619, 5.3643, 5.3623, 5.3621, 5.3594, 5.3608, 5.3639, 5.3637,
        5.3628, 5.3595, 5.3605, 5.3597, 5.3631, 5.3620, 5.3616, 5.3577, 5.3613,
        5.3632, 5.3627, 5.3605, 5.3637, 5.3634, 5.3619, 5.3631, 5.3633, 5.3628,
        5.3630, 5.3605, 5.3628, 5.3621, 5.3634, 5.3622, 5.3621, 5.3634, 5.3627,
        5.3622, 5.3588, 5.3588, 5.3619, 5.3645, 5.3584, 5.3611, 5.3596, 5.3627,
        5.3635, 5.3639, 5.3601, 5.3629, 5.3619, 5.3576, 5.3590, 5.3627, 5.3644,
        5.3643, 5.3633, 5.3602, 5.3614, 5.3638, 5.3629, 5.3633, 5.3622, 5.3584,
        5.3627, 5.3643, 5.3629, 5.3585, 5.3639, 5.3596, 5.3614, 5.3617, 5.3605,
        5.3638, 5.3618, 5.3638, 5.3614, 5.3626, 5.3614, 5.3582, 5.3640, 5.3603,
        5.3619, 5.3634], grad_fn=<CatBackward>)]
[2019-02-25 23:45:00,957][INFO][epoch:7	loss:tensor(1.5369, device='cuda:0')]
[2019-02-25 23:45:01,356][INFO][LCC:tensor(0.0067, grad_fn=<DivBackward1>)]
[2019-02-25 23:45:01,356][INFO][Ground Truth:tensor([2.9460, 3.7297, 5.8947, 4.5455, 5.4186, 5.6191, 4.0250, 3.9762, 5.9091,
        5.2750, 2.3256, 3.5000, 5.5263, 6.2632, 3.3947, 5.3250, 5.4615, 2.7143,
        2.4444, 1.3438, 5.3636, 4.1111, 2.8889, 4.7000, 5.6471, 3.8636, 5.8750,
        5.2368, 3.3438, 5.5128, 3.8649, 5.8378, 5.6000, 3.9730, 4.0238, 4.5385,
        5.5952, 5.2381, 5.3171, 6.1539, 4.9556, 4.1471, 6.4444, 5.9167, 4.6579,
        4.0286, 4.3529, 5.0811, 5.5938, 5.6154, 4.5385, 3.9000, 3.5000, 4.5500,
        5.6842, 4.3889, 4.4722, 4.6250, 3.3684, 3.7632, 4.8333, 3.7778, 2.8286,
        4.0789, 2.5682, 4.7895, 3.2195, 4.1667, 4.0286, 4.6111, 5.4884, 4.5429,
        3.9474, 3.9737, 4.5789, 3.0476, 0.2424, 3.9000, 5.2564, 5.9730, 4.0000,
        4.2857, 2.7692, 2.8537, 6.5750, 4.3429, 5.9167, 4.2821, 4.1591, 5.6944,
        5.3333, 6.5263, 3.6410, 5.4516, 5.3056, 5.4737, 3.6111, 1.4595, 4.7143,
        4.6177, 5.1765])]
[2019-02-25 23:45:01,357][INFO][Predicted:tensor([5.6903, 5.6899, 5.6900, 5.6900, 5.6899, 5.6905, 5.6911, 5.6898, 5.6913,
        5.6900, 5.6907, 5.6905, 5.6902, 5.6896, 5.6881, 5.6907, 5.6910, 5.6890,
        5.6910, 5.6904, 5.6912, 5.6909, 5.6904, 5.6903, 5.6904, 5.6913, 5.6911,
        5.6906, 5.6897, 5.6899, 5.6897, 5.6907, 5.6903, 5.6904, 5.6890, 5.6901,
        5.6909, 5.6909, 5.6901, 5.6913, 5.6910, 5.6906, 5.6910, 5.6912, 5.6907,
        5.6912, 5.6902, 5.6908, 5.6908, 5.6912, 5.6903, 5.6906, 5.6910, 5.6907,
        5.6906, 5.6892, 5.6894, 5.6901, 5.6915, 5.6894, 5.6902, 5.6896, 5.6907,
        5.6911, 5.6912, 5.6900, 5.6909, 5.6905, 5.6891, 5.6888, 5.6912, 5.6916,
        5.6910, 5.6910, 5.6900, 5.6902, 5.6911, 5.6912, 5.6911, 5.6906, 5.6896,
        5.6906, 5.6914, 5.6907, 5.6900, 5.6914, 5.6896, 5.6909, 5.6904, 5.6901,
        5.6910, 5.6903, 5.6912, 5.6899, 5.6907, 5.6908, 5.6891, 5.6914, 5.6906,
        5.6906, 5.6909], grad_fn=<CatBackward>)]
