[2019-02-26 13:02:42,839][INFO][epoch:0	loss:tensor(5.6522, device='cuda:0')]
[2019-02-26 13:02:43,746][INFO][LCC:tensor(-0.0603, grad_fn=<DivBackward1>)]
[2019-02-26 13:02:43,746][INFO][Ground Truth:tensor([3.6111, 3.6667, 4.6744, 4.4359, 3.4324, 5.1539, 5.4222, 4.8571, 4.7500,
        4.2750, 3.8636, 4.9714, 5.1053, 2.8333, 3.8537, 4.2619, 3.1842, 4.1500,
        3.4167, 3.2778, 4.3750, 3.5610, 4.1220, 5.1429, 2.4211, 2.3438, 4.0286,
        6.0256, 5.1667, 5.4615, 5.4737, 4.8788, 5.6512, 5.2105, 5.3429, 4.0526,
        5.7368, 5.6444, 3.8636, 5.4048, 3.6364, 4.2250, 5.6579, 5.6977, 5.2093,
        3.8095, 1.4762, 3.2500, 5.7750, 3.8889, 3.3429, 3.6053, 4.7027, 5.8125,
        4.5789, 6.0250, 6.0540, 5.8857, 0.2424, 1.9474, 3.8461, 5.1765, 4.6757,
        6.1316, 5.4571, 2.8710, 5.1316, 6.3095, 6.1351, 2.7949, 5.4375, 5.7179,
        3.1282, 1.2857, 3.4722, 5.7692, 4.4615, 5.1053, 2.7714, 3.2558, 5.2000,
        6.2857, 5.9000, 4.5278, 2.4000, 4.7714, 5.8372, 5.2432, 4.4000, 4.9460,
        4.4615, 5.4750, 5.3784, 5.1500, 4.1622, 0.3684, 1.8864, 4.5385, 5.7436,
        5.3256, 4.6944])]
[2019-02-26 13:02:43,747][INFO][Predicted:tensor([4.8095, 3.7859, 2.8936, 3.9552, 5.5418, 3.2120, 2.9157, 3.6507, 3.3871,
        3.4809, 3.1217, 4.2087, 5.2650, 4.5680, 3.3511, 3.3207, 4.8513, 3.8773,
        3.5972, 4.3796, 3.0010, 3.6103, 3.6657, 4.0165, 3.5287, 4.2865, 4.8900,
        3.6616, 3.4711, 5.2217, 3.8859, 3.9803, 4.0728, 2.8706, 3.0763, 3.8969,
        3.7224, 3.4193, 3.3148, 3.8739, 3.2954, 3.3907, 3.3765, 3.7700, 4.0210,
        3.3590, 2.9648, 4.9534, 3.8713, 4.3864, 3.6921, 4.4082, 4.7572, 3.9307,
        4.0133, 2.8876, 3.7972, 3.2567, 3.6734, 4.2693, 3.4041, 3.3331, 3.1104,
        4.0694, 4.1218, 3.8594, 3.8982, 3.0348, 3.5578, 4.0584, 4.4920, 3.8431,
        3.2894, 3.5250, 3.7033, 5.7389, 3.6920, 3.1921, 4.2521, 3.6383, 4.3235,
        3.5935, 2.9714, 3.2805, 3.1458, 4.3640, 3.6361, 4.2925, 4.7503, 4.6735,
        3.0377, 3.8351, 4.4373, 2.8801, 4.3950, 3.6324, 3.8759, 3.3890, 3.4312,
        3.7786, 3.5269], grad_fn=<CatBackward>)]
[2019-02-26 13:02:59,169][INFO][epoch:1	loss:tensor(4.5242, device='cuda:0')]
[2019-02-26 13:03:00,094][INFO][LCC:tensor(-0.0418, grad_fn=<DivBackward1>)]
[2019-02-26 13:03:00,095][INFO][Ground Truth:tensor([3.6111, 3.6667, 4.6744, 4.4359, 3.4324, 5.1539, 5.4222, 4.8571, 4.7500,
        4.2750, 3.8636, 4.9714, 5.1053, 2.8333, 3.8537, 4.2619, 3.1842, 4.1500,
        3.4167, 3.2778, 4.3750, 3.5610, 4.1220, 5.1429, 2.4211, 2.3438, 4.0286,
        6.0256, 5.1667, 5.4615, 5.4737, 4.8788, 5.6512, 5.2105, 5.3429, 4.0526,
        5.7368, 5.6444, 3.8636, 5.4048, 3.6364, 4.2250, 5.6579, 5.6977, 5.2093,
        3.8095, 1.4762, 3.2500, 5.7750, 3.8889, 3.3429, 3.6053, 4.7027, 5.8125,
        4.5789, 6.0250, 6.0540, 5.8857, 0.2424, 1.9474, 3.8461, 5.1765, 4.6757,
        6.1316, 5.4571, 2.8710, 5.1316, 6.3095, 6.1351, 2.7949, 5.4375, 5.7179,
        3.1282, 1.2857, 3.4722, 5.7692, 4.4615, 5.1053, 2.7714, 3.2558, 5.2000,
        6.2857, 5.9000, 4.5278, 2.4000, 4.7714, 5.8372, 5.2432, 4.4000, 4.9460,
        4.4615, 5.4750, 5.3784, 5.1500, 4.1622, 0.3684, 1.8864, 4.5385, 5.7436,
        5.3256, 4.6944])]
[2019-02-26 13:03:00,095][INFO][Predicted:tensor([4.7383, 3.8413, 3.1104, 3.9038, 5.5967, 3.3497, 2.9988, 4.0909, 3.7116,
        3.6203, 3.5489, 4.2334, 5.9453, 4.7086, 2.8899, 3.6616, 5.5295, 4.2986,
        3.7450, 4.4616, 3.3819, 3.9367, 3.8624, 4.5907, 3.8835, 4.2530, 4.9419,
        3.3838, 4.1616, 5.4312, 4.4144, 3.9895, 4.0791, 3.1313, 3.2099, 4.5564,
        4.3509, 3.5013, 3.6961, 3.9678, 3.3743, 3.7302, 3.6234, 3.9027, 4.0299,
        3.7761, 3.4745, 4.9106, 3.8414, 4.3887, 4.0209, 4.4283, 4.7958, 3.8520,
        4.4331, 3.2255, 3.8946, 3.5230, 4.0982, 4.4280, 3.5037, 3.4514, 3.5599,
        4.8041, 4.4891, 4.2536, 4.4506, 3.2379, 4.2485, 3.9372, 4.2528, 3.8169,
        3.6928, 3.7163, 3.7689, 5.8749, 3.8629, 3.4799, 4.5529, 3.9019, 5.0963,
        4.4033, 3.2798, 4.1299, 3.6980, 4.5274, 3.7741, 4.5022, 5.0634, 4.9744,
        3.5920, 4.2058, 4.7979, 3.4536, 4.5425, 3.8113, 3.8920, 3.9005, 2.8913,
        4.1539, 4.4197], grad_fn=<CatBackward>)]
[2019-02-26 13:03:15,678][INFO][epoch:2	loss:tensor(4.4099, device='cuda:0')]
[2019-02-26 13:03:16,115][INFO][LCC:tensor(-0.0199, grad_fn=<DivBackward1>)]
[2019-02-26 13:03:16,115][INFO][Ground Truth:tensor([3.6111, 3.6667, 4.6744, 4.4359, 3.4324, 5.1539, 5.4222, 4.8571, 4.7500,
        4.2750, 3.8636, 4.9714, 5.1053, 2.8333, 3.8537, 4.2619, 3.1842, 4.1500,
        3.4167, 3.2778, 4.3750, 3.5610, 4.1220, 5.1429, 2.4211, 2.3438, 4.0286,
        6.0256, 5.1667, 5.4615, 5.4737, 4.8788, 5.6512, 5.2105, 5.3429, 4.0526,
        5.7368, 5.6444, 3.8636, 5.4048, 3.6364, 4.2250, 5.6579, 5.6977, 5.2093,
        3.8095, 1.4762, 3.2500, 5.7750, 3.8889, 3.3429, 3.6053, 4.7027, 5.8125,
        4.5789, 6.0250, 6.0540, 5.8857, 0.2424, 1.9474, 3.8461, 5.1765, 4.6757,
        6.1316, 5.4571, 2.8710, 5.1316, 6.3095, 6.1351, 2.7949, 5.4375, 5.7179,
        3.1282, 1.2857, 3.4722, 5.7692, 4.4615, 5.1053, 2.7714, 3.2558, 5.2000,
        6.2857, 5.9000, 4.5278, 2.4000, 4.7714, 5.8372, 5.2432, 4.4000, 4.9460,
        4.4615, 5.4750, 5.3784, 5.1500, 4.1622, 0.3684, 1.8864, 4.5385, 5.7436,
        5.3256, 4.6944])]
[2019-02-26 13:03:16,116][INFO][Predicted:tensor([3.8340, 3.0843, 2.5779, 3.2404, 4.5471, 2.8641, 3.2193, 3.2426, 2.8712,
        2.7475, 2.8781, 3.6939, 4.8266, 4.0640, 3.2226, 3.3421, 4.2710, 3.4722,
        3.0299, 4.0263, 3.0906, 3.2746, 3.3078, 3.5674, 3.2432, 3.7330, 4.2053,
        3.1961, 3.7930, 4.4848, 3.8342, 3.4887, 3.4562, 2.8548, 2.5096, 4.1860,
        3.5969, 3.4130, 2.8470, 3.4373, 3.2747, 3.2443, 2.9856, 3.4582, 3.5149,
        3.2944, 3.0207, 4.1052, 3.3776, 3.5791, 3.7276, 3.7667, 3.8813, 3.3758,
        3.6559, 2.6663, 3.3709, 2.8763, 3.3971, 3.7618, 3.3487, 2.9681, 2.7681,
        3.7916, 4.1426, 3.0717, 3.4974, 2.4074, 3.7893, 3.4391, 4.0344, 3.5222,
        3.0280, 3.2317, 3.0984, 4.3082, 3.2418, 3.5841, 3.7814, 3.5446, 4.0460,
        3.7953, 2.5393, 2.9834, 3.0911, 3.7342, 3.3554, 3.9376, 4.2758, 4.0012,
        3.1813, 3.7996, 3.9143, 2.6551, 3.4470, 3.2962, 3.1467, 3.1692, 2.9911,
        3.2121, 3.5924], grad_fn=<CatBackward>)]
[2019-02-26 13:03:31,438][INFO][epoch:3	loss:tensor(4.3961, device='cuda:0')]
[2019-02-26 13:03:31,804][INFO][LCC:tensor(-0.0151, grad_fn=<DivBackward1>)]
[2019-02-26 13:03:31,805][INFO][Ground Truth:tensor([3.6111, 3.6667, 4.6744, 4.4359, 3.4324, 5.1539, 5.4222, 4.8571, 4.7500,
        4.2750, 3.8636, 4.9714, 5.1053, 2.8333, 3.8537, 4.2619, 3.1842, 4.1500,
        3.4167, 3.2778, 4.3750, 3.5610, 4.1220, 5.1429, 2.4211, 2.3438, 4.0286,
        6.0256, 5.1667, 5.4615, 5.4737, 4.8788, 5.6512, 5.2105, 5.3429, 4.0526,
        5.7368, 5.6444, 3.8636, 5.4048, 3.6364, 4.2250, 5.6579, 5.6977, 5.2093,
        3.8095, 1.4762, 3.2500, 5.7750, 3.8889, 3.3429, 3.6053, 4.7027, 5.8125,
        4.5789, 6.0250, 6.0540, 5.8857, 0.2424, 1.9474, 3.8461, 5.1765, 4.6757,
        6.1316, 5.4571, 2.8710, 5.1316, 6.3095, 6.1351, 2.7949, 5.4375, 5.7179,
        3.1282, 1.2857, 3.4722, 5.7692, 4.4615, 5.1053, 2.7714, 3.2558, 5.2000,
        6.2857, 5.9000, 4.5278, 2.4000, 4.7714, 5.8372, 5.2432, 4.4000, 4.9460,
        4.4615, 5.4750, 5.3784, 5.1500, 4.1622, 0.3684, 1.8864, 4.5385, 5.7436,
        5.3256, 4.6944])]
[2019-02-26 13:03:31,806][INFO][Predicted:tensor([4.5368, 3.7843, 2.7423, 3.2365, 5.4519, 3.2624, 3.2499, 3.7542, 3.4833,
        3.3074, 3.1936, 4.0790, 5.1079, 4.6267, 3.2062, 3.8039, 4.8758, 4.1479,
        3.4767, 4.2423, 3.0095, 3.9280, 3.5440, 4.1340, 3.4131, 3.9919, 4.5342,
        3.3858, 3.5747, 5.2431, 4.0768, 4.1517, 3.7467, 2.9973, 3.4982, 4.5379,
        3.7965, 3.2955, 3.2454, 3.7283, 3.4545, 3.6212, 3.4387, 3.9686, 3.6981,
        3.5572, 3.0185, 3.9932, 3.3485, 3.8715, 4.2170, 4.2197, 4.6090, 3.7165,
        3.7008, 3.1961, 3.7723, 3.5511, 3.8518, 4.3477, 3.3848, 3.0420, 3.5079,
        4.3550, 4.3062, 4.1057, 3.7508, 3.0944, 3.9776, 3.4251, 4.2136, 4.0850,
        3.2080, 3.6670, 3.4043, 5.3690, 3.5821, 3.4325, 3.8702, 3.6326, 4.7023,
        3.9040, 3.0856, 3.6040, 3.2489, 4.0009, 3.7221, 4.1801, 4.4545, 4.5328,
        3.5633, 3.9450, 4.4447, 3.1767, 4.5102, 3.7441, 3.8979, 3.5785, 3.5460,
        3.9758, 3.8413], grad_fn=<CatBackward>)]
[2019-02-26 13:03:46,853][INFO][epoch:4	loss:tensor(4.4083, device='cuda:0')]
[2019-02-26 13:03:47,257][INFO][LCC:tensor(-0.0097, grad_fn=<DivBackward1>)]
[2019-02-26 13:03:47,258][INFO][Ground Truth:tensor([3.6111, 3.6667, 4.6744, 4.4359, 3.4324, 5.1539, 5.4222, 4.8571, 4.7500,
        4.2750, 3.8636, 4.9714, 5.1053, 2.8333, 3.8537, 4.2619, 3.1842, 4.1500,
        3.4167, 3.2778, 4.3750, 3.5610, 4.1220, 5.1429, 2.4211, 2.3438, 4.0286,
        6.0256, 5.1667, 5.4615, 5.4737, 4.8788, 5.6512, 5.2105, 5.3429, 4.0526,
        5.7368, 5.6444, 3.8636, 5.4048, 3.6364, 4.2250, 5.6579, 5.6977, 5.2093,
        3.8095, 1.4762, 3.2500, 5.7750, 3.8889, 3.3429, 3.6053, 4.7027, 5.8125,
        4.5789, 6.0250, 6.0540, 5.8857, 0.2424, 1.9474, 3.8461, 5.1765, 4.6757,
        6.1316, 5.4571, 2.8710, 5.1316, 6.3095, 6.1351, 2.7949, 5.4375, 5.7179,
        3.1282, 1.2857, 3.4722, 5.7692, 4.4615, 5.1053, 2.7714, 3.2558, 5.2000,
        6.2857, 5.9000, 4.5278, 2.4000, 4.7714, 5.8372, 5.2432, 4.4000, 4.9460,
        4.4615, 5.4750, 5.3784, 5.1500, 4.1622, 0.3684, 1.8864, 4.5385, 5.7436,
        5.3256, 4.6944])]
[2019-02-26 13:03:47,259][INFO][Predicted:tensor([4.9203, 3.8789, 3.1985, 3.9158, 5.6779, 3.5701, 3.5831, 3.8472, 4.1494,
        3.5483, 3.4393, 4.8894, 5.7085, 4.9590, 3.4411, 3.9947, 5.3279, 4.2586,
        3.7154, 4.8195, 3.6691, 3.8237, 3.6955, 4.0090, 3.7486, 4.4684, 4.6994,
        3.4562, 4.3012, 5.6811, 4.3043, 4.2152, 4.3414, 3.4431, 3.2384, 4.6779,
        4.3087, 3.7800, 3.6222, 3.9605, 3.6177, 4.1547, 3.7286, 4.1315, 4.2019,
        3.8673, 3.4282, 4.8569, 3.7046, 4.4365, 4.0787, 4.5786, 4.8276, 4.2462,
        4.2246, 3.4406, 4.0871, 3.6033, 3.9048, 4.9193, 3.8528, 4.0284, 3.6182,
        4.8505, 4.5743, 4.2285, 4.5604, 3.5301, 3.9584, 3.9439, 4.9200, 4.3287,
        3.3355, 4.1465, 3.7666, 5.5369, 3.9582, 3.8711, 4.4680, 3.8433, 5.0005,
        4.2897, 3.3914, 3.9370, 4.0905, 4.3316, 3.8045, 4.6896, 4.7866, 4.9503,
        3.6337, 4.2211, 4.7653, 3.6485, 4.6853, 3.7828, 4.0794, 3.9826, 3.6007,
        4.2235, 4.1737], grad_fn=<CatBackward>)]
[2019-02-26 13:04:02,268][INFO][epoch:5	loss:tensor(4.3493, device='cuda:0')]
[2019-02-26 13:04:02,662][INFO][LCC:tensor(-0.0453, grad_fn=<DivBackward1>)]
[2019-02-26 13:04:02,662][INFO][Ground Truth:tensor([3.6111, 3.6667, 4.6744, 4.4359, 3.4324, 5.1539, 5.4222, 4.8571, 4.7500,
        4.2750, 3.8636, 4.9714, 5.1053, 2.8333, 3.8537, 4.2619, 3.1842, 4.1500,
        3.4167, 3.2778, 4.3750, 3.5610, 4.1220, 5.1429, 2.4211, 2.3438, 4.0286,
        6.0256, 5.1667, 5.4615, 5.4737, 4.8788, 5.6512, 5.2105, 5.3429, 4.0526,
        5.7368, 5.6444, 3.8636, 5.4048, 3.6364, 4.2250, 5.6579, 5.6977, 5.2093,
        3.8095, 1.4762, 3.2500, 5.7750, 3.8889, 3.3429, 3.6053, 4.7027, 5.8125,
        4.5789, 6.0250, 6.0540, 5.8857, 0.2424, 1.9474, 3.8461, 5.1765, 4.6757,
        6.1316, 5.4571, 2.8710, 5.1316, 6.3095, 6.1351, 2.7949, 5.4375, 5.7179,
        3.1282, 1.2857, 3.4722, 5.7692, 4.4615, 5.1053, 2.7714, 3.2558, 5.2000,
        6.2857, 5.9000, 4.5278, 2.4000, 4.7714, 5.8372, 5.2432, 4.4000, 4.9460,
        4.4615, 5.4750, 5.3784, 5.1500, 4.1622, 0.3684, 1.8864, 4.5385, 5.7436,
        5.3256, 4.6944])]
[2019-02-26 13:04:02,663][INFO][Predicted:tensor([4.1827, 3.2945, 2.7207, 3.2894, 4.6563, 2.9832, 2.9004, 3.1644, 3.1079,
        2.9174, 2.8510, 3.5916, 4.2738, 4.0101, 2.8785, 3.0778, 4.3210, 3.4670,
        3.0300, 3.6709, 2.9789, 3.2917, 3.3177, 3.1059, 3.3087, 3.6035, 3.9646,
        2.9297, 3.6184, 4.4887, 3.6120, 3.5435, 3.4342, 2.7996, 2.9146, 3.8128,
        3.4998, 2.9923, 2.8431, 3.2883, 3.5803, 3.3298, 3.6067, 3.2453, 3.5054,
        3.2123, 2.8103, 3.6665, 3.3072, 3.5534, 3.7961, 3.5812, 3.8849, 3.1705,
        3.2838, 2.8071, 3.2372, 2.6045, 3.2820, 3.8616, 3.0880, 3.3280, 3.0152,
        3.4511, 3.9718, 3.4244, 3.6618, 2.6310, 3.4642, 3.1748, 3.4529, 3.4586,
        3.2026, 3.5749, 2.9804, 4.8447, 3.2679, 2.8622, 3.4645, 3.2189, 3.7146,
        3.7660, 2.8959, 3.2493, 3.1989, 3.7880, 3.7072, 3.6865, 3.9051, 4.0222,
        3.1322, 3.6233, 3.7607, 2.9137, 3.7088, 3.1891, 3.4632, 3.3985, 3.3620,
        3.5506, 3.6732], grad_fn=<CatBackward>)]
[2019-02-26 13:04:17,781][INFO][epoch:6	loss:tensor(4.3670, device='cuda:0')]
[2019-02-26 13:04:18,202][INFO][LCC:tensor(-0.0481, grad_fn=<DivBackward1>)]
[2019-02-26 13:04:18,203][INFO][Ground Truth:tensor([3.6111, 3.6667, 4.6744, 4.4359, 3.4324, 5.1539, 5.4222, 4.8571, 4.7500,
        4.2750, 3.8636, 4.9714, 5.1053, 2.8333, 3.8537, 4.2619, 3.1842, 4.1500,
        3.4167, 3.2778, 4.3750, 3.5610, 4.1220, 5.1429, 2.4211, 2.3438, 4.0286,
        6.0256, 5.1667, 5.4615, 5.4737, 4.8788, 5.6512, 5.2105, 5.3429, 4.0526,
        5.7368, 5.6444, 3.8636, 5.4048, 3.6364, 4.2250, 5.6579, 5.6977, 5.2093,
        3.8095, 1.4762, 3.2500, 5.7750, 3.8889, 3.3429, 3.6053, 4.7027, 5.8125,
        4.5789, 6.0250, 6.0540, 5.8857, 0.2424, 1.9474, 3.8461, 5.1765, 4.6757,
        6.1316, 5.4571, 2.8710, 5.1316, 6.3095, 6.1351, 2.7949, 5.4375, 5.7179,
        3.1282, 1.2857, 3.4722, 5.7692, 4.4615, 5.1053, 2.7714, 3.2558, 5.2000,
        6.2857, 5.9000, 4.5278, 2.4000, 4.7714, 5.8372, 5.2432, 4.4000, 4.9460,
        4.4615, 5.4750, 5.3784, 5.1500, 4.1622, 0.3684, 1.8864, 4.5385, 5.7436,
        5.3256, 4.6944])]
[2019-02-26 13:04:18,203][INFO][Predicted:tensor([3.8856, 3.1591, 2.5105, 3.6617, 4.6059, 2.7097, 3.1542, 3.1045, 2.7879,
        3.0550, 2.8909, 3.8717, 4.5914, 4.0347, 3.2500, 3.2854, 4.1948, 3.4582,
        3.0202, 3.8189, 3.0976, 3.6440, 3.1534, 3.2891, 3.5038, 3.7735, 4.1987,
        3.0854, 3.5214, 4.5752, 3.4356, 3.5683, 3.1252, 2.9063, 3.1135, 4.1338,
        3.5700, 3.2092, 3.0296, 3.5677, 3.0738, 3.0172, 3.2283, 3.5374, 3.5781,
        3.1085, 2.9320, 3.7629, 3.1535, 3.4456, 3.8979, 3.8587, 3.9659, 3.4849,
        3.0182, 2.8216, 3.1330, 3.2154, 3.3283, 4.0622, 3.1934, 2.9876, 2.8999,
        3.4044, 3.8173, 3.4088, 3.4340, 2.9417, 3.3809, 3.2652, 3.8874, 3.7520,
        2.9940, 3.3574, 3.0366, 4.5166, 2.9104, 3.3049, 3.3921, 3.2778, 3.8368,
        3.4583, 2.8631, 2.8405, 3.2734, 3.3499, 3.7187, 3.7828, 3.8477, 4.0754,
        3.1138, 3.7648, 3.8907, 2.9727, 3.8697, 3.2189, 3.3393, 2.9548, 2.8681,
        3.4074, 3.5400], grad_fn=<CatBackward>)]
[2019-02-26 13:04:33,125][INFO][epoch:7	loss:tensor(4.3152, device='cuda:0')]
[2019-02-26 13:04:33,513][INFO][LCC:tensor(0.0347, grad_fn=<DivBackward1>)]
[2019-02-26 13:04:33,514][INFO][Ground Truth:tensor([3.6111, 3.6667, 4.6744, 4.4359, 3.4324, 5.1539, 5.4222, 4.8571, 4.7500,
        4.2750, 3.8636, 4.9714, 5.1053, 2.8333, 3.8537, 4.2619, 3.1842, 4.1500,
        3.4167, 3.2778, 4.3750, 3.5610, 4.1220, 5.1429, 2.4211, 2.3438, 4.0286,
        6.0256, 5.1667, 5.4615, 5.4737, 4.8788, 5.6512, 5.2105, 5.3429, 4.0526,
        5.7368, 5.6444, 3.8636, 5.4048, 3.6364, 4.2250, 5.6579, 5.6977, 5.2093,
        3.8095, 1.4762, 3.2500, 5.7750, 3.8889, 3.3429, 3.6053, 4.7027, 5.8125,
        4.5789, 6.0250, 6.0540, 5.8857, 0.2424, 1.9474, 3.8461, 5.1765, 4.6757,
        6.1316, 5.4571, 2.8710, 5.1316, 6.3095, 6.1351, 2.7949, 5.4375, 5.7179,
        3.1282, 1.2857, 3.4722, 5.7692, 4.4615, 5.1053, 2.7714, 3.2558, 5.2000,
        6.2857, 5.9000, 4.5278, 2.4000, 4.7714, 5.8372, 5.2432, 4.4000, 4.9460,
        4.4615, 5.4750, 5.3784, 5.1500, 4.1622, 0.3684, 1.8864, 4.5385, 5.7436,
        5.3256, 4.6944])]
[2019-02-26 13:04:33,515][INFO][Predicted:tensor([3.8889, 3.2252, 2.9680, 3.5353, 4.7801, 3.0996, 3.1663, 3.3938, 3.3333,
        2.9661, 3.2639, 3.8595, 4.9425, 4.2732, 3.3742, 3.5735, 4.5526, 3.8297,
        3.1577, 4.0295, 3.3787, 3.5773, 3.3602, 3.8873, 3.6935, 3.7752, 4.2164,
        3.1779, 3.9974, 5.0681, 3.8852, 3.5706, 3.6629, 2.9083, 3.5197, 3.9293,
        4.0795, 3.2924, 3.3567, 3.6031, 3.4084, 3.6764, 3.3702, 3.3810, 3.6015,
        3.4218, 3.2700, 3.9973, 3.5389, 4.4568, 3.8510, 4.0381, 4.3253, 3.6131,
        3.2341, 3.1030, 3.4813, 3.3347, 3.5648, 4.0830, 3.4241, 2.9756, 2.8737,
        4.5205, 4.4597, 3.2376, 4.1415, 3.2498, 3.7245, 3.4122, 3.9676, 3.5370,
        2.9492, 4.0215, 3.1951, 4.7176, 3.5660, 3.2878, 3.6961, 4.0029, 4.1895,
        3.8989, 2.9762, 3.0507, 3.2372, 4.0409, 3.7187, 4.0461, 4.3002, 4.0101,
        3.8134, 3.7034, 4.0933, 3.0225, 3.8998, 3.1850, 3.1785, 3.3961, 3.5323,
        3.5042, 3.6262], grad_fn=<CatBackward>)]
[2019-02-26 13:04:48,571][INFO][epoch:8	loss:tensor(4.2883, device='cuda:0')]
[2019-02-26 13:04:48,973][INFO][LCC:tensor(-0.0306, grad_fn=<DivBackward1>)]
[2019-02-26 13:04:48,973][INFO][Ground Truth:tensor([3.6111, 3.6667, 4.6744, 4.4359, 3.4324, 5.1539, 5.4222, 4.8571, 4.7500,
        4.2750, 3.8636, 4.9714, 5.1053, 2.8333, 3.8537, 4.2619, 3.1842, 4.1500,
        3.4167, 3.2778, 4.3750, 3.5610, 4.1220, 5.1429, 2.4211, 2.3438, 4.0286,
        6.0256, 5.1667, 5.4615, 5.4737, 4.8788, 5.6512, 5.2105, 5.3429, 4.0526,
        5.7368, 5.6444, 3.8636, 5.4048, 3.6364, 4.2250, 5.6579, 5.6977, 5.2093,
        3.8095, 1.4762, 3.2500, 5.7750, 3.8889, 3.3429, 3.6053, 4.7027, 5.8125,
        4.5789, 6.0250, 6.0540, 5.8857, 0.2424, 1.9474, 3.8461, 5.1765, 4.6757,
        6.1316, 5.4571, 2.8710, 5.1316, 6.3095, 6.1351, 2.7949, 5.4375, 5.7179,
        3.1282, 1.2857, 3.4722, 5.7692, 4.4615, 5.1053, 2.7714, 3.2558, 5.2000,
        6.2857, 5.9000, 4.5278, 2.4000, 4.7714, 5.8372, 5.2432, 4.4000, 4.9460,
        4.4615, 5.4750, 5.3784, 5.1500, 4.1622, 0.3684, 1.8864, 4.5385, 5.7436,
        5.3256, 4.6944])]
[2019-02-26 13:04:48,974][INFO][Predicted:tensor([4.3854, 3.3880, 2.8666, 3.7717, 4.9804, 3.0109, 3.2298, 3.5246, 3.5108,
        3.1606, 2.9290, 4.2823, 4.7567, 4.5806, 3.1644, 3.5808, 4.4480, 3.8196,
        3.3078, 4.0592, 3.4046, 3.9619, 3.5495, 3.6207, 4.2681, 3.7441, 4.1123,
        3.1187, 4.0068, 4.8309, 4.0785, 3.7510, 3.8140, 3.2188, 3.3419, 4.2274,
        3.7601, 3.7812, 3.4380, 3.8694, 3.6612, 3.8286, 4.1610, 3.7614, 3.7590,
        3.4705, 3.2755, 4.0549, 3.5257, 4.1467, 4.5333, 4.0514, 4.2904, 3.6938,
        3.6661, 3.2168, 3.6366, 3.4490, 3.6981, 4.4757, 3.4352, 3.2685, 3.5672,
        4.6468, 4.0609, 3.8500, 4.3100, 3.1653, 4.1596, 3.7912, 4.1813, 3.9555,
        3.3203, 3.7773, 3.3397, 5.0464, 3.4452, 3.3882, 4.0067, 3.7131, 4.1249,
        4.1282, 3.0727, 3.4882, 4.0695, 3.9949, 3.7575, 4.0357, 4.4532, 4.2305,
        3.7794, 3.9796, 4.2163, 3.2341, 4.4059, 3.4340, 3.4942, 3.8454, 3.6173,
        3.1981, 4.0195], grad_fn=<CatBackward>)]
[2019-02-26 13:05:03,936][INFO][epoch:9	loss:tensor(4.3258, device='cuda:0')]
[2019-02-26 13:05:04,369][INFO][LCC:tensor(-0.0090, grad_fn=<DivBackward1>)]
[2019-02-26 13:05:04,370][INFO][Ground Truth:tensor([3.6111, 3.6667, 4.6744, 4.4359, 3.4324, 5.1539, 5.4222, 4.8571, 4.7500,
        4.2750, 3.8636, 4.9714, 5.1053, 2.8333, 3.8537, 4.2619, 3.1842, 4.1500,
        3.4167, 3.2778, 4.3750, 3.5610, 4.1220, 5.1429, 2.4211, 2.3438, 4.0286,
        6.0256, 5.1667, 5.4615, 5.4737, 4.8788, 5.6512, 5.2105, 5.3429, 4.0526,
        5.7368, 5.6444, 3.8636, 5.4048, 3.6364, 4.2250, 5.6579, 5.6977, 5.2093,
        3.8095, 1.4762, 3.2500, 5.7750, 3.8889, 3.3429, 3.6053, 4.7027, 5.8125,
        4.5789, 6.0250, 6.0540, 5.8857, 0.2424, 1.9474, 3.8461, 5.1765, 4.6757,
        6.1316, 5.4571, 2.8710, 5.1316, 6.3095, 6.1351, 2.7949, 5.4375, 5.7179,
        3.1282, 1.2857, 3.4722, 5.7692, 4.4615, 5.1053, 2.7714, 3.2558, 5.2000,
        6.2857, 5.9000, 4.5278, 2.4000, 4.7714, 5.8372, 5.2432, 4.4000, 4.9460,
        4.4615, 5.4750, 5.3784, 5.1500, 4.1622, 0.3684, 1.8864, 4.5385, 5.7436,
        5.3256, 4.6944])]
[2019-02-26 13:05:04,371][INFO][Predicted:tensor([4.3099, 3.2873, 3.0650, 3.9833, 4.7021, 3.0127, 3.3373, 3.3667, 3.3780,
        2.8656, 3.2843, 4.1243, 4.5835, 4.0731, 3.2749, 3.4973, 4.4098, 3.7860,
        3.2824, 4.1501, 3.3089, 3.8148, 3.3544, 3.4652, 3.7550, 3.7428, 4.2800,
        3.2807, 3.7160, 4.6237, 3.7837, 3.4943, 3.4352, 3.0517, 3.2843, 4.3903,
        3.9795, 3.2659, 3.1038, 3.9553, 3.4848, 3.4246, 3.5007, 3.4093, 3.6786,
        3.4457, 3.0634, 4.1295, 3.6554, 3.7143, 3.8545, 3.8390, 3.9828, 3.5525,
        3.5364, 2.9236, 3.3822, 3.2295, 3.4066, 4.2782, 3.4014, 3.0266, 3.0518,
        3.8317, 3.3666, 3.6317, 3.8054, 3.4929, 3.9134, 3.3784, 4.1050, 3.8072,
        3.1313, 3.7125, 3.2122, 4.5682, 3.1267, 3.7556, 3.8868, 3.7125, 3.7632,
        3.8213, 3.1084, 3.2584, 3.3563, 3.6771, 3.8208, 4.1907, 3.8908, 3.9988,
        3.5618, 3.8964, 4.0736, 3.1151, 3.7273, 3.2432, 3.6854, 3.7565, 3.5224,
        3.8887, 3.9110], grad_fn=<CatBackward>)]
[2019-02-26 13:05:19,276][INFO][epoch:10	loss:tensor(4.3104, device='cuda:0')]
[2019-02-26 13:05:19,673][INFO][LCC:tensor(0.0597, grad_fn=<DivBackward1>)]
[2019-02-26 13:05:19,673][INFO][Ground Truth:tensor([3.6111, 3.6667, 4.6744, 4.4359, 3.4324, 5.1539, 5.4222, 4.8571, 4.7500,
        4.2750, 3.8636, 4.9714, 5.1053, 2.8333, 3.8537, 4.2619, 3.1842, 4.1500,
        3.4167, 3.2778, 4.3750, 3.5610, 4.1220, 5.1429, 2.4211, 2.3438, 4.0286,
        6.0256, 5.1667, 5.4615, 5.4737, 4.8788, 5.6512, 5.2105, 5.3429, 4.0526,
        5.7368, 5.6444, 3.8636, 5.4048, 3.6364, 4.2250, 5.6579, 5.6977, 5.2093,
        3.8095, 1.4762, 3.2500, 5.7750, 3.8889, 3.3429, 3.6053, 4.7027, 5.8125,
        4.5789, 6.0250, 6.0540, 5.8857, 0.2424, 1.9474, 3.8461, 5.1765, 4.6757,
        6.1316, 5.4571, 2.8710, 5.1316, 6.3095, 6.1351, 2.7949, 5.4375, 5.7179,
        3.1282, 1.2857, 3.4722, 5.7692, 4.4615, 5.1053, 2.7714, 3.2558, 5.2000,
        6.2857, 5.9000, 4.5278, 2.4000, 4.7714, 5.8372, 5.2432, 4.4000, 4.9460,
        4.4615, 5.4750, 5.3784, 5.1500, 4.1622, 0.3684, 1.8864, 4.5385, 5.7436,
        5.3256, 4.6944])]
[2019-02-26 13:05:19,674][INFO][Predicted:tensor([3.9716, 3.0916, 2.7191, 3.4605, 4.3273, 2.8791, 3.0976, 3.0693, 3.1163,
        2.7996, 3.0549, 4.1203, 3.8250, 4.0510, 3.0993, 3.3013, 4.0944, 3.5210,
        2.9797, 3.6241, 2.8899, 3.2646, 3.2053, 3.6049, 3.0349, 3.5501, 3.6137,
        2.8882, 3.4391, 4.2828, 3.4952, 3.5354, 3.0325, 2.9202, 3.0698, 4.0944,
        3.7402, 3.5475, 3.0984, 3.5637, 3.3324, 3.4047, 3.2517, 3.4991, 3.9079,
        3.3669, 2.9137, 3.9369, 3.5182, 3.7271, 4.0453, 3.7483, 3.7880, 3.2557,
        3.3389, 2.9729, 3.2020, 3.1313, 3.2733, 3.9115, 3.0494, 3.1464, 3.0593,
        4.1610, 3.8584, 3.5406, 3.5388, 3.1631, 3.5296, 3.0409, 3.8123, 3.7124,
        2.8320, 3.7432, 3.0370, 4.3112, 3.0633, 3.3871, 3.6069, 3.4449, 4.0000,
        3.4969, 2.9965, 3.2271, 3.2829, 3.7185, 3.4949, 4.1066, 4.1301, 3.9227,
        3.2076, 3.8954, 3.6639, 2.8897, 3.7682, 2.9387, 3.0231, 3.3937, 2.8556,
        3.4757, 3.6546], grad_fn=<CatBackward>)]
[2019-02-26 13:05:34,663][INFO][epoch:11	loss:tensor(4.2939, device='cuda:0')]
[2019-02-26 13:05:35,079][INFO][LCC:tensor(0.0137, grad_fn=<DivBackward1>)]
[2019-02-26 13:05:35,079][INFO][Ground Truth:tensor([3.6111, 3.6667, 4.6744, 4.4359, 3.4324, 5.1539, 5.4222, 4.8571, 4.7500,
        4.2750, 3.8636, 4.9714, 5.1053, 2.8333, 3.8537, 4.2619, 3.1842, 4.1500,
        3.4167, 3.2778, 4.3750, 3.5610, 4.1220, 5.1429, 2.4211, 2.3438, 4.0286,
        6.0256, 5.1667, 5.4615, 5.4737, 4.8788, 5.6512, 5.2105, 5.3429, 4.0526,
        5.7368, 5.6444, 3.8636, 5.4048, 3.6364, 4.2250, 5.6579, 5.6977, 5.2093,
        3.8095, 1.4762, 3.2500, 5.7750, 3.8889, 3.3429, 3.6053, 4.7027, 5.8125,
        4.5789, 6.0250, 6.0540, 5.8857, 0.2424, 1.9474, 3.8461, 5.1765, 4.6757,
        6.1316, 5.4571, 2.8710, 5.1316, 6.3095, 6.1351, 2.7949, 5.4375, 5.7179,
        3.1282, 1.2857, 3.4722, 5.7692, 4.4615, 5.1053, 2.7714, 3.2558, 5.2000,
        6.2857, 5.9000, 4.5278, 2.4000, 4.7714, 5.8372, 5.2432, 4.4000, 4.9460,
        4.4615, 5.4750, 5.3784, 5.1500, 4.1622, 0.3684, 1.8864, 4.5385, 5.7436,
        5.3256, 4.6944])]
[2019-02-26 13:05:35,080][INFO][Predicted:tensor([3.9287, 2.9531, 2.8421, 3.6119, 4.4156, 3.2455, 3.4554, 3.6161, 3.0647,
        2.9838, 3.1617, 3.8118, 4.6615, 4.1039, 3.0467, 3.2390, 4.1666, 3.6205,
        2.9977, 3.9144, 3.1399, 3.0787, 3.0520, 3.4412, 3.6421, 3.5670, 4.1777,
        3.3853, 3.2126, 4.7133, 3.3893, 3.7062, 3.4083, 2.9529, 3.0221, 4.0326,
        3.7311, 2.8150, 3.3315, 3.5888, 3.1899, 3.5991, 3.6178, 3.6449, 3.7876,
        3.2329, 2.9289, 4.0373, 3.4046, 3.8136, 4.1327, 3.8236, 4.1348, 3.5162,
        3.5971, 3.1708, 3.3893, 3.0862, 3.4265, 3.7538, 2.9282, 3.0142, 3.2586,
        4.0643, 3.8183, 3.5580, 3.6082, 2.7849, 3.7200, 3.3343, 3.6767, 3.4679,
        3.2795, 3.5597, 3.0375, 4.7078, 3.2229, 3.4448, 4.0391, 3.6834, 3.7493,
        3.3642, 3.0871, 3.2781, 3.4534, 3.7835, 3.5301, 4.2258, 4.0439, 3.8801,
        3.6342, 3.5831, 3.9394, 3.0756, 3.7961, 3.2810, 2.9681, 3.4246, 3.2499,
        3.3678, 3.7628], grad_fn=<CatBackward>)]
[2019-02-26 13:05:50,112][INFO][epoch:12	loss:tensor(4.2765, device='cuda:0')]
[2019-02-26 13:05:50,523][INFO][LCC:tensor(0.0251, grad_fn=<DivBackward1>)]
[2019-02-26 13:05:50,523][INFO][Ground Truth:tensor([3.6111, 3.6667, 4.6744, 4.4359, 3.4324, 5.1539, 5.4222, 4.8571, 4.7500,
        4.2750, 3.8636, 4.9714, 5.1053, 2.8333, 3.8537, 4.2619, 3.1842, 4.1500,
        3.4167, 3.2778, 4.3750, 3.5610, 4.1220, 5.1429, 2.4211, 2.3438, 4.0286,
        6.0256, 5.1667, 5.4615, 5.4737, 4.8788, 5.6512, 5.2105, 5.3429, 4.0526,
        5.7368, 5.6444, 3.8636, 5.4048, 3.6364, 4.2250, 5.6579, 5.6977, 5.2093,
        3.8095, 1.4762, 3.2500, 5.7750, 3.8889, 3.3429, 3.6053, 4.7027, 5.8125,
        4.5789, 6.0250, 6.0540, 5.8857, 0.2424, 1.9474, 3.8461, 5.1765, 4.6757,
        6.1316, 5.4571, 2.8710, 5.1316, 6.3095, 6.1351, 2.7949, 5.4375, 5.7179,
        3.1282, 1.2857, 3.4722, 5.7692, 4.4615, 5.1053, 2.7714, 3.2558, 5.2000,
        6.2857, 5.9000, 4.5278, 2.4000, 4.7714, 5.8372, 5.2432, 4.4000, 4.9460,
        4.4615, 5.4750, 5.3784, 5.1500, 4.1622, 0.3684, 1.8864, 4.5385, 5.7436,
        5.3256, 4.6944])]
[2019-02-26 13:05:50,524][INFO][Predicted:tensor([3.9927, 3.1384, 2.9655, 3.8487, 4.7148, 3.0043, 3.3451, 3.2830, 3.1587,
        3.1990, 3.0887, 4.0316, 4.7063, 4.1196, 3.2023, 3.2320, 4.1373, 3.7813,
        3.1741, 4.0303, 3.2052, 3.3390, 3.2629, 3.6483, 3.4602, 3.6312, 4.0738,
        3.0018, 3.4166, 4.2489, 3.8042, 3.6857, 3.2042, 3.1347, 2.7722, 4.0729,
        3.8034, 3.3429, 3.0352, 3.7337, 3.2479, 3.4772, 3.5138, 3.8310, 3.4303,
        3.2334, 2.7969, 3.5872, 3.3852, 3.7277, 3.6912, 3.9150, 3.9819, 3.2520,
        3.5593, 3.0362, 3.3951, 3.3545, 3.2854, 4.1276, 3.2872, 3.3904, 3.0568,
        4.1388, 3.7995, 3.5534, 3.3276, 3.4515, 3.6534, 3.5304, 4.0755, 3.7831,
        3.0677, 3.8578, 3.1314, 4.5582, 3.2821, 3.3555, 4.0387, 3.5885, 3.9614,
        3.2690, 2.9902, 3.2003, 3.1119, 3.5802, 3.1589, 4.1231, 3.8120, 3.9634,
        2.8195, 3.6074, 4.0733, 2.7610, 3.7722, 3.0802, 3.3210, 3.7393, 3.3415,
        3.6643, 3.9235], grad_fn=<CatBackward>)]
[2019-02-26 13:06:05,550][INFO][epoch:13	loss:tensor(4.3737, device='cuda:0')]
[2019-02-26 13:06:05,950][INFO][LCC:tensor(-0.0013, grad_fn=<DivBackward1>)]
[2019-02-26 13:06:05,951][INFO][Ground Truth:tensor([3.6111, 3.6667, 4.6744, 4.4359, 3.4324, 5.1539, 5.4222, 4.8571, 4.7500,
        4.2750, 3.8636, 4.9714, 5.1053, 2.8333, 3.8537, 4.2619, 3.1842, 4.1500,
        3.4167, 3.2778, 4.3750, 3.5610, 4.1220, 5.1429, 2.4211, 2.3438, 4.0286,
        6.0256, 5.1667, 5.4615, 5.4737, 4.8788, 5.6512, 5.2105, 5.3429, 4.0526,
        5.7368, 5.6444, 3.8636, 5.4048, 3.6364, 4.2250, 5.6579, 5.6977, 5.2093,
        3.8095, 1.4762, 3.2500, 5.7750, 3.8889, 3.3429, 3.6053, 4.7027, 5.8125,
        4.5789, 6.0250, 6.0540, 5.8857, 0.2424, 1.9474, 3.8461, 5.1765, 4.6757,
        6.1316, 5.4571, 2.8710, 5.1316, 6.3095, 6.1351, 2.7949, 5.4375, 5.7179,
        3.1282, 1.2857, 3.4722, 5.7692, 4.4615, 5.1053, 2.7714, 3.2558, 5.2000,
        6.2857, 5.9000, 4.5278, 2.4000, 4.7714, 5.8372, 5.2432, 4.4000, 4.9460,
        4.4615, 5.4750, 5.3784, 5.1500, 4.1622, 0.3684, 1.8864, 4.5385, 5.7436,
        5.3256, 4.6944])]
[2019-02-26 13:06:05,952][INFO][Predicted:tensor([4.5631, 3.5871, 2.8185, 4.0993, 4.9188, 3.3190, 3.5801, 3.6688, 3.1965,
        3.3019, 3.3699, 4.5440, 4.7652, 4.4075, 3.7621, 3.6441, 4.8287, 4.0686,
        3.3534, 3.8795, 3.5159, 3.9099, 3.6058, 4.0049, 4.3184, 4.0592, 4.5433,
        3.1023, 3.8483, 4.8838, 4.4985, 3.9890, 3.1716, 3.1991, 3.3415, 4.5767,
        4.5630, 3.4793, 3.7111, 4.1036, 3.4340, 3.9552, 3.8287, 3.9175, 4.1303,
        3.6653, 3.1691, 3.9983, 3.5368, 4.2311, 4.3930, 4.1084, 4.4557, 3.8811,
        3.6886, 3.2831, 3.7472, 3.6633, 3.5332, 4.8027, 3.7744, 3.6511, 3.6198,
        4.5252, 4.4125, 3.5262, 4.3989, 3.2121, 4.1057, 3.7234, 4.5899, 4.3776,
        3.1666, 4.3718, 3.1964, 4.9164, 3.4160, 3.7507, 4.3446, 3.7720, 4.4543,
        3.8517, 3.2702, 3.8235, 3.7698, 4.2921, 3.6003, 4.0067, 3.9809, 4.2917,
        3.5342, 4.2050, 4.3375, 3.4470, 4.0693, 3.5507, 3.4716, 3.8972, 3.4960,
        3.9381, 4.0944], grad_fn=<CatBackward>)]
[2019-02-26 13:06:20,990][INFO][epoch:14	loss:tensor(4.3343, device='cuda:0')]
[2019-02-26 13:06:21,375][INFO][LCC:tensor(0.0459, grad_fn=<DivBackward1>)]
[2019-02-26 13:06:21,376][INFO][Ground Truth:tensor([3.6111, 3.6667, 4.6744, 4.4359, 3.4324, 5.1539, 5.4222, 4.8571, 4.7500,
        4.2750, 3.8636, 4.9714, 5.1053, 2.8333, 3.8537, 4.2619, 3.1842, 4.1500,
        3.4167, 3.2778, 4.3750, 3.5610, 4.1220, 5.1429, 2.4211, 2.3438, 4.0286,
        6.0256, 5.1667, 5.4615, 5.4737, 4.8788, 5.6512, 5.2105, 5.3429, 4.0526,
        5.7368, 5.6444, 3.8636, 5.4048, 3.6364, 4.2250, 5.6579, 5.6977, 5.2093,
        3.8095, 1.4762, 3.2500, 5.7750, 3.8889, 3.3429, 3.6053, 4.7027, 5.8125,
        4.5789, 6.0250, 6.0540, 5.8857, 0.2424, 1.9474, 3.8461, 5.1765, 4.6757,
        6.1316, 5.4571, 2.8710, 5.1316, 6.3095, 6.1351, 2.7949, 5.4375, 5.7179,
        3.1282, 1.2857, 3.4722, 5.7692, 4.4615, 5.1053, 2.7714, 3.2558, 5.2000,
        6.2857, 5.9000, 4.5278, 2.4000, 4.7714, 5.8372, 5.2432, 4.4000, 4.9460,
        4.4615, 5.4750, 5.3784, 5.1500, 4.1622, 0.3684, 1.8864, 4.5385, 5.7436,
        5.3256, 4.6944])]
[2019-02-26 13:06:21,376][INFO][Predicted:tensor([4.2192, 3.2768, 2.8967, 3.5954, 4.4888, 3.5413, 3.2607, 3.7545, 3.5130,
        3.3072, 3.5224, 3.9297, 4.8133, 4.3861, 3.6979, 3.2142, 4.6319, 3.7140,
        3.3586, 4.1197, 3.4388, 3.5243, 3.3688, 4.0145, 4.1618, 3.7867, 4.3369,
        3.3437, 3.6065, 4.8554, 3.6753, 4.0061, 3.4214, 3.5269, 3.2032, 4.0949,
        3.5336, 3.7340, 3.7025, 3.9525, 3.6039, 3.7047, 3.8931, 3.8123, 3.8419,
        3.4525, 3.0412, 3.8729, 3.6418, 3.7235, 3.4022, 4.1403, 4.4176, 3.7525,
        3.5491, 3.7185, 3.6087, 3.0023, 3.7847, 4.3460, 3.2180, 3.5833, 3.2463,
        4.0577, 3.7917, 3.9827, 4.3578, 3.5317, 4.0878, 3.3625, 4.2118, 4.3685,
        3.2663, 3.9755, 3.3745, 4.6530, 3.5529, 3.4646, 3.9564, 3.8241, 4.3348,
        3.6867, 2.8685, 3.7861, 3.8225, 4.1331, 3.5139, 4.0931, 3.7688, 4.2502,
        3.7403, 4.0200, 4.2889, 3.3922, 4.0746, 2.9977, 3.3947, 4.0956, 3.4528,
        3.7222, 4.0609], grad_fn=<CatBackward>)]
[2019-02-26 13:06:36,309][INFO][epoch:15	loss:tensor(4.2407, device='cuda:0')]
[2019-02-26 13:06:36,700][INFO][LCC:tensor(0.0792, grad_fn=<DivBackward1>)]
[2019-02-26 13:06:36,701][INFO][Ground Truth:tensor([3.6111, 3.6667, 4.6744, 4.4359, 3.4324, 5.1539, 5.4222, 4.8571, 4.7500,
        4.2750, 3.8636, 4.9714, 5.1053, 2.8333, 3.8537, 4.2619, 3.1842, 4.1500,
        3.4167, 3.2778, 4.3750, 3.5610, 4.1220, 5.1429, 2.4211, 2.3438, 4.0286,
        6.0256, 5.1667, 5.4615, 5.4737, 4.8788, 5.6512, 5.2105, 5.3429, 4.0526,
        5.7368, 5.6444, 3.8636, 5.4048, 3.6364, 4.2250, 5.6579, 5.6977, 5.2093,
        3.8095, 1.4762, 3.2500, 5.7750, 3.8889, 3.3429, 3.6053, 4.7027, 5.8125,
        4.5789, 6.0250, 6.0540, 5.8857, 0.2424, 1.9474, 3.8461, 5.1765, 4.6757,
        6.1316, 5.4571, 2.8710, 5.1316, 6.3095, 6.1351, 2.7949, 5.4375, 5.7179,
        3.1282, 1.2857, 3.4722, 5.7692, 4.4615, 5.1053, 2.7714, 3.2558, 5.2000,
        6.2857, 5.9000, 4.5278, 2.4000, 4.7714, 5.8372, 5.2432, 4.4000, 4.9460,
        4.4615, 5.4750, 5.3784, 5.1500, 4.1622, 0.3684, 1.8864, 4.5385, 5.7436,
        5.3256, 4.6944])]
[2019-02-26 13:06:36,702][INFO][Predicted:tensor([3.5308, 2.8770, 2.6832, 3.2408, 3.8183, 2.7113, 2.9851, 3.2750, 3.1208,
        2.6177, 2.7991, 3.0209, 4.0332, 3.7861, 3.1941, 3.0820, 3.7722, 3.5100,
        2.7290, 3.4138, 2.8886, 3.4663, 2.9987, 3.3026, 3.6403, 3.5220, 3.6688,
        2.7889, 3.3212, 4.0134, 3.3770, 3.2815, 3.0565, 2.9300, 2.9747, 3.5951,
        3.2997, 3.1351, 2.9441, 3.3833, 3.0433, 3.3302, 3.3158, 3.2734, 3.6579,
        2.8651, 2.5754, 3.2026, 2.9838, 3.5166, 3.5409, 3.3880, 3.7696, 3.0704,
        3.0986, 2.8649, 3.1202, 3.0173, 3.1757, 4.0263, 3.0530, 2.8739, 2.9934,
        3.6906, 3.5888, 3.3974, 3.7423, 3.3741, 3.5444, 3.0959, 3.5875, 3.8551,
        2.5019, 3.5357, 2.7833, 4.1234, 2.8090, 3.3161, 3.3954, 3.3299, 3.3934,
        3.3501, 2.8148, 2.8620, 3.4138, 3.4203, 3.2933, 3.3336, 3.7762, 3.7219,
        3.3919, 3.4830, 3.5382, 2.7447, 3.2335, 2.5604, 2.9271, 3.4357, 3.3313,
        3.4229, 3.9483], grad_fn=<CatBackward>)]
[2019-02-26 13:06:51,727][INFO][epoch:16	loss:tensor(4.2674, device='cuda:0')]
[2019-02-26 13:06:52,115][INFO][LCC:tensor(0.1227, grad_fn=<DivBackward1>)]
[2019-02-26 13:06:52,116][INFO][Ground Truth:tensor([3.6111, 3.6667, 4.6744, 4.4359, 3.4324, 5.1539, 5.4222, 4.8571, 4.7500,
        4.2750, 3.8636, 4.9714, 5.1053, 2.8333, 3.8537, 4.2619, 3.1842, 4.1500,
        3.4167, 3.2778, 4.3750, 3.5610, 4.1220, 5.1429, 2.4211, 2.3438, 4.0286,
        6.0256, 5.1667, 5.4615, 5.4737, 4.8788, 5.6512, 5.2105, 5.3429, 4.0526,
        5.7368, 5.6444, 3.8636, 5.4048, 3.6364, 4.2250, 5.6579, 5.6977, 5.2093,
        3.8095, 1.4762, 3.2500, 5.7750, 3.8889, 3.3429, 3.6053, 4.7027, 5.8125,
        4.5789, 6.0250, 6.0540, 5.8857, 0.2424, 1.9474, 3.8461, 5.1765, 4.6757,
        6.1316, 5.4571, 2.8710, 5.1316, 6.3095, 6.1351, 2.7949, 5.4375, 5.7179,
        3.1282, 1.2857, 3.4722, 5.7692, 4.4615, 5.1053, 2.7714, 3.2558, 5.2000,
        6.2857, 5.9000, 4.5278, 2.4000, 4.7714, 5.8372, 5.2432, 4.4000, 4.9460,
        4.4615, 5.4750, 5.3784, 5.1500, 4.1622, 0.3684, 1.8864, 4.5385, 5.7436,
        5.3256, 4.6944])]
[2019-02-26 13:06:52,116][INFO][Predicted:tensor([3.4592, 2.8419, 2.9203, 3.3700, 3.8738, 2.9149, 3.0980, 3.0824, 3.3212,
        2.4925, 2.8721, 3.6016, 4.0280, 3.8143, 3.2362, 3.0899, 3.9314, 3.5487,
        2.7844, 3.8521, 2.9355, 3.4353, 2.9907, 3.6240, 3.5146, 3.2806, 3.5355,
        2.7744, 3.4651, 4.0201, 3.3642, 3.1747, 3.3396, 2.8420, 3.2849, 3.6396,
        3.4606, 3.4390, 2.8277, 3.4920, 3.2718, 3.4328, 3.1624, 3.6298, 3.5386,
        2.9946, 2.8267, 3.3862, 3.3940, 3.2578, 3.6042, 3.4095, 3.6659, 3.2121,
        3.0407, 2.8564, 3.0605, 2.7575, 2.9441, 3.7507, 3.0417, 3.0847, 2.9828,
        3.7746, 3.6385, 3.4382, 3.8032, 3.2097, 3.5777, 3.2252, 3.5580, 3.6213,
        2.6386, 3.6318, 2.8968, 3.8655, 2.6118, 3.2903, 3.3160, 3.4539, 3.7316,
        3.2857, 3.2128, 3.3134, 3.6174, 3.2727, 2.9733, 3.7830, 3.2837, 3.7160,
        3.5816, 3.7116, 3.6275, 3.2437, 3.1829, 2.6739, 3.0759, 3.2515, 3.3489,
        3.5270, 3.6984], grad_fn=<CatBackward>)]
[2019-02-26 13:07:07,106][INFO][epoch:17	loss:tensor(4.2808, device='cuda:0')]
[2019-02-26 13:07:07,491][INFO][LCC:tensor(0.0918, grad_fn=<DivBackward1>)]
[2019-02-26 13:07:07,492][INFO][Ground Truth:tensor([3.6111, 3.6667, 4.6744, 4.4359, 3.4324, 5.1539, 5.4222, 4.8571, 4.7500,
        4.2750, 3.8636, 4.9714, 5.1053, 2.8333, 3.8537, 4.2619, 3.1842, 4.1500,
        3.4167, 3.2778, 4.3750, 3.5610, 4.1220, 5.1429, 2.4211, 2.3438, 4.0286,
        6.0256, 5.1667, 5.4615, 5.4737, 4.8788, 5.6512, 5.2105, 5.3429, 4.0526,
        5.7368, 5.6444, 3.8636, 5.4048, 3.6364, 4.2250, 5.6579, 5.6977, 5.2093,
        3.8095, 1.4762, 3.2500, 5.7750, 3.8889, 3.3429, 3.6053, 4.7027, 5.8125,
        4.5789, 6.0250, 6.0540, 5.8857, 0.2424, 1.9474, 3.8461, 5.1765, 4.6757,
        6.1316, 5.4571, 2.8710, 5.1316, 6.3095, 6.1351, 2.7949, 5.4375, 5.7179,
        3.1282, 1.2857, 3.4722, 5.7692, 4.4615, 5.1053, 2.7714, 3.2558, 5.2000,
        6.2857, 5.9000, 4.5278, 2.4000, 4.7714, 5.8372, 5.2432, 4.4000, 4.9460,
        4.4615, 5.4750, 5.3784, 5.1500, 4.1622, 0.3684, 1.8864, 4.5385, 5.7436,
        5.3256, 4.6944])]
[2019-02-26 13:07:07,492][INFO][Predicted:tensor([3.6950, 3.1475, 3.0418, 3.7607, 4.0168, 3.4052, 3.1929, 3.3694, 3.2230,
        3.1365, 2.8562, 3.4527, 3.4335, 3.9956, 3.4157, 2.9942, 3.8023, 3.6786,
        2.8497, 3.6008, 3.2036, 3.8518, 3.0374, 3.7168, 3.3160, 3.7967, 3.5541,
        3.5456, 3.3611, 4.2893, 3.4293, 3.6690, 3.3452, 3.3709, 3.1931, 3.5246,
        3.4202, 3.4261, 3.0178, 3.2292, 3.0927, 3.7201, 3.5896, 3.5797, 3.4518,
        3.0441, 3.0813, 3.6710, 3.4370, 3.2464, 3.5051, 3.5913, 3.8873, 3.6378,
        3.3642, 2.9559, 3.3236, 2.7743, 3.0122, 3.6473, 3.1633, 3.9426, 2.9704,
        3.7824, 3.7117, 3.7190, 3.6428, 3.5047, 3.7040, 3.2863, 3.6111, 3.4091,
        3.1699, 3.8915, 3.0038, 3.7007, 3.2582, 3.4726, 3.7250, 3.5094, 3.3720,
        3.5327, 3.1661, 3.2045, 3.9322, 3.4884, 3.4137, 4.1107, 3.6409, 3.6115,
        3.5036, 3.5290, 3.8036, 3.0615, 3.4850, 2.9178, 3.0801, 3.4730, 3.5168,
        3.4822, 3.7153], grad_fn=<CatBackward>)]
[2019-02-26 13:07:22,527][INFO][epoch:18	loss:tensor(4.2479, device='cuda:0')]
[2019-02-26 13:07:22,921][INFO][LCC:tensor(0.0936, grad_fn=<DivBackward1>)]
[2019-02-26 13:07:22,922][INFO][Ground Truth:tensor([3.6111, 3.6667, 4.6744, 4.4359, 3.4324, 5.1539, 5.4222, 4.8571, 4.7500,
        4.2750, 3.8636, 4.9714, 5.1053, 2.8333, 3.8537, 4.2619, 3.1842, 4.1500,
        3.4167, 3.2778, 4.3750, 3.5610, 4.1220, 5.1429, 2.4211, 2.3438, 4.0286,
        6.0256, 5.1667, 5.4615, 5.4737, 4.8788, 5.6512, 5.2105, 5.3429, 4.0526,
        5.7368, 5.6444, 3.8636, 5.4048, 3.6364, 4.2250, 5.6579, 5.6977, 5.2093,
        3.8095, 1.4762, 3.2500, 5.7750, 3.8889, 3.3429, 3.6053, 4.7027, 5.8125,
        4.5789, 6.0250, 6.0540, 5.8857, 0.2424, 1.9474, 3.8461, 5.1765, 4.6757,
        6.1316, 5.4571, 2.8710, 5.1316, 6.3095, 6.1351, 2.7949, 5.4375, 5.7179,
        3.1282, 1.2857, 3.4722, 5.7692, 4.4615, 5.1053, 2.7714, 3.2558, 5.2000,
        6.2857, 5.9000, 4.5278, 2.4000, 4.7714, 5.8372, 5.2432, 4.4000, 4.9460,
        4.4615, 5.4750, 5.3784, 5.1500, 4.1622, 0.3684, 1.8864, 4.5385, 5.7436,
        5.3256, 4.6944])]
[2019-02-26 13:07:22,922][INFO][Predicted:tensor([3.8769, 3.4201, 3.0067, 3.7201, 4.2039, 3.3443, 3.0944, 3.6067, 3.4194,
        3.0257, 3.3153, 3.7145, 4.4729, 4.1382, 3.7277, 3.3408, 4.3318, 3.6148,
        3.0018, 4.4368, 3.1270, 3.3324, 3.3337, 4.0367, 3.3507, 3.6332, 3.9280,
        3.3135, 3.5180, 4.2236, 3.6868, 3.6377, 3.3688, 3.4428, 3.3329, 4.2885,
        3.8564, 3.6713, 3.2127, 3.6488, 3.5821, 3.7301, 3.9455, 3.7171, 3.6497,
        3.3515, 3.0415, 3.7655, 4.1171, 3.9417, 3.9053, 3.9827, 4.2395, 3.4436,
        3.2765, 3.1065, 3.4420, 3.3196, 3.5047, 4.4444, 3.1533, 3.2459, 3.5232,
        4.1809, 3.9812, 3.9636, 3.8013, 3.7144, 3.7436, 3.1662, 3.9578, 3.8846,
        3.3718, 3.8203, 3.2208, 4.5080, 3.4174, 3.2849, 3.8818, 3.6757, 3.6075,
        3.4492, 3.6953, 3.3174, 3.7374, 3.8786, 3.4719, 4.2164, 3.6825, 4.0162,
        3.9344, 3.6854, 4.1137, 3.2299, 3.9225, 3.0418, 3.2065, 3.4651, 3.7998,
        3.9107, 3.8876], grad_fn=<CatBackward>)]
[2019-02-26 13:07:37,916][INFO][epoch:19	loss:tensor(4.3544, device='cuda:0')]
[2019-02-26 13:07:38,320][INFO][LCC:tensor(0.3428, grad_fn=<DivBackward1>)]
[2019-02-26 13:07:38,321][INFO][Ground Truth:tensor([3.6111, 3.6667, 4.6744, 4.4359, 3.4324, 5.1539, 5.4222, 4.8571, 4.7500,
        4.2750, 3.8636, 4.9714, 5.1053, 2.8333, 3.8537, 4.2619, 3.1842, 4.1500,
        3.4167, 3.2778, 4.3750, 3.5610, 4.1220, 5.1429, 2.4211, 2.3438, 4.0286,
        6.0256, 5.1667, 5.4615, 5.4737, 4.8788, 5.6512, 5.2105, 5.3429, 4.0526,
        5.7368, 5.6444, 3.8636, 5.4048, 3.6364, 4.2250, 5.6579, 5.6977, 5.2093,
        3.8095, 1.4762, 3.2500, 5.7750, 3.8889, 3.3429, 3.6053, 4.7027, 5.8125,
        4.5789, 6.0250, 6.0540, 5.8857, 0.2424, 1.9474, 3.8461, 5.1765, 4.6757,
        6.1316, 5.4571, 2.8710, 5.1316, 6.3095, 6.1351, 2.7949, 5.4375, 5.7179,
        3.1282, 1.2857, 3.4722, 5.7692, 4.4615, 5.1053, 2.7714, 3.2558, 5.2000,
        6.2857, 5.9000, 4.5278, 2.4000, 4.7714, 5.8372, 5.2432, 4.4000, 4.9460,
        4.4615, 5.4750, 5.3784, 5.1500, 4.1622, 0.3684, 1.8864, 4.5385, 5.7436,
        5.3256, 4.6944])]
[2019-02-26 13:07:38,321][INFO][Predicted:tensor([3.6471, 3.3377, 3.1974, 3.7462, 3.3796, 3.6845, 2.9649, 3.4531, 3.1855,
        3.1117, 2.9227, 2.9627, 4.0304, 3.9238, 3.3518, 4.2044, 3.6594, 3.4326,
        2.8051, 3.7661, 3.2350, 3.8892, 3.4036, 3.9867, 3.7546, 3.6709, 3.6606,
        4.3587, 3.8757, 3.4417, 3.6651, 2.6369, 2.9545, 3.6947, 3.4937, 3.6323,
        3.6209, 4.3339, 3.3437, 4.0084, 2.8446, 3.6539, 3.5030, 3.9089, 3.9425,
        4.2856, 2.8594, 3.3402, 4.0030, 3.8571, 3.4430, 3.7685, 4.3088, 3.3318,
        3.1503, 3.7706, 3.5059, 3.4194, 2.8534, 4.0010, 4.2745, 3.2784, 3.5872,
        3.6679, 3.1718, 3.7503, 3.5535, 3.7756, 4.4025, 3.0645, 4.0178, 4.0716,
        2.8996, 4.2072, 2.7027, 3.5590, 3.5182, 3.6875, 3.1347, 3.8419, 2.9287,
        3.7406, 4.2676, 3.8837, 3.8579, 3.6888, 3.6751, 3.8333, 3.1799, 4.2054,
        3.1085, 3.7318, 4.4304, 3.8178, 3.2662, 2.3227, 2.0189, 3.9669, 3.3990,
        3.8180, 3.8286], grad_fn=<CatBackward>)]
