[2019-03-14 21:26:56,441][WARNING][Model:Try ResNet.]
[2019-03-14 21:27:04,766][INFO][epoch:0	loss:tensor(8.8925, device='cuda:0')]
[2019-03-14 21:27:11,361][INFO][epoch:1	loss:tensor(5.8801, device='cuda:0')]
[2019-03-14 21:27:18,001][INFO][epoch:2	loss:tensor(5.7550, device='cuda:0')]
[2019-03-14 21:27:24,654][INFO][epoch:3	loss:tensor(5.3895, device='cuda:0')]
[2019-03-14 21:27:31,319][INFO][epoch:4	loss:tensor(4.8413, device='cuda:0')]
[2019-03-14 21:27:37,989][INFO][epoch:5	loss:tensor(4.4828, device='cuda:0')]
[2019-03-14 21:27:44,659][INFO][epoch:6	loss:tensor(4.2363, device='cuda:0')]
[2019-03-14 21:27:51,322][INFO][epoch:7	loss:tensor(4.0221, device='cuda:0')]
[2019-03-14 21:27:57,994][INFO][epoch:8	loss:tensor(3.7578, device='cuda:0')]
[2019-03-14 21:28:04,673][INFO][epoch:9	loss:tensor(3.8584, device='cuda:0')]
[2019-03-14 21:28:11,346][INFO][epoch:10	loss:tensor(3.4496, device='cuda:0')]
[2019-03-14 21:28:12,347][WARNING][LCC:tensor(0.7288)]
[2019-03-14 21:28:12,348][WARNING][SROCC:tensor(0.6576)]
[2019-03-14 21:28:19,007][INFO][epoch:11	loss:tensor(3.4039, device='cuda:0')]
[2019-03-14 21:28:25,697][INFO][epoch:12	loss:tensor(3.3198, device='cuda:0')]
[2019-03-14 21:28:32,454][INFO][epoch:13	loss:tensor(3.2769, device='cuda:0')]
[2019-03-14 21:28:39,259][INFO][epoch:14	loss:tensor(3.3850, device='cuda:0')]
[2019-03-14 21:28:45,970][INFO][epoch:15	loss:tensor(3.0904, device='cuda:0')]
[2019-03-14 21:28:52,703][INFO][epoch:16	loss:tensor(3.0984, device='cuda:0')]
[2019-03-14 21:28:59,464][INFO][epoch:17	loss:tensor(2.9960, device='cuda:0')]
[2019-03-14 21:29:06,183][INFO][epoch:18	loss:tensor(3.0572, device='cuda:0')]
[2019-03-14 21:29:12,934][INFO][epoch:19	loss:tensor(2.9590, device='cuda:0')]
[2019-03-14 21:29:19,691][INFO][epoch:20	loss:tensor(2.9432, device='cuda:0')]
[2019-03-14 21:29:20,756][WARNING][LCC:tensor(0.8185)]
[2019-03-14 21:29:20,756][WARNING][SROCC:tensor(0.7780)]
[2019-03-14 21:29:27,555][INFO][epoch:21	loss:tensor(2.8537, device='cuda:0')]
[2019-03-14 21:29:34,314][INFO][epoch:22	loss:tensor(2.6902, device='cuda:0')]
[2019-03-14 21:29:41,082][INFO][epoch:23	loss:tensor(2.7834, device='cuda:0')]
[2019-03-14 21:29:47,878][INFO][epoch:24	loss:tensor(2.6343, device='cuda:0')]
[2019-03-14 21:29:54,687][INFO][epoch:25	loss:tensor(2.7480, device='cuda:0')]
[2019-03-14 21:30:01,481][INFO][epoch:26	loss:tensor(2.7679, device='cuda:0')]
[2019-03-14 21:30:08,304][INFO][epoch:27	loss:tensor(2.5814, device='cuda:0')]
[2019-03-14 21:30:15,116][INFO][epoch:28	loss:tensor(2.8293, device='cuda:0')]
[2019-03-14 21:30:21,962][INFO][epoch:29	loss:tensor(2.5610, device='cuda:0')]
[2019-03-14 21:30:28,772][INFO][epoch:30	loss:tensor(2.5327, device='cuda:0')]
[2019-03-14 21:30:29,864][WARNING][LCC:tensor(0.8444)]
[2019-03-14 21:30:29,864][WARNING][SROCC:tensor(0.8293)]
[2019-03-14 21:30:36,646][INFO][epoch:31	loss:tensor(2.6068, device='cuda:0')]
[2019-03-14 21:30:43,423][INFO][epoch:32	loss:tensor(2.5478, device='cuda:0')]
[2019-03-14 21:30:50,260][INFO][epoch:33	loss:tensor(2.6140, device='cuda:0')]
[2019-03-14 21:30:57,079][INFO][epoch:34	loss:tensor(2.6122, device='cuda:0')]
[2019-03-14 21:31:03,852][INFO][epoch:35	loss:tensor(2.5147, device='cuda:0')]
[2019-03-14 21:31:10,588][INFO][epoch:36	loss:tensor(2.4697, device='cuda:0')]
[2019-03-14 21:31:17,293][INFO][epoch:37	loss:tensor(2.5940, device='cuda:0')]
[2019-03-14 21:31:24,043][INFO][epoch:38	loss:tensor(2.3849, device='cuda:0')]
[2019-03-14 21:31:30,919][INFO][epoch:39	loss:tensor(2.2970, device='cuda:0')]
[2019-03-14 21:31:37,696][INFO][epoch:40	loss:tensor(2.4077, device='cuda:0')]
[2019-03-14 21:31:38,726][WARNING][LCC:tensor(0.8545)]
[2019-03-14 21:31:38,726][WARNING][SROCC:tensor(0.8266)]
[2019-03-14 21:31:45,440][INFO][epoch:41	loss:tensor(2.4238, device='cuda:0')]
[2019-03-14 21:31:52,180][INFO][epoch:42	loss:tensor(2.4035, device='cuda:0')]
[2019-03-14 21:31:58,921][INFO][epoch:43	loss:tensor(2.2558, device='cuda:0')]
[2019-03-14 21:32:05,656][INFO][epoch:44	loss:tensor(2.3299, device='cuda:0')]
[2019-03-14 21:32:12,356][INFO][epoch:45	loss:tensor(2.4263, device='cuda:0')]
[2019-03-14 21:32:19,064][INFO][epoch:46	loss:tensor(2.3239, device='cuda:0')]
[2019-03-14 21:32:25,776][INFO][epoch:47	loss:tensor(2.2630, device='cuda:0')]
[2019-03-14 21:32:32,488][INFO][epoch:48	loss:tensor(2.2776, device='cuda:0')]
[2019-03-14 21:32:39,209][INFO][epoch:49	loss:tensor(2.3355, device='cuda:0')]
[2019-03-14 21:32:45,918][INFO][epoch:50	loss:tensor(2.2174, device='cuda:0')]
[2019-03-14 21:32:46,905][WARNING][LCC:tensor(0.8568)]
[2019-03-14 21:32:46,905][WARNING][SROCC:tensor(0.8176)]
[2019-03-14 21:32:46,905][WARNING][Model saved]
[2019-03-14 21:32:53,639][INFO][epoch:51	loss:tensor(2.2570, device='cuda:0')]
[2019-03-14 21:33:00,372][INFO][epoch:52	loss:tensor(2.2233, device='cuda:0')]
[2019-03-14 21:33:07,116][INFO][epoch:53	loss:tensor(2.2709, device='cuda:0')]
[2019-03-14 21:33:13,852][INFO][epoch:54	loss:tensor(2.2985, device='cuda:0')]
[2019-03-14 21:33:20,567][INFO][epoch:55	loss:tensor(2.2127, device='cuda:0')]
[2019-03-14 21:33:27,280][INFO][epoch:56	loss:tensor(2.2252, device='cuda:0')]
[2019-03-14 21:33:33,996][INFO][epoch:57	loss:tensor(2.1142, device='cuda:0')]
[2019-03-14 21:33:40,731][INFO][epoch:58	loss:tensor(2.1334, device='cuda:0')]
[2019-03-14 21:33:47,469][INFO][epoch:59	loss:tensor(2.2829, device='cuda:0')]
[2019-03-14 21:33:54,197][INFO][epoch:60	loss:tensor(2.1525, device='cuda:0')]
[2019-03-14 21:33:55,180][WARNING][LCC:tensor(0.8763)]
[2019-03-14 21:33:55,180][WARNING][SROCC:tensor(0.8547)]
[2019-03-14 21:34:01,875][INFO][epoch:61	loss:tensor(2.0962, device='cuda:0')]
[2019-03-14 21:34:08,587][INFO][epoch:62	loss:tensor(2.1622, device='cuda:0')]
[2019-03-14 21:34:15,314][INFO][epoch:63	loss:tensor(2.1335, device='cuda:0')]
[2019-03-14 21:34:22,034][INFO][epoch:64	loss:tensor(2.2240, device='cuda:0')]
[2019-03-14 21:34:28,768][INFO][epoch:65	loss:tensor(2.0660, device='cuda:0')]
[2019-03-14 21:34:35,497][INFO][epoch:66	loss:tensor(2.0615, device='cuda:0')]
[2019-03-14 21:34:42,236][INFO][epoch:67	loss:tensor(2.1649, device='cuda:0')]
[2019-03-14 21:34:48,940][INFO][epoch:68	loss:tensor(2.0017, device='cuda:0')]
[2019-03-14 21:34:55,615][INFO][epoch:69	loss:tensor(2.1675, device='cuda:0')]
[2019-03-14 21:35:02,324][INFO][epoch:70	loss:tensor(2.0889, device='cuda:0')]
[2019-03-14 21:35:03,302][WARNING][LCC:tensor(0.8744)]
[2019-03-14 21:35:03,302][WARNING][SROCC:tensor(0.8370)]
[2019-03-14 21:35:10,001][INFO][epoch:71	loss:tensor(2.0383, device='cuda:0')]
[2019-03-14 21:35:16,739][INFO][epoch:72	loss:tensor(2.0192, device='cuda:0')]
[2019-03-14 21:35:23,475][INFO][epoch:73	loss:tensor(1.9831, device='cuda:0')]
[2019-03-14 21:35:30,200][INFO][epoch:74	loss:tensor(2.0160, device='cuda:0')]
[2019-03-14 21:35:36,930][INFO][epoch:75	loss:tensor(2.0722, device='cuda:0')]
[2019-03-14 21:35:43,664][INFO][epoch:76	loss:tensor(1.9829, device='cuda:0')]
[2019-03-14 21:35:50,398][INFO][epoch:77	loss:tensor(1.9841, device='cuda:0')]
[2019-03-14 21:35:57,139][INFO][epoch:78	loss:tensor(2.0765, device='cuda:0')]
[2019-03-14 21:36:03,866][INFO][epoch:79	loss:tensor(1.9537, device='cuda:0')]
[2019-03-14 21:36:10,574][INFO][epoch:80	loss:tensor(1.9631, device='cuda:0')]
[2019-03-14 21:36:11,554][WARNING][LCC:tensor(0.8982)]
[2019-03-14 21:36:11,554][WARNING][SROCC:tensor(0.8705)]
[2019-03-14 21:36:18,239][INFO][epoch:81	loss:tensor(1.9046, device='cuda:0')]
[2019-03-14 21:36:24,945][INFO][epoch:82	loss:tensor(1.9828, device='cuda:0')]
[2019-03-14 21:36:31,642][INFO][epoch:83	loss:tensor(2.0214, device='cuda:0')]
[2019-03-14 21:36:38,340][INFO][epoch:84	loss:tensor(2.0109, device='cuda:0')]
[2019-03-14 21:36:45,068][INFO][epoch:85	loss:tensor(1.9587, device='cuda:0')]
[2019-03-14 21:36:51,802][INFO][epoch:86	loss:tensor(2.0916, device='cuda:0')]
[2019-03-14 21:36:58,516][INFO][epoch:87	loss:tensor(1.9747, device='cuda:0')]
[2019-03-14 21:37:05,255][INFO][epoch:88	loss:tensor(2.0209, device='cuda:0')]
[2019-03-14 21:37:11,985][INFO][epoch:89	loss:tensor(2.0245, device='cuda:0')]
[2019-03-14 21:37:18,692][INFO][epoch:90	loss:tensor(1.9099, device='cuda:0')]
[2019-03-14 21:37:19,664][WARNING][LCC:tensor(0.8831)]
[2019-03-14 21:37:19,665][WARNING][SROCC:tensor(0.8660)]
[2019-03-14 21:37:26,355][INFO][epoch:91	loss:tensor(2.0812, device='cuda:0')]
[2019-03-14 21:37:33,072][INFO][epoch:92	loss:tensor(1.8943, device='cuda:0')]
[2019-03-14 21:37:39,811][INFO][epoch:93	loss:tensor(1.9217, device='cuda:0')]
[2019-03-14 21:37:46,536][INFO][epoch:94	loss:tensor(1.9789, device='cuda:0')]
[2019-03-14 21:37:53,264][INFO][epoch:95	loss:tensor(1.8889, device='cuda:0')]
[2019-03-14 21:37:59,996][INFO][epoch:96	loss:tensor(1.8989, device='cuda:0')]
[2019-03-14 21:38:06,685][INFO][epoch:97	loss:tensor(1.8620, device='cuda:0')]
[2019-03-14 21:38:13,384][INFO][epoch:98	loss:tensor(1.9080, device='cuda:0')]
[2019-03-14 21:38:20,118][INFO][epoch:99	loss:tensor(2.0163, device='cuda:0')]
[2019-03-14 21:38:26,849][INFO][epoch:100	loss:tensor(1.9502, device='cuda:0')]
[2019-03-14 21:38:27,835][WARNING][LCC:tensor(0.8946)]
[2019-03-14 21:38:27,835][WARNING][SROCC:tensor(0.8730)]
[2019-03-14 21:38:27,835][WARNING][Model saved]
[2019-03-14 21:38:34,557][INFO][epoch:101	loss:tensor(1.9418, device='cuda:0')]
[2019-03-14 21:38:41,290][INFO][epoch:102	loss:tensor(1.7684, device='cuda:0')]
[2019-03-14 21:38:48,005][INFO][epoch:103	loss:tensor(1.7908, device='cuda:0')]
[2019-03-14 21:38:54,715][INFO][epoch:104	loss:tensor(1.8882, device='cuda:0')]
[2019-03-14 21:39:01,431][INFO][epoch:105	loss:tensor(1.8039, device='cuda:0')]
[2019-03-14 21:39:08,147][INFO][epoch:106	loss:tensor(1.8133, device='cuda:0')]
[2019-03-14 21:39:14,879][INFO][epoch:107	loss:tensor(1.8816, device='cuda:0')]
[2019-03-14 21:39:21,571][INFO][epoch:108	loss:tensor(1.8739, device='cuda:0')]
[2019-03-14 21:39:28,306][INFO][epoch:109	loss:tensor(1.8096, device='cuda:0')]
[2019-03-14 21:39:35,043][INFO][epoch:110	loss:tensor(1.8387, device='cuda:0')]
[2019-03-14 21:39:36,029][WARNING][LCC:tensor(0.9015)]
[2019-03-14 21:39:36,029][WARNING][SROCC:tensor(0.8916)]
[2019-03-14 21:39:42,724][INFO][epoch:111	loss:tensor(1.9140, device='cuda:0')]
[2019-03-14 21:39:49,446][INFO][epoch:112	loss:tensor(1.8235, device='cuda:0')]
[2019-03-14 21:39:56,153][INFO][epoch:113	loss:tensor(1.8998, device='cuda:0')]
[2019-03-14 21:40:02,886][INFO][epoch:114	loss:tensor(1.8150, device='cuda:0')]
[2019-03-14 21:40:09,620][INFO][epoch:115	loss:tensor(1.7961, device='cuda:0')]
[2019-03-14 21:40:16,337][INFO][epoch:116	loss:tensor(1.8598, device='cuda:0')]
[2019-03-14 21:40:23,059][INFO][epoch:117	loss:tensor(1.8795, device='cuda:0')]
[2019-03-14 21:40:29,803][INFO][epoch:118	loss:tensor(1.7966, device='cuda:0')]
[2019-03-14 21:40:36,534][INFO][epoch:119	loss:tensor(1.8358, device='cuda:0')]
[2019-03-14 21:40:43,261][INFO][epoch:120	loss:tensor(1.8148, device='cuda:0')]
[2019-03-14 21:40:44,250][WARNING][LCC:tensor(0.9029)]
[2019-03-14 21:40:44,251][WARNING][SROCC:tensor(0.8817)]
[2019-03-14 21:40:50,947][INFO][epoch:121	loss:tensor(1.8095, device='cuda:0')]
[2019-03-14 21:40:57,751][INFO][epoch:122	loss:tensor(1.7864, device='cuda:0')]
[2019-03-14 21:41:04,555][INFO][epoch:123	loss:tensor(1.8343, device='cuda:0')]
[2019-03-14 21:41:11,265][INFO][epoch:124	loss:tensor(1.8554, device='cuda:0')]
[2019-03-14 21:41:17,965][INFO][epoch:125	loss:tensor(1.7581, device='cuda:0')]
[2019-03-14 21:41:24,666][INFO][epoch:126	loss:tensor(1.7675, device='cuda:0')]
[2019-03-14 21:41:31,357][INFO][epoch:127	loss:tensor(1.7939, device='cuda:0')]
[2019-03-14 21:41:38,063][INFO][epoch:128	loss:tensor(1.8248, device='cuda:0')]
[2019-03-14 21:41:44,766][INFO][epoch:129	loss:tensor(1.6977, device='cuda:0')]
[2019-03-14 21:41:51,488][INFO][epoch:130	loss:tensor(1.7430, device='cuda:0')]
[2019-03-14 21:41:52,467][WARNING][LCC:tensor(0.9002)]
[2019-03-14 21:41:52,467][WARNING][SROCC:tensor(0.8773)]
[2019-03-14 21:41:59,149][INFO][epoch:131	loss:tensor(1.9232, device='cuda:0')]
[2019-03-14 21:42:05,855][INFO][epoch:132	loss:tensor(1.7442, device='cuda:0')]
[2019-03-14 21:42:12,550][INFO][epoch:133	loss:tensor(1.7569, device='cuda:0')]
[2019-03-14 21:42:19,251][INFO][epoch:134	loss:tensor(1.7958, device='cuda:0')]
[2019-03-14 21:42:25,969][INFO][epoch:135	loss:tensor(1.8053, device='cuda:0')]
[2019-03-14 21:42:32,681][INFO][epoch:136	loss:tensor(1.7544, device='cuda:0')]
[2019-03-14 21:42:39,396][INFO][epoch:137	loss:tensor(1.7004, device='cuda:0')]
[2019-03-14 21:42:46,100][INFO][epoch:138	loss:tensor(1.6726, device='cuda:0')]
[2019-03-14 21:42:52,803][INFO][epoch:139	loss:tensor(1.7721, device='cuda:0')]
[2019-03-14 21:42:59,505][INFO][epoch:140	loss:tensor(1.6912, device='cuda:0')]
[2019-03-14 21:43:00,485][WARNING][LCC:tensor(0.9157)]
[2019-03-14 21:43:00,486][WARNING][SROCC:tensor(0.9050)]
[2019-03-14 21:43:07,157][INFO][epoch:141	loss:tensor(1.7344, device='cuda:0')]
[2019-03-14 21:43:13,840][INFO][epoch:142	loss:tensor(1.7107, device='cuda:0')]
[2019-03-14 21:43:20,554][INFO][epoch:143	loss:tensor(1.7053, device='cuda:0')]
[2019-03-14 21:43:27,276][INFO][epoch:144	loss:tensor(1.7366, device='cuda:0')]
[2019-03-14 21:43:34,001][INFO][epoch:145	loss:tensor(1.7632, device='cuda:0')]
[2019-03-14 21:43:40,717][INFO][epoch:146	loss:tensor(1.7631, device='cuda:0')]
[2019-03-14 21:43:47,429][INFO][epoch:147	loss:tensor(1.6646, device='cuda:0')]
[2019-03-14 21:43:54,155][INFO][epoch:148	loss:tensor(1.6682, device='cuda:0')]
[2019-03-14 21:44:00,869][INFO][epoch:149	loss:tensor(1.6976, device='cuda:0')]
[2019-03-14 21:44:07,554][INFO][epoch:150	loss:tensor(1.7409, device='cuda:0')]
[2019-03-14 21:44:08,535][WARNING][LCC:tensor(0.9150)]
[2019-03-14 21:44:08,535][WARNING][SROCC:tensor(0.9062)]
[2019-03-14 21:44:08,536][WARNING][Model saved]
[2019-03-14 21:44:15,276][INFO][epoch:151	loss:tensor(1.6928, device='cuda:0')]
[2019-03-14 21:44:22,125][INFO][epoch:152	loss:tensor(1.6381, device='cuda:0')]
[2019-03-14 21:44:28,949][INFO][epoch:153	loss:tensor(1.7184, device='cuda:0')]
[2019-03-14 21:44:35,669][INFO][epoch:154	loss:tensor(1.7243, device='cuda:0')]
[2019-03-14 21:44:42,401][INFO][epoch:155	loss:tensor(1.6546, device='cuda:0')]
[2019-03-14 21:44:49,145][INFO][epoch:156	loss:tensor(1.7277, device='cuda:0')]
[2019-03-14 21:44:55,842][INFO][epoch:157	loss:tensor(1.6568, device='cuda:0')]
[2019-03-14 21:45:02,566][INFO][epoch:158	loss:tensor(1.6294, device='cuda:0')]
[2019-03-14 21:45:09,295][INFO][epoch:159	loss:tensor(1.5689, device='cuda:0')]
[2019-03-14 21:45:16,004][INFO][epoch:160	loss:tensor(1.6664, device='cuda:0')]
[2019-03-14 21:45:16,983][WARNING][LCC:tensor(0.9083)]
[2019-03-14 21:45:16,984][WARNING][SROCC:tensor(0.8918)]
[2019-03-14 21:45:23,680][INFO][epoch:161	loss:tensor(1.6635, device='cuda:0')]
[2019-03-14 21:45:30,468][INFO][epoch:162	loss:tensor(1.6329, device='cuda:0')]
[2019-03-14 21:45:37,190][INFO][epoch:163	loss:tensor(1.6593, device='cuda:0')]
[2019-03-14 21:45:43,898][INFO][epoch:164	loss:tensor(1.6744, device='cuda:0')]
[2019-03-14 21:45:50,630][INFO][epoch:165	loss:tensor(1.6385, device='cuda:0')]
[2019-03-14 21:45:57,334][INFO][epoch:166	loss:tensor(1.8242, device='cuda:0')]
[2019-03-14 21:46:04,051][INFO][epoch:167	loss:tensor(1.7046, device='cuda:0')]
[2019-03-14 21:46:10,787][INFO][epoch:168	loss:tensor(1.7322, device='cuda:0')]
[2019-03-14 21:46:17,523][INFO][epoch:169	loss:tensor(1.6597, device='cuda:0')]
[2019-03-14 21:46:24,260][INFO][epoch:170	loss:tensor(1.6832, device='cuda:0')]
[2019-03-14 21:46:25,240][WARNING][LCC:tensor(0.9163)]
[2019-03-14 21:46:25,241][WARNING][SROCC:tensor(0.9051)]
[2019-03-14 21:46:31,915][INFO][epoch:171	loss:tensor(1.5967, device='cuda:0')]
[2019-03-14 21:46:38,648][INFO][epoch:172	loss:tensor(1.8002, device='cuda:0')]
[2019-03-14 21:46:45,373][INFO][epoch:173	loss:tensor(1.6033, device='cuda:0')]
[2019-03-14 21:46:52,083][INFO][epoch:174	loss:tensor(1.6248, device='cuda:0')]
[2019-03-14 21:46:58,818][INFO][epoch:175	loss:tensor(1.6572, device='cuda:0')]
[2019-03-14 21:47:05,673][INFO][epoch:176	loss:tensor(1.6038, device='cuda:0')]
[2019-03-14 21:47:12,488][INFO][epoch:177	loss:tensor(1.5985, device='cuda:0')]
[2019-03-14 21:47:19,304][INFO][epoch:178	loss:tensor(1.6523, device='cuda:0')]
[2019-03-14 21:47:26,057][INFO][epoch:179	loss:tensor(1.6646, device='cuda:0')]
[2019-03-14 21:47:32,856][INFO][epoch:180	loss:tensor(1.6521, device='cuda:0')]
[2019-03-14 21:47:33,859][WARNING][LCC:tensor(0.9092)]
[2019-03-14 21:47:33,859][WARNING][SROCC:tensor(0.8975)]
[2019-03-14 21:47:40,642][INFO][epoch:181	loss:tensor(1.5658, device='cuda:0')]
[2019-03-14 21:47:47,409][INFO][epoch:182	loss:tensor(1.6282, device='cuda:0')]
[2019-03-14 21:47:54,272][INFO][epoch:183	loss:tensor(1.6760, device='cuda:0')]
[2019-03-14 21:48:01,120][INFO][epoch:184	loss:tensor(1.5933, device='cuda:0')]
[2019-03-14 21:48:07,855][INFO][epoch:185	loss:tensor(1.6721, device='cuda:0')]
[2019-03-14 21:48:14,743][INFO][epoch:186	loss:tensor(1.6477, device='cuda:0')]
[2019-03-14 21:48:21,555][INFO][epoch:187	loss:tensor(1.6745, device='cuda:0')]
[2019-03-14 21:48:28,314][INFO][epoch:188	loss:tensor(1.6227, device='cuda:0')]
[2019-03-14 21:48:35,093][INFO][epoch:189	loss:tensor(1.6027, device='cuda:0')]
[2019-03-14 21:48:41,911][INFO][epoch:190	loss:tensor(1.5715, device='cuda:0')]
[2019-03-14 21:48:42,931][WARNING][LCC:tensor(0.9070)]
[2019-03-14 21:48:42,932][WARNING][SROCC:tensor(0.8873)]
[2019-03-14 21:48:49,723][INFO][epoch:191	loss:tensor(1.6628, device='cuda:0')]
[2019-03-14 21:48:56,480][INFO][epoch:192	loss:tensor(1.6493, device='cuda:0')]
[2019-03-14 21:49:03,280][INFO][epoch:193	loss:tensor(1.5560, device='cuda:0')]
[2019-03-14 21:49:10,145][INFO][epoch:194	loss:tensor(1.6483, device='cuda:0')]
[2019-03-14 21:49:17,021][INFO][epoch:195	loss:tensor(1.5832, device='cuda:0')]
[2019-03-14 21:49:23,872][INFO][epoch:196	loss:tensor(1.5295, device='cuda:0')]
[2019-03-14 21:49:30,684][INFO][epoch:197	loss:tensor(1.4674, device='cuda:0')]
[2019-03-14 21:49:37,503][INFO][epoch:198	loss:tensor(1.5604, device='cuda:0')]
[2019-03-14 21:49:44,264][INFO][epoch:199	loss:tensor(1.5355, device='cuda:0')]
[2019-03-14 21:49:51,114][INFO][epoch:200	loss:tensor(1.6090, device='cuda:0')]
[2019-03-14 21:49:52,166][WARNING][LCC:tensor(0.9215)]
[2019-03-14 21:49:52,167][WARNING][SROCC:tensor(0.9087)]
[2019-03-14 21:49:52,167][WARNING][Model saved]
[2019-03-14 21:49:58,971][INFO][epoch:201	loss:tensor(1.5547, device='cuda:0')]
[2019-03-14 21:50:05,781][INFO][epoch:202	loss:tensor(1.5485, device='cuda:0')]
[2019-03-14 21:50:12,695][INFO][epoch:203	loss:tensor(1.5609, device='cuda:0')]
[2019-03-14 21:50:19,609][INFO][epoch:204	loss:tensor(1.5955, device='cuda:0')]
[2019-03-14 21:50:26,443][INFO][epoch:205	loss:tensor(1.5665, device='cuda:0')]
[2019-03-14 21:50:33,368][INFO][epoch:206	loss:tensor(1.5650, device='cuda:0')]
[2019-03-14 21:50:40,191][INFO][epoch:207	loss:tensor(1.5327, device='cuda:0')]
[2019-03-14 21:50:47,008][INFO][epoch:208	loss:tensor(1.5126, device='cuda:0')]
[2019-03-14 21:50:53,848][INFO][epoch:209	loss:tensor(1.5960, device='cuda:0')]
[2019-03-14 21:51:00,652][INFO][epoch:210	loss:tensor(1.4913, device='cuda:0')]
[2019-03-14 21:51:01,705][WARNING][LCC:tensor(0.9050)]
[2019-03-14 21:51:01,705][WARNING][SROCC:tensor(0.8839)]
[2019-03-14 21:51:08,515][INFO][epoch:211	loss:tensor(1.6163, device='cuda:0')]
[2019-03-14 21:51:15,377][INFO][epoch:212	loss:tensor(1.5565, device='cuda:0')]
[2019-03-14 21:51:22,209][INFO][epoch:213	loss:tensor(1.5005, device='cuda:0')]
[2019-03-14 21:51:29,024][INFO][epoch:214	loss:tensor(1.5118, device='cuda:0')]
[2019-03-14 21:51:35,938][INFO][epoch:215	loss:tensor(1.5275, device='cuda:0')]
[2019-03-14 21:51:42,676][INFO][epoch:216	loss:tensor(1.5164, device='cuda:0')]
[2019-03-14 21:51:49,436][INFO][epoch:217	loss:tensor(1.5715, device='cuda:0')]
[2019-03-14 21:51:56,232][INFO][epoch:218	loss:tensor(1.5038, device='cuda:0')]
[2019-03-14 21:52:03,072][INFO][epoch:219	loss:tensor(1.5515, device='cuda:0')]
[2019-03-14 21:52:09,840][INFO][epoch:220	loss:tensor(1.5184, device='cuda:0')]
[2019-03-14 21:52:10,824][WARNING][LCC:tensor(0.9197)]
[2019-03-14 21:52:10,825][WARNING][SROCC:tensor(0.8993)]
[2019-03-14 21:52:17,548][INFO][epoch:221	loss:tensor(1.5160, device='cuda:0')]
[2019-03-14 21:52:24,276][INFO][epoch:222	loss:tensor(1.5900, device='cuda:0')]
[2019-03-14 21:52:31,037][INFO][epoch:223	loss:tensor(1.5112, device='cuda:0')]
[2019-03-14 21:52:37,816][INFO][epoch:224	loss:tensor(1.5609, device='cuda:0')]
[2019-03-14 21:52:44,667][INFO][epoch:225	loss:tensor(1.5178, device='cuda:0')]
[2019-03-14 21:52:51,485][INFO][epoch:226	loss:tensor(1.5721, device='cuda:0')]
[2019-03-14 21:52:58,380][INFO][epoch:227	loss:tensor(1.4617, device='cuda:0')]
[2019-03-14 21:53:05,241][INFO][epoch:228	loss:tensor(1.5296, device='cuda:0')]
[2019-03-14 21:53:12,105][INFO][epoch:229	loss:tensor(1.4384, device='cuda:0')]
[2019-03-14 21:53:18,962][INFO][epoch:230	loss:tensor(1.4701, device='cuda:0')]
[2019-03-14 21:53:19,984][WARNING][LCC:tensor(0.9188)]
[2019-03-14 21:53:19,984][WARNING][SROCC:tensor(0.9150)]
[2019-03-14 21:53:26,905][INFO][epoch:231	loss:tensor(1.5392, device='cuda:0')]
[2019-03-14 21:53:33,776][INFO][epoch:232	loss:tensor(1.5218, device='cuda:0')]
[2019-03-14 21:53:40,639][INFO][epoch:233	loss:tensor(1.4581, device='cuda:0')]
[2019-03-14 21:53:47,468][INFO][epoch:234	loss:tensor(1.4414, device='cuda:0')]
[2019-03-14 21:53:54,247][INFO][epoch:235	loss:tensor(1.5324, device='cuda:0')]
[2019-03-14 21:54:01,106][INFO][epoch:236	loss:tensor(1.4843, device='cuda:0')]
[2019-03-14 21:54:07,973][INFO][epoch:237	loss:tensor(1.4692, device='cuda:0')]
[2019-03-14 21:54:14,783][INFO][epoch:238	loss:tensor(1.5504, device='cuda:0')]
[2019-03-14 21:54:21,712][INFO][epoch:239	loss:tensor(1.4878, device='cuda:0')]
[2019-03-14 21:54:28,448][INFO][epoch:240	loss:tensor(1.5128, device='cuda:0')]
[2019-03-14 21:54:29,431][WARNING][LCC:tensor(0.9167)]
[2019-03-14 21:54:29,431][WARNING][SROCC:tensor(0.9126)]
[2019-03-14 21:54:36,085][INFO][epoch:241	loss:tensor(1.4623, device='cuda:0')]
[2019-03-14 21:54:42,866][INFO][epoch:242	loss:tensor(1.4929, device='cuda:0')]
[2019-03-14 21:54:49,725][INFO][epoch:243	loss:tensor(1.4487, device='cuda:0')]
[2019-03-14 21:54:56,620][INFO][epoch:244	loss:tensor(1.4309, device='cuda:0')]
[2019-03-14 21:55:03,489][INFO][epoch:245	loss:tensor(1.4697, device='cuda:0')]
[2019-03-14 21:55:10,408][INFO][epoch:246	loss:tensor(1.5242, device='cuda:0')]
[2019-03-14 21:55:17,312][INFO][epoch:247	loss:tensor(1.4401, device='cuda:0')]
[2019-03-14 21:55:24,153][INFO][epoch:248	loss:tensor(1.4993, device='cuda:0')]
[2019-03-14 21:55:30,924][INFO][epoch:249	loss:tensor(1.3869, device='cuda:0')]
[2019-03-14 21:55:37,741][INFO][epoch:250	loss:tensor(1.4103, device='cuda:0')]
[2019-03-14 21:55:38,813][WARNING][LCC:tensor(0.9151)]
[2019-03-14 21:55:38,814][WARNING][SROCC:tensor(0.9003)]
[2019-03-14 21:55:38,814][WARNING][Model saved]
[2019-03-14 21:55:45,646][INFO][epoch:251	loss:tensor(1.4413, device='cuda:0')]
[2019-03-14 21:55:52,437][INFO][epoch:252	loss:tensor(1.4238, device='cuda:0')]
[2019-03-14 21:55:59,238][INFO][epoch:253	loss:tensor(1.6157, device='cuda:0')]
[2019-03-14 21:56:06,019][INFO][epoch:254	loss:tensor(1.4478, device='cuda:0')]
