[2019-02-25 20:49:19,436][INFO][epoch:0	loss:tensor(0.4923, device='cuda:0')]
[2019-02-25 20:49:20,294][INFO][LCC:tensor(-0.0401, grad_fn=<DivBackward1>)]
[2019-02-25 20:49:34,996][INFO][epoch:1	loss:tensor(0.2861, device='cuda:0')]
[2019-02-25 20:49:35,774][INFO][LCC:tensor(0.0451, grad_fn=<DivBackward1>)]
[2019-02-25 20:49:50,566][INFO][epoch:2	loss:tensor(0.2840, device='cuda:0')]
[2019-02-25 20:49:50,954][INFO][LCC:tensor(-0.0312, grad_fn=<DivBackward1>)]
[2019-02-25 20:50:05,776][INFO][epoch:3	loss:tensor(0.2667, device='cuda:0')]
[2019-02-25 20:50:06,191][INFO][LCC:tensor(-0.0770, grad_fn=<DivBackward1>)]
[2019-02-25 20:50:21,028][INFO][epoch:4	loss:tensor(0.2727, device='cuda:0')]
[2019-02-25 20:50:21,442][INFO][LCC:tensor(-0.0818, grad_fn=<DivBackward1>)]
[2019-02-25 20:50:36,338][INFO][epoch:5	loss:tensor(0.2611, device='cuda:0')]
[2019-02-25 20:50:36,744][INFO][LCC:tensor(-0.0809, grad_fn=<DivBackward1>)]
[2019-02-25 20:50:51,534][INFO][epoch:6	loss:tensor(0.2581, device='cuda:0')]
[2019-02-25 20:50:51,942][INFO][LCC:tensor(-0.1073, grad_fn=<DivBackward1>)]
[2019-02-25 20:51:07,164][INFO][epoch:7	loss:tensor(0.2575, device='cuda:0')]
[2019-02-25 20:51:07,592][INFO][LCC:tensor(-0.2211, grad_fn=<DivBackward1>)]
[2019-02-25 20:51:22,721][INFO][epoch:8	loss:tensor(0.2482, device='cuda:0')]
[2019-02-25 20:51:23,131][INFO][LCC:tensor(0.1516, grad_fn=<DivBackward1>)]
[2019-02-25 20:51:38,183][INFO][epoch:9	loss:tensor(0.2472, device='cuda:0')]
[2019-02-25 20:51:38,597][INFO][LCC:tensor(0.0129, grad_fn=<DivBackward1>)]
[2019-02-25 20:51:53,615][INFO][epoch:10	loss:tensor(0.2527, device='cuda:0')]
[2019-02-25 20:51:54,035][INFO][LCC:tensor(0.0560, grad_fn=<DivBackward1>)]
[2019-02-25 20:52:09,079][INFO][epoch:11	loss:tensor(0.2438, device='cuda:0')]
[2019-02-25 20:52:09,495][INFO][LCC:tensor(0.0842, grad_fn=<DivBackward1>)]
[2019-02-25 20:52:24,650][INFO][epoch:12	loss:tensor(0.2516, device='cuda:0')]
[2019-02-25 20:52:25,052][INFO][LCC:tensor(-0.0718, grad_fn=<DivBackward1>)]
[2019-02-25 20:52:40,167][INFO][epoch:13	loss:tensor(0.2525, device='cuda:0')]
[2019-02-25 20:52:40,564][INFO][LCC:tensor(-0.2082, grad_fn=<DivBackward1>)]
[2019-02-25 20:52:55,693][INFO][epoch:14	loss:tensor(0.2451, device='cuda:0')]
[2019-02-25 20:52:56,111][INFO][LCC:tensor(-0.0917, grad_fn=<DivBackward1>)]
[2019-02-25 20:53:11,161][INFO][epoch:15	loss:tensor(0.2429, device='cuda:0')]
[2019-02-25 20:53:11,590][INFO][LCC:tensor(-0.1196, grad_fn=<DivBackward1>)]
[2019-02-25 20:53:26,662][INFO][epoch:16	loss:tensor(0.2438, device='cuda:0')]
[2019-02-25 20:53:27,080][INFO][LCC:tensor(-0.1393, grad_fn=<DivBackward1>)]
[2019-02-25 20:53:41,988][INFO][epoch:17	loss:tensor(0.2486, device='cuda:0')]
[2019-02-25 20:53:42,400][INFO][LCC:tensor(0.1747, grad_fn=<DivBackward1>)]
[2019-02-25 20:53:57,324][INFO][epoch:18	loss:tensor(0.2509, device='cuda:0')]
[2019-02-25 20:53:57,727][INFO][LCC:tensor(-0.0491, grad_fn=<DivBackward1>)]
[2019-02-25 20:54:12,655][INFO][epoch:19	loss:tensor(0.2419, device='cuda:0')]
[2019-02-25 20:54:13,076][INFO][LCC:tensor(0.0118, grad_fn=<DivBackward1>)]
[2019-02-25 20:54:27,957][INFO][epoch:20	loss:tensor(0.2434, device='cuda:0')]
[2019-02-25 20:54:28,396][INFO][LCC:tensor(0.0067, grad_fn=<DivBackward1>)]
[2019-02-25 20:54:43,291][INFO][epoch:21	loss:tensor(0.2438, device='cuda:0')]
[2019-02-25 20:54:43,698][INFO][LCC:tensor(-0.0277, grad_fn=<DivBackward1>)]
[2019-02-25 20:54:58,613][INFO][epoch:22	loss:tensor(0.2387, device='cuda:0')]
[2019-02-25 20:54:59,011][INFO][LCC:tensor(-0.0025, grad_fn=<DivBackward1>)]
[2019-02-25 20:55:14,106][INFO][epoch:23	loss:tensor(0.2451, device='cuda:0')]
[2019-02-25 20:55:14,548][INFO][LCC:tensor(0.1092, grad_fn=<DivBackward1>)]
[2019-02-25 20:55:29,895][INFO][epoch:24	loss:tensor(0.2483, device='cuda:0')]
[2019-02-25 20:55:30,479][INFO][LCC:tensor(0.1927, grad_fn=<DivBackward1>)]
[2019-02-25 20:55:45,460][INFO][epoch:25	loss:tensor(0.2439, device='cuda:0')]
[2019-02-25 20:55:45,872][INFO][LCC:tensor(-0.1178, grad_fn=<DivBackward1>)]
[2019-02-25 20:56:00,967][INFO][epoch:26	loss:tensor(0.2453, device='cuda:0')]
[2019-02-25 20:56:01,381][INFO][LCC:tensor(-0.0042, grad_fn=<DivBackward1>)]
[2019-02-25 20:56:16,622][INFO][epoch:27	loss:tensor(0.2431, device='cuda:0')]
[2019-02-25 20:56:17,045][INFO][LCC:tensor(-0.0264, grad_fn=<DivBackward1>)]
[2019-02-25 20:56:32,075][INFO][epoch:28	loss:tensor(0.2425, device='cuda:0')]
[2019-02-25 20:56:32,481][INFO][LCC:tensor(0.0132, grad_fn=<DivBackward1>)]
[2019-02-25 20:56:47,385][INFO][epoch:29	loss:tensor(0.2368, device='cuda:0')]
[2019-02-25 20:56:47,826][INFO][LCC:tensor(0.0003, grad_fn=<DivBackward1>)]
[2019-02-25 20:57:02,925][INFO][epoch:30	loss:tensor(0.2359, device='cuda:0')]
[2019-02-25 20:57:03,365][INFO][LCC:tensor(-0.0735, grad_fn=<DivBackward1>)]
[2019-02-25 20:57:18,409][INFO][epoch:31	loss:tensor(0.2380, device='cuda:0')]
[2019-02-25 20:57:18,824][INFO][LCC:tensor(0.0430, grad_fn=<DivBackward1>)]
[2019-02-25 20:57:33,793][INFO][epoch:32	loss:tensor(0.2458, device='cuda:0')]
[2019-02-25 20:57:34,203][INFO][LCC:tensor(0.0078, grad_fn=<DivBackward1>)]
[2019-02-25 20:57:49,313][INFO][epoch:33	loss:tensor(0.2335, device='cuda:0')]
[2019-02-25 20:57:49,742][INFO][LCC:tensor(0.0141, grad_fn=<DivBackward1>)]
[2019-02-25 20:58:04,652][INFO][epoch:34	loss:tensor(0.2397, device='cuda:0')]
[2019-02-25 20:58:05,041][INFO][LCC:tensor(-0.0261, grad_fn=<DivBackward1>)]
[2019-02-25 20:58:20,027][INFO][epoch:35	loss:tensor(0.2392, device='cuda:0')]
[2019-02-25 20:58:20,430][INFO][LCC:tensor(-0.1794, grad_fn=<DivBackward1>)]
[2019-02-25 20:58:35,393][INFO][epoch:36	loss:tensor(0.2393, device='cuda:0')]
[2019-02-25 20:58:35,803][INFO][LCC:tensor(-0.0129, grad_fn=<DivBackward1>)]
[2019-02-25 20:58:50,771][INFO][epoch:37	loss:tensor(0.2390, device='cuda:0')]
[2019-02-25 20:58:51,177][INFO][LCC:tensor(0.0323, grad_fn=<DivBackward1>)]
[2019-02-25 20:59:06,136][INFO][epoch:38	loss:tensor(0.2367, device='cuda:0')]
[2019-02-25 20:59:06,548][INFO][LCC:tensor(0.0475, grad_fn=<DivBackward1>)]
[2019-02-25 20:59:21,558][INFO][epoch:39	loss:tensor(0.2354, device='cuda:0')]
[2019-02-25 20:59:21,975][INFO][LCC:tensor(0.0121, grad_fn=<DivBackward1>)]
[2019-02-25 20:59:36,825][INFO][epoch:40	loss:tensor(0.2325, device='cuda:0')]
[2019-02-25 20:59:37,228][INFO][LCC:tensor(0.1012, grad_fn=<DivBackward1>)]
[2019-02-25 20:59:52,266][INFO][epoch:41	loss:tensor(0.2371, device='cuda:0')]
[2019-02-25 20:59:52,674][INFO][LCC:tensor(-0.0000, grad_fn=<DivBackward1>)]
[2019-02-25 21:00:07,661][INFO][epoch:42	loss:tensor(0.2366, device='cuda:0')]
[2019-02-25 21:00:08,063][INFO][LCC:tensor(-0.0000, grad_fn=<DivBackward1>)]
[2019-02-25 21:00:23,164][INFO][epoch:43	loss:tensor(0.2374, device='cuda:0')]
[2019-02-25 21:00:23,570][INFO][LCC:tensor(-0.0000, grad_fn=<DivBackward1>)]
[2019-02-25 21:00:38,480][INFO][epoch:44	loss:tensor(0.2345, device='cuda:0')]
[2019-02-25 21:00:38,874][INFO][LCC:tensor(-0.0000, grad_fn=<DivBackward1>)]
[2019-02-25 21:00:54,062][INFO][epoch:45	loss:tensor(0.2371, device='cuda:0')]
[2019-02-25 21:00:54,486][INFO][LCC:tensor(-0.0000, grad_fn=<DivBackward1>)]
[2019-02-25 21:01:09,446][INFO][epoch:46	loss:tensor(0.2360, device='cuda:0')]
[2019-02-25 21:01:09,849][INFO][LCC:tensor(nan, grad_fn=<DivBackward1>)]
[2019-02-25 21:01:24,948][INFO][epoch:47	loss:tensor(0.2329, device='cuda:0')]
[2019-02-25 21:01:25,341][INFO][LCC:tensor(-0.0000, grad_fn=<DivBackward1>)]
[2019-02-25 21:01:40,392][INFO][epoch:48	loss:tensor(0.2364, device='cuda:0')]
[2019-02-25 21:01:40,800][INFO][LCC:tensor(-0.0000, grad_fn=<DivBackward1>)]
[2019-02-25 21:01:55,834][INFO][epoch:49	loss:tensor(0.2354, device='cuda:0')]
[2019-02-25 21:01:56,246][INFO][LCC:tensor(5.5256e-07, grad_fn=<DivBackward1>)]
[2019-02-25 21:02:11,166][INFO][epoch:50	loss:tensor(0.2365, device='cuda:0')]
[2019-02-25 21:02:11,562][INFO][LCC:tensor(nan, grad_fn=<DivBackward1>)]
[2019-02-25 21:02:26,516][INFO][epoch:51	loss:tensor(0.2370, device='cuda:0')]
[2019-02-25 21:02:26,913][INFO][LCC:tensor(nan, grad_fn=<DivBackward1>)]
[2019-02-25 21:02:41,847][INFO][epoch:52	loss:tensor(0.2377, device='cuda:0')]
[2019-02-25 21:02:42,264][INFO][LCC:tensor(-0.0000, grad_fn=<DivBackward1>)]
[2019-02-25 21:02:57,290][INFO][epoch:53	loss:tensor(0.2371, device='cuda:0')]
[2019-02-25 21:02:57,678][INFO][LCC:tensor(5.5256e-07, grad_fn=<DivBackward1>)]
[2019-02-25 21:03:12,526][INFO][epoch:54	loss:tensor(0.2325, device='cuda:0')]
[2019-02-25 21:03:12,934][INFO][LCC:tensor(-0.0000, grad_fn=<DivBackward1>)]
[2019-02-25 21:03:27,830][INFO][epoch:55	loss:tensor(0.2364, device='cuda:0')]
[2019-02-25 21:03:28,234][INFO][LCC:tensor(5.5829e-07, grad_fn=<DivBackward1>)]
[2019-02-25 21:03:43,109][INFO][epoch:56	loss:tensor(0.2344, device='cuda:0')]
[2019-02-25 21:03:43,500][INFO][LCC:tensor(5.5256e-07, grad_fn=<DivBackward1>)]
[2019-02-25 21:03:58,549][INFO][epoch:57	loss:tensor(0.2326, device='cuda:0')]
[2019-02-25 21:03:58,946][INFO][LCC:tensor(-0.0000, grad_fn=<DivBackward1>)]
[2019-02-25 21:04:13,824][INFO][epoch:58	loss:tensor(0.2354, device='cuda:0')]
[2019-02-25 21:04:14,227][INFO][LCC:tensor(5.5256e-07, grad_fn=<DivBackward1>)]
[2019-02-25 21:04:29,224][INFO][epoch:59	loss:tensor(0.2376, device='cuda:0')]
[2019-02-25 21:04:29,625][INFO][LCC:tensor(-0.0000, grad_fn=<DivBackward1>)]
[2019-02-25 21:04:44,566][INFO][epoch:60	loss:tensor(0.2317, device='cuda:0')]
[2019-02-25 21:04:44,964][INFO][LCC:tensor(5.5256e-07, grad_fn=<DivBackward1>)]
[2019-02-25 21:05:00,157][INFO][epoch:61	loss:tensor(0.2328, device='cuda:0')]
[2019-02-25 21:05:00,565][INFO][LCC:tensor(-0.0000, grad_fn=<DivBackward1>)]
[2019-02-25 21:05:15,499][INFO][epoch:62	loss:tensor(0.2322, device='cuda:0')]
[2019-02-25 21:05:15,920][INFO][LCC:tensor(nan, grad_fn=<DivBackward1>)]
[2019-02-25 21:05:31,057][INFO][epoch:63	loss:tensor(0.2316, device='cuda:0')]
[2019-02-25 21:05:31,458][INFO][LCC:tensor(5.5829e-07, grad_fn=<DivBackward1>)]
[2019-02-25 21:05:46,386][INFO][epoch:64	loss:tensor(0.2328, device='cuda:0')]
[2019-02-25 21:05:46,777][INFO][LCC:tensor(nan, grad_fn=<DivBackward1>)]
[2019-02-25 21:06:01,841][INFO][epoch:65	loss:tensor(0.2342, device='cuda:0')]
[2019-02-25 21:06:02,241][INFO][LCC:tensor(5.5829e-07, grad_fn=<DivBackward1>)]
[2019-02-25 21:06:17,144][INFO][epoch:66	loss:tensor(0.2326, device='cuda:0')]
[2019-02-25 21:06:17,560][INFO][LCC:tensor(nan, grad_fn=<DivBackward1>)]
[2019-02-25 21:06:32,618][INFO][epoch:67	loss:tensor(0.2324, device='cuda:0')]
[2019-02-25 21:06:33,008][INFO][LCC:tensor(-0.0000, grad_fn=<DivBackward1>)]
[2019-02-25 21:06:47,850][INFO][epoch:68	loss:tensor(0.2326, device='cuda:0')]
[2019-02-25 21:06:48,262][INFO][LCC:tensor(5.5829e-07, grad_fn=<DivBackward1>)]
[2019-02-25 21:07:03,292][INFO][epoch:69	loss:tensor(0.2287, device='cuda:0')]
[2019-02-25 21:07:03,691][INFO][LCC:tensor(-0.0000, grad_fn=<DivBackward1>)]
[2019-02-25 21:07:18,612][INFO][epoch:70	loss:tensor(0.2326, device='cuda:0')]
[2019-02-25 21:07:19,025][INFO][LCC:tensor(5.5829e-07, grad_fn=<DivBackward1>)]
[2019-02-25 21:07:34,101][INFO][epoch:71	loss:tensor(0.2335, device='cuda:0')]
[2019-02-25 21:07:34,499][INFO][LCC:tensor(5.5829e-07, grad_fn=<DivBackward1>)]
[2019-02-25 21:07:49,360][INFO][epoch:72	loss:tensor(0.2299, device='cuda:0')]
[2019-02-25 21:07:49,776][INFO][LCC:tensor(5.5256e-07, grad_fn=<DivBackward1>)]
[2019-02-25 21:08:04,811][INFO][epoch:73	loss:tensor(0.2312, device='cuda:0')]
[2019-02-25 21:08:05,215][INFO][LCC:tensor(5.5657e-07, grad_fn=<DivBackward1>)]
[2019-02-25 21:08:20,130][INFO][epoch:74	loss:tensor(0.2321, device='cuda:0')]
[2019-02-25 21:08:20,546][INFO][LCC:tensor(nan, grad_fn=<DivBackward1>)]
[2019-02-25 21:08:35,553][INFO][epoch:75	loss:tensor(0.2366, device='cuda:0')]
[2019-02-25 21:08:35,971][INFO][LCC:tensor(-0.0000, grad_fn=<DivBackward1>)]
[2019-02-25 21:08:50,876][INFO][epoch:76	loss:tensor(0.2298, device='cuda:0')]
[2019-02-25 21:08:51,280][INFO][LCC:tensor(-0.0000, grad_fn=<DivBackward1>)]
[2019-02-25 21:09:06,349][INFO][epoch:77	loss:tensor(0.2331, device='cuda:0')]
[2019-02-25 21:09:06,762][INFO][LCC:tensor(5.5256e-07, grad_fn=<DivBackward1>)]
[2019-02-25 21:09:21,675][INFO][epoch:78	loss:tensor(0.2311, device='cuda:0')]
[2019-02-25 21:09:22,082][INFO][LCC:tensor(5.5256e-07, grad_fn=<DivBackward1>)]
[2019-02-25 21:09:37,247][INFO][epoch:79	loss:tensor(0.2295, device='cuda:0')]
[2019-02-25 21:09:37,639][INFO][LCC:tensor(-0.0000, grad_fn=<DivBackward1>)]
[2019-02-25 21:09:52,580][INFO][epoch:80	loss:tensor(0.2312, device='cuda:0')]
[2019-02-25 21:09:52,979][INFO][LCC:tensor(5.5829e-07, grad_fn=<DivBackward1>)]
[2019-02-25 21:10:08,055][INFO][epoch:81	loss:tensor(0.2301, device='cuda:0')]
[2019-02-25 21:10:08,452][INFO][LCC:tensor(5.5829e-07, grad_fn=<DivBackward1>)]
[2019-02-25 21:10:23,308][INFO][epoch:82	loss:tensor(0.2354, device='cuda:0')]
[2019-02-25 21:10:23,699][INFO][LCC:tensor(5.5829e-07, grad_fn=<DivBackward1>)]
[2019-02-25 21:10:38,728][INFO][epoch:83	loss:tensor(0.2299, device='cuda:0')]
[2019-02-25 21:10:39,122][INFO][LCC:tensor(5.5829e-07, grad_fn=<DivBackward1>)]
[2019-02-25 21:10:54,077][INFO][epoch:84	loss:tensor(0.2299, device='cuda:0')]
[2019-02-25 21:10:54,488][INFO][LCC:tensor(5.5829e-07, grad_fn=<DivBackward1>)]
[2019-02-25 21:11:09,542][INFO][epoch:85	loss:tensor(0.2304, device='cuda:0')]
[2019-02-25 21:11:09,962][INFO][LCC:tensor(5.5829e-07, grad_fn=<DivBackward1>)]
[2019-02-25 21:11:24,877][INFO][epoch:86	loss:tensor(0.2335, device='cuda:0')]
[2019-02-25 21:11:25,306][INFO][LCC:tensor(5.5829e-07, grad_fn=<DivBackward1>)]
[2019-02-25 21:11:40,399][INFO][epoch:87	loss:tensor(0.2331, device='cuda:0')]
[2019-02-25 21:11:40,825][INFO][LCC:tensor(-0.0000, grad_fn=<DivBackward1>)]
[2019-02-25 21:11:55,677][INFO][epoch:88	loss:tensor(0.2304, device='cuda:0')]
[2019-02-25 21:11:56,076][INFO][LCC:tensor(5.5256e-07, grad_fn=<DivBackward1>)]
[2019-02-25 21:12:11,106][INFO][epoch:89	loss:tensor(0.2362, device='cuda:0')]
[2019-02-25 21:12:11,497][INFO][LCC:tensor(-0.0000, grad_fn=<DivBackward1>)]
[2019-02-25 21:12:26,469][INFO][epoch:90	loss:tensor(0.2308, device='cuda:0')]
[2019-02-25 21:12:26,865][INFO][LCC:tensor(-0.0000, grad_fn=<DivBackward1>)]
[2019-02-25 21:12:42,055][INFO][epoch:91	loss:tensor(0.2305, device='cuda:0')]
[2019-02-25 21:12:42,455][INFO][LCC:tensor(-0.0000, grad_fn=<DivBackward1>)]
[2019-02-25 21:12:57,438][INFO][epoch:92	loss:tensor(0.2317, device='cuda:0')]
[2019-02-25 21:12:57,862][INFO][LCC:tensor(nan, grad_fn=<DivBackward1>)]
[2019-02-25 21:13:12,941][INFO][epoch:93	loss:tensor(0.2342, device='cuda:0')]
[2019-02-25 21:13:13,340][INFO][LCC:tensor(-0.0000, grad_fn=<DivBackward1>)]
[2019-02-25 21:13:28,285][INFO][epoch:94	loss:tensor(0.2299, device='cuda:0')]
[2019-02-25 21:13:28,690][INFO][LCC:tensor(5.5829e-07, grad_fn=<DivBackward1>)]
[2019-02-25 21:13:43,798][INFO][epoch:95	loss:tensor(0.2305, device='cuda:0')]
[2019-02-25 21:13:44,211][INFO][LCC:tensor(5.5829e-07, grad_fn=<DivBackward1>)]
[2019-02-25 21:13:59,233][INFO][epoch:96	loss:tensor(0.2249, device='cuda:0')]
[2019-02-25 21:13:59,661][INFO][LCC:tensor(5.5829e-07, grad_fn=<DivBackward1>)]
[2019-02-25 21:14:14,687][INFO][epoch:97	loss:tensor(0.2272, device='cuda:0')]
[2019-02-25 21:14:15,099][INFO][LCC:tensor(5.5829e-07, grad_fn=<DivBackward1>)]
[2019-02-25 21:14:30,081][INFO][epoch:98	loss:tensor(0.2274, device='cuda:0')]
[2019-02-25 21:14:30,488][INFO][LCC:tensor(-0.0000, grad_fn=<DivBackward1>)]
[2019-02-25 21:14:45,475][INFO][epoch:99	loss:tensor(0.2286, device='cuda:0')]
[2019-02-25 21:14:45,872][INFO][LCC:tensor(-0.0000, grad_fn=<DivBackward1>)]
