[2019-02-25 22:15:38,950][INFO][epoch:0	loss:tensor(0.9272, device='cuda:0')]
[2019-02-25 22:15:39,814][INFO][LCC:tensor(0.0358, grad_fn=<DivBackward1>)]
[2019-02-25 22:15:39,815][INFO][Ground Truth:tensor([2.8286, 3.8205, 6.3056, 5.1429, 3.0540, 4.5111, 4.7500, 6.4222, 5.1111,
        1.0000, 3.9032, 4.4889, 5.2778, 4.4500, 4.1000, 3.6389, 5.3000, 4.8333,
        3.7353, 3.3171, 5.3333, 2.5278, 4.7750, 5.1111, 5.6667, 3.6486, 3.8611,
        5.6316, 2.6471, 5.8000, 5.9143, 5.0588, 5.1053, 5.3000, 4.0250, 5.3077,
        5.3684, 2.7188, 4.6053, 4.0526, 3.9688, 2.9111, 4.3333, 5.5000, 2.5897,
        6.2750, 4.6875, 1.8571, 4.5263, 5.9062, 3.1765, 6.0444, 2.5000, 3.5484,
        6.2821, 4.2973, 2.6585, 3.2857, 3.6579, 3.7941, 0.9722, 4.4737, 3.4211,
        5.1081, 4.9024, 3.7209, 5.1282, 5.0488, 2.0000, 5.0294, 3.4103, 6.0540,
        6.0667, 5.2326, 4.0000, 5.7059, 5.8947, 4.9737, 5.3256, 5.4615, 6.5263,
        6.2857, 4.7143, 3.2000, 4.3871, 5.7027, 4.0278, 5.8919, 5.0556, 2.3750,
        2.9302, 4.1053, 3.6216, 2.9302, 3.7674, 3.6667, 4.4884, 2.8182, 3.0000,
        4.3953, 5.0882])]
[2019-02-25 22:15:39,816][INFO][Predicted:tensor([5.6342, 5.6041, 5.6522, 5.6468, 5.6448, 5.6126, 5.6200, 5.6147, 5.6112,
        5.5829, 5.6262, 5.6146, 5.6291, 5.6434, 5.6060, 5.6418, 5.6219, 5.6404,
        5.6430, 5.6283, 5.6269, 5.6281, 5.6266, 5.6244, 5.5968, 5.6304, 5.6243,
        5.6089, 5.6066, 5.6429, 5.6296, 5.6135, 5.6295, 5.5983, 5.5995, 5.6350,
        5.6042, 5.6491, 5.6480, 5.6437, 5.6244, 5.6116, 5.6472, 5.6351, 5.6263,
        5.6128, 5.6568, 5.6210, 5.6285, 5.6269, 5.5982, 5.5995, 5.6001, 5.6773,
        5.6062, 5.6415, 5.6079, 5.6398, 5.6284, 5.6236, 5.5861, 5.6304, 5.6245,
        5.6216, 5.6288, 5.6313, 5.6011, 5.5999, 5.5785, 5.6249, 5.6141, 5.6286,
        5.5885, 5.6396, 5.6436, 5.6147, 5.6529, 5.6545, 5.6417, 5.6216, 5.6352,
        5.6022, 5.6473, 5.5864, 5.6618, 5.6328, 5.6186, 5.6318, 5.6250, 5.6649,
        5.6167, 5.6419, 5.6387, 5.6404, 5.5912, 5.6493, 5.6392, 5.6375, 5.7109,
        5.6380, 5.6173], grad_fn=<CatBackward>)]
[2019-02-25 22:15:55,088][INFO][epoch:1	loss:tensor(0.6596, device='cuda:0')]
[2019-02-25 22:15:55,934][INFO][LCC:tensor(0.0160, grad_fn=<DivBackward1>)]
[2019-02-25 22:15:55,934][INFO][Ground Truth:tensor([2.8286, 3.8205, 6.3056, 5.1429, 3.0540, 4.5111, 4.7500, 6.4222, 5.1111,
        1.0000, 3.9032, 4.4889, 5.2778, 4.4500, 4.1000, 3.6389, 5.3000, 4.8333,
        3.7353, 3.3171, 5.3333, 2.5278, 4.7750, 5.1111, 5.6667, 3.6486, 3.8611,
        5.6316, 2.6471, 5.8000, 5.9143, 5.0588, 5.1053, 5.3000, 4.0250, 5.3077,
        5.3684, 2.7188, 4.6053, 4.0526, 3.9688, 2.9111, 4.3333, 5.5000, 2.5897,
        6.2750, 4.6875, 1.8571, 4.5263, 5.9062, 3.1765, 6.0444, 2.5000, 3.5484,
        6.2821, 4.2973, 2.6585, 3.2857, 3.6579, 3.7941, 0.9722, 4.4737, 3.4211,
        5.1081, 4.9024, 3.7209, 5.1282, 5.0488, 2.0000, 5.0294, 3.4103, 6.0540,
        6.0667, 5.2326, 4.0000, 5.7059, 5.8947, 4.9737, 5.3256, 5.4615, 6.5263,
        6.2857, 4.7143, 3.2000, 4.3871, 5.7027, 4.0278, 5.8919, 5.0556, 2.3750,
        2.9302, 4.1053, 3.6216, 2.9302, 3.7674, 3.6667, 4.4884, 2.8182, 3.0000,
        4.3953, 5.0882])]
[2019-02-25 22:15:55,935][INFO][Predicted:tensor([5.2024, 5.2020, 5.2070, 5.2003, 5.2059, 5.1963, 5.1951, 5.1962, 5.2044,
        5.1948, 5.1957, 5.2029, 5.1884, 5.1998, 5.2024, 5.2000, 5.2119, 5.1981,
        5.2125, 5.2122, 5.2027, 5.2064, 5.2097, 5.1897, 5.1952, 5.1978, 5.2055,
        5.2052, 5.1883, 5.2052, 5.2011, 5.1932, 5.1852, 5.1939, 5.2010, 5.1897,
        5.1924, 5.1956, 5.2062, 5.2006, 5.1904, 5.2005, 5.2133, 5.1956, 5.1802,
        5.1974, 5.2113, 5.1987, 5.1966, 5.1881, 5.1909, 5.1985, 5.1899, 5.2208,
        5.2077, 5.1849, 5.2052, 5.1973, 5.1846, 5.1988, 5.1919, 5.1832, 5.1825,
        5.1983, 5.2105, 5.2025, 5.1966, 5.1920, 5.1909, 5.2043, 5.1918, 5.2046,
        5.1958, 5.2121, 5.2179, 5.1982, 5.1984, 5.1880, 5.2128, 5.1879, 5.1892,
        5.1976, 5.2098, 5.1978, 5.2079, 5.2024, 5.2017, 5.2085, 5.2024, 5.2097,
        5.1977, 5.1795, 5.2057, 5.2070, 5.1950, 5.2123, 5.2045, 5.1973, 5.2292,
        5.2029, 5.2028], grad_fn=<CatBackward>)]
[2019-02-25 22:16:11,225][INFO][epoch:2	loss:tensor(0.6589, device='cuda:0')]
[2019-02-25 22:16:11,661][INFO][LCC:tensor(-0.0324, grad_fn=<DivBackward1>)]
[2019-02-25 22:16:11,662][INFO][Ground Truth:tensor([2.8286, 3.8205, 6.3056, 5.1429, 3.0540, 4.5111, 4.7500, 6.4222, 5.1111,
        1.0000, 3.9032, 4.4889, 5.2778, 4.4500, 4.1000, 3.6389, 5.3000, 4.8333,
        3.7353, 3.3171, 5.3333, 2.5278, 4.7750, 5.1111, 5.6667, 3.6486, 3.8611,
        5.6316, 2.6471, 5.8000, 5.9143, 5.0588, 5.1053, 5.3000, 4.0250, 5.3077,
        5.3684, 2.7188, 4.6053, 4.0526, 3.9688, 2.9111, 4.3333, 5.5000, 2.5897,
        6.2750, 4.6875, 1.8571, 4.5263, 5.9062, 3.1765, 6.0444, 2.5000, 3.5484,
        6.2821, 4.2973, 2.6585, 3.2857, 3.6579, 3.7941, 0.9722, 4.4737, 3.4211,
        5.1081, 4.9024, 3.7209, 5.1282, 5.0488, 2.0000, 5.0294, 3.4103, 6.0540,
        6.0667, 5.2326, 4.0000, 5.7059, 5.8947, 4.9737, 5.3256, 5.4615, 6.5263,
        6.2857, 4.7143, 3.2000, 4.3871, 5.7027, 4.0278, 5.8919, 5.0556, 2.3750,
        2.9302, 4.1053, 3.6216, 2.9302, 3.7674, 3.6667, 4.4884, 2.8182, 3.0000,
        4.3953, 5.0882])]
[2019-02-25 22:16:11,663][INFO][Predicted:tensor([5.8977, 5.8927, 5.9016, 5.8937, 5.8987, 5.8945, 5.8968, 5.8951, 5.8953,
        5.8882, 5.9016, 5.8948, 5.8997, 5.9001, 5.8892, 5.8992, 5.9000, 5.8961,
        5.8966, 5.8977, 5.8981, 5.8966, 5.9006, 5.8995, 5.8941, 5.8994, 5.8960,
        5.8866, 5.8902, 5.8978, 5.8976, 5.8896, 5.8989, 5.8946, 5.8871, 5.9053,
        5.8955, 5.9015, 5.9015, 5.8999, 5.8986, 5.8990, 5.8943, 5.8987, 5.9030,
        5.8950, 5.9073, 5.8950, 5.8982, 5.9001, 5.8935, 5.8934, 5.8935, 5.9085,
        5.8873, 5.9041, 5.8929, 5.9000, 5.8988, 5.9016, 5.8914, 5.8978, 5.9021,
        5.8968, 5.9022, 5.8958, 5.8954, 5.8943, 5.8923, 5.8966, 5.8963, 5.8897,
        5.8953, 5.8959, 5.8929, 5.8982, 5.9006, 5.9064, 5.9008, 5.8989, 5.8974,
        5.8931, 5.8982, 5.8954, 5.9080, 5.8978, 5.8971, 5.8920, 5.8973, 5.9080,
        5.8948, 5.9080, 5.8949, 5.8990, 5.8954, 5.8992, 5.9000, 5.9007, 5.9056,
        5.9007, 5.8971], grad_fn=<CatBackward>)]
