[2019-03-14 20:51:20,857][WARNING][Model:Try ResNet.]
[2019-03-14 20:51:36,428][INFO][epoch:0	loss:tensor(8.0713, device='cuda:0')]
[2019-03-14 20:51:50,286][INFO][epoch:1	loss:tensor(5.9725, device='cuda:0')]
[2019-03-14 20:52:04,169][INFO][epoch:2	loss:tensor(5.5141, device='cuda:0')]
[2019-03-14 20:52:18,049][INFO][epoch:3	loss:tensor(4.9125, device='cuda:0')]
[2019-03-14 20:52:31,933][INFO][epoch:4	loss:tensor(4.6662, device='cuda:0')]
[2019-03-14 20:52:45,789][INFO][epoch:5	loss:tensor(4.3734, device='cuda:0')]
[2019-03-14 20:52:59,651][INFO][epoch:6	loss:tensor(4.2371, device='cuda:0')]
[2019-03-14 20:53:13,557][INFO][epoch:7	loss:tensor(3.8486, device='cuda:0')]
[2019-03-14 20:53:27,467][INFO][epoch:8	loss:tensor(3.9151, device='cuda:0')]
[2019-03-14 20:53:41,383][INFO][epoch:9	loss:tensor(3.7327, device='cuda:0')]
[2019-03-14 20:53:55,296][INFO][epoch:10	loss:tensor(3.7686, device='cuda:0')]
[2019-03-14 20:53:56,528][WARNING][LCC:tensor(0.6473)]
[2019-03-14 20:53:56,528][WARNING][SROCC:tensor(0.5649)]
[2019-03-14 20:54:10,435][INFO][epoch:11	loss:tensor(3.6992, device='cuda:0')]
[2019-03-14 20:54:24,327][INFO][epoch:12	loss:tensor(3.4341, device='cuda:0')]
[2019-03-14 20:54:38,249][INFO][epoch:13	loss:tensor(3.5772, device='cuda:0')]
[2019-03-14 20:54:52,151][INFO][epoch:14	loss:tensor(3.4049, device='cuda:0')]
[2019-03-14 20:55:06,050][INFO][epoch:15	loss:tensor(3.3705, device='cuda:0')]
[2019-03-14 20:55:19,971][INFO][epoch:16	loss:tensor(3.2790, device='cuda:0')]
[2019-03-14 20:55:33,880][INFO][epoch:17	loss:tensor(3.2038, device='cuda:0')]
[2019-03-14 20:55:47,794][INFO][epoch:18	loss:tensor(3.3046, device='cuda:0')]
[2019-03-14 20:56:01,708][INFO][epoch:19	loss:tensor(3.2607, device='cuda:0')]
[2019-03-14 20:56:15,599][INFO][epoch:20	loss:tensor(3.1169, device='cuda:0')]
[2019-03-14 20:56:16,814][WARNING][LCC:tensor(0.7693)]
[2019-03-14 20:56:16,815][WARNING][SROCC:tensor(0.6965)]
[2019-03-14 20:56:30,731][INFO][epoch:21	loss:tensor(3.0509, device='cuda:0')]
[2019-03-14 20:56:44,644][INFO][epoch:22	loss:tensor(3.0842, device='cuda:0')]
[2019-03-14 20:56:58,547][INFO][epoch:23	loss:tensor(3.0996, device='cuda:0')]
[2019-03-14 20:57:12,443][INFO][epoch:24	loss:tensor(2.9587, device='cuda:0')]
[2019-03-14 20:57:26,351][INFO][epoch:25	loss:tensor(2.8011, device='cuda:0')]
[2019-03-14 20:57:40,242][INFO][epoch:26	loss:tensor(2.9832, device='cuda:0')]
[2019-03-14 20:57:54,154][INFO][epoch:27	loss:tensor(2.7130, device='cuda:0')]
[2019-03-14 20:58:08,062][INFO][epoch:28	loss:tensor(2.8298, device='cuda:0')]
[2019-03-14 20:58:21,975][INFO][epoch:29	loss:tensor(3.0738, device='cuda:0')]
[2019-03-14 20:58:35,868][INFO][epoch:30	loss:tensor(2.7302, device='cuda:0')]
[2019-03-14 20:58:37,074][WARNING][LCC:tensor(0.8297)]
[2019-03-14 20:58:37,075][WARNING][SROCC:tensor(0.7955)]
[2019-03-14 20:58:50,964][INFO][epoch:31	loss:tensor(2.7703, device='cuda:0')]
[2019-03-14 20:59:04,860][INFO][epoch:32	loss:tensor(2.7579, device='cuda:0')]
[2019-03-14 20:59:18,763][INFO][epoch:33	loss:tensor(2.5889, device='cuda:0')]
[2019-03-14 20:59:32,653][INFO][epoch:34	loss:tensor(2.6892, device='cuda:0')]
[2019-03-14 20:59:46,568][INFO][epoch:35	loss:tensor(2.6153, device='cuda:0')]
[2019-03-14 21:00:00,461][INFO][epoch:36	loss:tensor(2.5252, device='cuda:0')]
[2019-03-14 21:00:14,356][INFO][epoch:37	loss:tensor(2.4724, device='cuda:0')]
[2019-03-14 21:00:28,264][INFO][epoch:38	loss:tensor(2.5929, device='cuda:0')]
[2019-03-14 21:00:42,153][INFO][epoch:39	loss:tensor(2.4873, device='cuda:0')]
[2019-03-14 21:00:56,046][INFO][epoch:40	loss:tensor(2.6343, device='cuda:0')]
[2019-03-14 21:00:57,258][WARNING][LCC:tensor(0.8534)]
[2019-03-14 21:00:57,258][WARNING][SROCC:tensor(0.8274)]
[2019-03-14 21:01:11,167][INFO][epoch:41	loss:tensor(2.5177, device='cuda:0')]
[2019-03-14 21:01:25,077][INFO][epoch:42	loss:tensor(2.3957, device='cuda:0')]
[2019-03-14 21:01:38,971][INFO][epoch:43	loss:tensor(2.4339, device='cuda:0')]
[2019-03-14 21:01:52,858][INFO][epoch:44	loss:tensor(2.3928, device='cuda:0')]
[2019-03-14 21:02:06,773][INFO][epoch:45	loss:tensor(2.3330, device='cuda:0')]
[2019-03-14 21:02:20,685][INFO][epoch:46	loss:tensor(2.4154, device='cuda:0')]
[2019-03-14 21:02:34,577][INFO][epoch:47	loss:tensor(2.4265, device='cuda:0')]
[2019-03-14 21:02:48,486][INFO][epoch:48	loss:tensor(2.3413, device='cuda:0')]
[2019-03-14 21:03:02,394][INFO][epoch:49	loss:tensor(2.4171, device='cuda:0')]
[2019-03-14 21:03:16,325][INFO][epoch:50	loss:tensor(2.3787, device='cuda:0')]
[2019-03-14 21:03:17,538][WARNING][LCC:tensor(0.8474)]
[2019-03-14 21:03:17,538][WARNING][SROCC:tensor(0.8153)]
[2019-03-14 21:03:17,538][WARNING][Model saved]
[2019-03-14 21:03:31,531][INFO][epoch:51	loss:tensor(2.3913, device='cuda:0')]
[2019-03-14 21:03:45,440][INFO][epoch:52	loss:tensor(2.3817, device='cuda:0')]
[2019-03-14 21:03:59,330][INFO][epoch:53	loss:tensor(2.3553, device='cuda:0')]
[2019-03-14 21:04:13,231][INFO][epoch:54	loss:tensor(2.3570, device='cuda:0')]
[2019-03-14 21:04:27,130][INFO][epoch:55	loss:tensor(2.2425, device='cuda:0')]
[2019-03-14 21:04:41,017][INFO][epoch:56	loss:tensor(2.1678, device='cuda:0')]
[2019-03-14 21:04:54,908][INFO][epoch:57	loss:tensor(2.2281, device='cuda:0')]
[2019-03-14 21:05:08,817][INFO][epoch:58	loss:tensor(2.2943, device='cuda:0')]
[2019-03-14 21:05:22,721][INFO][epoch:59	loss:tensor(2.3240, device='cuda:0')]
[2019-03-14 21:05:36,592][INFO][epoch:60	loss:tensor(2.3070, device='cuda:0')]
[2019-03-14 21:05:37,793][WARNING][LCC:tensor(0.8625)]
[2019-03-14 21:05:37,793][WARNING][SROCC:tensor(0.8415)]
[2019-03-14 21:05:51,695][INFO][epoch:61	loss:tensor(2.1352, device='cuda:0')]
[2019-03-14 21:06:05,593][INFO][epoch:62	loss:tensor(2.2302, device='cuda:0')]
[2019-03-14 21:06:19,507][INFO][epoch:63	loss:tensor(2.0905, device='cuda:0')]
[2019-03-14 21:06:33,394][INFO][epoch:64	loss:tensor(2.1576, device='cuda:0')]
[2019-03-14 21:06:47,320][INFO][epoch:65	loss:tensor(2.1032, device='cuda:0')]
[2019-03-14 21:07:01,222][INFO][epoch:66	loss:tensor(2.1021, device='cuda:0')]
[2019-03-14 21:07:15,135][INFO][epoch:67	loss:tensor(2.1484, device='cuda:0')]
[2019-03-14 21:07:29,034][INFO][epoch:68	loss:tensor(2.1122, device='cuda:0')]
[2019-03-14 21:07:42,938][INFO][epoch:69	loss:tensor(2.1410, device='cuda:0')]
[2019-03-14 21:07:56,851][INFO][epoch:70	loss:tensor(2.0940, device='cuda:0')]
[2019-03-14 21:07:58,061][WARNING][LCC:tensor(0.8818)]
[2019-03-14 21:07:58,061][WARNING][SROCC:tensor(0.8601)]
[2019-03-14 21:08:11,940][INFO][epoch:71	loss:tensor(2.1001, device='cuda:0')]
[2019-03-14 21:08:25,856][INFO][epoch:72	loss:tensor(2.1158, device='cuda:0')]
[2019-03-14 21:08:39,760][INFO][epoch:73	loss:tensor(1.9753, device='cuda:0')]
[2019-03-14 21:08:53,673][INFO][epoch:74	loss:tensor(2.0822, device='cuda:0')]
[2019-03-14 21:09:07,570][INFO][epoch:75	loss:tensor(2.0565, device='cuda:0')]
[2019-03-14 21:09:21,464][INFO][epoch:76	loss:tensor(2.0359, device='cuda:0')]
[2019-03-14 21:09:35,352][INFO][epoch:77	loss:tensor(2.0670, device='cuda:0')]
[2019-03-14 21:09:49,261][INFO][epoch:78	loss:tensor(2.1913, device='cuda:0')]
[2019-03-14 21:10:03,166][INFO][epoch:79	loss:tensor(1.9936, device='cuda:0')]
[2019-03-14 21:10:17,051][INFO][epoch:80	loss:tensor(2.0885, device='cuda:0')]
[2019-03-14 21:10:18,251][WARNING][LCC:tensor(0.8824)]
[2019-03-14 21:10:18,251][WARNING][SROCC:tensor(0.8646)]
[2019-03-14 21:10:32,400][INFO][epoch:81	loss:tensor(2.1021, device='cuda:0')]
[2019-03-14 21:10:46,357][INFO][epoch:82	loss:tensor(2.0063, device='cuda:0')]
[2019-03-14 21:11:00,308][INFO][epoch:83	loss:tensor(1.8948, device='cuda:0')]
[2019-03-14 21:11:14,223][INFO][epoch:84	loss:tensor(2.0638, device='cuda:0')]
[2019-03-14 21:11:28,172][INFO][epoch:85	loss:tensor(2.0441, device='cuda:0')]
[2019-03-14 21:11:42,127][INFO][epoch:86	loss:tensor(2.0918, device='cuda:0')]
[2019-03-14 21:11:56,084][INFO][epoch:87	loss:tensor(2.0332, device='cuda:0')]
[2019-03-14 21:12:10,002][INFO][epoch:88	loss:tensor(2.0691, device='cuda:0')]
[2019-03-14 21:12:23,952][INFO][epoch:89	loss:tensor(1.9060, device='cuda:0')]
[2019-03-14 21:12:37,910][INFO][epoch:90	loss:tensor(1.9819, device='cuda:0')]
[2019-03-14 21:12:39,117][WARNING][LCC:tensor(0.8780)]
[2019-03-14 21:12:39,118][WARNING][SROCC:tensor(0.8578)]
[2019-03-14 21:12:53,034][INFO][epoch:91	loss:tensor(1.9633, device='cuda:0')]
[2019-03-14 21:13:06,954][INFO][epoch:92	loss:tensor(2.0040, device='cuda:0')]
[2019-03-14 21:13:20,892][INFO][epoch:93	loss:tensor(1.9701, device='cuda:0')]
[2019-03-14 21:13:34,818][INFO][epoch:94	loss:tensor(1.9676, device='cuda:0')]
[2019-03-14 21:13:48,762][INFO][epoch:95	loss:tensor(1.9483, device='cuda:0')]
[2019-03-14 21:14:02,695][INFO][epoch:96	loss:tensor(1.7983, device='cuda:0')]
[2019-03-14 21:14:16,631][INFO][epoch:97	loss:tensor(1.9754, device='cuda:0')]
[2019-03-14 21:14:30,576][INFO][epoch:98	loss:tensor(1.8782, device='cuda:0')]
[2019-03-14 21:14:44,491][INFO][epoch:99	loss:tensor(1.9466, device='cuda:0')]
[2019-03-14 21:14:58,427][INFO][epoch:100	loss:tensor(1.9021, device='cuda:0')]
[2019-03-14 21:14:59,633][WARNING][LCC:tensor(0.8766)]
[2019-03-14 21:14:59,633][WARNING][SROCC:tensor(0.8555)]
[2019-03-14 21:14:59,633][WARNING][Model saved]
[2019-03-14 21:15:13,611][INFO][epoch:101	loss:tensor(1.8895, device='cuda:0')]
[2019-03-14 21:15:27,542][INFO][epoch:102	loss:tensor(1.8407, device='cuda:0')]
[2019-03-14 21:15:41,475][INFO][epoch:103	loss:tensor(1.9428, device='cuda:0')]
[2019-03-14 21:15:55,428][INFO][epoch:104	loss:tensor(1.9217, device='cuda:0')]
[2019-03-14 21:16:09,381][INFO][epoch:105	loss:tensor(1.8997, device='cuda:0')]
[2019-03-14 21:16:23,323][INFO][epoch:106	loss:tensor(1.8585, device='cuda:0')]
[2019-03-14 21:16:37,274][INFO][epoch:107	loss:tensor(1.8723, device='cuda:0')]
[2019-03-14 21:16:51,215][INFO][epoch:108	loss:tensor(1.8639, device='cuda:0')]
[2019-03-14 21:17:05,149][INFO][epoch:109	loss:tensor(1.9203, device='cuda:0')]
[2019-03-14 21:17:19,097][INFO][epoch:110	loss:tensor(1.8677, device='cuda:0')]
[2019-03-14 21:17:20,309][WARNING][LCC:tensor(0.8963)]
[2019-03-14 21:17:20,310][WARNING][SROCC:tensor(0.8879)]
[2019-03-14 21:17:34,253][INFO][epoch:111	loss:tensor(1.8568, device='cuda:0')]
[2019-03-14 21:17:48,191][INFO][epoch:112	loss:tensor(1.8468, device='cuda:0')]
[2019-03-14 21:18:02,136][INFO][epoch:113	loss:tensor(1.8945, device='cuda:0')]
[2019-03-14 21:18:16,059][INFO][epoch:114	loss:tensor(1.9422, device='cuda:0')]
[2019-03-14 21:18:30,004][INFO][epoch:115	loss:tensor(2.0192, device='cuda:0')]
[2019-03-14 21:18:43,936][INFO][epoch:116	loss:tensor(1.7973, device='cuda:0')]
[2019-03-14 21:18:57,874][INFO][epoch:117	loss:tensor(1.8790, device='cuda:0')]
[2019-03-14 21:19:11,837][INFO][epoch:118	loss:tensor(1.8033, device='cuda:0')]
[2019-03-14 21:19:25,788][INFO][epoch:119	loss:tensor(1.9350, device='cuda:0')]
[2019-03-14 21:19:39,745][INFO][epoch:120	loss:tensor(1.8806, device='cuda:0')]
[2019-03-14 21:19:40,954][WARNING][LCC:tensor(0.8815)]
[2019-03-14 21:19:40,954][WARNING][SROCC:tensor(0.8614)]
[2019-03-14 21:19:54,897][INFO][epoch:121	loss:tensor(1.7770, device='cuda:0')]
[2019-03-14 21:20:08,838][INFO][epoch:122	loss:tensor(1.8532, device='cuda:0')]
[2019-03-14 21:20:22,783][INFO][epoch:123	loss:tensor(1.8105, device='cuda:0')]
[2019-03-14 21:20:36,716][INFO][epoch:124	loss:tensor(1.8060, device='cuda:0')]
[2019-03-14 21:20:50,652][INFO][epoch:125	loss:tensor(1.7977, device='cuda:0')]
[2019-03-14 21:21:04,571][INFO][epoch:126	loss:tensor(1.8093, device='cuda:0')]
[2019-03-14 21:21:18,503][INFO][epoch:127	loss:tensor(1.8767, device='cuda:0')]
[2019-03-14 21:21:32,443][INFO][epoch:128	loss:tensor(1.7801, device='cuda:0')]
[2019-03-14 21:21:46,400][INFO][epoch:129	loss:tensor(1.7250, device='cuda:0')]
[2019-03-14 21:22:00,626][INFO][epoch:130	loss:tensor(1.8271, device='cuda:0')]
[2019-03-14 21:22:01,852][WARNING][LCC:tensor(0.8931)]
[2019-03-14 21:22:01,852][WARNING][SROCC:tensor(0.8792)]
[2019-03-14 21:22:15,872][INFO][epoch:131	loss:tensor(1.8266, device='cuda:0')]
[2019-03-14 21:22:29,964][INFO][epoch:132	loss:tensor(1.8122, device='cuda:0')]
[2019-03-14 21:22:44,017][INFO][epoch:133	loss:tensor(1.7526, device='cuda:0')]
[2019-03-14 21:22:58,007][INFO][epoch:134	loss:tensor(1.7519, device='cuda:0')]
[2019-03-14 21:23:11,981][INFO][epoch:135	loss:tensor(1.7743, device='cuda:0')]
[2019-03-14 21:23:25,949][INFO][epoch:136	loss:tensor(1.8021, device='cuda:0')]
[2019-03-14 21:23:39,938][INFO][epoch:137	loss:tensor(1.7652, device='cuda:0')]
[2019-03-14 21:23:53,886][INFO][epoch:138	loss:tensor(1.7384, device='cuda:0')]
[2019-03-14 21:24:07,873][INFO][epoch:139	loss:tensor(1.6589, device='cuda:0')]
[2019-03-14 21:24:21,860][INFO][epoch:140	loss:tensor(1.7668, device='cuda:0')]
[2019-03-14 21:24:23,078][WARNING][LCC:tensor(0.8951)]
[2019-03-14 21:24:23,079][WARNING][SROCC:tensor(0.8726)]
[2019-03-14 21:24:37,045][INFO][epoch:141	loss:tensor(1.7386, device='cuda:0')]
[2019-03-14 21:24:51,017][INFO][epoch:142	loss:tensor(1.7241, device='cuda:0')]
[2019-03-14 21:25:05,007][INFO][epoch:143	loss:tensor(1.7996, device='cuda:0')]
[2019-03-14 21:25:18,968][INFO][epoch:144	loss:tensor(1.8061, device='cuda:0')]
