[2019-03-15 19:23:41,628][WARNING][Model:Try ResNet.]
[2019-03-15 19:23:45,101][INFO][epoch:0	loss:tensor(7.2639, device='cuda:0')]
[2019-03-15 19:23:46,875][INFO][epoch:1	loss:tensor(3.7659, device='cuda:0')]
[2019-03-15 19:23:48,640][INFO][epoch:2	loss:tensor(3.1311, device='cuda:0')]
[2019-03-15 19:23:50,404][INFO][epoch:3	loss:tensor(2.2475, device='cuda:0')]
[2019-03-15 19:23:52,184][INFO][epoch:4	loss:tensor(2.6245, device='cuda:0')]
[2019-03-15 19:23:53,953][INFO][epoch:5	loss:tensor(1.9180, device='cuda:0')]
[2019-03-15 19:23:55,725][INFO][epoch:6	loss:tensor(2.1921, device='cuda:0')]
[2019-03-15 19:23:57,493][INFO][epoch:7	loss:tensor(1.9033, device='cuda:0')]
[2019-03-15 19:23:59,284][INFO][epoch:8	loss:tensor(2.4595, device='cuda:0')]
[2019-03-15 19:24:01,040][INFO][epoch:9	loss:tensor(2.1119, device='cuda:0')]
[2019-03-15 19:24:02,822][INFO][epoch:10	loss:tensor(1.9227, device='cuda:0')]
[2019-03-15 19:24:03,635][WARNING][LCC:0.39022884]
[2019-03-15 19:24:03,636][WARNING][SROCC:0.35285962]
[2019-03-15 19:24:05,344][INFO][epoch:11	loss:tensor(1.8613, device='cuda:0')]
[2019-03-15 19:24:07,081][INFO][epoch:12	loss:tensor(1.6857, device='cuda:0')]
[2019-03-15 19:24:08,849][INFO][epoch:13	loss:tensor(1.4395, device='cuda:0')]
[2019-03-15 19:24:10,631][INFO][epoch:14	loss:tensor(1.4062, device='cuda:0')]
[2019-03-15 19:24:12,396][INFO][epoch:15	loss:tensor(1.6442, device='cuda:0')]
[2019-03-15 19:24:14,162][INFO][epoch:16	loss:tensor(1.3863, device='cuda:0')]
[2019-03-15 19:24:15,925][INFO][epoch:17	loss:tensor(1.3894, device='cuda:0')]
[2019-03-15 19:24:17,706][INFO][epoch:18	loss:tensor(1.3953, device='cuda:0')]
[2019-03-15 19:24:19,475][INFO][epoch:19	loss:tensor(1.2931, device='cuda:0')]
[2019-03-15 19:24:21,234][INFO][epoch:20	loss:tensor(1.2746, device='cuda:0')]
[2019-03-15 19:24:22,039][WARNING][LCC:0.61102176]
[2019-03-15 19:24:22,040][WARNING][SROCC:0.5800158]
[2019-03-15 19:24:23,738][INFO][epoch:21	loss:tensor(1.2577, device='cuda:0')]
[2019-03-15 19:24:25,513][INFO][epoch:22	loss:tensor(1.2650, device='cuda:0')]
[2019-03-15 19:24:27,267][INFO][epoch:23	loss:tensor(1.2130, device='cuda:0')]
[2019-03-15 19:24:29,026][INFO][epoch:24	loss:tensor(1.2599, device='cuda:0')]
[2019-03-15 19:24:30,789][INFO][epoch:25	loss:tensor(1.1771, device='cuda:0')]
[2019-03-15 19:24:32,567][INFO][epoch:26	loss:tensor(1.1172, device='cuda:0')]
[2019-03-15 19:24:34,323][INFO][epoch:27	loss:tensor(1.2333, device='cuda:0')]
[2019-03-15 19:24:36,208][INFO][epoch:28	loss:tensor(1.1775, device='cuda:0')]
[2019-03-15 19:24:38,016][INFO][epoch:29	loss:tensor(1.0783, device='cuda:0')]
[2019-03-15 19:24:39,827][INFO][epoch:30	loss:tensor(1.0286, device='cuda:0')]
[2019-03-15 19:24:40,643][WARNING][LCC:0.7008575]
[2019-03-15 19:24:40,644][WARNING][SROCC:0.6440469]
[2019-03-15 19:24:42,368][INFO][epoch:31	loss:tensor(1.0723, device='cuda:0')]
[2019-03-15 19:24:44,144][INFO][epoch:32	loss:tensor(1.0789, device='cuda:0')]
[2019-03-15 19:24:45,918][INFO][epoch:33	loss:tensor(0.9747, device='cuda:0')]
[2019-03-15 19:24:47,668][INFO][epoch:34	loss:tensor(1.1054, device='cuda:0')]
[2019-03-15 19:24:49,445][INFO][epoch:35	loss:tensor(0.9934, device='cuda:0')]
[2019-03-15 19:24:51,240][INFO][epoch:36	loss:tensor(0.9984, device='cuda:0')]
[2019-03-15 19:24:53,006][INFO][epoch:37	loss:tensor(0.9709, device='cuda:0')]
[2019-03-15 19:24:54,780][INFO][epoch:38	loss:tensor(1.0240, device='cuda:0')]
[2019-03-15 19:24:56,542][INFO][epoch:39	loss:tensor(1.0191, device='cuda:0')]
[2019-03-15 19:24:58,298][INFO][epoch:40	loss:tensor(0.9920, device='cuda:0')]
[2019-03-15 19:24:59,115][WARNING][LCC:0.72614205]
[2019-03-15 19:24:59,115][WARNING][SROCC:0.66995674]
[2019-03-15 19:25:00,843][INFO][epoch:41	loss:tensor(0.9106, device='cuda:0')]
[2019-03-15 19:25:02,600][INFO][epoch:42	loss:tensor(2.7148, device='cuda:0')]
[2019-03-15 19:25:04,363][INFO][epoch:43	loss:tensor(2.3922, device='cuda:0')]
[2019-03-15 19:25:06,124][INFO][epoch:44	loss:tensor(2.1655, device='cuda:0')]
[2019-03-15 19:25:07,886][INFO][epoch:45	loss:tensor(2.0956, device='cuda:0')]
[2019-03-15 19:25:09,649][INFO][epoch:46	loss:tensor(2.0055, device='cuda:0')]
[2019-03-15 19:25:11,450][INFO][epoch:47	loss:tensor(1.8796, device='cuda:0')]
[2019-03-15 19:25:13,256][INFO][epoch:48	loss:tensor(1.5982, device='cuda:0')]
[2019-03-15 19:25:15,019][INFO][epoch:49	loss:tensor(1.3942, device='cuda:0')]
[2019-03-15 19:25:16,772][INFO][epoch:50	loss:tensor(1.2463, device='cuda:0')]
[2019-03-15 19:25:17,568][WARNING][LCC:0.62839866]
[2019-03-15 19:25:17,568][WARNING][SROCC:0.59166145]
[2019-03-15 19:25:17,568][WARNING][Model saved]
[2019-03-15 19:25:19,382][INFO][epoch:51	loss:tensor(1.1739, device='cuda:0')]
[2019-03-15 19:25:21,130][INFO][epoch:52	loss:tensor(1.1103, device='cuda:0')]
[2019-03-15 19:25:22,871][INFO][epoch:53	loss:tensor(1.1346, device='cuda:0')]
[2019-03-15 19:25:24,600][INFO][epoch:54	loss:tensor(1.1212, device='cuda:0')]
[2019-03-15 19:25:26,342][INFO][epoch:55	loss:tensor(1.1384, device='cuda:0')]
[2019-03-15 19:25:28,083][INFO][epoch:56	loss:tensor(1.1039, device='cuda:0')]
[2019-03-15 19:25:29,829][INFO][epoch:57	loss:tensor(1.0190, device='cuda:0')]
[2019-03-15 19:25:31,580][INFO][epoch:58	loss:tensor(0.9720, device='cuda:0')]
[2019-03-15 19:25:33,316][INFO][epoch:59	loss:tensor(0.9581, device='cuda:0')]
[2019-03-15 19:25:35,056][INFO][epoch:60	loss:tensor(1.0330, device='cuda:0')]
[2019-03-15 19:25:35,804][WARNING][LCC:0.7143868]
[2019-03-15 19:25:35,804][WARNING][SROCC:0.6760162]
[2019-03-15 19:25:37,478][INFO][epoch:61	loss:tensor(0.9889, device='cuda:0')]
[2019-03-15 19:25:39,210][INFO][epoch:62	loss:tensor(0.9430, device='cuda:0')]
[2019-03-15 19:25:40,965][INFO][epoch:63	loss:tensor(0.9693, device='cuda:0')]
[2019-03-15 19:25:42,701][INFO][epoch:64	loss:tensor(0.9853, device='cuda:0')]
[2019-03-15 19:25:44,447][INFO][epoch:65	loss:tensor(0.9447, device='cuda:0')]
[2019-03-15 19:25:46,208][INFO][epoch:66	loss:tensor(1.0493, device='cuda:0')]
[2019-03-15 19:25:47,935][INFO][epoch:67	loss:tensor(1.0064, device='cuda:0')]
[2019-03-15 19:25:49,671][INFO][epoch:68	loss:tensor(0.9547, device='cuda:0')]
[2019-03-15 19:25:51,420][INFO][epoch:69	loss:tensor(0.8934, device='cuda:0')]
[2019-03-15 19:25:53,160][INFO][epoch:70	loss:tensor(0.8924, device='cuda:0')]
[2019-03-15 19:25:53,908][WARNING][LCC:0.68210846]
[2019-03-15 19:25:53,908][WARNING][SROCC:0.63685423]
[2019-03-15 19:25:55,577][INFO][epoch:71	loss:tensor(0.9956, device='cuda:0')]
[2019-03-15 19:25:57,339][INFO][epoch:72	loss:tensor(1.2868, device='cuda:0')]
[2019-03-15 19:25:59,051][INFO][epoch:73	loss:tensor(2.4138, device='cuda:0')]
[2019-03-15 19:26:00,770][INFO][epoch:74	loss:tensor(1.6966, device='cuda:0')]
[2019-03-15 19:26:02,494][INFO][epoch:75	loss:tensor(1.5659, device='cuda:0')]
[2019-03-15 19:26:04,434][INFO][epoch:76	loss:tensor(1.3243, device='cuda:0')]
[2019-03-15 19:26:06,289][INFO][epoch:77	loss:tensor(1.2927, device='cuda:0')]
[2019-03-15 19:26:08,055][INFO][epoch:78	loss:tensor(1.1645, device='cuda:0')]
[2019-03-15 19:26:09,796][INFO][epoch:79	loss:tensor(1.1051, device='cuda:0')]
[2019-03-15 19:26:11,532][INFO][epoch:80	loss:tensor(1.1604, device='cuda:0')]
[2019-03-15 19:26:12,292][WARNING][LCC:0.6519048]
[2019-03-15 19:26:12,292][WARNING][SROCC:0.6147041]
[2019-03-15 19:26:13,972][INFO][epoch:81	loss:tensor(1.0546, device='cuda:0')]
[2019-03-15 19:26:15,711][INFO][epoch:82	loss:tensor(0.9971, device='cuda:0')]
[2019-03-15 19:26:17,438][INFO][epoch:83	loss:tensor(1.0613, device='cuda:0')]
[2019-03-15 19:26:19,173][INFO][epoch:84	loss:tensor(1.0146, device='cuda:0')]
[2019-03-15 19:26:20,903][INFO][epoch:85	loss:tensor(1.0477, device='cuda:0')]
[2019-03-15 19:26:22,623][INFO][epoch:86	loss:tensor(1.0722, device='cuda:0')]
[2019-03-15 19:26:24,368][INFO][epoch:87	loss:tensor(0.9495, device='cuda:0')]
[2019-03-15 19:26:26,122][INFO][epoch:88	loss:tensor(0.9823, device='cuda:0')]
[2019-03-15 19:26:27,844][INFO][epoch:89	loss:tensor(0.9295, device='cuda:0')]
[2019-03-15 19:26:29,609][INFO][epoch:90	loss:tensor(0.9281, device='cuda:0')]
[2019-03-15 19:26:30,345][WARNING][LCC:0.7078604]
[2019-03-15 19:26:30,345][WARNING][SROCC:0.6514802]
[2019-03-15 19:26:32,024][INFO][epoch:91	loss:tensor(0.9443, device='cuda:0')]
[2019-03-15 19:26:33,779][INFO][epoch:92	loss:tensor(0.9653, device='cuda:0')]
[2019-03-15 19:26:35,506][INFO][epoch:93	loss:tensor(0.9055, device='cuda:0')]
[2019-03-15 19:26:37,243][INFO][epoch:94	loss:tensor(1.0118, device='cuda:0')]
[2019-03-15 19:26:38,977][INFO][epoch:95	loss:tensor(1.0208, device='cuda:0')]
[2019-03-15 19:26:40,697][INFO][epoch:96	loss:tensor(0.8627, device='cuda:0')]
[2019-03-15 19:26:42,444][INFO][epoch:97	loss:tensor(0.9260, device='cuda:0')]
[2019-03-15 19:26:44,196][INFO][epoch:98	loss:tensor(0.9093, device='cuda:0')]
[2019-03-15 19:26:45,961][INFO][epoch:99	loss:tensor(0.8531, device='cuda:0')]
[2019-03-15 19:26:47,719][INFO][epoch:100	loss:tensor(0.8414, device='cuda:0')]
[2019-03-15 19:26:48,466][WARNING][LCC:0.74627143]
[2019-03-15 19:26:48,466][WARNING][SROCC:0.6958984]
[2019-03-15 19:26:48,467][WARNING][Model saved]
[2019-03-15 19:26:50,287][INFO][epoch:101	loss:tensor(0.8884, device='cuda:0')]
[2019-03-15 19:26:52,044][INFO][epoch:102	loss:tensor(0.8479, device='cuda:0')]
[2019-03-15 19:26:53,769][INFO][epoch:103	loss:tensor(0.7962, device='cuda:0')]
[2019-03-15 19:26:55,526][INFO][epoch:104	loss:tensor(0.8957, device='cuda:0')]
[2019-03-15 19:26:57,268][INFO][epoch:105	loss:tensor(0.8229, device='cuda:0')]
[2019-03-15 19:26:59,007][INFO][epoch:106	loss:tensor(0.8385, device='cuda:0')]
[2019-03-15 19:27:00,750][INFO][epoch:107	loss:tensor(0.7873, device='cuda:0')]
[2019-03-15 19:27:02,509][INFO][epoch:108	loss:tensor(0.7801, device='cuda:0')]
[2019-03-15 19:27:04,254][INFO][epoch:109	loss:tensor(0.8060, device='cuda:0')]
[2019-03-15 19:27:06,010][INFO][epoch:110	loss:tensor(0.8642, device='cuda:0')]
[2019-03-15 19:27:06,786][WARNING][LCC:0.71385586]
[2019-03-15 19:27:06,786][WARNING][SROCC:0.67171466]
[2019-03-15 19:27:08,477][INFO][epoch:111	loss:tensor(0.8170, device='cuda:0')]
[2019-03-15 19:27:10,249][INFO][epoch:112	loss:tensor(0.7180, device='cuda:0')]
[2019-03-15 19:27:11,993][INFO][epoch:113	loss:tensor(0.7834, device='cuda:0')]
[2019-03-15 19:27:13,814][INFO][epoch:114	loss:tensor(0.8247, device='cuda:0')]
[2019-03-15 19:27:15,629][INFO][epoch:115	loss:tensor(0.7810, device='cuda:0')]
[2019-03-15 19:27:17,400][INFO][epoch:116	loss:tensor(0.8037, device='cuda:0')]
[2019-03-15 19:27:19,167][INFO][epoch:117	loss:tensor(0.8244, device='cuda:0')]
[2019-03-15 19:27:20,928][INFO][epoch:118	loss:tensor(0.8592, device='cuda:0')]
[2019-03-15 19:27:22,702][INFO][epoch:119	loss:tensor(0.7834, device='cuda:0')]
[2019-03-15 19:27:24,474][INFO][epoch:120	loss:tensor(0.8100, device='cuda:0')]
[2019-03-15 19:27:25,233][WARNING][LCC:0.76919454]
[2019-03-15 19:27:25,233][WARNING][SROCC:0.7074022]
[2019-03-15 19:27:26,932][INFO][epoch:121	loss:tensor(0.7915, device='cuda:0')]
[2019-03-15 19:27:28,700][INFO][epoch:122	loss:tensor(0.7695, device='cuda:0')]
[2019-03-15 19:27:30,530][INFO][epoch:123	loss:tensor(0.7570, device='cuda:0')]
[2019-03-15 19:27:32,367][INFO][epoch:124	loss:tensor(0.7089, device='cuda:0')]
[2019-03-15 19:27:34,212][INFO][epoch:125	loss:tensor(0.7500, device='cuda:0')]
[2019-03-15 19:27:36,144][INFO][epoch:126	loss:tensor(0.7997, device='cuda:0')]
[2019-03-15 19:27:37,981][INFO][epoch:127	loss:tensor(0.7173, device='cuda:0')]
[2019-03-15 19:27:39,763][INFO][epoch:128	loss:tensor(0.7243, device='cuda:0')]
[2019-03-15 19:27:41,652][INFO][epoch:129	loss:tensor(0.6880, device='cuda:0')]
[2019-03-15 19:27:43,515][INFO][epoch:130	loss:tensor(0.7845, device='cuda:0')]
