[2019-03-15 16:41:10,229][WARNING][Model:Try ResNet.]
[2019-03-15 16:41:13,635][INFO][epoch:0	loss:tensor(4.6138, device='cuda:0')]
[2019-03-15 16:41:15,390][INFO][epoch:1	loss:tensor(2.7642, device='cuda:0')]
[2019-03-15 16:41:17,137][INFO][epoch:2	loss:tensor(2.2159, device='cuda:0')]
[2019-03-15 16:41:18,925][INFO][epoch:3	loss:tensor(2.1236, device='cuda:0')]
[2019-03-15 16:41:20,674][INFO][epoch:4	loss:tensor(1.9840, device='cuda:0')]
[2019-03-15 16:41:22,453][INFO][epoch:5	loss:tensor(1.6745, device='cuda:0')]
[2019-03-15 16:41:24,219][INFO][epoch:6	loss:tensor(1.6962, device='cuda:0')]
[2019-03-15 16:41:26,019][INFO][epoch:7	loss:tensor(1.5786, device='cuda:0')]
[2019-03-15 16:41:27,769][INFO][epoch:8	loss:tensor(1.5382, device='cuda:0')]
[2019-03-15 16:41:29,548][INFO][epoch:9	loss:tensor(1.3776, device='cuda:0')]
[2019-03-15 16:41:31,287][INFO][epoch:10	loss:tensor(1.3320, device='cuda:0')]
[2019-03-15 16:41:32,075][WARNING][LCC:0.5853379]
[2019-03-15 16:41:32,076][WARNING][SROCC:0.5581111]
[2019-03-15 16:41:33,800][INFO][epoch:11	loss:tensor(1.3842, device='cuda:0')]
[2019-03-15 16:41:35,556][INFO][epoch:12	loss:tensor(1.3272, device='cuda:0')]
[2019-03-15 16:41:37,321][INFO][epoch:13	loss:tensor(1.3169, device='cuda:0')]
[2019-03-15 16:41:39,066][INFO][epoch:14	loss:tensor(1.3389, device='cuda:0')]
[2019-03-15 16:41:40,834][INFO][epoch:15	loss:tensor(1.2990, device='cuda:0')]
[2019-03-15 16:41:42,608][INFO][epoch:16	loss:tensor(1.2949, device='cuda:0')]
[2019-03-15 16:41:44,366][INFO][epoch:17	loss:tensor(1.1924, device='cuda:0')]
[2019-03-15 16:41:46,135][INFO][epoch:18	loss:tensor(1.3022, device='cuda:0')]
[2019-03-15 16:41:47,911][INFO][epoch:19	loss:tensor(1.3091, device='cuda:0')]
[2019-03-15 16:41:49,720][INFO][epoch:20	loss:tensor(1.1923, device='cuda:0')]
[2019-03-15 16:41:50,504][WARNING][LCC:0.7180193]
[2019-03-15 16:41:50,504][WARNING][SROCC:0.70716476]
[2019-03-15 16:41:52,231][INFO][epoch:21	loss:tensor(1.2792, device='cuda:0')]
[2019-03-15 16:41:53,991][INFO][epoch:22	loss:tensor(1.1910, device='cuda:0')]
[2019-03-15 16:41:55,767][INFO][epoch:23	loss:tensor(1.2405, device='cuda:0')]
[2019-03-15 16:41:57,529][INFO][epoch:24	loss:tensor(1.1664, device='cuda:0')]
[2019-03-15 16:41:59,292][INFO][epoch:25	loss:tensor(1.1288, device='cuda:0')]
[2019-03-15 16:42:01,084][INFO][epoch:26	loss:tensor(1.0396, device='cuda:0')]
[2019-03-15 16:42:02,865][INFO][epoch:27	loss:tensor(1.1444, device='cuda:0')]
[2019-03-15 16:42:04,660][INFO][epoch:28	loss:tensor(1.2195, device='cuda:0')]
[2019-03-15 16:42:06,424][INFO][epoch:29	loss:tensor(1.3077, device='cuda:0')]
[2019-03-15 16:42:08,214][INFO][epoch:30	loss:tensor(1.1829, device='cuda:0')]
[2019-03-15 16:42:08,991][WARNING][LCC:0.74259436]
[2019-03-15 16:42:08,991][WARNING][SROCC:0.7115779]
[2019-03-15 16:42:10,723][INFO][epoch:31	loss:tensor(1.1206, device='cuda:0')]
[2019-03-15 16:42:12,492][INFO][epoch:32	loss:tensor(1.1080, device='cuda:0')]
[2019-03-15 16:42:14,288][INFO][epoch:33	loss:tensor(1.0876, device='cuda:0')]
[2019-03-15 16:42:16,064][INFO][epoch:34	loss:tensor(1.0530, device='cuda:0')]
[2019-03-15 16:42:17,813][INFO][epoch:35	loss:tensor(1.0022, device='cuda:0')]
[2019-03-15 16:42:19,583][INFO][epoch:36	loss:tensor(0.9712, device='cuda:0')]
[2019-03-15 16:42:21,380][INFO][epoch:37	loss:tensor(1.0914, device='cuda:0')]
[2019-03-15 16:42:23,147][INFO][epoch:38	loss:tensor(1.0390, device='cuda:0')]
[2019-03-15 16:42:24,924][INFO][epoch:39	loss:tensor(0.9708, device='cuda:0')]
[2019-03-15 16:42:26,729][INFO][epoch:40	loss:tensor(0.8967, device='cuda:0')]
[2019-03-15 16:42:27,493][WARNING][LCC:0.7604213]
[2019-03-15 16:42:27,493][WARNING][SROCC:0.70340025]
[2019-03-15 16:42:29,229][INFO][epoch:41	loss:tensor(0.9958, device='cuda:0')]
[2019-03-15 16:42:31,028][INFO][epoch:42	loss:tensor(0.9829, device='cuda:0')]
[2019-03-15 16:42:32,813][INFO][epoch:43	loss:tensor(1.0218, device='cuda:0')]
[2019-03-15 16:42:34,588][INFO][epoch:44	loss:tensor(1.0627, device='cuda:0')]
[2019-03-15 16:42:36,339][INFO][epoch:45	loss:tensor(0.9215, device='cuda:0')]
[2019-03-15 16:42:38,117][INFO][epoch:46	loss:tensor(0.9850, device='cuda:0')]
[2019-03-15 16:42:39,889][INFO][epoch:47	loss:tensor(1.0150, device='cuda:0')]
[2019-03-15 16:42:41,681][INFO][epoch:48	loss:tensor(0.9302, device='cuda:0')]
[2019-03-15 16:42:43,477][INFO][epoch:49	loss:tensor(0.9867, device='cuda:0')]
[2019-03-15 16:42:45,291][INFO][epoch:50	loss:tensor(0.9049, device='cuda:0')]
[2019-03-15 16:42:46,017][WARNING][LCC:0.7650456]
[2019-03-15 16:42:46,017][WARNING][SROCC:0.7369443]
[2019-03-15 16:42:46,017][WARNING][Model saved]
