[2019-02-26 12:43:49,700][INFO][epoch:0	loss:tensor(5.5983, device='cuda:0')]
[2019-02-26 12:43:50,650][INFO][LCC:tensor(0.1706, grad_fn=<DivBackward1>)]
[2019-02-26 12:43:50,651][INFO][Ground Truth:tensor([4.5750, 3.0278, 4.1905, 5.6757, 5.5000, 4.2791, 6.3256, 2.9714, 4.8333,
        5.3333, 3.6857, 5.0811, 4.0000, 3.7073, 5.0976, 3.3889, 4.0227, 5.7222,
        3.8823, 3.3809, 3.1177, 2.1026, 2.7333, 4.1000, 5.5000, 5.3250, 4.4872,
        6.3636, 2.7619, 3.7692, 4.7941, 5.4737, 3.7442, 5.1714, 5.5625, 2.4615,
        3.9474, 3.7500, 5.2500, 2.6842, 5.1892, 4.1000, 4.3513, 5.6342, 2.6591,
        4.4737, 3.7714, 5.7500, 5.7179, 5.0263, 5.2308, 4.7143, 1.0238, 6.8000,
        4.7812, 2.4211, 4.4048, 3.7778, 2.0526, 6.2778, 3.2778, 4.5676, 4.1944,
        3.9250, 3.4222, 5.7027, 2.4706, 3.1765, 4.0263, 6.0606, 2.5714, 3.3421,
        2.7778, 4.1667, 2.6053, 5.6757, 6.0000, 5.6857, 2.2222, 5.2432, 3.2500,
        6.0526, 3.1936, 4.8095, 5.0476, 1.6571, 3.1622, 5.4615, 5.5263, 3.3721,
        3.7500, 1.9268, 5.2432, 3.1429, 2.6279, 2.4359, 4.5455, 5.2973, 4.4000,
        3.9677, 2.7180])]
[2019-02-26 12:43:50,652][INFO][Predicted:tensor([4.6560, 4.7090, 4.6784, 4.7055, 4.6995, 4.7229, 4.6798, 4.6823, 4.6864,
        4.6911, 4.6962, 4.6987, 4.7099, 4.7548, 4.7100, 4.6874, 4.6774, 4.6962,
        4.6756, 4.6753, 4.6918, 4.6792, 4.7168, 4.7037, 4.7139, 4.6987, 4.7000,
        4.7015, 4.7316, 4.6958, 4.6962, 4.7021, 4.7180, 4.7414, 4.6986, 4.6698,
        4.7163, 4.6800, 4.6943, 4.6881, 4.6898, 4.7011, 4.7034, 4.6961, 4.6942,
        4.7018, 4.7452, 4.7065, 4.6965, 4.6913, 4.6939, 4.7108, 4.6621, 4.6953,
        4.6819, 4.6992, 4.6767, 4.6857, 4.6938, 4.7261, 4.6954, 4.6577, 4.7176,
        4.7088, 4.6734, 4.7040, 4.6977, 4.6671, 4.6843, 4.6889, 4.6768, 4.7368,
        4.6931, 4.7047, 4.6711, 4.6934, 4.6818, 4.6877, 4.6977, 4.7136, 4.6874,
        4.6960, 4.6803, 4.6991, 4.7171, 4.6753, 4.7037, 4.6824, 4.6822, 4.6913,
        4.6956, 4.6882, 4.7116, 4.6907, 4.6878, 4.6745, 4.7175, 4.6806, 4.6660,
        4.7037, 4.7109], grad_fn=<CatBackward>)]
[2019-02-26 12:44:05,698][INFO][epoch:1	loss:tensor(4.5506, device='cuda:0')]
[2019-02-26 12:44:06,581][INFO][LCC:tensor(0.2143, grad_fn=<DivBackward1>)]
[2019-02-26 12:44:06,582][INFO][Ground Truth:tensor([4.5750, 3.0278, 4.1905, 5.6757, 5.5000, 4.2791, 6.3256, 2.9714, 4.8333,
        5.3333, 3.6857, 5.0811, 4.0000, 3.7073, 5.0976, 3.3889, 4.0227, 5.7222,
        3.8823, 3.3809, 3.1177, 2.1026, 2.7333, 4.1000, 5.5000, 5.3250, 4.4872,
        6.3636, 2.7619, 3.7692, 4.7941, 5.4737, 3.7442, 5.1714, 5.5625, 2.4615,
        3.9474, 3.7500, 5.2500, 2.6842, 5.1892, 4.1000, 4.3513, 5.6342, 2.6591,
        4.4737, 3.7714, 5.7500, 5.7179, 5.0263, 5.2308, 4.7143, 1.0238, 6.8000,
        4.7812, 2.4211, 4.4048, 3.7778, 2.0526, 6.2778, 3.2778, 4.5676, 4.1944,
        3.9250, 3.4222, 5.7027, 2.4706, 3.1765, 4.0263, 6.0606, 2.5714, 3.3421,
        2.7778, 4.1667, 2.6053, 5.6757, 6.0000, 5.6857, 2.2222, 5.2432, 3.2500,
        6.0526, 3.1936, 4.8095, 5.0476, 1.6571, 3.1622, 5.4615, 5.5263, 3.3721,
        3.7500, 1.9268, 5.2432, 3.1429, 2.6279, 2.4359, 4.5455, 5.2973, 4.4000,
        3.9677, 2.7180])]
[2019-02-26 12:44:06,583][INFO][Predicted:tensor([5.2850, 5.2895, 5.2884, 5.2892, 5.2893, 5.2919, 5.2873, 5.2880, 5.2882,
        5.2890, 5.2882, 5.2894, 5.2892, 5.2953, 5.2908, 5.2882, 5.2879, 5.2899,
        5.2867, 5.2887, 5.2879, 5.2871, 5.2903, 5.2904, 5.2907, 5.2896, 5.2897,
        5.2885, 5.2915, 5.2882, 5.2886, 5.2889, 5.2900, 5.2958, 5.2889, 5.2862,
        5.2909, 5.2866, 5.2903, 5.2877, 5.2887, 5.2893, 5.2897, 5.2913, 5.2890,
        5.2890, 5.2956, 5.2904, 5.2893, 5.2880, 5.2886, 5.2899, 5.2852, 5.2876,
        5.2876, 5.2890, 5.2872, 5.2872, 5.2876, 5.2921, 5.2921, 5.2871, 5.2913,
        5.2905, 5.2867, 5.2896, 5.2884, 5.2860, 5.2876, 5.2878, 5.2865, 5.2939,
        5.2877, 5.2883, 5.2861, 5.2893, 5.2908, 5.2880, 5.2914, 5.2908, 5.2875,
        5.2887, 5.2875, 5.2891, 5.2904, 5.2868, 5.2900, 5.2874, 5.2881, 5.2885,
        5.2889, 5.2873, 5.2905, 5.2894, 5.2894, 5.2873, 5.2910, 5.2877, 5.2874,
        5.2889, 5.2891], grad_fn=<CatBackward>)]
[2019-02-26 12:44:21,856][INFO][epoch:2	loss:tensor(4.5403, device='cuda:0')]
[2019-02-26 12:44:22,284][INFO][LCC:tensor(-0.0918, grad_fn=<DivBackward1>)]
[2019-02-26 12:44:22,285][INFO][Ground Truth:tensor([4.5750, 3.0278, 4.1905, 5.6757, 5.5000, 4.2791, 6.3256, 2.9714, 4.8333,
        5.3333, 3.6857, 5.0811, 4.0000, 3.7073, 5.0976, 3.3889, 4.0227, 5.7222,
        3.8823, 3.3809, 3.1177, 2.1026, 2.7333, 4.1000, 5.5000, 5.3250, 4.4872,
        6.3636, 2.7619, 3.7692, 4.7941, 5.4737, 3.7442, 5.1714, 5.5625, 2.4615,
        3.9474, 3.7500, 5.2500, 2.6842, 5.1892, 4.1000, 4.3513, 5.6342, 2.6591,
        4.4737, 3.7714, 5.7500, 5.7179, 5.0263, 5.2308, 4.7143, 1.0238, 6.8000,
        4.7812, 2.4211, 4.4048, 3.7778, 2.0526, 6.2778, 3.2778, 4.5676, 4.1944,
        3.9250, 3.4222, 5.7027, 2.4706, 3.1765, 4.0263, 6.0606, 2.5714, 3.3421,
        2.7778, 4.1667, 2.6053, 5.6757, 6.0000, 5.6857, 2.2222, 5.2432, 3.2500,
        6.0526, 3.1936, 4.8095, 5.0476, 1.6571, 3.1622, 5.4615, 5.5263, 3.3721,
        3.7500, 1.9268, 5.2432, 3.1429, 2.6279, 2.4359, 4.5455, 5.2973, 4.4000,
        3.9677, 2.7180])]
[2019-02-26 12:44:22,286][INFO][Predicted:tensor([5.2630, 5.2626, 5.2633, 5.2626, 5.2626, 5.2628, 5.2631, 5.2629, 5.2628,
        5.2629, 5.2626, 5.2629, 5.2622, 5.2631, 5.2625, 5.2629, 5.2631, 5.2629,
        5.2631, 5.2633, 5.2629, 5.2630, 5.2622, 5.2626, 5.2623, 5.2634, 5.2628,
        5.2626, 5.2624, 5.2627, 5.2628, 5.2627, 5.2626, 5.2626, 5.2625, 5.2630,
        5.2626, 5.2633, 5.2623, 5.2625, 5.2628, 5.2630, 5.2626, 5.2626, 5.2629,
        5.2625, 5.2623, 5.2627, 5.2629, 5.2628, 5.2627, 5.2625, 5.2634, 5.2629,
        5.2627, 5.2627, 5.2631, 5.2629, 5.2624, 5.2623, 5.2638, 5.2629, 5.2625,
        5.2630, 5.2631, 5.2628, 5.2626, 5.2629, 5.2627, 5.2628, 5.2629, 5.2627,
        5.2627, 5.2626, 5.2628, 5.2628, 5.2638, 5.2629, 5.2635, 5.2625, 5.2626,
        5.2627, 5.2626, 5.2627, 5.2627, 5.2629, 5.2628, 5.2628, 5.2629, 5.2628,
        5.2628, 5.2626, 5.2626, 5.2630, 5.2630, 5.2627, 5.2623, 5.2629, 5.2632,
        5.2622, 5.2622], grad_fn=<CatBackward>)]
[2019-02-26 12:44:37,431][INFO][epoch:3	loss:tensor(4.5483, device='cuda:0')]
[2019-02-26 12:44:37,838][INFO][LCC:tensor(-0.1390, grad_fn=<DivBackward1>)]
[2019-02-26 12:44:37,838][INFO][Ground Truth:tensor([4.5750, 3.0278, 4.1905, 5.6757, 5.5000, 4.2791, 6.3256, 2.9714, 4.8333,
        5.3333, 3.6857, 5.0811, 4.0000, 3.7073, 5.0976, 3.3889, 4.0227, 5.7222,
        3.8823, 3.3809, 3.1177, 2.1026, 2.7333, 4.1000, 5.5000, 5.3250, 4.4872,
        6.3636, 2.7619, 3.7692, 4.7941, 5.4737, 3.7442, 5.1714, 5.5625, 2.4615,
        3.9474, 3.7500, 5.2500, 2.6842, 5.1892, 4.1000, 4.3513, 5.6342, 2.6591,
        4.4737, 3.7714, 5.7500, 5.7179, 5.0263, 5.2308, 4.7143, 1.0238, 6.8000,
        4.7812, 2.4211, 4.4048, 3.7778, 2.0526, 6.2778, 3.2778, 4.5676, 4.1944,
        3.9250, 3.4222, 5.7027, 2.4706, 3.1765, 4.0263, 6.0606, 2.5714, 3.3421,
        2.7778, 4.1667, 2.6053, 5.6757, 6.0000, 5.6857, 2.2222, 5.2432, 3.2500,
        6.0526, 3.1936, 4.8095, 5.0476, 1.6571, 3.1622, 5.4615, 5.5263, 3.3721,
        3.7500, 1.9268, 5.2432, 3.1429, 2.6279, 2.4359, 4.5455, 5.2973, 4.4000,
        3.9677, 2.7180])]
[2019-02-26 12:44:37,839][INFO][Predicted:tensor([4.6130, 4.6129, 4.6130, 4.6129, 4.6129, 4.6129, 4.6130, 4.6129, 4.6129,
        4.6130, 4.6129, 4.6129, 4.6129, 4.6128, 4.6129, 4.6129, 4.6130, 4.6129,
        4.6130, 4.6130, 4.6129, 4.6130, 4.6129, 4.6129, 4.6129, 4.6130, 4.6129,
        4.6129, 4.6129, 4.6129, 4.6129, 4.6129, 4.6129, 4.6128, 4.6129, 4.6130,
        4.6129, 4.6130, 4.6129, 4.6129, 4.6129, 4.6129, 4.6129, 4.6129, 4.6129,
        4.6129, 4.6128, 4.6129, 4.6129, 4.6129, 4.6129, 4.6129, 4.6130, 4.6129,
        4.6130, 4.6129, 4.6130, 4.6130, 4.6129, 4.6128, 4.6130, 4.6130, 4.6129,
        4.6129, 4.6130, 4.6129, 4.6129, 4.6130, 4.6129, 4.6129, 4.6130, 4.6129,
        4.6129, 4.6129, 4.6130, 4.6129, 4.6130, 4.6130, 4.6130, 4.6129, 4.6129,
        4.6129, 4.6129, 4.6129, 4.6129, 4.6129, 4.6129, 4.6129, 4.6129, 4.6129,
        4.6129, 4.6129, 4.6129, 4.6130, 4.6130, 4.6130, 4.6129, 4.6130, 4.6130,
        4.6129, 4.6129], grad_fn=<CatBackward>)]
[2019-02-26 12:44:52,714][INFO][epoch:4	loss:tensor(4.5530, device='cuda:0')]
[2019-02-26 12:44:53,103][INFO][LCC:tensor(-0.0791, grad_fn=<DivBackward1>)]
[2019-02-26 12:44:53,104][INFO][Ground Truth:tensor([4.5750, 3.0278, 4.1905, 5.6757, 5.5000, 4.2791, 6.3256, 2.9714, 4.8333,
        5.3333, 3.6857, 5.0811, 4.0000, 3.7073, 5.0976, 3.3889, 4.0227, 5.7222,
        3.8823, 3.3809, 3.1177, 2.1026, 2.7333, 4.1000, 5.5000, 5.3250, 4.4872,
        6.3636, 2.7619, 3.7692, 4.7941, 5.4737, 3.7442, 5.1714, 5.5625, 2.4615,
        3.9474, 3.7500, 5.2500, 2.6842, 5.1892, 4.1000, 4.3513, 5.6342, 2.6591,
        4.4737, 3.7714, 5.7500, 5.7179, 5.0263, 5.2308, 4.7143, 1.0238, 6.8000,
        4.7812, 2.4211, 4.4048, 3.7778, 2.0526, 6.2778, 3.2778, 4.5676, 4.1944,
        3.9250, 3.4222, 5.7027, 2.4706, 3.1765, 4.0263, 6.0606, 2.5714, 3.3421,
        2.7778, 4.1667, 2.6053, 5.6757, 6.0000, 5.6857, 2.2222, 5.2432, 3.2500,
        6.0526, 3.1936, 4.8095, 5.0476, 1.6571, 3.1622, 5.4615, 5.5263, 3.3721,
        3.7500, 1.9268, 5.2432, 3.1429, 2.6279, 2.4359, 4.5455, 5.2973, 4.4000,
        3.9677, 2.7180])]
[2019-02-26 12:44:53,104][INFO][Predicted:tensor([5.2672, 5.2660, 5.2674, 5.2663, 5.2660, 5.2665, 5.2673, 5.2669, 5.2669,
        5.2669, 5.2671, 5.2668, 5.2659, 5.2673, 5.2666, 5.2668, 5.2675, 5.2670,
        5.2666, 5.2675, 5.2668, 5.2672, 5.2663, 5.2667, 5.2662, 5.2670, 5.2668,
        5.2660, 5.2667, 5.2663, 5.2667, 5.2665, 5.2666, 5.2663, 5.2661, 5.2666,
        5.2663, 5.2674, 5.2662, 5.2661, 5.2669, 5.2672, 5.2666, 5.2670, 5.2670,
        5.2662, 5.2660, 5.2670, 5.2670, 5.2665, 5.2663, 5.2665, 5.2678, 5.2669,
        5.2664, 5.2672, 5.2668, 5.2671, 5.2660, 5.2665, 5.2688, 5.2676, 5.2663,
        5.2671, 5.2672, 5.2670, 5.2669, 5.2670, 5.2660, 5.2663, 5.2668, 5.2673,
        5.2661, 5.2664, 5.2662, 5.2669, 5.2688, 5.2668, 5.2689, 5.2663, 5.2660,
        5.2664, 5.2663, 5.2668, 5.2667, 5.2665, 5.2668, 5.2663, 5.2671, 5.2670,
        5.2667, 5.2663, 5.2665, 5.2673, 5.2672, 5.2662, 5.2657, 5.2671, 5.2676,
        5.2664, 5.2659], grad_fn=<CatBackward>)]
[2019-02-26 12:45:07,905][INFO][epoch:5	loss:tensor(4.5522, device='cuda:0')]
[2019-02-26 12:45:08,297][INFO][LCC:tensor(0.1287, grad_fn=<DivBackward1>)]
[2019-02-26 12:45:08,297][INFO][Ground Truth:tensor([4.5750, 3.0278, 4.1905, 5.6757, 5.5000, 4.2791, 6.3256, 2.9714, 4.8333,
        5.3333, 3.6857, 5.0811, 4.0000, 3.7073, 5.0976, 3.3889, 4.0227, 5.7222,
        3.8823, 3.3809, 3.1177, 2.1026, 2.7333, 4.1000, 5.5000, 5.3250, 4.4872,
        6.3636, 2.7619, 3.7692, 4.7941, 5.4737, 3.7442, 5.1714, 5.5625, 2.4615,
        3.9474, 3.7500, 5.2500, 2.6842, 5.1892, 4.1000, 4.3513, 5.6342, 2.6591,
        4.4737, 3.7714, 5.7500, 5.7179, 5.0263, 5.2308, 4.7143, 1.0238, 6.8000,
        4.7812, 2.4211, 4.4048, 3.7778, 2.0526, 6.2778, 3.2778, 4.5676, 4.1944,
        3.9250, 3.4222, 5.7027, 2.4706, 3.1765, 4.0263, 6.0606, 2.5714, 3.3421,
        2.7778, 4.1667, 2.6053, 5.6757, 6.0000, 5.6857, 2.2222, 5.2432, 3.2500,
        6.0526, 3.1936, 4.8095, 5.0476, 1.6571, 3.1622, 5.4615, 5.5263, 3.3721,
        3.7500, 1.9268, 5.2432, 3.1429, 2.6279, 2.4359, 4.5455, 5.2973, 4.4000,
        3.9677, 2.7180])]
[2019-02-26 12:45:08,298][INFO][Predicted:tensor([4.9928, 4.9930, 4.9928, 4.9929, 4.9929, 4.9930, 4.9928, 4.9929, 4.9929,
        4.9929, 4.9929, 4.9929, 4.9930, 4.9930, 4.9930, 4.9929, 4.9928, 4.9929,
        4.9929, 4.9928, 4.9929, 4.9928, 4.9930, 4.9930, 4.9930, 4.9928, 4.9930,
        4.9930, 4.9930, 4.9929, 4.9929, 4.9930, 4.9930, 4.9931, 4.9930, 4.9928,
        4.9930, 4.9928, 4.9929, 4.9929, 4.9929, 4.9929, 4.9930, 4.9929, 4.9929,
        4.9930, 4.9931, 4.9930, 4.9929, 4.9929, 4.9929, 4.9930, 4.9927, 4.9929,
        4.9929, 4.9929, 4.9928, 4.9929, 4.9930, 4.9929, 4.9927, 4.9928, 4.9930,
        4.9929, 4.9928, 4.9929, 4.9930, 4.9928, 4.9929, 4.9929, 4.9929, 4.9930,
        4.9930, 4.9929, 4.9929, 4.9929, 4.9927, 4.9929, 4.9927, 4.9930, 4.9929,
        4.9929, 4.9929, 4.9929, 4.9929, 4.9929, 4.9929, 4.9929, 4.9929, 4.9929,
        4.9929, 4.9929, 4.9929, 4.9928, 4.9929, 4.9929, 4.9930, 4.9928, 4.9928,
        4.9929, 4.9930], grad_fn=<CatBackward>)]
[2019-02-26 12:45:23,198][INFO][epoch:6	loss:tensor(4.5912, device='cuda:0')]
[2019-02-26 12:45:23,584][INFO][LCC:tensor(0.0479, grad_fn=<DivBackward1>)]
[2019-02-26 12:45:23,585][INFO][Ground Truth:tensor([4.5750, 3.0278, 4.1905, 5.6757, 5.5000, 4.2791, 6.3256, 2.9714, 4.8333,
        5.3333, 3.6857, 5.0811, 4.0000, 3.7073, 5.0976, 3.3889, 4.0227, 5.7222,
        3.8823, 3.3809, 3.1177, 2.1026, 2.7333, 4.1000, 5.5000, 5.3250, 4.4872,
        6.3636, 2.7619, 3.7692, 4.7941, 5.4737, 3.7442, 5.1714, 5.5625, 2.4615,
        3.9474, 3.7500, 5.2500, 2.6842, 5.1892, 4.1000, 4.3513, 5.6342, 2.6591,
        4.4737, 3.7714, 5.7500, 5.7179, 5.0263, 5.2308, 4.7143, 1.0238, 6.8000,
        4.7812, 2.4211, 4.4048, 3.7778, 2.0526, 6.2778, 3.2778, 4.5676, 4.1944,
        3.9250, 3.4222, 5.7027, 2.4706, 3.1765, 4.0263, 6.0606, 2.5714, 3.3421,
        2.7778, 4.1667, 2.6053, 5.6757, 6.0000, 5.6857, 2.2222, 5.2432, 3.2500,
        6.0526, 3.1936, 4.8095, 5.0476, 1.6571, 3.1622, 5.4615, 5.5263, 3.3721,
        3.7500, 1.9268, 5.2432, 3.1429, 2.6279, 2.4359, 4.5455, 5.2973, 4.4000,
        3.9677, 2.7180])]
[2019-02-26 12:45:23,585][INFO][Predicted:tensor([4.9360, 4.9360, 4.9360, 4.9360, 4.9360, 4.9360, 4.9360, 4.9360, 4.9360,
        4.9360, 4.9360, 4.9360, 4.9360, 4.9360, 4.9360, 4.9360, 4.9360, 4.9360,
        4.9360, 4.9360, 4.9360, 4.9360, 4.9360, 4.9360, 4.9360, 4.9360, 4.9360,
        4.9360, 4.9360, 4.9360, 4.9360, 4.9360, 4.9360, 4.9360, 4.9360, 4.9360,
        4.9360, 4.9360, 4.9360, 4.9360, 4.9360, 4.9360, 4.9360, 4.9360, 4.9360,
        4.9360, 4.9360, 4.9360, 4.9360, 4.9360, 4.9360, 4.9360, 4.9360, 4.9360,
        4.9360, 4.9360, 4.9360, 4.9360, 4.9360, 4.9360, 4.9359, 4.9360, 4.9360,
        4.9360, 4.9360, 4.9360, 4.9360, 4.9360, 4.9360, 4.9360, 4.9360, 4.9360,
        4.9360, 4.9360, 4.9360, 4.9360, 4.9359, 4.9360, 4.9359, 4.9360, 4.9360,
        4.9360, 4.9360, 4.9360, 4.9360, 4.9360, 4.9360, 4.9360, 4.9360, 4.9360,
        4.9360, 4.9360, 4.9360, 4.9360, 4.9360, 4.9360, 4.9360, 4.9360, 4.9359,
        4.9360, 4.9360], grad_fn=<CatBackward>)]
[2019-02-26 12:45:38,376][INFO][epoch:7	loss:tensor(4.5587, device='cuda:0')]
[2019-02-26 12:45:38,782][INFO][LCC:tensor(-0.0028, grad_fn=<DivBackward1>)]
[2019-02-26 12:45:38,783][INFO][Ground Truth:tensor([4.5750, 3.0278, 4.1905, 5.6757, 5.5000, 4.2791, 6.3256, 2.9714, 4.8333,
        5.3333, 3.6857, 5.0811, 4.0000, 3.7073, 5.0976, 3.3889, 4.0227, 5.7222,
        3.8823, 3.3809, 3.1177, 2.1026, 2.7333, 4.1000, 5.5000, 5.3250, 4.4872,
        6.3636, 2.7619, 3.7692, 4.7941, 5.4737, 3.7442, 5.1714, 5.5625, 2.4615,
        3.9474, 3.7500, 5.2500, 2.6842, 5.1892, 4.1000, 4.3513, 5.6342, 2.6591,
        4.4737, 3.7714, 5.7500, 5.7179, 5.0263, 5.2308, 4.7143, 1.0238, 6.8000,
        4.7812, 2.4211, 4.4048, 3.7778, 2.0526, 6.2778, 3.2778, 4.5676, 4.1944,
        3.9250, 3.4222, 5.7027, 2.4706, 3.1765, 4.0263, 6.0606, 2.5714, 3.3421,
        2.7778, 4.1667, 2.6053, 5.6757, 6.0000, 5.6857, 2.2222, 5.2432, 3.2500,
        6.0526, 3.1936, 4.8095, 5.0476, 1.6571, 3.1622, 5.4615, 5.5263, 3.3721,
        3.7500, 1.9268, 5.2432, 3.1429, 2.6279, 2.4359, 4.5455, 5.2973, 4.4000,
        3.9677, 2.7180])]
[2019-02-26 12:45:38,784][INFO][Predicted:tensor([5.2411, 5.2411, 5.2411, 5.2411, 5.2411, 5.2411, 5.2411, 5.2411, 5.2411,
        5.2411, 5.2411, 5.2411, 5.2411, 5.2411, 5.2411, 5.2411, 5.2411, 5.2411,
        5.2411, 5.2411, 5.2411, 5.2411, 5.2411, 5.2411, 5.2411, 5.2411, 5.2411,
        5.2411, 5.2411, 5.2411, 5.2411, 5.2411, 5.2411, 5.2411, 5.2411, 5.2411,
        5.2411, 5.2411, 5.2411, 5.2411, 5.2411, 5.2411, 5.2411, 5.2411, 5.2411,
        5.2411, 5.2411, 5.2411, 5.2411, 5.2411, 5.2411, 5.2411, 5.2411, 5.2411,
        5.2411, 5.2411, 5.2411, 5.2411, 5.2411, 5.2411, 5.2411, 5.2411, 5.2411,
        5.2411, 5.2411, 5.2411, 5.2411, 5.2411, 5.2411, 5.2411, 5.2411, 5.2411,
        5.2411, 5.2411, 5.2411, 5.2411, 5.2411, 5.2411, 5.2411, 5.2411, 5.2411,
        5.2411, 5.2411, 5.2411, 5.2411, 5.2411, 5.2411, 5.2411, 5.2411, 5.2411,
        5.2411, 5.2411, 5.2411, 5.2411, 5.2411, 5.2411, 5.2411, 5.2411, 5.2411,
        5.2411, 5.2411], grad_fn=<CatBackward>)]
[2019-02-26 12:45:53,760][INFO][epoch:8	loss:tensor(4.5675, device='cuda:0')]
[2019-02-26 12:45:54,152][INFO][LCC:tensor(0.0089, grad_fn=<DivBackward1>)]
[2019-02-26 12:45:54,152][INFO][Ground Truth:tensor([4.5750, 3.0278, 4.1905, 5.6757, 5.5000, 4.2791, 6.3256, 2.9714, 4.8333,
        5.3333, 3.6857, 5.0811, 4.0000, 3.7073, 5.0976, 3.3889, 4.0227, 5.7222,
        3.8823, 3.3809, 3.1177, 2.1026, 2.7333, 4.1000, 5.5000, 5.3250, 4.4872,
        6.3636, 2.7619, 3.7692, 4.7941, 5.4737, 3.7442, 5.1714, 5.5625, 2.4615,
        3.9474, 3.7500, 5.2500, 2.6842, 5.1892, 4.1000, 4.3513, 5.6342, 2.6591,
        4.4737, 3.7714, 5.7500, 5.7179, 5.0263, 5.2308, 4.7143, 1.0238, 6.8000,
        4.7812, 2.4211, 4.4048, 3.7778, 2.0526, 6.2778, 3.2778, 4.5676, 4.1944,
        3.9250, 3.4222, 5.7027, 2.4706, 3.1765, 4.0263, 6.0606, 2.5714, 3.3421,
        2.7778, 4.1667, 2.6053, 5.6757, 6.0000, 5.6857, 2.2222, 5.2432, 3.2500,
        6.0526, 3.1936, 4.8095, 5.0476, 1.6571, 3.1622, 5.4615, 5.5263, 3.3721,
        3.7500, 1.9268, 5.2432, 3.1429, 2.6279, 2.4359, 4.5455, 5.2973, 4.4000,
        3.9677, 2.7180])]
[2019-02-26 12:45:54,153][INFO][Predicted:tensor([5.0473, 5.0473, 5.0473, 5.0473, 5.0473, 5.0473, 5.0473, 5.0473, 5.0473,
        5.0473, 5.0473, 5.0473, 5.0473, 5.0473, 5.0473, 5.0473, 5.0473, 5.0473,
        5.0473, 5.0473, 5.0473, 5.0473, 5.0473, 5.0473, 5.0473, 5.0473, 5.0473,
        5.0473, 5.0473, 5.0473, 5.0473, 5.0473, 5.0473, 5.0473, 5.0473, 5.0473,
        5.0473, 5.0473, 5.0473, 5.0473, 5.0473, 5.0473, 5.0473, 5.0473, 5.0473,
        5.0473, 5.0473, 5.0473, 5.0473, 5.0473, 5.0473, 5.0473, 5.0473, 5.0473,
        5.0473, 5.0473, 5.0473, 5.0473, 5.0473, 5.0473, 5.0473, 5.0473, 5.0473,
        5.0473, 5.0473, 5.0473, 5.0473, 5.0473, 5.0473, 5.0473, 5.0473, 5.0473,
        5.0473, 5.0473, 5.0473, 5.0473, 5.0473, 5.0473, 5.0473, 5.0473, 5.0473,
        5.0473, 5.0473, 5.0473, 5.0473, 5.0473, 5.0473, 5.0473, 5.0473, 5.0473,
        5.0473, 5.0473, 5.0473, 5.0473, 5.0473, 5.0473, 5.0473, 5.0473, 5.0473,
        5.0473, 5.0473], grad_fn=<CatBackward>)]
[2019-02-26 12:46:09,033][INFO][epoch:9	loss:tensor(4.5426, device='cuda:0')]
[2019-02-26 12:46:09,448][INFO][LCC:tensor(0.0167, grad_fn=<DivBackward1>)]
[2019-02-26 12:46:09,449][INFO][Ground Truth:tensor([4.5750, 3.0278, 4.1905, 5.6757, 5.5000, 4.2791, 6.3256, 2.9714, 4.8333,
        5.3333, 3.6857, 5.0811, 4.0000, 3.7073, 5.0976, 3.3889, 4.0227, 5.7222,
        3.8823, 3.3809, 3.1177, 2.1026, 2.7333, 4.1000, 5.5000, 5.3250, 4.4872,
        6.3636, 2.7619, 3.7692, 4.7941, 5.4737, 3.7442, 5.1714, 5.5625, 2.4615,
        3.9474, 3.7500, 5.2500, 2.6842, 5.1892, 4.1000, 4.3513, 5.6342, 2.6591,
        4.4737, 3.7714, 5.7500, 5.7179, 5.0263, 5.2308, 4.7143, 1.0238, 6.8000,
        4.7812, 2.4211, 4.4048, 3.7778, 2.0526, 6.2778, 3.2778, 4.5676, 4.1944,
        3.9250, 3.4222, 5.7027, 2.4706, 3.1765, 4.0263, 6.0606, 2.5714, 3.3421,
        2.7778, 4.1667, 2.6053, 5.6757, 6.0000, 5.6857, 2.2222, 5.2432, 3.2500,
        6.0526, 3.1936, 4.8095, 5.0476, 1.6571, 3.1622, 5.4615, 5.5263, 3.3721,
        3.7500, 1.9268, 5.2432, 3.1429, 2.6279, 2.4359, 4.5455, 5.2973, 4.4000,
        3.9677, 2.7180])]
[2019-02-26 12:46:09,450][INFO][Predicted:tensor([5.5592, 5.5592, 5.5592, 5.5592, 5.5592, 5.5592, 5.5592, 5.5592, 5.5592,
        5.5592, 5.5592, 5.5592, 5.5592, 5.5592, 5.5592, 5.5592, 5.5592, 5.5592,
        5.5592, 5.5592, 5.5592, 5.5592, 5.5592, 5.5592, 5.5592, 5.5592, 5.5592,
        5.5592, 5.5592, 5.5592, 5.5592, 5.5592, 5.5592, 5.5592, 5.5592, 5.5592,
        5.5592, 5.5592, 5.5592, 5.5592, 5.5592, 5.5592, 5.5592, 5.5592, 5.5592,
        5.5592, 5.5592, 5.5592, 5.5592, 5.5592, 5.5592, 5.5592, 5.5592, 5.5592,
        5.5592, 5.5592, 5.5592, 5.5592, 5.5592, 5.5592, 5.5592, 5.5592, 5.5592,
        5.5592, 5.5592, 5.5592, 5.5592, 5.5592, 5.5592, 5.5592, 5.5592, 5.5592,
        5.5592, 5.5592, 5.5592, 5.5592, 5.5592, 5.5592, 5.5592, 5.5592, 5.5592,
        5.5592, 5.5592, 5.5592, 5.5592, 5.5592, 5.5592, 5.5592, 5.5592, 5.5592,
        5.5592, 5.5592, 5.5592, 5.5592, 5.5592, 5.5592, 5.5592, 5.5592, 5.5592,
        5.5592, 5.5592], grad_fn=<CatBackward>)]
[2019-02-26 12:46:24,397][INFO][epoch:10	loss:tensor(4.5536, device='cuda:0')]
[2019-02-26 12:46:24,775][INFO][LCC:tensor(0.1676, grad_fn=<DivBackward1>)]
[2019-02-26 12:46:24,776][INFO][Ground Truth:tensor([4.5750, 3.0278, 4.1905, 5.6757, 5.5000, 4.2791, 6.3256, 2.9714, 4.8333,
        5.3333, 3.6857, 5.0811, 4.0000, 3.7073, 5.0976, 3.3889, 4.0227, 5.7222,
        3.8823, 3.3809, 3.1177, 2.1026, 2.7333, 4.1000, 5.5000, 5.3250, 4.4872,
        6.3636, 2.7619, 3.7692, 4.7941, 5.4737, 3.7442, 5.1714, 5.5625, 2.4615,
        3.9474, 3.7500, 5.2500, 2.6842, 5.1892, 4.1000, 4.3513, 5.6342, 2.6591,
        4.4737, 3.7714, 5.7500, 5.7179, 5.0263, 5.2308, 4.7143, 1.0238, 6.8000,
        4.7812, 2.4211, 4.4048, 3.7778, 2.0526, 6.2778, 3.2778, 4.5676, 4.1944,
        3.9250, 3.4222, 5.7027, 2.4706, 3.1765, 4.0263, 6.0606, 2.5714, 3.3421,
        2.7778, 4.1667, 2.6053, 5.6757, 6.0000, 5.6857, 2.2222, 5.2432, 3.2500,
        6.0526, 3.1936, 4.8095, 5.0476, 1.6571, 3.1622, 5.4615, 5.5263, 3.3721,
        3.7500, 1.9268, 5.2432, 3.1429, 2.6279, 2.4359, 4.5455, 5.2973, 4.4000,
        3.9677, 2.7180])]
[2019-02-26 12:46:24,776][INFO][Predicted:tensor([5.2083, 5.2083, 5.2083, 5.2083, 5.2083, 5.2083, 5.2083, 5.2083, 5.2083,
        5.2083, 5.2083, 5.2083, 5.2083, 5.2083, 5.2083, 5.2083, 5.2083, 5.2083,
        5.2083, 5.2083, 5.2083, 5.2083, 5.2083, 5.2083, 5.2083, 5.2083, 5.2083,
        5.2083, 5.2083, 5.2083, 5.2083, 5.2083, 5.2083, 5.2083, 5.2083, 5.2083,
        5.2083, 5.2083, 5.2083, 5.2083, 5.2083, 5.2083, 5.2083, 5.2083, 5.2083,
        5.2083, 5.2083, 5.2083, 5.2083, 5.2083, 5.2083, 5.2083, 5.2083, 5.2083,
        5.2083, 5.2083, 5.2083, 5.2083, 5.2083, 5.2083, 5.2083, 5.2083, 5.2083,
        5.2083, 5.2083, 5.2083, 5.2083, 5.2083, 5.2083, 5.2083, 5.2083, 5.2083,
        5.2083, 5.2083, 5.2083, 5.2083, 5.2083, 5.2083, 5.2083, 5.2083, 5.2083,
        5.2083, 5.2083, 5.2083, 5.2083, 5.2083, 5.2083, 5.2083, 5.2083, 5.2083,
        5.2083, 5.2083, 5.2083, 5.2083, 5.2083, 5.2083, 5.2083, 5.2083, 5.2083,
        5.2083, 5.2083], grad_fn=<CatBackward>)]
[2019-02-26 12:46:39,625][INFO][epoch:11	loss:tensor(4.5474, device='cuda:0')]
[2019-02-26 12:46:40,021][INFO][LCC:tensor(-0.0000, grad_fn=<DivBackward1>)]
[2019-02-26 12:46:40,021][INFO][Ground Truth:tensor([4.5750, 3.0278, 4.1905, 5.6757, 5.5000, 4.2791, 6.3256, 2.9714, 4.8333,
        5.3333, 3.6857, 5.0811, 4.0000, 3.7073, 5.0976, 3.3889, 4.0227, 5.7222,
        3.8823, 3.3809, 3.1177, 2.1026, 2.7333, 4.1000, 5.5000, 5.3250, 4.4872,
        6.3636, 2.7619, 3.7692, 4.7941, 5.4737, 3.7442, 5.1714, 5.5625, 2.4615,
        3.9474, 3.7500, 5.2500, 2.6842, 5.1892, 4.1000, 4.3513, 5.6342, 2.6591,
        4.4737, 3.7714, 5.7500, 5.7179, 5.0263, 5.2308, 4.7143, 1.0238, 6.8000,
        4.7812, 2.4211, 4.4048, 3.7778, 2.0526, 6.2778, 3.2778, 4.5676, 4.1944,
        3.9250, 3.4222, 5.7027, 2.4706, 3.1765, 4.0263, 6.0606, 2.5714, 3.3421,
        2.7778, 4.1667, 2.6053, 5.6757, 6.0000, 5.6857, 2.2222, 5.2432, 3.2500,
        6.0526, 3.1936, 4.8095, 5.0476, 1.6571, 3.1622, 5.4615, 5.5263, 3.3721,
        3.7500, 1.9268, 5.2432, 3.1429, 2.6279, 2.4359, 4.5455, 5.2973, 4.4000,
        3.9677, 2.7180])]
[2019-02-26 12:46:40,022][INFO][Predicted:tensor([4.6174, 4.6174, 4.6174, 4.6174, 4.6174, 4.6174, 4.6174, 4.6174, 4.6174,
        4.6174, 4.6174, 4.6174, 4.6174, 4.6174, 4.6174, 4.6174, 4.6174, 4.6174,
        4.6174, 4.6174, 4.6174, 4.6174, 4.6174, 4.6174, 4.6174, 4.6174, 4.6174,
        4.6174, 4.6174, 4.6174, 4.6174, 4.6174, 4.6174, 4.6174, 4.6174, 4.6174,
        4.6174, 4.6174, 4.6174, 4.6174, 4.6174, 4.6174, 4.6174, 4.6174, 4.6174,
        4.6174, 4.6174, 4.6174, 4.6174, 4.6174, 4.6174, 4.6174, 4.6174, 4.6174,
        4.6174, 4.6174, 4.6174, 4.6174, 4.6174, 4.6174, 4.6174, 4.6174, 4.6174,
        4.6174, 4.6174, 4.6174, 4.6174, 4.6174, 4.6174, 4.6174, 4.6174, 4.6174,
        4.6174, 4.6174, 4.6174, 4.6174, 4.6174, 4.6174, 4.6174, 4.6174, 4.6174,
        4.6174, 4.6174, 4.6174, 4.6174, 4.6174, 4.6174, 4.6174, 4.6174, 4.6174,
        4.6174, 4.6174, 4.6174, 4.6174, 4.6174, 4.6174, 4.6174, 4.6174, 4.6174,
        4.6174, 4.6174], grad_fn=<CatBackward>)]
[2019-02-26 12:46:54,989][INFO][epoch:12	loss:tensor(4.5607, device='cuda:0')]
[2019-02-26 12:46:55,381][INFO][LCC:tensor(4.3722e-07, grad_fn=<DivBackward1>)]
[2019-02-26 12:46:55,382][INFO][Ground Truth:tensor([4.5750, 3.0278, 4.1905, 5.6757, 5.5000, 4.2791, 6.3256, 2.9714, 4.8333,
        5.3333, 3.6857, 5.0811, 4.0000, 3.7073, 5.0976, 3.3889, 4.0227, 5.7222,
        3.8823, 3.3809, 3.1177, 2.1026, 2.7333, 4.1000, 5.5000, 5.3250, 4.4872,
        6.3636, 2.7619, 3.7692, 4.7941, 5.4737, 3.7442, 5.1714, 5.5625, 2.4615,
        3.9474, 3.7500, 5.2500, 2.6842, 5.1892, 4.1000, 4.3513, 5.6342, 2.6591,
        4.4737, 3.7714, 5.7500, 5.7179, 5.0263, 5.2308, 4.7143, 1.0238, 6.8000,
        4.7812, 2.4211, 4.4048, 3.7778, 2.0526, 6.2778, 3.2778, 4.5676, 4.1944,
        3.9250, 3.4222, 5.7027, 2.4706, 3.1765, 4.0263, 6.0606, 2.5714, 3.3421,
        2.7778, 4.1667, 2.6053, 5.6757, 6.0000, 5.6857, 2.2222, 5.2432, 3.2500,
        6.0526, 3.1936, 4.8095, 5.0476, 1.6571, 3.1622, 5.4615, 5.5263, 3.3721,
        3.7500, 1.9268, 5.2432, 3.1429, 2.6279, 2.4359, 4.5455, 5.2973, 4.4000,
        3.9677, 2.7180])]
[2019-02-26 12:46:55,383][INFO][Predicted:tensor([5.0240, 5.0240, 5.0240, 5.0240, 5.0240, 5.0240, 5.0240, 5.0240, 5.0240,
        5.0240, 5.0240, 5.0240, 5.0240, 5.0240, 5.0240, 5.0240, 5.0240, 5.0240,
        5.0240, 5.0240, 5.0240, 5.0240, 5.0240, 5.0240, 5.0240, 5.0240, 5.0240,
        5.0240, 5.0240, 5.0240, 5.0240, 5.0240, 5.0240, 5.0240, 5.0240, 5.0240,
        5.0240, 5.0240, 5.0240, 5.0240, 5.0240, 5.0240, 5.0240, 5.0240, 5.0240,
        5.0240, 5.0240, 5.0240, 5.0240, 5.0240, 5.0240, 5.0240, 5.0240, 5.0240,
        5.0240, 5.0240, 5.0240, 5.0240, 5.0240, 5.0240, 5.0240, 5.0240, 5.0240,
        5.0240, 5.0240, 5.0240, 5.0240, 5.0240, 5.0240, 5.0240, 5.0240, 5.0240,
        5.0240, 5.0240, 5.0240, 5.0240, 5.0240, 5.0240, 5.0240, 5.0240, 5.0240,
        5.0240, 5.0240, 5.0240, 5.0240, 5.0240, 5.0240, 5.0240, 5.0240, 5.0240,
        5.0240, 5.0240, 5.0240, 5.0240, 5.0240, 5.0240, 5.0240, 5.0240, 5.0240,
        5.0240, 5.0240], grad_fn=<CatBackward>)]
[2019-02-26 12:47:10,314][INFO][epoch:13	loss:tensor(4.5322, device='cuda:0')]
[2019-02-26 12:47:10,700][INFO][LCC:tensor(-0.0000, grad_fn=<DivBackward1>)]
[2019-02-26 12:47:10,701][INFO][Ground Truth:tensor([4.5750, 3.0278, 4.1905, 5.6757, 5.5000, 4.2791, 6.3256, 2.9714, 4.8333,
        5.3333, 3.6857, 5.0811, 4.0000, 3.7073, 5.0976, 3.3889, 4.0227, 5.7222,
        3.8823, 3.3809, 3.1177, 2.1026, 2.7333, 4.1000, 5.5000, 5.3250, 4.4872,
        6.3636, 2.7619, 3.7692, 4.7941, 5.4737, 3.7442, 5.1714, 5.5625, 2.4615,
        3.9474, 3.7500, 5.2500, 2.6842, 5.1892, 4.1000, 4.3513, 5.6342, 2.6591,
        4.4737, 3.7714, 5.7500, 5.7179, 5.0263, 5.2308, 4.7143, 1.0238, 6.8000,
        4.7812, 2.4211, 4.4048, 3.7778, 2.0526, 6.2778, 3.2778, 4.5676, 4.1944,
        3.9250, 3.4222, 5.7027, 2.4706, 3.1765, 4.0263, 6.0606, 2.5714, 3.3421,
        2.7778, 4.1667, 2.6053, 5.6757, 6.0000, 5.6857, 2.2222, 5.2432, 3.2500,
        6.0526, 3.1936, 4.8095, 5.0476, 1.6571, 3.1622, 5.4615, 5.5263, 3.3721,
        3.7500, 1.9268, 5.2432, 3.1429, 2.6279, 2.4359, 4.5455, 5.2973, 4.4000,
        3.9677, 2.7180])]
[2019-02-26 12:47:10,701][INFO][Predicted:tensor([4.9706, 4.9706, 4.9706, 4.9706, 4.9706, 4.9706, 4.9706, 4.9706, 4.9706,
        4.9706, 4.9706, 4.9706, 4.9706, 4.9706, 4.9706, 4.9706, 4.9706, 4.9706,
        4.9706, 4.9706, 4.9706, 4.9706, 4.9706, 4.9706, 4.9706, 4.9706, 4.9706,
        4.9706, 4.9706, 4.9706, 4.9706, 4.9706, 4.9706, 4.9706, 4.9706, 4.9706,
        4.9706, 4.9706, 4.9706, 4.9706, 4.9706, 4.9706, 4.9706, 4.9706, 4.9706,
        4.9706, 4.9706, 4.9706, 4.9706, 4.9706, 4.9706, 4.9706, 4.9706, 4.9706,
        4.9706, 4.9706, 4.9706, 4.9706, 4.9706, 4.9706, 4.9706, 4.9706, 4.9706,
        4.9706, 4.9706, 4.9706, 4.9706, 4.9706, 4.9706, 4.9706, 4.9706, 4.9706,
        4.9706, 4.9706, 4.9706, 4.9706, 4.9706, 4.9706, 4.9706, 4.9706, 4.9706,
        4.9706, 4.9706, 4.9706, 4.9706, 4.9706, 4.9706, 4.9706, 4.9706, 4.9706,
        4.9706, 4.9706, 4.9706, 4.9706, 4.9706, 4.9706, 4.9706, 4.9706, 4.9706,
        4.9706, 4.9706], grad_fn=<CatBackward>)]
[2019-02-26 12:47:25,602][INFO][epoch:14	loss:tensor(4.5591, device='cuda:0')]
[2019-02-26 12:47:26,011][INFO][LCC:tensor(-0.0000, grad_fn=<DivBackward1>)]
[2019-02-26 12:47:26,012][INFO][Ground Truth:tensor([4.5750, 3.0278, 4.1905, 5.6757, 5.5000, 4.2791, 6.3256, 2.9714, 4.8333,
        5.3333, 3.6857, 5.0811, 4.0000, 3.7073, 5.0976, 3.3889, 4.0227, 5.7222,
        3.8823, 3.3809, 3.1177, 2.1026, 2.7333, 4.1000, 5.5000, 5.3250, 4.4872,
        6.3636, 2.7619, 3.7692, 4.7941, 5.4737, 3.7442, 5.1714, 5.5625, 2.4615,
        3.9474, 3.7500, 5.2500, 2.6842, 5.1892, 4.1000, 4.3513, 5.6342, 2.6591,
        4.4737, 3.7714, 5.7500, 5.7179, 5.0263, 5.2308, 4.7143, 1.0238, 6.8000,
        4.7812, 2.4211, 4.4048, 3.7778, 2.0526, 6.2778, 3.2778, 4.5676, 4.1944,
        3.9250, 3.4222, 5.7027, 2.4706, 3.1765, 4.0263, 6.0606, 2.5714, 3.3421,
        2.7778, 4.1667, 2.6053, 5.6757, 6.0000, 5.6857, 2.2222, 5.2432, 3.2500,
        6.0526, 3.1936, 4.8095, 5.0476, 1.6571, 3.1622, 5.4615, 5.5263, 3.3721,
        3.7500, 1.9268, 5.2432, 3.1429, 2.6279, 2.4359, 4.5455, 5.2973, 4.4000,
        3.9677, 2.7180])]
[2019-02-26 12:47:26,012][INFO][Predicted:tensor([4.4269, 4.4269, 4.4269, 4.4269, 4.4269, 4.4269, 4.4269, 4.4269, 4.4269,
        4.4269, 4.4269, 4.4269, 4.4269, 4.4269, 4.4269, 4.4269, 4.4269, 4.4269,
        4.4269, 4.4269, 4.4269, 4.4269, 4.4269, 4.4269, 4.4269, 4.4269, 4.4269,
        4.4269, 4.4269, 4.4269, 4.4269, 4.4269, 4.4269, 4.4269, 4.4269, 4.4269,
        4.4269, 4.4269, 4.4269, 4.4269, 4.4269, 4.4269, 4.4269, 4.4269, 4.4269,
        4.4269, 4.4269, 4.4269, 4.4269, 4.4269, 4.4269, 4.4269, 4.4269, 4.4269,
        4.4269, 4.4269, 4.4269, 4.4269, 4.4269, 4.4269, 4.4269, 4.4269, 4.4269,
        4.4269, 4.4269, 4.4269, 4.4269, 4.4269, 4.4269, 4.4269, 4.4269, 4.4269,
        4.4269, 4.4269, 4.4269, 4.4269, 4.4269, 4.4269, 4.4269, 4.4269, 4.4269,
        4.4269, 4.4269, 4.4269, 4.4269, 4.4269, 4.4269, 4.4269, 4.4269, 4.4269,
        4.4269, 4.4269, 4.4269, 4.4269, 4.4269, 4.4269, 4.4269, 4.4269, 4.4269,
        4.4269, 4.4269], grad_fn=<CatBackward>)]
[2019-02-26 12:47:40,826][INFO][epoch:15	loss:tensor(4.5617, device='cuda:0')]
[2019-02-26 12:47:41,213][INFO][LCC:tensor(4.4290e-07, grad_fn=<DivBackward1>)]
[2019-02-26 12:47:41,214][INFO][Ground Truth:tensor([4.5750, 3.0278, 4.1905, 5.6757, 5.5000, 4.2791, 6.3256, 2.9714, 4.8333,
        5.3333, 3.6857, 5.0811, 4.0000, 3.7073, 5.0976, 3.3889, 4.0227, 5.7222,
        3.8823, 3.3809, 3.1177, 2.1026, 2.7333, 4.1000, 5.5000, 5.3250, 4.4872,
        6.3636, 2.7619, 3.7692, 4.7941, 5.4737, 3.7442, 5.1714, 5.5625, 2.4615,
        3.9474, 3.7500, 5.2500, 2.6842, 5.1892, 4.1000, 4.3513, 5.6342, 2.6591,
        4.4737, 3.7714, 5.7500, 5.7179, 5.0263, 5.2308, 4.7143, 1.0238, 6.8000,
        4.7812, 2.4211, 4.4048, 3.7778, 2.0526, 6.2778, 3.2778, 4.5676, 4.1944,
        3.9250, 3.4222, 5.7027, 2.4706, 3.1765, 4.0263, 6.0606, 2.5714, 3.3421,
        2.7778, 4.1667, 2.6053, 5.6757, 6.0000, 5.6857, 2.2222, 5.2432, 3.2500,
        6.0526, 3.1936, 4.8095, 5.0476, 1.6571, 3.1622, 5.4615, 5.5263, 3.3721,
        3.7500, 1.9268, 5.2432, 3.1429, 2.6279, 2.4359, 4.5455, 5.2973, 4.4000,
        3.9677, 2.7180])]
[2019-02-26 12:47:41,214][INFO][Predicted:tensor([5.0242, 5.0242, 5.0242, 5.0242, 5.0242, 5.0242, 5.0242, 5.0242, 5.0242,
        5.0242, 5.0242, 5.0242, 5.0242, 5.0242, 5.0242, 5.0242, 5.0242, 5.0242,
        5.0242, 5.0242, 5.0242, 5.0242, 5.0242, 5.0242, 5.0242, 5.0242, 5.0242,
        5.0242, 5.0242, 5.0242, 5.0242, 5.0242, 5.0242, 5.0242, 5.0242, 5.0242,
        5.0242, 5.0242, 5.0242, 5.0242, 5.0242, 5.0242, 5.0242, 5.0242, 5.0242,
        5.0242, 5.0242, 5.0242, 5.0242, 5.0242, 5.0242, 5.0242, 5.0242, 5.0242,
        5.0242, 5.0242, 5.0242, 5.0242, 5.0242, 5.0242, 5.0242, 5.0242, 5.0242,
        5.0242, 5.0242, 5.0242, 5.0242, 5.0242, 5.0242, 5.0242, 5.0242, 5.0242,
        5.0242, 5.0242, 5.0242, 5.0242, 5.0242, 5.0242, 5.0242, 5.0242, 5.0242,
        5.0242, 5.0242, 5.0242, 5.0242, 5.0242, 5.0242, 5.0242, 5.0242, 5.0242,
        5.0242, 5.0242, 5.0242, 5.0242, 5.0242, 5.0242, 5.0242, 5.0242, 5.0242,
        5.0242, 5.0242], grad_fn=<CatBackward>)]
[2019-02-26 12:47:56,097][INFO][epoch:16	loss:tensor(4.5541, device='cuda:0')]
[2019-02-26 12:47:56,489][INFO][LCC:tensor(-0.0000, grad_fn=<DivBackward1>)]
[2019-02-26 12:47:56,489][INFO][Ground Truth:tensor([4.5750, 3.0278, 4.1905, 5.6757, 5.5000, 4.2791, 6.3256, 2.9714, 4.8333,
        5.3333, 3.6857, 5.0811, 4.0000, 3.7073, 5.0976, 3.3889, 4.0227, 5.7222,
        3.8823, 3.3809, 3.1177, 2.1026, 2.7333, 4.1000, 5.5000, 5.3250, 4.4872,
        6.3636, 2.7619, 3.7692, 4.7941, 5.4737, 3.7442, 5.1714, 5.5625, 2.4615,
        3.9474, 3.7500, 5.2500, 2.6842, 5.1892, 4.1000, 4.3513, 5.6342, 2.6591,
        4.4737, 3.7714, 5.7500, 5.7179, 5.0263, 5.2308, 4.7143, 1.0238, 6.8000,
        4.7812, 2.4211, 4.4048, 3.7778, 2.0526, 6.2778, 3.2778, 4.5676, 4.1944,
        3.9250, 3.4222, 5.7027, 2.4706, 3.1765, 4.0263, 6.0606, 2.5714, 3.3421,
        2.7778, 4.1667, 2.6053, 5.6757, 6.0000, 5.6857, 2.2222, 5.2432, 3.2500,
        6.0526, 3.1936, 4.8095, 5.0476, 1.6571, 3.1622, 5.4615, 5.5263, 3.3721,
        3.7500, 1.9268, 5.2432, 3.1429, 2.6279, 2.4359, 4.5455, 5.2973, 4.4000,
        3.9677, 2.7180])]
[2019-02-26 12:47:56,490][INFO][Predicted:tensor([5.1833, 5.1833, 5.1833, 5.1833, 5.1833, 5.1833, 5.1833, 5.1833, 5.1833,
        5.1833, 5.1833, 5.1833, 5.1833, 5.1833, 5.1833, 5.1833, 5.1833, 5.1833,
        5.1833, 5.1833, 5.1833, 5.1833, 5.1833, 5.1833, 5.1833, 5.1833, 5.1833,
        5.1833, 5.1833, 5.1833, 5.1833, 5.1833, 5.1833, 5.1833, 5.1833, 5.1833,
        5.1833, 5.1833, 5.1833, 5.1833, 5.1833, 5.1833, 5.1833, 5.1833, 5.1833,
        5.1833, 5.1833, 5.1833, 5.1833, 5.1833, 5.1833, 5.1833, 5.1833, 5.1833,
        5.1833, 5.1833, 5.1833, 5.1833, 5.1833, 5.1833, 5.1833, 5.1833, 5.1833,
        5.1833, 5.1833, 5.1833, 5.1833, 5.1833, 5.1833, 5.1833, 5.1833, 5.1833,
        5.1833, 5.1833, 5.1833, 5.1833, 5.1833, 5.1833, 5.1833, 5.1833, 5.1833,
        5.1833, 5.1833, 5.1833, 5.1833, 5.1833, 5.1833, 5.1833, 5.1833, 5.1833,
        5.1833, 5.1833, 5.1833, 5.1833, 5.1833, 5.1833, 5.1833, 5.1833, 5.1833,
        5.1833, 5.1833], grad_fn=<CatBackward>)]
[2019-02-26 12:48:11,337][INFO][epoch:17	loss:tensor(4.5381, device='cuda:0')]
[2019-02-26 12:48:11,721][INFO][LCC:tensor(4.4290e-07, grad_fn=<DivBackward1>)]
[2019-02-26 12:48:11,722][INFO][Ground Truth:tensor([4.5750, 3.0278, 4.1905, 5.6757, 5.5000, 4.2791, 6.3256, 2.9714, 4.8333,
        5.3333, 3.6857, 5.0811, 4.0000, 3.7073, 5.0976, 3.3889, 4.0227, 5.7222,
        3.8823, 3.3809, 3.1177, 2.1026, 2.7333, 4.1000, 5.5000, 5.3250, 4.4872,
        6.3636, 2.7619, 3.7692, 4.7941, 5.4737, 3.7442, 5.1714, 5.5625, 2.4615,
        3.9474, 3.7500, 5.2500, 2.6842, 5.1892, 4.1000, 4.3513, 5.6342, 2.6591,
        4.4737, 3.7714, 5.7500, 5.7179, 5.0263, 5.2308, 4.7143, 1.0238, 6.8000,
        4.7812, 2.4211, 4.4048, 3.7778, 2.0526, 6.2778, 3.2778, 4.5676, 4.1944,
        3.9250, 3.4222, 5.7027, 2.4706, 3.1765, 4.0263, 6.0606, 2.5714, 3.3421,
        2.7778, 4.1667, 2.6053, 5.6757, 6.0000, 5.6857, 2.2222, 5.2432, 3.2500,
        6.0526, 3.1936, 4.8095, 5.0476, 1.6571, 3.1622, 5.4615, 5.5263, 3.3721,
        3.7500, 1.9268, 5.2432, 3.1429, 2.6279, 2.4359, 4.5455, 5.2973, 4.4000,
        3.9677, 2.7180])]
[2019-02-26 12:48:11,722][INFO][Predicted:tensor([4.7920, 4.7920, 4.7920, 4.7920, 4.7920, 4.7920, 4.7920, 4.7920, 4.7920,
        4.7920, 4.7920, 4.7920, 4.7920, 4.7920, 4.7920, 4.7920, 4.7920, 4.7920,
        4.7920, 4.7920, 4.7920, 4.7920, 4.7920, 4.7920, 4.7920, 4.7920, 4.7920,
        4.7920, 4.7920, 4.7920, 4.7920, 4.7920, 4.7920, 4.7920, 4.7920, 4.7920,
        4.7920, 4.7920, 4.7920, 4.7920, 4.7920, 4.7920, 4.7920, 4.7920, 4.7920,
        4.7920, 4.7920, 4.7920, 4.7920, 4.7920, 4.7920, 4.7920, 4.7920, 4.7920,
        4.7920, 4.7920, 4.7920, 4.7920, 4.7920, 4.7920, 4.7920, 4.7920, 4.7920,
        4.7920, 4.7920, 4.7920, 4.7920, 4.7920, 4.7920, 4.7920, 4.7920, 4.7920,
        4.7920, 4.7920, 4.7920, 4.7920, 4.7920, 4.7920, 4.7920, 4.7920, 4.7920,
        4.7920, 4.7920, 4.7920, 4.7920, 4.7920, 4.7920, 4.7920, 4.7920, 4.7920,
        4.7920, 4.7920, 4.7920, 4.7920, 4.7920, 4.7920, 4.7920, 4.7920, 4.7920,
        4.7920, 4.7920], grad_fn=<CatBackward>)]
[2019-02-26 12:48:26,558][INFO][epoch:18	loss:tensor(4.5451, device='cuda:0')]
[2019-02-26 12:48:26,960][INFO][LCC:tensor(-0.0000, grad_fn=<DivBackward1>)]
[2019-02-26 12:48:26,960][INFO][Ground Truth:tensor([4.5750, 3.0278, 4.1905, 5.6757, 5.5000, 4.2791, 6.3256, 2.9714, 4.8333,
        5.3333, 3.6857, 5.0811, 4.0000, 3.7073, 5.0976, 3.3889, 4.0227, 5.7222,
        3.8823, 3.3809, 3.1177, 2.1026, 2.7333, 4.1000, 5.5000, 5.3250, 4.4872,
        6.3636, 2.7619, 3.7692, 4.7941, 5.4737, 3.7442, 5.1714, 5.5625, 2.4615,
        3.9474, 3.7500, 5.2500, 2.6842, 5.1892, 4.1000, 4.3513, 5.6342, 2.6591,
        4.4737, 3.7714, 5.7500, 5.7179, 5.0263, 5.2308, 4.7143, 1.0238, 6.8000,
        4.7812, 2.4211, 4.4048, 3.7778, 2.0526, 6.2778, 3.2778, 4.5676, 4.1944,
        3.9250, 3.4222, 5.7027, 2.4706, 3.1765, 4.0263, 6.0606, 2.5714, 3.3421,
        2.7778, 4.1667, 2.6053, 5.6757, 6.0000, 5.6857, 2.2222, 5.2432, 3.2500,
        6.0526, 3.1936, 4.8095, 5.0476, 1.6571, 3.1622, 5.4615, 5.5263, 3.3721,
        3.7500, 1.9268, 5.2432, 3.1429, 2.6279, 2.4359, 4.5455, 5.2973, 4.4000,
        3.9677, 2.7180])]
[2019-02-26 12:48:26,961][INFO][Predicted:tensor([4.8696, 4.8696, 4.8696, 4.8696, 4.8696, 4.8696, 4.8696, 4.8696, 4.8696,
        4.8696, 4.8696, 4.8696, 4.8696, 4.8696, 4.8696, 4.8696, 4.8696, 4.8696,
        4.8696, 4.8696, 4.8696, 4.8696, 4.8696, 4.8696, 4.8696, 4.8696, 4.8696,
        4.8696, 4.8696, 4.8696, 4.8696, 4.8696, 4.8696, 4.8696, 4.8696, 4.8696,
        4.8696, 4.8696, 4.8696, 4.8696, 4.8696, 4.8696, 4.8696, 4.8696, 4.8696,
        4.8696, 4.8696, 4.8696, 4.8696, 4.8696, 4.8696, 4.8696, 4.8696, 4.8696,
        4.8696, 4.8696, 4.8696, 4.8696, 4.8696, 4.8696, 4.8696, 4.8696, 4.8696,
        4.8696, 4.8696, 4.8696, 4.8696, 4.8696, 4.8696, 4.8696, 4.8696, 4.8696,
        4.8696, 4.8696, 4.8696, 4.8696, 4.8696, 4.8696, 4.8696, 4.8696, 4.8696,
        4.8696, 4.8696, 4.8696, 4.8696, 4.8696, 4.8696, 4.8696, 4.8696, 4.8696,
        4.8696, 4.8696, 4.8696, 4.8696, 4.8696, 4.8696, 4.8696, 4.8696, 4.8696,
        4.8696, 4.8696], grad_fn=<CatBackward>)]
[2019-02-26 12:48:41,784][INFO][epoch:19	loss:tensor(4.5598, device='cuda:0')]
[2019-02-26 12:48:42,163][INFO][LCC:tensor(4.3722e-07, grad_fn=<DivBackward1>)]
[2019-02-26 12:48:42,164][INFO][Ground Truth:tensor([4.5750, 3.0278, 4.1905, 5.6757, 5.5000, 4.2791, 6.3256, 2.9714, 4.8333,
        5.3333, 3.6857, 5.0811, 4.0000, 3.7073, 5.0976, 3.3889, 4.0227, 5.7222,
        3.8823, 3.3809, 3.1177, 2.1026, 2.7333, 4.1000, 5.5000, 5.3250, 4.4872,
        6.3636, 2.7619, 3.7692, 4.7941, 5.4737, 3.7442, 5.1714, 5.5625, 2.4615,
        3.9474, 3.7500, 5.2500, 2.6842, 5.1892, 4.1000, 4.3513, 5.6342, 2.6591,
        4.4737, 3.7714, 5.7500, 5.7179, 5.0263, 5.2308, 4.7143, 1.0238, 6.8000,
        4.7812, 2.4211, 4.4048, 3.7778, 2.0526, 6.2778, 3.2778, 4.5676, 4.1944,
        3.9250, 3.4222, 5.7027, 2.4706, 3.1765, 4.0263, 6.0606, 2.5714, 3.3421,
        2.7778, 4.1667, 2.6053, 5.6757, 6.0000, 5.6857, 2.2222, 5.2432, 3.2500,
        6.0526, 3.1936, 4.8095, 5.0476, 1.6571, 3.1622, 5.4615, 5.5263, 3.3721,
        3.7500, 1.9268, 5.2432, 3.1429, 2.6279, 2.4359, 4.5455, 5.2973, 4.4000,
        3.9677, 2.7180])]
[2019-02-26 12:48:42,164][INFO][Predicted:tensor([4.6035, 4.6035, 4.6035, 4.6035, 4.6035, 4.6035, 4.6035, 4.6035, 4.6035,
        4.6035, 4.6035, 4.6035, 4.6035, 4.6035, 4.6035, 4.6035, 4.6035, 4.6035,
        4.6035, 4.6035, 4.6035, 4.6035, 4.6035, 4.6035, 4.6035, 4.6035, 4.6035,
        4.6035, 4.6035, 4.6035, 4.6035, 4.6035, 4.6035, 4.6035, 4.6035, 4.6035,
        4.6035, 4.6035, 4.6035, 4.6035, 4.6035, 4.6035, 4.6035, 4.6035, 4.6035,
        4.6035, 4.6035, 4.6035, 4.6035, 4.6035, 4.6035, 4.6035, 4.6035, 4.6035,
        4.6035, 4.6035, 4.6035, 4.6035, 4.6035, 4.6035, 4.6035, 4.6035, 4.6035,
        4.6035, 4.6035, 4.6035, 4.6035, 4.6035, 4.6035, 4.6035, 4.6035, 4.6035,
        4.6035, 4.6035, 4.6035, 4.6035, 4.6035, 4.6035, 4.6035, 4.6035, 4.6035,
        4.6035, 4.6035, 4.6035, 4.6035, 4.6035, 4.6035, 4.6035, 4.6035, 4.6035,
        4.6035, 4.6035, 4.6035, 4.6035, 4.6035, 4.6035, 4.6035, 4.6035, 4.6035,
        4.6035, 4.6035], grad_fn=<CatBackward>)]
