[2019-02-25 20:34:06,096][INFO][epoch:0	loss:tensor(1.0848, device='cuda:0')]
[2019-02-25 20:34:06,900][INFO][LCC:tensor(-0.1584, grad_fn=<DivBackward1>)]
[2019-02-25 20:34:22,285][INFO][epoch:1	loss:tensor(0.9248, device='cuda:0')]
[2019-02-25 20:34:23,243][INFO][LCC:tensor(-0.0051, grad_fn=<DivBackward1>)]
[2019-02-25 20:34:38,463][INFO][epoch:2	loss:tensor(0.9273, device='cuda:0')]
[2019-02-25 20:34:38,869][INFO][LCC:tensor(-0.1449, grad_fn=<DivBackward1>)]
[2019-02-25 20:34:54,097][INFO][epoch:3	loss:tensor(0.9109, device='cuda:0')]
[2019-02-25 20:34:54,498][INFO][LCC:tensor(-0.0198, grad_fn=<DivBackward1>)]
[2019-02-25 20:35:09,279][INFO][epoch:4	loss:tensor(0.9132, device='cuda:0')]
[2019-02-25 20:35:09,717][INFO][LCC:tensor(0.0425, grad_fn=<DivBackward1>)]
[2019-02-25 20:35:24,568][INFO][epoch:5	loss:tensor(0.9112, device='cuda:0')]
[2019-02-25 20:35:24,959][INFO][LCC:tensor(-0.0701, grad_fn=<DivBackward1>)]
[2019-02-25 20:35:39,723][INFO][epoch:6	loss:tensor(0.9092, device='cuda:0')]
[2019-02-25 20:35:40,130][INFO][LCC:tensor(0.0558, grad_fn=<DivBackward1>)]
[2019-02-25 20:35:55,018][INFO][epoch:7	loss:tensor(0.9121, device='cuda:0')]
[2019-02-25 20:35:55,405][INFO][LCC:tensor(0.1047, grad_fn=<DivBackward1>)]
[2019-02-25 20:36:10,183][INFO][epoch:8	loss:tensor(0.9060, device='cuda:0')]
[2019-02-25 20:36:10,604][INFO][LCC:tensor(-0.0036, grad_fn=<DivBackward1>)]
[2019-02-25 20:36:25,676][INFO][epoch:9	loss:tensor(0.9009, device='cuda:0')]
[2019-02-25 20:36:26,087][INFO][LCC:tensor(-0.0679, grad_fn=<DivBackward1>)]
[2019-02-25 20:36:40,929][INFO][epoch:10	loss:tensor(0.9013, device='cuda:0')]
[2019-02-25 20:36:41,338][INFO][LCC:tensor(-0.0321, grad_fn=<DivBackward1>)]
[2019-02-25 20:36:56,383][INFO][epoch:11	loss:tensor(0.9044, device='cuda:0')]
[2019-02-25 20:36:56,793][INFO][LCC:tensor(0.1301, grad_fn=<DivBackward1>)]
[2019-02-25 20:37:11,638][INFO][epoch:12	loss:tensor(0.9093, device='cuda:0')]
[2019-02-25 20:37:12,043][INFO][LCC:tensor(-0.0357, grad_fn=<DivBackward1>)]
[2019-02-25 20:37:26,927][INFO][epoch:13	loss:tensor(0.9050, device='cuda:0')]
[2019-02-25 20:37:27,331][INFO][LCC:tensor(-0.1866, grad_fn=<DivBackward1>)]
[2019-02-25 20:37:42,113][INFO][epoch:14	loss:tensor(0.9012, device='cuda:0')]
[2019-02-25 20:37:42,516][INFO][LCC:tensor(0.1078, grad_fn=<DivBackward1>)]
[2019-02-25 20:37:57,524][INFO][epoch:15	loss:tensor(0.8974, device='cuda:0')]
[2019-02-25 20:37:57,922][INFO][LCC:tensor(0.1271, grad_fn=<DivBackward1>)]
[2019-02-25 20:38:12,671][INFO][epoch:16	loss:tensor(0.8988, device='cuda:0')]
[2019-02-25 20:38:13,085][INFO][LCC:tensor(0.0300, grad_fn=<DivBackward1>)]
[2019-02-25 20:38:28,069][INFO][epoch:17	loss:tensor(0.9008, device='cuda:0')]
[2019-02-25 20:38:28,466][INFO][LCC:tensor(0.0781, grad_fn=<DivBackward1>)]
[2019-02-25 20:38:43,329][INFO][epoch:18	loss:tensor(0.9012, device='cuda:0')]
[2019-02-25 20:38:43,731][INFO][LCC:tensor(0.0825, grad_fn=<DivBackward1>)]
[2019-02-25 20:38:58,790][INFO][epoch:19	loss:tensor(0.8974, device='cuda:0')]
[2019-02-25 20:38:59,209][INFO][LCC:tensor(0.0705, grad_fn=<DivBackward1>)]
[2019-02-25 20:39:14,170][INFO][epoch:20	loss:tensor(0.8991, device='cuda:0')]
[2019-02-25 20:39:14,595][INFO][LCC:tensor(0.0585, grad_fn=<DivBackward1>)]
[2019-02-25 20:39:29,576][INFO][epoch:21	loss:tensor(0.9021, device='cuda:0')]
[2019-02-25 20:39:29,968][INFO][LCC:tensor(0.0249, grad_fn=<DivBackward1>)]
[2019-02-25 20:39:44,972][INFO][epoch:22	loss:tensor(0.8996, device='cuda:0')]
[2019-02-25 20:39:45,408][INFO][LCC:tensor(-0.0207, grad_fn=<DivBackward1>)]
[2019-02-25 20:40:01,004][INFO][epoch:23	loss:tensor(0.9030, device='cuda:0')]
[2019-02-25 20:40:01,485][INFO][LCC:tensor(0.0346, grad_fn=<DivBackward1>)]
[2019-02-25 20:40:17,226][INFO][epoch:24	loss:tensor(0.8987, device='cuda:0')]
[2019-02-25 20:40:17,694][INFO][LCC:tensor(-0.0762, grad_fn=<DivBackward1>)]
[2019-02-25 20:40:33,159][INFO][epoch:25	loss:tensor(0.9005, device='cuda:0')]
[2019-02-25 20:40:33,622][INFO][LCC:tensor(0.0318, grad_fn=<DivBackward1>)]
[2019-02-25 20:40:49,078][INFO][epoch:26	loss:tensor(0.8975, device='cuda:0')]
[2019-02-25 20:40:49,550][INFO][LCC:tensor(-0.0226, grad_fn=<DivBackward1>)]
[2019-02-25 20:41:04,785][INFO][epoch:27	loss:tensor(0.9001, device='cuda:0')]
[2019-02-25 20:41:05,181][INFO][LCC:tensor(0.0349, grad_fn=<DivBackward1>)]
[2019-02-25 20:41:20,088][INFO][epoch:28	loss:tensor(0.8995, device='cuda:0')]
[2019-02-25 20:41:20,505][INFO][LCC:tensor(0.0714, grad_fn=<DivBackward1>)]
[2019-02-25 20:41:35,445][INFO][epoch:29	loss:tensor(0.8961, device='cuda:0')]
[2019-02-25 20:41:35,881][INFO][LCC:tensor(nan, grad_fn=<DivBackward1>)]
[2019-02-25 20:41:50,830][INFO][epoch:30	loss:tensor(0.8965, device='cuda:0')]
[2019-02-25 20:41:51,230][INFO][LCC:tensor(2.9770e-07, grad_fn=<DivBackward1>)]
[2019-02-25 20:42:06,083][INFO][epoch:31	loss:tensor(0.8970, device='cuda:0')]
[2019-02-25 20:42:06,504][INFO][LCC:tensor(-0.0000, grad_fn=<DivBackward1>)]
[2019-02-25 20:42:21,568][INFO][epoch:32	loss:tensor(0.8983, device='cuda:0')]
[2019-02-25 20:42:21,975][INFO][LCC:tensor(2.8837e-07, grad_fn=<DivBackward1>)]
[2019-02-25 20:42:36,830][INFO][epoch:33	loss:tensor(0.8995, device='cuda:0')]
[2019-02-25 20:42:37,220][INFO][LCC:tensor(nan, grad_fn=<DivBackward1>)]
[2019-02-25 20:42:52,250][INFO][epoch:34	loss:tensor(0.8982, device='cuda:0')]
[2019-02-25 20:42:52,650][INFO][LCC:tensor(2.9049e-07, grad_fn=<DivBackward1>)]
[2019-02-25 20:43:08,095][INFO][epoch:35	loss:tensor(0.8998, device='cuda:0')]
[2019-02-25 20:43:08,538][INFO][LCC:tensor(2.8837e-07, grad_fn=<DivBackward1>)]
[2019-02-25 20:43:23,467][INFO][epoch:36	loss:tensor(0.9015, device='cuda:0')]
[2019-02-25 20:43:23,887][INFO][LCC:tensor(-0.0000, grad_fn=<DivBackward1>)]
[2019-02-25 20:43:38,855][INFO][epoch:37	loss:tensor(0.8997, device='cuda:0')]
[2019-02-25 20:43:39,253][INFO][LCC:tensor(2.8837e-07, grad_fn=<DivBackward1>)]
[2019-02-25 20:43:54,430][INFO][epoch:38	loss:tensor(0.8977, device='cuda:0')]
[2019-02-25 20:43:54,864][INFO][LCC:tensor(nan, grad_fn=<DivBackward1>)]
[2019-02-25 20:44:09,920][INFO][epoch:39	loss:tensor(0.8980, device='cuda:0')]
[2019-02-25 20:44:10,327][INFO][LCC:tensor(2.9049e-07, grad_fn=<DivBackward1>)]
[2019-02-25 20:44:26,206][INFO][epoch:40	loss:tensor(0.9025, device='cuda:0')]
[2019-02-25 20:44:26,617][INFO][LCC:tensor(-0.0000, grad_fn=<DivBackward1>)]
[2019-02-25 20:44:42,022][INFO][epoch:41	loss:tensor(0.8992, device='cuda:0')]
[2019-02-25 20:44:42,430][INFO][LCC:tensor(2.9049e-07, grad_fn=<DivBackward1>)]
[2019-02-25 20:44:57,644][INFO][epoch:42	loss:tensor(0.8984, device='cuda:0')]
[2019-02-25 20:44:58,098][INFO][LCC:tensor(nan, grad_fn=<DivBackward1>)]
[2019-02-25 20:45:13,103][INFO][epoch:43	loss:tensor(0.8973, device='cuda:0')]
[2019-02-25 20:45:13,529][INFO][LCC:tensor(2.9049e-07, grad_fn=<DivBackward1>)]
[2019-02-25 20:45:28,493][INFO][epoch:44	loss:tensor(0.8972, device='cuda:0')]
[2019-02-25 20:45:28,929][INFO][LCC:tensor(-0.0000, grad_fn=<DivBackward1>)]
[2019-02-25 20:45:44,213][INFO][epoch:45	loss:tensor(0.8998, device='cuda:0')]
[2019-02-25 20:45:44,629][INFO][LCC:tensor(-0.0000, grad_fn=<DivBackward1>)]
[2019-02-25 20:45:59,613][INFO][epoch:46	loss:tensor(0.8935, device='cuda:0')]
[2019-02-25 20:46:00,013][INFO][LCC:tensor(2.9049e-07, grad_fn=<DivBackward1>)]
[2019-02-25 20:46:15,064][INFO][epoch:47	loss:tensor(0.8969, device='cuda:0')]
[2019-02-25 20:46:15,476][INFO][LCC:tensor(-0.0000, grad_fn=<DivBackward1>)]
[2019-02-25 20:46:30,315][INFO][epoch:48	loss:tensor(0.8962, device='cuda:0')]
[2019-02-25 20:46:30,709][INFO][LCC:tensor(-0.0000, grad_fn=<DivBackward1>)]
