[2019-02-26 14:50:01,060][INFO][epoch:0	loss:tensor(10.4397, device='cuda:0')]
[2019-02-26 14:50:01,822][INFO][LCC:tensor(nan, grad_fn=<DivBackward1>)]
[2019-02-26 14:50:01,823][INFO][Ground Truth:tensor([3.2820, 3.8378, 3.6000, 4.9730, 4.7714, 5.6829, 5.4722, 5.0769, 2.8636,
        3.1795, 4.1667, 5.3429, 3.6389, 4.8056, 3.9730, 2.4146, 4.0250, 5.6744,
        2.0789, 4.8387, 5.7500, 3.5714, 5.7500, 5.6757, 5.7179, 2.7143, 3.4318,
        4.2571, 3.5294, 5.9714, 5.7857, 3.8222, 5.5484, 2.8571, 5.3333, 4.2105,
        4.0294, 4.4750, 5.8000, 4.9211, 5.1892, 3.9286, 5.1111, 5.5294, 4.1944,
        5.5484, 2.2105, 2.8333, 4.8108, 5.7500, 3.7941, 4.5500, 2.8438, 0.9773,
        5.4615, 5.7714, 5.7436, 5.6000, 5.9167, 4.5111, 4.2500, 2.8378, 4.4571,
        3.0811, 3.8889, 5.5938, 6.0540, 3.0625, 5.0909, 6.7500, 3.3421, 3.1000,
        4.6111, 3.7568, 2.7317, 5.4615, 3.5897, 6.0000, 4.2222, 4.1591, 5.4722,
        5.6667, 5.7778, 5.2778, 5.6364, 4.8649, 5.4000, 5.1579, 5.6500, 4.1667,
        6.7179, 5.4324, 3.4412, 3.7059, 4.4889, 4.3684, 4.5789, 3.5405, 5.7419,
        3.5938, 4.9032])]
[2019-02-26 14:50:01,823][INFO][Predicted:tensor([0., 0., 0., 0., 0., 0., 0., 0., 0., 0., 0., 0., 0., 0., 0., 0., 0., 0.,
        0., 0., 0., 0., 0., 0., 0., 0., 0., 0., 0., 0., 0., 0., 0., 0., 0., 0.,
        0., 0., 0., 0., 0., 0., 0., 0., 0., 0., 0., 0., 0., 0., 0., 0., 0., 0.,
        0., 0., 0., 0., 0., 0., 0., 0., 0., 0., 0., 0., 0., 0., 0., 0., 0., 0.,
        0., 0., 0., 0., 0., 0., 0., 0., 0., 0., 0., 0., 0., 0., 0., 0., 0., 0.,
        0., 0., 0., 0., 0., 0., 0., 0., 0., 0., 0.], grad_fn=<CatBackward>)]
[2019-02-26 14:50:16,747][INFO][epoch:1	loss:tensor(4.7122, device='cuda:0')]
[2019-02-26 14:50:17,581][INFO][LCC:tensor(nan, grad_fn=<DivBackward1>)]
[2019-02-26 14:50:17,582][INFO][Ground Truth:tensor([3.2820, 3.8378, 3.6000, 4.9730, 4.7714, 5.6829, 5.4722, 5.0769, 2.8636,
        3.1795, 4.1667, 5.3429, 3.6389, 4.8056, 3.9730, 2.4146, 4.0250, 5.6744,
        2.0789, 4.8387, 5.7500, 3.5714, 5.7500, 5.6757, 5.7179, 2.7143, 3.4318,
        4.2571, 3.5294, 5.9714, 5.7857, 3.8222, 5.5484, 2.8571, 5.3333, 4.2105,
        4.0294, 4.4750, 5.8000, 4.9211, 5.1892, 3.9286, 5.1111, 5.5294, 4.1944,
        5.5484, 2.2105, 2.8333, 4.8108, 5.7500, 3.7941, 4.5500, 2.8438, 0.9773,
        5.4615, 5.7714, 5.7436, 5.6000, 5.9167, 4.5111, 4.2500, 2.8378, 4.4571,
        3.0811, 3.8889, 5.5938, 6.0540, 3.0625, 5.0909, 6.7500, 3.3421, 3.1000,
        4.6111, 3.7568, 2.7317, 5.4615, 3.5897, 6.0000, 4.2222, 4.1591, 5.4722,
        5.6667, 5.7778, 5.2778, 5.6364, 4.8649, 5.4000, 5.1579, 5.6500, 4.1667,
        6.7179, 5.4324, 3.4412, 3.7059, 4.4889, 4.3684, 4.5789, 3.5405, 5.7419,
        3.5938, 4.9032])]
[2019-02-26 14:50:17,582][INFO][Predicted:tensor([0., 0., 0., 0., 0., 0., 0., 0., 0., 0., 0., 0., 0., 0., 0., 0., 0., 0.,
        0., 0., 0., 0., 0., 0., 0., 0., 0., 0., 0., 0., 0., 0., 0., 0., 0., 0.,
        0., 0., 0., 0., 0., 0., 0., 0., 0., 0., 0., 0., 0., 0., 0., 0., 0., 0.,
        0., 0., 0., 0., 0., 0., 0., 0., 0., 0., 0., 0., 0., 0., 0., 0., 0., 0.,
        0., 0., 0., 0., 0., 0., 0., 0., 0., 0., 0., 0., 0., 0., 0., 0., 0., 0.,
        0., 0., 0., 0., 0., 0., 0., 0., 0., 0., 0.], grad_fn=<CatBackward>)]
[2019-02-26 14:50:32,963][INFO][epoch:2	loss:tensor(4.7294, device='cuda:0')]
[2019-02-26 14:50:33,346][INFO][LCC:tensor(nan, grad_fn=<DivBackward1>)]
[2019-02-26 14:50:33,347][INFO][Ground Truth:tensor([3.2820, 3.8378, 3.6000, 4.9730, 4.7714, 5.6829, 5.4722, 5.0769, 2.8636,
        3.1795, 4.1667, 5.3429, 3.6389, 4.8056, 3.9730, 2.4146, 4.0250, 5.6744,
        2.0789, 4.8387, 5.7500, 3.5714, 5.7500, 5.6757, 5.7179, 2.7143, 3.4318,
        4.2571, 3.5294, 5.9714, 5.7857, 3.8222, 5.5484, 2.8571, 5.3333, 4.2105,
        4.0294, 4.4750, 5.8000, 4.9211, 5.1892, 3.9286, 5.1111, 5.5294, 4.1944,
        5.5484, 2.2105, 2.8333, 4.8108, 5.7500, 3.7941, 4.5500, 2.8438, 0.9773,
        5.4615, 5.7714, 5.7436, 5.6000, 5.9167, 4.5111, 4.2500, 2.8378, 4.4571,
        3.0811, 3.8889, 5.5938, 6.0540, 3.0625, 5.0909, 6.7500, 3.3421, 3.1000,
        4.6111, 3.7568, 2.7317, 5.4615, 3.5897, 6.0000, 4.2222, 4.1591, 5.4722,
        5.6667, 5.7778, 5.2778, 5.6364, 4.8649, 5.4000, 5.1579, 5.6500, 4.1667,
        6.7179, 5.4324, 3.4412, 3.7059, 4.4889, 4.3684, 4.5789, 3.5405, 5.7419,
        3.5938, 4.9032])]
[2019-02-26 14:50:33,348][INFO][Predicted:tensor([0., 0., 0., 0., 0., 0., 0., 0., 0., 0., 0., 0., 0., 0., 0., 0., 0., 0.,
        0., 0., 0., 0., 0., 0., 0., 0., 0., 0., 0., 0., 0., 0., 0., 0., 0., 0.,
        0., 0., 0., 0., 0., 0., 0., 0., 0., 0., 0., 0., 0., 0., 0., 0., 0., 0.,
        0., 0., 0., 0., 0., 0., 0., 0., 0., 0., 0., 0., 0., 0., 0., 0., 0., 0.,
        0., 0., 0., 0., 0., 0., 0., 0., 0., 0., 0., 0., 0., 0., 0., 0., 0., 0.,
        0., 0., 0., 0., 0., 0., 0., 0., 0., 0., 0.], grad_fn=<CatBackward>)]
