[2019-03-05 18:08:54,829][WARNING][Model:Try original network again.]
[2019-03-05 18:09:02,978][INFO][epoch:0	loss:tensor(6.5202, device='cuda:0')]
[2019-03-05 18:09:09,261][INFO][epoch:1	loss:tensor(6.0371, device='cuda:0')]
[2019-03-05 18:09:15,862][INFO][epoch:2	loss:tensor(5.3050, device='cuda:0')]
[2019-03-05 18:09:22,390][INFO][epoch:3	loss:tensor(4.6957, device='cuda:0')]
[2019-03-05 18:09:28,625][INFO][epoch:4	loss:tensor(5.1773, device='cuda:0')]
[2019-03-05 18:09:34,850][INFO][epoch:5	loss:tensor(4.6653, device='cuda:0')]
[2019-03-05 18:09:41,099][INFO][epoch:6	loss:tensor(4.8251, device='cuda:0')]
[2019-03-05 18:09:47,352][INFO][epoch:7	loss:tensor(4.3328, device='cuda:0')]
[2019-03-05 18:09:53,584][INFO][epoch:8	loss:tensor(4.0558, device='cuda:0')]
[2019-03-05 18:09:59,829][INFO][epoch:9	loss:tensor(4.0997, device='cuda:0')]
[2019-03-05 18:10:06,070][INFO][epoch:10	loss:tensor(3.6996, device='cuda:0')]
[2019-03-05 18:10:07,039][WARNING][LCC:tensor(0.6709)]
[2019-03-05 18:10:07,040][WARNING][SROCC:tensor(0.6335)]
[2019-03-05 18:10:13,171][INFO][epoch:11	loss:tensor(3.6670, device='cuda:0')]
[2019-03-05 18:10:19,402][INFO][epoch:12	loss:tensor(3.5991, device='cuda:0')]
[2019-03-05 18:10:25,657][INFO][epoch:13	loss:tensor(3.4290, device='cuda:0')]
[2019-03-05 18:10:31,863][INFO][epoch:14	loss:tensor(3.4703, device='cuda:0')]
[2019-03-05 18:10:38,080][INFO][epoch:15	loss:tensor(3.3348, device='cuda:0')]
[2019-03-05 18:10:44,280][INFO][epoch:16	loss:tensor(3.3462, device='cuda:0')]
[2019-03-05 18:10:50,486][INFO][epoch:17	loss:tensor(3.2303, device='cuda:0')]
[2019-03-05 18:10:56,729][INFO][epoch:18	loss:tensor(3.2798, device='cuda:0')]
[2019-03-05 18:11:02,979][INFO][epoch:19	loss:tensor(3.1770, device='cuda:0')]
[2019-03-05 18:11:09,215][INFO][epoch:20	loss:tensor(2.9501, device='cuda:0')]
[2019-03-05 18:11:10,145][WARNING][LCC:tensor(0.8033)]
[2019-03-05 18:11:10,146][WARNING][SROCC:tensor(0.7937)]
[2019-03-05 18:11:16,277][INFO][epoch:21	loss:tensor(2.9822, device='cuda:0')]
[2019-03-05 18:11:22,477][INFO][epoch:22	loss:tensor(3.0018, device='cuda:0')]
[2019-03-05 18:11:28,711][INFO][epoch:23	loss:tensor(2.8829, device='cuda:0')]
[2019-03-05 18:11:34,938][INFO][epoch:24	loss:tensor(2.7949, device='cuda:0')]
[2019-03-05 18:11:41,158][INFO][epoch:25	loss:tensor(2.9365, device='cuda:0')]
[2019-03-05 18:11:47,417][INFO][epoch:26	loss:tensor(2.8029, device='cuda:0')]
[2019-03-05 18:11:53,666][INFO][epoch:27	loss:tensor(2.7813, device='cuda:0')]
[2019-03-05 18:11:59,911][INFO][epoch:28	loss:tensor(2.9133, device='cuda:0')]
[2019-03-05 18:12:06,172][INFO][epoch:29	loss:tensor(2.6393, device='cuda:0')]
[2019-03-05 18:12:12,394][INFO][epoch:30	loss:tensor(2.7922, device='cuda:0')]
[2019-03-05 18:12:13,336][WARNING][LCC:tensor(0.8438)]
[2019-03-05 18:12:13,336][WARNING][SROCC:tensor(0.8336)]
[2019-03-05 18:12:19,500][INFO][epoch:31	loss:tensor(2.6420, device='cuda:0')]
[2019-03-05 18:12:25,719][INFO][epoch:32	loss:tensor(2.4674, device='cuda:0')]
[2019-03-05 18:12:31,994][INFO][epoch:33	loss:tensor(2.5688, device='cuda:0')]
[2019-03-05 18:12:38,253][INFO][epoch:34	loss:tensor(2.3700, device='cuda:0')]
[2019-03-05 18:12:44,472][INFO][epoch:35	loss:tensor(2.5048, device='cuda:0')]
[2019-03-05 18:12:50,725][INFO][epoch:36	loss:tensor(2.4587, device='cuda:0')]
[2019-03-05 18:12:56,968][INFO][epoch:37	loss:tensor(2.3999, device='cuda:0')]
[2019-03-05 18:13:03,211][INFO][epoch:38	loss:tensor(2.4571, device='cuda:0')]
[2019-03-05 18:13:09,422][INFO][epoch:39	loss:tensor(2.4522, device='cuda:0')]
[2019-03-05 18:13:15,686][INFO][epoch:40	loss:tensor(2.4805, device='cuda:0')]
[2019-03-05 18:13:16,630][WARNING][LCC:tensor(0.8645)]
[2019-03-05 18:13:16,630][WARNING][SROCC:tensor(0.8498)]
[2019-03-05 18:13:22,787][INFO][epoch:41	loss:tensor(2.3475, device='cuda:0')]
[2019-03-05 18:13:29,017][INFO][epoch:42	loss:tensor(2.3749, device='cuda:0')]
[2019-03-05 18:13:35,233][INFO][epoch:43	loss:tensor(2.3769, device='cuda:0')]
[2019-03-05 18:13:41,454][INFO][epoch:44	loss:tensor(2.2645, device='cuda:0')]
[2019-03-05 18:13:47,674][INFO][epoch:45	loss:tensor(2.3879, device='cuda:0')]
[2019-03-05 18:13:53,902][INFO][epoch:46	loss:tensor(2.3935, device='cuda:0')]
[2019-03-05 18:14:00,122][INFO][epoch:47	loss:tensor(2.2829, device='cuda:0')]
[2019-03-05 18:14:06,337][INFO][epoch:48	loss:tensor(2.4526, device='cuda:0')]
[2019-03-05 18:14:12,563][INFO][epoch:49	loss:tensor(2.3455, device='cuda:0')]
[2019-03-05 18:14:18,781][INFO][epoch:50	loss:tensor(3.1677, device='cuda:0')]
[2019-03-05 18:14:19,727][WARNING][LCC:tensor(0.7803)]
[2019-03-05 18:14:19,728][WARNING][SROCC:tensor(0.7550)]
[2019-03-05 18:14:19,728][WARNING][Model saved]
[2019-03-05 18:14:26,022][INFO][epoch:51	loss:tensor(3.0193, device='cuda:0')]
[2019-03-05 18:14:32,256][INFO][epoch:52	loss:tensor(2.6136, device='cuda:0')]
[2019-03-05 18:14:38,530][INFO][epoch:53	loss:tensor(2.5182, device='cuda:0')]
[2019-03-05 18:14:44,833][INFO][epoch:54	loss:tensor(2.5063, device='cuda:0')]
[2019-03-05 18:14:51,041][INFO][epoch:55	loss:tensor(2.4814, device='cuda:0')]
[2019-03-05 18:14:57,294][INFO][epoch:56	loss:tensor(2.3778, device='cuda:0')]
[2019-03-05 18:15:03,518][INFO][epoch:57	loss:tensor(2.2360, device='cuda:0')]
[2019-03-05 18:15:09,789][INFO][epoch:58	loss:tensor(2.2927, device='cuda:0')]
[2019-03-05 18:15:16,045][INFO][epoch:59	loss:tensor(2.2741, device='cuda:0')]
[2019-03-05 18:15:22,319][INFO][epoch:60	loss:tensor(2.2359, device='cuda:0')]
[2019-03-05 18:15:23,240][WARNING][LCC:tensor(0.8856)]
[2019-03-05 18:15:23,240][WARNING][SROCC:tensor(0.8738)]
[2019-03-05 18:15:29,428][INFO][epoch:61	loss:tensor(2.2413, device='cuda:0')]
[2019-03-05 18:15:35,695][INFO][epoch:62	loss:tensor(2.2583, device='cuda:0')]
[2019-03-05 18:15:41,941][INFO][epoch:63	loss:tensor(2.2035, device='cuda:0')]
[2019-03-05 18:15:48,216][INFO][epoch:64	loss:tensor(2.2238, device='cuda:0')]
[2019-03-05 18:15:54,441][INFO][epoch:65	loss:tensor(2.2427, device='cuda:0')]
[2019-03-05 18:16:00,679][INFO][epoch:66	loss:tensor(2.3344, device='cuda:0')]
[2019-03-05 18:16:06,943][INFO][epoch:67	loss:tensor(2.2384, device='cuda:0')]
[2019-03-05 18:16:13,194][INFO][epoch:68	loss:tensor(2.1491, device='cuda:0')]
[2019-03-05 18:16:19,445][INFO][epoch:69	loss:tensor(2.0980, device='cuda:0')]
[2019-03-05 18:16:25,715][INFO][epoch:70	loss:tensor(2.0878, device='cuda:0')]
[2019-03-05 18:16:26,665][WARNING][LCC:tensor(0.8722)]
[2019-03-05 18:16:26,666][WARNING][SROCC:tensor(0.8670)]
[2019-03-05 18:16:32,857][INFO][epoch:71	loss:tensor(2.2442, device='cuda:0')]
[2019-03-05 18:16:39,102][INFO][epoch:72	loss:tensor(2.0581, device='cuda:0')]
[2019-03-05 18:16:45,356][INFO][epoch:73	loss:tensor(2.0750, device='cuda:0')]
[2019-03-05 18:16:51,639][INFO][epoch:74	loss:tensor(2.0450, device='cuda:0')]
[2019-03-05 18:16:57,858][INFO][epoch:75	loss:tensor(2.1093, device='cuda:0')]
[2019-03-05 18:17:04,103][INFO][epoch:76	loss:tensor(2.0232, device='cuda:0')]
[2019-03-05 18:17:10,338][INFO][epoch:77	loss:tensor(2.1135, device='cuda:0')]
[2019-03-05 18:17:16,587][INFO][epoch:78	loss:tensor(2.1650, device='cuda:0')]
[2019-03-05 18:17:22,840][INFO][epoch:79	loss:tensor(2.0146, device='cuda:0')]
[2019-03-05 18:17:29,093][INFO][epoch:80	loss:tensor(2.0961, device='cuda:0')]
[2019-03-05 18:17:30,018][WARNING][LCC:tensor(0.8967)]
[2019-03-05 18:17:30,019][WARNING][SROCC:tensor(0.8870)]
[2019-03-05 18:17:36,183][INFO][epoch:81	loss:tensor(2.1577, device='cuda:0')]
[2019-03-05 18:17:42,422][INFO][epoch:82	loss:tensor(2.0987, device='cuda:0')]
[2019-03-05 18:17:48,691][INFO][epoch:83	loss:tensor(2.0025, device='cuda:0')]
[2019-03-05 18:17:54,951][INFO][epoch:84	loss:tensor(1.9395, device='cuda:0')]
[2019-03-05 18:18:01,190][INFO][epoch:85	loss:tensor(2.0589, device='cuda:0')]
[2019-03-05 18:18:07,469][INFO][epoch:86	loss:tensor(1.9248, device='cuda:0')]
[2019-03-05 18:18:13,733][INFO][epoch:87	loss:tensor(2.1148, device='cuda:0')]
[2019-03-05 18:18:19,999][INFO][epoch:88	loss:tensor(1.9738, device='cuda:0')]
[2019-03-05 18:18:26,265][INFO][epoch:89	loss:tensor(1.9259, device='cuda:0')]
[2019-03-05 18:18:32,496][INFO][epoch:90	loss:tensor(1.8750, device='cuda:0')]
[2019-03-05 18:18:33,409][WARNING][LCC:tensor(0.8863)]
[2019-03-05 18:18:33,409][WARNING][SROCC:tensor(0.8857)]
[2019-03-05 18:18:39,572][INFO][epoch:91	loss:tensor(1.9624, device='cuda:0')]
[2019-03-05 18:18:45,822][INFO][epoch:92	loss:tensor(2.0008, device='cuda:0')]
[2019-03-05 18:18:52,101][INFO][epoch:93	loss:tensor(1.8010, device='cuda:0')]
[2019-03-05 18:18:58,359][INFO][epoch:94	loss:tensor(2.0220, device='cuda:0')]
[2019-03-05 18:19:04,605][INFO][epoch:95	loss:tensor(2.0111, device='cuda:0')]
[2019-03-05 18:19:10,843][INFO][epoch:96	loss:tensor(1.9841, device='cuda:0')]
[2019-03-05 18:19:17,086][INFO][epoch:97	loss:tensor(1.9486, device='cuda:0')]
[2019-03-05 18:19:23,322][INFO][epoch:98	loss:tensor(2.0488, device='cuda:0')]
[2019-03-05 18:19:29,567][INFO][epoch:99	loss:tensor(1.9360, device='cuda:0')]
[2019-03-05 18:19:35,812][INFO][epoch:100	loss:tensor(1.9046, device='cuda:0')]
[2019-03-05 18:19:36,724][WARNING][LCC:tensor(0.8898)]
[2019-03-05 18:19:36,725][WARNING][SROCC:tensor(0.8797)]
[2019-03-05 18:19:36,725][WARNING][Model saved]
[2019-03-05 18:19:42,964][INFO][epoch:101	loss:tensor(1.9183, device='cuda:0')]
[2019-03-05 18:19:49,233][INFO][epoch:102	loss:tensor(1.8941, device='cuda:0')]
[2019-03-05 18:19:55,466][INFO][epoch:103	loss:tensor(1.7850, device='cuda:0')]
[2019-03-05 18:20:01,719][INFO][epoch:104	loss:tensor(1.8420, device='cuda:0')]
[2019-03-05 18:20:07,987][INFO][epoch:105	loss:tensor(1.8385, device='cuda:0')]
[2019-03-05 18:20:14,233][INFO][epoch:106	loss:tensor(1.8514, device='cuda:0')]
[2019-03-05 18:20:20,487][INFO][epoch:107	loss:tensor(1.8017, device='cuda:0')]
[2019-03-05 18:20:26,706][INFO][epoch:108	loss:tensor(1.8686, device='cuda:0')]
[2019-03-05 18:20:32,944][INFO][epoch:109	loss:tensor(1.9383, device='cuda:0')]
[2019-03-05 18:20:39,189][INFO][epoch:110	loss:tensor(1.9007, device='cuda:0')]
[2019-03-05 18:20:40,100][WARNING][LCC:tensor(0.8975)]
[2019-03-05 18:20:40,101][WARNING][SROCC:tensor(0.8887)]
[2019-03-05 18:20:46,255][INFO][epoch:111	loss:tensor(1.9258, device='cuda:0')]
[2019-03-05 18:20:52,491][INFO][epoch:112	loss:tensor(1.9149, device='cuda:0')]
[2019-03-05 18:20:58,759][INFO][epoch:113	loss:tensor(1.7463, device='cuda:0')]
[2019-03-05 18:21:05,000][INFO][epoch:114	loss:tensor(1.8643, device='cuda:0')]
[2019-03-05 18:21:11,225][INFO][epoch:115	loss:tensor(1.7772, device='cuda:0')]
[2019-03-05 18:21:17,491][INFO][epoch:116	loss:tensor(1.9024, device='cuda:0')]
[2019-03-05 18:21:23,734][INFO][epoch:117	loss:tensor(1.8835, device='cuda:0')]
[2019-03-05 18:21:29,996][INFO][epoch:118	loss:tensor(1.8637, device='cuda:0')]
[2019-03-05 18:21:36,259][INFO][epoch:119	loss:tensor(1.8727, device='cuda:0')]
[2019-03-05 18:21:42,490][INFO][epoch:120	loss:tensor(1.7843, device='cuda:0')]
[2019-03-05 18:21:43,423][WARNING][LCC:tensor(0.9031)]
[2019-03-05 18:21:43,424][WARNING][SROCC:tensor(0.8983)]
[2019-03-05 18:21:49,579][INFO][epoch:121	loss:tensor(1.8274, device='cuda:0')]
[2019-03-05 18:21:55,833][INFO][epoch:122	loss:tensor(1.8075, device='cuda:0')]
[2019-03-05 18:22:02,072][INFO][epoch:123	loss:tensor(1.7916, device='cuda:0')]
[2019-03-05 18:22:08,304][INFO][epoch:124	loss:tensor(1.9538, device='cuda:0')]
[2019-03-05 18:22:14,577][INFO][epoch:125	loss:tensor(1.7384, device='cuda:0')]
[2019-03-05 18:22:20,843][INFO][epoch:126	loss:tensor(1.9033, device='cuda:0')]
[2019-03-05 18:22:27,162][INFO][epoch:127	loss:tensor(1.7926, device='cuda:0')]
[2019-03-05 18:22:33,400][INFO][epoch:128	loss:tensor(1.8039, device='cuda:0')]
[2019-03-05 18:22:39,647][INFO][epoch:129	loss:tensor(1.8540, device='cuda:0')]
[2019-03-05 18:22:45,886][INFO][epoch:130	loss:tensor(1.7732, device='cuda:0')]
[2019-03-05 18:22:46,805][WARNING][LCC:tensor(0.8990)]
[2019-03-05 18:22:46,805][WARNING][SROCC:tensor(0.8904)]
[2019-03-05 18:22:52,956][INFO][epoch:131	loss:tensor(1.7366, device='cuda:0')]
[2019-03-05 18:22:59,194][INFO][epoch:132	loss:tensor(1.7734, device='cuda:0')]
[2019-03-05 18:23:05,419][INFO][epoch:133	loss:tensor(1.7908, device='cuda:0')]
[2019-03-05 18:23:11,685][INFO][epoch:134	loss:tensor(1.7890, device='cuda:0')]
[2019-03-05 18:23:17,903][INFO][epoch:135	loss:tensor(1.7574, device='cuda:0')]
[2019-03-05 18:23:24,141][INFO][epoch:136	loss:tensor(1.8337, device='cuda:0')]
[2019-03-05 18:23:30,367][INFO][epoch:137	loss:tensor(1.8634, device='cuda:0')]
[2019-03-05 18:23:36,600][INFO][epoch:138	loss:tensor(1.7119, device='cuda:0')]
[2019-03-05 18:23:42,881][INFO][epoch:139	loss:tensor(1.7455, device='cuda:0')]
[2019-03-05 18:23:49,153][INFO][epoch:140	loss:tensor(1.7693, device='cuda:0')]
[2019-03-05 18:23:50,068][WARNING][LCC:tensor(0.9076)]
[2019-03-05 18:23:50,069][WARNING][SROCC:tensor(0.8998)]
[2019-03-05 18:23:56,222][INFO][epoch:141	loss:tensor(1.6416, device='cuda:0')]
[2019-03-05 18:24:02,489][INFO][epoch:142	loss:tensor(1.6949, device='cuda:0')]
[2019-03-05 18:24:08,712][INFO][epoch:143	loss:tensor(1.7076, device='cuda:0')]
[2019-03-05 18:24:14,968][INFO][epoch:144	loss:tensor(1.8497, device='cuda:0')]
[2019-03-05 18:24:21,268][INFO][epoch:145	loss:tensor(1.7558, device='cuda:0')]
[2019-03-05 18:24:27,528][INFO][epoch:146	loss:tensor(1.7468, device='cuda:0')]
[2019-03-05 18:24:33,765][INFO][epoch:147	loss:tensor(1.7439, device='cuda:0')]
[2019-03-05 18:24:39,989][INFO][epoch:148	loss:tensor(1.7457, device='cuda:0')]
[2019-03-05 18:24:46,225][INFO][epoch:149	loss:tensor(1.6960, device='cuda:0')]
[2019-03-05 18:24:52,454][INFO][epoch:150	loss:tensor(1.7194, device='cuda:0')]
[2019-03-05 18:24:53,386][WARNING][LCC:tensor(0.8990)]
[2019-03-05 18:24:53,386][WARNING][SROCC:tensor(0.8928)]
[2019-03-05 18:24:53,386][WARNING][Model saved]
[2019-03-05 18:24:59,613][INFO][epoch:151	loss:tensor(1.6972, device='cuda:0')]
[2019-03-05 18:25:05,867][INFO][epoch:152	loss:tensor(1.7400, device='cuda:0')]
[2019-03-05 18:25:12,109][INFO][epoch:153	loss:tensor(1.7337, device='cuda:0')]
[2019-03-05 18:25:18,366][INFO][epoch:154	loss:tensor(1.6560, device='cuda:0')]
[2019-03-05 18:25:24,701][INFO][epoch:155	loss:tensor(1.7288, device='cuda:0')]
[2019-03-05 18:25:31,092][INFO][epoch:156	loss:tensor(1.8174, device='cuda:0')]
[2019-03-05 18:25:37,385][INFO][epoch:157	loss:tensor(1.6631, device='cuda:0')]
[2019-03-05 18:25:43,922][INFO][epoch:158	loss:tensor(1.6291, device='cuda:0')]
[2019-03-05 18:25:50,373][INFO][epoch:159	loss:tensor(1.6835, device='cuda:0')]
[2019-03-05 18:25:56,737][INFO][epoch:160	loss:tensor(1.7521, device='cuda:0')]
[2019-03-05 18:25:57,680][WARNING][LCC:tensor(0.9058)]
[2019-03-05 18:25:57,680][WARNING][SROCC:tensor(0.9038)]
[2019-03-05 18:26:03,916][INFO][epoch:161	loss:tensor(1.6732, device='cuda:0')]
[2019-03-05 18:26:10,285][INFO][epoch:162	loss:tensor(1.6382, device='cuda:0')]
[2019-03-05 18:26:16,563][INFO][epoch:163	loss:tensor(1.7707, device='cuda:0')]
[2019-03-05 18:26:22,853][INFO][epoch:164	loss:tensor(1.7834, device='cuda:0')]
[2019-03-05 18:26:29,168][INFO][epoch:165	loss:tensor(1.7926, device='cuda:0')]
[2019-03-05 18:26:35,483][INFO][epoch:166	loss:tensor(1.7223, device='cuda:0')]
[2019-03-05 18:26:41,765][INFO][epoch:167	loss:tensor(1.6420, device='cuda:0')]
[2019-03-05 18:26:48,037][INFO][epoch:168	loss:tensor(1.7566, device='cuda:0')]
[2019-03-05 18:26:54,332][INFO][epoch:169	loss:tensor(1.6724, device='cuda:0')]
[2019-03-05 18:27:00,644][INFO][epoch:170	loss:tensor(1.7722, device='cuda:0')]
[2019-03-05 18:27:01,587][WARNING][LCC:tensor(0.8951)]
[2019-03-05 18:27:01,588][WARNING][SROCC:tensor(0.8857)]
[2019-03-05 18:27:07,799][INFO][epoch:171	loss:tensor(1.6351, device='cuda:0')]
[2019-03-05 18:27:14,074][INFO][epoch:172	loss:tensor(1.7240, device='cuda:0')]
[2019-03-05 18:27:20,378][INFO][epoch:173	loss:tensor(1.7345, device='cuda:0')]
[2019-03-05 18:27:26,640][INFO][epoch:174	loss:tensor(1.6675, device='cuda:0')]
[2019-03-05 18:27:32,904][INFO][epoch:175	loss:tensor(1.6381, device='cuda:0')]
[2019-03-05 18:27:39,202][INFO][epoch:176	loss:tensor(1.6739, device='cuda:0')]
[2019-03-05 18:27:45,520][INFO][epoch:177	loss:tensor(1.6943, device='cuda:0')]
[2019-03-05 18:27:51,820][INFO][epoch:178	loss:tensor(1.6512, device='cuda:0')]
[2019-03-05 18:27:58,091][INFO][epoch:179	loss:tensor(1.7143, device='cuda:0')]
[2019-03-05 18:28:04,392][INFO][epoch:180	loss:tensor(1.5940, device='cuda:0')]
[2019-03-05 18:28:05,323][WARNING][LCC:tensor(0.8976)]
[2019-03-05 18:28:05,324][WARNING][SROCC:tensor(0.8906)]
[2019-03-05 18:28:11,513][INFO][epoch:181	loss:tensor(1.5699, device='cuda:0')]
[2019-03-05 18:28:17,794][INFO][epoch:182	loss:tensor(1.7153, device='cuda:0')]
[2019-03-05 18:28:24,074][INFO][epoch:183	loss:tensor(1.6704, device='cuda:0')]
[2019-03-05 18:28:30,382][INFO][epoch:184	loss:tensor(1.6663, device='cuda:0')]
[2019-03-05 18:28:36,676][INFO][epoch:185	loss:tensor(1.6205, device='cuda:0')]
[2019-03-05 18:28:42,939][INFO][epoch:186	loss:tensor(1.6341, device='cuda:0')]
[2019-03-05 18:28:49,226][INFO][epoch:187	loss:tensor(1.6869, device='cuda:0')]
[2019-03-05 18:28:55,531][INFO][epoch:188	loss:tensor(1.6296, device='cuda:0')]
[2019-03-05 18:29:01,821][INFO][epoch:189	loss:tensor(1.6726, device='cuda:0')]
[2019-03-05 18:29:08,130][INFO][epoch:190	loss:tensor(1.6378, device='cuda:0')]
[2019-03-05 18:29:09,089][WARNING][LCC:tensor(0.9087)]
[2019-03-05 18:29:09,089][WARNING][SROCC:tensor(0.9061)]
[2019-03-05 18:29:15,286][INFO][epoch:191	loss:tensor(1.5514, device='cuda:0')]
[2019-03-05 18:29:21,552][INFO][epoch:192	loss:tensor(1.6667, device='cuda:0')]
[2019-03-05 18:29:27,823][INFO][epoch:193	loss:tensor(1.6703, device='cuda:0')]
[2019-03-05 18:29:34,100][INFO][epoch:194	loss:tensor(1.6611, device='cuda:0')]
[2019-03-05 18:29:40,390][INFO][epoch:195	loss:tensor(1.6514, device='cuda:0')]
[2019-03-05 18:29:46,636][INFO][epoch:196	loss:tensor(1.6357, device='cuda:0')]
[2019-03-05 18:29:52,904][INFO][epoch:197	loss:tensor(1.6169, device='cuda:0')]
[2019-03-05 18:29:59,175][INFO][epoch:198	loss:tensor(1.6172, device='cuda:0')]
[2019-03-05 18:30:05,494][INFO][epoch:199	loss:tensor(1.6831, device='cuda:0')]
[2019-03-05 18:30:11,826][INFO][epoch:200	loss:tensor(1.6211, device='cuda:0')]
[2019-03-05 18:30:12,766][WARNING][LCC:tensor(0.9075)]
[2019-03-05 18:30:12,766][WARNING][SROCC:tensor(0.9000)]
[2019-03-05 18:30:12,767][WARNING][Model saved]
[2019-03-05 18:30:19,036][INFO][epoch:201	loss:tensor(1.5650, device='cuda:0')]
[2019-03-05 18:30:25,347][INFO][epoch:202	loss:tensor(1.6214, device='cuda:0')]
[2019-03-05 18:30:31,618][INFO][epoch:203	loss:tensor(1.5309, device='cuda:0')]
[2019-03-05 18:30:37,890][INFO][epoch:204	loss:tensor(1.5727, device='cuda:0')]
[2019-03-05 18:30:44,164][INFO][epoch:205	loss:tensor(1.5281, device='cuda:0')]
[2019-03-05 18:30:50,428][INFO][epoch:206	loss:tensor(1.6182, device='cuda:0')]
[2019-03-05 18:30:56,731][INFO][epoch:207	loss:tensor(1.5635, device='cuda:0')]
[2019-03-05 18:31:02,975][INFO][epoch:208	loss:tensor(1.5972, device='cuda:0')]
[2019-03-05 18:31:09,265][INFO][epoch:209	loss:tensor(1.5998, device='cuda:0')]
[2019-03-05 18:31:15,523][INFO][epoch:210	loss:tensor(1.6384, device='cuda:0')]
[2019-03-05 18:31:16,456][WARNING][LCC:tensor(0.9077)]
[2019-03-05 18:31:16,457][WARNING][SROCC:tensor(0.9056)]
[2019-03-05 18:31:22,686][INFO][epoch:211	loss:tensor(1.6783, device='cuda:0')]
[2019-03-05 18:31:28,960][INFO][epoch:212	loss:tensor(1.5487, device='cuda:0')]
[2019-03-05 18:31:35,276][INFO][epoch:213	loss:tensor(1.5303, device='cuda:0')]
[2019-03-05 18:31:41,588][INFO][epoch:214	loss:tensor(1.5679, device='cuda:0')]
[2019-03-05 18:31:47,941][INFO][epoch:215	loss:tensor(1.5274, device='cuda:0')]
[2019-03-05 18:31:54,263][INFO][epoch:216	loss:tensor(1.5755, device='cuda:0')]
[2019-03-05 18:32:00,602][INFO][epoch:217	loss:tensor(1.5762, device='cuda:0')]
[2019-03-05 18:32:06,917][INFO][epoch:218	loss:tensor(1.6272, device='cuda:0')]
[2019-03-05 18:32:13,216][INFO][epoch:219	loss:tensor(1.5545, device='cuda:0')]
[2019-03-05 18:32:19,549][INFO][epoch:220	loss:tensor(1.6230, device='cuda:0')]
[2019-03-05 18:32:20,516][WARNING][LCC:tensor(0.9056)]
[2019-03-05 18:32:20,516][WARNING][SROCC:tensor(0.9039)]
[2019-03-05 18:32:26,770][INFO][epoch:221	loss:tensor(1.5777, device='cuda:0')]
[2019-03-05 18:32:33,070][INFO][epoch:222	loss:tensor(1.4566, device='cuda:0')]
[2019-03-05 18:32:39,412][INFO][epoch:223	loss:tensor(1.5864, device='cuda:0')]
[2019-03-05 18:32:45,746][INFO][epoch:224	loss:tensor(1.5100, device='cuda:0')]
[2019-03-05 18:32:52,081][INFO][epoch:225	loss:tensor(1.5071, device='cuda:0')]
[2019-03-05 18:32:58,446][INFO][epoch:226	loss:tensor(1.5119, device='cuda:0')]
[2019-03-05 18:33:04,775][INFO][epoch:227	loss:tensor(1.6016, device='cuda:0')]
[2019-03-05 18:33:11,113][INFO][epoch:228	loss:tensor(1.6110, device='cuda:0')]
[2019-03-05 18:33:17,429][INFO][epoch:229	loss:tensor(1.5690, device='cuda:0')]
[2019-03-05 18:33:23,783][INFO][epoch:230	loss:tensor(1.4877, device='cuda:0')]
[2019-03-05 18:33:24,736][WARNING][LCC:tensor(0.9163)]
[2019-03-05 18:33:24,736][WARNING][SROCC:tensor(0.9119)]
[2019-03-05 18:33:30,992][INFO][epoch:231	loss:tensor(1.5309, device='cuda:0')]
[2019-03-05 18:33:37,313][INFO][epoch:232	loss:tensor(1.4998, device='cuda:0')]
[2019-03-05 18:33:43,639][INFO][epoch:233	loss:tensor(1.5014, device='cuda:0')]
[2019-03-05 18:33:49,980][INFO][epoch:234	loss:tensor(1.5345, device='cuda:0')]
[2019-03-05 18:33:56,317][INFO][epoch:235	loss:tensor(1.5230, device='cuda:0')]
[2019-03-05 18:34:02,658][INFO][epoch:236	loss:tensor(1.4517, device='cuda:0')]
[2019-03-05 18:34:08,972][INFO][epoch:237	loss:tensor(1.4977, device='cuda:0')]
[2019-03-05 18:34:15,350][INFO][epoch:238	loss:tensor(1.5141, device='cuda:0')]
[2019-03-05 18:34:21,667][INFO][epoch:239	loss:tensor(1.5908, device='cuda:0')]
[2019-03-05 18:34:28,000][INFO][epoch:240	loss:tensor(1.5691, device='cuda:0')]
[2019-03-05 18:34:28,977][WARNING][LCC:tensor(0.9104)]
[2019-03-05 18:34:28,977][WARNING][SROCC:tensor(0.9000)]
[2019-03-05 18:34:35,217][INFO][epoch:241	loss:tensor(1.5782, device='cuda:0')]
[2019-03-05 18:34:41,552][INFO][epoch:242	loss:tensor(1.5538, device='cuda:0')]
[2019-03-05 18:34:47,903][INFO][epoch:243	loss:tensor(1.6300, device='cuda:0')]
[2019-03-05 18:34:54,263][INFO][epoch:244	loss:tensor(1.4839, device='cuda:0')]
[2019-03-05 18:35:00,595][INFO][epoch:245	loss:tensor(1.6017, device='cuda:0')]
[2019-03-05 18:35:06,912][INFO][epoch:246	loss:tensor(1.4771, device='cuda:0')]
[2019-03-05 18:35:13,250][INFO][epoch:247	loss:tensor(1.5846, device='cuda:0')]
[2019-03-05 18:35:19,576][INFO][epoch:248	loss:tensor(1.5337, device='cuda:0')]
[2019-03-05 18:35:25,898][INFO][epoch:249	loss:tensor(1.5520, device='cuda:0')]
[2019-03-05 18:35:32,216][INFO][epoch:250	loss:tensor(1.4438, device='cuda:0')]
[2019-03-05 18:35:33,168][WARNING][LCC:tensor(0.8970)]
[2019-03-05 18:35:33,169][WARNING][SROCC:tensor(0.8924)]
[2019-03-05 18:35:33,169][WARNING][Model saved]
[2019-03-05 18:35:39,452][INFO][epoch:251	loss:tensor(1.4850, device='cuda:0')]
[2019-03-05 18:35:45,771][INFO][epoch:252	loss:tensor(1.4882, device='cuda:0')]
[2019-03-05 18:35:52,076][INFO][epoch:253	loss:tensor(1.4833, device='cuda:0')]
[2019-03-05 18:35:58,382][INFO][epoch:254	loss:tensor(1.5210, device='cuda:0')]
[2019-03-05 18:36:04,682][INFO][epoch:255	loss:tensor(1.5247, device='cuda:0')]
[2019-03-05 18:36:11,050][INFO][epoch:256	loss:tensor(1.4364, device='cuda:0')]
[2019-03-05 18:36:17,372][INFO][epoch:257	loss:tensor(1.5265, device='cuda:0')]
[2019-03-05 18:36:23,718][INFO][epoch:258	loss:tensor(1.5182, device='cuda:0')]
[2019-03-05 18:36:30,012][INFO][epoch:259	loss:tensor(1.5198, device='cuda:0')]
[2019-03-05 18:36:36,320][INFO][epoch:260	loss:tensor(1.5051, device='cuda:0')]
[2019-03-05 18:36:37,298][WARNING][LCC:tensor(0.9053)]
[2019-03-05 18:36:37,299][WARNING][SROCC:tensor(0.8973)]
[2019-03-05 18:36:43,552][INFO][epoch:261	loss:tensor(1.4712, device='cuda:0')]
[2019-03-05 18:36:49,870][INFO][epoch:262	loss:tensor(1.4029, device='cuda:0')]
[2019-03-05 18:36:56,186][INFO][epoch:263	loss:tensor(1.4903, device='cuda:0')]
[2019-03-05 18:37:02,512][INFO][epoch:264	loss:tensor(1.4546, device='cuda:0')]
[2019-03-05 18:37:08,829][INFO][epoch:265	loss:tensor(1.4162, device='cuda:0')]
[2019-03-05 18:37:15,128][INFO][epoch:266	loss:tensor(1.5099, device='cuda:0')]
[2019-03-05 18:37:21,451][INFO][epoch:267	loss:tensor(1.5651, device='cuda:0')]
[2019-03-05 18:37:27,780][INFO][epoch:268	loss:tensor(1.5373, device='cuda:0')]
[2019-03-05 18:37:34,081][INFO][epoch:269	loss:tensor(1.4819, device='cuda:0')]
[2019-03-05 18:37:40,419][INFO][epoch:270	loss:tensor(1.6362, device='cuda:0')]
[2019-03-05 18:37:41,351][WARNING][LCC:tensor(0.9057)]
[2019-03-05 18:37:41,352][WARNING][SROCC:tensor(0.9019)]
[2019-03-05 18:37:47,606][INFO][epoch:271	loss:tensor(1.5001, device='cuda:0')]
[2019-03-05 18:37:53,936][INFO][epoch:272	loss:tensor(1.4991, device='cuda:0')]
[2019-03-05 18:38:00,269][INFO][epoch:273	loss:tensor(1.4963, device='cuda:0')]
[2019-03-05 18:38:06,628][INFO][epoch:274	loss:tensor(1.4712, device='cuda:0')]
[2019-03-05 18:38:12,936][INFO][epoch:275	loss:tensor(1.4435, device='cuda:0')]
[2019-03-05 18:38:19,243][INFO][epoch:276	loss:tensor(1.4948, device='cuda:0')]
[2019-03-05 18:38:25,571][INFO][epoch:277	loss:tensor(1.4534, device='cuda:0')]
[2019-03-05 18:38:31,908][INFO][epoch:278	loss:tensor(1.4650, device='cuda:0')]
[2019-03-05 18:38:38,207][INFO][epoch:279	loss:tensor(1.4543, device='cuda:0')]
[2019-03-05 18:38:44,513][INFO][epoch:280	loss:tensor(1.4388, device='cuda:0')]
[2019-03-05 18:38:45,452][WARNING][LCC:tensor(0.9042)]
[2019-03-05 18:38:45,453][WARNING][SROCC:tensor(0.8943)]
[2019-03-05 18:38:51,689][INFO][epoch:281	loss:tensor(1.4383, device='cuda:0')]
[2019-03-05 18:38:58,009][INFO][epoch:282	loss:tensor(1.4818, device='cuda:0')]
[2019-03-05 18:39:04,352][INFO][epoch:283	loss:tensor(1.4483, device='cuda:0')]
[2019-03-05 18:39:10,700][INFO][epoch:284	loss:tensor(1.4313, device='cuda:0')]
[2019-03-05 18:39:17,028][INFO][epoch:285	loss:tensor(1.4238, device='cuda:0')]
[2019-03-05 18:39:23,396][INFO][epoch:286	loss:tensor(1.4197, device='cuda:0')]
[2019-03-05 18:39:29,708][INFO][epoch:287	loss:tensor(1.3786, device='cuda:0')]
[2019-03-05 18:39:36,012][INFO][epoch:288	loss:tensor(1.4498, device='cuda:0')]
[2019-03-05 18:39:42,347][INFO][epoch:289	loss:tensor(1.4866, device='cuda:0')]
[2019-03-05 18:39:48,672][INFO][epoch:290	loss:tensor(1.4346, device='cuda:0')]
[2019-03-05 18:39:49,630][WARNING][LCC:tensor(0.9076)]
[2019-03-05 18:39:49,631][WARNING][SROCC:tensor(0.9004)]
[2019-03-05 18:39:55,876][INFO][epoch:291	loss:tensor(1.4827, device='cuda:0')]
[2019-03-05 18:40:02,195][INFO][epoch:292	loss:tensor(1.4835, device='cuda:0')]
[2019-03-05 18:40:08,486][INFO][epoch:293	loss:tensor(1.4036, device='cuda:0')]
[2019-03-05 18:40:14,784][INFO][epoch:294	loss:tensor(1.4103, device='cuda:0')]
[2019-03-05 18:40:21,080][INFO][epoch:295	loss:tensor(1.4102, device='cuda:0')]
[2019-03-05 18:40:27,360][INFO][epoch:296	loss:tensor(1.5320, device='cuda:0')]
[2019-03-05 18:40:33,677][INFO][epoch:297	loss:tensor(1.4090, device='cuda:0')]
[2019-03-05 18:40:39,966][INFO][epoch:298	loss:tensor(1.4188, device='cuda:0')]
[2019-03-05 18:40:46,286][INFO][epoch:299	loss:tensor(1.3966, device='cuda:0')]
[2019-03-05 18:40:52,619][INFO][epoch:300	loss:tensor(1.4021, device='cuda:0')]
[2019-03-05 18:40:53,600][WARNING][LCC:tensor(0.9092)]
[2019-03-05 18:40:53,600][WARNING][SROCC:tensor(0.9024)]
[2019-03-05 18:40:53,600][WARNING][Model saved]
[2019-03-05 18:40:59,899][INFO][epoch:301	loss:tensor(1.3768, device='cuda:0')]
[2019-03-05 18:41:06,238][INFO][epoch:302	loss:tensor(1.4108, device='cuda:0')]
[2019-03-05 18:41:12,541][INFO][epoch:303	loss:tensor(1.4148, device='cuda:0')]
[2019-03-05 18:41:18,852][INFO][epoch:304	loss:tensor(1.4628, device='cuda:0')]
[2019-03-05 18:41:25,143][INFO][epoch:305	loss:tensor(1.4207, device='cuda:0')]
[2019-03-05 18:41:31,565][INFO][epoch:306	loss:tensor(1.3553, device='cuda:0')]
[2019-03-05 18:41:37,882][INFO][epoch:307	loss:tensor(1.4620, device='cuda:0')]
[2019-03-05 18:41:44,188][INFO][epoch:308	loss:tensor(1.3967, device='cuda:0')]
[2019-03-05 18:41:50,504][INFO][epoch:309	loss:tensor(1.3990, device='cuda:0')]
[2019-03-05 18:41:56,826][INFO][epoch:310	loss:tensor(1.3833, device='cuda:0')]
[2019-03-05 18:41:57,805][WARNING][LCC:tensor(0.9064)]
[2019-03-05 18:41:57,805][WARNING][SROCC:tensor(0.9084)]
[2019-03-05 18:42:04,039][INFO][epoch:311	loss:tensor(1.3730, device='cuda:0')]
[2019-03-05 18:42:10,342][INFO][epoch:312	loss:tensor(1.4011, device='cuda:0')]
[2019-03-05 18:42:16,652][INFO][epoch:313	loss:tensor(1.4469, device='cuda:0')]
[2019-03-05 18:42:22,963][INFO][epoch:314	loss:tensor(1.4065, device='cuda:0')]
[2019-03-05 18:42:29,271][INFO][epoch:315	loss:tensor(1.3874, device='cuda:0')]
[2019-03-05 18:42:35,594][INFO][epoch:316	loss:tensor(1.4003, device='cuda:0')]
[2019-03-05 18:42:41,908][INFO][epoch:317	loss:tensor(1.4953, device='cuda:0')]
[2019-03-05 18:42:48,232][INFO][epoch:318	loss:tensor(1.4081, device='cuda:0')]
[2019-03-05 18:42:54,546][INFO][epoch:319	loss:tensor(1.3638, device='cuda:0')]
[2019-03-05 18:43:00,882][INFO][epoch:320	loss:tensor(1.3830, device='cuda:0')]
[2019-03-05 18:43:01,830][WARNING][LCC:tensor(0.8977)]
[2019-03-05 18:43:01,831][WARNING][SROCC:tensor(0.8818)]
[2019-03-05 18:43:08,072][INFO][epoch:321	loss:tensor(1.3813, device='cuda:0')]
[2019-03-05 18:43:14,434][INFO][epoch:322	loss:tensor(1.3980, device='cuda:0')]
[2019-03-05 18:43:20,763][INFO][epoch:323	loss:tensor(1.4955, device='cuda:0')]
[2019-03-05 18:43:27,088][INFO][epoch:324	loss:tensor(1.4159, device='cuda:0')]
[2019-03-05 18:43:33,378][INFO][epoch:325	loss:tensor(1.4057, device='cuda:0')]
[2019-03-05 18:43:39,677][INFO][epoch:326	loss:tensor(1.4051, device='cuda:0')]
[2019-03-05 18:43:45,973][INFO][epoch:327	loss:tensor(1.3589, device='cuda:0')]
[2019-03-05 18:43:52,290][INFO][epoch:328	loss:tensor(1.4022, device='cuda:0')]
[2019-03-05 18:43:58,606][INFO][epoch:329	loss:tensor(1.4033, device='cuda:0')]
[2019-03-05 18:44:04,936][INFO][epoch:330	loss:tensor(1.3912, device='cuda:0')]
[2019-03-05 18:44:05,878][WARNING][LCC:tensor(0.8994)]
[2019-03-05 18:44:05,878][WARNING][SROCC:tensor(0.9009)]
[2019-03-05 18:44:12,139][INFO][epoch:331	loss:tensor(1.3906, device='cuda:0')]
[2019-03-05 18:44:18,445][INFO][epoch:332	loss:tensor(1.4839, device='cuda:0')]
[2019-03-05 18:44:24,766][INFO][epoch:333	loss:tensor(1.3099, device='cuda:0')]
[2019-03-05 18:44:31,084][INFO][epoch:334	loss:tensor(1.3654, device='cuda:0')]
[2019-03-05 18:44:37,419][INFO][epoch:335	loss:tensor(1.3265, device='cuda:0')]
[2019-03-05 18:44:43,727][INFO][epoch:336	loss:tensor(1.4211, device='cuda:0')]
[2019-03-05 18:44:50,025][INFO][epoch:337	loss:tensor(1.4214, device='cuda:0')]
[2019-03-05 18:44:56,312][INFO][epoch:338	loss:tensor(1.4240, device='cuda:0')]
[2019-03-05 18:45:02,646][INFO][epoch:339	loss:tensor(1.2996, device='cuda:0')]
[2019-03-05 18:45:08,956][INFO][epoch:340	loss:tensor(1.3677, device='cuda:0')]
[2019-03-05 18:45:09,913][WARNING][LCC:tensor(0.9059)]
[2019-03-05 18:45:09,914][WARNING][SROCC:tensor(0.9023)]
[2019-03-05 18:45:16,132][INFO][epoch:341	loss:tensor(1.3621, device='cuda:0')]
[2019-03-05 18:45:22,466][INFO][epoch:342	loss:tensor(1.3719, device='cuda:0')]
[2019-03-05 18:45:28,777][INFO][epoch:343	loss:tensor(1.3772, device='cuda:0')]
[2019-03-05 18:45:35,069][INFO][epoch:344	loss:tensor(1.4428, device='cuda:0')]
[2019-03-05 18:45:41,366][INFO][epoch:345	loss:tensor(1.4845, device='cuda:0')]
[2019-03-05 18:45:47,708][INFO][epoch:346	loss:tensor(1.3675, device='cuda:0')]
[2019-03-05 18:45:54,033][INFO][epoch:347	loss:tensor(1.3577, device='cuda:0')]
[2019-03-05 18:46:00,335][INFO][epoch:348	loss:tensor(1.3502, device='cuda:0')]
[2019-03-05 18:46:06,639][INFO][epoch:349	loss:tensor(1.3553, device='cuda:0')]
[2019-03-05 18:46:12,970][INFO][epoch:350	loss:tensor(1.3543, device='cuda:0')]
[2019-03-05 18:46:13,924][WARNING][LCC:tensor(0.8978)]
[2019-03-05 18:46:13,924][WARNING][SROCC:tensor(0.8896)]
[2019-03-05 18:46:13,924][WARNING][Model saved]
[2019-03-05 18:46:20,217][INFO][epoch:351	loss:tensor(1.3632, device='cuda:0')]
[2019-03-05 18:46:26,534][INFO][epoch:352	loss:tensor(1.2565, device='cuda:0')]
[2019-03-05 18:46:32,859][INFO][epoch:353	loss:tensor(1.3336, device='cuda:0')]
[2019-03-05 18:46:39,141][INFO][epoch:354	loss:tensor(1.3604, device='cuda:0')]
[2019-03-05 18:46:45,466][INFO][epoch:355	loss:tensor(1.3308, device='cuda:0')]
[2019-03-05 18:46:51,751][INFO][epoch:356	loss:tensor(1.3946, device='cuda:0')]
[2019-03-05 18:46:58,072][INFO][epoch:357	loss:tensor(1.2933, device='cuda:0')]
[2019-03-05 18:47:04,386][INFO][epoch:358	loss:tensor(1.2768, device='cuda:0')]
[2019-03-05 18:47:10,700][INFO][epoch:359	loss:tensor(1.3853, device='cuda:0')]
[2019-03-05 18:47:17,050][INFO][epoch:360	loss:tensor(1.3451, device='cuda:0')]
[2019-03-05 18:47:17,999][WARNING][LCC:tensor(0.9025)]
[2019-03-05 18:47:17,999][WARNING][SROCC:tensor(0.8968)]
[2019-03-05 18:47:24,227][INFO][epoch:361	loss:tensor(1.3540, device='cuda:0')]
[2019-03-05 18:47:30,560][INFO][epoch:362	loss:tensor(1.3079, device='cuda:0')]
[2019-03-05 18:47:36,880][INFO][epoch:363	loss:tensor(1.2904, device='cuda:0')]
[2019-03-05 18:47:43,202][INFO][epoch:364	loss:tensor(1.3096, device='cuda:0')]
[2019-03-05 18:47:49,504][INFO][epoch:365	loss:tensor(1.4068, device='cuda:0')]
[2019-03-05 18:47:55,815][INFO][epoch:366	loss:tensor(1.2936, device='cuda:0')]
[2019-03-05 18:48:02,118][INFO][epoch:367	loss:tensor(1.3251, device='cuda:0')]
[2019-03-05 18:48:08,478][INFO][epoch:368	loss:tensor(1.3532, device='cuda:0')]
[2019-03-05 18:48:14,823][INFO][epoch:369	loss:tensor(1.3456, device='cuda:0')]
[2019-03-05 18:48:21,140][INFO][epoch:370	loss:tensor(1.3042, device='cuda:0')]
[2019-03-05 18:48:22,083][WARNING][LCC:tensor(0.9108)]
[2019-03-05 18:48:22,084][WARNING][SROCC:tensor(0.9040)]
[2019-03-05 18:48:28,304][INFO][epoch:371	loss:tensor(1.3048, device='cuda:0')]
[2019-03-05 18:48:34,623][INFO][epoch:372	loss:tensor(1.3507, device='cuda:0')]
[2019-03-05 18:48:40,952][INFO][epoch:373	loss:tensor(1.3564, device='cuda:0')]
[2019-03-05 18:48:47,290][INFO][epoch:374	loss:tensor(1.3365, device='cuda:0')]
[2019-03-05 18:48:53,612][INFO][epoch:375	loss:tensor(1.3718, device='cuda:0')]
[2019-03-05 18:48:59,915][INFO][epoch:376	loss:tensor(1.3055, device='cuda:0')]
[2019-03-05 18:49:06,226][INFO][epoch:377	loss:tensor(1.3760, device='cuda:0')]
[2019-03-05 18:49:12,548][INFO][epoch:378	loss:tensor(1.4716, device='cuda:0')]
[2019-03-05 18:49:18,855][INFO][epoch:379	loss:tensor(1.3362, device='cuda:0')]
[2019-03-05 18:49:25,157][INFO][epoch:380	loss:tensor(1.3455, device='cuda:0')]
[2019-03-05 18:49:26,121][WARNING][LCC:tensor(0.9130)]
[2019-03-05 18:49:26,122][WARNING][SROCC:tensor(0.9101)]
[2019-03-05 18:49:32,376][INFO][epoch:381	loss:tensor(1.3419, device='cuda:0')]
[2019-03-05 18:49:38,668][INFO][epoch:382	loss:tensor(1.2534, device='cuda:0')]
[2019-03-05 18:49:44,988][INFO][epoch:383	loss:tensor(1.2854, device='cuda:0')]
[2019-03-05 18:49:51,333][INFO][epoch:384	loss:tensor(1.3493, device='cuda:0')]
[2019-03-05 18:49:57,651][INFO][epoch:385	loss:tensor(1.3282, device='cuda:0')]
[2019-03-05 18:50:03,968][INFO][epoch:386	loss:tensor(1.3253, device='cuda:0')]
[2019-03-05 18:50:10,292][INFO][epoch:387	loss:tensor(1.2763, device='cuda:0')]
[2019-03-05 18:50:16,591][INFO][epoch:388	loss:tensor(1.3174, device='cuda:0')]
[2019-03-05 18:50:22,924][INFO][epoch:389	loss:tensor(1.3106, device='cuda:0')]
[2019-03-05 18:50:29,244][INFO][epoch:390	loss:tensor(1.3166, device='cuda:0')]
[2019-03-05 18:50:30,177][WARNING][LCC:tensor(0.9042)]
[2019-03-05 18:50:30,178][WARNING][SROCC:tensor(0.8977)]
[2019-03-05 18:50:36,383][INFO][epoch:391	loss:tensor(1.2764, device='cuda:0')]
[2019-03-05 18:50:42,706][INFO][epoch:392	loss:tensor(1.3462, device='cuda:0')]
[2019-03-05 18:50:49,024][INFO][epoch:393	loss:tensor(1.2690, device='cuda:0')]
[2019-03-05 18:50:55,328][INFO][epoch:394	loss:tensor(1.3403, device='cuda:0')]
[2019-03-05 18:51:01,635][INFO][epoch:395	loss:tensor(1.2850, device='cuda:0')]
[2019-03-05 18:51:07,948][INFO][epoch:396	loss:tensor(1.2658, device='cuda:0')]
[2019-03-05 18:51:14,263][INFO][epoch:397	loss:tensor(1.3368, device='cuda:0')]
[2019-03-05 18:51:20,553][INFO][epoch:398	loss:tensor(1.2899, device='cuda:0')]
[2019-03-05 18:51:26,855][INFO][epoch:399	loss:tensor(1.3580, device='cuda:0')]
[2019-03-05 18:51:33,176][INFO][epoch:400	loss:tensor(1.3141, device='cuda:0')]
[2019-03-05 18:51:34,176][WARNING][LCC:tensor(0.9086)]
[2019-03-05 18:51:34,177][WARNING][SROCC:tensor(0.9035)]
[2019-03-05 18:51:34,177][WARNING][Model saved]
[2019-03-05 18:51:40,459][INFO][epoch:401	loss:tensor(1.3140, device='cuda:0')]
[2019-03-05 18:51:46,797][INFO][epoch:402	loss:tensor(1.3107, device='cuda:0')]
[2019-03-05 18:51:53,133][INFO][epoch:403	loss:tensor(1.3762, device='cuda:0')]
[2019-03-05 18:51:59,427][INFO][epoch:404	loss:tensor(1.3315, device='cuda:0')]
[2019-03-05 18:52:05,756][INFO][epoch:405	loss:tensor(1.3493, device='cuda:0')]
[2019-03-05 18:52:12,128][INFO][epoch:406	loss:tensor(1.3016, device='cuda:0')]
[2019-03-05 18:52:18,445][INFO][epoch:407	loss:tensor(1.3022, device='cuda:0')]
[2019-03-05 18:52:24,757][INFO][epoch:408	loss:tensor(1.3112, device='cuda:0')]
[2019-03-05 18:52:31,076][INFO][epoch:409	loss:tensor(1.3143, device='cuda:0')]
[2019-03-05 18:52:37,378][INFO][epoch:410	loss:tensor(1.3325, device='cuda:0')]
[2019-03-05 18:52:38,343][WARNING][LCC:tensor(0.9058)]
[2019-03-05 18:52:38,344][WARNING][SROCC:tensor(0.9036)]
[2019-03-05 18:52:44,591][INFO][epoch:411	loss:tensor(1.2832, device='cuda:0')]
[2019-03-05 18:52:50,893][INFO][epoch:412	loss:tensor(1.3063, device='cuda:0')]
[2019-03-05 18:52:57,246][INFO][epoch:413	loss:tensor(1.2239, device='cuda:0')]
[2019-03-05 18:53:03,604][INFO][epoch:414	loss:tensor(1.3333, device='cuda:0')]
[2019-03-05 18:53:09,897][INFO][epoch:415	loss:tensor(1.3468, device='cuda:0')]
[2019-03-05 18:53:16,226][INFO][epoch:416	loss:tensor(1.3290, device='cuda:0')]
[2019-03-05 18:53:22,567][INFO][epoch:417	loss:tensor(1.3353, device='cuda:0')]
[2019-03-05 18:53:28,890][INFO][epoch:418	loss:tensor(1.2516, device='cuda:0')]
[2019-03-05 18:53:35,252][INFO][epoch:419	loss:tensor(1.2913, device='cuda:0')]
[2019-03-05 18:53:41,575][INFO][epoch:420	loss:tensor(1.3431, device='cuda:0')]
[2019-03-05 18:53:42,533][WARNING][LCC:tensor(0.9122)]
[2019-03-05 18:53:42,533][WARNING][SROCC:tensor(0.9049)]
[2019-03-05 18:53:48,750][INFO][epoch:421	loss:tensor(1.2733, device='cuda:0')]
[2019-03-05 18:53:55,090][INFO][epoch:422	loss:tensor(1.3520, device='cuda:0')]
[2019-03-05 18:54:01,386][INFO][epoch:423	loss:tensor(1.2594, device='cuda:0')]
[2019-03-05 18:54:07,713][INFO][epoch:424	loss:tensor(1.3539, device='cuda:0')]
[2019-03-05 18:54:14,047][INFO][epoch:425	loss:tensor(1.3000, device='cuda:0')]
[2019-03-05 18:54:20,348][INFO][epoch:426	loss:tensor(1.3331, device='cuda:0')]
[2019-03-05 18:54:26,660][INFO][epoch:427	loss:tensor(1.2963, device='cuda:0')]
[2019-03-05 18:54:32,959][INFO][epoch:428	loss:tensor(1.2905, device='cuda:0')]
[2019-03-05 18:54:39,275][INFO][epoch:429	loss:tensor(1.2939, device='cuda:0')]
[2019-03-05 18:54:45,593][INFO][epoch:430	loss:tensor(1.2224, device='cuda:0')]
[2019-03-05 18:54:46,540][WARNING][LCC:tensor(0.9166)]
[2019-03-05 18:54:46,540][WARNING][SROCC:tensor(0.9147)]
[2019-03-05 18:54:52,757][INFO][epoch:431	loss:tensor(1.2641, device='cuda:0')]
[2019-03-05 18:54:59,082][INFO][epoch:432	loss:tensor(1.3441, device='cuda:0')]
[2019-03-05 18:55:05,397][INFO][epoch:433	loss:tensor(1.2995, device='cuda:0')]
[2019-03-05 18:55:11,675][INFO][epoch:434	loss:tensor(1.3757, device='cuda:0')]
[2019-03-05 18:55:17,984][INFO][epoch:435	loss:tensor(1.2678, device='cuda:0')]
[2019-03-05 18:55:24,315][INFO][epoch:436	loss:tensor(1.2297, device='cuda:0')]
[2019-03-05 18:55:30,674][INFO][epoch:437	loss:tensor(1.3775, device='cuda:0')]
[2019-03-05 18:55:36,981][INFO][epoch:438	loss:tensor(1.2735, device='cuda:0')]
[2019-03-05 18:55:43,301][INFO][epoch:439	loss:tensor(1.2296, device='cuda:0')]
[2019-03-05 18:55:49,625][INFO][epoch:440	loss:tensor(1.3448, device='cuda:0')]
[2019-03-05 18:55:50,561][WARNING][LCC:tensor(0.9086)]
[2019-03-05 18:55:50,561][WARNING][SROCC:tensor(0.9019)]
[2019-03-05 18:55:56,805][INFO][epoch:441	loss:tensor(1.2879, device='cuda:0')]
[2019-03-05 18:56:03,125][INFO][epoch:442	loss:tensor(1.2028, device='cuda:0')]
[2019-03-05 18:56:09,467][INFO][epoch:443	loss:tensor(1.2700, device='cuda:0')]
[2019-03-05 18:56:15,770][INFO][epoch:444	loss:tensor(1.2591, device='cuda:0')]
[2019-03-05 18:56:22,123][INFO][epoch:445	loss:tensor(1.2858, device='cuda:0')]
[2019-03-05 18:56:28,459][INFO][epoch:446	loss:tensor(1.2770, device='cuda:0')]
[2019-03-05 18:56:34,758][INFO][epoch:447	loss:tensor(1.3453, device='cuda:0')]
[2019-03-05 18:56:41,122][INFO][epoch:448	loss:tensor(1.2814, device='cuda:0')]
[2019-03-05 18:56:47,460][INFO][epoch:449	loss:tensor(1.2561, device='cuda:0')]
[2019-03-05 18:56:53,770][INFO][epoch:450	loss:tensor(1.1990, device='cuda:0')]
[2019-03-05 18:56:54,706][WARNING][LCC:tensor(0.9090)]
[2019-03-05 18:56:54,707][WARNING][SROCC:tensor(0.9068)]
[2019-03-05 18:56:54,707][WARNING][Model saved]
[2019-03-05 18:57:00,991][INFO][epoch:451	loss:tensor(1.2654, device='cuda:0')]
[2019-03-05 18:57:07,322][INFO][epoch:452	loss:tensor(1.2702, device='cuda:0')]
[2019-03-05 18:57:13,635][INFO][epoch:453	loss:tensor(1.2714, device='cuda:0')]
[2019-03-05 18:57:19,932][INFO][epoch:454	loss:tensor(1.2708, device='cuda:0')]
[2019-03-05 18:57:26,233][INFO][epoch:455	loss:tensor(1.2094, device='cuda:0')]
[2019-03-05 18:57:32,522][INFO][epoch:456	loss:tensor(1.2607, device='cuda:0')]
[2019-03-05 18:57:38,851][INFO][epoch:457	loss:tensor(1.2198, device='cuda:0')]
[2019-03-05 18:57:45,194][INFO][epoch:458	loss:tensor(1.2489, device='cuda:0')]
[2019-03-05 18:57:51,519][INFO][epoch:459	loss:tensor(1.2567, device='cuda:0')]
[2019-03-05 18:57:57,837][INFO][epoch:460	loss:tensor(1.2388, device='cuda:0')]
[2019-03-05 18:57:58,778][WARNING][LCC:tensor(0.9130)]
[2019-03-05 18:57:58,778][WARNING][SROCC:tensor(0.9072)]
[2019-03-05 18:58:05,025][INFO][epoch:461	loss:tensor(1.2688, device='cuda:0')]
[2019-03-05 18:58:11,318][INFO][epoch:462	loss:tensor(1.3050, device='cuda:0')]
[2019-03-05 18:58:17,641][INFO][epoch:463	loss:tensor(1.2793, device='cuda:0')]
[2019-03-05 18:58:23,988][INFO][epoch:464	loss:tensor(1.2477, device='cuda:0')]
[2019-03-05 18:58:30,299][INFO][epoch:465	loss:tensor(1.2953, device='cuda:0')]
[2019-03-05 18:58:36,618][INFO][epoch:466	loss:tensor(1.2979, device='cuda:0')]
[2019-03-05 18:58:42,950][INFO][epoch:467	loss:tensor(1.1740, device='cuda:0')]
[2019-03-05 18:58:49,258][INFO][epoch:468	loss:tensor(1.2907, device='cuda:0')]
[2019-03-05 18:58:55,592][INFO][epoch:469	loss:tensor(1.2418, device='cuda:0')]
[2019-03-05 18:59:01,929][INFO][epoch:470	loss:tensor(1.1788, device='cuda:0')]
[2019-03-05 18:59:02,903][WARNING][LCC:tensor(0.9133)]
[2019-03-05 18:59:02,903][WARNING][SROCC:tensor(0.9148)]
[2019-03-05 18:59:09,149][INFO][epoch:471	loss:tensor(1.2457, device='cuda:0')]
[2019-03-05 18:59:15,452][INFO][epoch:472	loss:tensor(1.2070, device='cuda:0')]
[2019-03-05 18:59:21,768][INFO][epoch:473	loss:tensor(1.2761, device='cuda:0')]
[2019-03-05 18:59:28,102][INFO][epoch:474	loss:tensor(1.2444, device='cuda:0')]
[2019-03-05 18:59:34,408][INFO][epoch:475	loss:tensor(1.1837, device='cuda:0')]
[2019-03-05 18:59:40,736][INFO][epoch:476	loss:tensor(1.2368, device='cuda:0')]
[2019-03-05 18:59:47,065][INFO][epoch:477	loss:tensor(1.2480, device='cuda:0')]
[2019-03-05 18:59:53,394][INFO][epoch:478	loss:tensor(1.2073, device='cuda:0')]
[2019-03-05 18:59:59,733][INFO][epoch:479	loss:tensor(1.2652, device='cuda:0')]
[2019-03-05 19:00:06,048][INFO][epoch:480	loss:tensor(1.1691, device='cuda:0')]
[2019-03-05 19:00:06,998][WARNING][LCC:tensor(0.9061)]
[2019-03-05 19:00:06,999][WARNING][SROCC:tensor(0.9032)]
[2019-03-05 19:00:13,249][INFO][epoch:481	loss:tensor(1.2351, device='cuda:0')]
[2019-03-05 19:00:19,542][INFO][epoch:482	loss:tensor(1.2045, device='cuda:0')]
[2019-03-05 19:00:25,915][INFO][epoch:483	loss:tensor(1.2085, device='cuda:0')]
[2019-03-05 19:00:32,188][INFO][epoch:484	loss:tensor(1.2602, device='cuda:0')]
[2019-03-05 19:00:38,519][INFO][epoch:485	loss:tensor(1.2662, device='cuda:0')]
[2019-03-05 19:00:44,818][INFO][epoch:486	loss:tensor(1.2283, device='cuda:0')]
[2019-03-05 19:00:51,139][INFO][epoch:487	loss:tensor(1.2646, device='cuda:0')]
[2019-03-05 19:00:57,456][INFO][epoch:488	loss:tensor(1.1822, device='cuda:0')]
[2019-03-05 19:01:03,763][INFO][epoch:489	loss:tensor(1.2233, device='cuda:0')]
[2019-03-05 19:01:10,067][INFO][epoch:490	loss:tensor(1.2320, device='cuda:0')]
[2019-03-05 19:01:11,040][WARNING][LCC:tensor(0.9074)]
[2019-03-05 19:01:11,041][WARNING][SROCC:tensor(0.9043)]
[2019-03-05 19:01:17,273][INFO][epoch:491	loss:tensor(1.2639, device='cuda:0')]
[2019-03-05 19:01:23,616][INFO][epoch:492	loss:tensor(1.2554, device='cuda:0')]
[2019-03-05 19:01:29,897][INFO][epoch:493	loss:tensor(1.2065, device='cuda:0')]
[2019-03-05 19:01:36,258][INFO][epoch:494	loss:tensor(1.2513, device='cuda:0')]
[2019-03-05 19:01:42,593][INFO][epoch:495	loss:tensor(1.3053, device='cuda:0')]
[2019-03-05 19:01:48,936][INFO][epoch:496	loss:tensor(1.2185, device='cuda:0')]
[2019-03-05 19:01:55,238][INFO][epoch:497	loss:tensor(1.2427, device='cuda:0')]
[2019-03-05 19:02:01,552][INFO][epoch:498	loss:tensor(1.2537, device='cuda:0')]
[2019-03-05 19:02:07,881][INFO][epoch:499	loss:tensor(1.3144, device='cuda:0')]
[2019-03-05 19:02:14,190][INFO][epoch:500	loss:tensor(1.2853, device='cuda:0')]
[2019-03-05 19:02:15,136][WARNING][LCC:tensor(0.9066)]
[2019-03-05 19:02:15,136][WARNING][SROCC:tensor(0.9069)]
[2019-03-05 19:02:15,137][WARNING][Model saved]
[2019-03-05 19:02:21,433][INFO][epoch:501	loss:tensor(1.2001, device='cuda:0')]
[2019-03-05 19:02:27,730][INFO][epoch:502	loss:tensor(1.2322, device='cuda:0')]
[2019-03-05 19:02:34,067][INFO][epoch:503	loss:tensor(1.1745, device='cuda:0')]
[2019-03-05 19:02:40,367][INFO][epoch:504	loss:tensor(1.1573, device='cuda:0')]
[2019-03-05 19:02:46,684][INFO][epoch:505	loss:tensor(1.2143, device='cuda:0')]
[2019-03-05 19:02:53,003][INFO][epoch:506	loss:tensor(1.2043, device='cuda:0')]
[2019-03-05 19:02:59,308][INFO][epoch:507	loss:tensor(1.1799, device='cuda:0')]
[2019-03-05 19:03:05,610][INFO][epoch:508	loss:tensor(1.2471, device='cuda:0')]
[2019-03-05 19:03:11,931][INFO][epoch:509	loss:tensor(1.2820, device='cuda:0')]
[2019-03-05 19:03:18,284][INFO][epoch:510	loss:tensor(1.2275, device='cuda:0')]
[2019-03-05 19:03:19,231][WARNING][LCC:tensor(0.9085)]
[2019-03-05 19:03:19,232][WARNING][SROCC:tensor(0.9015)]
[2019-03-05 19:03:25,482][INFO][epoch:511	loss:tensor(1.2172, device='cuda:0')]
[2019-03-05 19:03:31,819][INFO][epoch:512	loss:tensor(1.2620, device='cuda:0')]
[2019-03-05 19:03:38,199][INFO][epoch:513	loss:tensor(1.1452, device='cuda:0')]
[2019-03-05 19:03:44,492][INFO][epoch:514	loss:tensor(1.2415, device='cuda:0')]
[2019-03-05 19:03:50,793][INFO][epoch:515	loss:tensor(1.2232, device='cuda:0')]
[2019-03-05 19:03:57,166][INFO][epoch:516	loss:tensor(1.1838, device='cuda:0')]
[2019-03-05 19:04:03,472][INFO][epoch:517	loss:tensor(1.1845, device='cuda:0')]
[2019-03-05 19:04:09,789][INFO][epoch:518	loss:tensor(1.2020, device='cuda:0')]
[2019-03-05 19:04:16,104][INFO][epoch:519	loss:tensor(1.2239, device='cuda:0')]
[2019-03-05 19:04:22,436][INFO][epoch:520	loss:tensor(1.2043, device='cuda:0')]
[2019-03-05 19:04:23,364][WARNING][LCC:tensor(0.9088)]
[2019-03-05 19:04:23,365][WARNING][SROCC:tensor(0.9030)]
[2019-03-05 19:04:29,580][INFO][epoch:521	loss:tensor(1.2779, device='cuda:0')]
[2019-03-05 19:04:35,898][INFO][epoch:522	loss:tensor(1.2037, device='cuda:0')]
[2019-03-05 19:04:42,218][INFO][epoch:523	loss:tensor(1.2572, device='cuda:0')]
[2019-03-05 19:04:48,534][INFO][epoch:524	loss:tensor(1.2802, device='cuda:0')]
[2019-03-05 19:04:54,826][INFO][epoch:525	loss:tensor(1.2099, device='cuda:0')]
[2019-03-05 19:05:01,137][INFO][epoch:526	loss:tensor(1.2703, device='cuda:0')]
[2019-03-05 19:05:07,432][INFO][epoch:527	loss:tensor(1.2056, device='cuda:0')]
[2019-03-05 19:05:13,736][INFO][epoch:528	loss:tensor(1.1626, device='cuda:0')]
[2019-03-05 19:05:20,043][INFO][epoch:529	loss:tensor(1.2254, device='cuda:0')]
[2019-03-05 19:05:26,356][INFO][epoch:530	loss:tensor(1.2096, device='cuda:0')]
[2019-03-05 19:05:27,318][WARNING][LCC:tensor(0.9078)]
[2019-03-05 19:05:27,319][WARNING][SROCC:tensor(0.9050)]
[2019-03-05 19:05:33,535][INFO][epoch:531	loss:tensor(1.1081, device='cuda:0')]
[2019-03-05 19:05:39,829][INFO][epoch:532	loss:tensor(1.1941, device='cuda:0')]
[2019-03-05 19:05:46,162][INFO][epoch:533	loss:tensor(1.2236, device='cuda:0')]
[2019-03-05 19:05:52,489][INFO][epoch:534	loss:tensor(1.2150, device='cuda:0')]
[2019-03-05 19:05:58,785][INFO][epoch:535	loss:tensor(1.1942, device='cuda:0')]
[2019-03-05 19:06:05,121][INFO][epoch:536	loss:tensor(1.1720, device='cuda:0')]
[2019-03-05 19:06:11,445][INFO][epoch:537	loss:tensor(1.1727, device='cuda:0')]
[2019-03-05 19:06:17,758][INFO][epoch:538	loss:tensor(1.1895, device='cuda:0')]
[2019-03-05 19:06:24,049][INFO][epoch:539	loss:tensor(1.1638, device='cuda:0')]
[2019-03-05 19:06:30,375][INFO][epoch:540	loss:tensor(1.1743, device='cuda:0')]
[2019-03-05 19:06:31,321][WARNING][LCC:tensor(0.8983)]
[2019-03-05 19:06:31,321][WARNING][SROCC:tensor(0.8925)]
[2019-03-05 19:06:37,534][INFO][epoch:541	loss:tensor(1.1812, device='cuda:0')]
[2019-03-05 19:06:43,890][INFO][epoch:542	loss:tensor(1.2495, device='cuda:0')]
[2019-03-05 19:06:50,238][INFO][epoch:543	loss:tensor(1.2601, device='cuda:0')]
[2019-03-05 19:06:56,654][INFO][epoch:544	loss:tensor(1.2028, device='cuda:0')]
[2019-03-05 19:07:03,222][INFO][epoch:545	loss:tensor(1.2279, device='cuda:0')]
[2019-03-05 19:07:09,535][INFO][epoch:546	loss:tensor(1.2405, device='cuda:0')]
[2019-03-05 19:07:15,947][INFO][epoch:547	loss:tensor(1.2478, device='cuda:0')]
[2019-03-05 19:07:22,384][INFO][epoch:548	loss:tensor(1.1828, device='cuda:0')]
[2019-03-05 19:07:28,708][INFO][epoch:549	loss:tensor(1.1872, device='cuda:0')]
[2019-03-05 19:07:34,997][INFO][epoch:550	loss:tensor(1.2386, device='cuda:0')]
[2019-03-05 19:07:35,927][WARNING][LCC:tensor(0.9120)]
[2019-03-05 19:07:35,927][WARNING][SROCC:tensor(0.9072)]
[2019-03-05 19:07:35,928][WARNING][Model saved]
[2019-03-05 19:07:42,196][INFO][epoch:551	loss:tensor(1.2318, device='cuda:0')]
[2019-03-05 19:07:48,629][INFO][epoch:552	loss:tensor(1.2573, device='cuda:0')]
[2019-03-05 19:07:54,976][INFO][epoch:553	loss:tensor(1.1463, device='cuda:0')]
[2019-03-05 19:08:01,433][INFO][epoch:554	loss:tensor(1.2039, device='cuda:0')]
[2019-03-05 19:08:07,831][INFO][epoch:555	loss:tensor(1.2082, device='cuda:0')]
[2019-03-05 19:08:21,997][INFO][epoch:556	loss:tensor(1.2286, device='cuda:0')]
[2019-03-05 19:08:28,268][INFO][epoch:557	loss:tensor(1.1956, device='cuda:0')]
[2019-03-05 19:08:34,545][INFO][epoch:558	loss:tensor(1.1541, device='cuda:0')]
[2019-03-05 19:08:41,356][INFO][epoch:559	loss:tensor(1.1871, device='cuda:0')]
[2019-03-05 19:08:47,727][INFO][epoch:560	loss:tensor(1.2010, device='cuda:0')]
[2019-03-05 19:08:52,398][WARNING][LCC:tensor(0.9076)]
[2019-03-05 19:08:52,402][WARNING][SROCC:tensor(0.9013)]
[2019-03-05 19:08:58,643][INFO][epoch:561	loss:tensor(1.1630, device='cuda:0')]
[2019-03-05 19:09:04,934][INFO][epoch:562	loss:tensor(1.1888, device='cuda:0')]
[2019-03-05 19:09:11,222][INFO][epoch:563	loss:tensor(1.2012, device='cuda:0')]
[2019-03-05 19:09:17,520][INFO][epoch:564	loss:tensor(1.1860, device='cuda:0')]
[2019-03-05 19:09:23,815][INFO][epoch:565	loss:tensor(1.1339, device='cuda:0')]
[2019-03-05 19:09:30,116][INFO][epoch:566	loss:tensor(1.2181, device='cuda:0')]
[2019-03-05 19:09:36,405][INFO][epoch:567	loss:tensor(1.2025, device='cuda:0')]
[2019-03-05 19:09:42,740][INFO][epoch:568	loss:tensor(1.1990, device='cuda:0')]
[2019-03-05 19:09:49,004][INFO][epoch:569	loss:tensor(1.2166, device='cuda:0')]
[2019-03-05 19:09:55,289][INFO][epoch:570	loss:tensor(1.1919, device='cuda:0')]
[2019-03-05 19:09:56,250][WARNING][LCC:tensor(0.8988)]
[2019-03-05 19:09:56,251][WARNING][SROCC:tensor(0.8942)]

Original Network.