[2019-02-25 23:32:34,567][INFO][epoch:0	loss:tensor(1.7185, device='cuda:0')]
[2019-02-25 23:32:35,478][INFO][LCC:tensor(0.1274, grad_fn=<DivBackward1>)]
[2019-02-25 23:32:35,479][INFO][Ground Truth:tensor([3.6667, 3.7632, 5.7692, 5.8710, 5.2500, 5.8947, 6.1316, 6.1591, 3.0278,
        3.3333, 2.4062, 3.5143, 4.8140, 5.7692, 5.4571, 5.7381, 6.7500, 3.8378,
        4.5556, 3.4857, 5.7692, 4.2571, 4.6571, 5.3077, 5.9000, 3.2564, 4.5556,
        3.4750, 4.0286, 5.4054, 3.2778, 2.1944, 0.3684, 5.5946, 3.8205, 4.2927,
        2.5000, 3.7568, 3.7632, 5.7188, 6.1613, 4.6487, 4.7500, 6.1500, 5.6250,
        5.3095, 3.8571, 5.8250, 2.5128, 3.3409, 4.8000, 5.2105, 4.3953, 2.5000,
        3.0000, 2.7027, 3.3409, 3.5000, 5.9744, 5.1389, 4.8056, 5.4250, 2.5854,
        6.2619, 3.6111, 5.8684, 3.1282, 2.3256, 2.9444, 5.9231, 3.0263, 5.7632,
        4.5405, 5.9714, 5.0244, 5.9143, 3.6923, 5.5128, 3.3488, 5.6191, 5.8649,
        4.8974, 3.4167, 5.5128, 4.3684, 5.1143, 3.0303, 5.4103, 3.7838, 5.5833,
        0.5238, 3.1282, 4.9032, 6.0500, 3.7568, 5.7778, 5.2619, 6.1667, 4.8095,
        3.5263, 5.0952])]
[2019-02-25 23:32:35,479][INFO][Predicted:tensor([4.1364, 4.1351, 4.1354, 4.1352, 4.1350, 4.1350, 4.1361, 4.1363, 4.1328,
        4.1366, 4.1359, 4.1350, 4.1349, 4.1358, 4.1366, 4.1352, 4.1356, 4.1360,
        4.1353, 4.1363, 4.1364, 4.1348, 4.1364, 4.1343, 4.1359, 4.1361, 4.1361,
        4.1363, 4.1345, 4.1359, 4.1355, 4.1348, 4.1360, 4.1363, 4.1344, 4.1343,
        4.1352, 4.1347, 4.1334, 4.1354, 4.1351, 4.1355, 4.1354, 4.1358, 4.1351,
        4.1358, 4.1315, 4.1357, 4.1351, 4.1363, 4.1362, 4.1348, 4.1354, 4.1367,
        4.1322, 4.1362, 4.1368, 4.1365, 4.1359, 4.1353, 4.1326, 4.1352, 4.1361,
        4.1356, 4.1352, 4.1358, 4.1364, 4.1356, 4.1347, 4.1355, 4.1358, 4.1358,
        4.1353, 4.1358, 4.1362, 4.1352, 4.1359, 4.1362, 4.1357, 4.1355, 4.1355,
        4.1354, 4.1332, 4.1339, 4.1358, 4.1364, 4.1315, 4.1359, 4.1327, 4.1357,
        4.1365, 4.1338, 4.1342, 4.1361, 4.1356, 4.1363, 4.1350, 4.1362, 4.1354,
        4.1342, 4.1349], grad_fn=<CatBackward>)]
[2019-02-25 23:32:50,619][INFO][epoch:1	loss:tensor(1.5830, device='cuda:0')]
[2019-02-25 23:32:51,466][INFO][LCC:tensor(0.2073, grad_fn=<DivBackward1>)]
[2019-02-25 23:32:51,467][INFO][Ground Truth:tensor([3.6667, 3.7632, 5.7692, 5.8710, 5.2500, 5.8947, 6.1316, 6.1591, 3.0278,
        3.3333, 2.4062, 3.5143, 4.8140, 5.7692, 5.4571, 5.7381, 6.7500, 3.8378,
        4.5556, 3.4857, 5.7692, 4.2571, 4.6571, 5.3077, 5.9000, 3.2564, 4.5556,
        3.4750, 4.0286, 5.4054, 3.2778, 2.1944, 0.3684, 5.5946, 3.8205, 4.2927,
        2.5000, 3.7568, 3.7632, 5.7188, 6.1613, 4.6487, 4.7500, 6.1500, 5.6250,
        5.3095, 3.8571, 5.8250, 2.5128, 3.3409, 4.8000, 5.2105, 4.3953, 2.5000,
        3.0000, 2.7027, 3.3409, 3.5000, 5.9744, 5.1389, 4.8056, 5.4250, 2.5854,
        6.2619, 3.6111, 5.8684, 3.1282, 2.3256, 2.9444, 5.9231, 3.0263, 5.7632,
        4.5405, 5.9714, 5.0244, 5.9143, 3.6923, 5.5128, 3.3488, 5.6191, 5.8649,
        4.8974, 3.4167, 5.5128, 4.3684, 5.1143, 3.0303, 5.4103, 3.7838, 5.5833,
        0.5238, 3.1282, 4.9032, 6.0500, 3.7568, 5.7778, 5.2619, 6.1667, 4.8095,
        3.5263, 5.0952])]
[2019-02-25 23:32:51,467][INFO][Predicted:tensor([4.4848, 4.4827, 4.4832, 4.4722, 4.4756, 4.4786, 4.4854, 4.4863, 4.4528,
        4.4861, 4.4800, 4.4793, 4.4745, 4.4873, 4.4909, 4.4811, 4.4879, 4.4848,
        4.4744, 4.4855, 4.4897, 4.4663, 4.4855, 4.4721, 4.4845, 4.4862, 4.4871,
        4.4859, 4.4738, 4.4855, 4.4805, 4.4761, 4.4836, 4.4883, 4.4645, 4.4778,
        4.4725, 4.4753, 4.4679, 4.4794, 4.4748, 4.4860, 4.4801, 4.4847, 4.4797,
        4.4819, 4.4593, 4.4835, 4.4735, 4.4864, 4.4896, 4.4742, 4.4804, 4.4879,
        4.4566, 4.4864, 4.4882, 4.4891, 4.4816, 4.4816, 4.4674, 4.4798, 4.4860,
        4.4799, 4.4798, 4.4821, 4.4865, 4.4784, 4.4750, 4.4837, 4.4850, 4.4817,
        4.4764, 4.4820, 4.4910, 4.4801, 4.4810, 4.4877, 4.4862, 4.4811, 4.4822,
        4.4787, 4.4671, 4.4685, 4.4831, 4.4887, 4.4667, 4.4788, 4.4685, 4.4842,
        4.4852, 4.4694, 4.4693, 4.4906, 4.4832, 4.4852, 4.4776, 4.4889, 4.4868,
        4.4692, 4.4855], grad_fn=<CatBackward>)]
[2019-02-25 23:33:06,651][INFO][epoch:2	loss:tensor(1.5806, device='cuda:0')]
[2019-02-25 23:33:07,057][INFO][LCC:tensor(0.0860, grad_fn=<DivBackward1>)]
[2019-02-25 23:33:07,057][INFO][Ground Truth:tensor([3.6667, 3.7632, 5.7692, 5.8710, 5.2500, 5.8947, 6.1316, 6.1591, 3.0278,
        3.3333, 2.4062, 3.5143, 4.8140, 5.7692, 5.4571, 5.7381, 6.7500, 3.8378,
        4.5556, 3.4857, 5.7692, 4.2571, 4.6571, 5.3077, 5.9000, 3.2564, 4.5556,
        3.4750, 4.0286, 5.4054, 3.2778, 2.1944, 0.3684, 5.5946, 3.8205, 4.2927,
        2.5000, 3.7568, 3.7632, 5.7188, 6.1613, 4.6487, 4.7500, 6.1500, 5.6250,
        5.3095, 3.8571, 5.8250, 2.5128, 3.3409, 4.8000, 5.2105, 4.3953, 2.5000,
        3.0000, 2.7027, 3.3409, 3.5000, 5.9744, 5.1389, 4.8056, 5.4250, 2.5854,
        6.2619, 3.6111, 5.8684, 3.1282, 2.3256, 2.9444, 5.9231, 3.0263, 5.7632,
        4.5405, 5.9714, 5.0244, 5.9143, 3.6923, 5.5128, 3.3488, 5.6191, 5.8649,
        4.8974, 3.4167, 5.5128, 4.3684, 5.1143, 3.0303, 5.4103, 3.7838, 5.5833,
        0.5238, 3.1282, 4.9032, 6.0500, 3.7568, 5.7778, 5.2619, 6.1667, 4.8095,
        3.5263, 5.0952])]
[2019-02-25 23:33:07,058][INFO][Predicted:tensor([4.1192, 4.1169, 4.1167, 4.1153, 4.1142, 4.1169, 4.1184, 4.1184, 4.1144,
        4.1173, 4.1163, 4.1169, 4.1160, 4.1149, 4.1193, 4.1171, 4.1190, 4.1192,
        4.1159, 4.1159, 4.1198, 4.1156, 4.1184, 4.1130, 4.1177, 4.1165, 4.1184,
        4.1177, 4.1168, 4.1180, 4.1168, 4.1166, 4.1178, 4.1186, 4.1119, 4.1154,
        4.1152, 4.1129, 4.1139, 4.1160, 4.1166, 4.1172, 4.1149, 4.1191, 4.1186,
        4.1179, 4.1149, 4.1178, 4.1153, 4.1188, 4.1188, 4.1136, 4.1166, 4.1195,
        4.1140, 4.1176, 4.1196, 4.1204, 4.1173, 4.1181, 4.1150, 4.1167, 4.1181,
        4.1171, 4.1174, 4.1172, 4.1188, 4.1170, 4.1173, 4.1179, 4.1176, 4.1177,
        4.1140, 4.1175, 4.1189, 4.1151, 4.1178, 4.1178, 4.1180, 4.1169, 4.1152,
        4.1173, 4.1166, 4.1117, 4.1168, 4.1193, 4.1158, 4.1166, 4.1126, 4.1181,
        4.1176, 4.1124, 4.1136, 4.1161, 4.1189, 4.1191, 4.1165, 4.1184, 4.1173,
        4.1123, 4.1165], grad_fn=<CatBackward>)]
[2019-02-25 23:33:22,346][INFO][epoch:3	loss:tensor(1.5839, device='cuda:0')]
[2019-02-25 23:33:22,734][INFO][LCC:tensor(0.2352, grad_fn=<DivBackward1>)]
[2019-02-25 23:33:22,735][INFO][Ground Truth:tensor([3.6667, 3.7632, 5.7692, 5.8710, 5.2500, 5.8947, 6.1316, 6.1591, 3.0278,
        3.3333, 2.4062, 3.5143, 4.8140, 5.7692, 5.4571, 5.7381, 6.7500, 3.8378,
        4.5556, 3.4857, 5.7692, 4.2571, 4.6571, 5.3077, 5.9000, 3.2564, 4.5556,
        3.4750, 4.0286, 5.4054, 3.2778, 2.1944, 0.3684, 5.5946, 3.8205, 4.2927,
        2.5000, 3.7568, 3.7632, 5.7188, 6.1613, 4.6487, 4.7500, 6.1500, 5.6250,
        5.3095, 3.8571, 5.8250, 2.5128, 3.3409, 4.8000, 5.2105, 4.3953, 2.5000,
        3.0000, 2.7027, 3.3409, 3.5000, 5.9744, 5.1389, 4.8056, 5.4250, 2.5854,
        6.2619, 3.6111, 5.8684, 3.1282, 2.3256, 2.9444, 5.9231, 3.0263, 5.7632,
        4.5405, 5.9714, 5.0244, 5.9143, 3.6923, 5.5128, 3.3488, 5.6191, 5.8649,
        4.8974, 3.4167, 5.5128, 4.3684, 5.1143, 3.0303, 5.4103, 3.7838, 5.5833,
        0.5238, 3.1282, 4.9032, 6.0500, 3.7568, 5.7778, 5.2619, 6.1667, 4.8095,
        3.5263, 5.0952])]
[2019-02-25 23:33:22,736][INFO][Predicted:tensor([4.3649, 4.3648, 4.3648, 4.3649, 4.3647, 4.3648, 4.3649, 4.3649, 4.3647,
        4.3649, 4.3649, 4.3648, 4.3647, 4.3660, 4.3652, 4.3650, 4.3652, 4.3648,
        4.3647, 4.3649, 4.3650, 4.3649, 4.3649, 4.3647, 4.3648, 4.3657, 4.3655,
        4.3649, 4.3648, 4.3649, 4.3648, 4.3648, 4.3648, 4.3655, 4.3646, 4.3647,
        4.3647, 4.3647, 4.3646, 4.3648, 4.3648, 4.3654, 4.3648, 4.3652, 4.3650,
        4.3649, 4.3649, 4.3650, 4.3648, 4.3649, 4.3654, 4.3646, 4.3648, 4.3649,
        4.3646, 4.3648, 4.3649, 4.3649, 4.3649, 4.3649, 4.3650, 4.3649, 4.3649,
        4.3648, 4.3648, 4.3649, 4.3649, 4.3648, 4.3648, 4.3648, 4.3648, 4.3649,
        4.3647, 4.3650, 4.3656, 4.3647, 4.3649, 4.3649, 4.3653, 4.3649, 4.3649,
        4.3648, 4.3647, 4.3647, 4.3649, 4.3649, 4.3651, 4.3648, 4.3646, 4.3649,
        4.3648, 4.3647, 4.3647, 4.3662, 4.3648, 4.3650, 4.3649, 4.3654, 4.3650,
        4.3647, 4.3649], grad_fn=<CatBackward>)]
[2019-02-25 23:33:37,542][INFO][epoch:4	loss:tensor(1.5812, device='cuda:0')]
[2019-02-25 23:33:37,927][INFO][LCC:tensor(-0.1852, grad_fn=<DivBackward1>)]
[2019-02-25 23:33:37,928][INFO][Ground Truth:tensor([3.6667, 3.7632, 5.7692, 5.8710, 5.2500, 5.8947, 6.1316, 6.1591, 3.0278,
        3.3333, 2.4062, 3.5143, 4.8140, 5.7692, 5.4571, 5.7381, 6.7500, 3.8378,
        4.5556, 3.4857, 5.7692, 4.2571, 4.6571, 5.3077, 5.9000, 3.2564, 4.5556,
        3.4750, 4.0286, 5.4054, 3.2778, 2.1944, 0.3684, 5.5946, 3.8205, 4.2927,
        2.5000, 3.7568, 3.7632, 5.7188, 6.1613, 4.6487, 4.7500, 6.1500, 5.6250,
        5.3095, 3.8571, 5.8250, 2.5128, 3.3409, 4.8000, 5.2105, 4.3953, 2.5000,
        3.0000, 2.7027, 3.3409, 3.5000, 5.9744, 5.1389, 4.8056, 5.4250, 2.5854,
        6.2619, 3.6111, 5.8684, 3.1282, 2.3256, 2.9444, 5.9231, 3.0263, 5.7632,
        4.5405, 5.9714, 5.0244, 5.9143, 3.6923, 5.5128, 3.3488, 5.6191, 5.8649,
        4.8974, 3.4167, 5.5128, 4.3684, 5.1143, 3.0303, 5.4103, 3.7838, 5.5833,
        0.5238, 3.1282, 4.9032, 6.0500, 3.7568, 5.7778, 5.2619, 6.1667, 4.8095,
        3.5263, 5.0952])]
[2019-02-25 23:33:37,929][INFO][Predicted:tensor([3.7584, 3.7585, 3.7585, 3.7585, 3.7586, 3.7585, 3.7584, 3.7584, 3.7586,
        3.7584, 3.7585, 3.7585, 3.7585, 3.7582, 3.7583, 3.7584, 3.7584, 3.7584,
        3.7585, 3.7585, 3.7584, 3.7585, 3.7584, 3.7586, 3.7584, 3.7583, 3.7585,
        3.7585, 3.7585, 3.7584, 3.7584, 3.7585, 3.7585, 3.7584, 3.7587, 3.7586,
        3.7585, 3.7586, 3.7586, 3.7585, 3.7585, 3.7584, 3.7585, 3.7584, 3.7584,
        3.7585, 3.7585, 3.7584, 3.7585, 3.7584, 3.7583, 3.7586, 3.7584, 3.7584,
        3.7586, 3.7585, 3.7584, 3.7585, 3.7584, 3.7584, 3.7585, 3.7585, 3.7584,
        3.7585, 3.7585, 3.7585, 3.7584, 3.7585, 3.7585, 3.7585, 3.7584, 3.7585,
        3.7586, 3.7584, 3.7583, 3.7586, 3.7584, 3.7585, 3.7584, 3.7585, 3.7584,
        3.7585, 3.7586, 3.7587, 3.7585, 3.7584, 3.7585, 3.7585, 3.7587, 3.7584,
        3.7584, 3.7587, 3.7586, 3.7582, 3.7585, 3.7584, 3.7584, 3.7584, 3.7584,
        3.7587, 3.7585], grad_fn=<CatBackward>)]
[2019-02-25 23:33:52,921][INFO][epoch:5	loss:tensor(1.5849, device='cuda:0')]
[2019-02-25 23:33:53,305][INFO][LCC:tensor(-0.1973, grad_fn=<DivBackward1>)]
[2019-02-25 23:33:53,305][INFO][Ground Truth:tensor([3.6667, 3.7632, 5.7692, 5.8710, 5.2500, 5.8947, 6.1316, 6.1591, 3.0278,
        3.3333, 2.4062, 3.5143, 4.8140, 5.7692, 5.4571, 5.7381, 6.7500, 3.8378,
        4.5556, 3.4857, 5.7692, 4.2571, 4.6571, 5.3077, 5.9000, 3.2564, 4.5556,
        3.4750, 4.0286, 5.4054, 3.2778, 2.1944, 0.3684, 5.5946, 3.8205, 4.2927,
        2.5000, 3.7568, 3.7632, 5.7188, 6.1613, 4.6487, 4.7500, 6.1500, 5.6250,
        5.3095, 3.8571, 5.8250, 2.5128, 3.3409, 4.8000, 5.2105, 4.3953, 2.5000,
        3.0000, 2.7027, 3.3409, 3.5000, 5.9744, 5.1389, 4.8056, 5.4250, 2.5854,
        6.2619, 3.6111, 5.8684, 3.1282, 2.3256, 2.9444, 5.9231, 3.0263, 5.7632,
        4.5405, 5.9714, 5.0244, 5.9143, 3.6923, 5.5128, 3.3488, 5.6191, 5.8649,
        4.8974, 3.4167, 5.5128, 4.3684, 5.1143, 3.0303, 5.4103, 3.7838, 5.5833,
        0.5238, 3.1282, 4.9032, 6.0500, 3.7568, 5.7778, 5.2619, 6.1667, 4.8095,
        3.5263, 5.0952])]
[2019-02-25 23:33:53,306][INFO][Predicted:tensor([4.3519, 4.3519, 4.3519, 4.3520, 4.3520, 4.3519, 4.3519, 4.3518, 4.3520,
        4.3519, 4.3519, 4.3519, 4.3519, 4.3517, 4.3518, 4.3519, 4.3518, 4.3519,
        4.3520, 4.3519, 4.3518, 4.3519, 4.3518, 4.3521, 4.3519, 4.3518, 4.3518,
        4.3519, 4.3519, 4.3519, 4.3519, 4.3519, 4.3519, 4.3518, 4.3521, 4.3519,
        4.3520, 4.3520, 4.3521, 4.3519, 4.3519, 4.3518, 4.3519, 4.3518, 4.3518,
        4.3519, 4.3520, 4.3518, 4.3520, 4.3519, 4.3518, 4.3520, 4.3519, 4.3519,
        4.3520, 4.3519, 4.3518, 4.3519, 4.3519, 4.3519, 4.3520, 4.3519, 4.3518,
        4.3519, 4.3519, 4.3519, 4.3519, 4.3519, 4.3519, 4.3519, 4.3519, 4.3519,
        4.3520, 4.3519, 4.3518, 4.3519, 4.3519, 4.3519, 4.3518, 4.3519, 4.3519,
        4.3519, 4.3520, 4.3521, 4.3519, 4.3519, 4.3519, 4.3519, 4.3521, 4.3519,
        4.3519, 4.3521, 4.3521, 4.3517, 4.3519, 4.3518, 4.3519, 4.3518, 4.3518,
        4.3521, 4.3519], grad_fn=<CatBackward>)]
[2019-02-25 23:34:08,126][INFO][epoch:6	loss:tensor(1.5786, device='cuda:0')]
[2019-02-25 23:34:08,527][INFO][LCC:tensor(-0.1209, grad_fn=<DivBackward1>)]
[2019-02-25 23:34:08,528][INFO][Ground Truth:tensor([3.6667, 3.7632, 5.7692, 5.8710, 5.2500, 5.8947, 6.1316, 6.1591, 3.0278,
        3.3333, 2.4062, 3.5143, 4.8140, 5.7692, 5.4571, 5.7381, 6.7500, 3.8378,
        4.5556, 3.4857, 5.7692, 4.2571, 4.6571, 5.3077, 5.9000, 3.2564, 4.5556,
        3.4750, 4.0286, 5.4054, 3.2778, 2.1944, 0.3684, 5.5946, 3.8205, 4.2927,
        2.5000, 3.7568, 3.7632, 5.7188, 6.1613, 4.6487, 4.7500, 6.1500, 5.6250,
        5.3095, 3.8571, 5.8250, 2.5128, 3.3409, 4.8000, 5.2105, 4.3953, 2.5000,
        3.0000, 2.7027, 3.3409, 3.5000, 5.9744, 5.1389, 4.8056, 5.4250, 2.5854,
        6.2619, 3.6111, 5.8684, 3.1282, 2.3256, 2.9444, 5.9231, 3.0263, 5.7632,
        4.5405, 5.9714, 5.0244, 5.9143, 3.6923, 5.5128, 3.3488, 5.6191, 5.8649,
        4.8974, 3.4167, 5.5128, 4.3684, 5.1143, 3.0303, 5.4103, 3.7838, 5.5833,
        0.5238, 3.1282, 4.9032, 6.0500, 3.7568, 5.7778, 5.2619, 6.1667, 4.8095,
        3.5263, 5.0952])]
[2019-02-25 23:34:08,528][INFO][Predicted:tensor([4.3304, 4.3304, 4.3304, 4.3304, 4.3304, 4.3304, 4.3304, 4.3304, 4.3304,
        4.3304, 4.3304, 4.3304, 4.3304, 4.3304, 4.3304, 4.3304, 4.3304, 4.3304,
        4.3304, 4.3304, 4.3304, 4.3304, 4.3304, 4.3304, 4.3304, 4.3304, 4.3304,
        4.3304, 4.3304, 4.3304, 4.3304, 4.3304, 4.3304, 4.3304, 4.3304, 4.3304,
        4.3304, 4.3304, 4.3304, 4.3304, 4.3304, 4.3304, 4.3304, 4.3304, 4.3304,
        4.3304, 4.3305, 4.3304, 4.3304, 4.3304, 4.3304, 4.3304, 4.3304, 4.3304,
        4.3304, 4.3304, 4.3304, 4.3304, 4.3304, 4.3304, 4.3304, 4.3304, 4.3304,
        4.3304, 4.3304, 4.3304, 4.3304, 4.3304, 4.3304, 4.3304, 4.3304, 4.3304,
        4.3304, 4.3304, 4.3304, 4.3304, 4.3304, 4.3304, 4.3304, 4.3304, 4.3304,
        4.3304, 4.3304, 4.3304, 4.3304, 4.3304, 4.3307, 4.3304, 4.3304, 4.3304,
        4.3304, 4.3304, 4.3304, 4.3304, 4.3304, 4.3304, 4.3304, 4.3304, 4.3304,
        4.3304, 4.3304], grad_fn=<CatBackward>)]
[2019-02-25 23:34:23,409][INFO][epoch:7	loss:tensor(1.5841, device='cuda:0')]
[2019-02-25 23:34:23,793][INFO][LCC:tensor(0.0067, grad_fn=<DivBackward1>)]
[2019-02-25 23:34:23,794][INFO][Ground Truth:tensor([3.6667, 3.7632, 5.7692, 5.8710, 5.2500, 5.8947, 6.1316, 6.1591, 3.0278,
        3.3333, 2.4062, 3.5143, 4.8140, 5.7692, 5.4571, 5.7381, 6.7500, 3.8378,
        4.5556, 3.4857, 5.7692, 4.2571, 4.6571, 5.3077, 5.9000, 3.2564, 4.5556,
        3.4750, 4.0286, 5.4054, 3.2778, 2.1944, 0.3684, 5.5946, 3.8205, 4.2927,
        2.5000, 3.7568, 3.7632, 5.7188, 6.1613, 4.6487, 4.7500, 6.1500, 5.6250,
        5.3095, 3.8571, 5.8250, 2.5128, 3.3409, 4.8000, 5.2105, 4.3953, 2.5000,
        3.0000, 2.7027, 3.3409, 3.5000, 5.9744, 5.1389, 4.8056, 5.4250, 2.5854,
        6.2619, 3.6111, 5.8684, 3.1282, 2.3256, 2.9444, 5.9231, 3.0263, 5.7632,
        4.5405, 5.9714, 5.0244, 5.9143, 3.6923, 5.5128, 3.3488, 5.6191, 5.8649,
        4.8974, 3.4167, 5.5128, 4.3684, 5.1143, 3.0303, 5.4103, 3.7838, 5.5833,
        0.5238, 3.1282, 4.9032, 6.0500, 3.7568, 5.7778, 5.2619, 6.1667, 4.8095,
        3.5263, 5.0952])]
[2019-02-25 23:34:23,794][INFO][Predicted:tensor([4.0722, 4.0722, 4.0722, 4.0722, 4.0722, 4.0722, 4.0722, 4.0722, 4.0722,
        4.0722, 4.0722, 4.0722, 4.0722, 4.0722, 4.0722, 4.0722, 4.0722, 4.0722,
        4.0722, 4.0722, 4.0722, 4.0722, 4.0722, 4.0722, 4.0722, 4.0722, 4.0722,
        4.0722, 4.0722, 4.0722, 4.0722, 4.0722, 4.0722, 4.0722, 4.0722, 4.0722,
        4.0722, 4.0722, 4.0722, 4.0722, 4.0722, 4.0722, 4.0722, 4.0722, 4.0722,
        4.0722, 4.0722, 4.0722, 4.0722, 4.0722, 4.0722, 4.0722, 4.0722, 4.0722,
        4.0722, 4.0722, 4.0722, 4.0722, 4.0722, 4.0722, 4.0722, 4.0722, 4.0722,
        4.0722, 4.0722, 4.0722, 4.0722, 4.0722, 4.0722, 4.0722, 4.0722, 4.0722,
        4.0722, 4.0722, 4.0722, 4.0722, 4.0722, 4.0722, 4.0722, 4.0722, 4.0722,
        4.0722, 4.0722, 4.0722, 4.0722, 4.0722, 4.0722, 4.0722, 4.0722, 4.0722,
        4.0722, 4.0722, 4.0722, 4.0722, 4.0722, 4.0722, 4.0722, 4.0722, 4.0722,
        4.0722, 4.0722], grad_fn=<CatBackward>)]
[2019-02-25 23:34:38,599][INFO][epoch:8	loss:tensor(1.5787, device='cuda:0')]
[2019-02-25 23:34:38,999][INFO][LCC:tensor(-0.0071, grad_fn=<DivBackward1>)]
[2019-02-25 23:34:39,000][INFO][Ground Truth:tensor([3.6667, 3.7632, 5.7692, 5.8710, 5.2500, 5.8947, 6.1316, 6.1591, 3.0278,
        3.3333, 2.4062, 3.5143, 4.8140, 5.7692, 5.4571, 5.7381, 6.7500, 3.8378,
        4.5556, 3.4857, 5.7692, 4.2571, 4.6571, 5.3077, 5.9000, 3.2564, 4.5556,
        3.4750, 4.0286, 5.4054, 3.2778, 2.1944, 0.3684, 5.5946, 3.8205, 4.2927,
        2.5000, 3.7568, 3.7632, 5.7188, 6.1613, 4.6487, 4.7500, 6.1500, 5.6250,
        5.3095, 3.8571, 5.8250, 2.5128, 3.3409, 4.8000, 5.2105, 4.3953, 2.5000,
        3.0000, 2.7027, 3.3409, 3.5000, 5.9744, 5.1389, 4.8056, 5.4250, 2.5854,
        6.2619, 3.6111, 5.8684, 3.1282, 2.3256, 2.9444, 5.9231, 3.0263, 5.7632,
        4.5405, 5.9714, 5.0244, 5.9143, 3.6923, 5.5128, 3.3488, 5.6191, 5.8649,
        4.8974, 3.4167, 5.5128, 4.3684, 5.1143, 3.0303, 5.4103, 3.7838, 5.5833,
        0.5238, 3.1282, 4.9032, 6.0500, 3.7568, 5.7778, 5.2619, 6.1667, 4.8095,
        3.5263, 5.0952])]
[2019-02-25 23:34:39,001][INFO][Predicted:tensor([3.9664, 3.9664, 3.9664, 3.9664, 3.9664, 3.9664, 3.9664, 3.9664, 3.9664,
        3.9664, 3.9664, 3.9664, 3.9664, 3.9664, 3.9664, 3.9664, 3.9664, 3.9664,
        3.9664, 3.9664, 3.9664, 3.9664, 3.9664, 3.9664, 3.9664, 3.9664, 3.9664,
        3.9664, 3.9664, 3.9664, 3.9664, 3.9664, 3.9664, 3.9664, 3.9664, 3.9664,
        3.9664, 3.9664, 3.9664, 3.9664, 3.9664, 3.9664, 3.9664, 3.9664, 3.9664,
        3.9664, 3.9664, 3.9664, 3.9664, 3.9664, 3.9664, 3.9664, 3.9664, 3.9664,
        3.9664, 3.9664, 3.9664, 3.9664, 3.9664, 3.9664, 3.9664, 3.9664, 3.9664,
        3.9664, 3.9664, 3.9664, 3.9664, 3.9664, 3.9664, 3.9664, 3.9664, 3.9664,
        3.9664, 3.9664, 3.9664, 3.9664, 3.9664, 3.9664, 3.9664, 3.9664, 3.9664,
        3.9664, 3.9664, 3.9664, 3.9664, 3.9664, 3.9664, 3.9664, 3.9664, 3.9664,
        3.9664, 3.9664, 3.9664, 3.9664, 3.9664, 3.9664, 3.9664, 3.9664, 3.9664,
        3.9664, 3.9664], grad_fn=<CatBackward>)]
[2019-02-25 23:34:53,842][INFO][epoch:9	loss:tensor(1.5808, device='cuda:0')]
[2019-02-25 23:34:54,223][INFO][LCC:tensor(-0.0000, grad_fn=<DivBackward1>)]
[2019-02-25 23:34:54,223][INFO][Ground Truth:tensor([3.6667, 3.7632, 5.7692, 5.8710, 5.2500, 5.8947, 6.1316, 6.1591, 3.0278,
        3.3333, 2.4062, 3.5143, 4.8140, 5.7692, 5.4571, 5.7381, 6.7500, 3.8378,
        4.5556, 3.4857, 5.7692, 4.2571, 4.6571, 5.3077, 5.9000, 3.2564, 4.5556,
        3.4750, 4.0286, 5.4054, 3.2778, 2.1944, 0.3684, 5.5946, 3.8205, 4.2927,
        2.5000, 3.7568, 3.7632, 5.7188, 6.1613, 4.6487, 4.7500, 6.1500, 5.6250,
        5.3095, 3.8571, 5.8250, 2.5128, 3.3409, 4.8000, 5.2105, 4.3953, 2.5000,
        3.0000, 2.7027, 3.3409, 3.5000, 5.9744, 5.1389, 4.8056, 5.4250, 2.5854,
        6.2619, 3.6111, 5.8684, 3.1282, 2.3256, 2.9444, 5.9231, 3.0263, 5.7632,
        4.5405, 5.9714, 5.0244, 5.9143, 3.6923, 5.5128, 3.3488, 5.6191, 5.8649,
        4.8974, 3.4167, 5.5128, 4.3684, 5.1143, 3.0303, 5.4103, 3.7838, 5.5833,
        0.5238, 3.1282, 4.9032, 6.0500, 3.7568, 5.7778, 5.2619, 6.1667, 4.8095,
        3.5263, 5.0952])]
[2019-02-25 23:34:54,224][INFO][Predicted:tensor([4.0344, 4.0344, 4.0344, 4.0344, 4.0344, 4.0344, 4.0344, 4.0344, 4.0344,
        4.0344, 4.0344, 4.0344, 4.0344, 4.0344, 4.0344, 4.0344, 4.0344, 4.0344,
        4.0344, 4.0344, 4.0344, 4.0344, 4.0344, 4.0344, 4.0344, 4.0344, 4.0344,
        4.0344, 4.0344, 4.0344, 4.0344, 4.0344, 4.0344, 4.0344, 4.0344, 4.0344,
        4.0344, 4.0344, 4.0344, 4.0344, 4.0344, 4.0344, 4.0344, 4.0344, 4.0344,
        4.0344, 4.0344, 4.0344, 4.0344, 4.0344, 4.0344, 4.0344, 4.0344, 4.0344,
        4.0344, 4.0344, 4.0344, 4.0344, 4.0344, 4.0344, 4.0344, 4.0344, 4.0344,
        4.0344, 4.0344, 4.0344, 4.0344, 4.0344, 4.0344, 4.0344, 4.0344, 4.0344,
        4.0344, 4.0344, 4.0344, 4.0344, 4.0344, 4.0344, 4.0344, 4.0344, 4.0344,
        4.0344, 4.0344, 4.0344, 4.0344, 4.0344, 4.0344, 4.0344, 4.0344, 4.0344,
        4.0344, 4.0344, 4.0344, 4.0344, 4.0344, 4.0344, 4.0344, 4.0344, 4.0344,
        4.0344, 4.0344], grad_fn=<CatBackward>)]
[2019-02-25 23:35:08,994][INFO][epoch:10	loss:tensor(1.5773, device='cuda:0')]
[2019-02-25 23:35:09,392][INFO][LCC:tensor(-0.0745, grad_fn=<DivBackward1>)]
[2019-02-25 23:35:09,393][INFO][Ground Truth:tensor([3.6667, 3.7632, 5.7692, 5.8710, 5.2500, 5.8947, 6.1316, 6.1591, 3.0278,
        3.3333, 2.4062, 3.5143, 4.8140, 5.7692, 5.4571, 5.7381, 6.7500, 3.8378,
        4.5556, 3.4857, 5.7692, 4.2571, 4.6571, 5.3077, 5.9000, 3.2564, 4.5556,
        3.4750, 4.0286, 5.4054, 3.2778, 2.1944, 0.3684, 5.5946, 3.8205, 4.2927,
        2.5000, 3.7568, 3.7632, 5.7188, 6.1613, 4.6487, 4.7500, 6.1500, 5.6250,
        5.3095, 3.8571, 5.8250, 2.5128, 3.3409, 4.8000, 5.2105, 4.3953, 2.5000,
        3.0000, 2.7027, 3.3409, 3.5000, 5.9744, 5.1389, 4.8056, 5.4250, 2.5854,
        6.2619, 3.6111, 5.8684, 3.1282, 2.3256, 2.9444, 5.9231, 3.0263, 5.7632,
        4.5405, 5.9714, 5.0244, 5.9143, 3.6923, 5.5128, 3.3488, 5.6191, 5.8649,
        4.8974, 3.4167, 5.5128, 4.3684, 5.1143, 3.0303, 5.4103, 3.7838, 5.5833,
        0.5238, 3.1282, 4.9032, 6.0500, 3.7568, 5.7778, 5.2619, 6.1667, 4.8095,
        3.5263, 5.0952])]
[2019-02-25 23:35:09,394][INFO][Predicted:tensor([4.2211, 4.2211, 4.2211, 4.2211, 4.2211, 4.2211, 4.2211, 4.2211, 4.2211,
        4.2211, 4.2211, 4.2211, 4.2211, 4.2211, 4.2211, 4.2211, 4.2211, 4.2211,
        4.2211, 4.2211, 4.2211, 4.2211, 4.2211, 4.2211, 4.2211, 4.2211, 4.2211,
        4.2211, 4.2211, 4.2211, 4.2211, 4.2211, 4.2211, 4.2211, 4.2211, 4.2211,
        4.2211, 4.2211, 4.2211, 4.2211, 4.2211, 4.2211, 4.2211, 4.2211, 4.2211,
        4.2211, 4.2211, 4.2211, 4.2211, 4.2211, 4.2211, 4.2211, 4.2211, 4.2211,
        4.2211, 4.2211, 4.2211, 4.2211, 4.2211, 4.2211, 4.2211, 4.2211, 4.2211,
        4.2211, 4.2211, 4.2211, 4.2211, 4.2211, 4.2211, 4.2211, 4.2211, 4.2211,
        4.2211, 4.2211, 4.2211, 4.2211, 4.2211, 4.2211, 4.2211, 4.2211, 4.2211,
        4.2211, 4.2211, 4.2211, 4.2211, 4.2211, 4.2211, 4.2211, 4.2211, 4.2211,
        4.2211, 4.2211, 4.2211, 4.2211, 4.2211, 4.2211, 4.2211, 4.2211, 4.2211,
        4.2211, 4.2211], grad_fn=<CatBackward>)]
[2019-02-25 23:35:24,203][INFO][epoch:11	loss:tensor(1.5725, device='cuda:0')]
[2019-02-25 23:35:24,599][INFO][LCC:tensor(nan, grad_fn=<DivBackward1>)]
[2019-02-25 23:35:24,600][INFO][Ground Truth:tensor([3.6667, 3.7632, 5.7692, 5.8710, 5.2500, 5.8947, 6.1316, 6.1591, 3.0278,
        3.3333, 2.4062, 3.5143, 4.8140, 5.7692, 5.4571, 5.7381, 6.7500, 3.8378,
        4.5556, 3.4857, 5.7692, 4.2571, 4.6571, 5.3077, 5.9000, 3.2564, 4.5556,
        3.4750, 4.0286, 5.4054, 3.2778, 2.1944, 0.3684, 5.5946, 3.8205, 4.2927,
        2.5000, 3.7568, 3.7632, 5.7188, 6.1613, 4.6487, 4.7500, 6.1500, 5.6250,
        5.3095, 3.8571, 5.8250, 2.5128, 3.3409, 4.8000, 5.2105, 4.3953, 2.5000,
        3.0000, 2.7027, 3.3409, 3.5000, 5.9744, 5.1389, 4.8056, 5.4250, 2.5854,
        6.2619, 3.6111, 5.8684, 3.1282, 2.3256, 2.9444, 5.9231, 3.0263, 5.7632,
        4.5405, 5.9714, 5.0244, 5.9143, 3.6923, 5.5128, 3.3488, 5.6191, 5.8649,
        4.8974, 3.4167, 5.5128, 4.3684, 5.1143, 3.0303, 5.4103, 3.7838, 5.5833,
        0.5238, 3.1282, 4.9032, 6.0500, 3.7568, 5.7778, 5.2619, 6.1667, 4.8095,
        3.5263, 5.0952])]
[2019-02-25 23:35:24,601][INFO][Predicted:tensor([4.1421, 4.1421, 4.1421, 4.1421, 4.1421, 4.1421, 4.1421, 4.1421, 4.1421,
        4.1421, 4.1421, 4.1421, 4.1421, 4.1421, 4.1421, 4.1421, 4.1421, 4.1421,
        4.1421, 4.1421, 4.1421, 4.1421, 4.1421, 4.1421, 4.1421, 4.1421, 4.1421,
        4.1421, 4.1421, 4.1421, 4.1421, 4.1421, 4.1421, 4.1421, 4.1421, 4.1421,
        4.1421, 4.1421, 4.1421, 4.1421, 4.1421, 4.1421, 4.1421, 4.1421, 4.1421,
        4.1421, 4.1421, 4.1421, 4.1421, 4.1421, 4.1421, 4.1421, 4.1421, 4.1421,
        4.1421, 4.1421, 4.1421, 4.1421, 4.1421, 4.1421, 4.1421, 4.1421, 4.1421,
        4.1421, 4.1421, 4.1421, 4.1421, 4.1421, 4.1421, 4.1421, 4.1421, 4.1421,
        4.1421, 4.1421, 4.1421, 4.1421, 4.1421, 4.1421, 4.1421, 4.1421, 4.1421,
        4.1421, 4.1421, 4.1421, 4.1421, 4.1421, 4.1421, 4.1421, 4.1421, 4.1421,
        4.1421, 4.1421, 4.1421, 4.1421, 4.1421, 4.1421, 4.1421, 4.1421, 4.1421,
        4.1421, 4.1421], grad_fn=<CatBackward>)]
[2019-02-25 23:35:39,398][INFO][epoch:12	loss:tensor(1.5863, device='cuda:0')]
[2019-02-25 23:35:39,772][INFO][LCC:tensor(-0.0595, grad_fn=<DivBackward1>)]
[2019-02-25 23:35:39,773][INFO][Ground Truth:tensor([3.6667, 3.7632, 5.7692, 5.8710, 5.2500, 5.8947, 6.1316, 6.1591, 3.0278,
        3.3333, 2.4062, 3.5143, 4.8140, 5.7692, 5.4571, 5.7381, 6.7500, 3.8378,
        4.5556, 3.4857, 5.7692, 4.2571, 4.6571, 5.3077, 5.9000, 3.2564, 4.5556,
        3.4750, 4.0286, 5.4054, 3.2778, 2.1944, 0.3684, 5.5946, 3.8205, 4.2927,
        2.5000, 3.7568, 3.7632, 5.7188, 6.1613, 4.6487, 4.7500, 6.1500, 5.6250,
        5.3095, 3.8571, 5.8250, 2.5128, 3.3409, 4.8000, 5.2105, 4.3953, 2.5000,
        3.0000, 2.7027, 3.3409, 3.5000, 5.9744, 5.1389, 4.8056, 5.4250, 2.5854,
        6.2619, 3.6111, 5.8684, 3.1282, 2.3256, 2.9444, 5.9231, 3.0263, 5.7632,
        4.5405, 5.9714, 5.0244, 5.9143, 3.6923, 5.5128, 3.3488, 5.6191, 5.8649,
        4.8974, 3.4167, 5.5128, 4.3684, 5.1143, 3.0303, 5.4103, 3.7838, 5.5833,
        0.5238, 3.1282, 4.9032, 6.0500, 3.7568, 5.7778, 5.2619, 6.1667, 4.8095,
        3.5263, 5.0952])]
[2019-02-25 23:35:39,773][INFO][Predicted:tensor([4.2583, 4.2583, 4.2583, 4.2583, 4.2583, 4.2583, 4.2583, 4.2583, 4.2583,
        4.2583, 4.2583, 4.2583, 4.2583, 4.2583, 4.2583, 4.2583, 4.2583, 4.2583,
        4.2583, 4.2583, 4.2583, 4.2583, 4.2583, 4.2583, 4.2583, 4.2583, 4.2583,
        4.2583, 4.2583, 4.2583, 4.2583, 4.2583, 4.2583, 4.2583, 4.2583, 4.2583,
        4.2583, 4.2583, 4.2583, 4.2583, 4.2583, 4.2583, 4.2583, 4.2583, 4.2583,
        4.2583, 4.2583, 4.2583, 4.2583, 4.2583, 4.2583, 4.2583, 4.2583, 4.2583,
        4.2583, 4.2583, 4.2583, 4.2583, 4.2583, 4.2583, 4.2583, 4.2583, 4.2583,
        4.2583, 4.2583, 4.2583, 4.2583, 4.2583, 4.2583, 4.2583, 4.2583, 4.2583,
        4.2583, 4.2583, 4.2583, 4.2583, 4.2583, 4.2583, 4.2583, 4.2583, 4.2583,
        4.2583, 4.2583, 4.2583, 4.2583, 4.2583, 4.2583, 4.2583, 4.2583, 4.2583,
        4.2583, 4.2583, 4.2583, 4.2583, 4.2583, 4.2583, 4.2583, 4.2583, 4.2583,
        4.2583, 4.2583], grad_fn=<CatBackward>)]
[2019-02-25 23:35:54,597][INFO][epoch:13	loss:tensor(1.5806, device='cuda:0')]
[2019-02-25 23:35:54,967][INFO][LCC:tensor(-0.0000, grad_fn=<DivBackward1>)]
[2019-02-25 23:35:54,968][INFO][Ground Truth:tensor([3.6667, 3.7632, 5.7692, 5.8710, 5.2500, 5.8947, 6.1316, 6.1591, 3.0278,
        3.3333, 2.4062, 3.5143, 4.8140, 5.7692, 5.4571, 5.7381, 6.7500, 3.8378,
        4.5556, 3.4857, 5.7692, 4.2571, 4.6571, 5.3077, 5.9000, 3.2564, 4.5556,
        3.4750, 4.0286, 5.4054, 3.2778, 2.1944, 0.3684, 5.5946, 3.8205, 4.2927,
        2.5000, 3.7568, 3.7632, 5.7188, 6.1613, 4.6487, 4.7500, 6.1500, 5.6250,
        5.3095, 3.8571, 5.8250, 2.5128, 3.3409, 4.8000, 5.2105, 4.3953, 2.5000,
        3.0000, 2.7027, 3.3409, 3.5000, 5.9744, 5.1389, 4.8056, 5.4250, 2.5854,
        6.2619, 3.6111, 5.8684, 3.1282, 2.3256, 2.9444, 5.9231, 3.0263, 5.7632,
        4.5405, 5.9714, 5.0244, 5.9143, 3.6923, 5.5128, 3.3488, 5.6191, 5.8649,
        4.8974, 3.4167, 5.5128, 4.3684, 5.1143, 3.0303, 5.4103, 3.7838, 5.5833,
        0.5238, 3.1282, 4.9032, 6.0500, 3.7568, 5.7778, 5.2619, 6.1667, 4.8095,
        3.5263, 5.0952])]
[2019-02-25 23:35:54,969][INFO][Predicted:tensor([4.8077, 4.8077, 4.8077, 4.8077, 4.8077, 4.8077, 4.8077, 4.8077, 4.8077,
        4.8077, 4.8077, 4.8077, 4.8077, 4.8077, 4.8077, 4.8077, 4.8077, 4.8077,
        4.8077, 4.8077, 4.8077, 4.8077, 4.8077, 4.8077, 4.8077, 4.8077, 4.8077,
        4.8077, 4.8077, 4.8077, 4.8077, 4.8077, 4.8077, 4.8077, 4.8077, 4.8077,
        4.8077, 4.8077, 4.8077, 4.8077, 4.8077, 4.8077, 4.8077, 4.8077, 4.8077,
        4.8077, 4.8077, 4.8077, 4.8077, 4.8077, 4.8077, 4.8077, 4.8077, 4.8077,
        4.8077, 4.8077, 4.8077, 4.8077, 4.8077, 4.8077, 4.8077, 4.8077, 4.8077,
        4.8077, 4.8077, 4.8077, 4.8077, 4.8077, 4.8077, 4.8077, 4.8077, 4.8077,
        4.8077, 4.8077, 4.8077, 4.8077, 4.8077, 4.8077, 4.8077, 4.8077, 4.8077,
        4.8077, 4.8077, 4.8077, 4.8077, 4.8077, 4.8077, 4.8077, 4.8077, 4.8077,
        4.8077, 4.8077, 4.8077, 4.8077, 4.8077, 4.8077, 4.8077, 4.8077, 4.8077,
        4.8077, 4.8077], grad_fn=<CatBackward>)]
[2019-02-25 23:36:09,747][INFO][epoch:14	loss:tensor(1.5824, device='cuda:0')]
[2019-02-25 23:36:10,125][INFO][LCC:tensor(2.4914e-07, grad_fn=<DivBackward1>)]
[2019-02-25 23:36:10,126][INFO][Ground Truth:tensor([3.6667, 3.7632, 5.7692, 5.8710, 5.2500, 5.8947, 6.1316, 6.1591, 3.0278,
        3.3333, 2.4062, 3.5143, 4.8140, 5.7692, 5.4571, 5.7381, 6.7500, 3.8378,
        4.5556, 3.4857, 5.7692, 4.2571, 4.6571, 5.3077, 5.9000, 3.2564, 4.5556,
        3.4750, 4.0286, 5.4054, 3.2778, 2.1944, 0.3684, 5.5946, 3.8205, 4.2927,
        2.5000, 3.7568, 3.7632, 5.7188, 6.1613, 4.6487, 4.7500, 6.1500, 5.6250,
        5.3095, 3.8571, 5.8250, 2.5128, 3.3409, 4.8000, 5.2105, 4.3953, 2.5000,
        3.0000, 2.7027, 3.3409, 3.5000, 5.9744, 5.1389, 4.8056, 5.4250, 2.5854,
        6.2619, 3.6111, 5.8684, 3.1282, 2.3256, 2.9444, 5.9231, 3.0263, 5.7632,
        4.5405, 5.9714, 5.0244, 5.9143, 3.6923, 5.5128, 3.3488, 5.6191, 5.8649,
        4.8974, 3.4167, 5.5128, 4.3684, 5.1143, 3.0303, 5.4103, 3.7838, 5.5833,
        0.5238, 3.1282, 4.9032, 6.0500, 3.7568, 5.7778, 5.2619, 6.1667, 4.8095,
        3.5263, 5.0952])]
[2019-02-25 23:36:10,127][INFO][Predicted:tensor([4.1084, 4.1084, 4.1084, 4.1084, 4.1084, 4.1084, 4.1084, 4.1084, 4.1084,
        4.1084, 4.1084, 4.1084, 4.1084, 4.1084, 4.1084, 4.1084, 4.1084, 4.1084,
        4.1084, 4.1084, 4.1084, 4.1084, 4.1084, 4.1084, 4.1084, 4.1084, 4.1084,
        4.1084, 4.1084, 4.1084, 4.1084, 4.1084, 4.1084, 4.1084, 4.1084, 4.1084,
        4.1084, 4.1084, 4.1084, 4.1084, 4.1084, 4.1084, 4.1084, 4.1084, 4.1084,
        4.1084, 4.1084, 4.1084, 4.1084, 4.1084, 4.1084, 4.1084, 4.1084, 4.1084,
        4.1084, 4.1084, 4.1084, 4.1084, 4.1084, 4.1084, 4.1084, 4.1084, 4.1084,
        4.1084, 4.1084, 4.1084, 4.1084, 4.1084, 4.1084, 4.1084, 4.1084, 4.1084,
        4.1084, 4.1084, 4.1084, 4.1084, 4.1084, 4.1084, 4.1084, 4.1084, 4.1084,
        4.1084, 4.1084, 4.1084, 4.1084, 4.1084, 4.1084, 4.1084, 4.1084, 4.1084,
        4.1084, 4.1084, 4.1084, 4.1084, 4.1084, 4.1084, 4.1084, 4.1084, 4.1084,
        4.1084, 4.1084], grad_fn=<CatBackward>)]
[2019-02-25 23:36:24,965][INFO][epoch:15	loss:tensor(1.5776, device='cuda:0')]
[2019-02-25 23:36:25,348][INFO][LCC:tensor(2.4914e-07, grad_fn=<DivBackward1>)]
[2019-02-25 23:36:25,349][INFO][Ground Truth:tensor([3.6667, 3.7632, 5.7692, 5.8710, 5.2500, 5.8947, 6.1316, 6.1591, 3.0278,
        3.3333, 2.4062, 3.5143, 4.8140, 5.7692, 5.4571, 5.7381, 6.7500, 3.8378,
        4.5556, 3.4857, 5.7692, 4.2571, 4.6571, 5.3077, 5.9000, 3.2564, 4.5556,
        3.4750, 4.0286, 5.4054, 3.2778, 2.1944, 0.3684, 5.5946, 3.8205, 4.2927,
        2.5000, 3.7568, 3.7632, 5.7188, 6.1613, 4.6487, 4.7500, 6.1500, 5.6250,
        5.3095, 3.8571, 5.8250, 2.5128, 3.3409, 4.8000, 5.2105, 4.3953, 2.5000,
        3.0000, 2.7027, 3.3409, 3.5000, 5.9744, 5.1389, 4.8056, 5.4250, 2.5854,
        6.2619, 3.6111, 5.8684, 3.1282, 2.3256, 2.9444, 5.9231, 3.0263, 5.7632,
        4.5405, 5.9714, 5.0244, 5.9143, 3.6923, 5.5128, 3.3488, 5.6191, 5.8649,
        4.8974, 3.4167, 5.5128, 4.3684, 5.1143, 3.0303, 5.4103, 3.7838, 5.5833,
        0.5238, 3.1282, 4.9032, 6.0500, 3.7568, 5.7778, 5.2619, 6.1667, 4.8095,
        3.5263, 5.0952])]
[2019-02-25 23:36:25,350][INFO][Predicted:tensor([4.2828, 4.2828, 4.2828, 4.2828, 4.2828, 4.2828, 4.2828, 4.2828, 4.2828,
        4.2828, 4.2828, 4.2828, 4.2828, 4.2828, 4.2828, 4.2828, 4.2828, 4.2828,
        4.2828, 4.2828, 4.2828, 4.2828, 4.2828, 4.2828, 4.2828, 4.2828, 4.2828,
        4.2828, 4.2828, 4.2828, 4.2828, 4.2828, 4.2828, 4.2828, 4.2828, 4.2828,
        4.2828, 4.2828, 4.2828, 4.2828, 4.2828, 4.2828, 4.2828, 4.2828, 4.2828,
        4.2828, 4.2828, 4.2828, 4.2828, 4.2828, 4.2828, 4.2828, 4.2828, 4.2828,
        4.2828, 4.2828, 4.2828, 4.2828, 4.2828, 4.2828, 4.2828, 4.2828, 4.2828,
        4.2828, 4.2828, 4.2828, 4.2828, 4.2828, 4.2828, 4.2828, 4.2828, 4.2828,
        4.2828, 4.2828, 4.2828, 4.2828, 4.2828, 4.2828, 4.2828, 4.2828, 4.2828,
        4.2828, 4.2828, 4.2828, 4.2828, 4.2828, 4.2828, 4.2828, 4.2828, 4.2828,
        4.2828, 4.2828, 4.2828, 4.2828, 4.2828, 4.2828, 4.2828, 4.2828, 4.2828,
        4.2828, 4.2828], grad_fn=<CatBackward>)]
[2019-02-25 23:36:40,132][INFO][epoch:16	loss:tensor(1.5843, device='cuda:0')]
[2019-02-25 23:36:40,546][INFO][LCC:tensor(-0.0000, grad_fn=<DivBackward1>)]
[2019-02-25 23:36:40,547][INFO][Ground Truth:tensor([3.6667, 3.7632, 5.7692, 5.8710, 5.2500, 5.8947, 6.1316, 6.1591, 3.0278,
        3.3333, 2.4062, 3.5143, 4.8140, 5.7692, 5.4571, 5.7381, 6.7500, 3.8378,
        4.5556, 3.4857, 5.7692, 4.2571, 4.6571, 5.3077, 5.9000, 3.2564, 4.5556,
        3.4750, 4.0286, 5.4054, 3.2778, 2.1944, 0.3684, 5.5946, 3.8205, 4.2927,
        2.5000, 3.7568, 3.7632, 5.7188, 6.1613, 4.6487, 4.7500, 6.1500, 5.6250,
        5.3095, 3.8571, 5.8250, 2.5128, 3.3409, 4.8000, 5.2105, 4.3953, 2.5000,
        3.0000, 2.7027, 3.3409, 3.5000, 5.9744, 5.1389, 4.8056, 5.4250, 2.5854,
        6.2619, 3.6111, 5.8684, 3.1282, 2.3256, 2.9444, 5.9231, 3.0263, 5.7632,
        4.5405, 5.9714, 5.0244, 5.9143, 3.6923, 5.5128, 3.3488, 5.6191, 5.8649,
        4.8974, 3.4167, 5.5128, 4.3684, 5.1143, 3.0303, 5.4103, 3.7838, 5.5833,
        0.5238, 3.1282, 4.9032, 6.0500, 3.7568, 5.7778, 5.2619, 6.1667, 4.8095,
        3.5263, 5.0952])]
[2019-02-25 23:36:40,547][INFO][Predicted:tensor([4.1334, 4.1334, 4.1334, 4.1334, 4.1334, 4.1334, 4.1334, 4.1334, 4.1334,
        4.1334, 4.1334, 4.1334, 4.1334, 4.1334, 4.1334, 4.1334, 4.1334, 4.1334,
        4.1334, 4.1334, 4.1334, 4.1334, 4.1334, 4.1334, 4.1334, 4.1334, 4.1334,
        4.1334, 4.1334, 4.1334, 4.1334, 4.1334, 4.1334, 4.1334, 4.1334, 4.1334,
        4.1334, 4.1334, 4.1334, 4.1334, 4.1334, 4.1334, 4.1334, 4.1334, 4.1334,
        4.1334, 4.1334, 4.1334, 4.1334, 4.1334, 4.1334, 4.1334, 4.1334, 4.1334,
        4.1334, 4.1334, 4.1334, 4.1334, 4.1334, 4.1334, 4.1334, 4.1334, 4.1334,
        4.1334, 4.1334, 4.1334, 4.1334, 4.1334, 4.1334, 4.1334, 4.1334, 4.1334,
        4.1334, 4.1334, 4.1334, 4.1334, 4.1334, 4.1334, 4.1334, 4.1334, 4.1334,
        4.1334, 4.1334, 4.1334, 4.1334, 4.1334, 4.1334, 4.1334, 4.1334, 4.1334,
        4.1334, 4.1334, 4.1334, 4.1334, 4.1334, 4.1334, 4.1334, 4.1334, 4.1334,
        4.1334, 4.1334], grad_fn=<CatBackward>)]
